#
# A fatal error has been detected by the Java Runtime Environment:
#
#  EXCEPTION_ACCESS_VIOLATION (0xc0000005) at pc=0x000001d9e1b5111f, pid=2240, tid=10604
#
# JRE version: OpenJDK Runtime Environment Temurin-17.0.4.1+1 (17.0.4.1+1) (build 17.0.4.1+1)
# Java VM: OpenJDK 64-Bit Server VM Temurin-17.0.4.1+1 (17.0.4.1+1, mixed mode, tiered, compressed oops, compressed class ptrs, g1 gc, windows-amd64)
# Problematic frame:
# j  org.apache.catalina.realm.RealmBase.findSecurityConstraints(Lorg/apache/catalina/connector/Request;Lorg/apache/catalina/Context;)[Lorg/apache/tomcat/util/descriptor/web/SecurityConstraint;+3
#
# No core dump will be written. Minidumps are not enabled by default on client versions of Windows
#
# If you would like to submit a bug report, please visit:
#   https://github.com/adoptium/adoptium-support/issues
#

---------------  S U M M A R Y ------------

Command Line: -XX:+ShowCodeDetailsInExceptionMessages -agentlib:jdwp=transport=dt_socket,suspend=y,address=localhost:64674 -ea -javaagent:C:\Users\BUYPC\Desktop\sts-4.16.0.RELEASE\configuration\org.eclipse.osgi\268\0\.cp\lib\javaagent-shaded.jar -Dfile.encoding=UTF-8 org.eclipse.jdt.internal.junit.runner.RemoteTestRunner -version 3 -port 64673 -testLoaderClass org.eclipse.jdt.internal.junit5.runner.JUnit5TestLoader -loaderpluginname org.eclipse.jdt.junit5.runtime -test com.yuzee.app.controller.CourseCareerOutcomeTest:TestSaveCourseCareerOutCome

Host: Intel(R) Core(TM) i7-2640M CPU @ 2.80GHz, 4 cores, 7G,  Windows 10 , 64 bit Build 19041 (10.0.19041.2251)
Time: Fri Dec  2 00:54:40 2022 Pacific Standard Time elapsed time: 56.240262 seconds (0d 0h 0m 56s)

---------------  T H R E A D  ---------------

Current thread (0x000001d9821f32a0):  JavaThread "http-nio-0.0.0.0-auto-1-exec-1" daemon [_thread_in_Java, id=10604, stack(0x0000003b06b00000,0x0000003b06c00000)]

Stack: [0x0000003b06b00000,0x0000003b06c00000],  sp=0x0000003b06bfebd0,  free space=1018k
Native frames: (J=compiled Java code, j=interpreted, Vv=VM code, C=native code)
C  0x000001d9e1b5111f


siginfo: EXCEPTION_ACCESS_VIOLATION (0xc0000005), reading address 0x000001d984654fb8


Register to memory mapping:

RIP=0x000001d9e1b5111f is at code_begin+63 in an Interpreter codelet
getstatic  178 getstatic  [0x000001d9e1b510e0, 0x000001d9e1b51560]  1152 bytes
RAX=0x0 is NULL
RBX=0x00000000000000b2 is an unknown value
RCX=
[error occurred during error reporting (printing register info), id 0xc0000005, EXCEPTION_ACCESS_VIOLATION (0xc0000005) at pc=0x00007ffa97de8e23]

Registers:
RAX=0x0000000000000000, RBX=0x00000000000000b2, RCX=0x000001d984654ad8, RDX=0x0000000000000098
RSP=0x0000003b06bfebd0, RBP=0x0000003b06bfec18, RSI=0x0000000000000001, RDI=0x0000000000000000
R8 =0x0000000000000004, R9 =0x0000000000000004, R10=0x00007ffa9834fe70, R11=0x000001d9843bf9d0
R12=0x0000000000000000, R13=0x000001d9846517e5, R14=0x0000003b06bfecd0, R15=0x000001d9821f32a0
RIP=0x000001d9e1b5111f, EFLAGS=0x0000000000010202

Top of Stack: (sp=0x0000003b06bfebd0)
0x0000003b06bfebd0:   0000003b06bfebd0 000001d9846517d3
0x0000003b06bfebe0:   0000003b06bfecd0 000001d984654ad8
0x0000003b06bfebf0:   0000000000000000 00000000840b6040
0x0000003b06bfec00:   000001d984651f80 0000000000000000
0x0000003b06bfec10:   0000003b06bfecc0 0000003b06bfed20
0x0000003b06bfec20:   000001d9e1b3b1a8 0000000000000000
0x0000003b06bfec30:   0000000000000000 0000000000000000
0x0000003b06bfec40:   0000000000000000 0000000000000000
0x0000003b06bfec50:   0000000000000000 0000000000000000
0x0000003b06bfec60:   0000000000000000 0000000000000000
0x0000003b06bfec70:   0000000000000000 0000000000000000
0x0000003b06bfec80:   0000000000000000 0000000000000000
0x0000003b06bfec90:   0000000000000000 0000000000000000
0x0000003b06bfeca0:   0000000000000000 0000000000000000
0x0000003b06bfecb0:   000000008431f390 0000000000000000
0x0000003b06bfecc0:   000000008431bf38 000000008b54dc38 

Instructions: (pc=0x000001d9e1b5111f)
0x000001d9e1b5101f:   b3 97 fa 7f 00 00 41 ff d2 48 83 c4 20 ff e0 49
0x000001d9e1b5102f:   81 7f 08 00 00 00 00 0f 84 05 00 00 00 e9 bf fe
0x000001d9e1b5103f:   fd ff 4c 8b 6d c0 4c 8b 75 c8 c3 49 ba ff 94 32
0x000001d9e1b5104f:   98 fa 7f 00 00 41 80 3a 00 0f 84 42 00 00 00 48
0x000001d9e1b5105f:   8b 55 e8 49 8b cf 48 83 ec 20 f7 c4 0f 00 00 00
0x000001d9e1b5106f:   0f 84 1a 00 00 00 48 83 ec 08 49 ba c0 c7 e9 97
0x000001d9e1b5107f:   fa 7f 00 00 41 ff d2 48 83 c4 08 e9 0d 00 00 00
0x000001d9e1b5108f:   49 ba c0 c7 e9 97 fa 7f 00 00 41 ff d2 48 83 c4
0x000001d9e1b5109f:   20 48 8b 5d f8 c9 41 5d 48 8b e3 41 ff e5 66 66
0x000001d9e1b510af:   90 00 00 00 00 00 00 00 00 00 00 00 00 00 00 00
0x000001d9e1b510bf:   00 a0 04 00 00 00 00 00 00 80 bd 0d 98 fa 7f 00
0x000001d9e1b510cf:   00 b2 00 00 00 00 00 00 00 00 00 00 00 00 00 00
0x000001d9e1b510df:   00 48 83 ec 08 c5 fa 11 04 24 e9 25 00 00 00 48
0x000001d9e1b510ef:   83 ec 10 c5 fb 11 04 24 e9 17 00 00 00 48 83 ec
0x000001d9e1b510ff:   10 48 89 04 24 48 c7 44 24 08 00 00 00 00 e9 01
0x000001d9e1b5110f:   00 00 00 50 41 0f b7 55 01 48 8b 4d d0 c1 e2 02
0x000001d9e1b5111f:   8b 5c d1 20 c1 eb 10 81 e3 ff 00 00 00 81 fb b2
0x000001d9e1b5112f:   00 00 00 0f 84 7b 01 00 00 bb b2 00 00 00 e8 05
0x000001d9e1b5113f:   00 00 00 e9 60 01 00 00 48 8b d3 48 8d 44 24 08
0x000001d9e1b5114f:   4c 89 6d c0 49 8b cf c5 f8 77 49 89 af 98 02 00
0x000001d9e1b5115f:   00 49 89 87 88 02 00 00 48 83 ec 20 f7 c4 0f 00
0x000001d9e1b5116f:   00 00 0f 84 1a 00 00 00 48 83 ec 08 49 ba f0 28
0x000001d9e1b5117f:   b4 97 fa 7f 00 00 41 ff d2 48 83 c4 08 e9 0d 00
0x000001d9e1b5118f:   00 00 49 ba f0 28 b4 97 fa 7f 00 00 41 ff d2 48
0x000001d9e1b5119f:   83 c4 20 49 c7 87 88 02 00 00 00 00 00 00 49 c7
0x000001d9e1b511af:   87 98 02 00 00 00 00 00 00 49 c7 87 90 02 00 00
0x000001d9e1b511bf:   00 00 00 00 c5 f8 77 41 8b 8f fc 03 00 00 f7 c1
0x000001d9e1b511cf:   01 00 00 00 0f 84 49 00 00 00 f7 c1 02 00 00 00
0x000001d9e1b511df:   0f 85 3d 00 00 00 48 83 ec 20 f7 c4 0f 00 00 00
0x000001d9e1b511ef:   0f 84 1a 00 00 00 48 83 ec 08 49 ba 30 cd b3 97
0x000001d9e1b511ff:   fa 7f 00 00 41 ff d2 48 83 c4 08 e9 0d 00 00 00
0x000001d9e1b5120f:   49 ba 30 cd b3 97 fa 7f 00 00 41 ff d2 48 83 c4 


Stack slot to memory mapping:
stack at sp + 0 slots: 0x0000003b06bfebd0 is pointing into the stack for thread: 0x000001d9821f32a0
stack at sp + 1 slots: 0x000001d9846517d3 is pointing into metadata
stack at sp + 2 slots: 0x0000003b06bfecd0 is pointing into the stack for thread: 0x000001d9821f32a0
stack at sp + 3 slots: 
[error occurred during error reporting (inspecting top of stack), id 0xc0000005, EXCEPTION_ACCESS_VIOLATION (0xc0000005) at pc=0x00007ffa97de8e23]

getstatic  178 getstatic  [0x000001d9e1b510e0, 0x000001d9e1b51560]  1152 bytes
[MachCode]
  0x000001d9e1b510e0: 4883 ec08 | c5fa 1104 | 24e9 2500 | 0000 4883 | ec10 c5fb | 1104 24e9 | 1700 0000 | 4883 ec10 
  0x000001d9e1b51100: 4889 0424 | 48c7 4424 | 0800 0000 | 00e9 0100 | 0000 5041 | 0fb7 5501 | 488b 4dd0 | c1e2 028b 
  0x000001d9e1b51120: 5cd1 20c1 | eb10 81e3 | ff00 0000 | 81fb b200 | 0000 0f84 | 7b01 0000 | bbb2 0000 | 00e8 0500 
  0x000001d9e1b51140: 0000 e960 | 0100 0048 | 8bd3 488d | 4424 084c | 896d c049 | 8bcf c5f8 | 7749 89af | 9802 0000 
  0x000001d9e1b51160: 4989 8788 | 0200 0048 | 83ec 20f7 | c40f 0000 | 000f 841a | 0000 0048 | 83ec 0849 | baf0 28b4 
  0x000001d9e1b51180: 97fa 7f00 | 0041 ffd2 | 4883 c408 | e90d 0000 | 0049 baf0 | 28b4 97fa | 7f00 0041 | ffd2 4883 
  0x000001d9e1b511a0: c420 49c7 | 8788 0200 | 0000 0000 | 0049 c787 | 9802 0000 | 0000 0000 | 49c7 8790 | 0200 0000 
  0x000001d9e1b511c0: 0000 00c5 | f877 418b | 8ffc 0300 | 00f7 c101 | 0000 000f | 8449 0000 | 00f7 c102 | 0000 000f 
  0x000001d9e1b511e0: 853d 0000 | 0048 83ec | 20f7 c40f | 0000 000f | 841a 0000 | 0048 83ec | 0849 ba30 | cdb3 97fa 
  0x000001d9e1b51200: 7f00 0041 | ffd2 4883 | c408 e90d | 0000 0049 | ba30 cdb3 | 97fa 7f00 | 0041 ffd2 | 4883 c420 
  0x000001d9e1b51220: ffe0 498b | 8f80 0400 | 0048 85c9 | 0f84 5900 | 0000 8b89 | 8c00 0000 | 83f9 010f | 854a 0000 
  0x000001d9e1b51240: 0049 8b8f | 8004 0000 | 8b89 9000 | 0000 4883 | ec20 f7c4 | 0f00 0000 | 0f84 1a00 | 0000 4883 
  0x000001d9e1b51260: ec08 49ba | 20cd b397 | fa7f 0000 | 41ff d248 | 83c4 08e9 | 0d00 0000 | 49ba 20cd | b397 fa7f 
  0x000001d9e1b51280: 0000 41ff | d248 83c4 | 20ff e049 | 817f 0800 | 0000 000f | 8405 0000 | 00e9 62fc | fdff 4c8b 
  0x000001d9e1b512a0: 6dc0 4c8b | 75c8 c341 | 0fb7 5501 | 488b 4dd0 | c1e2 0249 | ba30 dd32 | 98fa 7f00 | 0041 8b02 
  0x000001d9e1b512c0: 85c0 0f84 | 8601 0000 | 4883 c120 | c1e2 0348 | 03ca 4833 | c0e8 0500 | 0000 e963 | 0100 004c 
  0x000001d9e1b512e0: 8bc1 488b | d048 8d44 | 2408 4c89 | 6dc0 498b | cfc5 f877 | 4989 af98 | 0200 0049 | 8987 8802 
  0x000001d9e1b51300: 0000 4883 | ec20 f7c4 | 0f00 0000 | 0f84 1a00 | 0000 4883 | ec08 49ba | 201e b497 | fa7f 0000 
  0x000001d9e1b51320: 41ff d248 | 83c4 08e9 | 0d00 0000 | 49ba 201e | b497 fa7f | 0000 41ff | d248 83c4 | 2049 c787 
  0x000001d9e1b51340: 8802 0000 | 0000 0000 | 49c7 8798 | 0200 0000 | 0000 0049 | c787 9002 | 0000 0000 | 0000 c5f8 
  0x000001d9e1b51360: 7741 8b8f | fc03 0000 | f7c1 0100 | 0000 0f84 | 4900 0000 | f7c1 0200 | 0000 0f85 | 3d00 0000 
  0x000001d9e1b51380: 4883 ec20 | f7c4 0f00 | 0000 0f84 | 1a00 0000 | 4883 ec08 | 49ba 30cd | b397 fa7f | 0000 41ff 
  0x000001d9e1b513a0: d248 83c4 | 08e9 0d00 | 0000 49ba | 30cd b397 | fa7f 0000 | 41ff d248 | 83c4 20ff | e049 8b8f 
  0x000001d9e1b513c0: 8004 0000 | 4885 c90f | 8459 0000 | 008b 898c | 0000 0083 | f901 0f85 | 4a00 0000 | 498b 8f80 
  0x000001d9e1b513e0: 0400 008b | 8990 0000 | 0048 83ec | 20f7 c40f | 0000 000f | 841a 0000 | 0048 83ec | 0849 ba20 
  0x000001d9e1b51400: cdb3 97fa | 7f00 0041 | ffd2 4883 | c408 e90d | 0000 0049 | ba20 cdb3 | 97fa 7f00 | 0041 ffd2 
  0x000001d9e1b51420: 4883 c420 | ffe0 4981 | 7f08 0000 | 0000 0f84 | 0500 0000 | e9c7 fafd | ff4c 8b6d | c04c 8b75 
  0x000001d9e1b51440: c8c3 410f | b755 0148 | 8b4d d0c1 | e202 488b | 5cd1 308b | 44d1 384c | 8b4c d128 | 4d8b 4970 
  0x000001d9e1b51460: 4d8b 09c1 | e81c 83e0 | 0f0f 850b | 0000 0041 | 0fbe 0419 | 50e9 b100 | 0000 83f8 | 010f 850b 
  0x000001d9e1b51480: 0000 0041 | 0fb6 0419 | 50e9 9d00 | 0000 83f8 | 080f 850a | 0000 0041 | 8b04 1950 | e98a 0000 
  0x000001d9e1b514a0: 0083 f804 | 0f85 0a00 | 0000 418b | 0419 50e9 | 7700 0000 | 83f8 020f | 850b 0000 | 0041 0fb7 
  0x000001d9e1b514c0: 0419 50e9 | 6300 0000 | 83f8 030f | 850b 0000 | 0041 0fbf | 0419 50e9 | 4f00 0000 | 83f8 050f 
  0x000001d9e1b514e0: 851a 0000 | 0049 8b04 | 1948 83ec | 1048 8904 | 2448 c744 | 2408 0000 | 0000 e92c | 0000 0083 
  0x000001d9e1b51500: f806 0f85 | 1400 0000 | c4c1 7a10 | 0419 4883 | ec08 c5fa | 1104 24e9 | 0f00 0000 | c4c1 7b10 
  0x000001d9e1b51520: 0419 4883 | ec10 c5fb | 1104 2441 | 0fb6 5d03 | 4983 c503 | 49ba 70fe | 3498 fa7f | 0000 41ff 
  0x000001d9e1b51540: 24da 660f | 1f44 0000 | 0000 0000 | 0000 0000 | 0000 0000 | 0000 0000 | 0000 0000 | 0000 0000 
[/MachCode]

---------------  P R O C E S S  ---------------

Threads class SMR info:
_java_thread_list=0x000001d986747d90, length=42, elements={
0x000001d9de493360, 0x000001d9f7b72ab0, 0x000001d9f7b74e30, 0x000001d9f7b77460,
0x000001d9f843b020, 0x000001d9f843b8e0, 0x000001d9f843c290, 0x000001d9f843cf70,
0x000001d9f84a39a0, 0x000001d9f84a8760, 0x000001d9f7aec840, 0x000001d9f875c9d0,
0x000001d9f875fa00, 0x000001d9f875fef0, 0x000001d9f92cd130, 0x000001d9fa118430,
0x000001d9fd2259e0, 0x000001d9fd225040, 0x000001d9fd225510, 0x000001d9fd228ed0,
0x000001d9fd22ba20, 0x000001d9fd22bef0, 0x000001d9fd225eb0, 0x000001d9fd226380,
0x000001d9fd22abb0, 0x000001d9fd2276c0, 0x000001d9fd22b550, 0x000001d9821f4ab0,
0x000001d9821ef8e0, 0x000001d9821f32a0, 0x000001d9821f3770, 0x000001d9821f4f80,
0x000001d9821f1a90, 0x000001d9821f5450, 0x000001d9821eef40, 0x000001d9821f3c40,
0x000001d9821f10f0, 0x000001d9821ef410, 0x000001d9821f4110, 0x000001d9821f0280,
0x000001d9821f5920, 0x000001d9821efdb0
}

Java Threads: ( => current thread )
  0x000001d9de493360 JavaThread "main" [_thread_in_native, id=6788, stack(0x0000003b04000000,0x0000003b04100000)]
  0x000001d9f7b72ab0 JavaThread "Reference Handler" daemon [_thread_blocked, id=6996, stack(0x0000003b04700000,0x0000003b04800000)]
  0x000001d9f7b74e30 JavaThread "Finalizer" daemon [_thread_blocked, id=12032, stack(0x0000003b04800000,0x0000003b04900000)]
  0x000001d9f7b77460 JavaThread "Signal Dispatcher" daemon [_thread_blocked, id=10644, stack(0x0000003b04900000,0x0000003b04a00000)]
  0x000001d9f843b020 JavaThread "Attach Listener" daemon [_thread_blocked, id=8528, stack(0x0000003b04a00000,0x0000003b04b00000)]
  0x000001d9f843b8e0 JavaThread "Service Thread" daemon [_thread_blocked, id=7956, stack(0x0000003b04b00000,0x0000003b04c00000)]
  0x000001d9f843c290 JavaThread "Monitor Deflation Thread" daemon [_thread_blocked, id=10580, stack(0x0000003b04c00000,0x0000003b04d00000)]
  0x000001d9f843cf70 JavaThread "C2 CompilerThread0" daemon [_thread_blocked, id=7004, stack(0x0000003b04d00000,0x0000003b04e00000)]
  0x000001d9f84a39a0 JavaThread "C1 CompilerThread0" daemon [_thread_blocked, id=10784, stack(0x0000003b04e00000,0x0000003b04f00000)]
  0x000001d9f84a8760 JavaThread "Sweeper thread" daemon [_thread_blocked, id=10620, stack(0x0000003b04f00000,0x0000003b05000000)]
  0x000001d9f7aec840 JavaThread "Common-Cleaner" daemon [_thread_blocked, id=9644, stack(0x0000003b05000000,0x0000003b05100000)]
  0x000001d9f875c9d0 JavaThread "JDWP Transport Listener: dt_socket" daemon [_thread_blocked, id=10860, stack(0x0000003b05100000,0x0000003b05200000)]
  0x000001d9f875fa00 JavaThread "JDWP Event Helper Thread" daemon [_thread_blocked, id=12124, stack(0x0000003b05200000,0x0000003b05300000)]
  0x000001d9f875fef0 JavaThread "JDWP Command Reader" daemon [_thread_in_native, id=2852, stack(0x0000003b05300000,0x0000003b05400000)]
  0x000001d9f92cd130 JavaThread "Notification Thread" daemon [_thread_blocked, id=7824, stack(0x0000003b05800000,0x0000003b05900000)]
  0x000001d9fa118430 JavaThread "ReaderThread" [_thread_in_native, id=4564, stack(0x0000003b05a00000,0x0000003b05b00000)]
  0x000001d9fd2259e0 JavaThread "Catalina-utility-1" [_thread_blocked, id=6204, stack(0x0000003b05b00000,0x0000003b05c00000)]
  0x000001d9fd225040 JavaThread "Catalina-utility-2" [_thread_blocked, id=3848, stack(0x0000003b05c00000,0x0000003b05d00000)]
  0x000001d9fd225510 JavaThread "container-0" [_thread_blocked, id=3884, stack(0x0000003b05d00000,0x0000003b05e00000)]
  0x000001d9fd228ed0 JavaThread "Thread-5" daemon [_thread_in_native, id=5928, stack(0x0000003b05e00000,0x0000003b05f00000)]
  0x000001d9fd22ba20 JavaThread "cluster-ClusterId{value='6389bd30e2063c3dda6bb161', description='null'}-srv-notification.18kxt.mongodb.net" daemon [_thread_blocked, id=9724, stack(0x0000003b05f00000,0x0000003b06000000)]
  0x000001d9fd22bef0 JavaThread "cluster-ClusterId{value='6389bd30e2063c3dda6bb161', description='null'}-notification-shard-00-02.18kxt.mongodb.net:27017" daemon [_thread_in_native, id=11996, stack(0x0000003b06000000,0x0000003b06100000)]
  0x000001d9fd225eb0 JavaThread "cluster-rtt-ClusterId{value='6389bd30e2063c3dda6bb161', description='null'}-notification-shard-00-02.18kxt.mongodb.net:27017" daemon [_thread_blocked, id=4660, stack(0x0000003b06100000,0x0000003b06200000)]
  0x000001d9fd226380 JavaThread "cluster-ClusterId{value='6389bd30e2063c3dda6bb161', description='null'}-notification-shard-00-00.18kxt.mongodb.net:27017" daemon [_thread_in_native, id=8120, stack(0x0000003b06200000,0x0000003b06300000)]
  0x000001d9fd22abb0 JavaThread "cluster-rtt-ClusterId{value='6389bd30e2063c3dda6bb161', description='null'}-notification-shard-00-00.18kxt.mongodb.net:27017" daemon [_thread_blocked, id=10868, stack(0x0000003b06300000,0x0000003b06400000)]
  0x000001d9fd2276c0 JavaThread "cluster-ClusterId{value='6389bd30e2063c3dda6bb161', description='null'}-notification-shard-00-01.18kxt.mongodb.net:27017" daemon [_thread_in_native, id=7304, stack(0x0000003b06400000,0x0000003b06500000)]
  0x000001d9fd22b550 JavaThread "cluster-rtt-ClusterId{value='6389bd30e2063c3dda6bb161', description='null'}-notification-shard-00-01.18kxt.mongodb.net:27017" daemon [_thread_blocked, id=6652, stack(0x0000003b06500000,0x0000003b06600000)]
  0x000001d9821f4ab0 JavaThread "spring.cloud.inetutils" daemon [_thread_blocked, id=7784, stack(0x0000003b06900000,0x0000003b06a00000)]
  0x000001d9821ef8e0 JavaThread "http-nio-0.0.0.0-auto-1-BlockPoller" daemon [_thread_in_native, id=10888, stack(0x0000003b06a00000,0x0000003b06b00000)]
=>0x000001d9821f32a0 JavaThread "http-nio-0.0.0.0-auto-1-exec-1" daemon [_thread_in_Java, id=10604, stack(0x0000003b06b00000,0x0000003b06c00000)]
  0x000001d9821f3770 JavaThread "http-nio-0.0.0.0-auto-1-exec-2" daemon [_thread_blocked, id=3684, stack(0x0000003b06c00000,0x0000003b06d00000)]
  0x000001d9821f4f80 JavaThread "http-nio-0.0.0.0-auto-1-exec-3" daemon [_thread_blocked, id=11624, stack(0x0000003b06d00000,0x0000003b06e00000)]
  0x000001d9821f1a90 JavaThread "http-nio-0.0.0.0-auto-1-exec-4" daemon [_thread_blocked, id=11976, stack(0x0000003b06e00000,0x0000003b06f00000)]
  0x000001d9821f5450 JavaThread "http-nio-0.0.0.0-auto-1-exec-5" daemon [_thread_blocked, id=9940, stack(0x0000003b06f00000,0x0000003b07000000)]
  0x000001d9821eef40 JavaThread "http-nio-0.0.0.0-auto-1-exec-6" daemon [_thread_blocked, id=9156, stack(0x0000003b07000000,0x0000003b07100000)]
  0x000001d9821f3c40 JavaThread "http-nio-0.0.0.0-auto-1-exec-7" daemon [_thread_blocked, id=9656, stack(0x0000003b07100000,0x0000003b07200000)]
  0x000001d9821f10f0 JavaThread "http-nio-0.0.0.0-auto-1-exec-8" daemon [_thread_blocked, id=11652, stack(0x0000003b07200000,0x0000003b07300000)]
  0x000001d9821ef410 JavaThread "http-nio-0.0.0.0-auto-1-exec-9" daemon [_thread_blocked, id=1116, stack(0x0000003b07300000,0x0000003b07400000)]
  0x000001d9821f4110 JavaThread "http-nio-0.0.0.0-auto-1-exec-10" daemon [_thread_blocked, id=9052, stack(0x0000003b07400000,0x0000003b07500000)]
  0x000001d9821f0280 JavaThread "http-nio-0.0.0.0-auto-1-ClientPoller" daemon [_thread_in_native, id=7668, stack(0x0000003b07500000,0x0000003b07600000)]
  0x000001d9821f5920 JavaThread "http-nio-0.0.0.0-auto-1-Acceptor" daemon [_thread_in_native, id=10252, stack(0x0000003b07600000,0x0000003b07700000)]
  0x000001d9821efdb0 JavaThread "scheduling-1" [_thread_blocked, id=9088, stack(0x0000003b07700000,0x0000003b07800000)]

Other Threads:
  0x000001d9f7b54470 VMThread "VM Thread" [stack: 0x0000003b04600000,0x0000003b04700000] [id=6228]
  0x000001d9de506ee0 WatcherThread [stack: 0x0000003b05900000,0x0000003b05a00000] [id=5268]
  0x000001d9de4ed750 GCTaskThread "GC Thread#0" [stack: 0x0000003b04100000,0x0000003b04200000] [id=2628]
  0x000001d9f92b25d0 GCTaskThread "GC Thread#1" [stack: 0x0000003b05400000,0x0000003b05500000] [id=1120]
  0x000001d9f93d1e80 GCTaskThread "GC Thread#2" [stack: 0x0000003b05500000,0x0000003b05600000] [id=9240]
  0x000001d9f92d9130 GCTaskThread "GC Thread#3" [stack: 0x0000003b05600000,0x0000003b05700000] [id=9360]
  0x000001d9de4ff320 ConcurrentGCThread "G1 Main Marker" [stack: 0x0000003b04200000,0x0000003b04300000] [id=12224]
  0x000001d9de5005a0 ConcurrentGCThread "G1 Conc#0" [stack: 0x0000003b04300000,0x0000003b04400000] [id=6072]
  0x000001d9de53df10 ConcurrentGCThread "G1 Refine#0" [stack: 0x0000003b04400000,0x0000003b04500000] [id=11672]
  0x000001d9de53ea00 ConcurrentGCThread "G1 Service" [stack: 0x0000003b04500000,0x0000003b04600000] [id=8940]

Threads with active compile tasks:

VM state: not at safepoint (normal execution)

VM Mutex/Monitor currently owned by a thread: None

Heap address: 0x0000000081c00000, size: 2020 MB, Compressed Oops mode: 32-bit

CDS archive(s) not mapped
Compressed class space mapped at: 0x0000000100000000-0x0000000140000000, reserved size: 1073741824
Narrow klass base: 0x0000000000000000, Narrow klass shift: 3, Narrow klass range: 0x140000000

GC Precious Log:
 CPUs: 4 total, 4 available
 Memory: 8073M
 Large Page Support: Disabled
 NUMA Support: Disabled
 Compressed Oops: Enabled (32-bit)
 Heap Region Size: 1M
 Heap Min Capacity: 8M
 Heap Initial Capacity: 128M
 Heap Max Capacity: 2020M
 Pre-touch: Disabled
 Parallel Workers: 4
 Concurrent Workers: 1
 Concurrent Refinement Workers: 4
 Periodic GC: Disabled

Heap:
 garbage-first heap   total 178176K, used 123618K [0x0000000081c00000, 0x0000000100000000)
  region size 1024K, 30 young (30720K), 2 survivors (2048K)
 Metaspace       used 103778K, committed 104512K, reserved 1146880K
  class space    used 13322K, committed 13696K, reserved 1048576K

Heap Regions: E=young(eden), S=young(survivor), O=old, HS=humongous(starts), HC=humongous(continues), CS=collection set, F=free, OA=open archive, CA=closed archive, TAMS=top-at-mark-start (previous, next)
|   0|0x0000000081c00000, 0x0000000081d00000, 0x0000000081d00000|100%|HS|  |TAMS 0x0000000081d00000, 0x0000000081c00000| Complete 
|   1|0x0000000081d00000, 0x0000000081e00000, 0x0000000081e00000|100%| O|  |TAMS 0x0000000081e00000, 0x0000000081d00000| Untracked 
|   2|0x0000000081e00000, 0x0000000081f00000, 0x0000000081f00000|100%| O|  |TAMS 0x0000000081f00000, 0x0000000081e00000| Untracked 
|   3|0x0000000081f00000, 0x0000000082000000, 0x0000000082000000|100%| O|  |TAMS 0x0000000082000000, 0x0000000081f00000| Untracked 
|   4|0x0000000082000000, 0x0000000082100000, 0x0000000082100000|100%| O|  |TAMS 0x0000000082100000, 0x0000000082000000| Untracked 
|   5|0x0000000082100000, 0x0000000082200000, 0x0000000082200000|100%| O|  |TAMS 0x0000000082200000, 0x0000000082100000| Untracked 
|   6|0x0000000082200000, 0x0000000082300000, 0x0000000082300000|100%| O|  |TAMS 0x0000000082300000, 0x0000000082200000| Untracked 
|   7|0x0000000082300000, 0x0000000082400000, 0x0000000082400000|100%| O|  |TAMS 0x0000000082400000, 0x0000000082300000| Untracked 
|   8|0x0000000082400000, 0x0000000082500000, 0x0000000082500000|100%| O|  |TAMS 0x0000000082500000, 0x0000000082400000| Untracked 
|   9|0x0000000082500000, 0x0000000082600000, 0x0000000082600000|100%| O|  |TAMS 0x0000000082600000, 0x0000000082500000| Untracked 
|  10|0x0000000082600000, 0x0000000082700000, 0x0000000082700000|100%| O|  |TAMS 0x0000000082700000, 0x0000000082600000| Untracked 
|  11|0x0000000082700000, 0x0000000082800000, 0x0000000082800000|100%| O|  |TAMS 0x0000000082800000, 0x0000000082700000| Untracked 
|  12|0x0000000082800000, 0x0000000082900000, 0x0000000082900000|100%| O|  |TAMS 0x0000000082900000, 0x0000000082800000| Untracked 
|  13|0x0000000082900000, 0x0000000082a00000, 0x0000000082a00000|100%| O|  |TAMS 0x0000000082a00000, 0x0000000082900000| Untracked 
|  14|0x0000000082a00000, 0x0000000082b00000, 0x0000000082b00000|100%| O|  |TAMS 0x0000000082b00000, 0x0000000082a00000| Untracked 
|  15|0x0000000082b00000, 0x0000000082c00000, 0x0000000082c00000|100%| O|  |TAMS 0x0000000082c00000, 0x0000000082b00000| Untracked 
|  16|0x0000000082c00000, 0x0000000082d00000, 0x0000000082d00000|100%| O|  |TAMS 0x0000000082d00000, 0x0000000082c00000| Untracked 
|  17|0x0000000082d00000, 0x0000000082e00000, 0x0000000082e00000|100%| O|  |TAMS 0x0000000082e00000, 0x0000000082d00000| Untracked 
|  18|0x0000000082e00000, 0x0000000082f00000, 0x0000000082f00000|100%| O|  |TAMS 0x0000000082f00000, 0x0000000082e00000| Untracked 
|  19|0x0000000082f00000, 0x0000000083000000, 0x0000000083000000|100%| O|  |TAMS 0x0000000083000000, 0x0000000082f00000| Untracked 
|  20|0x0000000083000000, 0x0000000083100000, 0x0000000083100000|100%| O|  |TAMS 0x0000000083100000, 0x0000000083000000| Untracked 
|  21|0x0000000083100000, 0x0000000083200000, 0x0000000083200000|100%| O|  |TAMS 0x0000000083200000, 0x0000000083100000| Complete 
|  22|0x0000000083200000, 0x0000000083300000, 0x0000000083300000|100%| O|  |TAMS 0x0000000083300000, 0x0000000083200000| Complete 
|  23|0x0000000083300000, 0x0000000083400000, 0x0000000083400000|100%| O|  |TAMS 0x0000000083400000, 0x0000000083300000| Complete 
|  24|0x0000000083400000, 0x0000000083500000, 0x0000000083500000|100%| O|  |TAMS 0x0000000083500000, 0x0000000083400000| Complete 
|  25|0x0000000083500000, 0x0000000083600000, 0x0000000083600000|100%| O|  |TAMS 0x0000000083600000, 0x0000000083500000| Untracked 
|  26|0x0000000083600000, 0x0000000083700000, 0x0000000083700000|100%| O|  |TAMS 0x0000000083700000, 0x0000000083600000| Untracked 
|  27|0x0000000083700000, 0x0000000083800000, 0x0000000083800000|100%| O|  |TAMS 0x0000000083800000, 0x0000000083700000| Untracked 
|  28|0x0000000083800000, 0x0000000083900000, 0x0000000083900000|100%| O|  |TAMS 0x0000000083900000, 0x0000000083800000| Untracked 
|  29|0x0000000083900000, 0x0000000083a00000, 0x0000000083a00000|100%| O|  |TAMS 0x0000000083a00000, 0x0000000083900000| Untracked 
|  30|0x0000000083a00000, 0x0000000083b00000, 0x0000000083b00000|100%| O|  |TAMS 0x0000000083b00000, 0x0000000083a00000| Untracked 
|  31|0x0000000083b00000, 0x0000000083c00000, 0x0000000083c00000|100%| O|  |TAMS 0x0000000083c00000, 0x0000000083b00000| Untracked 
|  32|0x0000000083c00000, 0x0000000083d00000, 0x0000000083d00000|100%| O|  |TAMS 0x0000000083d00000, 0x0000000083c00000| Untracked 
|  33|0x0000000083d00000, 0x0000000083e00000, 0x0000000083e00000|100%| O|  |TAMS 0x0000000083e00000, 0x0000000083d00000| Untracked 
|  34|0x0000000083e00000, 0x0000000083f00000, 0x0000000083f00000|100%| O|  |TAMS 0x0000000083f00000, 0x0000000083e00000| Untracked 
|  35|0x0000000083f00000, 0x0000000084000000, 0x0000000084000000|100%| O|  |TAMS 0x0000000084000000, 0x0000000083f00000| Complete 
|  36|0x0000000084000000, 0x0000000084100000, 0x0000000084100000|100%| O|  |TAMS 0x0000000084100000, 0x0000000084000000| Complete 
|  37|0x0000000084100000, 0x0000000084200000, 0x0000000084200000|100%| O|  |TAMS 0x0000000084200000, 0x0000000084100000| Untracked 
|  38|0x0000000084200000, 0x0000000084300000, 0x0000000084300000|100%| O|  |TAMS 0x0000000084300000, 0x0000000084200000| Complete 
|  39|0x0000000084300000, 0x0000000084400000, 0x0000000084400000|100%| O|  |TAMS 0x0000000084400000, 0x0000000084300000| Untracked 
|  40|0x0000000084400000, 0x0000000084500000, 0x0000000084500000|100%| O|  |TAMS 0x0000000084500000, 0x0000000084400000| Untracked 
|  41|0x0000000084500000, 0x00000000845a6e00, 0x0000000084600000| 65%| O|  |TAMS 0x00000000845a6e00, 0x0000000084500000| Complete 
|  42|0x0000000084600000, 0x0000000084700000, 0x0000000084700000|100%| O|  |TAMS 0x0000000084700000, 0x0000000084600000| Untracked 
|  43|0x0000000084700000, 0x0000000084800000, 0x0000000084800000|100%| O|  |TAMS 0x0000000084800000, 0x0000000084700000| Untracked 
|  44|0x0000000084800000, 0x0000000084900000, 0x0000000084900000|100%| O|  |TAMS 0x0000000084900000, 0x0000000084800000| Untracked 
|  45|0x0000000084900000, 0x0000000084a00000, 0x0000000084a00000|100%| O|  |TAMS 0x0000000084a00000, 0x0000000084900000| Untracked 
|  46|0x0000000084a00000, 0x0000000084b00000, 0x0000000084b00000|100%| O|  |TAMS 0x0000000084b00000, 0x0000000084a00000| Untracked 
|  47|0x0000000084b00000, 0x0000000084c00000, 0x0000000084c00000|100%| O|  |TAMS 0x0000000084c00000, 0x0000000084b00000| Untracked 
|  48|0x0000000084c00000, 0x0000000084d00000, 0x0000000084d00000|100%| O|  |TAMS 0x0000000084d00000, 0x0000000084c00000| Complete 
|  49|0x0000000084d00000, 0x0000000084e00000, 0x0000000084e00000|100%| O|  |TAMS 0x0000000084e00000, 0x0000000084d00000| Complete 
|  50|0x0000000084e00000, 0x0000000084f00000, 0x0000000084f00000|100%| O|  |TAMS 0x0000000084f00000, 0x0000000084e00000| Complete 
|  51|0x0000000084f00000, 0x0000000085000000, 0x0000000085000000|100%| O|  |TAMS 0x0000000085000000, 0x0000000084f00000| Complete 
|  52|0x0000000085000000, 0x0000000085100000, 0x0000000085100000|100%| O|  |TAMS 0x0000000085100000, 0x0000000085000000| Untracked 
|  53|0x0000000085100000, 0x0000000085200000, 0x0000000085200000|100%| O|  |TAMS 0x0000000085200000, 0x0000000085100000| Untracked 
|  54|0x0000000085200000, 0x0000000085300000, 0x0000000085300000|100%| O|  |TAMS 0x0000000085300000, 0x0000000085200000| Untracked 
|  55|0x0000000085300000, 0x0000000085400000, 0x0000000085400000|100%| O|  |TAMS 0x0000000085400000, 0x0000000085300000| Untracked 
|  56|0x0000000085400000, 0x0000000085500000, 0x0000000085500000|100%| O|  |TAMS 0x0000000085500000, 0x0000000085400000| Untracked 
|  57|0x0000000085500000, 0x0000000085600000, 0x0000000085600000|100%| O|  |TAMS 0x0000000085600000, 0x0000000085500000| Untracked 
|  58|0x0000000085600000, 0x0000000085700000, 0x0000000085700000|100%| O|  |TAMS 0x0000000085700000, 0x0000000085600000| Complete 
|  59|0x0000000085700000, 0x0000000085800000, 0x0000000085800000|100%| O|  |TAMS 0x0000000085800000, 0x0000000085700000| Complete 
|  60|0x0000000085800000, 0x0000000085900000, 0x0000000085900000|100%| O|  |TAMS 0x0000000085900000, 0x0000000085800000| Complete 
|  61|0x0000000085900000, 0x0000000085a00000, 0x0000000085a00000|100%| O|  |TAMS 0x0000000085a00000, 0x0000000085900000| Untracked 
|  62|0x0000000085a00000, 0x0000000085b00000, 0x0000000085b00000|100%| O|  |TAMS 0x0000000085b00000, 0x0000000085a00000| Untracked 
|  63|0x0000000085b00000, 0x0000000085c00000, 0x0000000085c00000|100%| O|  |TAMS 0x0000000085c00000, 0x0000000085b00000| Complete 
|  64|0x0000000085c00000, 0x0000000085d00000, 0x0000000085d00000|100%| O|  |TAMS 0x0000000085d00000, 0x0000000085c00000| Untracked 
|  65|0x0000000085d00000, 0x0000000085e00000, 0x0000000085e00000|100%| O|  |TAMS 0x0000000085e00000, 0x0000000085d00000| Untracked 
|  66|0x0000000085e00000, 0x0000000085f00000, 0x0000000085f00000|100%| O|  |TAMS 0x0000000085f00000, 0x0000000085e00000| Complete 
|  67|0x0000000085f00000, 0x0000000086000000, 0x0000000086000000|100%| O|  |TAMS 0x0000000086000000, 0x0000000085f00000| Complete 
|  68|0x0000000086000000, 0x0000000086100000, 0x0000000086100000|100%| O|  |TAMS 0x0000000086100000, 0x0000000086000000| Complete 
|  69|0x0000000086100000, 0x0000000086200000, 0x0000000086200000|100%| O|  |TAMS 0x0000000086200000, 0x0000000086100000| Untracked 
|  70|0x0000000086200000, 0x0000000086300000, 0x0000000086300000|100%| O|  |TAMS 0x0000000086300000, 0x0000000086200000| Untracked 
|  71|0x0000000086300000, 0x0000000086400000, 0x0000000086400000|100%| O|  |TAMS 0x0000000086400000, 0x0000000086300000| Complete 
|  72|0x0000000086400000, 0x0000000086500000, 0x0000000086500000|100%| O|  |TAMS 0x0000000086500000, 0x0000000086400000| Complete 
|  73|0x0000000086500000, 0x0000000086600000, 0x0000000086600000|100%| O|  |TAMS 0x0000000086600000, 0x0000000086500000| Complete 
|  74|0x0000000086600000, 0x0000000086700000, 0x0000000086700000|100%| O|  |TAMS 0x0000000086700000, 0x0000000086600000| Untracked 
|  75|0x0000000086700000, 0x0000000086800000, 0x0000000086800000|100%| O|  |TAMS 0x0000000086800000, 0x0000000086700000| Complete 
|  76|0x0000000086800000, 0x0000000086900000, 0x0000000086900000|100%| O|  |TAMS 0x0000000086900000, 0x0000000086800000| Untracked 
|  77|0x0000000086900000, 0x0000000086a00000, 0x0000000086a00000|100%| O|  |TAMS 0x0000000086a00000, 0x0000000086900000| Complete 
|  78|0x0000000086a00000, 0x0000000086b00000, 0x0000000086b00000|100%| O|  |TAMS 0x0000000086b00000, 0x0000000086a00000| Complete 
|  79|0x0000000086b00000, 0x0000000086c00000, 0x0000000086c00000|100%| O|  |TAMS 0x0000000086c00000, 0x0000000086b00000| Untracked 
|  80|0x0000000086c00000, 0x0000000086d00000, 0x0000000086d00000|100%| O|  |TAMS 0x0000000086d00000, 0x0000000086c00000| Complete 
|  81|0x0000000086d00000, 0x0000000086e00000, 0x0000000086e00000|100%| O|  |TAMS 0x0000000086e00000, 0x0000000086d00000| Untracked 
|  82|0x0000000086e00000, 0x0000000086f00000, 0x0000000086f00000|100%| O|  |TAMS 0x0000000086f00000, 0x0000000086e00000| Untracked 
|  83|0x0000000086f00000, 0x0000000087000000, 0x0000000087000000|100%| O|  |TAMS 0x0000000087000000, 0x0000000086f00000| Untracked 
|  84|0x0000000087000000, 0x0000000087100000, 0x0000000087100000|100%| O|  |TAMS 0x0000000087100000, 0x0000000087000000| Untracked 
|  85|0x0000000087100000, 0x0000000087200000, 0x0000000087200000|100%| O|  |TAMS 0x0000000087200000, 0x0000000087100000| Untracked 
|  86|0x0000000087200000, 0x0000000087300000, 0x0000000087300000|100%| O|  |TAMS 0x0000000087300000, 0x0000000087200000| Untracked 
|  87|0x0000000087300000, 0x0000000087400000, 0x0000000087400000|100%| O|  |TAMS 0x0000000087400000, 0x0000000087300000| Complete 
|  88|0x0000000087400000, 0x0000000087500000, 0x0000000087500000|100%| O|  |TAMS 0x0000000087500000, 0x0000000087400000| Complete 
|  89|0x0000000087500000, 0x0000000087600000, 0x0000000087600000|100%| O|  |TAMS 0x0000000087600000, 0x0000000087500000| Complete 
|  90|0x0000000087600000, 0x0000000087700000, 0x0000000087700000|100%| O|  |TAMS 0x0000000087700000, 0x0000000087600000| Untracked 
|  91|0x0000000087700000, 0x0000000087800000, 0x0000000087800000|100%| O|  |TAMS 0x0000000087800000, 0x0000000087700000| Untracked 
|  92|0x0000000087800000, 0x000000008788b000, 0x0000000087900000| 54%| O|  |TAMS 0x000000008788b000, 0x0000000087800000| Untracked 
|  93|0x0000000087900000, 0x0000000087900000, 0x0000000087a00000|  0%| F|  |TAMS 0x0000000087900000, 0x0000000087900000| Untracked 
|  94|0x0000000087a00000, 0x0000000087a00000, 0x0000000087b00000|  0%| F|  |TAMS 0x0000000087a00000, 0x0000000087a00000| Untracked 
|  95|0x0000000087b00000, 0x0000000087b00000, 0x0000000087c00000|  0%| F|  |TAMS 0x0000000087b00000, 0x0000000087b00000| Untracked 
|  96|0x0000000087c00000, 0x0000000087c00000, 0x0000000087d00000|  0%| F|  |TAMS 0x0000000087c00000, 0x0000000087c00000| Untracked 
|  97|0x0000000087d00000, 0x0000000087d00000, 0x0000000087e00000|  0%| F|  |TAMS 0x0000000087d00000, 0x0000000087d00000| Untracked 
|  98|0x0000000087e00000, 0x0000000087e00000, 0x0000000087f00000|  0%| F|  |TAMS 0x0000000087e00000, 0x0000000087e00000| Untracked 
|  99|0x0000000087f00000, 0x0000000087f00000, 0x0000000088000000|  0%| F|  |TAMS 0x0000000087f00000, 0x0000000087f00000| Untracked 
| 100|0x0000000088000000, 0x0000000088000000, 0x0000000088100000|  0%| F|  |TAMS 0x0000000088000000, 0x0000000088000000| Untracked 
| 101|0x0000000088100000, 0x0000000088100000, 0x0000000088200000|  0%| F|  |TAMS 0x0000000088100000, 0x0000000088100000| Untracked 
| 102|0x0000000088200000, 0x0000000088200000, 0x0000000088300000|  0%| F|  |TAMS 0x0000000088200000, 0x0000000088200000| Untracked 
| 103|0x0000000088300000, 0x0000000088300000, 0x0000000088400000|  0%| F|  |TAMS 0x0000000088300000, 0x0000000088300000| Untracked 
| 104|0x0000000088400000, 0x0000000088400000, 0x0000000088500000|  0%| F|  |TAMS 0x0000000088400000, 0x0000000088400000| Untracked 
| 105|0x0000000088500000, 0x0000000088500000, 0x0000000088600000|  0%| F|  |TAMS 0x0000000088500000, 0x0000000088500000| Untracked 
| 106|0x0000000088600000, 0x0000000088600000, 0x0000000088700000|  0%| F|  |TAMS 0x0000000088600000, 0x0000000088600000| Untracked 
| 107|0x0000000088700000, 0x0000000088700000, 0x0000000088800000|  0%| F|  |TAMS 0x0000000088700000, 0x0000000088700000| Untracked 
| 108|0x0000000088800000, 0x0000000088800000, 0x0000000088900000|  0%| F|  |TAMS 0x0000000088800000, 0x0000000088800000| Untracked 
| 109|0x0000000088900000, 0x0000000088900000, 0x0000000088a00000|  0%| F|  |TAMS 0x0000000088900000, 0x0000000088900000| Untracked 
| 110|0x0000000088a00000, 0x0000000088a00000, 0x0000000088b00000|  0%| F|  |TAMS 0x0000000088a00000, 0x0000000088a00000| Untracked 
| 111|0x0000000088b00000, 0x0000000088b00000, 0x0000000088c00000|  0%| F|  |TAMS 0x0000000088b00000, 0x0000000088b00000| Untracked 
| 112|0x0000000088c00000, 0x0000000088c00000, 0x0000000088d00000|  0%| F|  |TAMS 0x0000000088c00000, 0x0000000088c00000| Untracked 
| 113|0x0000000088d00000, 0x0000000088d00000, 0x0000000088e00000|  0%| F|  |TAMS 0x0000000088d00000, 0x0000000088d00000| Untracked 
| 114|0x0000000088e00000, 0x0000000088e00000, 0x0000000088f00000|  0%| F|  |TAMS 0x0000000088e00000, 0x0000000088e00000| Untracked 
| 115|0x0000000088f00000, 0x0000000088f00000, 0x0000000089000000|  0%| F|  |TAMS 0x0000000088f00000, 0x0000000088f00000| Untracked 
| 116|0x0000000089000000, 0x0000000089000000, 0x0000000089100000|  0%| F|  |TAMS 0x0000000089000000, 0x0000000089000000| Untracked 
| 117|0x0000000089100000, 0x0000000089100000, 0x0000000089200000|  0%| F|  |TAMS 0x0000000089100000, 0x0000000089100000| Untracked 
| 118|0x0000000089200000, 0x0000000089286b50, 0x0000000089300000| 52%| S|CS|TAMS 0x0000000089200000, 0x0000000089200000| Complete 
| 119|0x0000000089300000, 0x0000000089400000, 0x0000000089400000|100%| S|CS|TAMS 0x0000000089300000, 0x0000000089300000| Complete 
| 120|0x0000000089400000, 0x0000000089400000, 0x0000000089500000|  0%| F|  |TAMS 0x0000000089400000, 0x0000000089400000| Untracked 
| 121|0x0000000089500000, 0x0000000089500000, 0x0000000089600000|  0%| F|  |TAMS 0x0000000089500000, 0x0000000089500000| Untracked 
| 122|0x0000000089600000, 0x0000000089600000, 0x0000000089700000|  0%| F|  |TAMS 0x0000000089600000, 0x0000000089600000| Untracked 
| 123|0x0000000089700000, 0x0000000089700000, 0x0000000089800000|  0%| F|  |TAMS 0x0000000089700000, 0x0000000089700000| Untracked 
| 124|0x0000000089800000, 0x0000000089800000, 0x0000000089900000|  0%| F|  |TAMS 0x0000000089800000, 0x0000000089800000| Untracked 
| 125|0x0000000089900000, 0x0000000089900000, 0x0000000089a00000|  0%| F|  |TAMS 0x0000000089900000, 0x0000000089900000| Untracked 
| 126|0x0000000089a00000, 0x0000000089a00000, 0x0000000089b00000|  0%| F|  |TAMS 0x0000000089a00000, 0x0000000089a00000| Untracked 
| 127|0x0000000089b00000, 0x0000000089b00000, 0x0000000089c00000|  0%| F|  |TAMS 0x0000000089b00000, 0x0000000089b00000| Untracked 
| 128|0x0000000089c00000, 0x0000000089c00000, 0x0000000089d00000|  0%| F|  |TAMS 0x0000000089c00000, 0x0000000089c00000| Untracked 
| 129|0x0000000089d00000, 0x0000000089d00000, 0x0000000089e00000|  0%| F|  |TAMS 0x0000000089d00000, 0x0000000089d00000| Untracked 
| 130|0x0000000089e00000, 0x0000000089e00000, 0x0000000089f00000|  0%| F|  |TAMS 0x0000000089e00000, 0x0000000089e00000| Untracked 
| 131|0x0000000089f00000, 0x0000000089f00000, 0x000000008a000000|  0%| F|  |TAMS 0x0000000089f00000, 0x0000000089f00000| Untracked 
| 132|0x000000008a000000, 0x000000008a000000, 0x000000008a100000|  0%| F|  |TAMS 0x000000008a000000, 0x000000008a000000| Untracked 
| 133|0x000000008a100000, 0x000000008a100000, 0x000000008a200000|  0%| F|  |TAMS 0x000000008a100000, 0x000000008a100000| Untracked 
| 134|0x000000008a200000, 0x000000008a200000, 0x000000008a300000|  0%| F|  |TAMS 0x000000008a200000, 0x000000008a200000| Untracked 
| 135|0x000000008a300000, 0x000000008a300000, 0x000000008a400000|  0%| F|  |TAMS 0x000000008a300000, 0x000000008a300000| Untracked 
| 136|0x000000008a400000, 0x000000008a400000, 0x000000008a500000|  0%| F|  |TAMS 0x000000008a400000, 0x000000008a400000| Untracked 
| 137|0x000000008a500000, 0x000000008a500000, 0x000000008a600000|  0%| F|  |TAMS 0x000000008a500000, 0x000000008a500000| Untracked 
| 138|0x000000008a600000, 0x000000008a600000, 0x000000008a700000|  0%| F|  |TAMS 0x000000008a600000, 0x000000008a600000| Untracked 
| 139|0x000000008a700000, 0x000000008a700000, 0x000000008a800000|  0%| F|  |TAMS 0x000000008a700000, 0x000000008a700000| Untracked 
| 140|0x000000008a800000, 0x000000008a800000, 0x000000008a900000|  0%| F|  |TAMS 0x000000008a800000, 0x000000008a800000| Untracked 
| 141|0x000000008a900000, 0x000000008a900000, 0x000000008aa00000|  0%| F|  |TAMS 0x000000008a900000, 0x000000008a900000| Untracked 
| 142|0x000000008aa00000, 0x000000008aa00000, 0x000000008ab00000|  0%| F|  |TAMS 0x000000008aa00000, 0x000000008aa00000| Untracked 
| 143|0x000000008ab00000, 0x000000008ab00000, 0x000000008ac00000|  0%| F|  |TAMS 0x000000008ab00000, 0x000000008ab00000| Untracked 
| 144|0x000000008ac00000, 0x000000008ac00000, 0x000000008ad00000|  0%| F|  |TAMS 0x000000008ac00000, 0x000000008ac00000| Untracked 
| 145|0x000000008ad00000, 0x000000008ae00000, 0x000000008ae00000|100%| E|CS|TAMS 0x000000008ad00000, 0x000000008ad00000| Complete 
| 146|0x000000008ae00000, 0x000000008af00000, 0x000000008af00000|100%| E|CS|TAMS 0x000000008ae00000, 0x000000008ae00000| Complete 
| 147|0x000000008af00000, 0x000000008b000000, 0x000000008b000000|100%| E|CS|TAMS 0x000000008af00000, 0x000000008af00000| Complete 
| 148|0x000000008b000000, 0x000000008b100000, 0x000000008b100000|100%| E|CS|TAMS 0x000000008b000000, 0x000000008b000000| Complete 
| 149|0x000000008b100000, 0x000000008b200000, 0x000000008b200000|100%| E|CS|TAMS 0x000000008b100000, 0x000000008b100000| Complete 
| 150|0x000000008b200000, 0x000000008b300000, 0x000000008b300000|100%| E|CS|TAMS 0x000000008b200000, 0x000000008b200000| Complete 
| 151|0x000000008b300000, 0x000000008b300000, 0x000000008b400000|  0%| F|  |TAMS 0x000000008b300000, 0x000000008b300000| Untracked 
| 152|0x000000008b400000, 0x000000008b4b3900, 0x000000008b500000| 70%| E|  |TAMS 0x000000008b400000, 0x000000008b400000| Complete 
| 153|0x000000008b500000, 0x000000008b600000, 0x000000008b600000|100%| E|CS|TAMS 0x000000008b500000, 0x000000008b500000| Complete 
| 154|0x000000008b600000, 0x000000008b700000, 0x000000008b700000|100%| E|CS|TAMS 0x000000008b600000, 0x000000008b600000| Complete 
| 155|0x000000008b700000, 0x000000008b800000, 0x000000008b800000|100%| E|CS|TAMS 0x000000008b700000, 0x000000008b700000| Complete 
| 156|0x000000008b800000, 0x000000008b900000, 0x000000008b900000|100%| E|CS|TAMS 0x000000008b800000, 0x000000008b800000| Complete 
| 157|0x000000008b900000, 0x000000008ba00000, 0x000000008ba00000|100%| E|CS|TAMS 0x000000008b900000, 0x000000008b900000| Complete 
| 158|0x000000008ba00000, 0x000000008bb00000, 0x000000008bb00000|100%| E|CS|TAMS 0x000000008ba00000, 0x000000008ba00000| Complete 
| 159|0x000000008bb00000, 0x000000008bc00000, 0x000000008bc00000|100%| E|CS|TAMS 0x000000008bb00000, 0x000000008bb00000| Complete 
| 160|0x000000008bc00000, 0x000000008bd00000, 0x000000008bd00000|100%| E|CS|TAMS 0x000000008bc00000, 0x000000008bc00000| Complete 
| 161|0x000000008bd00000, 0x000000008be00000, 0x000000008be00000|100%| E|CS|TAMS 0x000000008bd00000, 0x000000008bd00000| Complete 
| 162|0x000000008be00000, 0x000000008bf00000, 0x000000008bf00000|100%| E|CS|TAMS 0x000000008be00000, 0x000000008be00000| Complete 
| 163|0x000000008bf00000, 0x000000008c000000, 0x000000008c000000|100%| E|CS|TAMS 0x000000008bf00000, 0x000000008bf00000| Complete 
| 164|0x000000008c000000, 0x000000008c100000, 0x000000008c100000|100%| E|CS|TAMS 0x000000008c000000, 0x000000008c000000| Complete 
| 165|0x000000008c100000, 0x000000008c200000, 0x000000008c200000|100%| E|CS|TAMS 0x000000008c100000, 0x000000008c100000| Complete 
| 166|0x000000008c200000, 0x000000008c300000, 0x000000008c300000|100%| E|CS|TAMS 0x000000008c200000, 0x000000008c200000| Complete 
| 167|0x000000008c300000, 0x000000008c400000, 0x000000008c400000|100%| E|CS|TAMS 0x000000008c300000, 0x000000008c300000| Complete 
| 168|0x000000008c400000, 0x000000008c500000, 0x000000008c500000|100%| E|CS|TAMS 0x000000008c400000, 0x000000008c400000| Complete 
| 169|0x000000008c500000, 0x000000008c600000, 0x000000008c600000|100%| E|CS|TAMS 0x000000008c500000, 0x000000008c500000| Complete 
| 170|0x000000008c600000, 0x000000008c700000, 0x000000008c700000|100%| E|CS|TAMS 0x000000008c600000, 0x000000008c600000| Complete 
| 171|0x000000008c700000, 0x000000008c800000, 0x000000008c800000|100%| E|CS|TAMS 0x000000008c700000, 0x000000008c700000| Complete 
| 172|0x000000008c800000, 0x000000008c900000, 0x000000008c900000|100%| E|CS|TAMS 0x000000008c800000, 0x000000008c800000| Complete 
| 173|0x000000008c900000, 0x000000008ca00000, 0x000000008ca00000|100%| E|CS|TAMS 0x000000008c900000, 0x000000008c900000| Complete 

Card table byte_map: [0x000001d9f0f30000,0x000001d9f1330000] _byte_map_base: 0x000001d9f0b22000

Marking Bits (Prev, Next): (CMBitMap*) 0x000001d9de4eedb0, (CMBitMap*) 0x000001d9de4eed70
 Prev Bits: [0x000001d9f36c0000, 0x000001d9f5650000)
 Next Bits: [0x000001d9f1730000, 0x000001d9f36c0000)

Polling page: 0x000001d9dc3a0000

Metaspace:

Usage:
  Non-class:     88.34 MB used.
      Class:     13.01 MB used.
       Both:    101.35 MB used.

Virtual space:
  Non-class space:       96.00 MB reserved,      88.69 MB ( 92%) committed,  12 nodes.
      Class space:        1.00 GB reserved,      13.38 MB (  1%) committed,  1 nodes.
             Both:        1.09 GB reserved,     102.06 MB (  9%) committed. 

Chunk freelists:
   Non-Class:  2.41 MB
       Class:  2.66 MB
        Both:  5.06 MB

MaxMetaspaceSize: unlimited
CompressedClassSpaceSize: 1.00 GB
Initial GC threshold: 21.00 MB
Current GC threshold: 166.81 MB
CDS: off
MetaspaceReclaimPolicy: balanced
 - commit_granule_bytes: 65536.
 - commit_granule_words: 8192.
 - virtual_space_node_default_size: 1048576.
 - enlarge_chunks_in_place: 1.
 - new_chunks_are_fully_committed: 0.
 - uncommit_free_chunks: 1.
 - use_allocation_guard: 0.
 - handle_deallocations: 1.


Internal statistics:

num_allocs_failed_limit: 15.
num_arena_births: 1100.
num_arena_deaths: 0.
num_vsnodes_births: 13.
num_vsnodes_deaths: 0.
num_space_committed: 1633.
num_space_uncommitted: 0.
num_chunks_returned_to_freelist: 15.
num_chunks_taken_from_freelist: 4744.
num_chunk_merges: 12.
num_chunk_splits: 3087.
num_chunks_enlarged: 2166.
num_purges: 0.
num_inconsistent_stats: 0.

CodeHeap 'non-profiled nmethods': size=120000Kb used=8604Kb max_used=9254Kb free=111395Kb
 bounds [0x000001d9e9600000, 0x000001d9e9f10000, 0x000001d9f0b30000]
CodeHeap 'profiled nmethods': size=120000Kb used=17541Kb max_used=19490Kb free=102458Kb
 bounds [0x000001d9e20d0000, 0x000001d9e33e0000, 0x000001d9e9600000]
CodeHeap 'non-nmethods': size=5760Kb used=1427Kb max_used=1472Kb free=4332Kb
 bounds [0x000001d9e1b30000, 0x000001d9e1da0000, 0x000001d9e20d0000]
 total_blobs=9933 nmethods=9248 adapters=596
 compilation: enabled
              stopped_count=0, restarted_count=0
 full_count=0

Compilation events (20 events):
Event: 56.161 Thread 0x000001d9f84a39a0 nmethod 11849 0x000001d9e9d10310 code [0x000001d9e9d104a0, 0x000001d9e9d105b8]
Event: 56.165 Thread 0x000001d9f843cf70 nmethod 11846 0x000001d9e99f5890 code [0x000001d9e99f5aa0, 0x000001d9e99f6f28]
Event: 56.165 Thread 0x000001d9f843cf70 11847       4       org.eclipse.jdt.launching.internal.org.objectweb.asm.MethodWriter::putFrameType (83 bytes)
Event: 56.165 Thread 0x000001d9f84a39a0 11850       3       java.util.logging.LogManager$LoggerContext::ensureDefaultLogger (71 bytes)
Event: 56.166 Thread 0x000001d9f84a39a0 nmethod 11850 0x000001d9e22c1b10 code [0x000001d9e22c1d20, 0x000001d9e22c24e8]
Event: 56.166 Thread 0x000001d9f84a39a0 11851       1       java.util.logging.LogManager$LoggerWeakRef::setParentRef (6 bytes)
Event: 56.166 Thread 0x000001d9f84a39a0 nmethod 11851 0x000001d9e9df8290 code [0x000001d9e9df8420, 0x000001d9e9df8538]
Event: 56.186 Thread 0x000001d9f84a39a0 11854       3       java.util.Properties::getProperty (50 bytes)
Event: 56.187 Thread 0x000001d9f84a39a0 nmethod 11854 0x000001d9e21cfb10 code [0x000001d9e21cfce0, 0x000001d9e21d0238]
Event: 56.198 Thread 0x000001d9f843cf70 nmethod 11847 0x000001d9e9d12f10 code [0x000001d9e9d13120, 0x000001d9e9d144e8]
Event: 56.198 Thread 0x000001d9f843cf70 11852       4       java.util.Properties::loadConvert (540 bytes)
Event: 56.204 Thread 0x000001d9f84a39a0 11855       3       sun.util.calendar.ZoneInfo::getTransitionIndex (156 bytes)
Event: 56.204 Thread 0x000001d9f84a39a0 nmethod 11855 0x000001d9e2269690 code [0x000001d9e2269860, 0x000001d9e2269d38]
Event: 56.218 Thread 0x000001d9f84a39a0 11857       3       java.util.logging.LogManager$LoggerWeakRef::<init> (28 bytes)
Event: 56.219 Thread 0x000001d9f84a39a0 nmethod 11857 0x000001d9e233d410 code [0x000001d9e233d5e0, 0x000001d9e233da78]
Event: 56.231 Thread 0x000001d9f843cf70 nmethod 11852 0x000001d9e9c58690 code [0x000001d9e9c588c0, 0x000001d9e9c59e40]
Event: 56.231 Thread 0x000001d9f843cf70 11853       4       java.nio.HeapByteBuffer::ix (7 bytes)
Event: 56.231 Thread 0x000001d9f843cf70 nmethod 11853 0x000001d9e9c58110 code [0x000001d9e9c58280, 0x000001d9e9c582f8]
Event: 56.231 Thread 0x000001d9f843cf70 11856       4       java.util.Calendar::internalGet (7 bytes)
Event: 56.232 Thread 0x000001d9f843cf70 nmethod 11856 0x000001d9e9df7f90 code [0x000001d9e9df8100, 0x000001d9e9df81b8]

GC Heap History (20 events):
Event: 39.447 GC heap before
{Heap before GC invocations=54 (full 0):
 garbage-first heap   total 157696K, used 129561K [0x0000000081c00000, 0x0000000100000000)
  region size 1024K, 67 young (68608K), 9 survivors (9216K)
 Metaspace       used 79345K, committed 79936K, reserved 1122304K
  class space    used 9630K, committed 9920K, reserved 1048576K
}
Event: 39.470 GC heap after
{Heap after GC invocations=55 (full 0):
 garbage-first heap   total 157696K, used 74352K [0x0000000081c00000, 0x0000000100000000)
  region size 1024K, 9 young (9216K), 9 survivors (9216K)
 Metaspace       used 79345K, committed 79936K, reserved 1122304K
  class space    used 9630K, committed 9920K, reserved 1048576K
}
Event: 41.561 GC heap before
{Heap before GC invocations=55 (full 0):
 garbage-first heap   total 157696K, used 129648K [0x0000000081c00000, 0x0000000100000000)
  region size 1024K, 63 young (64512K), 9 survivors (9216K)
 Metaspace       used 81122K, committed 81664K, reserved 1122304K
  class space    used 9892K, committed 10176K, reserved 1048576K
}
Event: 41.583 GC heap after
{Heap after GC invocations=56 (full 0):
 garbage-first heap   total 157696K, used 77972K [0x0000000081c00000, 0x0000000100000000)
  region size 1024K, 8 young (8192K), 8 survivors (8192K)
 Metaspace       used 81122K, committed 81664K, reserved 1122304K
  class space    used 9892K, committed 10176K, reserved 1048576K
}
Event: 43.255 GC heap before
{Heap before GC invocations=56 (full 0):
 garbage-first heap   total 157696K, used 131220K [0x0000000081c00000, 0x0000000100000000)
  region size 1024K, 60 young (61440K), 8 survivors (8192K)
 Metaspace       used 83177K, committed 83776K, reserved 1122304K
  class space    used 10194K, committed 10496K, reserved 1048576K
}
Event: 43.278 GC heap after
{Heap after GC invocations=57 (full 0):
 garbage-first heap   total 157696K, used 80116K [0x0000000081c00000, 0x0000000100000000)
  region size 1024K, 6 young (6144K), 6 survivors (6144K)
 Metaspace       used 83177K, committed 83776K, reserved 1122304K
  class space    used 10194K, committed 10496K, reserved 1048576K
}
Event: 45.450 GC heap before
{Heap before GC invocations=57 (full 0):
 garbage-first heap   total 157696K, used 132340K [0x0000000081c00000, 0x0000000100000000)
  region size 1024K, 57 young (58368K), 6 survivors (6144K)
 Metaspace       used 88372K, committed 88960K, reserved 1130496K
  class space    used 10901K, committed 11200K, reserved 1048576K
}
Event: 45.464 GC heap after
{Heap after GC invocations=58 (full 0):
 garbage-first heap   total 157696K, used 82587K [0x0000000081c00000, 0x0000000100000000)
  region size 1024K, 5 young (5120K), 5 survivors (5120K)
 Metaspace       used 88372K, committed 88960K, reserved 1130496K
  class space    used 10901K, committed 11200K, reserved 1048576K
}
Event: 47.083 GC heap before
{Heap before GC invocations=58 (full 0):
 garbage-first heap   total 157696K, used 132763K [0x0000000081c00000, 0x0000000100000000)
  region size 1024K, 54 young (55296K), 5 survivors (5120K)
 Metaspace       used 91417K, committed 92032K, reserved 1130496K
  class space    used 11385K, committed 11712K, reserved 1048576K
}
Event: 47.096 GC heap after
{Heap after GC invocations=59 (full 0):
 garbage-first heap   total 157696K, used 84606K [0x0000000081c00000, 0x0000000100000000)
  region size 1024K, 5 young (5120K), 5 survivors (5120K)
 Metaspace       used 91417K, committed 92032K, reserved 1130496K
  class space    used 11385K, committed 11712K, reserved 1048576K
}
Event: 48.816 GC heap before
{Heap before GC invocations=59 (full 0):
 garbage-first heap   total 157696K, used 132734K [0x0000000081c00000, 0x0000000100000000)
  region size 1024K, 52 young (53248K), 5 survivors (5120K)
 Metaspace       used 93678K, committed 94272K, reserved 1138688K
  class space    used 11715K, committed 12032K, reserved 1048576K
}
Event: 48.832 GC heap after
{Heap after GC invocations=60 (full 0):
 garbage-first heap   total 157696K, used 87972K [0x0000000081c00000, 0x0000000100000000)
  region size 1024K, 6 young (6144K), 6 survivors (6144K)
 Metaspace       used 93678K, committed 94272K, reserved 1138688K
  class space    used 11715K, committed 12032K, reserved 1048576K
}
Event: 50.239 GC heap before
{Heap before GC invocations=60 (full 0):
 garbage-first heap   total 157696K, used 132004K [0x0000000081c00000, 0x0000000100000000)
  region size 1024K, 49 young (50176K), 6 survivors (6144K)
 Metaspace       used 94609K, committed 95232K, reserved 1138688K
  class space    used 11862K, committed 12160K, reserved 1048576K
}
Event: 50.254 GC heap after
{Heap after GC invocations=61 (full 0):
 garbage-first heap   total 157696K, used 91782K [0x0000000081c00000, 0x0000000100000000)
  region size 1024K, 7 young (7168K), 7 survivors (7168K)
 Metaspace       used 94609K, committed 95232K, reserved 1138688K
  class space    used 11862K, committed 12160K, reserved 1048576K
}
Event: 51.928 GC heap before
{Heap before GC invocations=61 (full 0):
 garbage-first heap   total 157696K, used 132742K [0x0000000081c00000, 0x0000000100000000)
  region size 1024K, 47 young (48128K), 7 survivors (7168K)
 Metaspace       used 96437K, committed 97088K, reserved 1138688K
  class space    used 12133K, committed 12480K, reserved 1048576K
}
Event: 51.945 GC heap after
{Heap after GC invocations=62 (full 0):
 garbage-first heap   total 157696K, used 94747K [0x0000000081c00000, 0x0000000100000000)
  region size 1024K, 3 young (3072K), 3 survivors (3072K)
 Metaspace       used 96437K, committed 97088K, reserved 1138688K
  class space    used 12133K, committed 12480K, reserved 1048576K
}
Event: 54.781 GC heap before
{Heap before GC invocations=62 (full 0):
 garbage-first heap   total 157696K, used 132635K [0x0000000081c00000, 0x0000000100000000)
  region size 1024K, 40 young (40960K), 3 survivors (3072K)
 Metaspace       used 98106K, committed 98688K, reserved 1138688K
  class space    used 12372K, committed 12672K, reserved 1048576K
}
Event: 54.790 GC heap after
{Heap after GC invocations=63 (full 0):
 garbage-first heap   total 157696K, used 96025K [0x0000000081c00000, 0x0000000100000000)
  region size 1024K, 2 young (2048K), 2 survivors (2048K)
 Metaspace       used 98106K, committed 98688K, reserved 1138688K
  class space    used 12372K, committed 12672K, reserved 1048576K
}
Event: 55.431 GC heap before
{Heap before GC invocations=63 (full 0):
 garbage-first heap   total 157696K, used 129817K [0x0000000081c00000, 0x0000000100000000)
  region size 1024K, 36 young (36864K), 2 survivors (2048K)
 Metaspace       used 101140K, committed 101760K, reserved 1138688K
  class space    used 12947K, committed 13248K, reserved 1048576K
}
Event: 55.436 GC heap after
{Heap after GC invocations=64 (full 0):
 garbage-first heap   total 157696K, used 95970K [0x0000000081c00000, 0x0000000100000000)
  region size 1024K, 2 young (2048K), 2 survivors (2048K)
 Metaspace       used 101140K, committed 101760K, reserved 1138688K
  class space    used 12947K, committed 13248K, reserved 1048576K
}

Deoptimization events (20 events):
Event: 55.952 Thread 0x000001d9de493360 DEOPT PACKING pc=0x000001d9e9ebb628 sp=0x0000003b040fb8c0
Event: 55.952 Thread 0x000001d9de493360 DEOPT UNPACKING pc=0x000001d9e1b823a3 sp=0x0000003b040fb880 mode 2
Event: 55.952 Thread 0x000001d9de493360 Uncommon trap: trap_request=0xffffffc6 fr.pc=0x000001d9e9ebb628 relative=0x0000000000001228
Event: 55.952 Thread 0x000001d9de493360 Uncommon trap: reason=bimorphic_or_optimized_type_check action=maybe_recompile pc=0x000001d9e9ebb628 method=java.util.HashMap.computeIfAbsent(Ljava/lang/Object;Ljava/util/function/Function;)Ljava/lang/Object; @ 286 c2
Event: 55.952 Thread 0x000001d9de493360 DEOPT PACKING pc=0x000001d9e9ebb628 sp=0x0000003b040fb8c0
Event: 55.952 Thread 0x000001d9de493360 DEOPT UNPACKING pc=0x000001d9e1b823a3 sp=0x0000003b040fb880 mode 2
Event: 55.952 Thread 0x000001d9de493360 Uncommon trap: trap_request=0xffffffc6 fr.pc=0x000001d9e9ebb628 relative=0x0000000000001228
Event: 55.952 Thread 0x000001d9de493360 Uncommon trap: reason=bimorphic_or_optimized_type_check action=maybe_recompile pc=0x000001d9e9ebb628 method=java.util.HashMap.computeIfAbsent(Ljava/lang/Object;Ljava/util/function/Function;)Ljava/lang/Object; @ 286 c2
Event: 55.952 Thread 0x000001d9de493360 DEOPT PACKING pc=0x000001d9e9ebb628 sp=0x0000003b040fb8c0
Event: 55.952 Thread 0x000001d9de493360 DEOPT UNPACKING pc=0x000001d9e1b823a3 sp=0x0000003b040fb880 mode 2
Event: 56.168 Thread 0x000001d9821f32a0 Uncommon trap: trap_request=0xffffff97 fr.pc=0x000001d9e9dca0f8 relative=0x0000000000000138
Event: 56.168 Thread 0x000001d9821f32a0 Uncommon trap: reason=unhandled action=none pc=0x000001d9e9dca0f8 method=jdk.internal.loader.BuiltinClassLoader.loadClass(Ljava/lang/String;Z)Ljava/lang/Class; @ 19 c2
Event: 56.168 Thread 0x000001d9821f32a0 DEOPT PACKING pc=0x000001d9e9dca0f8 sp=0x0000003b06bfe180
Event: 56.168 Thread 0x000001d9821f32a0 DEOPT UNPACKING pc=0x000001d9e1b823a3 sp=0x0000003b06bfe048 mode 2
Event: 56.169 Thread 0x000001d9821f32a0 DEOPT PACKING pc=0x000001d9e2bed651 sp=0x0000003b06bfdee0
Event: 56.169 Thread 0x000001d9821f32a0 DEOPT UNPACKING pc=0x000001d9e1b82b43 sp=0x0000003b06bfd3e8 mode 0
Event: 56.179 Thread 0x000001d9821f32a0 Uncommon trap: trap_request=0xffffff97 fr.pc=0x000001d9e9dca0f8 relative=0x0000000000000138
Event: 56.179 Thread 0x000001d9821f32a0 Uncommon trap: reason=unhandled action=none pc=0x000001d9e9dca0f8 method=jdk.internal.loader.BuiltinClassLoader.loadClass(Ljava/lang/String;Z)Ljava/lang/Class; @ 19 c2
Event: 56.179 Thread 0x000001d9821f32a0 DEOPT PACKING pc=0x000001d9e9dca0f8 sp=0x0000003b06bfe1f0
Event: 56.179 Thread 0x000001d9821f32a0 DEOPT UNPACKING pc=0x000001d9e1b823a3 sp=0x0000003b06bfe0b8 mode 2

Classes unloaded (0 events):
No events

Classes redefined (0 events):
No events

Internal exceptions (20 events):
Event: 51.023 Thread 0x000001d9de493360 Exception <a 'java/lang/ClassNotFoundException'{0x000000008a3c24e8}: org/springframework/boot/test/web/client/TestRestTemplateContextCustomizer$TestRestTemplateFactoryCustomizer> (0x000000008a3c24e8) 
thrown [s\src\hotspot\share\classfile\systemDictionary.cpp, line 256]
Event: 51.026 Thread 0x000001d9de493360 Exception <a 'java/lang/ClassNotFoundException'{0x000000008a3d5a68}: org/springframework/beans/factory/FactoryBeanCustomizer> (0x000000008a3d5a68) 
thrown [s\src\hotspot\share\classfile\systemDictionary.cpp, line 256]
Event: 51.029 Thread 0x000001d9de493360 Exception <a 'java/lang/ClassNotFoundException'{0x000000008a3e1e68}: org/springframework/context/ApplicationContextAwareCustomizer> (0x000000008a3e1e68) 
thrown [s\src\hotspot\share\classfile\systemDictionary.cpp, line 256]
Event: 51.032 Thread 0x000001d9de493360 Exception <a 'java/lang/ClassNotFoundException'{0x000000008a3eca98}: org/springframework/beans/factory/AwareCustomizer> (0x000000008a3eca98) 
thrown [s\src\hotspot\share\classfile\systemDictionary.cpp, line 256]
Event: 51.038 Thread 0x000001d9de493360 Exception <a 'java/lang/ClassNotFoundException'{0x000000008a200490}: java/lang/ObjectCustomizer> (0x000000008a200490) 
thrown [s\src\hotspot\share\classfile\systemDictionary.cpp, line 256]
Event: 51.041 Thread 0x000001d9de493360 Exception <a 'java/lang/ClassNotFoundException'{0x000000008a20ebf8}: org/springframework/boot/autoconfigure/web/client/RestTemplateBuilderConfigurerCustomizer> (0x000000008a20ebf8) 
thrown [s\src\hotspot\share\classfile\systemDictionary.cpp, line 256]
Event: 51.051 Thread 0x000001d9de493360 Exception <a 'java/lang/ClassNotFoundException'{0x000000008a248108}: org/springframework/boot/web/client/RestTemplateBuilderBeanInfo> (0x000000008a248108) 
thrown [s\src\hotspot\share\classfile\systemDictionary.cpp, line 256]
Event: 51.053 Thread 0x000001d9de493360 Exception <a 'java/lang/ClassNotFoundException'{0x000000008a251b28}: org/springframework/boot/web/client/RestTemplateBuilderCustomizer> (0x000000008a251b28) 
thrown [s\src\hotspot\share\classfile\systemDictionary.cpp, line 256]
Event: 51.297 Thread 0x000001d9de493360 Exception <a 'java/lang/NoSuchMethodError'{0x0000000089631d30}: 'java.lang.Object java.lang.invoke.DirectMethodHandle$Holder.invokeSpecial(java.lang.Object, java.lang.Object, int, java.lang.Object, int, java.lang.Object)'> (0x0000000089631d30) 
thrown [s\src\hotspot\share\interpreter\linkResolver.cpp, line 759]
Event: 51.297 Thread 0x000001d9de493360 Exception <a 'java/lang/NoSuchMethodError'{0x000000008963a328}: 'java.lang.Object java.lang.invoke.DirectMethodHandle$Holder.newInvokeSpecial(java.lang.Object, java.lang.Object, int, java.lang.Object, int)'> (0x000000008963a328) 
thrown [s\src\hotspot\share\interpreter\linkResolver.cpp, line 759]
Event: 51.298 Thread 0x000001d9de493360 Exception <a 'java/lang/NoSuchMethodError'{0x000000008963e978}: 'java.lang.Object java.lang.invoke.DirectMethodHandle$Holder.invokeSpecial(java.lang.Object, java.lang.Object, java.lang.Object, int, java.lang.Object, int)'> (0x000000008963e978) 
thrown [s\src\hotspot\share\interpreter\linkResolver.cpp, line 759]
Event: 51.300 Thread 0x000001d9de493360 Exception <a 'java/lang/NoSuchMethodError'{0x0000000089650010}: 'void java.lang.invoke.DirectMethodHandle$Holder.invokeVirtual(java.lang.Object, java.lang.Object)'> (0x0000000089650010) 
thrown [s\src\hotspot\share\interpreter\linkResolver.cpp, line 759]
Event: 52.221 Thread 0x000001d9de493360 Exception <a 'java/lang/NoSuchMethodError'{0x000000008a3b50b8}: 'java.lang.Object java.lang.invoke.DirectMethodHandle$Holder.invokeStatic(java.lang.Object, int, java.lang.Object)'> (0x000000008a3b50b8) 
thrown [s\src\hotspot\share\interpreter\linkResolver.cpp, line 759]
Event: 52.418 Thread 0x000001d9de493360 Exception <a 'java/lang/reflect/InvocationTargetException'{0x0000000089986508}> (0x0000000089986508) 
thrown [s\src\hotspot\share\runtime\reflection.cpp, line 1121]
Event: 54.704 Thread 0x000001d9de493360 Exception <a 'java/lang/ClassNotFoundException'{0x000000008957e048}: java/lang/ObjectCustomizer> (0x000000008957e048) 
thrown [s\src\hotspot\share\classfile\systemDictionary.cpp, line 256]
Event: 54.706 Thread 0x000001d9de493360 Exception <a 'java/lang/ClassNotFoundException'{0x000000008958a788}: com/yuzee/app/controller/CreateCourseAndInstituteCustomizer> (0x000000008958a788) 
thrown [s\src\hotspot\share\classfile\systemDictionary.cpp, line 256]
Event: 54.707 Thread 0x000001d9de493360 Exception <a 'java/lang/ClassNotFoundException'{0x00000000895947b0}: com/yuzee/app/controller/CourseCareerOutcomeTestCustomizer> (0x00000000895947b0) 
thrown [s\src\hotspot\share\classfile\systemDictionary.cpp, line 256]
Event: 55.350 Thread 0x000001d9de493360 Implicit null exception at 0x000001d9e9ef53b9 to 0x000001d9e9ef588c
Event: 55.350 Thread 0x000001d9de493360 Implicit null exception at 0x000001d9e9a48bf5 to 0x000001d9e9a491e4
Event: 55.477 Thread 0x000001d9de493360 Exception <a 'java/lang/ClassNotFoundException'{0x000000008bf72030}: java/lang/ClassLoader$ByteBuddyAccessor$FTgr1qhu> (0x000000008bf72030) 
thrown [s\src\hotspot\share\classfile\systemDictionary.cpp, line 256]

VM Operations (20 events):
Event: 55.408 Executing VM operation: ICBufferFull
Event: 55.408 Executing VM operation: ICBufferFull done
Event: 55.431 Executing VM operation: CollectForMetadataAllocation
Event: 55.436 Executing VM operation: CollectForMetadataAllocation done
Event: 55.507 Executing VM operation: CollectForMetadataAllocation
Event: 55.507 Executing VM operation: CollectForMetadataAllocation done
Event: 55.605 Executing VM operation: CollectForMetadataAllocation
Event: 55.605 Executing VM operation: CollectForMetadataAllocation done
Event: 55.637 Executing VM operation: G1Concurrent
Event: 55.646 Executing VM operation: G1Concurrent done
Event: 55.716 Executing VM operation: HandshakeAllThreads
Event: 55.716 Executing VM operation: HandshakeAllThreads done
Event: 55.752 Executing VM operation: HandshakeAllThreads
Event: 55.752 Executing VM operation: HandshakeAllThreads done
Event: 55.752 Executing VM operation: HandshakeAllThreads
Event: 55.752 Executing VM operation: HandshakeAllThreads done
Event: 55.772 Executing VM operation: G1Concurrent
Event: 55.772 Executing VM operation: G1Concurrent done
Event: 56.211 Executing VM operation: HandshakeAllThreads
Event: 56.211 Executing VM operation: HandshakeAllThreads done

Events (20 events):
Event: 56.105 loading class java/nio/BufferOverflowException done
Event: 56.108 loading class java/nio/channels/ReadPendingException
Event: 56.109 loading class java/nio/channels/ReadPendingException done
Event: 56.109 loading class java/nio/channels/WritePendingException
Event: 56.109 loading class java/nio/channels/WritePendingException done
Event: 56.113 Thread 0x000001d9fe215c00 Thread exited: 0x000001d9fe215c00
Event: 56.119 loading class java/util/concurrent/Semaphore$NonfairSync
Event: 56.119 loading class java/util/concurrent/Semaphore$NonfairSync done
Event: 56.119 loading class sun/nio/ch/SocketAdaptor
Event: 56.120 loading class sun/nio/ch/SocketAdaptor done
Event: 56.122 loading class sun/nio/ch/SocketChannelImpl$DefaultOptionsHolder
Event: 56.122 loading class sun/nio/ch/SocketChannelImpl$DefaultOptionsHolder done
Event: 56.124 loading class sun/nio/ch/SelectionKeyImpl
Event: 56.125 loading class java/nio/channels/spi/AbstractSelectionKey
Event: 56.125 loading class java/nio/channels/SelectionKey
Event: 56.125 loading class java/nio/channels/SelectionKey done
Event: 56.125 loading class java/nio/channels/spi/AbstractSelectionKey done
Event: 56.125 loading class sun/nio/ch/SelectionKeyImpl done
Event: 56.126 loading class java/lang/invoke/ConstantBootstraps
Event: 56.126 loading class java/lang/invoke/ConstantBootstraps done


Dynamic libraries:
0x00007ff755740000 - 0x00007ff75574e000 	C:\Users\BUYPC\Desktop\sts-4.16.0.RELEASE\plugins\org.eclipse.justj.openjdk.hotspot.jre.full.win32.x86_64_17.0.4.v20220903-1038\jre\bin\javaw.exe
0x00007ffacc030000 - 0x00007ffacc228000 	C:\Windows\SYSTEM32\ntdll.dll
0x00007ffaace40000 - 0x00007ffaace57000 	C:\Program Files\Avast Software\Avast\aswhook.dll
0x00007ffacb590000 - 0x00007ffacb64f000 	C:\Windows\System32\KERNEL32.DLL
0x00007ffac9c10000 - 0x00007ffac9ee2000 	C:\Windows\System32\KERNELBASE.dll
0x00007ffac97d0000 - 0x00007ffac98d0000 	C:\Windows\System32\ucrtbase.dll
0x00007ffab5cc0000 - 0x00007ffab5cd8000 	C:\Users\BUYPC\Desktop\sts-4.16.0.RELEASE\plugins\org.eclipse.justj.openjdk.hotspot.jre.full.win32.x86_64_17.0.4.v20220903-1038\jre\bin\jli.dll
0x00007ffacac90000 - 0x00007ffacae2d000 	C:\Windows\System32\USER32.dll
0x00007ffac98d0000 - 0x00007ffac98f2000 	C:\Windows\System32\win32u.dll
0x00007ffaca150000 - 0x00007ffaca17b000 	C:\Windows\System32\GDI32.dll
0x00007ffac9b00000 - 0x00007ffac9c0f000 	C:\Windows\System32\gdi32full.dll
0x00007ffac9730000 - 0x00007ffac97cd000 	C:\Windows\System32\msvcp_win.dll
0x00007ffab5b50000 - 0x00007ffab5b69000 	C:\Users\BUYPC\Desktop\sts-4.16.0.RELEASE\plugins\org.eclipse.justj.openjdk.hotspot.jre.full.win32.x86_64_17.0.4.v20220903-1038\jre\bin\VCRUNTIME140.dll
0x00007ffab42d0000 - 0x00007ffab456a000 	C:\Windows\WinSxS\amd64_microsoft.windows.common-controls_6595b64144ccf1df_6.0.19041.1110_none_60b5254171f9507e\COMCTL32.dll
0x00007ffaca780000 - 0x00007ffaca81e000 	C:\Windows\System32\msvcrt.dll
0x00007ffaca230000 - 0x00007ffaca262000 	C:\Windows\System32\IMM32.DLL
0x00007ffac0c50000 - 0x00007ffac0c5c000 	C:\Users\BUYPC\Desktop\sts-4.16.0.RELEASE\plugins\org.eclipse.justj.openjdk.hotspot.jre.full.win32.x86_64_17.0.4.v20220903-1038\jre\bin\vcruntime140_1.dll
0x00007ffab4800000 - 0x00007ffab4891000 	C:\Users\BUYPC\Desktop\sts-4.16.0.RELEASE\plugins\org.eclipse.justj.openjdk.hotspot.jre.full.win32.x86_64_17.0.4.v20220903-1038\jre\bin\msvcp140.dll
0x00007ffa977c0000 - 0x00007ffa98406000 	C:\Users\BUYPC\Desktop\sts-4.16.0.RELEASE\plugins\org.eclipse.justj.openjdk.hotspot.jre.full.win32.x86_64_17.0.4.v20220903-1038\jre\bin\server\jvm.dll
0x00007ffaca180000 - 0x00007ffaca22e000 	C:\Windows\System32\ADVAPI32.dll
0x00007ffacbf50000 - 0x00007ffacbfec000 	C:\Windows\System32\sechost.dll
0x00007ffacbbb0000 - 0x00007ffacbcd5000 	C:\Windows\System32\RPCRT4.dll
0x00007ffacbcf0000 - 0x00007ffacbcf8000 	C:\Windows\System32\PSAPI.DLL
0x00007ffabcc10000 - 0x00007ffabcc19000 	C:\Windows\SYSTEM32\WSOCK32.dll
0x00007ffaca320000 - 0x00007ffaca38b000 	C:\Windows\System32\WS2_32.dll
0x00007ffab7130000 - 0x00007ffab7157000 	C:\Windows\SYSTEM32\WINMM.dll
0x00007ffac1a40000 - 0x00007ffac1a4a000 	C:\Windows\SYSTEM32\VERSION.dll
0x00007ffac7f40000 - 0x00007ffac7f52000 	C:\Windows\SYSTEM32\kernel.appcore.dll
0x00007ffac4f20000 - 0x00007ffac4f2a000 	C:\Users\BUYPC\Desktop\sts-4.16.0.RELEASE\plugins\org.eclipse.justj.openjdk.hotspot.jre.full.win32.x86_64_17.0.4.v20220903-1038\jre\bin\jimage.dll
0x00007ffac1500000 - 0x00007ffac16e4000 	C:\Windows\SYSTEM32\DBGHELP.DLL
0x00007ffac1470000 - 0x00007ffac149c000 	C:\Windows\SYSTEM32\dbgcore.DLL
0x00007ffac9ef0000 - 0x00007ffac9f72000 	C:\Windows\System32\bcryptPrimitives.dll
0x00007ffaabb00000 - 0x00007ffaabb3b000 	C:\Users\BUYPC\Desktop\sts-4.16.0.RELEASE\plugins\org.eclipse.justj.openjdk.hotspot.jre.full.win32.x86_64_17.0.4.v20220903-1038\jre\bin\jdwp.dll
0x00007ffac32e0000 - 0x00007ffac32ee000 	C:\Users\BUYPC\Desktop\sts-4.16.0.RELEASE\plugins\org.eclipse.justj.openjdk.hotspot.jre.full.win32.x86_64_17.0.4.v20220903-1038\jre\bin\instrument.dll
0x00007ffab5da0000 - 0x00007ffab5dc5000 	C:\Users\BUYPC\Desktop\sts-4.16.0.RELEASE\plugins\org.eclipse.justj.openjdk.hotspot.jre.full.win32.x86_64_17.0.4.v20220903-1038\jre\bin\java.dll
0x00007ffab5c20000 - 0x00007ffab5c38000 	C:\Users\BUYPC\Desktop\sts-4.16.0.RELEASE\plugins\org.eclipse.justj.openjdk.hotspot.jre.full.win32.x86_64_17.0.4.v20220903-1038\jre\bin\zip.dll
0x00007ffacae30000 - 0x00007ffacb573000 	C:\Windows\System32\SHELL32.dll
0x00007ffac7790000 - 0x00007ffac7f22000 	C:\Windows\SYSTEM32\windows.storage.dll
0x00007ffaca420000 - 0x00007ffaca774000 	C:\Windows\System32\combase.dll
0x00007ffac8fd0000 - 0x00007ffac9000000 	C:\Windows\SYSTEM32\Wldp.dll
0x00007ffacb650000 - 0x00007ffacb6fd000 	C:\Windows\System32\SHCORE.dll
0x00007ffacbaf0000 - 0x00007ffacbb45000 	C:\Windows\System32\shlwapi.dll
0x00007ffac9670000 - 0x00007ffac968f000 	C:\Windows\SYSTEM32\profapi.dll
0x00007ffac5bb0000 - 0x00007ffac5bbc000 	C:\Users\BUYPC\Desktop\sts-4.16.0.RELEASE\plugins\org.eclipse.justj.openjdk.hotspot.jre.full.win32.x86_64_17.0.4.v20220903-1038\jre\bin\dt_socket.dll
0x00007ffac8ac0000 - 0x00007ffac8afb000 	C:\Windows\SYSTEM32\IPHLPAPI.DLL
0x00007ffac8db0000 - 0x00007ffac8e1a000 	C:\Windows\system32\mswsock.dll
0x00007ffac8b10000 - 0x00007ffac8bda000 	C:\Windows\SYSTEM32\DNSAPI.dll
0x00007ffacbce0000 - 0x00007ffacbce8000 	C:\Windows\System32\NSI.dll
0x00007ffabdba0000 - 0x00007ffabdbaa000 	C:\Windows\System32\rasadhlp.dll
0x00007ffabdc10000 - 0x00007ffabdc90000 	C:\Windows\System32\fwpuclnt.dll
0x00007ffac9900000 - 0x00007ffac9927000 	C:\Windows\System32\bcrypt.dll
0x00007ffab5ab0000 - 0x00007ffab5ac9000 	C:\Users\BUYPC\Desktop\sts-4.16.0.RELEASE\plugins\org.eclipse.justj.openjdk.hotspot.jre.full.win32.x86_64_17.0.4.v20220903-1038\jre\bin\net.dll
0x00007ffabd7a0000 - 0x00007ffabd8ac000 	C:\Windows\SYSTEM32\WINHTTP.dll
0x00007ffab57d0000 - 0x00007ffab57e5000 	C:\Users\BUYPC\Desktop\sts-4.16.0.RELEASE\plugins\org.eclipse.justj.openjdk.hotspot.jre.full.win32.x86_64_17.0.4.v20220903-1038\jre\bin\nio.dll
0x00007ffac2540000 - 0x00007ffac2550000 	C:\Users\BUYPC\Desktop\sts-4.16.0.RELEASE\plugins\org.eclipse.justj.openjdk.hotspot.jre.full.win32.x86_64_17.0.4.v20220903-1038\jre\bin\verify.dll
0x00007ffac0620000 - 0x00007ffac0637000 	C:\Windows\SYSTEM32\dhcpcsvc6.DLL
0x00007ffac0730000 - 0x00007ffac074d000 	C:\Windows\SYSTEM32\dhcpcsvc.DLL
0x00007ffac93d0000 - 0x00007ffac93e8000 	C:\Windows\SYSTEM32\CRYPTSP.dll
0x00007ffac86f0000 - 0x00007ffac8724000 	C:\Windows\system32\rsaenh.dll
0x00007ffac9630000 - 0x00007ffac965e000 	C:\Windows\SYSTEM32\USERENV.dll
0x00007ffac8f40000 - 0x00007ffac8f4c000 	C:\Windows\SYSTEM32\CRYPTBASE.dll
0x00007ffac0b60000 - 0x00007ffac0b69000 	C:\Users\BUYPC\Desktop\sts-4.16.0.RELEASE\plugins\org.eclipse.justj.openjdk.hotspot.jre.full.win32.x86_64_17.0.4.v20220903-1038\jre\bin\management.dll
0x00007ffab7090000 - 0x00007ffab709b000 	C:\Users\BUYPC\Desktop\sts-4.16.0.RELEASE\plugins\org.eclipse.justj.openjdk.hotspot.jre.full.win32.x86_64_17.0.4.v20220903-1038\jre\bin\management_ext.dll
0x00007ffab0bf0000 - 0x00007ffab0c07000 	C:\Windows\system32\napinsp.dll
0x00007ffab0bd0000 - 0x00007ffab0beb000 	C:\Windows\system32\pnrpnsp.dll
0x00007ffac3240000 - 0x00007ffac3255000 	C:\Windows\system32\wshbth.dll
0x00007ffac4f00000 - 0x00007ffac4f1d000 	C:\Windows\system32\NLAapi.dll
0x00007ffab0780000 - 0x00007ffab0792000 	C:\Windows\System32\winrnr.dll
0x00007ffac0ca0000 - 0x00007ffac0cae000 	C:\Users\BUYPC\Desktop\sts-4.16.0.RELEASE\plugins\org.eclipse.justj.openjdk.hotspot.jre.full.win32.x86_64_17.0.4.v20220903-1038\jre\bin\sunmscapi.dll
0x00007ffac99a0000 - 0x00007ffac9af6000 	C:\Windows\System32\CRYPT32.dll
0x00007ffac9040000 - 0x00007ffac9067000 	C:\Windows\SYSTEM32\ncrypt.dll
0x00007ffac9000000 - 0x00007ffac903b000 	C:\Windows\SYSTEM32\NTASN1.dll
0x00007ffac5ba0000 - 0x00007ffac5ba7000 	C:\Windows\system32\wshunix.dll

dbghelp: loaded successfully - version: 4.0.5 - missing functions: none
symbol engine: initialized successfully - sym options: 0x614 - pdb path: .;C:\Users\BUYPC\Desktop\sts-4.16.0.RELEASE\plugins\org.eclipse.justj.openjdk.hotspot.jre.full.win32.x86_64_17.0.4.v20220903-1038\jre\bin;C:\Windows\SYSTEM32;C:\Program Files\Avast Software\Avast;C:\Windows\WinSxS\amd64_microsoft.windows.common-controls_6595b64144ccf1df_6.0.19041.1110_none_60b5254171f9507e;C:\Users\BUYPC\Desktop\sts-4.16.0.RELEASE\plugins\org.eclipse.justj.openjdk.hotspot.jre.full.win32.x86_64_17.0.4.v20220903-1038\jre\bin\server

VM Arguments:
jvm_args: -XX:+ShowCodeDetailsInExceptionMessages -agentlib:jdwp=transport=dt_socket,suspend=y,address=localhost:64674 -ea -javaagent:C:\Users\BUYPC\Desktop\sts-4.16.0.RELEASE\configuration\org.eclipse.osgi\268\0\.cp\lib\javaagent-shaded.jar -Dfile.encoding=UTF-8 
java_command: org.eclipse.jdt.internal.junit.runner.RemoteTestRunner -version 3 -port 64673 -testLoaderClass org.eclipse.jdt.internal.junit5.runner.JUnit5TestLoader -loaderpluginname org.eclipse.jdt.junit5.runtime -test com.yuzee.app.controller.CourseCareerOutcomeTest:TestSaveCourseCareerOutCome
java_class_path (initial): C:\Users\BUYPC\Desktop\yuzee-backend-institute-api\target\test-classes;C:\Users\BUYPC\Desktop\yuzee-backend-institute-api\target\classes;C:\Users\BUYPC\.m2\repository\org\apache\commons\commons-lang3\3.11\commons-lang3-3.11.jar;C:\Users\BUYPC\.m2\repository\org\projectlombok\lombok\1.18.20\lombok-1.18.20.jar;C:\Users\BUYPC\.m2\repository\junit\junit\4.12\junit-4.12.jar;C:\Users\BUYPC\.m2\repository\org\hamcrest\hamcrest-core\2.2\hamcrest-core-2.2.jar;C:\Users\BUYPC\.m2\repository\org\springframework\boot\spring-boot-starter-web\2.4.5\spring-boot-starter-web-2.4.5.jar;C:\Users\BUYPC\.m2\repository\org\springframework\boot\spring-boot-starter\2.4.5\spring-boot-starter-2.4.5.jar;C:\Users\BUYPC\.m2\repository\org\springframework\boot\spring-boot-starter-logging\2.4.5\spring-boot-starter-logging-2.4.5.jar;C:\Users\BUYPC\.m2\repository\ch\qos\logback\logback-classic\1.2.3\logback-classic-1.2.3.jar;C:\Users\BUYPC\.m2\repository\ch\qos\logback\logback-core\1.2.3\logback-core-1.2.3.jar;C:\Users\BUYPC\.m2\repository\org\apache\logging\log4j\log4j-to-slf4j\2.13.3\log4j-to-slf4j-2.13.3.jar;C:\Users\BUYPC\.m2\repository\org\apache\logging\log4j\log4j-api\2.13.3\log4j-api-2.13.3.jar;C:\Users\BUYPC\.m2\repository\org\slf4j\jul-to-slf4j\1.7.30\jul-to-slf4j-1.7.30.jar;C:\Users\BUYPC\.m2\repository\org\yaml\snakeyaml\1.27\snakeyaml-1.27.jar;C:\Users\BUYPC\.m2\repository\org\springframework\boot\spring-boot-starter-json\2.4.5\spring-boot-starter-json-2.4.5.jar;C:\Users\BUYPC\.m2\repository\com\fasterxml\jackson\datatype\jackson-datatype-jdk8\2.11.4\jackson-datatype-jdk8-2.11.4.jar;C:\Users\BUYPC\.m2\repository\com\fasterxml\jackson\datatype\jackson-datatype-jsr310\2.11.4\jackson-datatype-jsr310-2.11.4.jar;C:\Users\BUYPC\.m2\repository\com\fasterxml\jackson\module\jackson-module-parameter-names\2.11.4\jackson-module-parameter-names-2.11.4.jar;C:\Users\BUYPC\.m2\repository\org\springframework\spring-web\5.3.6\spring-web-5.3.6.jar;C:\Users\BUYPC\.m2\repositor
Launcher Type: SUN_STANDARD

[Global flags]
     intx CICompilerCount                          = 3                                         {product} {ergonomic}
     uint ConcGCThreads                            = 1                                         {product} {ergonomic}
     uint G1ConcRefinementThreads                  = 4                                         {product} {ergonomic}
   size_t G1HeapRegionSize                         = 1048576                                   {product} {ergonomic}
    uintx GCDrainStackTargetSize                   = 64                                        {product} {ergonomic}
   size_t InitialHeapSize                          = 134217728                                 {product} {ergonomic}
   size_t MarkStackSize                            = 4194304                                   {product} {ergonomic}
   size_t MaxHeapSize                              = 2118123520                                {product} {ergonomic}
   size_t MaxNewSize                               = 1270874112                                {product} {ergonomic}
   size_t MinHeapDeltaBytes                        = 1048576                                   {product} {ergonomic}
   size_t MinHeapSize                              = 8388608                                   {product} {ergonomic}
    uintx NonNMethodCodeHeapSize                   = 5832780                                {pd product} {ergonomic}
    uintx NonProfiledCodeHeapSize                  = 122912730                              {pd product} {ergonomic}
    uintx ProfiledCodeHeapSize                     = 122912730                              {pd product} {ergonomic}
    uintx ReservedCodeCacheSize                    = 251658240                              {pd product} {ergonomic}
     bool SegmentedCodeCache                       = true                                      {product} {ergonomic}
     bool ShowCodeDetailsInExceptionMessages       = true                                   {manageable} {command line}
   size_t SoftMaxHeapSize                          = 2118123520                             {manageable} {ergonomic}
     bool UseCompressedClassPointers               = true                           {product lp64_product} {ergonomic}
     bool UseCompressedOops                        = true                           {product lp64_product} {ergonomic}
     bool UseG1GC                                  = true                                      {product} {ergonomic}
     bool UseLargePagesIndividualAllocation        = false                                  {pd product} {ergonomic}

Logging:
Log output configuration:
 #0: stdout all=warning uptime,level,tags
 #1: stderr all=off uptime,level,tags

Environment Variables:
JAVA_HOME=C:\Program Files\Java\jdk-17.0.2
PATH=C:\Users\BUYPC\Desktop\sts-4.16.0.RELEASE\plugins\org.eclipse.justj.openjdk.hotspot.jre.full.win32.x86_64_17.0.4.v20220903-1038\jre\bin;C:/Users/BUYPC/Desktop/sts-4.16.0.RELEASE//plugins/org.eclipse.justj.openjdk.hotspot.jre.full.win32.x86_64_17.0.4.v20220903-1038/jre/bin/server;C:/Users/BUYPC/Desktop/sts-4.16.0.RELEASE//plugins/org.eclipse.justj.openjdk.hotspot.jre.full.win32.x86_64_17.0.4.v20220903-1038/jre/bin;C:\Program Files\Common Files\Oracle\Java\javapath;C:\Program Files\Java\jdk-16.0.2\bin;C:\Windows\system32;C:\Windows;C:\Windows\System32\Wbem;C:\Windows\System32\WindowsPowerShell\v1.0\;C:\Windows\System32\OpenSSH\;C:\Users\BUYPC\Desktop\apache-maven-3.8.4-bin\apache-maven-3.8.4\bin;C:\Program Files\Git\cmd;C:\Program Files\nodejs\;C:\ProgramData\Microsoft\Windows\Start Menu\Programs\MySQL\MySQL Server 8.0;C:\Users\BUYPC\Downloads\sonarqube-8.9.9.56886\sonarqube-8.9.9.56886\bin;;C:\Program Files\Docker\Docker\resources\bin;C:\Program Files\MySQL\MySQL Shell 8.0\bin\;C:\Users\BUYPC\AppData\Local\Microsoft\WindowsApps;C:\Users\BUYPC\AppData\Roaming\npm;C:\Users\BUYPC\AppData\Local\Programs\Microsoft VS Code\bin;C:\Users\BUYPC\Desktop\;C:\Users\BUYPC\Desktop\sts-4.16.0.RELEASE;
USERNAME=BUYPC
OS=Windows_NT
PROCESSOR_IDENTIFIER=Intel64 Family 6 Model 42 Stepping 7, GenuineIntel
TMP=C:\Users\BUYPC\AppData\Local\Temp
TEMP=C:\Users\BUYPC\AppData\Local\Temp



---------------  S Y S T E M  ---------------

OS:
 Windows 10 , 64 bit Build 19041 (10.0.19041.2251)
OS uptime: 0 days 14:48 hours
Hyper-V role detected

CPU: total 4 (initial active 4) (2 cores per cpu, 2 threads per core) family 6 model 42 stepping 7 microcode 0x2f, cx8, cmov, fxsr, ht, mmx, sse, sse2, sse3, ssse3, sse4.1, sse4.2, popcnt, tsc, tscinvbit, avx, aes, clmul, vzeroupper, clflush, hv

Memory: 4k page, system-wide physical 8073M (964M free)
TotalPageFile size 13193M (AvailPageFile size 4279M)
current process WorkingSet (physical memory assigned to process): 555M, peak: 555M
current process commit charge ("private bytes"): 581M, peak: 581M

vm_info: OpenJDK 64-Bit Server VM (17.0.4.1+1) for windows-amd64 JRE (17.0.4.1+1), built on Aug 17 2022 07:42:43 by "temurin" with MS VC++ 16.7 (VS2019)

END.
