#
# A fatal error has been detected by the Java Runtime Environment:
#
#  EXCEPTION_ACCESS_VIOLATION (0xc0000005) at pc=0x00007ffa97af0811, pid=8216, tid=8112
#
# JRE version: OpenJDK Runtime Environment Temurin-17.0.4.1+1 (17.0.4.1+1) (build 17.0.4.1+1)
# Java VM: OpenJDK 64-Bit Server VM Temurin-17.0.4.1+1 (17.0.4.1+1, mixed mode, tiered, compressed oops, compressed class ptrs, g1 gc, windows-amd64)
# Problematic frame:
# V  [jvm.dll+0x330811]
#
# No core dump will be written. Minidumps are not enabled by default on client versions of Windows
#
# If you would like to submit a bug report, please visit:
#   https://github.com/adoptium/adoptium-support/issues
#

---------------  S U M M A R Y ------------

Command Line: -XX:+ShowCodeDetailsInExceptionMessages -agentlib:jdwp=transport=dt_socket,suspend=y,address=localhost:56330 -ea -javaagent:C:\Users\BUYPC\Desktop\sts-4.16.0.RELEASE\configuration\org.eclipse.osgi\268\0\.cp\lib\javaagent-shaded.jar -Dfile.encoding=UTF-8 org.eclipse.jdt.internal.junit.runner.RemoteTestRunner -version 3 -port 56328 -testLoaderClass org.eclipse.jdt.internal.junit5.runner.JUnit5TestLoader -loaderpluginname org.eclipse.jdt.junit5.runtime -classNames com.yuzee.app.controller.CourseControllerTest

Host: Intel(R) Core(TM) i7-2640M CPU @ 2.80GHz, 4 cores, 7G,  Windows 10 , 64 bit Build 19041 (10.0.19041.2251)
Time: Fri Dec  2 03:53:19 2022 Pacific Standard Time elapsed time: 7.950333 seconds (0d 0h 0m 7s)

---------------  T H R E A D  ---------------

Current thread (0x00000243f7c38fe0):  JavaThread "C2 CompilerThread0" daemon [_thread_in_native, id=8112, stack(0x0000006a93100000,0x0000006a93200000)]


Current CompileTask:
C2:   7950 2970       4       java.lang.invoke.MethodType::makeImpl (109 bytes)

Stack: [0x0000006a93100000,0x0000006a93200000],  sp=0x0000006a931fbb40,  free space=1006k
Native frames: (J=compiled Java code, j=interpreted, Vv=VM code, C=native code)
V  [jvm.dll+0x330811]
V  [jvm.dll+0x32dcc7]
V  [jvm.dll+0x32d4ba]
V  [jvm.dll+0x218681]
V  [jvm.dll+0x217aa1]
V  [jvm.dll+0x1a3f8d]
V  [jvm.dll+0x227498]
V  [jvm.dll+0x2255e5]
V  [jvm.dll+0x7e7e9b]
V  [jvm.dll+0x7e240a]
V  [jvm.dll+0x6761a5]
C  [ucrtbase.dll+0x21bb2]
C  [KERNEL32.DLL+0x174b4]
C  [ntdll.dll+0x526a1]


siginfo: EXCEPTION_ACCESS_VIOLATION (0xc0000005), reading address 0x0000000000000100


Register to memory mapping:

RIP=0x00007ffa97af0811 jvm.dll
RAX=0x00000243f942b3c0 points into unknown readable memory: 0x00000243f98adbf0 | f0 db 8a f9 43 02 00 00
RBX=0x0000000000000100 is an unknown value
RCX=0x000000000000029a is an unknown value
RDX=0x00000243facf4aa0 points into unknown readable memory: 0x0000000006db6dfd | fd 6d db 06 00 00 00 00
RSP=0x0000006a931fbb40 is pointing into the stack for thread: 0x00000243f7c38fe0
RBP=0x0000000000002fad is an unknown value
RSI=0x0 is NULL
RDI=0x0000000000000003 is an unknown value
R8 =0x0000000004000000 is an unknown value
R9 =0x0 is NULL
R10=0x00000243f8856150 points into unknown readable memory: 0x00000243fc8da4e8 | e8 a4 8d fc 43 02 00 00
R11=0x00000243f8856170 points into unknown readable memory: 0x00000243fc8d9f60 | 60 9f 8d fc 43 02 00 00
R12=0x000000000000019b is an unknown value
R13=0x0000006a931fc080 is pointing into the stack for thread: 0x00000243f7c38fe0
R14=0x00000243f942b330 points into unknown readable memory: 0x00007ffa980a23f8 | f8 23 0a 98 fa 7f 00 00
R15=0x00000243fac5fe00 points into unknown readable memory: 0x00000243fc06c5a0 | a0 c5 06 fc 43 02 00 00


Registers:
RAX=0x00000243f942b3c0, RBX=0x0000000000000100, RCX=0x000000000000029a, RDX=0x00000243facf4aa0
RSP=0x0000006a931fbb40, RBP=0x0000000000002fad, RSI=0x0000000000000000, RDI=0x0000000000000003
R8 =0x0000000004000000, R9 =0x0000000000000000, R10=0x00000243f8856150, R11=0x00000243f8856170
R12=0x000000000000019b, R13=0x0000006a931fc080, R14=0x00000243f942b330, R15=0x00000243fac5fe00
RIP=0x00007ffa97af0811, EFLAGS=0x0000000000010206

Top of Stack: (sp=0x0000006a931fbb40)
0x0000006a931fbb40:   0000006a931fc080 0000000000000012
0x0000006a931fbb50:   0000000000002fad 0000006a931fc080
0x0000006a931fbb60:   000000000000028d 00000243f7c37e10
0x0000006a931fbb70:   0000000000000000 00000243fe8f7e48
0x0000006a931fbb80:   00000243fe8f5890 0000006a931fc080
0x0000006a931fbb90:   00000000000025f3 0000006a931fbcb0
0x0000006a931fbba0:   00000000000002ed 00007ffa97aedcc7
0x0000006a931fbbb0:   0000006a931fc080 0000006a931fbc48
0x0000006a931fbbc0:   000000000000019c 00000243f73ac7a0
0x0000006a931fbbd0:   00000000000027fb 00007ffacc0565f6
0x0000006a931fbbe0:   0000024314000317 000000000000005e
0x0000006a931fbbf0:   00000001000017cc 000000006d00f895
0x0000006a931fbc00:   00000000000003ff 0000000000000000
0x0000006a931fbc10:   0000000000000000 0000006adc0027fb
0x0000006a931fbc20:   0000000000000101 0000000000000000
0x0000006a931fbc30:   00000000000017cc 00000243f91ef5c0 

Instructions: (pc=0x00007ffa97af0811)
0x00007ffa97af0711:   00 49 63 c4 45 8b ec 44 89 a4 24 80 00 00 00 41
0x00007ffa97af0721:   ff cc 4d 8b 74 c7 f8 48 8b 44 24 78 41 8b 7e 28
0x00007ffa97af0731:   8b df c1 eb 05 3b 18 72 0f 8b d3 48 8b c8 e8 5c
0x00007ffa97af0741:   b1 4e 00 48 8b 44 24 78 48 8b 40 08 83 e7 1f 48
0x00007ffa97af0751:   8d 14 98 40 0f b6 cf 41 b8 01 00 00 00 41 d3 e0
0x00007ffa97af0761:   8b 0a 8b c1 41 0b c0 89 02 41 85 c8 0f 85 9a 02
0x00007ffa97af0771:   00 00 49 8b 06 49 8b ce ff 90 a8 00 00 00 84 c0
0x00007ffa97af0781:   74 65 41 8b 46 28 3b 46 68 73 0d 8b c8 48 8b 46
0x00007ffa97af0791:   78 48 83 3c c8 00 75 4f 49 8b d6 48 8b ce e8 1c
0x00007ffa97af07a1:   f3 ff ff 49 8b 46 08 48 8b 08 8b 51 2c 8b c2 24
0x00007ffa97af07b1:   3f 3c 20 75 09 48 8b 41 08 48 3b 08 eb 06 83 e2
0x00007ffa97af07c1:   0f 80 fa 09 0f 94 c0 84 c0 75 06 48 8b 41 08 eb
0x00007ffa97af07d1:   d6 8b 41 28 49 8b d6 4c 8b 46 78 48 8b ce 4d 8b
0x00007ffa97af07e1:   04 c0 e8 58 fd ff ff 41 8b 7e 1c 33 f6 ff cf 41
0x00007ffa97af07f1:   3b 7e 18 0f 82 53 01 00 00 4c 8b 6c 24 70 90 49
0x00007ffa97af0801:   8b 46 08 48 8b 1c f8 48 85 db 0f 84 8e 00 00 00
0x00007ffa97af0811:   48 8b 03 48 8b cb ff 50 20 48 85 c0 75 58 8b 4b
0x00007ffa97af0821:   2c 8b c1 24 3f 3c 20 75 09 48 8b 43 08 48 3b 18
0x00007ffa97af0831:   eb 07 8b c1 83 e0 0f 3c 09 0f 94 c0 84 c0 75 36
0x00007ffa97af0841:   80 e1 03 80 f9 02 75 13 48 8b 03 48 8b cb ff 90
0x00007ffa97af0851:   48 01 00 00 3d 14 01 00 00 74 1b 8b 43 2c 24 0f
0x00007ffa97af0861:   3c 08 75 3a 48 8b 03 48 8b cb ff 50 28 48 3b 05
0x00007ffa97af0871:   9b ec 86 00 75 28 8b d7 49 8b ce e8 5f 57 32 00
0x00007ffa97af0881:   48 85 f6 75 05 48 8b f3 eb 14 4c 8b c3 48 8b d6
0x00007ffa97af0891:   49 8b cd e8 d7 e6 ff ff 84 c0 48 0f 45 f3 ff cf
0x00007ffa97af08a1:   41 3b 7e 18 0f 83 55 ff ff ff 44 8b ac 24 80 00
0x00007ffa97af08b1:   00 00 48 85 f6 0f 84 91 00 00 00 49 8b 46 08 48
0x00007ffa97af08c1:   8b d6 48 8b 4c 24 70 4c 8b 00 e8 a0 e6 ff ff 84
0x00007ffa97af08d1:   c0 75 79 4d 8b 4e 08 49 8b 09 48 85 c9 74 26 4c
0x00007ffa97af08e1:   8b 41 10 4d 85 c0 74 1d 8b 41 20 49 8d 14 c0 4c
0x00007ffa97af08f1:   39 72 f8 48 8d 52 f8 75 f6 ff c8 89 41 20 49 8b
0x00007ffa97af0901:   0c c0 48 89 0a 49 89 31 48 8b 4e 10 48 85 c9 74 


Stack slot to memory mapping:
stack at sp + 0 slots: 0x0000006a931fc080 is pointing into the stack for thread: 0x00000243f7c38fe0
stack at sp + 1 slots: 0x0000000000000012 is an unknown value
stack at sp + 2 slots: 0x0000000000002fad is an unknown value
stack at sp + 3 slots: 0x0000006a931fc080 is pointing into the stack for thread: 0x00000243f7c38fe0
stack at sp + 4 slots: 0x000000000000028d is an unknown value
stack at sp + 5 slots: 0x00000243f7c37e10 points into unknown readable memory: 0x0b00fc0300000006 | 06 00 00 00 03 fc 00 0b
stack at sp + 6 slots: 0x0 is NULL
stack at sp + 7 slots: 0x00000243fe8f7e48 points into unknown readable memory: 0x08126c1ad15e9aa1 | a1 9a 5e d1 1a 6c 12 08


---------------  P R O C E S S  ---------------

Threads class SMR info:
_java_thread_list=0x00000243fb17bc50, length=18, elements={
0x00000243ddcc65b0, 0x00000243f739e790, 0x00000243f739f010, 0x00000243f7c314d0,
0x00000243f7c32aa0, 0x00000243f7c33060, 0x00000243f7c33620, 0x00000243f7c38fe0,
0x00000243f7ca72d0, 0x00000243f7cad900, 0x00000243f7323540, 0x00000243f7f91150,
0x00000243f7f921e0, 0x00000243f7f926d0, 0x00000243f82864b0, 0x00000243f824cbb0,
0x00000243f8154960, 0x00000243fc44c010
}

Java Threads: ( => current thread )
  0x00000243ddcc65b0 JavaThread "main" [_thread_in_vm, id=13112, stack(0x0000006a92400000,0x0000006a92500000)]
  0x00000243f739e790 JavaThread "Reference Handler" daemon [_thread_blocked, id=2864, stack(0x0000006a92b00000,0x0000006a92c00000)]
  0x00000243f739f010 JavaThread "Finalizer" daemon [_thread_blocked, id=12316, stack(0x0000006a92c00000,0x0000006a92d00000)]
  0x00000243f7c314d0 JavaThread "Signal Dispatcher" daemon [_thread_blocked, id=12600, stack(0x0000006a92d00000,0x0000006a92e00000)]
  0x00000243f7c32aa0 JavaThread "Attach Listener" daemon [_thread_blocked, id=11604, stack(0x0000006a92e00000,0x0000006a92f00000)]
  0x00000243f7c33060 JavaThread "Service Thread" daemon [_thread_blocked, id=2556, stack(0x0000006a92f00000,0x0000006a93000000)]
  0x00000243f7c33620 JavaThread "Monitor Deflation Thread" daemon [_thread_blocked, id=10408, stack(0x0000006a93000000,0x0000006a93100000)]
=>0x00000243f7c38fe0 JavaThread "C2 CompilerThread0" daemon [_thread_in_native, id=8112, stack(0x0000006a93100000,0x0000006a93200000)]
  0x00000243f7ca72d0 JavaThread "C1 CompilerThread0" daemon [_thread_in_native, id=11540, stack(0x0000006a93200000,0x0000006a93300000)]
  0x00000243f7cad900 JavaThread "Sweeper thread" daemon [_thread_blocked, id=12760, stack(0x0000006a93300000,0x0000006a93400000)]
  0x00000243f7323540 JavaThread "Common-Cleaner" daemon [_thread_blocked, id=10984, stack(0x0000006a93400000,0x0000006a93500000)]
  0x00000243f7f91150 JavaThread "JDWP Transport Listener: dt_socket" daemon [_thread_blocked, id=11776, stack(0x0000006a93500000,0x0000006a93600000)]
  0x00000243f7f921e0 JavaThread "JDWP Event Helper Thread" daemon [_thread_blocked, id=13100, stack(0x0000006a93600000,0x0000006a93700000)]
  0x00000243f7f926d0 JavaThread "JDWP Command Reader" daemon [_thread_in_native, id=11676, stack(0x0000006a93700000,0x0000006a93800000)]
  0x00000243f82864b0 JavaThread "Notification Thread" daemon [_thread_blocked, id=5504, stack(0x0000006a93c00000,0x0000006a93d00000)]
  0x00000243f824cbb0 JavaThread "ReaderThread" [_thread_in_native, id=4716, stack(0x0000006a93e00000,0x0000006a93f00000)]
  0x00000243f8154960 JavaThread "C2 CompilerThread1" daemon [_thread_in_native, id=11856, stack(0x0000006a93800000,0x0000006a93900000)]
  0x00000243fc44c010 JavaThread "background-preinit" [_thread_in_vm, id=2632, stack(0x0000006a93f00000,0x0000006a94000000)]

Other Threads:
  0x00000243f7340a90 VMThread "VM Thread" [stack: 0x0000006a92a00000,0x0000006a92b00000] [id=9308]
  0x00000243ddcc7420 WatcherThread [stack: 0x0000006a93d00000,0x0000006a93e00000] [id=6772]
  0x00000243ddd20ac0 GCTaskThread "GC Thread#0" [stack: 0x0000006a92500000,0x0000006a92600000] [id=10564]
  0x00000243f91e7330 GCTaskThread "GC Thread#1" [stack: 0x0000006a93900000,0x0000006a93a00000] [id=128]
  0x00000243f8287380 GCTaskThread "GC Thread#2" [stack: 0x0000006a93a00000,0x0000006a93b00000] [id=3572]
  0x00000243f8e5ced0 GCTaskThread "GC Thread#3" [stack: 0x0000006a93b00000,0x0000006a93c00000] [id=11392]
  0x00000243ddd32e30 ConcurrentGCThread "G1 Main Marker" [stack: 0x0000006a92600000,0x0000006a92700000] [id=8992]
  0x00000243ddd33840 ConcurrentGCThread "G1 Conc#0" [stack: 0x0000006a92700000,0x0000006a92800000] [id=3776]
  0x00000243ddd6d2f0 ConcurrentGCThread "G1 Refine#0" [stack: 0x0000006a92800000,0x0000006a92900000] [id=9460]
  0x00000243ddd6d920 ConcurrentGCThread "G1 Service" [stack: 0x0000006a92900000,0x0000006a92a00000] [id=12384]

Threads with active compile tasks:
C2 CompilerThread0     8241 2970       4       java.lang.invoke.MethodType::makeImpl (109 bytes)
C2 CompilerThread1     8241 2916       4       org.eclipse.jdt.launching.internal.org.objectweb.asm.ClassReader::accept (1412 bytes)

VM state: not at safepoint (normal execution)

VM Mutex/Monitor currently owned by a thread: None

Heap address: 0x0000000081c00000, size: 2020 MB, Compressed Oops mode: 32-bit

CDS archive(s) not mapped
Compressed class space mapped at: 0x0000000100000000-0x0000000140000000, reserved size: 1073741824
Narrow klass base: 0x0000000000000000, Narrow klass shift: 3, Narrow klass range: 0x140000000

GC Precious Log:
 CPUs: 4 total, 4 available
 Memory: 8073M
 Large Page Support: Disabled
 NUMA Support: Disabled
 Compressed Oops: Enabled (32-bit)
 Heap Region Size: 1M
 Heap Min Capacity: 8M
 Heap Initial Capacity: 128M
 Heap Max Capacity: 2020M
 Pre-touch: Disabled
 Parallel Workers: 4
 Concurrent Workers: 1
 Concurrent Refinement Workers: 4
 Periodic GC: Disabled

Heap:
 garbage-first heap   total 61440K, used 32175K [0x0000000081c00000, 0x0000000100000000)
  region size 1024K, 18 young (18432K), 3 survivors (3072K)
 Metaspace       used 30544K, committed 30784K, reserved 1081344K
  class space    used 3544K, committed 3648K, reserved 1048576K

Heap Regions: E=young(eden), S=young(survivor), O=old, HS=humongous(starts), HC=humongous(continues), CS=collection set, F=free, OA=open archive, CA=closed archive, TAMS=top-at-mark-start (previous, next)
|   0|0x0000000081c00000, 0x0000000081d00000, 0x0000000081d00000|100%|HS|  |TAMS 0x0000000081d00000, 0x0000000081c00000| Complete 
|   1|0x0000000081d00000, 0x0000000081e00000, 0x0000000081e00000|100%| O|  |TAMS 0x0000000081e00000, 0x0000000081d00000| Untracked 
|   2|0x0000000081e00000, 0x0000000081f00000, 0x0000000081f00000|100%| O|  |TAMS 0x0000000081f00000, 0x0000000081e00000| Untracked 
|   3|0x0000000081f00000, 0x0000000082000000, 0x0000000082000000|100%| O|  |TAMS 0x0000000082000000, 0x0000000081f00000| Untracked 
|   4|0x0000000082000000, 0x0000000082100000, 0x0000000082100000|100%| O|  |TAMS 0x0000000082100000, 0x0000000082000000| Untracked 
|   5|0x0000000082100000, 0x0000000082200000, 0x0000000082200000|100%| O|  |TAMS 0x0000000082200000, 0x0000000082100000| Untracked 
|   6|0x0000000082200000, 0x0000000082300000, 0x0000000082300000|100%| O|  |TAMS 0x0000000082300000, 0x0000000082200000| Untracked 
|   7|0x0000000082300000, 0x0000000082400000, 0x0000000082400000|100%| O|  |TAMS 0x0000000082400000, 0x0000000082300000| Untracked 
|   8|0x0000000082400000, 0x0000000082500000, 0x0000000082500000|100%| O|  |TAMS 0x0000000082500000, 0x0000000082400000| Untracked 
|   9|0x0000000082500000, 0x0000000082600000, 0x0000000082600000|100%| O|  |TAMS 0x0000000082600000, 0x0000000082500000| Untracked 
|  10|0x0000000082600000, 0x0000000082700000, 0x0000000082700000|100%| O|  |TAMS 0x0000000082700000, 0x0000000082600000| Untracked 
|  11|0x0000000082700000, 0x0000000082800000, 0x0000000082800000|100%| O|  |TAMS 0x0000000082800000, 0x0000000082700000| Untracked 
|  12|0x0000000082800000, 0x00000000828b4400, 0x0000000082900000| 70%| O|  |TAMS 0x00000000828b4400, 0x0000000082800000| Untracked 
|  13|0x0000000082900000, 0x0000000082a00000, 0x0000000082a00000|100%| O|  |TAMS 0x0000000082900000, 0x0000000082900000| Untracked 
|  14|0x0000000082a00000, 0x0000000082b00000, 0x0000000082b00000|100%| O|  |TAMS 0x0000000082a00000, 0x0000000082a00000| Untracked 
|  15|0x0000000082b00000, 0x0000000082c00000, 0x0000000082c00000|100%| O|  |TAMS 0x0000000082b00000, 0x0000000082b00000| Untracked 
|  16|0x0000000082c00000, 0x0000000082c2ea00, 0x0000000082d00000| 18%| O|  |TAMS 0x0000000082c00000, 0x0000000082c00000| Untracked 
|  17|0x0000000082d00000, 0x0000000082d00000, 0x0000000082e00000|  0%| F|  |TAMS 0x0000000082d00000, 0x0000000082d00000| Untracked 
|  18|0x0000000082e00000, 0x0000000082e00000, 0x0000000082f00000|  0%| F|  |TAMS 0x0000000082e00000, 0x0000000082e00000| Untracked 
|  19|0x0000000082f00000, 0x0000000082f00000, 0x0000000083000000|  0%| F|  |TAMS 0x0000000082f00000, 0x0000000082f00000| Untracked 
|  20|0x0000000083000000, 0x0000000083000000, 0x0000000083100000|  0%| F|  |TAMS 0x0000000083000000, 0x0000000083000000| Untracked 
|  21|0x0000000083100000, 0x0000000083100000, 0x0000000083200000|  0%| F|  |TAMS 0x0000000083100000, 0x0000000083100000| Untracked 
|  22|0x0000000083200000, 0x0000000083200000, 0x0000000083300000|  0%| F|  |TAMS 0x0000000083200000, 0x0000000083200000| Untracked 
|  23|0x0000000083300000, 0x0000000083300000, 0x0000000083400000|  0%| F|  |TAMS 0x0000000083300000, 0x0000000083300000| Untracked 
|  24|0x0000000083400000, 0x0000000083400000, 0x0000000083500000|  0%| F|  |TAMS 0x0000000083400000, 0x0000000083400000| Untracked 
|  25|0x0000000083500000, 0x0000000083500000, 0x0000000083600000|  0%| F|  |TAMS 0x0000000083500000, 0x0000000083500000| Untracked 
|  26|0x0000000083600000, 0x0000000083600000, 0x0000000083700000|  0%| F|  |TAMS 0x0000000083600000, 0x0000000083600000| Untracked 
|  27|0x0000000083700000, 0x0000000083700000, 0x0000000083800000|  0%| F|  |TAMS 0x0000000083700000, 0x0000000083700000| Untracked 
|  28|0x0000000083800000, 0x0000000083800000, 0x0000000083900000|  0%| F|  |TAMS 0x0000000083800000, 0x0000000083800000| Untracked 
|  29|0x0000000083900000, 0x0000000083900000, 0x0000000083a00000|  0%| F|  |TAMS 0x0000000083900000, 0x0000000083900000| Untracked 
|  30|0x0000000083a00000, 0x0000000083a00000, 0x0000000083b00000|  0%| F|  |TAMS 0x0000000083a00000, 0x0000000083a00000| Untracked 
|  31|0x0000000083b00000, 0x0000000083b88e60, 0x0000000083c00000| 53%| S|CS|TAMS 0x0000000083b00000, 0x0000000083b00000| Complete 
|  32|0x0000000083c00000, 0x0000000083d00000, 0x0000000083d00000|100%| S|CS|TAMS 0x0000000083c00000, 0x0000000083c00000| Complete 
|  33|0x0000000083d00000, 0x0000000083e00000, 0x0000000083e00000|100%| S|CS|TAMS 0x0000000083d00000, 0x0000000083d00000| Complete 
|  34|0x0000000083e00000, 0x0000000083e00000, 0x0000000083f00000|  0%| F|  |TAMS 0x0000000083e00000, 0x0000000083e00000| Untracked 
|  35|0x0000000083f00000, 0x0000000083f00000, 0x0000000084000000|  0%| F|  |TAMS 0x0000000083f00000, 0x0000000083f00000| Untracked 
|  36|0x0000000084000000, 0x0000000084000000, 0x0000000084100000|  0%| F|  |TAMS 0x0000000084000000, 0x0000000084000000| Untracked 
|  37|0x0000000084100000, 0x0000000084100000, 0x0000000084200000|  0%| F|  |TAMS 0x0000000084100000, 0x0000000084100000| Untracked 
|  38|0x0000000084200000, 0x0000000084200000, 0x0000000084300000|  0%| F|  |TAMS 0x0000000084200000, 0x0000000084200000| Untracked 
|  39|0x0000000084300000, 0x0000000084300000, 0x0000000084400000|  0%| F|  |TAMS 0x0000000084300000, 0x0000000084300000| Untracked 
|  40|0x0000000084400000, 0x0000000084400000, 0x0000000084500000|  0%| F|  |TAMS 0x0000000084400000, 0x0000000084400000| Untracked 
|  41|0x0000000084500000, 0x0000000084500000, 0x0000000084600000|  0%| F|  |TAMS 0x0000000084500000, 0x0000000084500000| Untracked 
|  42|0x0000000084600000, 0x0000000084600000, 0x0000000084700000|  0%| F|  |TAMS 0x0000000084600000, 0x0000000084600000| Untracked 
|  43|0x0000000084700000, 0x0000000084700000, 0x0000000084800000|  0%| F|  |TAMS 0x0000000084700000, 0x0000000084700000| Untracked 
|  44|0x0000000084800000, 0x0000000084800000, 0x0000000084900000|  0%| F|  |TAMS 0x0000000084800000, 0x0000000084800000| Untracked 
|  45|0x0000000084900000, 0x0000000084934898, 0x0000000084a00000| 20%| E|  |TAMS 0x0000000084900000, 0x0000000084900000| Complete 
|  46|0x0000000084a00000, 0x0000000084b00000, 0x0000000084b00000|100%| E|CS|TAMS 0x0000000084a00000, 0x0000000084a00000| Complete 
|  47|0x0000000084b00000, 0x0000000084c00000, 0x0000000084c00000|100%| E|CS|TAMS 0x0000000084b00000, 0x0000000084b00000| Complete 
|  48|0x0000000084c00000, 0x0000000084d00000, 0x0000000084d00000|100%| E|CS|TAMS 0x0000000084c00000, 0x0000000084c00000| Complete 
|  49|0x0000000084d00000, 0x0000000084e00000, 0x0000000084e00000|100%| E|CS|TAMS 0x0000000084d00000, 0x0000000084d00000| Complete 
|  50|0x0000000084e00000, 0x0000000084f00000, 0x0000000084f00000|100%| E|  |TAMS 0x0000000084e00000, 0x0000000084e00000| Complete 
|  51|0x0000000084f00000, 0x0000000085000000, 0x0000000085000000|100%| E|CS|TAMS 0x0000000084f00000, 0x0000000084f00000| Complete 
|  52|0x0000000085000000, 0x0000000085100000, 0x0000000085100000|100%| E|CS|TAMS 0x0000000085000000, 0x0000000085000000| Complete 
|  53|0x0000000085100000, 0x0000000085200000, 0x0000000085200000|100%| E|CS|TAMS 0x0000000085100000, 0x0000000085100000| Complete 
|  54|0x0000000085200000, 0x0000000085300000, 0x0000000085300000|100%| E|CS|TAMS 0x0000000085200000, 0x0000000085200000| Complete 
|  66|0x0000000085e00000, 0x0000000085f00000, 0x0000000085f00000|100%| E|CS|TAMS 0x0000000085e00000, 0x0000000085e00000| Complete 
|  67|0x0000000085f00000, 0x0000000086000000, 0x0000000086000000|100%| E|CS|TAMS 0x0000000085f00000, 0x0000000085f00000| Complete 
|  68|0x0000000086000000, 0x0000000086100000, 0x0000000086100000|100%| E|CS|TAMS 0x0000000086000000, 0x0000000086000000| Complete 
|  69|0x0000000086100000, 0x0000000086200000, 0x0000000086200000|100%| E|CS|TAMS 0x0000000086100000, 0x0000000086100000| Complete 
| 127|0x0000000089b00000, 0x0000000089c00000, 0x0000000089c00000|100%| E|CS|TAMS 0x0000000089b00000, 0x0000000089b00000| Complete 

Card table byte_map: [0x00000243f0760000,0x00000243f0b60000] _byte_map_base: 0x00000243f0352000

Marking Bits (Prev, Next): (CMBitMap*) 0x00000243ddd22120, (CMBitMap*) 0x00000243ddd220e0
 Prev Bits: [0x00000243f2ef0000, 0x00000243f4e80000)
 Next Bits: [0x00000243f0f60000, 0x00000243f2ef0000)

Polling page: 0x00000243dd470000

Metaspace:

Usage:
  Non-class:     26.37 MB used.
      Class:      3.46 MB used.
       Both:     29.84 MB used.

Virtual space:
  Non-class space:       32.00 MB reserved,      26.56 MB ( 83%) committed,  4 nodes.
      Class space:        1.00 GB reserved,       3.56 MB ( <1%) committed,  1 nodes.
             Both:        1.03 GB reserved,      30.12 MB (  3%) committed. 

Chunk freelists:
   Non-Class:  1.30 MB
       Class:  352.00 KB
        Both:  1.64 MB

MaxMetaspaceSize: unlimited
CompressedClassSpaceSize: 1.00 GB
Initial GC threshold: 21.00 MB
Current GC threshold: 35.12 MB
CDS: off
MetaspaceReclaimPolicy: balanced
 - commit_granule_bytes: 65536.
 - commit_granule_words: 8192.
 - virtual_space_node_default_size: 1048576.
 - enlarge_chunks_in_place: 1.
 - new_chunks_are_fully_committed: 0.
 - uncommit_free_chunks: 1.
 - use_allocation_guard: 0.
 - handle_deallocations: 1.


Internal statistics:

num_allocs_failed_limit: 3.
num_arena_births: 234.
num_arena_deaths: 0.
num_vsnodes_births: 5.
num_vsnodes_deaths: 0.
num_space_committed: 482.
num_space_uncommitted: 0.
num_chunks_returned_to_freelist: 3.
num_chunks_taken_from_freelist: 907.
num_chunk_merges: 0.
num_chunk_splits: 567.
num_chunks_enlarged: 429.
num_purges: 0.
num_inconsistent_stats: 0.

CodeHeap 'non-profiled nmethods': size=120000Kb used=1829Kb max_used=1829Kb free=118170Kb
 bounds [0x00000243e8e30000, 0x00000243e90a0000, 0x00000243f0360000]
CodeHeap 'profiled nmethods': size=120000Kb used=6945Kb max_used=6945Kb free=113054Kb
 bounds [0x00000243e1900000, 0x00000243e1fd0000, 0x00000243e8e30000]
CodeHeap 'non-nmethods': size=5760Kb used=1258Kb max_used=1322Kb free=4501Kb
 bounds [0x00000243e1360000, 0x00000243e15d0000, 0x00000243e1900000]
 total_blobs=3621 nmethods=3133 adapters=400
 compilation: enabled
              stopped_count=0, restarted_count=0
 full_count=0

Compilation events (20 events):
Event: 7.837 Thread 0x00000243f7ca72d0 3057       3       org.springframework.core.annotation.TypeMappedAnnotation$$Lambda$320/0x000000010020edf8::extract (6 bytes)
Event: 7.838 Thread 0x00000243f7ca72d0 nmethod 3057 0x00000243e1f86590 code [0x00000243e1f867c0, 0x00000243e1f86e98]
Event: 7.841 Thread 0x00000243f7ca72d0 3058       3       java.util.IdentityHashMap::maskNull (12 bytes)
Event: 7.842 Thread 0x00000243f7ca72d0 nmethod 3058 0x00000243e1f87290 code [0x00000243e1f87420, 0x00000243e1f87558]
Event: 7.842 Thread 0x00000243f7ca72d0 3059       3       java.util.IdentityHashMap::hash (18 bytes)
Event: 7.842 Thread 0x00000243f7ca72d0 nmethod 3059 0x00000243e1f87610 code [0x00000243e1f877a0, 0x00000243e1f878e8]
Event: 7.842 Thread 0x00000243f7ca72d0 3060       3       java.lang.invoke.MemberName::equals (24 bytes)
Event: 7.842 Thread 0x00000243f7ca72d0 nmethod 3060 0x00000243e1f87990 code [0x00000243e1f87b40, 0x00000243e1f87f08]
Event: 7.844 Thread 0x00000243f7ca72d0 3061       3       sun.reflect.generics.reflectiveObjects.ParameterizedTypeImpl::getActualTypeArguments (11 bytes)
Event: 7.845 Thread 0x00000243f7ca72d0 nmethod 3061 0x00000243e1f88010 code [0x00000243e1f881c0, 0x00000243e1f88488]
Event: 7.846 Thread 0x00000243f7ca72d0 3062       3       java.lang.invoke.SimpleMethodHandle::make (10 bytes)
Event: 7.847 Thread 0x00000243f7ca72d0 nmethod 3062 0x00000243e1f88590 code [0x00000243e1f88740, 0x00000243e1f88948]
Event: 7.847 Thread 0x00000243f7ca72d0 3063       3       java.lang.invoke.SimpleMethodHandle::<init> (7 bytes)
Event: 7.847 Thread 0x00000243f7ca72d0 nmethod 3063 0x00000243e1f88a90 code [0x00000243e1f88c40, 0x00000243e1f88e08]
Event: 7.851 Thread 0x00000243f7ca72d0 3064   !   3       java.util.concurrent.ConcurrentHashMap::putVal (432 bytes)
Event: 7.854 Thread 0x00000243f7ca72d0 nmethod 3064 0x00000243e1f88f10 code [0x00000243e1f892a0, 0x00000243e1f8af08]
Event: 7.857 Thread 0x00000243f7ca72d0 3065       1       sun.reflect.annotation.AnnotatedTypeFactory$AnnotatedTypeBaseImpl::getTypeAnnotations (5 bytes)
Event: 7.857 Thread 0x00000243f7ca72d0 nmethod 3065 0x00000243e8ff7b10 code [0x00000243e8ff7ca0, 0x00000243e8ff7d78]
Event: 7.866 Thread 0x00000243f7ca72d0 3066       1       sun.reflect.generics.tree.ClassSignature::getSuperInterfaces (5 bytes)
Event: 7.866 Thread 0x00000243f7ca72d0 nmethod 3066 0x00000243e8ff7e10 code [0x00000243e8ff7fa0, 0x00000243e8ff8078]

GC Heap History (12 events):
Event: 1.134 GC heap before
{Heap before GC invocations=0 (full 0):
 garbage-first heap   total 131072K, used 13312K [0x0000000081c00000, 0x0000000100000000)
  region size 1024K, 13 young (13312K), 0 survivors (0K)
 Metaspace       used 6371K, committed 6464K, reserved 1056768K
  class space    used 510K, committed 512K, reserved 1048576K
}
Event: 1.151 GC heap after
{Heap after GC invocations=1 (full 0):
 garbage-first heap   total 131072K, used 10190K [0x0000000081c00000, 0x0000000100000000)
  region size 1024K, 2 young (2048K), 2 survivors (2048K)
 Metaspace       used 6371K, committed 6464K, reserved 1056768K
  class space    used 510K, committed 512K, reserved 1048576K
}
Event: 1.803 GC heap before
{Heap before GC invocations=1 (full 0):
 garbage-first heap   total 131072K, used 16334K [0x0000000081c00000, 0x0000000100000000)
  region size 1024K, 9 young (9216K), 2 survivors (2048K)
 Metaspace       used 9808K, committed 9920K, reserved 1064960K
  class space    used 836K, committed 896K, reserved 1048576K
}
Event: 1.806 GC heap after
{Heap after GC invocations=2 (full 0):
 garbage-first heap   total 131072K, used 13256K [0x0000000081c00000, 0x0000000100000000)
  region size 1024K, 2 young (2048K), 2 survivors (2048K)
 Metaspace       used 9808K, committed 9920K, reserved 1064960K
  class space    used 836K, committed 896K, reserved 1048576K
}
Event: 2.244 GC heap before
{Heap before GC invocations=2 (full 0):
 garbage-first heap   total 131072K, used 27592K [0x0000000081c00000, 0x0000000100000000)
  region size 1024K, 16 young (16384K), 2 survivors (2048K)
 Metaspace       used 12644K, committed 12736K, reserved 1064960K
  class space    used 1167K, committed 1216K, reserved 1048576K
}
Event: 2.247 GC heap after
{Heap after GC invocations=3 (full 0):
 garbage-first heap   total 131072K, used 13518K [0x0000000081c00000, 0x0000000100000000)
  region size 1024K, 1 young (1024K), 1 survivors (1024K)
 Metaspace       used 12644K, committed 12736K, reserved 1064960K
  class space    used 1167K, committed 1216K, reserved 1048576K
}
Event: 4.523 GC heap before
{Heap before GC invocations=3 (full 0):
 garbage-first heap   total 131072K, used 70862K [0x0000000081c00000, 0x0000000100000000)
  region size 1024K, 58 young (59392K), 1 survivors (1024K)
 Metaspace       used 21266K, committed 21504K, reserved 1073152K
  class space    used 2227K, committed 2368K, reserved 1048576K
}
Event: 4.529 GC heap after
{Heap after GC invocations=4 (full 0):
 garbage-first heap   total 131072K, used 16500K [0x0000000081c00000, 0x0000000100000000)
  region size 1024K, 4 young (4096K), 4 survivors (4096K)
 Metaspace       used 21266K, committed 21504K, reserved 1073152K
  class space    used 2227K, committed 2368K, reserved 1048576K
}
Event: 6.576 GC heap before
{Heap before GC invocations=5 (full 0):
 garbage-first heap   total 61440K, used 47220K [0x0000000081c00000, 0x0000000100000000)
  region size 1024K, 35 young (35840K), 4 survivors (4096K)
 Metaspace       used 24924K, committed 25216K, reserved 1073152K
  class space    used 2711K, committed 2880K, reserved 1048576K
}
Event: 6.584 GC heap after
{Heap after GC invocations=6 (full 0):
 garbage-first heap   total 61440K, used 17413K [0x0000000081c00000, 0x0000000100000000)
  region size 1024K, 2 young (2048K), 2 survivors (2048K)
 Metaspace       used 24924K, committed 25216K, reserved 1073152K
  class space    used 2711K, committed 2880K, reserved 1048576K
}
Event: 7.210 GC heap before
{Heap before GC invocations=6 (full 0):
 garbage-first heap   total 61440K, used 38917K [0x0000000081c00000, 0x0000000100000000)
  region size 1024K, 24 young (24576K), 2 survivors (2048K)
 Metaspace       used 27260K, committed 27520K, reserved 1081344K
  class space    used 3006K, committed 3072K, reserved 1048576K
}
Event: 7.215 GC heap after
{Heap after GC invocations=7 (full 0):
 garbage-first heap   total 61440K, used 18447K [0x0000000081c00000, 0x0000000100000000)
  region size 1024K, 3 young (3072K), 3 survivors (3072K)
 Metaspace       used 27260K, committed 27520K, reserved 1081344K
  class space    used 3006K, committed 3072K, reserved 1048576K
}

Deoptimization events (20 events):
Event: 7.819 Thread 0x00000243fc44c010 DEOPT PACKING pc=0x00000243e1b822d4 sp=0x0000006a93ffc1e0
Event: 7.819 Thread 0x00000243fc44c010 DEOPT UNPACKING pc=0x00000243e13b2b43 sp=0x0000006a93ffb698 mode 1
Event: 7.819 Thread 0x00000243fc44c010 DEOPT PACKING pc=0x00000243e1b52a24 sp=0x0000006a93ffcbd0
Event: 7.819 Thread 0x00000243fc44c010 DEOPT UNPACKING pc=0x00000243e13b2b43 sp=0x0000006a93ffc0c0 mode 1
Event: 7.830 Thread 0x00000243fc44c010 DEOPT PACKING pc=0x00000243e1b82de4 sp=0x0000006a93ffc190
Event: 7.830 Thread 0x00000243fc44c010 DEOPT UNPACKING pc=0x00000243e13b2b43 sp=0x0000006a93ffb628 mode 1
Event: 7.830 Thread 0x00000243fc44c010 DEOPT PACKING pc=0x00000243e1b822d4 sp=0x0000006a93ffc260
Event: 7.830 Thread 0x00000243fc44c010 DEOPT UNPACKING pc=0x00000243e13b2b43 sp=0x0000006a93ffb718 mode 1
Event: 7.830 Thread 0x00000243fc44c010 DEOPT PACKING pc=0x00000243e1b52a24 sp=0x0000006a93ffcc50
Event: 7.830 Thread 0x00000243fc44c010 DEOPT UNPACKING pc=0x00000243e13b2b43 sp=0x0000006a93ffc140 mode 1
Event: 7.831 Thread 0x00000243fc44c010 DEOPT PACKING pc=0x00000243e1b82de4 sp=0x0000006a93ffc190
Event: 7.831 Thread 0x00000243fc44c010 DEOPT UNPACKING pc=0x00000243e13b2b43 sp=0x0000006a93ffb628 mode 1
Event: 7.831 Thread 0x00000243fc44c010 DEOPT PACKING pc=0x00000243e1b822d4 sp=0x0000006a93ffc260
Event: 7.831 Thread 0x00000243fc44c010 DEOPT UNPACKING pc=0x00000243e13b2b43 sp=0x0000006a93ffb718 mode 1
Event: 7.831 Thread 0x00000243fc44c010 DEOPT PACKING pc=0x00000243e1b52a24 sp=0x0000006a93ffcc50
Event: 7.831 Thread 0x00000243fc44c010 DEOPT UNPACKING pc=0x00000243e13b2b43 sp=0x0000006a93ffc140 mode 1
Event: 7.848 Thread 0x00000243ddcc65b0 Uncommon trap: trap_request=0xffffff45 fr.pc=0x00000243e8ff35f0 relative=0x0000000000001350
Event: 7.848 Thread 0x00000243ddcc65b0 Uncommon trap: reason=unstable_if action=reinterpret pc=0x00000243e8ff35f0 method=java.util.concurrent.ConcurrentHashMap.putVal(Ljava/lang/Object;Ljava/lang/Object;Z)Ljava/lang/Object; @ 231 c2
Event: 7.848 Thread 0x00000243ddcc65b0 DEOPT PACKING pc=0x00000243e8ff35f0 sp=0x0000006a924fc1b0
Event: 7.848 Thread 0x00000243ddcc65b0 DEOPT UNPACKING pc=0x00000243e13b23a3 sp=0x0000006a924fc130 mode 2

Classes unloaded (0 events):
No events

Classes redefined (0 events):
No events

Internal exceptions (20 events):
Event: 5.337 Thread 0x00000243ddcc65b0 Exception <a 'java/lang/NoSuchMethodError'{0x0000000084495110}: 'int java.lang.invoke.DirectMethodHandle$Holder.invokeVirtual(java.lang.Object, java.lang.Object, java.lang.Object)'> (0x0000000084495110) 
thrown [s\src\hotspot\share\interpreter\linkResolver.cpp, line 759]
Event: 5.338 Thread 0x00000243ddcc65b0 Exception <a 'java/lang/IncompatibleClassChangeError'{0x000000008449b580}: Found class java.lang.Object, but interface was expected> (0x000000008449b580) 
thrown [s\src\hotspot\share\interpreter\linkResolver.cpp, line 826]
Event: 5.717 Thread 0x00000243ddcc65b0 Exception <a 'java/lang/NoSuchMethodError'{0x0000000083bbb490}: 'int java.lang.invoke.DirectMethodHandle$Holder.invokeSpecial(java.lang.Object, java.lang.Object, java.lang.Object, java.lang.Object)'> (0x0000000083bbb490) 
thrown [s\src\hotspot\share\interpreter\linkResolver.cpp, line 759]
Event: 5.743 Thread 0x00000243ddcc65b0 Exception <a 'java/lang/NoSuchMethodError'{0x0000000083a2fe80}: 'java.lang.Object java.lang.invoke.DirectMethodHandle$Holder.invokeInterface(java.lang.Object, java.lang.Object, java.lang.Object)'> (0x0000000083a2fe80) 
thrown [s\src\hotspot\share\interpreter\linkResolver.cpp, line 759]
Event: 5.744 Thread 0x00000243ddcc65b0 Exception <a 'java/lang/IncompatibleClassChangeError'{0x0000000083a33a98}: Found class java.lang.Object, but interface was expected> (0x0000000083a33a98) 
thrown [s\src\hotspot\share\interpreter\linkResolver.cpp, line 826]
Event: 5.858 Thread 0x00000243ddcc65b0 Exception <a 'java/lang/NoSuchMethodError'{0x00000000838bd808}: 'java.lang.Object java.lang.invoke.DirectMethodHandle$Holder.invokeStatic(java.lang.Object, java.lang.Object, int)'> (0x00000000838bd808) 
thrown [s\src\hotspot\share\interpreter\linkResolver.cpp, line 759]
Event: 5.860 Thread 0x00000243ddcc65b0 Exception <a 'java/lang/NoSuchMethodError'{0x00000000838c9d70}: 'void java.lang.invoke.DelegatingMethodHandle$Holder.delegate(java.lang.Object, java.lang.Object, int, java.lang.Object)'> (0x00000000838c9d70) 
thrown [s\src\hotspot\share\interpreter\linkResolver.cpp, line 759]
Event: 6.539 Thread 0x00000243ddcc65b0 Exception <a 'java/lang/NoSuchMethodError'{0x000000008355f6b8}: 'void java.lang.invoke.DirectMethodHandle$Holder.invokeStatic(java.lang.Object, java.lang.Object, java.lang.Object, java.lang.Object, java.lang.Object, java.lang.Object)'> (0x000000008355f6b8) 
thrown [s\src\hotspot\share\interpreter\linkResolver.cpp, line 759]
Event: 6.593 Thread 0x00000243ddcc65b0 Exception <a 'java/lang/NoSuchMethodError'{0x0000000089b3ebe0}: 'java.lang.Object java.lang.invoke.DirectMethodHandle$Holder.invokeSpecial(java.lang.Object, java.lang.Object, java.lang.Object, java.lang.Object, java.lang.Object, java.lang.Object, int)'> (0x0000000089b3ebe0) 
thrown [s\src\hotspot\share\interpreter\linkResolver.cpp, line 759]
Event: 6.594 Thread 0x00000243ddcc65b0 Exception <a 'java/lang/NoSuchMethodError'{0x0000000089b49690}: 'java.lang.Object java.lang.invoke.DirectMethodHandle$Holder.newInvokeSpecial(java.lang.Object, java.lang.Object, java.lang.Object, java.lang.Object, java.lang.Object, java.lang.Object, int)'> (0x0000000089b49690) 
thrown [s\src\hotspot\share\interpreter\linkResolver.cpp, line 759]
Event: 6.595 Thread 0x00000243ddcc65b0 Exception <a 'java/lang/NoSuchMethodError'{0x0000000089b4ec20}: 'java.lang.Object java.lang.invoke.DirectMethodHandle$Holder.invokeSpecial(java.lang.Object, java.lang.Object, java.lang.Object, java.lang.Object, java.lang.Object, java.lang.Object, java.lang.Object, int)'> (0x0000000089b4ec20) 
thrown [s\src\hotspot\share\interpreter\linkResolver.cpp, line 759]
Event: 6.651 Thread 0x00000243ddcc65b0 Implicit null exception at 0x00000243e8f9866c to 0x00000243e8f9c240
Event: 6.758 Thread 0x00000243ddcc65b0 Exception <a 'java/lang/NoSuchMethodError'{0x0000000085e58228}: 'java.lang.Object java.lang.invoke.DirectMethodHandle$Holder.invokeSpecial(java.lang.Object, java.lang.Object, java.lang.Object, java.lang.Object, int)'> (0x0000000085e58228) 
thrown [s\src\hotspot\share\interpreter\linkResolver.cpp, line 759]
Event: 6.760 Thread 0x00000243ddcc65b0 Exception <a 'java/lang/NoSuchMethodError'{0x0000000085e60d48}: 'java.lang.Object java.lang.invoke.DirectMethodHandle$Holder.newInvokeSpecial(java.lang.Object, java.lang.Object, java.lang.Object, java.lang.Object, int)'> (0x0000000085e60d48) 
thrown [s\src\hotspot\share\interpreter\linkResolver.cpp, line 759]
Event: 6.761 Thread 0x00000243ddcc65b0 Exception <a 'java/lang/NoSuchMethodError'{0x0000000085e654d8}: 'java.lang.Object java.lang.invoke.DirectMethodHandle$Holder.invokeSpecial(java.lang.Object, java.lang.Object, java.lang.Object, java.lang.Object, java.lang.Object, int)'> (0x0000000085e654d8) 
thrown [s\src\hotspot\share\interpreter\linkResolver.cpp, line 759]
Event: 6.761 Thread 0x00000243ddcc65b0 Exception <a 'java/lang/NoSuchMethodError'{0x0000000085e69510}: 'java.lang.Object java.lang.invoke.Invokers$Holder.linkToTargetMethod(java.lang.Object, java.lang.Object, java.lang.Object, int, java.lang.Object)'> (0x0000000085e69510) 
thrown [s\src\hotspot\share\interpreter\linkResolver.cpp, line 759]
Event: 6.766 Thread 0x00000243ddcc65b0 Exception <a 'java/lang/NoSuchMethodError'{0x0000000085e80e30}: 'java.lang.Object java.lang.invoke.DirectMethodHandle$Holder.newInvokeSpecial(java.lang.Object, int, java.lang.Object)'> (0x0000000085e80e30) 
thrown [s\src\hotspot\share\interpreter\linkResolver.cpp, line 759]
Event: 6.887 Thread 0x00000243ddcc65b0 Exception <a 'java/lang/NoSuchMethodError'{0x00000000851a3cc8}: 'void java.lang.invoke.DirectMethodHandle$Holder.invokeStaticInit(java.lang.Object, java.lang.Object)'> (0x00000000851a3cc8) 
thrown [s\src\hotspot\share\interpreter\linkResolver.cpp, line 759]
Event: 7.288 Thread 0x00000243ddcc65b0 Exception <a 'sun/nio/fs/WindowsException'{0x0000000085f672b8}> (0x0000000085f672b8) 
thrown [s\src\hotspot\share\prims\jni.cpp, line 516]
Event: 7.554 Thread 0x00000243ddcc65b0 Implicit null exception at 0x00000243e8f64a41 to 0x00000243e8f65af4

VM Operations (20 events):
Event: 5.626 Executing VM operation: Cleanup
Event: 5.626 Executing VM operation: Cleanup done
Event: 5.857 Executing VM operation: HandshakeAllThreads
Event: 5.857 Executing VM operation: HandshakeAllThreads done
Event: 6.576 Executing VM operation: G1CollectForAllocation
Event: 6.585 Executing VM operation: G1CollectForAllocation done
Event: 6.585 Executing VM operation: Cleanup
Event: 6.585 Executing VM operation: Cleanup done
Event: 6.712 Executing VM operation: HandshakeAllThreads
Event: 6.712 Executing VM operation: HandshakeAllThreads done
Event: 7.045 Executing VM operation: HandshakeAllThreads
Event: 7.045 Executing VM operation: HandshakeAllThreads done
Event: 7.210 Executing VM operation: G1CollectForAllocation
Event: 7.215 Executing VM operation: G1CollectForAllocation done
Event: 7.290 Executing VM operation: HandshakeAllThreads
Event: 7.290 Executing VM operation: HandshakeAllThreads done
Event: 7.833 Executing VM operation: HandshakeAllThreads
Event: 7.833 Executing VM operation: HandshakeAllThreads done
Event: 7.839 Executing VM operation: HandshakeAllThreads
Event: 7.839 Executing VM operation: HandshakeAllThreads done

Events (20 events):
Event: 7.828 loading class java/lang/reflect/MalformedParameterizedTypeException
Event: 7.828 loading class java/lang/reflect/MalformedParameterizedTypeException done
Event: 7.839 loading class sun/reflect/generics/tree/ShortSignature
Event: 7.839 loading class sun/reflect/generics/tree/ShortSignature done
Event: 7.841 loading class sun/reflect/generics/tree/IntSignature
Event: 7.841 loading class sun/reflect/generics/tree/IntSignature done
Event: 7.844 loading class sun/reflect/generics/tree/LongSignature
Event: 7.844 loading class sun/reflect/generics/tree/LongSignature done
Event: 7.846 loading class sun/reflect/generics/tree/FloatSignature
Event: 7.846 loading class sun/reflect/generics/tree/FloatSignature done
Event: 7.847 loading class sun/reflect/generics/tree/DoubleSignature
Event: 7.847 loading class sun/reflect/generics/tree/DoubleSignature done
Event: 7.850 loading class sun/reflect/generics/tree/BooleanSignature
Event: 7.850 loading class sun/reflect/generics/tree/BooleanSignature done
Event: 7.853 loading class sun/reflect/annotation/AnnotatedTypeFactory$AnnotatedWildcardTypeImpl
Event: 7.853 loading class java/lang/reflect/AnnotatedWildcardType
Event: 7.853 loading class java/lang/reflect/AnnotatedWildcardType done
Event: 7.854 loading class sun/reflect/annotation/AnnotatedTypeFactory$AnnotatedWildcardTypeImpl done
Event: 7.866 loading class java/util/OptionalDouble
Event: 7.866 loading class java/util/OptionalDouble done


Dynamic libraries:
0x00007ff755740000 - 0x00007ff75574e000 	C:\Users\BUYPC\Desktop\sts-4.16.0.RELEASE\plugins\org.eclipse.justj.openjdk.hotspot.jre.full.win32.x86_64_17.0.4.v20220903-1038\jre\bin\javaw.exe
0x00007ffacc030000 - 0x00007ffacc228000 	C:\Windows\SYSTEM32\ntdll.dll
0x00007ffaace40000 - 0x00007ffaace57000 	C:\Program Files\Avast Software\Avast\aswhook.dll
0x00007ffacb590000 - 0x00007ffacb64f000 	C:\Windows\System32\KERNEL32.DLL
0x00007ffac9c10000 - 0x00007ffac9ee2000 	C:\Windows\System32\KERNELBASE.dll
0x00007ffac97d0000 - 0x00007ffac98d0000 	C:\Windows\System32\ucrtbase.dll
0x00007ffab5cc0000 - 0x00007ffab5cd8000 	C:\Users\BUYPC\Desktop\sts-4.16.0.RELEASE\plugins\org.eclipse.justj.openjdk.hotspot.jre.full.win32.x86_64_17.0.4.v20220903-1038\jre\bin\jli.dll
0x00007ffacac90000 - 0x00007ffacae2d000 	C:\Windows\System32\USER32.dll
0x00007ffac98d0000 - 0x00007ffac98f2000 	C:\Windows\System32\win32u.dll
0x00007ffaca150000 - 0x00007ffaca17b000 	C:\Windows\System32\GDI32.dll
0x00007ffac9b00000 - 0x00007ffac9c0f000 	C:\Windows\System32\gdi32full.dll
0x00007ffac9730000 - 0x00007ffac97cd000 	C:\Windows\System32\msvcp_win.dll
0x00007ffab4800000 - 0x00007ffab4819000 	C:\Users\BUYPC\Desktop\sts-4.16.0.RELEASE\plugins\org.eclipse.justj.openjdk.hotspot.jre.full.win32.x86_64_17.0.4.v20220903-1038\jre\bin\VCRUNTIME140.dll
0x00007ffab42d0000 - 0x00007ffab456a000 	C:\Windows\WinSxS\amd64_microsoft.windows.common-controls_6595b64144ccf1df_6.0.19041.1110_none_60b5254171f9507e\COMCTL32.dll
0x00007ffaca780000 - 0x00007ffaca81e000 	C:\Windows\System32\msvcrt.dll
0x00007ffaca230000 - 0x00007ffaca262000 	C:\Windows\System32\IMM32.DLL
0x00007ffac0c50000 - 0x00007ffac0c5c000 	C:\Users\BUYPC\Desktop\sts-4.16.0.RELEASE\plugins\org.eclipse.justj.openjdk.hotspot.jre.full.win32.x86_64_17.0.4.v20220903-1038\jre\bin\vcruntime140_1.dll
0x00007ffaaf380000 - 0x00007ffaaf411000 	C:\Users\BUYPC\Desktop\sts-4.16.0.RELEASE\plugins\org.eclipse.justj.openjdk.hotspot.jre.full.win32.x86_64_17.0.4.v20220903-1038\jre\bin\msvcp140.dll
0x00007ffa977c0000 - 0x00007ffa98406000 	C:\Users\BUYPC\Desktop\sts-4.16.0.RELEASE\plugins\org.eclipse.justj.openjdk.hotspot.jre.full.win32.x86_64_17.0.4.v20220903-1038\jre\bin\server\jvm.dll
0x00007ffaca180000 - 0x00007ffaca22e000 	C:\Windows\System32\ADVAPI32.dll
0x00007ffacbf50000 - 0x00007ffacbfec000 	C:\Windows\System32\sechost.dll
0x00007ffacbbb0000 - 0x00007ffacbcd5000 	C:\Windows\System32\RPCRT4.dll
0x00007ffacbcf0000 - 0x00007ffacbcf8000 	C:\Windows\System32\PSAPI.DLL
0x00007ffabcc10000 - 0x00007ffabcc19000 	C:\Windows\SYSTEM32\WSOCK32.dll
0x00007ffab7130000 - 0x00007ffab7157000 	C:\Windows\SYSTEM32\WINMM.dll
0x00007ffaca320000 - 0x00007ffaca38b000 	C:\Windows\System32\WS2_32.dll
0x00007ffac1a40000 - 0x00007ffac1a4a000 	C:\Windows\SYSTEM32\VERSION.dll
0x00007ffac7f40000 - 0x00007ffac7f52000 	C:\Windows\SYSTEM32\kernel.appcore.dll
0x00007ffac4f20000 - 0x00007ffac4f2a000 	C:\Users\BUYPC\Desktop\sts-4.16.0.RELEASE\plugins\org.eclipse.justj.openjdk.hotspot.jre.full.win32.x86_64_17.0.4.v20220903-1038\jre\bin\jimage.dll
0x00007ffac1500000 - 0x00007ffac16e4000 	C:\Windows\SYSTEM32\DBGHELP.DLL
0x00007ffac1470000 - 0x00007ffac149c000 	C:\Windows\SYSTEM32\dbgcore.DLL
0x00007ffac9ef0000 - 0x00007ffac9f72000 	C:\Windows\System32\bcryptPrimitives.dll
0x00007ffab19d0000 - 0x00007ffab1a0b000 	C:\Users\BUYPC\Desktop\sts-4.16.0.RELEASE\plugins\org.eclipse.justj.openjdk.hotspot.jre.full.win32.x86_64_17.0.4.v20220903-1038\jre\bin\jdwp.dll
0x00007ffac32e0000 - 0x00007ffac32ee000 	C:\Users\BUYPC\Desktop\sts-4.16.0.RELEASE\plugins\org.eclipse.justj.openjdk.hotspot.jre.full.win32.x86_64_17.0.4.v20220903-1038\jre\bin\instrument.dll
0x00007ffab58d0000 - 0x00007ffab58f5000 	C:\Users\BUYPC\Desktop\sts-4.16.0.RELEASE\plugins\org.eclipse.justj.openjdk.hotspot.jre.full.win32.x86_64_17.0.4.v20220903-1038\jre\bin\java.dll
0x00007ffab5c20000 - 0x00007ffab5c38000 	C:\Users\BUYPC\Desktop\sts-4.16.0.RELEASE\plugins\org.eclipse.justj.openjdk.hotspot.jre.full.win32.x86_64_17.0.4.v20220903-1038\jre\bin\zip.dll
0x00007ffacae30000 - 0x00007ffacb573000 	C:\Windows\System32\SHELL32.dll
0x00007ffac7790000 - 0x00007ffac7f22000 	C:\Windows\SYSTEM32\windows.storage.dll
0x00007ffaca420000 - 0x00007ffaca774000 	C:\Windows\System32\combase.dll
0x00007ffac8fd0000 - 0x00007ffac9000000 	C:\Windows\SYSTEM32\Wldp.dll
0x00007ffacb650000 - 0x00007ffacb6fd000 	C:\Windows\System32\SHCORE.dll
0x00007ffacbaf0000 - 0x00007ffacbb45000 	C:\Windows\System32\shlwapi.dll
0x00007ffac9670000 - 0x00007ffac968f000 	C:\Windows\SYSTEM32\profapi.dll
0x00007ffac0ba0000 - 0x00007ffac0bac000 	C:\Users\BUYPC\Desktop\sts-4.16.0.RELEASE\plugins\org.eclipse.justj.openjdk.hotspot.jre.full.win32.x86_64_17.0.4.v20220903-1038\jre\bin\dt_socket.dll
0x00007ffac8ac0000 - 0x00007ffac8afb000 	C:\Windows\SYSTEM32\IPHLPAPI.DLL
0x00007ffac8db0000 - 0x00007ffac8e1a000 	C:\Windows\system32\mswsock.dll
0x00007ffac8b10000 - 0x00007ffac8bda000 	C:\Windows\SYSTEM32\DNSAPI.dll
0x00007ffacbce0000 - 0x00007ffacbce8000 	C:\Windows\System32\NSI.dll
0x00007ffabdba0000 - 0x00007ffabdbaa000 	C:\Windows\System32\rasadhlp.dll
0x00007ffabdc10000 - 0x00007ffabdc90000 	C:\Windows\System32\fwpuclnt.dll
0x00007ffac9900000 - 0x00007ffac9927000 	C:\Windows\System32\bcrypt.dll
0x00007ffab5b50000 - 0x00007ffab5b69000 	C:\Users\BUYPC\Desktop\sts-4.16.0.RELEASE\plugins\org.eclipse.justj.openjdk.hotspot.jre.full.win32.x86_64_17.0.4.v20220903-1038\jre\bin\net.dll
0x00007ffabd7a0000 - 0x00007ffabd8ac000 	C:\Windows\SYSTEM32\WINHTTP.dll
0x00007ffab5ab0000 - 0x00007ffab5ac5000 	C:\Users\BUYPC\Desktop\sts-4.16.0.RELEASE\plugins\org.eclipse.justj.openjdk.hotspot.jre.full.win32.x86_64_17.0.4.v20220903-1038\jre\bin\nio.dll
0x00007ffac2540000 - 0x00007ffac2550000 	C:\Users\BUYPC\Desktop\sts-4.16.0.RELEASE\plugins\org.eclipse.justj.openjdk.hotspot.jre.full.win32.x86_64_17.0.4.v20220903-1038\jre\bin\verify.dll
0x00007ffac0620000 - 0x00007ffac0637000 	C:\Windows\SYSTEM32\dhcpcsvc6.DLL
0x00007ffac0730000 - 0x00007ffac074d000 	C:\Windows\SYSTEM32\dhcpcsvc.DLL
0x00007ffac93d0000 - 0x00007ffac93e8000 	C:\Windows\SYSTEM32\CRYPTSP.dll
0x00007ffac86f0000 - 0x00007ffac8724000 	C:\Windows\system32\rsaenh.dll
0x00007ffac9630000 - 0x00007ffac965e000 	C:\Windows\SYSTEM32\USERENV.dll
0x00007ffac8f40000 - 0x00007ffac8f4c000 	C:\Windows\SYSTEM32\CRYPTBASE.dll
0x00007ffac0b60000 - 0x00007ffac0b69000 	C:\Users\BUYPC\Desktop\sts-4.16.0.RELEASE\plugins\org.eclipse.justj.openjdk.hotspot.jre.full.win32.x86_64_17.0.4.v20220903-1038\jre\bin\management.dll
0x00007ffab7090000 - 0x00007ffab709b000 	C:\Users\BUYPC\Desktop\sts-4.16.0.RELEASE\plugins\org.eclipse.justj.openjdk.hotspot.jre.full.win32.x86_64_17.0.4.v20220903-1038\jre\bin\management_ext.dll
0x00007ffab0bf0000 - 0x00007ffab0c07000 	C:\Windows\system32\napinsp.dll
0x00007ffab0bd0000 - 0x00007ffab0beb000 	C:\Windows\system32\pnrpnsp.dll
0x00007ffac3240000 - 0x00007ffac3255000 	C:\Windows\system32\wshbth.dll
0x00007ffac4f00000 - 0x00007ffac4f1d000 	C:\Windows\system32\NLAapi.dll
0x00007ffab0780000 - 0x00007ffab0792000 	C:\Windows\System32\winrnr.dll

dbghelp: loaded successfully - version: 4.0.5 - missing functions: none
symbol engine: initialized successfully - sym options: 0x614 - pdb path: .;C:\Users\BUYPC\Desktop\sts-4.16.0.RELEASE\plugins\org.eclipse.justj.openjdk.hotspot.jre.full.win32.x86_64_17.0.4.v20220903-1038\jre\bin;C:\Windows\SYSTEM32;C:\Program Files\Avast Software\Avast;C:\Windows\WinSxS\amd64_microsoft.windows.common-controls_6595b64144ccf1df_6.0.19041.1110_none_60b5254171f9507e;C:\Users\BUYPC\Desktop\sts-4.16.0.RELEASE\plugins\org.eclipse.justj.openjdk.hotspot.jre.full.win32.x86_64_17.0.4.v20220903-1038\jre\bin\server

VM Arguments:
jvm_args: -XX:+ShowCodeDetailsInExceptionMessages -agentlib:jdwp=transport=dt_socket,suspend=y,address=localhost:56330 -ea -javaagent:C:\Users\BUYPC\Desktop\sts-4.16.0.RELEASE\configuration\org.eclipse.osgi\268\0\.cp\lib\javaagent-shaded.jar -Dfile.encoding=UTF-8 
java_command: org.eclipse.jdt.internal.junit.runner.RemoteTestRunner -version 3 -port 56328 -testLoaderClass org.eclipse.jdt.internal.junit5.runner.JUnit5TestLoader -loaderpluginname org.eclipse.jdt.junit5.runtime -classNames com.yuzee.app.controller.CourseControllerTest
java_class_path (initial): C:\Users\BUYPC\Desktop\yuzee-backend-institute-api\target\test-classes;C:\Users\BUYPC\Desktop\yuzee-backend-institute-api\target\classes;C:\Users\BUYPC\.m2\repository\org\apache\commons\commons-lang3\3.11\commons-lang3-3.11.jar;C:\Users\BUYPC\.m2\repository\org\projectlombok\lombok\1.18.20\lombok-1.18.20.jar;C:\Users\BUYPC\.m2\repository\junit\junit\4.12\junit-4.12.jar;C:\Users\BUYPC\.m2\repository\org\hamcrest\hamcrest-core\2.2\hamcrest-core-2.2.jar;C:\Users\BUYPC\.m2\repository\org\springframework\boot\spring-boot-starter-web\2.4.5\spring-boot-starter-web-2.4.5.jar;C:\Users\BUYPC\.m2\repository\org\springframework\boot\spring-boot-starter\2.4.5\spring-boot-starter-2.4.5.jar;C:\Users\BUYPC\.m2\repository\org\springframework\boot\spring-boot-starter-logging\2.4.5\spring-boot-starter-logging-2.4.5.jar;C:\Users\BUYPC\.m2\repository\ch\qos\logback\logback-classic\1.2.3\logback-classic-1.2.3.jar;C:\Users\BUYPC\.m2\repository\ch\qos\logback\logback-core\1.2.3\logback-core-1.2.3.jar;C:\Users\BUYPC\.m2\repository\org\apache\logging\log4j\log4j-to-slf4j\2.13.3\log4j-to-slf4j-2.13.3.jar;C:\Users\BUYPC\.m2\repository\org\apache\logging\log4j\log4j-api\2.13.3\log4j-api-2.13.3.jar;C:\Users\BUYPC\.m2\repository\org\slf4j\jul-to-slf4j\1.7.30\jul-to-slf4j-1.7.30.jar;C:\Users\BUYPC\.m2\repository\org\yaml\snakeyaml\1.27\snakeyaml-1.27.jar;C:\Users\BUYPC\.m2\repository\org\springframework\boot\spring-boot-starter-json\2.4.5\spring-boot-starter-json-2.4.5.jar;C:\Users\BUYPC\.m2\repository\com\fasterxml\jackson\datatype\jackson-datatype-jdk8\2.11.4\jackson-datatype-jdk8-2.11.4.jar;C:\Users\BUYPC\.m2\repository\com\fasterxml\jackson\datatype\jackson-datatype-jsr310\2.11.4\jackson-datatype-jsr310-2.11.4.jar;C:\Users\BUYPC\.m2\repository\com\fasterxml\jackson\module\jackson-module-parameter-names\2.11.4\jackson-module-parameter-names-2.11.4.jar;C:\Users\BUYPC\.m2\repository\org\springframework\spring-web\5.3.6\spring-web-5.3.6.jar;C:\Users\BUYPC\.m2\repositor
Launcher Type: SUN_STANDARD

[Global flags]
     intx CICompilerCount                          = 3                                         {product} {ergonomic}
     uint ConcGCThreads                            = 1                                         {product} {ergonomic}
     uint G1ConcRefinementThreads                  = 4                                         {product} {ergonomic}
   size_t G1HeapRegionSize                         = 1048576                                   {product} {ergonomic}
    uintx GCDrainStackTargetSize                   = 64                                        {product} {ergonomic}
   size_t InitialHeapSize                          = 134217728                                 {product} {ergonomic}
   size_t MarkStackSize                            = 4194304                                   {product} {ergonomic}
   size_t MaxHeapSize                              = 2118123520                                {product} {ergonomic}
   size_t MaxNewSize                               = 1270874112                                {product} {ergonomic}
   size_t MinHeapDeltaBytes                        = 1048576                                   {product} {ergonomic}
   size_t MinHeapSize                              = 8388608                                   {product} {ergonomic}
    uintx NonNMethodCodeHeapSize                   = 5832780                                {pd product} {ergonomic}
    uintx NonProfiledCodeHeapSize                  = 122912730                              {pd product} {ergonomic}
    uintx ProfiledCodeHeapSize                     = 122912730                              {pd product} {ergonomic}
    uintx ReservedCodeCacheSize                    = 251658240                              {pd product} {ergonomic}
     bool SegmentedCodeCache                       = true                                      {product} {ergonomic}
     bool ShowCodeDetailsInExceptionMessages       = true                                   {manageable} {command line}
   size_t SoftMaxHeapSize                          = 2118123520                             {manageable} {ergonomic}
     bool UseCompressedClassPointers               = true                           {product lp64_product} {ergonomic}
     bool UseCompressedOops                        = true                           {product lp64_product} {ergonomic}
     bool UseG1GC                                  = true                                      {product} {ergonomic}
     bool UseLargePagesIndividualAllocation        = false                                  {pd product} {ergonomic}

Logging:
Log output configuration:
 #0: stdout all=warning uptime,level,tags
 #1: stderr all=off uptime,level,tags

Environment Variables:
JAVA_HOME=C:\Program Files\Java\jdk-17.0.2
PATH=C:\Users\BUYPC\Desktop\sts-4.16.0.RELEASE\plugins\org.eclipse.justj.openjdk.hotspot.jre.full.win32.x86_64_17.0.4.v20220903-1038\jre\bin;C:/Users/BUYPC/Desktop/sts-4.16.0.RELEASE//plugins/org.eclipse.justj.openjdk.hotspot.jre.full.win32.x86_64_17.0.4.v20220903-1038/jre/bin/server;C:/Users/BUYPC/Desktop/sts-4.16.0.RELEASE//plugins/org.eclipse.justj.openjdk.hotspot.jre.full.win32.x86_64_17.0.4.v20220903-1038/jre/bin;C:\Program Files\Common Files\Oracle\Java\javapath;C:\Program Files\Java\jdk-16.0.2\bin;C:\Windows\system32;C:\Windows;C:\Windows\System32\Wbem;C:\Windows\System32\WindowsPowerShell\v1.0\;C:\Windows\System32\OpenSSH\;C:\Users\BUYPC\Desktop\apache-maven-3.8.4-bin\apache-maven-3.8.4\bin;C:\Program Files\Git\cmd;C:\Program Files\nodejs\;C:\ProgramData\Microsoft\Windows\Start Menu\Programs\MySQL\MySQL Server 8.0;C:\Users\BUYPC\Downloads\sonarqube-8.9.9.56886\sonarqube-8.9.9.56886\bin;;C:\Program Files\Docker\Docker\resources\bin;C:\Program Files\MySQL\MySQL Shell 8.0\bin\;C:\Users\BUYPC\AppData\Local\Microsoft\WindowsApps;C:\Users\BUYPC\AppData\Roaming\npm;C:\Users\BUYPC\AppData\Local\Programs\Microsoft VS Code\bin;C:\Users\BUYPC\Desktop\;C:\Users\BUYPC\Desktop\sts-4.16.0.RELEASE;
USERNAME=BUYPC
OS=Windows_NT
PROCESSOR_IDENTIFIER=Intel64 Family 6 Model 42 Stepping 7, GenuineIntel
TMP=C:\Users\BUYPC\AppData\Local\Temp
TEMP=C:\Users\BUYPC\AppData\Local\Temp



---------------  S Y S T E M  ---------------

OS:
 Windows 10 , 64 bit Build 19041 (10.0.19041.2251)
OS uptime: 0 days 17:47 hours
Hyper-V role detected

CPU: total 4 (initial active 4) (2 cores per cpu, 2 threads per core) family 6 model 42 stepping 7 microcode 0x2f, cx8, cmov, fxsr, ht, mmx, sse, sse2, sse3, ssse3, sse4.1, sse4.2, popcnt, tsc, tscinvbit, avx, aes, clmul, vzeroupper, clflush, hv

Memory: 4k page, system-wide physical 8073M (1243M free)
TotalPageFile size 13193M (AvailPageFile size 4240M)
current process WorkingSet (physical memory assigned to process): 188M, peak: 205M
current process commit charge ("private bytes"): 225M, peak: 295M

vm_info: OpenJDK 64-Bit Server VM (17.0.4.1+1) for windows-amd64 JRE (17.0.4.1+1), built on Aug 17 2022 07:42:43 by "temurin" with MS VC++ 16.7 (VS2019)

END.
