#
# A fatal error has been detected by the Java Runtime Environment:
#
#  EXCEPTION_ACCESS_VIOLATION (0xc0000005) at pc=0x000001e412e35c59, pid=15168, tid=6520
#
# JRE version: OpenJDK Runtime Environment Temurin-17.0.4.1+1 (17.0.4.1+1) (build 17.0.4.1+1)
# Java VM: OpenJDK 64-Bit Server VM Temurin-17.0.4.1+1 (17.0.4.1+1, mixed mode, tiered, compressed oops, compressed class ptrs, g1 gc, windows-amd64)
# Problematic frame:
# j  com.sun.org.apache.xerces.internal.impl.XMLDocumentFragmentScannerImpl.scanXMLDeclOrTextDecl(Z)V+147 java.xml@17.0.4.1
#
# No core dump will be written. Minidumps are not enabled by default on client versions of Windows
#
# If you would like to submit a bug report, please visit:
#   https://github.com/adoptium/adoptium-support/issues
#

---------------  S U M M A R Y ------------

Command Line: -XX:+ShowCodeDetailsInExceptionMessages -agentlib:jdwp=transport=dt_socket,suspend=y,address=localhost:63639 -ea -javaagent:C:\Users\BUYPC\Desktop\sts-4.16.0.RELEASE\configuration\org.eclipse.osgi\268\0\.cp\lib\javaagent-shaded.jar -Dfile.encoding=UTF-8 org.eclipse.jdt.internal.junit.runner.RemoteTestRunner -version 3 -port 63630 -testLoaderClass org.eclipse.jdt.internal.junit5.runner.JUnit5TestLoader -loaderpluginname org.eclipse.jdt.junit5.runtime -test testController.TestInstituteController:wrongIdchangeInstituteStatus

Host: Intel(R) Core(TM) i7-2640M CPU @ 2.80GHz, 4 cores, 7G,  Windows 10 , 64 bit Build 19041 (10.0.19041.2251)
Time: Tue Nov 22 23:59:42 2022 Pacific Standard Time elapsed time: 5.182966 seconds (0d 0h 0m 5s)

---------------  T H R E A D  ---------------

Current thread (0x000001e40f7782a0):  JavaThread "main" [_thread_in_Java, id=6520, stack(0x00000041d1100000,0x00000041d1200000)]

Stack: [0x00000041d1100000,0x00000041d1200000],  sp=0x00000041d11fbbc0,  free space=1006k
Native frames: (J=compiled Java code, j=interpreted, Vv=VM code, C=native code)
C  0x000001e412e35c59


siginfo: EXCEPTION_ACCESS_VIOLATION (0xc0000005), reading address 0xffffffffffffffff


Register to memory mapping:

RIP=0x000001e412e35c59 is at code_begin+1401 in an Interpreter codelet
invokevirtual  182 invokevirtual  [0x000001e412e356e0, 0x000001e412e35c60]  1408 bytes
RAX=0x000000010017f1c8 is a pointer to class: 
com.sun.org.apache.xerces.internal.impl.XMLEntityScanner {0x000000010017f1d0}
 - instance size:     9
 - klass size:        113
 - access:            public synchronized 
 - state:             fully_initialized
 - name:              'com/sun/org/apache/xerces/internal/impl/XMLEntityScanner'
 - super:             'java/lang/Object'
 - sub:               
 - arrays:            NULL
 - methods:           Array<T>(0x000001e42bde3178)
 - method ordering:   Array<T>(0x000001e42bde7fc0)
 - default_methods:   Array<T>(0x0000000000000000)
 - local interfaces:  Array<T>(0x000001e42bde29b8)
 - trans. interfaces: Array<T>(0x000001e42bde29b8)
 - constants:         constant pool [671] {0x000001e42bde1340} for 'com/sun/org/apache/xerces/internal/impl/XMLEntityScanner' cache=0x000001e42bde80d0
 - class loader data:  loader data: 0x000001e40f81ed80 of 'bootstrap'
 - source file:       'XMLEntityScanner.java'
 - class annotations:       Array<T>(0x0000000000000000)
 - class type annotations:  Array<T>(0x0000000000000000)
 - field annotations:       Array<T>(0x0000000000000000)
 - field type annotations:  Array<T>(0x0000000000000000)
 - inner classes:     Array<T>(0x000001e42bde7f80)
 - nest members:     Array<T>(0x000001e42bde7fb0)
 - permitted subclasses:     Array<T>(0x000001e429000028)
 - java mirror:       a 'java/lang/Class'{0x0000000085de1210} = 'com/sun/org/apache/xerces/internal/impl/XMLEntityScanner'
 - vtable length      42  (start addr: 0x000000010017f390)
 - itable length      13 (start addr: 0x000000010017f4e0)
 - ---- static fields (3 words):
 - private static final 'DEBUG_ENCODINGS' 'Z' @132 
 - private static final 'VALID_NAMES' '[Z' @112 
 - private static final 'DEBUG_BUFFER' 'Z' @133 
 - private static final 'DEBUG_SKIP_STRING' 'Z' @134 
 - private static final 'END_OF_DOCUMENT_ENTITY' 'Ljava/io/EOFException;' @116 
 - protected static final 'SYMBOL_TABLE' 'Ljava/lang/String;' @120 
 - protected static final 'ERROR_REPORTER' 'Ljava/lang/String;' @124 
 - protected static final 'ALLOW_JAVA_ENCODINGS' 'Ljava/lang/String;' @128 
 - ---- non-static fields (15 words):
 - protected 'fBufferSize' 'I' @12 
 - 'whiteSpaceLen' 'I' @16 
 - 'offset' 'I' @20 
 - 'newlines' 'I' @24 
 - 'whiteSpaceInfoNeeded' 'Z' @28 
 - protected 'fAllowJavaEncodings' 'Z' @29 
 - 'isExternal' 'Z' @30 
 - protected 'xmlVersionSetExplicitly' 'Z' @31 
 - 'detectingVersion' 'Z' @32 
 - 'counted' 'Z' @33 
 - protected 'fCurrentEntity' 'Lcom/sun/xml/internal/stream/Entity$ScannedEntity;' @36 
 - protected 'fEntityManager' 'Lcom/sun/org/apache/xerces/internal/impl/XMLEntityManager;' @40 
 - protected 'fSecurityManager' 'Lcom/sun/org/apache/xerces/internal/utils/XMLSecurityManager;' @44 
 - protected 'fLimitAnalyzer' 'Lcom/sun/org/apache/xerces/internal/utils/XMLLimitAnalyzer;' @48 
 - private 'listeners' 'Ljava/util/ArrayList;' @52 
 - protected 'fSymbolTable' 'Lcom/sun/org/apache/xerces/internal/util/SymbolTable;' @56 
 - protected 'fErrorReporter' 'Lcom/sun/org/apache/xerces/internal/impl/XMLErrorReporter;' @60 
 - 'whiteSpaceLookup' '[I' @64 
 - protected 'fPropertyManager' 'Lcom/sun/org/apache/xerces/internal/impl/PropertyManager;' @68 
 - non-static oop maps: 36-68 
RBX=0x000001e42bde4718 is pointing into metadata
RCX=0x00000000840a63d8 is an oop: com.sun.org.apache.xerces.internal.impl.XMLEntityScanner 
{0x00000000840a63d8} - klass: 'com/sun/org/apache/xerces/internal/impl/XMLEntityScanner'
 - ---- fields (total size 9 words):
 - protected 'fBufferSize' 'I' @12  8192 (2000)
 - 'whiteSpaceLen' 'I' @16  0
 - 'offset' 'I' @20  0
 - 'newlines' 'I' @24  0
 - 'whiteSpaceInfoNeeded' 'Z' @28  true
 - protected 'fAllowJavaEncodings' 'Z' @29  true
 - 'isExternal' 'Z' @30  true
 - protected 'xmlVersionSetExplicitly' 'Z' @31  false
 - 'detectingVersion' 'Z' @32  false
 - 'counted' 'Z' @33  false
 - protected 'fCurrentEntity' 'Lcom/sun/xml/internal/stream/Entity$ScannedEntity;' @36  a 'com/sun/xml/internal/stream/Entity$ScannedEntity'{0x00000000840aae88} (840aae88)
 - protected 'fEntityManager' 'Lcom/sun/org/apache/xerces/internal/impl/XMLEntityManager;' @40  a 'com/sun/org/apache/xerces/internal/impl/XMLEntityManager'{0x00000000840a5d90} (840a5d90)
 - protected 'fSecurityManager' 'Lcom/sun/org/apache/xerces/internal/utils/XMLSecurityManager;' @44  a 'com/sun/org/apache/xerces/internal/utils/XMLSecurityManager'{0x00000000840a4d68} (840a4d68)
 - protected 'fLimitAnalyzer' 'Lcom/sun/org/apache/xerces/internal/utils/XMLLimitAnalyzer;' @48  a 'com/sun/org/apache/xerces/internal/utils/XMLLimitAnalyzer'{0x00000000840aaa58} (840aaa58)
 - private 'listeners' 'Ljava/util/ArrayList;' @52  a 'java/util/ArrayList'{0x00000000840a6420} (840a6420)
 - protected 'fSymbolTable' 'Lcom/sun/org/apache/xerces/internal/util/SymbolTable;' @56  a 'com/sun/org/apache/xerces/internal/util/SymbolTable'{0x00000000840a5b50} (840a5b50)
 - protected 'fErrorReporter' 'Lcom/sun/org/apache/xerces/internal/impl/XMLErrorReporter;' @60  a 'com/sun/org/apache/xerces/internal/impl/XMLErrorReporter'{0x00000000840a6968} (840a6968)
 - 'whiteSpaceLookup' '[I' @64  [I{0x00000000840a6438} (840a6438)
 - protected 'fPropertyManager' 'Lcom/sun/org/apache/xerces/internal/impl/PropertyManager;' @68  NULL (0)
RDX=0x0 is NULL
RSP=0x00000041d11fbbc0 is pointing into the stack for thread: 0x000001e40f7782a0
RBP=0x00000041d11fbc20 is pointing into the stack for thread: 0x000001e40f7782a0
RSI=0x0000000000000001 is an unknown value
RDI=0x0 is NULL
R8 =0x0 is NULL
R9 =0x0 is NULL
R10=0x00007ff8862bb580 jvm.dll
R11=0x000001e41a9c9e20 is at entry_point+32 in (nmethod*)0x000001e41a9c9c90
R12=0x0 is NULL
R13=0x00000041d11fbbc8 is pointing into the stack for thread: 0x000001e40f7782a0
R14=0x0 is NULL
R15=0x000001e40f7782a0 is a thread


Registers:
RAX=0x000000010017f1c8, RBX=0x000001e42bde4718, RCX=0x00000000840a63d8, RDX=0x0000000000000000
RSP=0x00000041d11fbbc0, RBP=0x00000041d11fbc20, RSI=0x0000000000000001, RDI=0x0000000000000000
R8 =0x0000000000000000, R9 =0x0000000000000000, R10=0x00007ff8862bb580, R11=0x000001e41a9c9e20
R12=0x0000000000000000, R13=0x00000041d11fbbc8, R14=0x0000000000000000, R15=0x000001e40f7782a0
RIP=0x000001e412e35c59, EFLAGS=0x0000000000010246

Top of Stack: (sp=0x00000041d11fbbc0)
0x00000041d11fbbc0:   000001e412e19ee8 00000000840ac118
0x00000041d11fbbd0:   00000000840a63d8 00000041d11fbbd8
0x00000041d11fbbe0:   000001e42bdf69bb 00000041d11fbc50
0x00000041d11fbbf0:   000001e42bf013f8 0000000000000000
0x00000041d11fbc00:   0000000085de1f58 000001e42bdf6a40
0x00000041d11fbc10:   00000041d11fbbc8 00000041d11fbc48
0x00000041d11fbc20:   00000041d11fbca0 000001e412e19ee8
0x00000041d11fbc30:   0000000000000000 00000000840ac148
0x00000041d11fbc40:   00000000840ac118 0000000000000000
0x00000041d11fbc50:   00000000840a6a40 00000041d11fbc58
0x00000041d11fbc60:   000001e42bf174a1 00000041d11fbcb8
0x00000041d11fbc70:   000001e42bf17600 0000000000000000
0x00000041d11fbc80:   0000000085ddfdd0 000001e42bf17570
0x00000041d11fbc90:   00000041d11fbc48 00000041d11fbcb8
0x00000041d11fbca0:   00000041d11fbd08 000001e412e1b09e
0x00000041d11fbcb0:   0000000000000000 00000000840a7ec8 

Instructions: (pc=0x000001e412e35c59)
0x000001e412e35b59:   07 48 83 4a 08 01 eb 4a 45 8b 6d 08 49 c1 e5 03
0x000001e412e35b69:   4c 33 6a 08 49 f7 c5 fc ff ff ff 74 35 49 f7 c5
0x000001e412e35b79:   02 00 00 00 75 2c 48 81 7a 08 00 00 00 00 74 1e
0x000001e412e35b89:   48 81 7a 08 01 00 00 00 74 14 4c 33 6a 08 49 f7
0x000001e412e35b99:   c5 fc ff ff ff 74 0b 48 83 4a 08 02 eb 04 4c 89
0x000001e412e35ba9:   6a 08 48 83 c2 10 4c 8b 6a e8 41 83 ed 02 41 83
0x000001e412e35bb9:   fd 02 0f 8c 77 00 00 00 4c 8b 6b 08 45 0f b7 6d
0x000001e412e35bc9:   2c 4c 2b 2a 41 83 ed 01 4e 8b 6c ec 08 4d 85 ed
0x000001e412e35bd9:   75 07 48 83 4a 08 01 eb 4a 45 8b 6d 08 49 c1 e5
0x000001e412e35be9:   03 4c 33 6a 08 49 f7 c5 fc ff ff ff 74 35 49 f7
0x000001e412e35bf9:   c5 02 00 00 00 75 2c 48 81 7a 08 00 00 00 00 74
0x000001e412e35c09:   1e 48 81 7a 08 01 00 00 00 74 14 4c 33 6a 08 49
0x000001e412e35c19:   f7 c5 fc ff ff ff 74 0b 48 83 4a 08 02 eb 04 4c
0x000001e412e35c29:   89 6a 08 48 83 c2 10 4c 8b 6a d8 41 83 ed 04 41
0x000001e412e35c39:   c1 e5 03 49 03 d5 48 89 55 d8 4c 8d 6c 24 08 4c
0x000001e412e35c49:   89 6d f0 41 80 bf 88 04 00 00 00 74 03 ff 63 38
0x000001e412e35c59:   ff 63 50 0f 1f 40 00 a0 03 00 00 00 00 00 00 d0
0x000001e412e35c69:   bd 04 86 f8 7f 00 00 b7 00 00 00 00 00 00 00 00
0x000001e412e35c79:   00 00 00 00 00 00 00 48 83 ec 08 c5 fa 11 04 24
0x000001e412e35c89:   e9 25 00 00 00 48 83 ec 10 c5 fb 11 04 24 e9 17
0x000001e412e35c99:   00 00 00 48 83 ec 10 48 89 04 24 48 c7 44 24 08
0x000001e412e35ca9:   00 00 00 00 e9 01 00 00 00 50 4c 89 6d c0 41 0f
0x000001e412e35cb9:   b7 55 01 48 8b 4d d0 c1 e2 02 8b 5c d1 20 c1 eb
0x000001e412e35cc9:   10 81 e3 ff 00 00 00 81 fb b7 00 00 00 0f 84 7b
0x000001e412e35cd9:   01 00 00 bb b7 00 00 00 e8 05 00 00 00 e9 60 01
0x000001e412e35ce9:   00 00 48 8b d3 48 8d 44 24 08 4c 89 6d c0 49 8b
0x000001e412e35cf9:   cf c5 f8 77 49 89 af 98 02 00 00 49 89 87 88 02
0x000001e412e35d09:   00 00 48 83 ec 20 f7 c4 0f 00 00 00 0f 84 1a 00
0x000001e412e35d19:   00 00 48 83 ec 08 49 ba f0 28 ab 85 f8 7f 00 00
0x000001e412e35d29:   41 ff d2 48 83 c4 08 e9 0d 00 00 00 49 ba f0 28
0x000001e412e35d39:   ab 85 f8 7f 00 00 41 ff d2 48 83 c4 20 49 c7 87
0x000001e412e35d49:   88 02 00 00 00 00 00 00 49 c7 87 98 02 00 00 00 


Stack slot to memory mapping:
stack at sp + 0 slots: 0x000001e412e19ee8 is at code_begin+3464 in an Interpreter codelet
return entry points  [0x000001e412e19160, 0x000001e412e1b340]  8672 bytes
stack at sp + 1 slots: 0x00000000840ac118 is an oop: java.lang.String 
{0x00000000840ac118} - klass: 'java/lang/String'
 - string: "1.0"
stack at sp + 2 slots: 0x00000000840a63d8 is an oop: com.sun.org.apache.xerces.internal.impl.XMLEntityScanner 
{0x00000000840a63d8} - klass: 'com/sun/org/apache/xerces/internal/impl/XMLEntityScanner'
 - ---- fields (total size 9 words):
 - protected 'fBufferSize' 'I' @12  8192 (2000)
 - 'whiteSpaceLen' 'I' @16  0
 - 'offset' 'I' @20  0
 - 'newlines' 'I' @24  0
 - 'whiteSpaceInfoNeeded' 'Z' @28  true
 - protected 'fAllowJavaEncodings' 'Z' @29  true
 - 'isExternal' 'Z' @30  true
 - protected 'xmlVersionSetExplicitly' 'Z' @31  false
 - 'detectingVersion' 'Z' @32  false
 - 'counted' 'Z' @33  false
 - protected 'fCurrentEntity' 'Lcom/sun/xml/internal/stream/Entity$ScannedEntity;' @36  a 'com/sun/xml/internal/stream/Entity$ScannedEntity'{0x00000000840aae88} (840aae88)
 - protected 'fEntityManager' 'Lcom/sun/org/apache/xerces/internal/impl/XMLEntityManager;' @40  a 'com/sun/org/apache/xerces/internal/impl/XMLEntityManager'{0x00000000840a5d90} (840a5d90)
 - protected 'fSecurityManager' 'Lcom/sun/org/apache/xerces/internal/utils/XMLSecurityManager;' @44  a 'com/sun/org/apache/xerces/internal/utils/XMLSecurityManager'{0x00000000840a4d68} (840a4d68)
 - protected 'fLimitAnalyzer' 'Lcom/sun/org/apache/xerces/internal/utils/XMLLimitAnalyzer;' @48  a 'com/sun/org/apache/xerces/internal/utils/XMLLimitAnalyzer'{0x00000000840aaa58} (840aaa58)
 - private 'listeners' 'Ljava/util/ArrayList;' @52  a 'java/util/ArrayList'{0x00000000840a6420} (840a6420)
 - protected 'fSymbolTable' 'Lcom/sun/org/apache/xerces/internal/util/SymbolTable;' @56  a 'com/sun/org/apache/xerces/internal/util/SymbolTable'{0x00000000840a5b50} (840a5b50)
 - protected 'fErrorReporter' 'Lcom/sun/org/apache/xerces/internal/impl/XMLErrorReporter;' @60  a 'com/sun/org/apache/xerces/internal/impl/XMLErrorReporter'{0x00000000840a6968} (840a6968)
 - 'whiteSpaceLookup' '[I' @64  [I{0x00000000840a6438} (840a6438)
 - protected 'fPropertyManager' 'Lcom/sun/org/apache/xerces/internal/impl/PropertyManager;' @68  NULL (0)
stack at sp + 3 slots: 0x00000041d11fbbd8 is pointing into the stack for thread: 0x000001e40f7782a0
stack at sp + 4 slots: 0x000001e42bdf69bb is pointing into metadata
stack at sp + 5 slots: 0x00000041d11fbc50 is pointing into the stack for thread: 0x000001e40f7782a0
stack at sp + 6 slots: 0x000001e42bf013f8 is pointing into metadata
stack at sp + 7 slots: 0x0 is NULL

invokevirtual  182 invokevirtual  [0x000001e412e356e0, 0x000001e412e35c60]  1408 bytes
[MachCode]
  0x000001e412e356e0: 4883 ec08 | c5fa 1104 | 24e9 2500 | 0000 4883 | ec10 c5fb | 1104 24e9 | 1700 0000 | 4883 ec10 
  0x000001e412e35700: 4889 0424 | 48c7 4424 | 0800 0000 | 00e9 0100 | 0000 504c | 896d c041 | 0fb7 5501 | 488b 4dd0 
  0x000001e412e35720: c1e2 028b | 5cd1 20c1 | eb18 81e3 | ff00 0000 | 81fb b600 | 0000 0f84 | 7b01 0000 | bbb6 0000 
  0x000001e412e35740: 00e8 0500 | 0000 e960 | 0100 0048 | 8bd3 488d | 4424 084c | 896d c049 | 8bcf c5f8 | 7749 89af 
  0x000001e412e35760: 9802 0000 | 4989 8788 | 0200 0048 | 83ec 20f7 | c40f 0000 | 000f 841a | 0000 0048 | 83ec 0849 
  0x000001e412e35780: baf0 28ab | 85f8 7f00 | 0041 ffd2 | 4883 c408 | e90d 0000 | 0049 baf0 | 28ab 85f8 | 7f00 0041 
  0x000001e412e357a0: ffd2 4883 | c420 49c7 | 8788 0200 | 0000 0000 | 0049 c787 | 9802 0000 | 0000 0000 | 49c7 8790 
  0x000001e412e357c0: 0200 0000 | 0000 00c5 | f877 418b | 8ffc 0300 | 00f7 c101 | 0000 000f | 8449 0000 | 00f7 c102 
  0x000001e412e357e0: 0000 000f | 853d 0000 | 0048 83ec | 20f7 c40f | 0000 000f | 841a 0000 | 0048 83ec | 0849 ba30 
  0x000001e412e35800: cdaa 85f8 | 7f00 0041 | ffd2 4883 | c408 e90d | 0000 0049 | ba30 cdaa | 85f8 7f00 | 0041 ffd2 
  0x000001e412e35820: 4883 c420 | ffe0 498b | 8f80 0400 | 0048 85c9 | 0f84 5900 | 0000 8b89 | 8c00 0000 | 83f9 010f 
  0x000001e412e35840: 854a 0000 | 0049 8b8f | 8004 0000 | 8b89 9000 | 0000 4883 | ec20 f7c4 | 0f00 0000 | 0f84 1a00 
  0x000001e412e35860: 0000 4883 | ec08 49ba | 20cd aa85 | f87f 0000 | 41ff d248 | 83c4 08e9 | 0d00 0000 | 49ba 20cd 
  0x000001e412e35880: aa85 f87f | 0000 41ff | d248 83c4 | 20ff e049 | 817f 0800 | 0000 000f | 8405 0000 | 00e9 5eb6 
  0x000001e412e358a0: fdff 4c8b | 6dc0 4c8b | 75c8 c341 | 0fb7 5501 | 488b 4dd0 | c1e2 0248 | 8b5c d130 | 8b54 d138 
  0x000001e412e358c0: 8bca 81e1 | ff00 0000 | 488b 4ccc | f844 8bea | c1ea 1c49 | ba80 b52b | 86f8 7f00 | 0049 8b14 
  0x000001e412e358e0: d252 418b | d54c 8b6d | c08b c281 | e000 0010 | 000f 846b | 0100 0048 | 3b01 488b | 45d8 4885 
  0x000001e412e35900: c00f 8412 | 0000 0048 | 8340 0801 | 4883 5808 | 0048 83c0 | 3848 8945 | d848 8b45 | d848 85c0 
  0x000001e412e35920: 0f84 2301 | 0000 8078 | c80b 0f85 | 1901 0000 | 4883 c008 | 4c8b 68f8 | 4183 ed00 | 4183 fd02 
  0x000001e412e35940: 0f8c f800 | 0000 4c8b | 6b08 450f | b76d 2c4c | 2b28 4183 | ed01 4e8b | 6cec 084d | 85ed 7507 
  0x000001e412e35960: 4883 4808 | 01eb 4a45 | 8b6d 0849 | c1e5 034c | 3368 0849 | f7c5 fcff | ffff 7435 | 49f7 c502 
  0x000001e412e35980: 0000 0075 | 2c48 8178 | 0800 0000 | 0074 1e48 | 8178 0801 | 0000 0074 | 144c 3368 | 0849 f7c5 
  0x000001e412e359a0: fcff ffff | 740b 4883 | 4808 02eb | 044c 8968 | 0848 83c0 | 104c 8b68 | e841 83ed | 0241 83fd 
  0x000001e412e359c0: 020f 8c77 | 0000 004c | 8b6b 0845 | 0fb7 6d2c | 4c2b 2841 | 83ed 014e | 8b6c ec08 | 4d85 ed75 
  0x000001e412e359e0: 0748 8348 | 0801 eb4a | 458b 6d08 | 49c1 e503 | 4c33 6808 | 49f7 c5fc | ffff ff74 | 3549 f7c5 
  0x000001e412e35a00: 0200 0000 | 752c 4881 | 7808 0000 | 0000 741e | 4881 7808 | 0100 0000 | 7414 4c33 | 6808 49f7 
  0x000001e412e35a20: c5fc ffff | ff74 0b48 | 8348 0802 | eb04 4c89 | 6808 4883 | c010 4c8b | 68d8 4183 | ed04 41c1 
  0x000001e412e35a40: e503 4903 | c548 8945 | d84c 8d6c | 2408 4c89 | 6df0 4180 | bf88 0400 | 0000 7403 | ff63 38ff 
  0x000001e412e35a60: 6350 8b41 | 0848 c1e0 | 034c 8b75 | d84d 85f6 | 0f84 9500 | 0000 498b | 5618 483b | d00f 850f 
  0x000001e412e35a80: 0000 0049 | 8346 2001 | 4983 5e20 | 00e9 7100 | 0000 4885 | d20f 8442 | 0000 0049 | 8b56 2848 
  0x000001e412e35aa0: 3bd0 0f85 | 0f00 0000 | 4983 4630 | 0149 835e | 3000 e94c | 0000 0048 | 85d2 740f | 4983 4608 
  0x000001e412e35ac0: 0149 835e | 0800 e938 | 0000 0049 | 8946 28ba | 0100 0000 | 4989 5630 | e926 0000 | 0049 3b46 
  0x000001e412e35ae0: 280f 850f | 0000 0049 | 8346 3001 | 4983 5e30 | 00e9 0d00 | 0000 4989 | 4618 ba01 | 0000 0049 
  0x000001e412e35b00: 8956 2049 | 83c6 384c | 8975 d848 | 8b9c d8c8 | 0100 0048 | 8b55 d848 | 85d2 0f84 | 2301 0000 
  0x000001e412e35b20: 807a c80b | 0f85 1901 | 0000 4883 | c208 4c8b | 6af8 4183 | ed00 4183 | fd02 0f8c | f800 0000 
  0x000001e412e35b40: 4c8b 6b08 | 450f b76d | 2c4c 2b2a | 4183 ed01 | 4e8b 6cec | 084d 85ed | 7507 4883 | 4a08 01eb 
  0x000001e412e35b60: 4a45 8b6d | 0849 c1e5 | 034c 336a | 0849 f7c5 | fcff ffff | 7435 49f7 | c502 0000 | 0075 2c48 
  0x000001e412e35b80: 817a 0800 | 0000 0074 | 1e48 817a | 0801 0000 | 0074 144c | 336a 0849 | f7c5 fcff | ffff 740b 
  0x000001e412e35ba0: 4883 4a08 | 02eb 044c | 896a 0848 | 83c2 104c | 8b6a e841 | 83ed 0241 | 83fd 020f | 8c77 0000 
  0x000001e412e35bc0: 004c 8b6b | 0845 0fb7 | 6d2c 4c2b | 2a41 83ed | 014e 8b6c | ec08 4d85 | ed75 0748 | 834a 0801 
  0x000001e412e35be0: eb4a 458b | 6d08 49c1 | e503 4c33 | 6a08 49f7 | c5fc ffff | ff74 3549 | f7c5 0200 | 0000 752c 
  0x000001e412e35c00: 4881 7a08 | 0000 0000 | 741e 4881 | 7a08 0100 | 0000 7414 | 4c33 6a08 | 49f7 c5fc | ffff ff74 
  0x000001e412e35c20: 0b48 834a | 0802 eb04 | 4c89 6a08 | 4883 c210 | 4c8b 6ad8 | 4183 ed04 | 41c1 e503 | 4903 d548 
  0x000001e412e35c40: 8955 d84c | 8d6c 2408 | 4c89 6df0 | 4180 bf88 | 0400 0000 | 7403 ff63 | 38ff 6350 | 0f1f 4000 
[/MachCode]

---------------  P R O C E S S  ---------------

Threads class SMR info:
_java_thread_list=0x000001e42c469d40, length=17, elements={
0x000001e40f7782a0, 0x000001e428e58680, 0x000001e428e38f80, 0x000001e4298334d0,
0x000001e429836db0, 0x000001e429837760, 0x000001e429838110, 0x000001e429838ea0,
0x000001e428e59790, 0x000001e428e5e950, 0x000001e428dd0ce0, 0x000001e429b784d0,
0x000001e429b79370, 0x000001e429b7bb70, 0x000001e42ab39260, 0x000001e42ac006b0,
0x000001e42c335ab0
}

Java Threads: ( => current thread )
=>0x000001e40f7782a0 JavaThread "main" [_thread_in_Java, id=6520, stack(0x00000041d1100000,0x00000041d1200000)]
  0x000001e428e58680 JavaThread "Reference Handler" daemon [_thread_blocked, id=13316, stack(0x00000041d1800000,0x00000041d1900000)]
  0x000001e428e38f80 JavaThread "Finalizer" daemon [_thread_blocked, id=2152, stack(0x00000041d1900000,0x00000041d1a00000)]
  0x000001e4298334d0 JavaThread "Signal Dispatcher" daemon [_thread_blocked, id=14228, stack(0x00000041d1a00000,0x00000041d1b00000)]
  0x000001e429836db0 JavaThread "Attach Listener" daemon [_thread_blocked, id=6028, stack(0x00000041d1b00000,0x00000041d1c00000)]
  0x000001e429837760 JavaThread "Service Thread" daemon [_thread_blocked, id=15296, stack(0x00000041d1c00000,0x00000041d1d00000)]
  0x000001e429838110 JavaThread "Monitor Deflation Thread" daemon [_thread_blocked, id=14376, stack(0x00000041d1d00000,0x00000041d1e00000)]
  0x000001e429838ea0 JavaThread "C2 CompilerThread0" daemon [_thread_blocked, id=13672, stack(0x00000041d1e00000,0x00000041d1f00000)]
  0x000001e428e59790 JavaThread "C1 CompilerThread0" daemon [_thread_blocked, id=12176, stack(0x00000041d1f00000,0x00000041d2000000)]
  0x000001e428e5e950 JavaThread "Sweeper thread" daemon [_thread_blocked, id=2816, stack(0x00000041d2000000,0x00000041d2100000)]
  0x000001e428dd0ce0 JavaThread "Common-Cleaner" daemon [_thread_blocked, id=12096, stack(0x00000041d2100000,0x00000041d2200000)]
  0x000001e429b784d0 JavaThread "JDWP Transport Listener: dt_socket" daemon [_thread_blocked, id=11488, stack(0x00000041d2200000,0x00000041d2300000)]
  0x000001e429b79370 JavaThread "JDWP Event Helper Thread" daemon [_thread_blocked, id=3908, stack(0x00000041d2300000,0x00000041d2400000)]
  0x000001e429b7bb70 JavaThread "JDWP Command Reader" daemon [_thread_in_native, id=14024, stack(0x00000041d2400000,0x00000041d2500000)]
  0x000001e42ab39260 JavaThread "Notification Thread" daemon [_thread_blocked, id=8352, stack(0x00000041d2900000,0x00000041d2a00000)]
  0x000001e42ac006b0 JavaThread "ReaderThread" [_thread_in_native, id=3864, stack(0x00000041d2500000,0x00000041d2600000)]
  0x000001e42c335ab0 JavaThread "C2 CompilerThread1" daemon [_thread_blocked, id=14072, stack(0x00000041d2b00000,0x00000041d2c00000)]

Other Threads:
  0x000001e428dec5c0 VMThread "VM Thread" [stack: 0x00000041d1700000,0x00000041d1800000] [id=4800]
  0x000001e42aec4a10 WatcherThread [stack: 0x00000041d2a00000,0x00000041d2b00000] [id=5572]
  0x000001e40f7d2880 GCTaskThread "GC Thread#0" [stack: 0x00000041d1200000,0x00000041d1300000] [id=9896]
  0x000001e42a18e790 GCTaskThread "GC Thread#1" [stack: 0x00000041d2600000,0x00000041d2700000] [id=11708]
  0x000001e42a18ea40 GCTaskThread "GC Thread#2" [stack: 0x00000041d2700000,0x00000041d2800000] [id=14540]
  0x000001e42a7fce20 GCTaskThread "GC Thread#3" [stack: 0x00000041d2800000,0x00000041d2900000] [id=10840]
  0x000001e40f7e3cb0 ConcurrentGCThread "G1 Main Marker" [stack: 0x00000041d1300000,0x00000041d1400000] [id=5724]
  0x000001e40f7e56d0 ConcurrentGCThread "G1 Conc#0" [stack: 0x00000041d1400000,0x00000041d1500000] [id=13156]
  0x000001e428ca30e0 ConcurrentGCThread "G1 Refine#0" [stack: 0x00000041d1500000,0x00000041d1600000] [id=12488]
  0x000001e428ca3b00 ConcurrentGCThread "G1 Service" [stack: 0x00000041d1600000,0x00000041d1700000] [id=4256]

Threads with active compile tasks:

VM state: not at safepoint (normal execution)

VM Mutex/Monitor currently owned by a thread: None

Heap address: 0x0000000081c00000, size: 2020 MB, Compressed Oops mode: 32-bit

CDS archive(s) not mapped
Compressed class space mapped at: 0x0000000100000000-0x0000000140000000, reserved size: 1073741824
Narrow klass base: 0x0000000000000000, Narrow klass shift: 3, Narrow klass range: 0x140000000

GC Precious Log:
 CPUs: 4 total, 4 available
 Memory: 8073M
 Large Page Support: Disabled
 NUMA Support: Disabled
 Compressed Oops: Enabled (32-bit)
 Heap Region Size: 1M
 Heap Min Capacity: 8M
 Heap Initial Capacity: 128M
 Heap Max Capacity: 2020M
 Pre-touch: Disabled
 Parallel Workers: 4
 Concurrent Workers: 1
 Concurrent Refinement Workers: 4
 Periodic GC: Disabled

Heap:
 garbage-first heap   total 78848K, used 57852K [0x0000000081c00000, 0x0000000100000000)
  region size 1024K, 41 young (41984K), 4 survivors (4096K)
 Metaspace       used 25780K, committed 26112K, reserved 1073152K
  class space    used 2853K, committed 3008K, reserved 1048576K

Heap Regions: E=young(eden), S=young(survivor), O=old, HS=humongous(starts), HC=humongous(continues), CS=collection set, F=free, OA=open archive, CA=closed archive, TAMS=top-at-mark-start (previous, next)
|   0|0x0000000081c00000, 0x0000000081d00000, 0x0000000081d00000|100%|HS|  |TAMS 0x0000000081d00000, 0x0000000081c00000| Complete 
|   1|0x0000000081d00000, 0x0000000081e00000, 0x0000000081e00000|100%|HC|  |TAMS 0x0000000081e00000, 0x0000000081d00000| Complete 
|   2|0x0000000081e00000, 0x0000000081f00000, 0x0000000081f00000|100%|HS|  |TAMS 0x0000000081f00000, 0x0000000081e00000| Complete 
|   3|0x0000000081f00000, 0x0000000082000000, 0x0000000082000000|100%|HS|  |TAMS 0x0000000082000000, 0x0000000081f00000| Complete 
|   4|0x0000000082000000, 0x0000000082100000, 0x0000000082100000|100%| O|  |TAMS 0x0000000082100000, 0x0000000082000000| Untracked 
|   5|0x0000000082100000, 0x0000000082200000, 0x0000000082200000|100%| O|  |TAMS 0x0000000082200000, 0x0000000082100000| Untracked 
|   6|0x0000000082200000, 0x0000000082300000, 0x0000000082300000|100%| O|  |TAMS 0x0000000082300000, 0x0000000082200000| Untracked 
|   7|0x0000000082300000, 0x0000000082400000, 0x0000000082400000|100%| O|  |TAMS 0x0000000082400000, 0x0000000082300000| Untracked 
|   8|0x0000000082400000, 0x0000000082500000, 0x0000000082500000|100%| O|  |TAMS 0x0000000082500000, 0x0000000082400000| Untracked 
|   9|0x0000000082500000, 0x0000000082600000, 0x0000000082600000|100%| O|  |TAMS 0x0000000082600000, 0x0000000082500000| Untracked 
|  10|0x0000000082600000, 0x0000000082700000, 0x0000000082700000|100%| O|  |TAMS 0x0000000082700000, 0x0000000082600000| Untracked 
|  11|0x0000000082700000, 0x0000000082800000, 0x0000000082800000|100%| O|  |TAMS 0x0000000082800000, 0x0000000082700000| Untracked 
|  12|0x0000000082800000, 0x0000000082900000, 0x0000000082900000|100%| O|  |TAMS 0x0000000082900000, 0x0000000082800000| Untracked 
|  13|0x0000000082900000, 0x0000000082a00000, 0x0000000082a00000|100%| O|  |TAMS 0x0000000082a00000, 0x0000000082900000| Untracked 
|  14|0x0000000082a00000, 0x0000000082b00000, 0x0000000082b00000|100%| O|  |TAMS 0x0000000082b00000, 0x0000000082a00000| Untracked 
|  15|0x0000000082b00000, 0x0000000082c00000, 0x0000000082c00000|100%| O|  |TAMS 0x0000000082c00000, 0x0000000082b00000| Untracked 
|  16|0x0000000082c00000, 0x0000000082d00000, 0x0000000082d00000|100%| O|  |TAMS 0x0000000082d00000, 0x0000000082c00000| Untracked 
|  17|0x0000000082d00000, 0x0000000082d11600, 0x0000000082e00000|  6%| O|  |TAMS 0x0000000082d11600, 0x0000000082d00000| Untracked 
|  18|0x0000000082e00000, 0x0000000082e00000, 0x0000000082f00000|  0%| F|  |TAMS 0x0000000082e00000, 0x0000000082e00000| Untracked 
|  19|0x0000000082f00000, 0x0000000082f00000, 0x0000000083000000|  0%| F|  |TAMS 0x0000000082f00000, 0x0000000082f00000| Untracked 
|  20|0x0000000083000000, 0x0000000083000000, 0x0000000083100000|  0%| F|  |TAMS 0x0000000083000000, 0x0000000083000000| Untracked 
|  21|0x0000000083100000, 0x0000000083100000, 0x0000000083200000|  0%| F|  |TAMS 0x0000000083100000, 0x0000000083100000| Untracked 
|  22|0x0000000083200000, 0x0000000083200000, 0x0000000083300000|  0%| F|  |TAMS 0x0000000083200000, 0x0000000083200000| Untracked 
|  23|0x0000000083300000, 0x0000000083300000, 0x0000000083400000|  0%| F|  |TAMS 0x0000000083300000, 0x0000000083300000| Untracked 
|  24|0x0000000083400000, 0x0000000083400000, 0x0000000083500000|  0%| F|  |TAMS 0x0000000083400000, 0x0000000083400000| Untracked 
|  25|0x0000000083500000, 0x0000000083500000, 0x0000000083600000|  0%| F|  |TAMS 0x0000000083500000, 0x0000000083500000| Untracked 
|  26|0x0000000083600000, 0x0000000083600000, 0x0000000083700000|  0%| F|  |TAMS 0x0000000083600000, 0x0000000083600000| Untracked 
|  27|0x0000000083700000, 0x0000000083700000, 0x0000000083800000|  0%| F|  |TAMS 0x0000000083700000, 0x0000000083700000| Untracked 
|  28|0x0000000083800000, 0x0000000083800000, 0x0000000083900000|  0%| F|  |TAMS 0x0000000083800000, 0x0000000083800000| Untracked 
|  29|0x0000000083900000, 0x0000000083900000, 0x0000000083a00000|  0%| F|  |TAMS 0x0000000083900000, 0x0000000083900000| Untracked 
|  30|0x0000000083a00000, 0x0000000083a00000, 0x0000000083b00000|  0%| F|  |TAMS 0x0000000083a00000, 0x0000000083a00000| Untracked 
|  31|0x0000000083b00000, 0x0000000083b00000, 0x0000000083c00000|  0%| F|  |TAMS 0x0000000083b00000, 0x0000000083b00000| Untracked 
|  32|0x0000000083c00000, 0x0000000083c00000, 0x0000000083d00000|  0%| F|  |TAMS 0x0000000083c00000, 0x0000000083c00000| Untracked 
|  33|0x0000000083d00000, 0x0000000083d00000, 0x0000000083e00000|  0%| F|  |TAMS 0x0000000083d00000, 0x0000000083d00000| Untracked 
|  34|0x0000000083e00000, 0x0000000083e00000, 0x0000000083f00000|  0%| F|  |TAMS 0x0000000083e00000, 0x0000000083e00000| Untracked 
|  35|0x0000000083f00000, 0x0000000083f00000, 0x0000000084000000|  0%| F|  |TAMS 0x0000000083f00000, 0x0000000083f00000| Untracked 
|  36|0x0000000084000000, 0x0000000084100000, 0x0000000084100000|100%| E|  |TAMS 0x0000000084000000, 0x0000000084000000| Complete 
|  37|0x0000000084100000, 0x0000000084200000, 0x0000000084200000|100%| E|CS|TAMS 0x0000000084100000, 0x0000000084100000| Complete 
|  38|0x0000000084200000, 0x0000000084300000, 0x0000000084300000|100%| E|CS|TAMS 0x0000000084200000, 0x0000000084200000| Complete 
|  39|0x0000000084300000, 0x0000000084400000, 0x0000000084400000|100%| E|CS|TAMS 0x0000000084300000, 0x0000000084300000| Complete 
|  40|0x0000000084400000, 0x0000000084500000, 0x0000000084500000|100%| E|CS|TAMS 0x0000000084400000, 0x0000000084400000| Complete 
|  41|0x0000000084500000, 0x0000000084600000, 0x0000000084600000|100%| E|CS|TAMS 0x0000000084500000, 0x0000000084500000| Complete 
|  42|0x0000000084600000, 0x0000000084700000, 0x0000000084700000|100%| E|CS|TAMS 0x0000000084600000, 0x0000000084600000| Complete 
|  43|0x0000000084700000, 0x0000000084800000, 0x0000000084800000|100%| E|CS|TAMS 0x0000000084700000, 0x0000000084700000| Complete 
|  44|0x0000000084800000, 0x0000000084900000, 0x0000000084900000|100%| E|CS|TAMS 0x0000000084800000, 0x0000000084800000| Complete 
|  45|0x0000000084900000, 0x0000000084a00000, 0x0000000084a00000|100%| E|CS|TAMS 0x0000000084900000, 0x0000000084900000| Complete 
|  46|0x0000000084a00000, 0x0000000084b00000, 0x0000000084b00000|100%| E|CS|TAMS 0x0000000084a00000, 0x0000000084a00000| Complete 
|  47|0x0000000084b00000, 0x0000000084c00000, 0x0000000084c00000|100%| E|CS|TAMS 0x0000000084b00000, 0x0000000084b00000| Complete 
|  48|0x0000000084c00000, 0x0000000084d00000, 0x0000000084d00000|100%| E|CS|TAMS 0x0000000084c00000, 0x0000000084c00000| Complete 
|  49|0x0000000084d00000, 0x0000000084e00000, 0x0000000084e00000|100%| E|CS|TAMS 0x0000000084d00000, 0x0000000084d00000| Complete 
|  50|0x0000000084e00000, 0x0000000084f00000, 0x0000000084f00000|100%| E|CS|TAMS 0x0000000084e00000, 0x0000000084e00000| Complete 
|  51|0x0000000084f00000, 0x0000000085000000, 0x0000000085000000|100%| E|CS|TAMS 0x0000000084f00000, 0x0000000084f00000| Complete 
|  52|0x0000000085000000, 0x0000000085100000, 0x0000000085100000|100%| E|CS|TAMS 0x0000000085000000, 0x0000000085000000| Complete 
|  53|0x0000000085100000, 0x0000000085200000, 0x0000000085200000|100%| E|CS|TAMS 0x0000000085100000, 0x0000000085100000| Complete 
|  54|0x0000000085200000, 0x0000000085300000, 0x0000000085300000|100%| E|CS|TAMS 0x0000000085200000, 0x0000000085200000| Complete 
|  55|0x0000000085300000, 0x0000000085400000, 0x0000000085400000|100%| E|CS|TAMS 0x0000000085300000, 0x0000000085300000| Complete 
|  56|0x0000000085400000, 0x0000000085500000, 0x0000000085500000|100%| E|CS|TAMS 0x0000000085400000, 0x0000000085400000| Complete 
|  57|0x0000000085500000, 0x0000000085600000, 0x0000000085600000|100%| E|CS|TAMS 0x0000000085500000, 0x0000000085500000| Complete 
|  58|0x0000000085600000, 0x0000000085700000, 0x0000000085700000|100%| E|CS|TAMS 0x0000000085600000, 0x0000000085600000| Complete 
|  59|0x0000000085700000, 0x0000000085800000, 0x0000000085800000|100%| E|CS|TAMS 0x0000000085700000, 0x0000000085700000| Complete 
|  60|0x0000000085800000, 0x0000000085900000, 0x0000000085900000|100%| E|CS|TAMS 0x0000000085800000, 0x0000000085800000| Complete 
|  61|0x0000000085900000, 0x0000000085a00000, 0x0000000085a00000|100%| E|CS|TAMS 0x0000000085900000, 0x0000000085900000| Complete 
|  62|0x0000000085a00000, 0x0000000085b00000, 0x0000000085b00000|100%| E|CS|TAMS 0x0000000085a00000, 0x0000000085a00000| Complete 
|  63|0x0000000085b00000, 0x0000000085c00000, 0x0000000085c00000|100%| E|CS|TAMS 0x0000000085b00000, 0x0000000085b00000| Complete 
|  64|0x0000000085c00000, 0x0000000085c6da60, 0x0000000085d00000| 42%| S|CS|TAMS 0x0000000085c00000, 0x0000000085c00000| Complete 
|  65|0x0000000085d00000, 0x0000000085e00000, 0x0000000085e00000|100%| S|CS|TAMS 0x0000000085d00000, 0x0000000085d00000| Complete 
|  66|0x0000000085e00000, 0x0000000085f00000, 0x0000000085f00000|100%| S|CS|TAMS 0x0000000085e00000, 0x0000000085e00000| Complete 
|  67|0x0000000085f00000, 0x0000000086000000, 0x0000000086000000|100%| S|CS|TAMS 0x0000000085f00000, 0x0000000085f00000| Complete 
|  68|0x0000000086000000, 0x0000000086100000, 0x0000000086100000|100%| E|CS|TAMS 0x0000000086000000, 0x0000000086000000| Complete 
|  69|0x0000000086100000, 0x0000000086200000, 0x0000000086200000|100%| E|CS|TAMS 0x0000000086100000, 0x0000000086100000| Complete 
|  70|0x0000000086200000, 0x0000000086300000, 0x0000000086300000|100%| E|CS|TAMS 0x0000000086200000, 0x0000000086200000| Complete 
|  71|0x0000000086300000, 0x0000000086400000, 0x0000000086400000|100%| E|CS|TAMS 0x0000000086300000, 0x0000000086300000| Complete 
|  72|0x0000000086400000, 0x0000000086500000, 0x0000000086500000|100%| E|CS|TAMS 0x0000000086400000, 0x0000000086400000| Complete 
|  73|0x0000000086500000, 0x0000000086600000, 0x0000000086600000|100%| E|CS|TAMS 0x0000000086500000, 0x0000000086500000| Complete 
|  74|0x0000000086600000, 0x0000000086700000, 0x0000000086700000|100%| E|CS|TAMS 0x0000000086600000, 0x0000000086600000| Complete 
|  75|0x0000000086700000, 0x0000000086800000, 0x0000000086800000|100%| E|CS|TAMS 0x0000000086700000, 0x0000000086700000| Complete 
| 127|0x0000000089b00000, 0x0000000089c00000, 0x0000000089c00000|100%| E|CS|TAMS 0x0000000089b00000, 0x0000000089b00000| Complete 

Card table byte_map: [0x000001e422210000,0x000001e422610000] _byte_map_base: 0x000001e421e02000

Marking Bits (Prev, Next): (CMBitMap*) 0x000001e40f7d2ed0, (CMBitMap*) 0x000001e40f7d2e90
 Prev Bits: [0x000001e4249a0000, 0x000001e426930000)
 Next Bits: [0x000001e422a10000, 0x000001e4249a0000)

Polling page: 0x000001e40d660000

Metaspace:

Usage:
  Non-class:     22.39 MB used.
      Class:      2.79 MB used.
       Both:     25.18 MB used.

Virtual space:
  Non-class space:       24.00 MB reserved,      22.56 MB ( 94%) committed,  3 nodes.
      Class space:        1.00 GB reserved,       2.94 MB ( <1%) committed,  1 nodes.
             Both:        1.02 GB reserved,      25.50 MB (  2%) committed. 

Chunk freelists:
   Non-Class:  1.48 MB
       Class:  1001.00 KB
        Both:  2.46 MB

MaxMetaspaceSize: unlimited
CompressedClassSpaceSize: 1.00 GB
Initial GC threshold: 21.00 MB
Current GC threshold: 35.12 MB
CDS: off
MetaspaceReclaimPolicy: balanced
 - commit_granule_bytes: 65536.
 - commit_granule_words: 8192.
 - virtual_space_node_default_size: 1048576.
 - enlarge_chunks_in_place: 1.
 - new_chunks_are_fully_committed: 0.
 - uncommit_free_chunks: 1.
 - use_allocation_guard: 0.
 - handle_deallocations: 1.


Internal statistics:

num_allocs_failed_limit: 3.
num_arena_births: 214.
num_arena_deaths: 0.
num_vsnodes_births: 4.
num_vsnodes_deaths: 0.
num_space_committed: 408.
num_space_uncommitted: 0.
num_chunks_returned_to_freelist: 3.
num_chunks_taken_from_freelist: 713.
num_chunk_merges: 3.
num_chunk_splits: 448.
num_chunks_enlarged: 314.
num_purges: 0.
num_inconsistent_stats: 0.

CodeHeap 'non-profiled nmethods': size=120000Kb used=1536Kb max_used=1536Kb free=118463Kb
 bounds [0x000001e41a8e0000, 0x000001e41ab50000, 0x000001e421e10000]
CodeHeap 'profiled nmethods': size=120000Kb used=5773Kb max_used=5773Kb free=114226Kb
 bounds [0x000001e4133b0000, 0x000001e413960000, 0x000001e41a8e0000]
CodeHeap 'non-nmethods': size=5760Kb used=1253Kb max_used=1327Kb free=4507Kb
 bounds [0x000001e412e10000, 0x000001e413080000, 0x000001e4133b0000]
 total_blobs=3158 nmethods=2679 adapters=391
 compilation: enabled
              stopped_count=0, restarted_count=0
 full_count=0

Compilation events (20 events):
Event: 5.166 Thread 0x000001e428e59790 2681       3       jdk.internal.loader.URLClassPath$FileLoader::findResource (18 bytes)
Event: 5.166 Thread 0x000001e428e59790 nmethod 2681 0x000001e413950610 code [0x000001e4139507c0, 0x000001e413950a58]
Event: 5.166 Thread 0x000001e428e59790 2682       3       jdk.internal.loader.BuiltinClassLoader::hasClassPath (13 bytes)
Event: 5.166 Thread 0x000001e428e59790 nmethod 2682 0x000001e413950b90 code [0x000001e413950d20, 0x000001e413950e98]
Event: 5.168 Thread 0x000001e428e59790 2683       3       org.springframework.boot.env.OriginTrackedMapPropertySource::getProperty (23 bytes)
Event: 5.168 Thread 0x000001e428e59790 nmethod 2683 0x000001e413950f10 code [0x000001e413951100, 0x000001e413951738]
Event: 5.168 Thread 0x000001e428e59790 2684       3       java.util.LinkedHashMap$LinkedKeySet::size (8 bytes)
Event: 5.168 Thread 0x000001e428e59790 nmethod 2684 0x000001e413951890 code [0x000001e413951a20, 0x000001e413951b38]
Event: 5.169 Thread 0x000001e428e59790 2685       3       java.util.LinkedHashMap$LinkedKeySet::toArray (16 bytes)
Event: 5.169 Thread 0x000001e428e59790 nmethod 2685 0x000001e413951c10 code [0x000001e413951dc0, 0x000001e413951f58]
Event: 5.169 Thread 0x000001e428e59790 2686       3       java.util.concurrent.CopyOnWriteArrayList::iterator (13 bytes)
Event: 5.170 Thread 0x000001e428e59790 nmethod 2686 0x000001e413952090 code [0x000001e413952240, 0x000001e4139524d8]
Event: 5.170 Thread 0x000001e428e59790 2688       3       ch.qos.logback.classic.Logger::recursiveReset (58 bytes)
Event: 5.170 Thread 0x000001e428e59790 nmethod 2688 0x000001e413952610 code [0x000001e413952840, 0x000001e4139530a8]
Event: 5.171 Thread 0x000001e428e59790 2687       3       java.util.concurrent.CopyOnWriteArrayList$COWIterator::<init> (15 bytes)
Event: 5.171 Thread 0x000001e428e59790 nmethod 2687 0x000001e413953310 code [0x000001e4139534a0, 0x000001e413953658]
Event: 5.175 Thread 0x000001e428e59790 2689       1       com.sun.org.apache.xerces.internal.utils.XMLSecurityManager$Limit::systemProperty (5 bytes)
Event: 5.175 Thread 0x000001e428e59790 nmethod 2689 0x000001e41aa57390 code [0x000001e41aa57520, 0x000001e41aa575f8]
Event: 5.175 Thread 0x000001e428e59790 2690       1       com.sun.org.apache.xerces.internal.util.Status::isExceptional (5 bytes)
Event: 5.175 Thread 0x000001e428e59790 nmethod 2690 0x000001e41aa57690 code [0x000001e41aa57820, 0x000001e41aa578f8]

GC Heap History (8 events):
Event: 1.026 GC heap before
{Heap before GC invocations=0 (full 0):
 garbage-first heap   total 131072K, used 16384K [0x0000000081c00000, 0x0000000100000000)
  region size 1024K, 13 young (13312K), 0 survivors (0K)
 Metaspace       used 6374K, committed 6464K, reserved 1056768K
  class space    used 510K, committed 512K, reserved 1048576K
}
Event: 1.038 GC heap after
{Heap after GC invocations=1 (full 0):
 garbage-first heap   total 131072K, used 13262K [0x0000000081c00000, 0x0000000100000000)
  region size 1024K, 2 young (2048K), 2 survivors (2048K)
 Metaspace       used 6374K, committed 6464K, reserved 1056768K
  class space    used 510K, committed 512K, reserved 1048576K
}
Event: 1.465 GC heap before
{Heap before GC invocations=1 (full 0):
 garbage-first heap   total 131072K, used 20430K [0x0000000081c00000, 0x0000000100000000)
  region size 1024K, 10 young (10240K), 2 survivors (2048K)
 Metaspace       used 9735K, committed 9856K, reserved 1064960K
  class space    used 826K, committed 896K, reserved 1048576K
}
Event: 1.469 GC heap after
{Heap after GC invocations=2 (full 0):
 garbage-first heap   total 131072K, used 17433K [0x0000000081c00000, 0x0000000100000000)
  region size 1024K, 2 young (2048K), 2 survivors (2048K)
 Metaspace       used 9735K, committed 9856K, reserved 1064960K
  class space    used 826K, committed 896K, reserved 1048576K
}
Event: 2.038 GC heap before
{Heap before GC invocations=2 (full 0):
 garbage-first heap   total 131072K, used 32793K [0x0000000081c00000, 0x0000000100000000)
  region size 1024K, 17 young (17408K), 2 survivors (2048K)
 Metaspace       used 12648K, committed 12736K, reserved 1064960K
  class space    used 1177K, committed 1216K, reserved 1048576K
}
Event: 2.041 GC heap after
{Heap after GC invocations=3 (full 0):
 garbage-first heap   total 131072K, used 18030K [0x0000000081c00000, 0x0000000100000000)
  region size 1024K, 1 young (1024K), 1 survivors (1024K)
 Metaspace       used 12648K, committed 12736K, reserved 1064960K
  class space    used 1177K, committed 1216K, reserved 1048576K
}
Event: 3.848 GC heap before
{Heap before GC invocations=3 (full 0):
 garbage-first heap   total 131072K, used 77422K [0x0000000081c00000, 0x0000000100000000)
  region size 1024K, 60 young (61440K), 1 survivors (1024K)
 Metaspace       used 21322K, committed 21504K, reserved 1073152K
  class space    used 2279K, committed 2368K, reserved 1048576K
}
Event: 3.855 GC heap after
{Heap after GC invocations=4 (full 0):
 garbage-first heap   total 131072K, used 20988K [0x0000000081c00000, 0x0000000100000000)
  region size 1024K, 4 young (4096K), 4 survivors (4096K)
 Metaspace       used 21322K, committed 21504K, reserved 1073152K
  class space    used 2279K, committed 2368K, reserved 1048576K
}

Deoptimization events (20 events):
Event: 5.001 Thread 0x000001e40f7782a0 DEOPT PACKING pc=0x000001e4138b8a74 sp=0x00000041d11fb8f0
Event: 5.001 Thread 0x000001e40f7782a0 DEOPT UNPACKING pc=0x000001e412e62b43 sp=0x00000041d11fad78 mode 1
Event: 5.001 Thread 0x000001e40f7782a0 DEOPT PACKING pc=0x000001e4138b9dd4 sp=0x00000041d11fb9b0
Event: 5.001 Thread 0x000001e40f7782a0 DEOPT UNPACKING pc=0x000001e412e62b43 sp=0x00000041d11fae88 mode 1
Event: 5.001 Thread 0x000001e40f7782a0 DEOPT PACKING pc=0x000001e4138f3cdc sp=0x00000041d11fba60
Event: 5.001 Thread 0x000001e40f7782a0 DEOPT UNPACKING pc=0x000001e412e62b43 sp=0x00000041d11faf50 mode 1
Event: 5.064 Thread 0x000001e40f7782a0 DEOPT PACKING pc=0x000001e413584885 sp=0x00000041d11fb6b0
Event: 5.064 Thread 0x000001e40f7782a0 DEOPT UNPACKING pc=0x000001e412e62b43 sp=0x00000041d11fab48 mode 0
Event: 5.064 Thread 0x000001e40f7782a0 DEOPT PACKING pc=0x000001e413621ce4 sp=0x00000041d11fb980
Event: 5.064 Thread 0x000001e40f7782a0 DEOPT UNPACKING pc=0x000001e412e62b43 sp=0x00000041d11fae18 mode 1
Event: 5.064 Thread 0x000001e40f7782a0 DEOPT PACKING pc=0x000001e4136211d4 sp=0x00000041d11fba50
Event: 5.065 Thread 0x000001e40f7782a0 DEOPT UNPACKING pc=0x000001e412e62b43 sp=0x00000041d11faf08 mode 1
Event: 5.065 Thread 0x000001e40f7782a0 DEOPT PACKING pc=0x000001e41363bb24 sp=0x00000041d11fc440
Event: 5.065 Thread 0x000001e40f7782a0 DEOPT UNPACKING pc=0x000001e412e62b43 sp=0x00000041d11fb930 mode 1
Event: 5.065 Thread 0x000001e40f7782a0 DEOPT PACKING pc=0x000001e413621ce4 sp=0x00000041d11fb980
Event: 5.065 Thread 0x000001e40f7782a0 DEOPT UNPACKING pc=0x000001e412e62b43 sp=0x00000041d11fae18 mode 1
Event: 5.065 Thread 0x000001e40f7782a0 DEOPT PACKING pc=0x000001e4136211d4 sp=0x00000041d11fba50
Event: 5.065 Thread 0x000001e40f7782a0 DEOPT UNPACKING pc=0x000001e412e62b43 sp=0x00000041d11faf08 mode 1
Event: 5.065 Thread 0x000001e40f7782a0 DEOPT PACKING pc=0x000001e41363bb24 sp=0x00000041d11fc440
Event: 5.065 Thread 0x000001e40f7782a0 DEOPT UNPACKING pc=0x000001e412e62b43 sp=0x00000041d11fb930 mode 1

Classes unloaded (0 events):
No events

Classes redefined (0 events):
No events

Internal exceptions (20 events):
Event: 3.565 Thread 0x000001e40f7782a0 Exception <a 'java/lang/IncompatibleClassChangeError'{0x0000000086528960}: Found class java.lang.Object, but interface was expected> (0x0000000086528960) 
thrown [s\src\hotspot\share\interpreter\linkResolver.cpp, line 826]
Event: 3.582 Thread 0x000001e40f7782a0 Exception <a 'java/lang/NoSuchMethodError'{0x000000008657ad10}: 'java.lang.Object java.lang.invoke.DirectMethodHandle$Holder.invokeStaticInit(java.lang.Object, int, int, int, int)'> (0x000000008657ad10) 
thrown [s\src\hotspot\share\interpreter\linkResolver.cpp, line 759]
Event: 3.742 Thread 0x000001e40f7782a0 Exception <a 'java/lang/NoSuchMethodError'{0x0000000086450ed8}: 'java.lang.Object java.lang.invoke.DirectMethodHandle$Holder.invokeStaticInit(java.lang.Object, java.lang.Object, int, int, int, int)'> (0x0000000086450ed8) 
thrown [s\src\hotspot\share\interpreter\linkResolver.cpp, line 759]
Event: 3.814 Thread 0x000001e40f7782a0 Exception <a 'java/lang/NoSuchMethodError'{0x00000000862ab778}: 'int java.lang.invoke.DirectMethodHandle$Holder.invokeVirtual(java.lang.Object, java.lang.Object, java.lang.Object)'> (0x00000000862ab778) 
thrown [s\src\hotspot\share\interpreter\linkResolver.cpp, line 759]
Event: 3.816 Thread 0x000001e40f7782a0 Exception <a 'java/lang/IncompatibleClassChangeError'{0x00000000862b1be8}: Found class java.lang.Object, but interface was expected> (0x00000000862b1be8) 
thrown [s\src\hotspot\share\interpreter\linkResolver.cpp, line 826]
Event: 4.413 Thread 0x000001e40f7782a0 Exception <a 'java/lang/NoSuchMethodError'{0x0000000085013f20}: 'int java.lang.invoke.DirectMethodHandle$Holder.invokeSpecial(java.lang.Object, java.lang.Object, java.lang.Object, java.lang.Object)'> (0x0000000085013f20) 
thrown [s\src\hotspot\share\interpreter\linkResolver.cpp, line 759]
Event: 4.434 Thread 0x000001e40f7782a0 Exception <a 'java/lang/NoSuchMethodError'{0x00000000850893c0}: 'java.lang.Object java.lang.invoke.DirectMethodHandle$Holder.invokeInterface(java.lang.Object, java.lang.Object, java.lang.Object)'> (0x00000000850893c0) 
thrown [s\src\hotspot\share\interpreter\linkResolver.cpp, line 759]
Event: 4.434 Thread 0x000001e40f7782a0 Exception <a 'java/lang/IncompatibleClassChangeError'{0x000000008508cfd8}: Found class java.lang.Object, but interface was expected> (0x000000008508cfd8) 
thrown [s\src\hotspot\share\interpreter\linkResolver.cpp, line 826]
Event: 4.536 Thread 0x000001e40f7782a0 Exception <a 'java/lang/NoSuchMethodError'{0x0000000084bb17c8}: 'java.lang.Object java.lang.invoke.DirectMethodHandle$Holder.invokeStatic(java.lang.Object, java.lang.Object, int)'> (0x0000000084bb17c8) 
thrown [s\src\hotspot\share\interpreter\linkResolver.cpp, line 759]
Event: 4.538 Thread 0x000001e40f7782a0 Exception <a 'java/lang/NoSuchMethodError'{0x0000000084bbdd30}: 'void java.lang.invoke.DelegatingMethodHandle$Holder.delegate(java.lang.Object, java.lang.Object, int, java.lang.Object)'> (0x0000000084bbdd30) 
thrown [s\src\hotspot\share\interpreter\linkResolver.cpp, line 759]
Event: 4.870 Thread 0x000001e40f7782a0 Exception <a 'java/lang/NoSuchMethodError'{0x000000008487f2b8}: 'void java.lang.invoke.DirectMethodHandle$Holder.invokeStatic(java.lang.Object, java.lang.Object, java.lang.Object, java.lang.Object, java.lang.Object, java.lang.Object)'> (0x000000008487f2b8) 
thrown [s\src\hotspot\share\interpreter\linkResolver.cpp, line 759]
Event: 4.888 Thread 0x000001e40f7782a0 Exception <a 'java/lang/NoSuchMethodError'{0x000000008475fe80}: 'java.lang.Object java.lang.invoke.DirectMethodHandle$Holder.invokeSpecial(java.lang.Object, java.lang.Object, java.lang.Object, java.lang.Object, java.lang.Object, java.lang.Object, int)'> (0x000000008475fe80) 
thrown [s\src\hotspot\share\interpreter\linkResolver.cpp, line 759]
Event: 4.889 Thread 0x000001e40f7782a0 Exception <a 'java/lang/NoSuchMethodError'{0x000000008476a930}: 'java.lang.Object java.lang.invoke.DirectMethodHandle$Holder.newInvokeSpecial(java.lang.Object, java.lang.Object, java.lang.Object, java.lang.Object, java.lang.Object, java.lang.Object, int)'> (0x000000008476a930) 
thrown [s\src\hotspot\share\interpreter\linkResolver.cpp, line 759]
Event: 4.890 Thread 0x000001e40f7782a0 Exception <a 'java/lang/NoSuchMethodError'{0x000000008476fec0}: 'java.lang.Object java.lang.invoke.DirectMethodHandle$Holder.invokeSpecial(java.lang.Object, java.lang.Object, java.lang.Object, java.lang.Object, java.lang.Object, java.lang.Object, java.lang.Object, int)'> (0x000000008476fec0) 
thrown [s\src\hotspot\share\interpreter\linkResolver.cpp, line 759]
Event: 4.990 Thread 0x000001e40f7782a0 Exception <a 'java/lang/NoSuchMethodError'{0x0000000084340598}: 'java.lang.Object java.lang.invoke.DirectMethodHandle$Holder.invokeSpecial(java.lang.Object, java.lang.Object, java.lang.Object, java.lang.Object, int)'> (0x0000000084340598) 
thrown [s\src\hotspot\share\interpreter\linkResolver.cpp, line 759]
Event: 4.992 Thread 0x000001e40f7782a0 Exception <a 'java/lang/NoSuchMethodError'{0x00000000843490b8}: 'java.lang.Object java.lang.invoke.DirectMethodHandle$Holder.newInvokeSpecial(java.lang.Object, java.lang.Object, java.lang.Object, java.lang.Object, int)'> (0x00000000843490b8) 
thrown [s\src\hotspot\share\interpreter\linkResolver.cpp, line 759]
Event: 4.993 Thread 0x000001e40f7782a0 Exception <a 'java/lang/NoSuchMethodError'{0x000000008434d848}: 'java.lang.Object java.lang.invoke.DirectMethodHandle$Holder.invokeSpecial(java.lang.Object, java.lang.Object, java.lang.Object, java.lang.Object, java.lang.Object, int)'> (0x000000008434d848) 
thrown [s\src\hotspot\share\interpreter\linkResolver.cpp, line 759]
Event: 4.993 Thread 0x000001e40f7782a0 Exception <a 'java/lang/NoSuchMethodError'{0x0000000084351880}: 'java.lang.Object java.lang.invoke.Invokers$Holder.linkToTargetMethod(java.lang.Object, java.lang.Object, java.lang.Object, int, java.lang.Object)'> (0x0000000084351880) 
thrown [s\src\hotspot\share\interpreter\linkResolver.cpp, line 759]
Event: 4.996 Thread 0x000001e40f7782a0 Exception <a 'java/lang/NoSuchMethodError'{0x0000000084368788}: 'java.lang.Object java.lang.invoke.DirectMethodHandle$Holder.newInvokeSpecial(java.lang.Object, int, java.lang.Object)'> (0x0000000084368788) 
thrown [s\src\hotspot\share\interpreter\linkResolver.cpp, line 759]
Event: 5.091 Thread 0x000001e40f7782a0 Exception <a 'java/lang/NoSuchMethodError'{0x0000000084163268}: 'void java.lang.invoke.DirectMethodHandle$Holder.invokeStaticInit(java.lang.Object, java.lang.Object)'> (0x0000000084163268) 
thrown [s\src\hotspot\share\interpreter\linkResolver.cpp, line 759]

VM Operations (20 events):
Event: 3.848 Executing VM operation: CollectForMetadataAllocation
Event: 3.855 Executing VM operation: CollectForMetadataAllocation done
Event: 3.855 Executing VM operation: Cleanup
Event: 3.855 Executing VM operation: Cleanup done
Event: 3.866 Executing VM operation: G1Concurrent
Event: 3.868 Executing VM operation: G1Concurrent done
Event: 3.871 Executing VM operation: G1Concurrent
Event: 3.875 Executing VM operation: G1Concurrent done
Event: 3.904 Executing VM operation: HandshakeAllThreads
Event: 3.904 Executing VM operation: HandshakeAllThreads done
Event: 4.008 Executing VM operation: HandshakeAllThreads
Event: 4.008 Executing VM operation: HandshakeAllThreads done
Event: 4.536 Executing VM operation: HandshakeAllThreads
Event: 4.536 Executing VM operation: HandshakeAllThreads done
Event: 4.561 Executing VM operation: HandshakeAllThreads
Event: 4.561 Executing VM operation: HandshakeAllThreads done
Event: 4.962 Executing VM operation: HandshakeAllThreads
Event: 4.963 Executing VM operation: HandshakeAllThreads done
Event: 4.963 Executing VM operation: Cleanup
Event: 4.963 Executing VM operation: Cleanup done

Events (20 events):
Event: 5.112 loading class java/lang/management/DefaultPlatformMBeanProvider$11
Event: 5.112 loading class java/lang/management/DefaultPlatformMBeanProvider$11 done
Event: 5.112 loading class jdk/management/jfr/FlightRecorderMXBean
Event: 5.112 loading class jdk/management/jfr/FlightRecorderMXBean done
Event: 5.112 loading class jdk/management/jfr/internal/FlightRecorderMXBeanProvider$SingleMBeanComponent
Event: 5.112 loading class jdk/management/jfr/internal/FlightRecorderMXBeanProvider$SingleMBeanComponent done
Event: 5.113 loading class java/util/HashMap$ValueSpliterator
Event: 5.113 loading class java/util/HashMap$ValueSpliterator done
Event: 5.114 loading class java/util/stream/ReduceOps$2
Event: 5.114 loading class java/util/stream/ReduceOps$2 done
Event: 5.114 loading class java/util/stream/ReduceOps$2ReducingSink
Event: 5.114 loading class java/util/stream/ReduceOps$2ReducingSink done
Event: 5.115 loading class sun/management/RuntimeImpl
Event: 5.115 loading class sun/management/RuntimeImpl done
Event: 5.130 loading class java/net/InetAddress$CachedLocalHost
Event: 5.130 loading class java/net/InetAddress$CachedLocalHost done
Event: 5.163 loading class java/io/FileOutputStream$1
Event: 5.163 loading class java/io/FileOutputStream$1 done
Event: 5.165 loading class java/net/SocketException
Event: 5.165 loading class java/net/SocketException done


Dynamic libraries:
0x00007ff770e40000 - 0x00007ff770e4e000 	C:\Users\BUYPC\Desktop\sts-4.16.0.RELEASE\plugins\org.eclipse.justj.openjdk.hotspot.jre.full.win32.x86_64_17.0.4.v20220903-1038\jre\bin\javaw.exe
0x00007ff8b6450000 - 0x00007ff8b6648000 	C:\Windows\SYSTEM32\ntdll.dll
0x00007ff8af440000 - 0x00007ff8af457000 	C:\Program Files\Avast Software\Avast\aswhook.dll
0x00007ff8b5790000 - 0x00007ff8b584f000 	C:\Windows\System32\KERNEL32.DLL
0x00007ff8b3ed0000 - 0x00007ff8b41a2000 	C:\Windows\System32\KERNELBASE.dll
0x00007ff8b3cb0000 - 0x00007ff8b3db0000 	C:\Windows\System32\ucrtbase.dll
0x00007ff8a38b0000 - 0x00007ff8a38c8000 	C:\Users\BUYPC\Desktop\sts-4.16.0.RELEASE\plugins\org.eclipse.justj.openjdk.hotspot.jre.full.win32.x86_64_17.0.4.v20220903-1038\jre\bin\jli.dll
0x00007ff89aed0000 - 0x00007ff89aee9000 	C:\Users\BUYPC\Desktop\sts-4.16.0.RELEASE\plugins\org.eclipse.justj.openjdk.hotspot.jre.full.win32.x86_64_17.0.4.v20220903-1038\jre\bin\VCRUNTIME140.dll
0x00007ff8b5430000 - 0x00007ff8b55cd000 	C:\Windows\System32\USER32.dll
0x00007ff8b42f0000 - 0x00007ff8b4312000 	C:\Windows\System32\win32u.dll
0x00007ff89fe80000 - 0x00007ff8a011a000 	C:\Windows\WinSxS\amd64_microsoft.windows.common-controls_6595b64144ccf1df_6.0.19041.1110_none_60b5254171f9507e\COMCTL32.dll
0x00007ff8b4790000 - 0x00007ff8b47bb000 	C:\Windows\System32\GDI32.dll
0x00007ff8b41b0000 - 0x00007ff8b42bf000 	C:\Windows\System32\gdi32full.dll
0x00007ff8b6370000 - 0x00007ff8b640e000 	C:\Windows\System32\msvcrt.dll
0x00007ff8b4320000 - 0x00007ff8b43bd000 	C:\Windows\System32\msvcp_win.dll
0x00007ff8b6330000 - 0x00007ff8b6362000 	C:\Windows\System32\IMM32.DLL
0x00007ff8a6490000 - 0x00007ff8a649c000 	C:\Users\BUYPC\Desktop\sts-4.16.0.RELEASE\plugins\org.eclipse.justj.openjdk.hotspot.jre.full.win32.x86_64_17.0.4.v20220903-1038\jre\bin\vcruntime140_1.dll
0x00007ff898330000 - 0x00007ff8983c1000 	C:\Users\BUYPC\Desktop\sts-4.16.0.RELEASE\plugins\org.eclipse.justj.openjdk.hotspot.jre.full.win32.x86_64_17.0.4.v20220903-1038\jre\bin\msvcp140.dll
0x00007ff885730000 - 0x00007ff886376000 	C:\Users\BUYPC\Desktop\sts-4.16.0.RELEASE\plugins\org.eclipse.justj.openjdk.hotspot.jre.full.win32.x86_64_17.0.4.v20220903-1038\jre\bin\server\jvm.dll
0x00007ff8b6150000 - 0x00007ff8b61fe000 	C:\Windows\System32\ADVAPI32.dll
0x00007ff8b4820000 - 0x00007ff8b48bc000 	C:\Windows\System32\sechost.dll
0x00007ff8b6200000 - 0x00007ff8b6325000 	C:\Windows\System32\RPCRT4.dll
0x00007ff8b5780000 - 0x00007ff8b5788000 	C:\Windows\System32\PSAPI.DLL
0x00007ff8a44d0000 - 0x00007ff8a44d9000 	C:\Windows\SYSTEM32\WSOCK32.dll
0x00007ff8ae0c0000 - 0x00007ff8ae0e7000 	C:\Windows\SYSTEM32\WINMM.dll
0x00007ff8b44a0000 - 0x00007ff8b450b000 	C:\Windows\System32\WS2_32.dll
0x00007ff8abd90000 - 0x00007ff8abd9a000 	C:\Windows\SYSTEM32\VERSION.dll
0x00007ff8b2350000 - 0x00007ff8b2362000 	C:\Windows\SYSTEM32\kernel.appcore.dll
0x00007ff8af460000 - 0x00007ff8af46a000 	C:\Users\BUYPC\Desktop\sts-4.16.0.RELEASE\plugins\org.eclipse.justj.openjdk.hotspot.jre.full.win32.x86_64_17.0.4.v20220903-1038\jre\bin\jimage.dll
0x00007ff8aa530000 - 0x00007ff8aa714000 	C:\Windows\SYSTEM32\DBGHELP.DLL
0x00007ff8aa500000 - 0x00007ff8aa52c000 	C:\Windows\SYSTEM32\dbgcore.DLL
0x00007ff8b4410000 - 0x00007ff8b4492000 	C:\Windows\System32\bcryptPrimitives.dll
0x00007ff8a0c50000 - 0x00007ff8a0c8b000 	C:\Users\BUYPC\Desktop\sts-4.16.0.RELEASE\plugins\org.eclipse.justj.openjdk.hotspot.jre.full.win32.x86_64_17.0.4.v20220903-1038\jre\bin\jdwp.dll
0x00007ff8af1f0000 - 0x00007ff8af1fe000 	C:\Users\BUYPC\Desktop\sts-4.16.0.RELEASE\plugins\org.eclipse.justj.openjdk.hotspot.jre.full.win32.x86_64_17.0.4.v20220903-1038\jre\bin\instrument.dll
0x00007ff89c610000 - 0x00007ff89c635000 	C:\Users\BUYPC\Desktop\sts-4.16.0.RELEASE\plugins\org.eclipse.justj.openjdk.hotspot.jre.full.win32.x86_64_17.0.4.v20220903-1038\jre\bin\java.dll
0x00007ff8a0f50000 - 0x00007ff8a0f68000 	C:\Users\BUYPC\Desktop\sts-4.16.0.RELEASE\plugins\org.eclipse.justj.openjdk.hotspot.jre.full.win32.x86_64_17.0.4.v20220903-1038\jre\bin\zip.dll
0x00007ff8b49a0000 - 0x00007ff8b50e3000 	C:\Windows\System32\SHELL32.dll
0x00007ff8b1bb0000 - 0x00007ff8b2342000 	C:\Windows\SYSTEM32\windows.storage.dll
0x00007ff8b5970000 - 0x00007ff8b5cc4000 	C:\Windows\System32\combase.dll
0x00007ff8b33f0000 - 0x00007ff8b3420000 	C:\Windows\SYSTEM32\Wldp.dll
0x00007ff8b4510000 - 0x00007ff8b45bd000 	C:\Windows\System32\SHCORE.dll
0x00007ff8b47c0000 - 0x00007ff8b4815000 	C:\Windows\System32\shlwapi.dll
0x00007ff8b3a90000 - 0x00007ff8b3aaf000 	C:\Windows\SYSTEM32\profapi.dll
0x00007ff8af1d0000 - 0x00007ff8af1dc000 	C:\Users\BUYPC\Desktop\sts-4.16.0.RELEASE\plugins\org.eclipse.justj.openjdk.hotspot.jre.full.win32.x86_64_17.0.4.v20220903-1038\jre\bin\dt_socket.dll
0x00007ff8b2ee0000 - 0x00007ff8b2f1b000 	C:\Windows\SYSTEM32\IPHLPAPI.DLL
0x00007ff8b31d0000 - 0x00007ff8b323a000 	C:\Windows\system32\mswsock.dll
0x00007ff8b2f30000 - 0x00007ff8b2ffa000 	C:\Windows\SYSTEM32\DNSAPI.dll
0x00007ff8b5940000 - 0x00007ff8b5948000 	C:\Windows\System32\NSI.dll
0x00007ff8a50a0000 - 0x00007ff8a50aa000 	C:\Windows\System32\rasadhlp.dll
0x00007ff8a5750000 - 0x00007ff8a57d0000 	C:\Windows\System32\fwpuclnt.dll
0x00007ff8b42c0000 - 0x00007ff8b42e7000 	C:\Windows\System32\bcrypt.dll
0x00007ff89c2d0000 - 0x00007ff89c2e9000 	C:\Users\BUYPC\Desktop\sts-4.16.0.RELEASE\plugins\org.eclipse.justj.openjdk.hotspot.jre.full.win32.x86_64_17.0.4.v20220903-1038\jre\bin\net.dll
0x00007ff8a5910000 - 0x00007ff8a5a1c000 	C:\Windows\SYSTEM32\WINHTTP.dll
0x00007ff89bd30000 - 0x00007ff89bd45000 	C:\Users\BUYPC\Desktop\sts-4.16.0.RELEASE\plugins\org.eclipse.justj.openjdk.hotspot.jre.full.win32.x86_64_17.0.4.v20220903-1038\jre\bin\nio.dll
0x00007ff8af1b0000 - 0x00007ff8af1c0000 	C:\Users\BUYPC\Desktop\sts-4.16.0.RELEASE\plugins\org.eclipse.justj.openjdk.hotspot.jre.full.win32.x86_64_17.0.4.v20220903-1038\jre\bin\verify.dll
0x00007ff8abd30000 - 0x00007ff8abd47000 	C:\Windows\SYSTEM32\dhcpcsvc6.DLL
0x00007ff8ac690000 - 0x00007ff8ac6ad000 	C:\Windows\SYSTEM32\dhcpcsvc.DLL
0x00007ff8b37e0000 - 0x00007ff8b37f8000 	C:\Windows\SYSTEM32\CRYPTSP.dll
0x00007ff8b2b10000 - 0x00007ff8b2b44000 	C:\Windows\system32\rsaenh.dll
0x00007ff8b3a50000 - 0x00007ff8b3a7e000 	C:\Windows\SYSTEM32\USERENV.dll
0x00007ff8b3360000 - 0x00007ff8b336c000 	C:\Windows\SYSTEM32\CRYPTBASE.dll
0x00007ff8a64c0000 - 0x00007ff8a64c9000 	C:\Users\BUYPC\Desktop\sts-4.16.0.RELEASE\plugins\org.eclipse.justj.openjdk.hotspot.jre.full.win32.x86_64_17.0.4.v20220903-1038\jre\bin\management.dll
0x00007ff8a64b0000 - 0x00007ff8a64bb000 	C:\Users\BUYPC\Desktop\sts-4.16.0.RELEASE\plugins\org.eclipse.justj.openjdk.hotspot.jre.full.win32.x86_64_17.0.4.v20220903-1038\jre\bin\management_ext.dll
0x00007ff898fa0000 - 0x00007ff898fb7000 	C:\Windows\system32\napinsp.dll
0x00007ff898f00000 - 0x00007ff898f1b000 	C:\Windows\system32\pnrpnsp.dll
0x00007ff8ad7b0000 - 0x00007ff8ad7c5000 	C:\Windows\system32\wshbth.dll
0x00007ff8af0e0000 - 0x00007ff8af0fd000 	C:\Windows\system32\NLAapi.dll
0x00007ff898ee0000 - 0x00007ff898ef2000 	C:\Windows\System32\winrnr.dll

dbghelp: loaded successfully - version: 4.0.5 - missing functions: none
symbol engine: initialized successfully - sym options: 0x614 - pdb path: .;C:\Users\BUYPC\Desktop\sts-4.16.0.RELEASE\plugins\org.eclipse.justj.openjdk.hotspot.jre.full.win32.x86_64_17.0.4.v20220903-1038\jre\bin;C:\Windows\SYSTEM32;C:\Program Files\Avast Software\Avast;C:\Windows\WinSxS\amd64_microsoft.windows.common-controls_6595b64144ccf1df_6.0.19041.1110_none_60b5254171f9507e;C:\Users\BUYPC\Desktop\sts-4.16.0.RELEASE\plugins\org.eclipse.justj.openjdk.hotspot.jre.full.win32.x86_64_17.0.4.v20220903-1038\jre\bin\server

VM Arguments:
jvm_args: -XX:+ShowCodeDetailsInExceptionMessages -agentlib:jdwp=transport=dt_socket,suspend=y,address=localhost:63639 -ea -javaagent:C:\Users\BUYPC\Desktop\sts-4.16.0.RELEASE\configuration\org.eclipse.osgi\268\0\.cp\lib\javaagent-shaded.jar -Dfile.encoding=UTF-8 
java_command: org.eclipse.jdt.internal.junit.runner.RemoteTestRunner -version 3 -port 63630 -testLoaderClass org.eclipse.jdt.internal.junit5.runner.JUnit5TestLoader -loaderpluginname org.eclipse.jdt.junit5.runtime -test testController.TestInstituteController:wrongIdchangeInstituteStatus
java_class_path (initial): C:\Users\BUYPC\Desktop\yuzee-backend-institute-api\target\test-classes;C:\Users\BUYPC\Desktop\yuzee-backend-institute-api\target\classes;C:\Users\BUYPC\.m2\repository\org\testcontainers\testcontainers\1.15.0\testcontainers-1.15.0.jar;C:\Users\BUYPC\.m2\repository\org\apache\commons\commons-lang3\3.11\commons-lang3-3.11.jar;C:\Users\BUYPC\.m2\repository\org\projectlombok\lombok\1.18.20\lombok-1.18.20.jar;C:\Users\BUYPC\.m2\repository\junit\junit\4.12\junit-4.12.jar;C:\Users\BUYPC\.m2\repository\org\hamcrest\hamcrest-core\2.2\hamcrest-core-2.2.jar;C:\Users\BUYPC\.m2\repository\org\springframework\boot\spring-boot-starter-web\2.4.5\spring-boot-starter-web-2.4.5.jar;C:\Users\BUYPC\.m2\repository\org\springframework\boot\spring-boot-starter\2.4.5\spring-boot-starter-2.4.5.jar;C:\Users\BUYPC\.m2\repository\org\springframework\boot\spring-boot-starter-logging\2.4.5\spring-boot-starter-logging-2.4.5.jar;C:\Users\BUYPC\.m2\repository\ch\qos\logback\logback-classic\1.2.3\logback-classic-1.2.3.jar;C:\Users\BUYPC\.m2\repository\ch\qos\logback\logback-core\1.2.3\logback-core-1.2.3.jar;C:\Users\BUYPC\.m2\repository\org\apache\logging\log4j\log4j-to-slf4j\2.13.3\log4j-to-slf4j-2.13.3.jar;C:\Users\BUYPC\.m2\repository\org\apache\logging\log4j\log4j-api\2.13.3\log4j-api-2.13.3.jar;C:\Users\BUYPC\.m2\repository\org\slf4j\jul-to-slf4j\1.7.30\jul-to-slf4j-1.7.30.jar;C:\Users\BUYPC\.m2\repository\org\yaml\snakeyaml\1.27\snakeyaml-1.27.jar;C:\Users\BUYPC\.m2\repository\org\springframework\boot\spring-boot-starter-json\2.4.5\spring-boot-starter-json-2.4.5.jar;C:\Users\BUYPC\.m2\repository\com\fasterxml\jackson\datatype\jackson-datatype-jdk8\2.11.4\jackson-datatype-jdk8-2.11.4.jar;C:\Users\BUYPC\.m2\repository\com\fasterxml\jackson\datatype\jackson-datatype-jsr310\2.11.4\jackson-datatype-jsr310-2.11.4.jar;C:\Users\BUYPC\.m2\repository\com\fasterxml\jackson\module\jackson-module-parameter-names\2.11.4\jackson-module-parameter-names-2.11.4.jar;C:\Users\BUYPC\.m2\
Launcher Type: SUN_STANDARD

[Global flags]
     intx CICompilerCount                          = 3                                         {product} {ergonomic}
     uint ConcGCThreads                            = 1                                         {product} {ergonomic}
     uint G1ConcRefinementThreads                  = 4                                         {product} {ergonomic}
   size_t G1HeapRegionSize                         = 1048576                                   {product} {ergonomic}
    uintx GCDrainStackTargetSize                   = 64                                        {product} {ergonomic}
   size_t InitialHeapSize                          = 134217728                                 {product} {ergonomic}
   size_t MarkStackSize                            = 4194304                                   {product} {ergonomic}
   size_t MaxHeapSize                              = 2118123520                                {product} {ergonomic}
   size_t MaxNewSize                               = 1270874112                                {product} {ergonomic}
   size_t MinHeapDeltaBytes                        = 1048576                                   {product} {ergonomic}
   size_t MinHeapSize                              = 8388608                                   {product} {ergonomic}
    uintx NonNMethodCodeHeapSize                   = 5832780                                {pd product} {ergonomic}
    uintx NonProfiledCodeHeapSize                  = 122912730                              {pd product} {ergonomic}
    uintx ProfiledCodeHeapSize                     = 122912730                              {pd product} {ergonomic}
    uintx ReservedCodeCacheSize                    = 251658240                              {pd product} {ergonomic}
     bool SegmentedCodeCache                       = true                                      {product} {ergonomic}
     bool ShowCodeDetailsInExceptionMessages       = true                                   {manageable} {command line}
   size_t SoftMaxHeapSize                          = 2118123520                             {manageable} {ergonomic}
     bool UseCompressedClassPointers               = true                           {product lp64_product} {ergonomic}
     bool UseCompressedOops                        = true                           {product lp64_product} {ergonomic}
     bool UseG1GC                                  = true                                      {product} {ergonomic}
     bool UseLargePagesIndividualAllocation        = false                                  {pd product} {ergonomic}

Logging:
Log output configuration:
 #0: stdout all=warning uptime,level,tags
 #1: stderr all=off uptime,level,tags

Environment Variables:
JAVA_HOME=C:\Program Files\Java\jdk-17.0.2
PATH=C:\Users\BUYPC\Desktop\sts-4.16.0.RELEASE\plugins\org.eclipse.justj.openjdk.hotspot.jre.full.win32.x86_64_17.0.4.v20220903-1038\jre\bin;C:/Users/BUYPC/Desktop/sts-4.16.0.RELEASE//plugins/org.eclipse.justj.openjdk.hotspot.jre.full.win32.x86_64_17.0.4.v20220903-1038/jre/bin/server;C:/Users/BUYPC/Desktop/sts-4.16.0.RELEASE//plugins/org.eclipse.justj.openjdk.hotspot.jre.full.win32.x86_64_17.0.4.v20220903-1038/jre/bin;C:\Program Files\Common Files\Oracle\Java\javapath;C:\Program Files\Java\jdk-16.0.2\bin;C:\Windows\system32;C:\Windows;C:\Windows\System32\Wbem;C:\Windows\System32\WindowsPowerShell\v1.0\;C:\Windows\System32\OpenSSH\;C:\Users\BUYPC\Desktop\apache-maven-3.8.4-bin\apache-maven-3.8.4\bin;C:\Program Files\Git\cmd;C:\Program Files\nodejs\;C:\ProgramData\Microsoft\Windows\Start Menu\Programs\MySQL\MySQL Server 8.0;C:\Users\BUYPC\Downloads\sonarqube-8.9.9.56886\sonarqube-8.9.9.56886\bin;;C:\Program Files\Docker\Docker\resources\bin;C:\Program Files\MySQL\MySQL Shell 8.0\bin\;C:\Users\BUYPC\AppData\Local\Microsoft\WindowsApps;C:\Users\BUYPC\AppData\Roaming\npm;C:\Users\BUYPC\AppData\Local\Programs\Microsoft VS Code\bin;C:\Users\BUYPC\Desktop\;C:\Users\BUYPC\Desktop\sts-4.16.0.RELEASE;
USERNAME=BUYPC
OS=Windows_NT
PROCESSOR_IDENTIFIER=Intel64 Family 6 Model 42 Stepping 7, GenuineIntel
TMP=C:\Users\BUYPC\AppData\Local\Temp
TEMP=C:\Users\BUYPC\AppData\Local\Temp



---------------  S Y S T E M  ---------------

OS:
 Windows 10 , 64 bit Build 19041 (10.0.19041.2251)
OS uptime: 1 days 13:18 hours
Hyper-V role detected

CPU: total 4 (initial active 4) (2 cores per cpu, 2 threads per core) family 6 model 42 stepping 7 microcode 0x2f, cx8, cmov, fxsr, ht, mmx, sse, sse2, sse3, ssse3, sse4.1, sse4.2, popcnt, tsc, tscinvbit, avx, aes, clmul, vzeroupper, clflush, hv

Memory: 4k page, system-wide physical 8073M (629M free)
TotalPageFile size 14473M (AvailPageFile size 5769M)
current process WorkingSet (physical memory assigned to process): 195M, peak: 209M
current process commit charge ("private bytes"): 244M, peak: 301M

vm_info: OpenJDK 64-Bit Server VM (17.0.4.1+1) for windows-amd64 JRE (17.0.4.1+1), built on Aug 17 2022 07:42:43 by "temurin" with MS VC++ 16.7 (VS2019)

END.
