#
# A fatal error has been detected by the Java Runtime Environment:
#
#  EXCEPTION_ACCESS_VIOLATION (0xc0000005) at pc=0x00007ff8da62787a, pid=8236, tid=4760
#
# JRE version: OpenJDK Runtime Environment Temurin-17.0.4.1+1 (17.0.4.1+1) (build 17.0.4.1+1)
# Java VM: OpenJDK 64-Bit Server VM Temurin-17.0.4.1+1 (17.0.4.1+1, mixed mode, tiered, compressed oops, compressed class ptrs, g1 gc, windows-amd64)
# Problematic frame:
# V  [jvm.dll+0x56787a]
#
# No core dump will be written. Minidumps are not enabled by default on client versions of Windows
#
# If you would like to submit a bug report, please visit:
#   https://github.com/adoptium/adoptium-support/issues
#

---------------  S U M M A R Y ------------

Command Line: -XX:+ShowCodeDetailsInExceptionMessages -agentlib:jdwp=transport=dt_socket,suspend=y,address=localhost:58808 -ea -javaagent:C:\Users\BUYPC\Desktop\sts-4.16.0.RELEASE\configuration\org.eclipse.osgi\268\0\.cp\lib\javaagent-shaded.jar -Dfile.encoding=UTF-8 org.eclipse.jdt.internal.junit.runner.RemoteTestRunner -version 3 -port 58807 -testLoaderClass org.eclipse.jdt.internal.junit5.runner.JUnit5TestLoader -loaderpluginname org.eclipse.jdt.junit5.runtime -test com.yuzee.app.controller.CourseControllerTest:getCourseKeywordRecommendation

Host: Intel(R) Core(TM) i7-2640M CPU @ 2.80GHz, 4 cores, 7G,  Windows 10 , 64 bit Build 19041 (10.0.19041.2251)
Time: Tue Nov 29 06:10:10 2022 Pacific Standard Time elapsed time: 88.759511 seconds (0d 0h 1m 28s)

---------------  T H R E A D  ---------------

Current thread (0x0000014ae3bd94f0):  VMThread "VM Thread" [stack: 0x000000055ae00000,0x000000055af00000] [id=4760]

Stack: [0x000000055ae00000,0x000000055af00000],  sp=0x000000055aeff430,  free space=1021k
Native frames: (J=compiled Java code, j=interpreted, Vv=VM code, C=native code)
V  [jvm.dll+0x56787a]
V  [jvm.dll+0x5638e9]
V  [jvm.dll+0x563999]
V  [jvm.dll+0x837fe1]
V  [jvm.dll+0x83853b]
V  [jvm.dll+0x839274]
V  [jvm.dll+0x83978c]
V  [jvm.dll+0x839b64]
V  [jvm.dll+0x839c30]
V  [jvm.dll+0x7e240a]
V  [jvm.dll+0x6761a5]
C  [ucrtbase.dll+0x21bb2]
C  [KERNEL32.DLL+0x174b4]
C  [ntdll.dll+0x526a1]


siginfo: EXCEPTION_ACCESS_VIOLATION (0xc0000005), reading address 0x0000000000000051


Register to memory mapping:

RIP=0x00007ff8da62787a jvm.dll
RAX=0x0000000000000001 is an unknown value
RBX=0x0000000000000001 is an unknown value
RCX=0x0000000000000029 is an unknown value
RDX=0x0000014ac8430000 points into unknown readable memory: 0x0000000000000000 | 00 00 00 00 00 00 00 00
RSP=0x000000055aeff430 points into unknown readable memory: 0x0000014ae3bd94f0 | f0 94 bd e3 4a 01 00 00
RBP=0x0 is NULL
RSI=0x000000000000000e is an unknown value
RDI=0x0000000000000002 is an unknown value
R8 =0x0000014ac8371080 points into unknown readable memory: 0x0000014ac8370cc0 | c0 0c 37 c8 4a 01 00 00
R9 =0x0000000000000001 is an unknown value
R10=0x0000000000008000 is an unknown value
R11=0x000000055aeff390 points into unknown readable memory: 0x000000000000001f | 1f 00 00 00 00 00 00 00
R12=0x0000014ae3bd94f0 points into unknown readable memory: 0x00007ff8daaaa500 | 00 a5 aa da f8 7f 00 00
R13=0x0000014aca54f600 points into unknown readable memory: 0x8000000800000001 | 01 00 00 00 08 00 00 80
R14=0x0000000000000001 is an unknown value
R15=0x000000000000001f is an unknown value


Registers:
RAX=0x0000000000000001, RBX=0x0000000000000001, RCX=0x0000000000000029, RDX=0x0000014ac8430000
RSP=0x000000055aeff430, RBP=0x0000000000000000, RSI=0x000000000000000e, RDI=0x0000000000000002
R8 =0x0000014ac8371080, R9 =0x0000000000000001, R10=0x0000000000008000, R11=0x000000055aeff390
R12=0x0000014ae3bd94f0, R13=0x0000014aca54f600, R14=0x0000000000000001, R15=0x000000000000001f
RIP=0x00007ff8da62787a, EFLAGS=0x0000000000010206

Top of Stack: (sp=0x000000055aeff430)
0x000000055aeff430:   0000014ae3bd94f0 0000000000000000
0x000000055aeff440:   0000000000000000 0000000000000000
0x000000055aeff450:   0000000000000002 00007ff8da6238e9
0x000000055aeff460:   0000000000000001 0000000000000000
0x000000055aeff470:   000000000000000e fffffffffffe7960
0x000000055aeff480:   0000014aca54f5d0 00007ff8da623999
0x000000055aeff490:   0000014ae3bd94f0 000000000000000e
0x000000055aeff4a0:   000000055aeff570 00007ff8daa980d8
0x000000055aeff4b0:   0000014ae3bd94f0 00007ff8da8f7fe1
0x000000055aeff4c0:   0000014aed459230 0000000000000000
0x000000055aeff4d0:   0000000000000001 0000000000000001
0x000000055aeff4e0:   0000000000000000 0000000000000007
0x000000055aeff4f0:   0000000000000000 0000014ae3bd94f0
0x000000055aeff500:   0000014aed459230 00007ff900000100
0x000000055aeff510:   0000000000000000 0000014aeab46040
0x000000055aeff520:   0000000000000000 000017ca0000000e 

Instructions: (pc=0x00007ff8da62787a)
0x00007ff8da62777a:   00 41 5f 41 5e 41 5d 41 5c 5f 5e 5d c3 cc cc cc
0x00007ff8da62778a:   cc cc cc cc cc cc 48 89 5c 24 08 48 89 74 24 10
0x00007ff8da62779a:   57 48 83 ec 20 49 63 d8 48 8b fa 45 33 c0 48 8b
0x00007ff8da6277aa:   f1 41 8d 50 10 8d 4a 08 e8 39 eb b3 ff 4c 8b c8
0x00007ff8da6277ba:   48 85 c0 74 11 48 c7 40 08 00 00 00 00 c7 40 14
0x00007ff8da6277ca:   00 00 00 00 eb 03 45 33 c9 49 89 39 41 89 59 10
0x00007ff8da6277da:   48 8b 0c de 49 89 49 08 48 85 c9 74 15 39 59 10
0x00007ff8da6277ea:   75 10 48 8b 41 08 49 89 41 08 48 8b c8 48 85 c0
0x00007ff8da6277fa:   75 eb 83 fb 05 7f 29 ba 06 00 00 00 48 8d 4e 28
0x00007ff8da62780a:   2b d3 0f 1f 40 00 48 8b 01 48 85 c0 74 05 39 58
0x00007ff8da62781a:   10 7d 03 4c 89 09 48 83 e9 08 48 83 ea 01 75 e6
0x00007ff8da62782a:   48 8b 46 28 48 85 c0 74 2c 49 3b c1 74 0a 49 8b
0x00007ff8da62783a:   49 08 48 39 48 08 74 19 48 8b 40 08 48 85 c0 75
0x00007ff8da62784a:   e8 48 8b 5c 24 30 48 8b 74 24 38 48 83 c4 20 5f
0x00007ff8da62785a:   c3 4c 89 48 08 48 8b 5c 24 30 48 8b 74 24 38 48
0x00007ff8da62786a:   83 c4 20 5f c3 cc 48 89 5c 24 08 57 48 83 ec 20
0x00007ff8da62787a:   48 8b 79 28 33 c0 48 89 41 08 48 8b d9 48 89 41
0x00007ff8da62788a:   10 48 89 41 18 48 89 41 20 48 89 41 28 e8 74 0c
0x00007ff8da62789a:   10 00 0f 1f 40 00 8b 43 30 85 c0 75 f9 48 85 ff
0x00007ff8da6278aa:   74 18 0f 1f 40 00 48 8b 5f 08 48 8b cf e8 b4 e9
0x00007ff8da6278ba:   b3 ff 48 8b fb 48 85 db 75 ec 48 8b 5c 24 30 48
0x00007ff8da6278ca:   83 c4 20 5f c3 cc b8 ff ff ff ff f0 0f c1 41 30
0x00007ff8da6278da:   ff c8 c3 cc cc cc 48 8b 41 28 48 85 c0 74 15 0f
0x00007ff8da6278ea:   1f 80 00 00 00 00 48 3b 10 74 0b 48 8b 40 08 48
0x00007ff8da6278fa:   85 c0 75 f2 33 c0 c3 cc cc cc cc cc cc cc cc cc
0x00007ff8da62790a:   cc cc cc cc cc cc b8 01 00 00 00 f0 0f c1 41 30
0x00007ff8da62791a:   ff c0 c3 cc cc cc 48 89 5c 24 08 57 48 83 ec 20
0x00007ff8da62792a:   48 8b da 48 8b f9 48 39 51 08 75 08 48 8b 42 08
0x00007ff8da62793a:   48 89 41 08 48 39 59 10 75 08 48 8b 42 08 48 89
0x00007ff8da62794a:   41 10 48 39 59 18 75 08 48 8b 42 08 48 89 41 18
0x00007ff8da62795a:   48 39 59 20 75 08 48 8b 42 08 48 89 41 20 48 8b
0x00007ff8da62796a:   41 28 48 3b c3 75 08 48 8b 42 08 48 89 41 28 48 


Stack slot to memory mapping:
stack at sp + 0 slots: 0x0000014ae3bd94f0 points into unknown readable memory: 0x00007ff8daaaa500 | 00 a5 aa da f8 7f 00 00
stack at sp + 1 slots: 0x0 is NULL
stack at sp + 2 slots: 0x0 is NULL
stack at sp + 3 slots: 0x0 is NULL
stack at sp + 4 slots: 0x0000000000000002 is an unknown value
stack at sp + 5 slots: 0x00007ff8da6238e9 jvm.dll
stack at sp + 6 slots: 0x0000000000000001 is an unknown value
stack at sp + 7 slots: 0x0 is NULL

VM_Operation (0x000000055a8ff3d0): Exit, mode: safepoint, requested by thread 0x0000014aca562440


---------------  P R O C E S S  ---------------

Threads class SMR info:
_java_thread_list=0x0000014aed459230, length=14, elements={
0x0000014aca562440, 0x0000014ae3c44a70, 0x0000014ae3c18df0, 0x0000014ae4836280,
0x0000014ae48373d0, 0x0000014ae483a140, 0x0000014ae483baf0, 0x0000014ae4850d60,
0x0000014ae489ba80, 0x0000014ae4abf870, 0x0000014ae4b484f0, 0x0000014ae4b491a0,
0x0000014ae5b64ba0, 0x0000014aea3ba3d0
}

Java Threads: ( => current thread )
  0x0000014aca562440 JavaThread "main" [_thread_blocked, id=10716, stack(0x000000055a800000,0x000000055a900000)]
  0x0000014ae3c44a70 JavaThread "Reference Handler" daemon [_thread_blocked, id=6208, stack(0x000000055af00000,0x000000055b000000)]
  0x0000014ae3c18df0 JavaThread "Finalizer" daemon [_thread_blocked, id=7208, stack(0x000000055b000000,0x000000055b100000)]
  0x0000014ae4836280 JavaThread "Attach Listener" daemon [_thread_blocked, id=3988, stack(0x000000055b200000,0x000000055b300000)]
  0x0000014ae48373d0 JavaThread "Service Thread" daemon [_thread_blocked, id=9596, stack(0x000000055b300000,0x000000055b400000)]
  0x0000014ae483a140 JavaThread "Monitor Deflation Thread" daemon [_thread_blocked, id=7008, stack(0x000000055b400000,0x000000055b500000)]
  0x0000014ae483baf0 JavaThread "C2 CompilerThread0" daemon [_thread_blocked, id=12240, stack(0x000000055b500000,0x000000055b600000)]
  0x0000014ae4850d60 JavaThread "C1 CompilerThread0" daemon [_thread_blocked, id=8492, stack(0x000000055b600000,0x000000055b700000)]
  0x0000014ae489ba80 JavaThread "Sweeper thread" daemon [_thread_blocked, id=8340, stack(0x000000055b700000,0x000000055b800000)]
  0x0000014ae4abf870 JavaThread "Common-Cleaner" daemon [_thread_blocked, id=8808, stack(0x000000055b800000,0x000000055b900000)]
  0x0000014ae4b484f0 JavaThread "JDWP Transport Listener: dt_socket" daemon [_thread_blocked, id=4004, stack(0x000000055ba00000,0x000000055bb00000)]
  0x0000014ae4b491a0 JavaThread "JDWP Event Helper Thread" daemon [_thread_blocked, id=11700, stack(0x000000055bb00000,0x000000055bc00000)]
  0x0000014ae5b64ba0 JavaThread "Notification Thread" daemon [_thread_blocked, id=2420, stack(0x000000055c100000,0x000000055c200000)]
  0x0000014aea3ba3d0 JavaThread "Thread-5" daemon [_thread_in_native, id=1548, stack(0x000000055c700000,0x000000055c800000)]

Other Threads:
=>0x0000014ae3bd94f0 VMThread "VM Thread" [stack: 0x000000055ae00000,0x000000055af00000] [id=4760]
  0x0000014aca5bde70 GCTaskThread "GC Thread#0" [stack: 0x000000055a900000,0x000000055aa00000] [id=12228]
  0x0000014ae4bcf3e0 GCTaskThread "GC Thread#1" [stack: 0x000000055bd00000,0x000000055be00000] [id=9272]
  0x0000014ae5631490 GCTaskThread "GC Thread#2" [stack: 0x000000055be00000,0x000000055bf00000] [id=8828]
  0x0000014ae5175ec0 GCTaskThread "GC Thread#3" [stack: 0x000000055bf00000,0x000000055c000000] [id=6396]
  0x0000014aca5cfa40 ConcurrentGCThread "G1 Main Marker" terminated
  0x0000014aca5d0450 ConcurrentGCThread "G1 Conc#0" [stack: 0x000000055ab00000,0x000000055ac00000] [id=3300]
  0x0000014aca60e190 ConcurrentGCThread "G1 Refine#0" terminated
  0x0000014aca60ebb0 ConcurrentGCThread "G1 Service" terminated

Threads with active compile tasks:

VM state: at safepoint (shutting down)

VM Mutex/Monitor currently owned by a thread:  ([mutex/lock_event])
[0x0000014aca55c400] Threads_lock - owner thread: 0x0000014ae3bd94f0
[0x0000014aca55d2a0] Heap_lock - owner thread: 0x0000014aca562440

Heap address: 0x0000000081c00000, size: 2020 MB, Compressed Oops mode: 32-bit

CDS archive(s) not mapped
Compressed class space mapped at: 0x0000000100000000-0x0000000140000000, reserved size: 1073741824
Narrow klass base: 0x0000000000000000, Narrow klass shift: 3, Narrow klass range: 0x140000000

GC Precious Log:
 CPUs: 4 total, 4 available
 Memory: 8073M
 Large Page Support: Disabled
 NUMA Support: Disabled
 Compressed Oops: Enabled (32-bit)
 Heap Region Size: 1M
 Heap Min Capacity: 8M
 Heap Initial Capacity: 128M
 Heap Max Capacity: 2020M
 Pre-touch: Disabled
 Parallel Workers: 4
 Concurrent Workers: 1
 Concurrent Refinement Workers: 4
 Periodic GC: Disabled

Heap:
 garbage-first heap   total 164864K, used 126719K [0x0000000081c00000, 0x0000000100000000)
  region size 1024K, 32 young (32768K), 4 survivors (4096K)
 Metaspace       used 108026K, committed 108672K, reserved 1146880K
  class space    used 13964K, committed 14272K, reserved 1048576K

Heap Regions: E=young(eden), S=young(survivor), O=old, HS=humongous(starts), HC=humongous(continues), CS=collection set, F=free, OA=open archive, CA=closed archive, TAMS=top-at-mark-start (previous, next)
|   0|0x0000000081c00000, 0x0000000081d00000, 0x0000000081d00000|100%|HS|  |TAMS 0x0000000081d00000, 0x0000000081c00000| Complete 
|   1|0x0000000081d00000, 0x0000000081e00000, 0x0000000081e00000|100%| O|  |TAMS 0x0000000081e00000, 0x0000000081d00000| Untracked 
|   2|0x0000000081e00000, 0x0000000081f00000, 0x0000000081f00000|100%| O|  |TAMS 0x0000000081e00000, 0x0000000081e00000| Untracked 
|   3|0x0000000081f00000, 0x0000000082000000, 0x0000000082000000|100%| O|  |TAMS 0x0000000082000000, 0x0000000081f00000| Untracked 
|   4|0x0000000082000000, 0x0000000082100000, 0x0000000082100000|100%| O|  |TAMS 0x0000000082100000, 0x0000000082000000| Untracked 
|   5|0x0000000082100000, 0x0000000082200000, 0x0000000082200000|100%| O|  |TAMS 0x0000000082200000, 0x0000000082100000| Untracked 
|   6|0x0000000082200000, 0x0000000082300000, 0x0000000082300000|100%| O|  |TAMS 0x0000000082300000, 0x0000000082200000| Untracked 
|   7|0x0000000082300000, 0x0000000082400000, 0x0000000082400000|100%| O|  |TAMS 0x0000000082400000, 0x0000000082300000| Untracked 
|   8|0x0000000082400000, 0x0000000082500000, 0x0000000082500000|100%| O|  |TAMS 0x0000000082500000, 0x0000000082400000| Untracked 
|   9|0x0000000082500000, 0x0000000082600000, 0x0000000082600000|100%| O|  |TAMS 0x0000000082600000, 0x0000000082500000| Untracked 
|  10|0x0000000082600000, 0x0000000082700000, 0x0000000082700000|100%| O|  |TAMS 0x0000000082700000, 0x0000000082600000| Untracked 
|  11|0x0000000082700000, 0x0000000082800000, 0x0000000082800000|100%| O|  |TAMS 0x0000000082800000, 0x0000000082700000| Untracked 
|  12|0x0000000082800000, 0x0000000082900000, 0x0000000082900000|100%| O|  |TAMS 0x0000000082900000, 0x0000000082800000| Untracked 
|  13|0x0000000082900000, 0x0000000082a00000, 0x0000000082a00000|100%| O|  |TAMS 0x0000000082a00000, 0x0000000082900000| Untracked 
|  14|0x0000000082a00000, 0x0000000082b00000, 0x0000000082b00000|100%| O|  |TAMS 0x0000000082b00000, 0x0000000082a00000| Untracked 
|  15|0x0000000082b00000, 0x0000000082c00000, 0x0000000082c00000|100%| O|  |TAMS 0x0000000082c00000, 0x0000000082b00000| Untracked 
|  16|0x0000000082c00000, 0x0000000082d00000, 0x0000000082d00000|100%| O|  |TAMS 0x0000000082d00000, 0x0000000082c00000| Untracked 
|  17|0x0000000082d00000, 0x0000000082e00000, 0x0000000082e00000|100%| O|  |TAMS 0x0000000082e00000, 0x0000000082d00000| Untracked 
|  18|0x0000000082e00000, 0x0000000082f00000, 0x0000000082f00000|100%| O|  |TAMS 0x0000000082f00000, 0x0000000082e00000| Untracked 
|  19|0x0000000082f00000, 0x0000000083000000, 0x0000000083000000|100%| O|  |TAMS 0x0000000083000000, 0x0000000082f00000| Untracked 
|  20|0x0000000083000000, 0x0000000083100000, 0x0000000083100000|100%| O|  |TAMS 0x0000000083100000, 0x0000000083000000| Untracked 
|  21|0x0000000083100000, 0x0000000083200000, 0x0000000083200000|100%| O|  |TAMS 0x0000000083200000, 0x0000000083100000| Untracked 
|  22|0x0000000083200000, 0x0000000083300000, 0x0000000083300000|100%| O|  |TAMS 0x0000000083300000, 0x0000000083200000| Untracked 
|  23|0x0000000083300000, 0x0000000083400000, 0x0000000083400000|100%| O|  |TAMS 0x0000000083400000, 0x0000000083300000| Untracked 
|  24|0x0000000083400000, 0x0000000083500000, 0x0000000083500000|100%| O|  |TAMS 0x0000000083500000, 0x0000000083400000| Untracked 
|  25|0x0000000083500000, 0x0000000083600000, 0x0000000083600000|100%| O|  |TAMS 0x0000000083600000, 0x0000000083500000| Untracked 
|  26|0x0000000083600000, 0x0000000083700000, 0x0000000083700000|100%| O|  |TAMS 0x0000000083700000, 0x0000000083600000| Untracked 
|  27|0x0000000083700000, 0x0000000083800000, 0x0000000083800000|100%| O|  |TAMS 0x0000000083800000, 0x0000000083700000| Untracked 
|  28|0x0000000083800000, 0x0000000083900000, 0x0000000083900000|100%| O|  |TAMS 0x0000000083800000, 0x0000000083800000| Untracked 
|  29|0x0000000083900000, 0x0000000083a00000, 0x0000000083a00000|100%| O|  |TAMS 0x0000000083a00000, 0x0000000083900000| Untracked 
|  30|0x0000000083a00000, 0x0000000083b00000, 0x0000000083b00000|100%| O|  |TAMS 0x0000000083b00000, 0x0000000083a00000| Untracked 
|  31|0x0000000083b00000, 0x0000000083c00000, 0x0000000083c00000|100%| O|  |TAMS 0x0000000083c00000, 0x0000000083b00000| Untracked 
|  32|0x0000000083c00000, 0x0000000083d00000, 0x0000000083d00000|100%| O|  |TAMS 0x0000000083d00000, 0x0000000083c00000| Untracked 
|  33|0x0000000083d00000, 0x0000000083e00000, 0x0000000083e00000|100%| O|  |TAMS 0x0000000083e00000, 0x0000000083d00000| Untracked 
|  34|0x0000000083e00000, 0x0000000083f00000, 0x0000000083f00000|100%| O|  |TAMS 0x0000000083f00000, 0x0000000083e00000| Untracked 
|  35|0x0000000083f00000, 0x0000000084000000, 0x0000000084000000|100%| O|  |TAMS 0x0000000084000000, 0x0000000083f00000| Untracked 
|  36|0x0000000084000000, 0x0000000084100000, 0x0000000084100000|100%| O|  |TAMS 0x0000000084100000, 0x0000000084000000| Untracked 
|  37|0x0000000084100000, 0x0000000084200000, 0x0000000084200000|100%| O|  |TAMS 0x0000000084200000, 0x0000000084100000| Untracked 
|  38|0x0000000084200000, 0x0000000084300000, 0x0000000084300000|100%| O|  |TAMS 0x0000000084300000, 0x0000000084200000| Untracked 
|  39|0x0000000084300000, 0x0000000084400000, 0x0000000084400000|100%| O|  |TAMS 0x0000000084400000, 0x0000000084300000| Untracked 
|  40|0x0000000084400000, 0x0000000084500000, 0x0000000084500000|100%| O|  |TAMS 0x0000000084500000, 0x0000000084400000| Untracked 
|  41|0x0000000084500000, 0x0000000084600000, 0x0000000084600000|100%| O|  |TAMS 0x0000000084600000, 0x0000000084500000| Untracked 
|  42|0x0000000084600000, 0x0000000084700000, 0x0000000084700000|100%| O|  |TAMS 0x0000000084686200, 0x0000000084600000| Untracked 
|  43|0x0000000084700000, 0x0000000084800000, 0x0000000084800000|100%| O|  |TAMS 0x0000000084700000, 0x0000000084700000| Untracked 
|  44|0x0000000084800000, 0x0000000084900000, 0x0000000084900000|100%| O|  |TAMS 0x0000000084800000, 0x0000000084800000| Untracked 
|  45|0x0000000084900000, 0x0000000084a00000, 0x0000000084a00000|100%| O|  |TAMS 0x0000000084900000, 0x0000000084900000| Untracked 
|  46|0x0000000084a00000, 0x0000000084b00000, 0x0000000084b00000|100%| O|  |TAMS 0x0000000084a00000, 0x0000000084a00000| Untracked 
|  47|0x0000000084b00000, 0x0000000084c00000, 0x0000000084c00000|100%| O|  |TAMS 0x0000000084b00000, 0x0000000084b00000| Untracked 
|  48|0x0000000084c00000, 0x0000000084d00000, 0x0000000084d00000|100%| O|  |TAMS 0x0000000084c00000, 0x0000000084c00000| Untracked 
|  49|0x0000000084d00000, 0x0000000084e00000, 0x0000000084e00000|100%| O|  |TAMS 0x0000000084d00000, 0x0000000084d00000| Untracked 
|  50|0x0000000084e00000, 0x0000000084f00000, 0x0000000084f00000|100%| O|  |TAMS 0x0000000084e00000, 0x0000000084e00000| Untracked 
|  51|0x0000000084f00000, 0x0000000085000000, 0x0000000085000000|100%| O|  |TAMS 0x0000000084f00000, 0x0000000084f00000| Untracked 
|  52|0x0000000085000000, 0x0000000085100000, 0x0000000085100000|100%| O|  |TAMS 0x0000000085000000, 0x0000000085000000| Untracked 
|  53|0x0000000085100000, 0x0000000085200000, 0x0000000085200000|100%| O|  |TAMS 0x0000000085100000, 0x0000000085100000| Untracked 
|  54|0x0000000085200000, 0x0000000085300000, 0x0000000085300000|100%| O|  |TAMS 0x0000000085200000, 0x0000000085200000| Untracked 
|  55|0x0000000085300000, 0x0000000085400000, 0x0000000085400000|100%| O|  |TAMS 0x0000000085300000, 0x0000000085300000| Untracked 
|  56|0x0000000085400000, 0x0000000085500000, 0x0000000085500000|100%| O|  |TAMS 0x0000000085400000, 0x0000000085400000| Untracked 
|  57|0x0000000085500000, 0x0000000085600000, 0x0000000085600000|100%| O|  |TAMS 0x0000000085500000, 0x0000000085500000| Untracked 
|  58|0x0000000085600000, 0x0000000085700000, 0x0000000085700000|100%| O|  |TAMS 0x0000000085600000, 0x0000000085600000| Untracked 
|  59|0x0000000085700000, 0x0000000085800000, 0x0000000085800000|100%| O|  |TAMS 0x0000000085700000, 0x0000000085700000| Untracked 
|  60|0x0000000085800000, 0x0000000085900000, 0x0000000085900000|100%| O|  |TAMS 0x0000000085800000, 0x0000000085800000| Untracked 
|  61|0x0000000085900000, 0x0000000085a00000, 0x0000000085a00000|100%| O|  |TAMS 0x0000000085900000, 0x0000000085900000| Untracked 
|  62|0x0000000085a00000, 0x0000000085b00000, 0x0000000085b00000|100%| O|  |TAMS 0x0000000085a00000, 0x0000000085a00000| Untracked 
|  63|0x0000000085b00000, 0x0000000085c00000, 0x0000000085c00000|100%| O|  |TAMS 0x0000000085b00000, 0x0000000085b00000| Untracked 
|  64|0x0000000085c00000, 0x0000000085d00000, 0x0000000085d00000|100%| O|  |TAMS 0x0000000085c00000, 0x0000000085c00000| Untracked 
|  65|0x0000000085d00000, 0x0000000085e00000, 0x0000000085e00000|100%| O|  |TAMS 0x0000000085d00000, 0x0000000085d00000| Untracked 
|  66|0x0000000085e00000, 0x0000000085f00000, 0x0000000085f00000|100%| O|  |TAMS 0x0000000085e00000, 0x0000000085e00000| Untracked 
|  67|0x0000000085f00000, 0x0000000086000000, 0x0000000086000000|100%| O|  |TAMS 0x0000000085f00000, 0x0000000085f00000| Untracked 
|  68|0x0000000086000000, 0x0000000086100000, 0x0000000086100000|100%| O|  |TAMS 0x0000000086000000, 0x0000000086000000| Untracked 
|  69|0x0000000086100000, 0x0000000086200000, 0x0000000086200000|100%| O|  |TAMS 0x0000000086100000, 0x0000000086100000| Untracked 
|  70|0x0000000086200000, 0x0000000086300000, 0x0000000086300000|100%| O|  |TAMS 0x0000000086200000, 0x0000000086200000| Untracked 
|  71|0x0000000086300000, 0x0000000086400000, 0x0000000086400000|100%| O|  |TAMS 0x0000000086300000, 0x0000000086300000| Untracked 
|  72|0x0000000086400000, 0x0000000086500000, 0x0000000086500000|100%| O|  |TAMS 0x0000000086400000, 0x0000000086400000| Untracked 
|  73|0x0000000086500000, 0x0000000086600000, 0x0000000086600000|100%| O|  |TAMS 0x0000000086500000, 0x0000000086500000| Untracked 
|  74|0x0000000086600000, 0x0000000086700000, 0x0000000086700000|100%| O|  |TAMS 0x0000000086600000, 0x0000000086600000| Untracked 
|  75|0x0000000086700000, 0x0000000086800000, 0x0000000086800000|100%| O|  |TAMS 0x0000000086700000, 0x0000000086700000| Untracked 
|  76|0x0000000086800000, 0x0000000086900000, 0x0000000086900000|100%| O|  |TAMS 0x0000000086800000, 0x0000000086800000| Untracked 
|  77|0x0000000086900000, 0x0000000086a00000, 0x0000000086a00000|100%| O|  |TAMS 0x0000000086900000, 0x0000000086900000| Untracked 
|  78|0x0000000086a00000, 0x0000000086b00000, 0x0000000086b00000|100%| O|  |TAMS 0x0000000086a00000, 0x0000000086a00000| Untracked 
|  79|0x0000000086b00000, 0x0000000086c00000, 0x0000000086c00000|100%| O|  |TAMS 0x0000000086b00000, 0x0000000086b00000| Untracked 
|  80|0x0000000086c00000, 0x0000000086d00000, 0x0000000086d00000|100%| O|  |TAMS 0x0000000086c00000, 0x0000000086c00000| Untracked 
|  81|0x0000000086d00000, 0x0000000086e00000, 0x0000000086e00000|100%| O|  |TAMS 0x0000000086d00000, 0x0000000086d00000| Untracked 
|  82|0x0000000086e00000, 0x0000000086f00000, 0x0000000086f00000|100%| O|  |TAMS 0x0000000086e00000, 0x0000000086e00000| Untracked 
|  83|0x0000000086f00000, 0x0000000087000000, 0x0000000087000000|100%| O|  |TAMS 0x0000000086f00000, 0x0000000086f00000| Untracked 
|  84|0x0000000087000000, 0x0000000087100000, 0x0000000087100000|100%| O|  |TAMS 0x0000000087000000, 0x0000000087000000| Untracked 
|  85|0x0000000087100000, 0x0000000087200000, 0x0000000087200000|100%| O|  |TAMS 0x0000000087100000, 0x0000000087100000| Untracked 
|  86|0x0000000087200000, 0x0000000087300000, 0x0000000087300000|100%| O|  |TAMS 0x0000000087200000, 0x0000000087200000| Untracked 
|  87|0x0000000087300000, 0x0000000087400000, 0x0000000087400000|100%| O|  |TAMS 0x0000000087300000, 0x0000000087300000| Untracked 
|  88|0x0000000087400000, 0x0000000087500000, 0x0000000087500000|100%| O|  |TAMS 0x0000000087400000, 0x0000000087400000| Untracked 
|  89|0x0000000087500000, 0x0000000087600000, 0x0000000087600000|100%| O|  |TAMS 0x0000000087500000, 0x0000000087500000| Untracked 
|  90|0x0000000087600000, 0x0000000087700000, 0x0000000087700000|100%| O|  |TAMS 0x0000000087600000, 0x0000000087600000| Untracked 
|  91|0x0000000087700000, 0x0000000087800000, 0x0000000087800000|100%| O|  |TAMS 0x0000000087700000, 0x0000000087700000| Untracked 
|  92|0x0000000087800000, 0x0000000087900000, 0x0000000087900000|100%| O|  |TAMS 0x0000000087800000, 0x0000000087800000| Untracked 
|  93|0x0000000087900000, 0x0000000087945000, 0x0000000087a00000| 26%| O|  |TAMS 0x0000000087900000, 0x0000000087900000| Untracked 
|  94|0x0000000087a00000, 0x0000000087a00000, 0x0000000087b00000|  0%| F|  |TAMS 0x0000000087a00000, 0x0000000087a00000| Untracked 
|  95|0x0000000087b00000, 0x0000000087b00000, 0x0000000087c00000|  0%| F|  |TAMS 0x0000000087b00000, 0x0000000087b00000| Untracked 
|  96|0x0000000087c00000, 0x0000000087c00000, 0x0000000087d00000|  0%| F|  |TAMS 0x0000000087c00000, 0x0000000087c00000| Untracked 
|  97|0x0000000087d00000, 0x0000000087d00000, 0x0000000087e00000|  0%| F|  |TAMS 0x0000000087d00000, 0x0000000087d00000| Untracked 
|  98|0x0000000087e00000, 0x0000000087e00000, 0x0000000087f00000|  0%| F|  |TAMS 0x0000000087e00000, 0x0000000087e00000| Untracked 
|  99|0x0000000087f00000, 0x0000000087f00000, 0x0000000088000000|  0%| F|  |TAMS 0x0000000087f00000, 0x0000000087f00000| Untracked 
| 100|0x0000000088000000, 0x0000000088000000, 0x0000000088100000|  0%| F|  |TAMS 0x0000000088000000, 0x0000000088000000| Untracked 
| 101|0x0000000088100000, 0x0000000088100000, 0x0000000088200000|  0%| F|  |TAMS 0x0000000088100000, 0x0000000088100000| Untracked 
| 102|0x0000000088200000, 0x0000000088200000, 0x0000000088300000|  0%| F|  |TAMS 0x0000000088200000, 0x0000000088200000| Untracked 
| 103|0x0000000088300000, 0x0000000088300000, 0x0000000088400000|  0%| F|  |TAMS 0x0000000088300000, 0x0000000088300000| Untracked 
| 104|0x0000000088400000, 0x0000000088400000, 0x0000000088500000|  0%| F|  |TAMS 0x0000000088400000, 0x0000000088400000| Untracked 
| 105|0x0000000088500000, 0x0000000088500000, 0x0000000088600000|  0%| F|  |TAMS 0x0000000088500000, 0x0000000088500000| Untracked 
| 106|0x0000000088600000, 0x0000000088600000, 0x0000000088700000|  0%| F|  |TAMS 0x0000000088600000, 0x0000000088600000| Untracked 
| 107|0x0000000088700000, 0x0000000088700000, 0x0000000088800000|  0%| F|  |TAMS 0x0000000088700000, 0x0000000088700000| Untracked 
| 108|0x0000000088800000, 0x0000000088800000, 0x0000000088900000|  0%| F|  |TAMS 0x0000000088800000, 0x0000000088800000| Untracked 
| 109|0x0000000088900000, 0x0000000088900000, 0x0000000088a00000|  0%| F|  |TAMS 0x0000000088900000, 0x0000000088900000| Untracked 
| 110|0x0000000088a00000, 0x0000000088a00000, 0x0000000088b00000|  0%| F|  |TAMS 0x0000000088a00000, 0x0000000088a00000| Untracked 
| 111|0x0000000088b00000, 0x0000000088b00000, 0x0000000088c00000|  0%| F|  |TAMS 0x0000000088b00000, 0x0000000088b00000| Untracked 
| 112|0x0000000088c00000, 0x0000000088c00000, 0x0000000088d00000|  0%| F|  |TAMS 0x0000000088c00000, 0x0000000088c00000| Untracked 
| 113|0x0000000088d00000, 0x0000000088d00000, 0x0000000088e00000|  0%| F|  |TAMS 0x0000000088d00000, 0x0000000088d00000| Untracked 
| 114|0x0000000088e00000, 0x0000000088e00000, 0x0000000088f00000|  0%| F|  |TAMS 0x0000000088e00000, 0x0000000088e00000| Untracked 
| 115|0x0000000088f00000, 0x0000000088f7ae80, 0x0000000089000000| 48%| S|CS|TAMS 0x0000000088f00000, 0x0000000088f00000| Complete 
| 116|0x0000000089000000, 0x0000000089100000, 0x0000000089100000|100%| S|CS|TAMS 0x0000000089000000, 0x0000000089000000| Complete 
| 117|0x0000000089100000, 0x0000000089200000, 0x0000000089200000|100%| S|CS|TAMS 0x0000000089100000, 0x0000000089100000| Complete 
| 118|0x0000000089200000, 0x0000000089200000, 0x0000000089300000|  0%| F|  |TAMS 0x0000000089200000, 0x0000000089200000| Untracked 
| 119|0x0000000089300000, 0x0000000089300000, 0x0000000089400000|  0%| F|  |TAMS 0x0000000089300000, 0x0000000089300000| Untracked 
| 120|0x0000000089400000, 0x0000000089500000, 0x0000000089500000|100%| S|CS|TAMS 0x0000000089400000, 0x0000000089400000| Complete 
| 121|0x0000000089500000, 0x0000000089500000, 0x0000000089600000|  0%| F|  |TAMS 0x0000000089500000, 0x0000000089500000| Untracked 
| 122|0x0000000089600000, 0x0000000089600000, 0x0000000089700000|  0%| F|  |TAMS 0x0000000089600000, 0x0000000089600000| Untracked 
| 123|0x0000000089700000, 0x0000000089700000, 0x0000000089800000|  0%| F|  |TAMS 0x0000000089700000, 0x0000000089700000| Untracked 
| 124|0x0000000089800000, 0x0000000089800000, 0x0000000089900000|  0%| F|  |TAMS 0x0000000089800000, 0x0000000089800000| Untracked 
| 125|0x0000000089900000, 0x0000000089900000, 0x0000000089a00000|  0%| F|  |TAMS 0x0000000089900000, 0x0000000089900000| Untracked 
| 126|0x0000000089a00000, 0x0000000089a00000, 0x0000000089b00000|  0%| F|  |TAMS 0x0000000089a00000, 0x0000000089a00000| Untracked 
| 127|0x0000000089b00000, 0x0000000089b00000, 0x0000000089c00000|  0%| F|  |TAMS 0x0000000089b00000, 0x0000000089b00000| Untracked 
| 128|0x0000000089c00000, 0x0000000089c00000, 0x0000000089d00000|  0%| F|  |TAMS 0x0000000089c00000, 0x0000000089c00000| Untracked 
| 129|0x0000000089d00000, 0x0000000089d00000, 0x0000000089e00000|  0%| F|  |TAMS 0x0000000089d00000, 0x0000000089d00000| Untracked 
| 130|0x0000000089e00000, 0x0000000089e00000, 0x0000000089f00000|  0%| F|  |TAMS 0x0000000089e00000, 0x0000000089e00000| Untracked 
| 131|0x0000000089f00000, 0x0000000089f00000, 0x000000008a000000|  0%| F|  |TAMS 0x0000000089f00000, 0x0000000089f00000| Untracked 
| 132|0x000000008a000000, 0x000000008a000000, 0x000000008a100000|  0%| F|  |TAMS 0x000000008a000000, 0x000000008a000000| Untracked 
| 133|0x000000008a100000, 0x000000008a1a2e40, 0x000000008a200000| 63%| E|  |TAMS 0x000000008a100000, 0x000000008a100000| Complete 
| 134|0x000000008a200000, 0x000000008a300000, 0x000000008a300000|100%| E|CS|TAMS 0x000000008a200000, 0x000000008a200000| Complete 
| 135|0x000000008a300000, 0x000000008a400000, 0x000000008a400000|100%| E|CS|TAMS 0x000000008a300000, 0x000000008a300000| Complete 
| 136|0x000000008a400000, 0x000000008a500000, 0x000000008a500000|100%| E|CS|TAMS 0x000000008a400000, 0x000000008a400000| Complete 
| 137|0x000000008a500000, 0x000000008a600000, 0x000000008a600000|100%| E|CS|TAMS 0x000000008a500000, 0x000000008a500000| Complete 
| 138|0x000000008a600000, 0x000000008a700000, 0x000000008a700000|100%| E|CS|TAMS 0x000000008a600000, 0x000000008a600000| Complete 
| 139|0x000000008a700000, 0x000000008a800000, 0x000000008a800000|100%| E|CS|TAMS 0x000000008a700000, 0x000000008a700000| Complete 
| 140|0x000000008a800000, 0x000000008a900000, 0x000000008a900000|100%| E|CS|TAMS 0x000000008a800000, 0x000000008a800000| Complete 
| 141|0x000000008a900000, 0x000000008aa00000, 0x000000008aa00000|100%| E|CS|TAMS 0x000000008a900000, 0x000000008a900000| Complete 
| 142|0x000000008aa00000, 0x000000008ab00000, 0x000000008ab00000|100%| E|CS|TAMS 0x000000008aa00000, 0x000000008aa00000| Complete 
| 143|0x000000008ab00000, 0x000000008ac00000, 0x000000008ac00000|100%| E|CS|TAMS 0x000000008ab00000, 0x000000008ab00000| Complete 
| 144|0x000000008ac00000, 0x000000008ad00000, 0x000000008ad00000|100%| E|CS|TAMS 0x000000008ac00000, 0x000000008ac00000| Complete 
| 145|0x000000008ad00000, 0x000000008ae00000, 0x000000008ae00000|100%| E|CS|TAMS 0x000000008ad00000, 0x000000008ad00000| Complete 
| 146|0x000000008ae00000, 0x000000008af00000, 0x000000008af00000|100%| E|CS|TAMS 0x000000008ae00000, 0x000000008ae00000| Complete 
| 147|0x000000008af00000, 0x000000008b000000, 0x000000008b000000|100%| E|CS|TAMS 0x000000008af00000, 0x000000008af00000| Complete 
| 148|0x000000008b000000, 0x000000008b100000, 0x000000008b100000|100%| E|CS|TAMS 0x000000008b000000, 0x000000008b000000| Complete 
| 149|0x000000008b100000, 0x000000008b200000, 0x000000008b200000|100%| E|CS|TAMS 0x000000008b100000, 0x000000008b100000| Complete 
| 150|0x000000008b200000, 0x000000008b300000, 0x000000008b300000|100%| E|CS|TAMS 0x000000008b200000, 0x000000008b200000| Complete 
| 151|0x000000008b300000, 0x000000008b400000, 0x000000008b400000|100%| E|CS|TAMS 0x000000008b300000, 0x000000008b300000| Complete 
| 152|0x000000008b400000, 0x000000008b500000, 0x000000008b500000|100%| E|CS|TAMS 0x000000008b400000, 0x000000008b400000| Complete 
| 153|0x000000008b500000, 0x000000008b600000, 0x000000008b600000|100%| E|CS|TAMS 0x000000008b500000, 0x000000008b500000| Complete 
| 154|0x000000008b600000, 0x000000008b700000, 0x000000008b700000|100%| E|CS|TAMS 0x000000008b600000, 0x000000008b600000| Complete 
| 155|0x000000008b700000, 0x000000008b800000, 0x000000008b800000|100%| E|CS|TAMS 0x000000008b700000, 0x000000008b700000| Complete 
| 156|0x000000008b800000, 0x000000008b900000, 0x000000008b900000|100%| E|CS|TAMS 0x000000008b800000, 0x000000008b800000| Complete 
| 157|0x000000008b900000, 0x000000008ba00000, 0x000000008ba00000|100%| E|CS|TAMS 0x000000008b900000, 0x000000008b900000| Complete 
| 158|0x000000008ba00000, 0x000000008bb00000, 0x000000008bb00000|100%| E|CS|TAMS 0x000000008ba00000, 0x000000008ba00000| Complete 
| 159|0x000000008bb00000, 0x000000008bc00000, 0x000000008bc00000|100%| E|CS|TAMS 0x000000008bb00000, 0x000000008bb00000| Complete 
| 160|0x000000008bc00000, 0x000000008bd00000, 0x000000008bd00000|100%| E|CS|TAMS 0x000000008bc00000, 0x000000008bc00000| Complete 

Card table byte_map: [0x0000014add000000,0x0000014add400000] _byte_map_base: 0x0000014adcbf2000

Marking Bits (Prev, Next): (CMBitMap*) 0x0000014aca5bf490, (CMBitMap*) 0x0000014aca5bf4d0
 Prev Bits: [0x0000014add800000, 0x0000014adf790000)
 Next Bits: [0x0000014adf790000, 0x0000014ae1720000)

Polling page: 0x0000014ac83e0000

Metaspace:

Usage:
  Non-class:     91.86 MB used.
      Class:     13.64 MB used.
       Both:    105.49 MB used.

Virtual space:
  Non-class space:       96.00 MB reserved,      92.19 MB ( 96%) committed,  12 nodes.
      Class space:        1.00 GB reserved,      13.94 MB (  1%) committed,  1 nodes.
             Both:        1.09 GB reserved,     106.12 MB (  9%) committed. 

Chunk freelists:
   Non-Class:  3.19 MB
       Class:  1.89 MB
        Both:  5.08 MB

MaxMetaspaceSize: unlimited
CompressedClassSpaceSize: 1.00 GB
Initial GC threshold: 21.00 MB
Current GC threshold: 106.38 MB
CDS: off
MetaspaceReclaimPolicy: balanced
 - commit_granule_bytes: 65536.
 - commit_granule_words: 8192.
 - virtual_space_node_default_size: 1048576.
 - enlarge_chunks_in_place: 1.
 - new_chunks_are_fully_committed: 0.
 - uncommit_free_chunks: 1.
 - use_allocation_guard: 0.
 - handle_deallocations: 1.


Internal statistics:

num_allocs_failed_limit: 6.
num_arena_births: 1190.
num_arena_deaths: 2.
num_vsnodes_births: 13.
num_vsnodes_deaths: 0.
num_space_committed: 1698.
num_space_uncommitted: 0.
num_chunks_returned_to_freelist: 9.
num_chunks_taken_from_freelist: 5046.
num_chunk_merges: 3.
num_chunk_splits: 3261.
num_chunks_enlarged: 2279.
num_purges: 2.
num_inconsistent_stats: 0.

CodeHeap 'non-profiled nmethods': size=120000Kb used=8243Kb max_used=9045Kb free=111756Kb
 bounds [0x0000014ad56d0000, 0x0000014ad5fb0000, 0x0000014adcc00000]
CodeHeap 'profiled nmethods': size=120000Kb used=20504Kb max_used=21083Kb free=99495Kb
 bounds [0x0000014ace1a0000, 0x0000014acf670000, 0x0000014ad56d0000]
CodeHeap 'non-nmethods': size=5760Kb used=1432Kb max_used=1485Kb free=4327Kb
 bounds [0x0000014acdc00000, 0x0000014acde70000, 0x0000014ace1a0000]
 total_blobs=11231 nmethods=10540 adapters=602
 compilation: enabled
              stopped_count=0, restarted_count=0
 full_count=0

Compilation events (20 events):
Event: 86.500 Thread 0x0000014ae483baf0 13280       4       org.ehcache.shadow.org.terracotta.offheapstore.storage.allocator.Region::availableHere (58 bytes)
Event: 86.502 Thread 0x0000014ae483baf0 nmethod 13280 0x0000014ad5cde510 code [0x0000014ad5cde680, 0x0000014ad5cde858]
Event: 86.502 Thread 0x0000014ae483baf0 13322 % !   4       org.springframework.beans.factory.support.DefaultSingletonBeanRegistry::destroyBean @ 296 (385 bytes)
Event: 86.542 Thread 0x0000014ae483baf0 nmethod 13322% 0x0000014ad5dd8910 code [0x0000014ad5dd8b20, 0x0000014ad5dda390]
Event: 86.542 Thread 0x0000014ae483baf0 13316 % !   4       java.util.concurrent.ConcurrentHashMap::clear @ 10 (176 bytes)
Event: 86.548 Thread 0x0000014ae483baf0 nmethod 13316% 0x0000014ad5cddb90 code [0x0000014ad5cddd40, 0x0000014ad5cde1d8]
Event: 86.548 Thread 0x0000014ae483baf0 13275       4       java.util.HashMap::remove (26 bytes)
Event: 86.549 Thread 0x0000014ae483baf0 nmethod 13275 0x0000014ad5dd8510 code [0x0000014ad5dd86a0, 0x0000014ad5dd87e8]
Event: 86.549 Thread 0x0000014ae483baf0 13276       4       java.util.HashSet::remove (20 bytes)
Event: 86.551 Thread 0x0000014ae483baf0 nmethod 13276 0x0000014ad5dd7d90 code [0x0000014ad5dd7f40, 0x0000014ad5dd81f8]
Event: 86.909 Thread 0x0000014ae4850d60 13326       3       java.text.DecimalFormat::applyPattern (1645 bytes)
Event: 86.923 Thread 0x0000014ae4850d60 nmethod 13326 0x0000014acf652b90 code [0x0000014acf653ae0, 0x0000014acf65d928]
Event: 86.923 Thread 0x0000014ae4850d60 13327       1       sun.security.ssl.SSLCipher$T13GcmWriteCipherGenerator$GcmWriteCipher::getExplicitNonceSize (2 bytes)
Event: 86.923 Thread 0x0000014ae4850d60 nmethod 13327 0x0000014ad5e72b90 code [0x0000014ad5e72d20, 0x0000014ad5e72df8]
Event: 87.243 Thread 0x0000014ae4850d60 13328       3       com.sun.crypto.provider.GaloisCounterMode$GCMEngine::<init> (132 bytes)
Event: 87.246 Thread 0x0000014ae4850d60 nmethod 13328 0x0000014acf1b4490 code [0x0000014acf1b46c0, 0x0000014acf1b5028]
Event: 87.562 Thread 0x0000014ae4850d60 13329       3       java.lang.Exception::<init> (6 bytes)
Event: 87.564 Thread 0x0000014ae4850d60 nmethod 13329 0x0000014acf23b990 code [0x0000014acf23bb60, 0x0000014acf23bf88]
Event: 87.876 Thread 0x0000014ae483baf0 13330   !   4       java.util.concurrent.ConcurrentHashMap::clear (176 bytes)
Event: 87.906 Thread 0x0000014ae483baf0 nmethod 13330 0x0000014ad5e72410 code [0x0000014ad5e725a0, 0x0000014ad5e72978]

GC Heap History (20 events):
Event: 43.480 GC heap before
{Heap before GC invocations=46 (full 0):
 garbage-first heap   total 164864K, used 133642K [0x0000000081c00000, 0x0000000100000000)
  region size 1024K, 72 young (73728K), 8 survivors (8192K)
 Metaspace       used 83275K, committed 83776K, reserved 1122304K
  class space    used 10429K, committed 10688K, reserved 1048576K
}
Event: 43.498 GC heap after
{Heap after GC invocations=47 (full 0):
 garbage-first heap   total 164864K, used 72723K [0x0000000081c00000, 0x0000000100000000)
  region size 1024K, 9 young (9216K), 9 survivors (9216K)
 Metaspace       used 83275K, committed 83776K, reserved 1122304K
  class space    used 10429K, committed 10688K, reserved 1048576K
}
Event: 45.688 GC heap before
{Heap before GC invocations=47 (full 0):
 garbage-first heap   total 164864K, used 134163K [0x0000000081c00000, 0x0000000100000000)
  region size 1024K, 69 young (70656K), 9 survivors (9216K)
 Metaspace       used 85298K, committed 85888K, reserved 1130496K
  class space    used 10683K, committed 11008K, reserved 1048576K
}
Event: 45.710 GC heap after
{Heap after GC invocations=48 (full 0):
 garbage-first heap   total 164864K, used 77157K [0x0000000081c00000, 0x0000000100000000)
  region size 1024K, 9 young (9216K), 9 survivors (9216K)
 Metaspace       used 85298K, committed 85888K, reserved 1130496K
  class space    used 10683K, committed 11008K, reserved 1048576K
}
Event: 47.513 GC heap before
{Heap before GC invocations=48 (full 0):
 garbage-first heap   total 164864K, used 135525K [0x0000000081c00000, 0x0000000100000000)
  region size 1024K, 66 young (67584K), 9 survivors (9216K)
 Metaspace       used 87551K, committed 88192K, reserved 1130496K
  class space    used 11036K, committed 11328K, reserved 1048576K
}
Event: 47.532 GC heap after
{Heap after GC invocations=49 (full 0):
 garbage-first heap   total 164864K, used 79599K [0x0000000081c00000, 0x0000000100000000)
  region size 1024K, 7 young (7168K), 7 survivors (7168K)
 Metaspace       used 87551K, committed 88192K, reserved 1130496K
  class space    used 11036K, committed 11328K, reserved 1048576K
}
Event: 49.357 GC heap before
{Heap before GC invocations=49 (full 0):
 garbage-first heap   total 164864K, used 136943K [0x0000000081c00000, 0x0000000100000000)
  region size 1024K, 63 young (64512K), 7 survivors (7168K)
 Metaspace       used 90148K, committed 90752K, reserved 1130496K
  class space    used 11403K, committed 11712K, reserved 1048576K
}
Event: 49.376 GC heap after
{Heap after GC invocations=50 (full 0):
 garbage-first heap   total 164864K, used 83283K [0x0000000081c00000, 0x0000000100000000)
  region size 1024K, 7 young (7168K), 7 survivors (7168K)
 Metaspace       used 90148K, committed 90752K, reserved 1130496K
  class space    used 11403K, committed 11712K, reserved 1048576K
}
Event: 50.819 GC heap before
{Heap before GC invocations=50 (full 0):
 garbage-first heap   total 164864K, used 136531K [0x0000000081c00000, 0x0000000100000000)
  region size 1024K, 59 young (60416K), 7 survivors (7168K)
 Metaspace       used 95715K, committed 96320K, reserved 1138688K
  class space    used 12218K, committed 12544K, reserved 1048576K
}
Event: 50.834 GC heap after
{Heap after GC invocations=51 (full 0):
 garbage-first heap   total 164864K, used 85169K [0x0000000081c00000, 0x0000000100000000)
  region size 1024K, 6 young (6144K), 6 survivors (6144K)
 Metaspace       used 95715K, committed 96320K, reserved 1138688K
  class space    used 12218K, committed 12544K, reserved 1048576K
}
Event: 52.683 GC heap before
{Heap before GC invocations=51 (full 0):
 garbage-first heap   total 164864K, used 138417K [0x0000000081c00000, 0x0000000100000000)
  region size 1024K, 58 young (59392K), 6 survivors (6144K)
 Metaspace       used 98398K, committed 99008K, reserved 1138688K
  class space    used 12590K, committed 12928K, reserved 1048576K
}
Event: 52.704 GC heap after
{Heap after GC invocations=52 (full 0):
 garbage-first heap   total 164864K, used 87696K [0x0000000081c00000, 0x0000000100000000)
  region size 1024K, 5 young (5120K), 5 survivors (5120K)
 Metaspace       used 98398K, committed 99008K, reserved 1138688K
  class space    used 12590K, committed 12928K, reserved 1048576K
}
Event: 54.389 GC heap before
{Heap before GC invocations=52 (full 0):
 garbage-first heap   total 164864K, used 137872K [0x0000000081c00000, 0x0000000100000000)
  region size 1024K, 54 young (55296K), 5 survivors (5120K)
 Metaspace       used 99464K, committed 100096K, reserved 1138688K
  class space    used 12761K, committed 13056K, reserved 1048576K
}
Event: 54.407 GC heap after
{Heap after GC invocations=53 (full 0):
 garbage-first heap   total 164864K, used 92060K [0x0000000081c00000, 0x0000000100000000)
  region size 1024K, 7 young (7168K), 7 survivors (7168K)
 Metaspace       used 99464K, committed 100096K, reserved 1138688K
  class space    used 12761K, committed 13056K, reserved 1048576K
}
Event: 56.619 GC heap before
{Heap before GC invocations=53 (full 0):
 garbage-first heap   total 164864K, used 138140K [0x0000000081c00000, 0x0000000100000000)
  region size 1024K, 52 young (53248K), 7 survivors (7168K)
 Metaspace       used 101265K, committed 101952K, reserved 1138688K
  class space    used 13051K, committed 13376K, reserved 1048576K
}
Event: 56.639 GC heap after
{Heap after GC invocations=54 (full 0):
 garbage-first heap   total 164864K, used 95997K [0x0000000081c00000, 0x0000000100000000)
  region size 1024K, 4 young (4096K), 4 survivors (4096K)
 Metaspace       used 101265K, committed 101952K, reserved 1138688K
  class space    used 13051K, committed 13376K, reserved 1048576K
}
Event: 59.551 GC heap before
{Heap before GC invocations=54 (full 0):
 garbage-first heap   total 164864K, used 137981K [0x0000000081c00000, 0x0000000100000000)
  region size 1024K, 45 young (46080K), 4 survivors (4096K)
 Metaspace       used 102928K, committed 103616K, reserved 1138688K
  class space    used 13267K, committed 13632K, reserved 1048576K
}
Event: 59.560 GC heap after
{Heap after GC invocations=55 (full 0):
 garbage-first heap   total 164864K, used 97229K [0x0000000081c00000, 0x0000000100000000)
  region size 1024K, 2 young (2048K), 2 survivors (2048K)
 Metaspace       used 102928K, committed 103616K, reserved 1138688K
  class space    used 13267K, committed 13632K, reserved 1048576K
}
Event: 86.045 GC heap before
{Heap before GC invocations=55 (full 0):
 garbage-first heap   total 164864K, used 137165K [0x0000000081c00000, 0x0000000100000000)
  region size 1024K, 42 young (43008K), 2 survivors (2048K)
 Metaspace       used 106025K, committed 106688K, reserved 1146880K
  class space    used 13625K, committed 13952K, reserved 1048576K
}
Event: 86.053 GC heap after
{Heap after GC invocations=56 (full 0):
 garbage-first heap   total 164864K, used 99071K [0x0000000081c00000, 0x0000000100000000)
  region size 1024K, 4 young (4096K), 4 survivors (4096K)
 Metaspace       used 106025K, committed 106688K, reserved 1146880K
  class space    used 13625K, committed 13952K, reserved 1048576K
}

Deoptimization events (20 events):
Event: 87.562 Thread 0x0000014aea3bc580 DEOPT PACKING pc=0x0000014ace2f0bdc sp=0x000000055cdfea00
Event: 87.562 Thread 0x0000014aea3bc580 DEOPT UNPACKING pc=0x0000014acdc52b43 sp=0x000000055cdfdea8 mode 1
Event: 87.563 Thread 0x0000014aea3bc580 DEOPT PACKING pc=0x0000014ace248e64 sp=0x000000055cdfea60
Event: 87.563 Thread 0x0000014aea3bc580 DEOPT UNPACKING pc=0x0000014acdc52b43 sp=0x000000055cdfdf08 mode 1
Event: 87.563 Thread 0x0000014aea3bc580 DEOPT PACKING pc=0x0000014ace400664 sp=0x000000055cdfeac0
Event: 87.563 Thread 0x0000014aea3bc580 DEOPT UNPACKING pc=0x0000014acdc52b43 sp=0x000000055cdfdf68 mode 1
Event: 87.563 Thread 0x0000014aea3bc580 DEOPT PACKING pc=0x0000014ace58315c sp=0x000000055cdfeb30
Event: 87.563 Thread 0x0000014aea3bc580 DEOPT UNPACKING pc=0x0000014acdc52b43 sp=0x000000055cdfdff8 mode 1
Event: 87.563 Thread 0x0000014aea3bc580 DEOPT PACKING pc=0x0000014acf26e51c sp=0x000000055cdfecb0
Event: 87.563 Thread 0x0000014aea3bc580 DEOPT UNPACKING pc=0x0000014acdc52b43 sp=0x000000055cdfe1b8 mode 1
Event: 87.564 Thread 0x0000014aea3bc580 DEOPT PACKING pc=0x0000014acebfd3e4 sp=0x000000055cdfed70
Event: 87.564 Thread 0x0000014aea3bc580 DEOPT UNPACKING pc=0x0000014acdc52b43 sp=0x000000055cdfe1d0 mode 1
Event: 87.868 Thread 0x0000014aeb953ba0 DEOPT PACKING pc=0x0000014acf1b3ddf sp=0x000000055a6fe000
Event: 87.868 Thread 0x0000014aeb953ba0 DEOPT UNPACKING pc=0x0000014acdc52b43 sp=0x000000055a6fd470 mode 1
Event: 87.876 Thread 0x0000014aeb953ba0 DEOPT PACKING pc=0x0000014acf282cff sp=0x000000055a6ff1a0
Event: 87.876 Thread 0x0000014aeb953ba0 DEOPT UNPACKING pc=0x0000014acdc52b43 sp=0x000000055a6fe648 mode 0
Event: 87.882 Thread 0x0000014aeb953ba0 DEOPT PACKING pc=0x0000014acf282cff sp=0x000000055a6ff420
Event: 87.882 Thread 0x0000014aeb953ba0 DEOPT UNPACKING pc=0x0000014acdc52b43 sp=0x000000055a6fe8c8 mode 0
Event: 87.885 Thread 0x0000014aeb953ba0 DEOPT PACKING pc=0x0000014acf282cff sp=0x000000055a6ff500
Event: 87.885 Thread 0x0000014aeb953ba0 DEOPT UNPACKING pc=0x0000014acdc52b43 sp=0x000000055a6fe9b0 mode 0

Classes unloaded (1 events):
Event: 23.742 Thread 0x0000014ae3bd94f0 Unloading class 0x000000010066c000 'net/bytebuddy/mirror/AccessibleObject'

Classes redefined (0 events):
No events

Internal exceptions (20 events):
Event: 61.374 Thread 0x0000014aeb955880 Exception <a 'java/lang/ClassNotFoundException'{0x000000008a044c70}: java/lang/ObjectCustomizer> (0x000000008a044c70) 
thrown [s\src\hotspot\share\classfile\systemDictionary.cpp, line 256]
Event: 61.379 Thread 0x0000014aeb955880 Exception <a 'java/lang/ClassNotFoundException'{0x000000008a053338}: com/yuzee/app/bean/CourseCustomizer> (0x000000008a053338) 
thrown [s\src\hotspot\share\classfile\systemDictionary.cpp, line 256]
Event: 84.956 Thread 0x0000014aeb955880 Exception <a 'java/lang/ClassNotFoundException'{0x0000000089754f80}: java/lang/ObjectCustomizer> (0x0000000089754f80) 
thrown [s\src\hotspot\share\classfile\systemDictionary.cpp, line 256]
Event: 84.964 Thread 0x0000014aeb955880 Exception <a 'java/lang/ClassNotFoundException'{0x0000000089762b50}: com/yuzee/app/dto/CourseResponseDtoCustomizer> (0x0000000089762b50) 
thrown [s\src\hotspot\share\classfile\systemDictionary.cpp, line 256]
Event: 86.017 Thread 0x0000014aeb955880 Exception <a 'java/lang/NoSuchMethodError'{0x00000000896f3b70}: 'java.lang.Object java.lang.invoke.DirectMethodHandle$Holder.invokeStatic(java.lang.Object, int, java.lang.Object, java.lang.Object)'> (0x00000000896f3b70) 
thrown [s\src\hotspot\share\interpreter\linkResolver.cpp, line 759]
Event: 86.018 Thread 0x0000014aeb955880 Exception <a 'java/lang/NoSuchMethodError'{0x00000000896fb378}: 'java.lang.Object java.lang.invoke.DirectMethodHandle$Holder.newInvokeSpecial(java.lang.Object, int, java.lang.Object, java.lang.Object)'> (0x00000000896fb378) 
thrown [s\src\hotspot\share\interpreter\linkResolver.cpp, line 759]
Event: 86.019 Thread 0x0000014aeb955880 Exception <a 'java/lang/NoSuchMethodError'{0x00000000896ff698}: 'java.lang.Object java.lang.invoke.DirectMethodHandle$Holder.invokeSpecial(java.lang.Object, java.lang.Object, int, java.lang.Object, java.lang.Object)'> (0x00000000896ff698) 
thrown [s\src\hotspot\share\interpreter\linkResolver.cpp, line 759]
Event: 86.250 Thread 0x0000014aca562440 Exception <a 'java/lang/IncompatibleClassChangeError'{0x000000008ad14bd8}: Found class java.lang.Object, but interface was expected> (0x000000008ad14bd8) 
thrown [s\src\hotspot\share\interpreter\linkResolver.cpp, line 826]
Event: 86.255 Thread 0x0000014aca562440 Implicit null exception at 0x0000014ad5edd4bf to 0x0000014ad5edfc04
Event: 86.255 Thread 0x0000014aca562440 Implicit null exception at 0x0000014ad5b45f0f to 0x0000014ad5b46150
Event: 86.301 Thread 0x0000014ae56738b0 Exception <a 'java/io/IOException'{0x000000008ac00870}> (0x000000008ac00870) 
thrown [s\src\hotspot\share\prims\jni.cpp, line 516]
Event: 86.380 Thread 0x0000014aea3bcf20 Exception <a 'java/lang/InterruptedException'{0x000000008abc8628}: sleep interrupted> (0x000000008abc8628) 
thrown [s\src\hotspot\share\prims\jvm.cpp, line 3070]
Event: 86.909 Thread 0x0000014aea3b86f0 Exception <a 'java/lang/InterruptedException'{0x000000008a2d8e48}: sleep interrupted> (0x000000008a2d8e48) 
thrown [s\src\hotspot\share\prims\jvm.cpp, line 3070]
Event: 86.913 Thread 0x0000014aea3bd3f0 Exception <a 'java/io/IOException'{0x000000008a111310}> (0x000000008a111310) 
thrown [s\src\hotspot\share\prims\jni.cpp, line 516]
Event: 87.235 Thread 0x0000014aea3be260 Exception <a 'java/lang/InterruptedException'{0x000000008a11e330}: sleep interrupted> (0x000000008a11e330) 
thrown [s\src\hotspot\share\prims\jvm.cpp, line 3070]
Event: 87.248 Thread 0x0000014aea3b73b0 Exception <a 'java/io/IOException'{0x000000008a158480}> (0x000000008a158480) 
thrown [s\src\hotspot\share\prims\jni.cpp, line 516]
Event: 87.556 Thread 0x0000014aeb953ba0 Exception <a 'sun/net/ConnectionResetException'{0x000000008a153530}: Connection reset> (0x000000008a153530) 
thrown [s\src\hotspot\share\prims\jni.cpp, line 535]
Event: 87.558 Thread 0x0000014aea3bb240 Exception <a 'java/lang/InterruptedException'{0x000000008a15d250}: sleep interrupted> (0x000000008a15d250) 
thrown [s\src\hotspot\share\prims\jvm.cpp, line 3070]
Event: 87.561 Thread 0x0000014aea3bc580 Exception <a 'java/io/IOException'{0x000000008a160e00}> (0x000000008a160e00) 
thrown [s\src\hotspot\share\prims\jni.cpp, line 516]
Event: 87.869 Thread 0x0000014aea3b7d50 Exception <a 'java/lang/InterruptedException'{0x000000008a17bc28}: sleep interrupted> (0x000000008a17bc28) 
thrown [s\src\hotspot\share\prims\jvm.cpp, line 3070]

VM Operations (20 events):
Event: 77.247 Executing VM operation: Cleanup done
Event: 78.261 Executing VM operation: Cleanup
Event: 78.262 Executing VM operation: Cleanup done
Event: 79.274 Executing VM operation: Cleanup
Event: 79.274 Executing VM operation: Cleanup done
Event: 81.292 Executing VM operation: Cleanup
Event: 81.292 Executing VM operation: Cleanup done
Event: 82.304 Executing VM operation: Cleanup
Event: 82.305 Executing VM operation: Cleanup done
Event: 83.317 Executing VM operation: Cleanup
Event: 83.317 Executing VM operation: Cleanup done
Event: 84.330 Executing VM operation: Cleanup
Event: 84.330 Executing VM operation: Cleanup done
Event: 86.044 Executing VM operation: G1CollectForAllocation
Event: 86.053 Executing VM operation: G1CollectForAllocation done
Event: 86.062 Executing VM operation: HandshakeAllThreads
Event: 86.062 Executing VM operation: HandshakeAllThreads done
Event: 87.072 Executing VM operation: Cleanup
Event: 87.072 Executing VM operation: Cleanup done
Event: 87.913 Executing VM operation: Exit

Events (20 events):
Event: 86.389 Thread 0x0000014aeb95a580 Thread exited: 0x0000014aeb95a580
Event: 86.391 Thread 0x0000014aeb957560 Thread exited: 0x0000014aeb957560
Event: 86.395 loading class javax/management/NotificationBroadcasterSupport$WildcardListenerInfo
Event: 86.395 loading class javax/management/NotificationBroadcasterSupport$WildcardListenerInfo done
Event: 86.909 Thread 0x0000014aea3b86f0 Thread exited: 0x0000014aea3b86f0
Event: 86.911 loading class sun/security/ssl/Alert
Event: 86.911 loading class sun/security/ssl/Alert done
Event: 86.912 loading class sun/security/ssl/Alert$AlertConsumer
Event: 86.912 loading class sun/security/ssl/Alert$AlertConsumer done
Event: 86.912 loading class sun/security/ssl/Alert$Level
Event: 86.912 loading class sun/security/ssl/Alert$Level done
Event: 86.916 Thread 0x0000014aea3bd3f0 Thread exited: 0x0000014aea3bd3f0
Event: 87.235 Thread 0x0000014aea3be260 Thread exited: 0x0000014aea3be260
Event: 87.251 Thread 0x0000014aea3b73b0 Thread exited: 0x0000014aea3b73b0
Event: 87.559 Thread 0x0000014aea3bb240 Thread exited: 0x0000014aea3bb240
Event: 87.564 Thread 0x0000014aea3bc580 Thread exited: 0x0000014aea3bc580
Event: 87.870 Thread 0x0000014aea3b7d50 Thread exited: 0x0000014aea3b7d50
Event: 87.891 Thread 0x0000014aeb953ba0 Thread exited: 0x0000014aeb953ba0
Event: 87.910 Thread 0x0000014ae4b49690 Thread exited: 0x0000014ae4b49690
Event: 87.910 Thread 0x0000014ae48344c0 Thread exited: 0x0000014ae48344c0


Dynamic libraries:
0x00007ff63ade0000 - 0x00007ff63adee000 	C:\Users\BUYPC\Desktop\sts-4.16.0.RELEASE\plugins\org.eclipse.justj.openjdk.hotspot.jre.full.win32.x86_64_17.0.4.v20220903-1038\jre\bin\javaw.exe
0x00007ff90df50000 - 0x00007ff90e148000 	C:\Windows\SYSTEM32\ntdll.dll
0x00007ff8edc50000 - 0x00007ff8edc67000 	C:\Program Files\Avast Software\Avast\aswhook.dll
0x00007ff90d160000 - 0x00007ff90d21f000 	C:\Windows\System32\KERNEL32.DLL
0x00007ff90b980000 - 0x00007ff90bc52000 	C:\Windows\System32\KERNELBASE.dll
0x00007ff90b720000 - 0x00007ff90b820000 	C:\Windows\System32\ucrtbase.dll
0x00007ff8e9cc0000 - 0x00007ff8e9cd8000 	C:\Users\BUYPC\Desktop\sts-4.16.0.RELEASE\plugins\org.eclipse.justj.openjdk.hotspot.jre.full.win32.x86_64_17.0.4.v20220903-1038\jre\bin\jli.dll
0x00007ff90ccf0000 - 0x00007ff90ce8d000 	C:\Windows\System32\USER32.dll
0x00007ff90b6f0000 - 0x00007ff90b712000 	C:\Windows\System32\win32u.dll
0x00007ff90cc60000 - 0x00007ff90cc8b000 	C:\Windows\System32\GDI32.dll
0x00007ff90be90000 - 0x00007ff90bf9f000 	C:\Windows\System32\gdi32full.dll
0x00007ff90bcf0000 - 0x00007ff90bd8d000 	C:\Windows\System32\msvcp_win.dll
0x00007ff8f7d90000 - 0x00007ff8f7da9000 	C:\Users\BUYPC\Desktop\sts-4.16.0.RELEASE\plugins\org.eclipse.justj.openjdk.hotspot.jre.full.win32.x86_64_17.0.4.v20220903-1038\jre\bin\VCRUNTIME140.dll
0x00007ff8f80c0000 - 0x00007ff8f835a000 	C:\Windows\WinSxS\amd64_microsoft.windows.common-controls_6595b64144ccf1df_6.0.19041.1110_none_60b5254171f9507e\COMCTL32.dll
0x00007ff90d3c0000 - 0x00007ff90d45e000 	C:\Windows\System32\msvcrt.dll
0x00007ff90cfb0000 - 0x00007ff90cfe2000 	C:\Windows\System32\IMM32.DLL
0x00007ff907980000 - 0x00007ff90798c000 	C:\Users\BUYPC\Desktop\sts-4.16.0.RELEASE\plugins\org.eclipse.justj.openjdk.hotspot.jre.full.win32.x86_64_17.0.4.v20220903-1038\jre\bin\vcruntime140_1.dll
0x00007ff8f3b40000 - 0x00007ff8f3bd1000 	C:\Users\BUYPC\Desktop\sts-4.16.0.RELEASE\plugins\org.eclipse.justj.openjdk.hotspot.jre.full.win32.x86_64_17.0.4.v20220903-1038\jre\bin\msvcp140.dll
0x00007ff8da0c0000 - 0x00007ff8dad06000 	C:\Users\BUYPC\Desktop\sts-4.16.0.RELEASE\plugins\org.eclipse.justj.openjdk.hotspot.jre.full.win32.x86_64_17.0.4.v20220903-1038\jre\bin\server\jvm.dll
0x00007ff90c1b0000 - 0x00007ff90c25e000 	C:\Windows\System32\ADVAPI32.dll
0x00007ff90d050000 - 0x00007ff90d0ec000 	C:\Windows\System32\sechost.dll
0x00007ff90d230000 - 0x00007ff90d355000 	C:\Windows\System32\RPCRT4.dll
0x00007ff90cae0000 - 0x00007ff90cae8000 	C:\Windows\System32\PSAPI.DLL
0x00007ff8fbc90000 - 0x00007ff8fbc99000 	C:\Windows\SYSTEM32\WSOCK32.dll
0x00007ff90d0f0000 - 0x00007ff90d15b000 	C:\Windows\System32\WS2_32.dll
0x00007ff8f5520000 - 0x00007ff8f5547000 	C:\Windows\SYSTEM32\WINMM.dll
0x00007ff902a10000 - 0x00007ff902a1a000 	C:\Windows\SYSTEM32\VERSION.dll
0x00007ff9096b0000 - 0x00007ff9096c2000 	C:\Windows\SYSTEM32\kernel.appcore.dll
0x00007ff907650000 - 0x00007ff90765a000 	C:\Users\BUYPC\Desktop\sts-4.16.0.RELEASE\plugins\org.eclipse.justj.openjdk.hotspot.jre.full.win32.x86_64_17.0.4.v20220903-1038\jre\bin\jimage.dll
0x00007ff902150000 - 0x00007ff902334000 	C:\Windows\SYSTEM32\DBGHELP.DLL
0x00007ff901fc0000 - 0x00007ff901fec000 	C:\Windows\SYSTEM32\dbgcore.DLL
0x00007ff90bc60000 - 0x00007ff90bce2000 	C:\Windows\System32\bcryptPrimitives.dll
0x00007ff8f7760000 - 0x00007ff8f779b000 	C:\Users\BUYPC\Desktop\sts-4.16.0.RELEASE\plugins\org.eclipse.justj.openjdk.hotspot.jre.full.win32.x86_64_17.0.4.v20220903-1038\jre\bin\jdwp.dll
0x00007ff907970000 - 0x00007ff90797e000 	C:\Users\BUYPC\Desktop\sts-4.16.0.RELEASE\plugins\org.eclipse.justj.openjdk.hotspot.jre.full.win32.x86_64_17.0.4.v20220903-1038\jre\bin\instrument.dll
0x00007ff8e9c90000 - 0x00007ff8e9cb5000 	C:\Users\BUYPC\Desktop\sts-4.16.0.RELEASE\plugins\org.eclipse.justj.openjdk.hotspot.jre.full.win32.x86_64_17.0.4.v20220903-1038\jre\bin\java.dll
0x00007ff8e0e00000 - 0x00007ff8e0e18000 	C:\Users\BUYPC\Desktop\sts-4.16.0.RELEASE\plugins\org.eclipse.justj.openjdk.hotspot.jre.full.win32.x86_64_17.0.4.v20220903-1038\jre\bin\zip.dll
0x00007ff90d610000 - 0x00007ff90dd53000 	C:\Windows\System32\SHELL32.dll
0x00007ff9096d0000 - 0x00007ff909e62000 	C:\Windows\SYSTEM32\windows.storage.dll
0x00007ff90c6d0000 - 0x00007ff90ca24000 	C:\Windows\System32\combase.dll
0x00007ff90aef0000 - 0x00007ff90af20000 	C:\Windows\SYSTEM32\Wldp.dll
0x00007ff90ca30000 - 0x00007ff90cadd000 	C:\Windows\System32\SHCORE.dll
0x00007ff90cc90000 - 0x00007ff90cce5000 	C:\Windows\System32\shlwapi.dll
0x00007ff90b590000 - 0x00007ff90b5af000 	C:\Windows\SYSTEM32\profapi.dll
0x00007ff9069d0000 - 0x00007ff9069dc000 	C:\Users\BUYPC\Desktop\sts-4.16.0.RELEASE\plugins\org.eclipse.justj.openjdk.hotspot.jre.full.win32.x86_64_17.0.4.v20220903-1038\jre\bin\dt_socket.dll
0x00007ff90a9e0000 - 0x00007ff90aa1b000 	C:\Windows\SYSTEM32\IPHLPAPI.DLL
0x00007ff90acd0000 - 0x00007ff90ad3a000 	C:\Windows\system32\mswsock.dll
0x00007ff90aa30000 - 0x00007ff90aafa000 	C:\Windows\SYSTEM32\DNSAPI.dll
0x00007ff90cb80000 - 0x00007ff90cb88000 	C:\Windows\System32\NSI.dll
0x00007ff902570000 - 0x00007ff90257a000 	C:\Windows\System32\rasadhlp.dll
0x00007ff8fd500000 - 0x00007ff8fd580000 	C:\Windows\System32\fwpuclnt.dll
0x00007ff90b650000 - 0x00007ff90b677000 	C:\Windows\System32\bcrypt.dll
0x00007ff8e0de0000 - 0x00007ff8e0df9000 	C:\Users\BUYPC\Desktop\sts-4.16.0.RELEASE\plugins\org.eclipse.justj.openjdk.hotspot.jre.full.win32.x86_64_17.0.4.v20220903-1038\jre\bin\net.dll
0x00007ff8fd580000 - 0x00007ff8fd68c000 	C:\Windows\SYSTEM32\WINHTTP.dll
0x00007ff8e0380000 - 0x00007ff8e0395000 	C:\Users\BUYPC\Desktop\sts-4.16.0.RELEASE\plugins\org.eclipse.justj.openjdk.hotspot.jre.full.win32.x86_64_17.0.4.v20220903-1038\jre\bin\nio.dll
0x00007ff8f76e0000 - 0x00007ff8f76f0000 	C:\Users\BUYPC\Desktop\sts-4.16.0.RELEASE\plugins\org.eclipse.justj.openjdk.hotspot.jre.full.win32.x86_64_17.0.4.v20220903-1038\jre\bin\verify.dll
0x00007ff902390000 - 0x00007ff9023a7000 	C:\Windows\SYSTEM32\dhcpcsvc6.DLL
0x00007ff9028d0000 - 0x00007ff9028ed000 	C:\Windows\SYSTEM32\dhcpcsvc.DLL
0x00007ff90b280000 - 0x00007ff90b298000 	C:\Windows\SYSTEM32\CRYPTSP.dll
0x00007ff90a610000 - 0x00007ff90a644000 	C:\Windows\system32\rsaenh.dll
0x00007ff90b510000 - 0x00007ff90b53e000 	C:\Windows\SYSTEM32\USERENV.dll
0x00007ff90ae60000 - 0x00007ff90ae6c000 	C:\Windows\SYSTEM32\CRYPTBASE.dll
0x00007ff906550000 - 0x00007ff906559000 	C:\Users\BUYPC\Desktop\sts-4.16.0.RELEASE\plugins\org.eclipse.justj.openjdk.hotspot.jre.full.win32.x86_64_17.0.4.v20220903-1038\jre\bin\management.dll
0x00007ff906230000 - 0x00007ff90623b000 	C:\Users\BUYPC\Desktop\sts-4.16.0.RELEASE\plugins\org.eclipse.justj.openjdk.hotspot.jre.full.win32.x86_64_17.0.4.v20220903-1038\jre\bin\management_ext.dll
0x00007ff8f0ab0000 - 0x00007ff8f0ac7000 	C:\Windows\system32\napinsp.dll
0x00007ff8f0a90000 - 0x00007ff8f0aab000 	C:\Windows\system32\pnrpnsp.dll
0x00007ff904e50000 - 0x00007ff904e65000 	C:\Windows\system32\wshbth.dll
0x00007ff906960000 - 0x00007ff90697d000 	C:\Windows\system32\NLAapi.dll
0x00007ff8f09c0000 - 0x00007ff8f09d2000 	C:\Windows\System32\winrnr.dll
0x00007ff907990000 - 0x00007ff90799e000 	C:\Users\BUYPC\Desktop\sts-4.16.0.RELEASE\plugins\org.eclipse.justj.openjdk.hotspot.jre.full.win32.x86_64_17.0.4.v20220903-1038\jre\bin\sunmscapi.dll
0x00007ff90b820000 - 0x00007ff90b976000 	C:\Windows\System32\CRYPT32.dll
0x00007ff90af60000 - 0x00007ff90af87000 	C:\Windows\SYSTEM32\ncrypt.dll
0x00007ff90af20000 - 0x00007ff90af5b000 	C:\Windows\SYSTEM32\NTASN1.dll
0x00007ff907700000 - 0x00007ff907707000 	C:\Windows\system32\wshunix.dll

dbghelp: loaded successfully - version: 4.0.5 - missing functions: none
symbol engine: initialized successfully - sym options: 0x614 - pdb path: .;C:\Users\BUYPC\Desktop\sts-4.16.0.RELEASE\plugins\org.eclipse.justj.openjdk.hotspot.jre.full.win32.x86_64_17.0.4.v20220903-1038\jre\bin;C:\Windows\SYSTEM32;C:\Program Files\Avast Software\Avast;C:\Windows\WinSxS\amd64_microsoft.windows.common-controls_6595b64144ccf1df_6.0.19041.1110_none_60b5254171f9507e;C:\Users\BUYPC\Desktop\sts-4.16.0.RELEASE\plugins\org.eclipse.justj.openjdk.hotspot.jre.full.win32.x86_64_17.0.4.v20220903-1038\jre\bin\server

VM Arguments:
jvm_args: -XX:+ShowCodeDetailsInExceptionMessages -agentlib:jdwp=transport=dt_socket,suspend=y,address=localhost:58808 -ea -javaagent:C:\Users\BUYPC\Desktop\sts-4.16.0.RELEASE\configuration\org.eclipse.osgi\268\0\.cp\lib\javaagent-shaded.jar -Dfile.encoding=UTF-8 
java_command: org.eclipse.jdt.internal.junit.runner.RemoteTestRunner -version 3 -port 58807 -testLoaderClass org.eclipse.jdt.internal.junit5.runner.JUnit5TestLoader -loaderpluginname org.eclipse.jdt.junit5.runtime -test com.yuzee.app.controller.CourseControllerTest:getCourseKeywordRecommendation
java_class_path (initial): C:\Users\BUYPC\Desktop\yuzee-backend-institute-api\target\test-classes;C:\Users\BUYPC\Desktop\yuzee-backend-institute-api\target\classes;C:\Users\BUYPC\.m2\repository\org\apache\commons\commons-lang3\3.11\commons-lang3-3.11.jar;C:\Users\BUYPC\.m2\repository\org\projectlombok\lombok\1.18.20\lombok-1.18.20.jar;C:\Users\BUYPC\.m2\repository\junit\junit\4.12\junit-4.12.jar;C:\Users\BUYPC\.m2\repository\org\hamcrest\hamcrest-core\2.2\hamcrest-core-2.2.jar;C:\Users\BUYPC\.m2\repository\org\springframework\boot\spring-boot-starter-web\2.4.5\spring-boot-starter-web-2.4.5.jar;C:\Users\BUYPC\.m2\repository\org\springframework\boot\spring-boot-starter\2.4.5\spring-boot-starter-2.4.5.jar;C:\Users\BUYPC\.m2\repository\org\springframework\boot\spring-boot-starter-logging\2.4.5\spring-boot-starter-logging-2.4.5.jar;C:\Users\BUYPC\.m2\repository\ch\qos\logback\logback-classic\1.2.3\logback-classic-1.2.3.jar;C:\Users\BUYPC\.m2\repository\ch\qos\logback\logback-core\1.2.3\logback-core-1.2.3.jar;C:\Users\BUYPC\.m2\repository\org\apache\logging\log4j\log4j-to-slf4j\2.13.3\log4j-to-slf4j-2.13.3.jar;C:\Users\BUYPC\.m2\repository\org\apache\logging\log4j\log4j-api\2.13.3\log4j-api-2.13.3.jar;C:\Users\BUYPC\.m2\repository\org\slf4j\jul-to-slf4j\1.7.30\jul-to-slf4j-1.7.30.jar;C:\Users\BUYPC\.m2\repository\org\yaml\snakeyaml\1.27\snakeyaml-1.27.jar;C:\Users\BUYPC\.m2\repository\org\springframework\boot\spring-boot-starter-json\2.4.5\spring-boot-starter-json-2.4.5.jar;C:\Users\BUYPC\.m2\repository\com\fasterxml\jackson\datatype\jackson-datatype-jdk8\2.11.4\jackson-datatype-jdk8-2.11.4.jar;C:\Users\BUYPC\.m2\repository\com\fasterxml\jackson\datatype\jackson-datatype-jsr310\2.11.4\jackson-datatype-jsr310-2.11.4.jar;C:\Users\BUYPC\.m2\repository\com\fasterxml\jackson\module\jackson-module-parameter-names\2.11.4\jackson-module-parameter-names-2.11.4.jar;C:\Users\BUYPC\.m2\repository\org\springframework\spring-web\5.3.6\spring-web-5.3.6.jar;C:\Users\BUYPC\.m2\repositor
Launcher Type: SUN_STANDARD

[Global flags]
     intx CICompilerCount                          = 3                                         {product} {ergonomic}
     uint ConcGCThreads                            = 1                                         {product} {ergonomic}
     uint G1ConcRefinementThreads                  = 4                                         {product} {ergonomic}
   size_t G1HeapRegionSize                         = 1048576                                   {product} {ergonomic}
    uintx GCDrainStackTargetSize                   = 64                                        {product} {ergonomic}
   size_t InitialHeapSize                          = 134217728                                 {product} {ergonomic}
   size_t MarkStackSize                            = 4194304                                   {product} {ergonomic}
   size_t MaxHeapSize                              = 2118123520                                {product} {ergonomic}
   size_t MaxNewSize                               = 1270874112                                {product} {ergonomic}
   size_t MinHeapDeltaBytes                        = 1048576                                   {product} {ergonomic}
   size_t MinHeapSize                              = 8388608                                   {product} {ergonomic}
    uintx NonNMethodCodeHeapSize                   = 5832780                                {pd product} {ergonomic}
    uintx NonProfiledCodeHeapSize                  = 122912730                              {pd product} {ergonomic}
    uintx ProfiledCodeHeapSize                     = 122912730                              {pd product} {ergonomic}
    uintx ReservedCodeCacheSize                    = 251658240                              {pd product} {ergonomic}
     bool SegmentedCodeCache                       = true                                      {product} {ergonomic}
     bool ShowCodeDetailsInExceptionMessages       = true                                   {manageable} {command line}
   size_t SoftMaxHeapSize                          = 2118123520                             {manageable} {ergonomic}
     bool UseCompressedClassPointers               = true                           {product lp64_product} {ergonomic}
     bool UseCompressedOops                        = true                           {product lp64_product} {ergonomic}
     bool UseG1GC                                  = true                                      {product} {ergonomic}
     bool UseLargePagesIndividualAllocation        = false                                  {pd product} {ergonomic}

Logging:
Log output configuration:
 #0: stdout all=warning uptime,level,tags
 #1: stderr all=off uptime,level,tags

Environment Variables:
JAVA_HOME=C:\Program Files\Java\jdk-17.0.2
PATH=C:\Users\BUYPC\Desktop\sts-4.16.0.RELEASE\plugins\org.eclipse.justj.openjdk.hotspot.jre.full.win32.x86_64_17.0.4.v20220903-1038\jre\bin;C:/Users/BUYPC/Desktop/sts-4.16.0.RELEASE//plugins/org.eclipse.justj.openjdk.hotspot.jre.full.win32.x86_64_17.0.4.v20220903-1038/jre/bin/server;C:/Users/BUYPC/Desktop/sts-4.16.0.RELEASE//plugins/org.eclipse.justj.openjdk.hotspot.jre.full.win32.x86_64_17.0.4.v20220903-1038/jre/bin;C:\Program Files\Common Files\Oracle\Java\javapath;C:\Program Files\Java\jdk-16.0.2\bin;C:\Windows\system32;C:\Windows;C:\Windows\System32\Wbem;C:\Windows\System32\WindowsPowerShell\v1.0\;C:\Windows\System32\OpenSSH\;C:\Users\BUYPC\Desktop\apache-maven-3.8.4-bin\apache-maven-3.8.4\bin;C:\Program Files\Git\cmd;C:\Program Files\nodejs\;C:\ProgramData\Microsoft\Windows\Start Menu\Programs\MySQL\MySQL Server 8.0;C:\Users\BUYPC\Downloads\sonarqube-8.9.9.56886\sonarqube-8.9.9.56886\bin;;C:\Program Files\Docker\Docker\resources\bin;C:\Program Files\MySQL\MySQL Shell 8.0\bin\;C:\Users\BUYPC\AppData\Local\Microsoft\WindowsApps;C:\Users\BUYPC\AppData\Roaming\npm;C:\Users\BUYPC\AppData\Local\Programs\Microsoft VS Code\bin;C:\Users\BUYPC\Desktop\;C:\Users\BUYPC\Desktop\sts-4.16.0.RELEASE;
USERNAME=BUYPC
OS=Windows_NT
PROCESSOR_IDENTIFIER=Intel64 Family 6 Model 42 Stepping 7, GenuineIntel
TMP=C:\Users\BUYPC\AppData\Local\Temp
TEMP=C:\Users\BUYPC\AppData\Local\Temp



---------------  S Y S T E M  ---------------

OS:
 Windows 10 , 64 bit Build 19041 (10.0.19041.2251)
OS uptime: 0 days 7:16 hours
Hyper-V role detected

CPU: total 4 (initial active 4) (2 cores per cpu, 2 threads per core) family 6 model 42 stepping 7 microcode 0x2f, cx8, cmov, fxsr, ht, mmx, sse, sse2, sse3, ssse3, sse4.1, sse4.2, popcnt, tsc, tscinvbit, avx, aes, clmul, vzeroupper, clflush, hv

Memory: 4k page, system-wide physical 8073M (307M free)
TotalPageFile size 12937M (AvailPageFile size 2298M)
current process WorkingSet (physical memory assigned to process): 535M, peak: 562M
current process commit charge ("private bytes"): 561M, peak: 589M

vm_info: OpenJDK 64-Bit Server VM (17.0.4.1+1) for windows-amd64 JRE (17.0.4.1+1), built on Aug 17 2022 07:42:43 by "temurin" with MS VC++ 16.7 (VS2019)

END.
