#
# A fatal error has been detected by the Java Runtime Environment:
#
#  EXCEPTION_ACCESS_VIOLATION (0xc0000005) at pc=0x00007ff83532787a, pid=2944, tid=7464
#
# JRE version: OpenJDK Runtime Environment Temurin-17.0.4.1+1 (17.0.4.1+1) (build 17.0.4.1+1)
# Java VM: OpenJDK 64-Bit Server VM Temurin-17.0.4.1+1 (17.0.4.1+1, mixed mode, tiered, compressed oops, compressed class ptrs, g1 gc, windows-amd64)
# Problematic frame:
# V  [jvm.dll+0x56787a]
#
# No core dump will be written. Minidumps are not enabled by default on client versions of Windows
#
# If you would like to submit a bug report, please visit:
#   https://github.com/adoptium/adoptium-support/issues
#

---------------  S U M M A R Y ------------

Command Line: -XX:+ShowCodeDetailsInExceptionMessages -agentlib:jdwp=transport=dt_socket,suspend=y,address=localhost:64527 -ea -javaagent:C:\Users\BUYPC\Desktop\sts-4.16.0.RELEASE\configuration\org.eclipse.osgi\268\0\.cp\lib\javaagent-shaded.jar -Dfile.encoding=UTF-8 org.eclipse.jdt.internal.junit.runner.RemoteTestRunner -version 3 -port 64526 -testLoaderClass org.eclipse.jdt.internal.junit5.runner.JUnit5TestLoader -loaderpluginname org.eclipse.jdt.junit5.runtime -test testController.CourseControllerTest:AddCourses

Host: Intel(R) Core(TM) i7-2640M CPU @ 2.80GHz, 4 cores, 7G,  Windows 10 , 64 bit Build 19041 (10.0.19041.1889)
Time: Thu Nov 10 07:30:58 2022 Pacific Standard Time elapsed time: 265.704726 seconds (0d 0h 4m 25s)

---------------  T H R E A D  ---------------

Current thread (0x00000217ad942ba0):  VMThread "VM Thread" [stack: 0x0000009140300000,0x0000009140400000] [id=7464]

Stack: [0x0000009140300000,0x0000009140400000],  sp=0x00000091403fef90,  free space=1019k
Native frames: (J=compiled Java code, j=interpreted, Vv=VM code, C=native code)
V  [jvm.dll+0x56787a]
V  [jvm.dll+0x5638e9]
V  [jvm.dll+0x563999]
V  [jvm.dll+0x837fe1]
V  [jvm.dll+0x83853b]
V  [jvm.dll+0x839274]
V  [jvm.dll+0x83978c]
V  [jvm.dll+0x839b64]
V  [jvm.dll+0x839c30]
V  [jvm.dll+0x7e240a]
V  [jvm.dll+0x6761a5]
C  [ucrtbase.dll+0x21bb2]
C  [KERNEL32.DLL+0x17034]
C  [ntdll.dll+0x526a1]


siginfo: EXCEPTION_ACCESS_VIOLATION (0xc0000005), reading address 0x0000080000000050


Register to memory mapping:

RIP=0x00007ff83532787a jvm.dll
RAX=0x0000000000000001 is an unknown value
RBX=0x0000080000000000 is an unknown value
RCX=0x0000080000000028 is an unknown value
RDX=0x0000021792190000 points into unknown readable memory: 0x0000000000000000 | 00 00 00 00 00 00 00 00
RSP=0x00000091403fef90 points into unknown readable memory: 0x00000217ad942ba0 | a0 2b 94 ad 17 02 00 00
RBP=0x0 is NULL
RSI=0x000000000000000f is an unknown value
RDI=0x0000000000000002 is an unknown value
R8 =0x00000217920d0fc0 points into unknown readable memory: 0x00000217920d0cc0 | c0 0c 0d 92 17 02 00 00
R9 =0x0000000000000001 is an unknown value
R10=0x0000000000008000 is an unknown value
R11=0x00000091403feef0 points into unknown readable memory: 0x000000000000001f | 1f 00 00 00 00 00 00 00
R12=0x00000217ad942ba0 points into unknown readable memory: 0x00007ff8357aa500 | 00 a5 7a 35 f8 7f 00 00
R13=0x00000217ad8fde40 points into unknown readable memory: 0x8000000800000001 | 01 00 00 00 08 00 00 80
R14=0x0000000000000001 is an unknown value
R15=0x000000000000001f is an unknown value


Registers:
RAX=0x0000000000000001, RBX=0x0000080000000000, RCX=0x0000080000000028, RDX=0x0000021792190000
RSP=0x00000091403fef90, RBP=0x0000000000000000, RSI=0x000000000000000f, RDI=0x0000000000000002
R8 =0x00000217920d0fc0, R9 =0x0000000000000001, R10=0x0000000000008000, R11=0x00000091403feef0
R12=0x00000217ad942ba0, R13=0x00000217ad8fde40, R14=0x0000000000000001, R15=0x000000000000001f
RIP=0x00007ff83532787a, EFLAGS=0x0000000000010206

Top of Stack: (sp=0x00000091403fef90)
0x00000091403fef90:   00000217ad942ba0 0000000000000000
0x00000091403fefa0:   0000000000000000 0000000000000000
0x00000091403fefb0:   0000000000000002 00007ff8353238e9
0x00000091403fefc0:   0000080000000000 0000000000000000
0x00000091403fefd0:   000000000000000f fffffffffffe7960
0x00000091403fefe0:   00000217ad8fde10 00007ff835323999
0x00000091403feff0:   00000217ad942ba0 000000000000000f
0x00000091403ff000:   00000091403ff0d0 00007ff8357980d8
0x00000091403ff010:   00000217ad942ba0 00007ff8355f7fe1
0x00000091403ff020:   00000217b8e6e770 0000000000000000
0x00000091403ff030:   0000000000000001 0000000000000001
0x00000091403ff040:   0000000000000000 0000000000000007
0x00000091403ff050:   0000000000000000 00000217ad942ba0
0x00000091403ff060:   00000217b8e6e770 00007ff800000100
0x00000091403ff070:   0000000000000000 00000217b4043b70
0x00000091403ff080:   00007ff800000000 000011f90000000f 

Instructions: (pc=0x00007ff83532787a)
0x00007ff83532777a:   00 41 5f 41 5e 41 5d 41 5c 5f 5e 5d c3 cc cc cc
0x00007ff83532778a:   cc cc cc cc cc cc 48 89 5c 24 08 48 89 74 24 10
0x00007ff83532779a:   57 48 83 ec 20 49 63 d8 48 8b fa 45 33 c0 48 8b
0x00007ff8353277aa:   f1 41 8d 50 10 8d 4a 08 e8 39 eb b3 ff 4c 8b c8
0x00007ff8353277ba:   48 85 c0 74 11 48 c7 40 08 00 00 00 00 c7 40 14
0x00007ff8353277ca:   00 00 00 00 eb 03 45 33 c9 49 89 39 41 89 59 10
0x00007ff8353277da:   48 8b 0c de 49 89 49 08 48 85 c9 74 15 39 59 10
0x00007ff8353277ea:   75 10 48 8b 41 08 49 89 41 08 48 8b c8 48 85 c0
0x00007ff8353277fa:   75 eb 83 fb 05 7f 29 ba 06 00 00 00 48 8d 4e 28
0x00007ff83532780a:   2b d3 0f 1f 40 00 48 8b 01 48 85 c0 74 05 39 58
0x00007ff83532781a:   10 7d 03 4c 89 09 48 83 e9 08 48 83 ea 01 75 e6
0x00007ff83532782a:   48 8b 46 28 48 85 c0 74 2c 49 3b c1 74 0a 49 8b
0x00007ff83532783a:   49 08 48 39 48 08 74 19 48 8b 40 08 48 85 c0 75
0x00007ff83532784a:   e8 48 8b 5c 24 30 48 8b 74 24 38 48 83 c4 20 5f
0x00007ff83532785a:   c3 4c 89 48 08 48 8b 5c 24 30 48 8b 74 24 38 48
0x00007ff83532786a:   83 c4 20 5f c3 cc 48 89 5c 24 08 57 48 83 ec 20
0x00007ff83532787a:   48 8b 79 28 33 c0 48 89 41 08 48 8b d9 48 89 41
0x00007ff83532788a:   10 48 89 41 18 48 89 41 20 48 89 41 28 e8 74 0c
0x00007ff83532789a:   10 00 0f 1f 40 00 8b 43 30 85 c0 75 f9 48 85 ff
0x00007ff8353278aa:   74 18 0f 1f 40 00 48 8b 5f 08 48 8b cf e8 b4 e9
0x00007ff8353278ba:   b3 ff 48 8b fb 48 85 db 75 ec 48 8b 5c 24 30 48
0x00007ff8353278ca:   83 c4 20 5f c3 cc b8 ff ff ff ff f0 0f c1 41 30
0x00007ff8353278da:   ff c8 c3 cc cc cc 48 8b 41 28 48 85 c0 74 15 0f
0x00007ff8353278ea:   1f 80 00 00 00 00 48 3b 10 74 0b 48 8b 40 08 48
0x00007ff8353278fa:   85 c0 75 f2 33 c0 c3 cc cc cc cc cc cc cc cc cc
0x00007ff83532790a:   cc cc cc cc cc cc b8 01 00 00 00 f0 0f c1 41 30
0x00007ff83532791a:   ff c0 c3 cc cc cc 48 89 5c 24 08 57 48 83 ec 20
0x00007ff83532792a:   48 8b da 48 8b f9 48 39 51 08 75 08 48 8b 42 08
0x00007ff83532793a:   48 89 41 08 48 39 59 10 75 08 48 8b 42 08 48 89
0x00007ff83532794a:   41 10 48 39 59 18 75 08 48 8b 42 08 48 89 41 18
0x00007ff83532795a:   48 39 59 20 75 08 48 8b 42 08 48 89 41 20 48 8b
0x00007ff83532796a:   41 28 48 3b c3 75 08 48 8b 42 08 48 89 41 28 48 


Stack slot to memory mapping:
stack at sp + 0 slots: 0x00000217ad942ba0 points into unknown readable memory: 0x00007ff8357aa500 | 00 a5 7a 35 f8 7f 00 00
stack at sp + 1 slots: 0x0 is NULL
stack at sp + 2 slots: 0x0 is NULL
stack at sp + 3 slots: 0x0 is NULL
stack at sp + 4 slots: 0x0000000000000002 is an unknown value
stack at sp + 5 slots: 0x00007ff8353238e9 jvm.dll
stack at sp + 6 slots: 0x0000080000000000 is an unknown value
stack at sp + 7 slots: 0x0 is NULL

VM_Operation (0x000000913fdff2b0): Exit, mode: safepoint, requested by thread 0x00000217942833c0


---------------  P R O C E S S  ---------------

Threads class SMR info:
_java_thread_list=0x00000217b8e6e770, length=15, elements={
0x00000217942833c0, 0x00000217ad9497e0, 0x00000217ad94a8d0, 0x00000217ae4352a0,
0x00000217ae435c50, 0x00000217ae436600, 0x00000217ae4438b0, 0x00000217ae444350,
0x00000217ae446d50, 0x00000217ae6edd30, 0x00000217ae75f980, 0x00000217ae76cfe0,
0x00000217af6429d0, 0x00000217b0e25cc0, 0x00000217b8ff8980
}

Java Threads: ( => current thread )
  0x00000217942833c0 JavaThread "main" [_thread_blocked, id=11176, stack(0x000000913fd00000,0x000000913fe00000)]
  0x00000217ad9497e0 JavaThread "Reference Handler" daemon [_thread_blocked, id=11792, stack(0x0000009140400000,0x0000009140500000)]
  0x00000217ad94a8d0 JavaThread "Finalizer" daemon [_thread_blocked, id=12992, stack(0x0000009140500000,0x0000009140600000)]
  0x00000217ae4352a0 JavaThread "Attach Listener" daemon [_thread_blocked, id=11680, stack(0x0000009140700000,0x0000009140800000)]
  0x00000217ae435c50 JavaThread "Service Thread" daemon [_thread_blocked, id=3240, stack(0x0000009140800000,0x0000009140900000)]
  0x00000217ae436600 JavaThread "Monitor Deflation Thread" daemon [_thread_blocked, id=13464, stack(0x0000009140900000,0x0000009140a00000)]
  0x00000217ae4438b0 JavaThread "C2 CompilerThread0" daemon [_thread_blocked, id=10612, stack(0x0000009140a00000,0x0000009140b00000)]
  0x00000217ae444350 JavaThread "C1 CompilerThread0" daemon [_thread_blocked, id=10880, stack(0x0000009140b00000,0x0000009140c00000)]
  0x00000217ae446d50 JavaThread "Sweeper thread" daemon [_thread_blocked, id=7192, stack(0x0000009140c00000,0x0000009140d00000)]
  0x00000217ae6edd30 JavaThread "Common-Cleaner" daemon [_thread_blocked, id=13252, stack(0x0000009140d00000,0x0000009140e00000)]
  0x00000217ae75f980 JavaThread "JDWP Transport Listener: dt_socket" daemon [_thread_blocked, id=6476, stack(0x0000009140e00000,0x0000009140f00000)]
  0x00000217ae76cfe0 JavaThread "JDWP Event Helper Thread" daemon [_thread_blocked, id=9796, stack(0x0000009140f00000,0x0000009141000000)]
  0x00000217af6429d0 JavaThread "Notification Thread" daemon [_thread_blocked, id=5004, stack(0x0000009141500000,0x0000009141600000)]
  0x00000217b0e25cc0 JavaThread "mysql-cj-abandoned-connection-cleanup" daemon [_thread_blocked, id=11484, stack(0x0000009141e00000,0x0000009141f00000)]
  0x00000217b8ff8980 JavaThread "Thread-5" daemon [_thread_in_native, id=13580, stack(0x000000913fb00000,0x000000913fc00000)]

Other Threads:
=>0x00000217ad942ba0 VMThread "VM Thread" [stack: 0x0000009140300000,0x0000009140400000] [id=7464]
  0x00000217942defe0 GCTaskThread "GC Thread#0" [stack: 0x000000913fe00000,0x000000913ff00000] [id=11552]
  0x00000217af338d20 GCTaskThread "GC Thread#1" [stack: 0x0000009141100000,0x0000009141200000] [id=9916]
  0x00000217af121f00 GCTaskThread "GC Thread#2" [stack: 0x0000009141200000,0x0000009141300000] [id=9728]
  0x00000217af3ee830 GCTaskThread "GC Thread#3" [stack: 0x0000009141300000,0x0000009141400000] [id=10184]
  0x00000217942f0340 ConcurrentGCThread "G1 Main Marker" terminated
  0x00000217942f1d60 ConcurrentGCThread "G1 Conc#0" [stack: 0x0000009140000000,0x0000009140100000] [id=6600]
  0x000002179432ddd0 ConcurrentGCThread "G1 Refine#0" terminated
  0x00000217b2aa98e0 ConcurrentGCThread "G1 Refine#1" terminated
  0x000002179432e7f0 ConcurrentGCThread "G1 Service" terminated

Threads with active compile tasks:
C2 CompilerThread0  
[error occurred during error reporting (printing all threads), id 0xc0000005, EXCEPTION_ACCESS_VIOLATION (0xc0000005) at pc=0x00007ff8355b0b83]

VM state: at safepoint (shutting down)

VM Mutex/Monitor currently owned by a thread:  ([mutex/lock_event])
[0x000002179427dfc0] Threads_lock - owner thread: 0x00000217ad942ba0
[0x000002179427f7f0] Heap_lock - owner thread: 0x00000217942833c0

Heap address: 0x0000000081c00000, size: 2020 MB, Compressed Oops mode: 32-bit

CDS archive(s) not mapped
Compressed class space mapped at: 0x0000000100000000-0x0000000140000000, reserved size: 1073741824
Narrow klass base: 0x0000000000000000, Narrow klass shift: 3, Narrow klass range: 0x140000000

GC Precious Log:
 CPUs: 4 total, 4 available
 Memory: 8073M
 Large Page Support: Disabled
 NUMA Support: Disabled
 Compressed Oops: Enabled (32-bit)
 Heap Region Size: 1M
 Heap Min Capacity: 8M
 Heap Initial Capacity: 128M
 Heap Max Capacity: 2020M
 Pre-touch: Disabled
 Parallel Workers: 4
 Concurrent Workers: 1
 Concurrent Refinement Workers: 4
 Periodic GC: Disabled

Heap:
 garbage-first heap   total 372736K, used 206432K [0x0000000081c00000, 0x0000000100000000)
  region size 1024K, 92 young (94208K), 9 survivors (9216K)
 Metaspace       used 136975K, committed 137728K, reserved 1171456K
  class space    used 17567K, committed 17920K, reserved 1048576K

Heap Regions: E=young(eden), S=young(survivor), O=old, HS=humongous(starts), HC=humongous(continues), CS=collection set, F=free, OA=open archive, CA=closed archive, TAMS=top-at-mark-start (previous, next)
|   0|0x0000000081c00000, 0x0000000081d00000, 0x0000000081d00000|100%|HS|  |TAMS 0x0000000081d00000, 0x0000000081c00000| Complete 
|   1|0x0000000081d00000, 0x0000000081e00000, 0x0000000081e00000|100%|HS|  |TAMS 0x0000000081e00000, 0x0000000081d00000| Complete 
|   2|0x0000000081e00000, 0x0000000081f00000, 0x0000000081f00000|100%| O|  |TAMS 0x0000000081f00000, 0x0000000081e00000| Untracked 
|   3|0x0000000081f00000, 0x0000000082000000, 0x0000000082000000|100%| O|  |TAMS 0x0000000082000000, 0x0000000081f00000| Untracked 
|   4|0x0000000082000000, 0x0000000082100000, 0x0000000082100000|100%| O|  |TAMS 0x0000000082100000, 0x0000000082000000| Untracked 
|   5|0x0000000082100000, 0x0000000082200000, 0x0000000082200000|100%| O|  |TAMS 0x0000000082200000, 0x0000000082100000| Untracked 
|   6|0x0000000082200000, 0x0000000082300000, 0x0000000082300000|100%| O|  |TAMS 0x0000000082300000, 0x0000000082200000| Untracked 
|   7|0x0000000082300000, 0x0000000082400000, 0x0000000082400000|100%| O|  |TAMS 0x0000000082400000, 0x0000000082300000| Untracked 
|   8|0x0000000082400000, 0x0000000082500000, 0x0000000082500000|100%| O|  |TAMS 0x0000000082500000, 0x0000000082400000| Untracked 
|   9|0x0000000082500000, 0x0000000082600000, 0x0000000082600000|100%| O|  |TAMS 0x0000000082600000, 0x0000000082500000| Untracked 
|  10|0x0000000082600000, 0x0000000082700000, 0x0000000082700000|100%| O|  |TAMS 0x0000000082700000, 0x0000000082600000| Untracked 
|  11|0x0000000082700000, 0x0000000082800000, 0x0000000082800000|100%| O|  |TAMS 0x0000000082800000, 0x0000000082700000| Untracked 
|  12|0x0000000082800000, 0x0000000082900000, 0x0000000082900000|100%| O|  |TAMS 0x0000000082900000, 0x0000000082800000| Untracked 
|  13|0x0000000082900000, 0x0000000082a00000, 0x0000000082a00000|100%| O|  |TAMS 0x0000000082a00000, 0x0000000082900000| Untracked 
|  14|0x0000000082a00000, 0x0000000082b00000, 0x0000000082b00000|100%| O|  |TAMS 0x0000000082b00000, 0x0000000082a00000| Untracked 
|  15|0x0000000082b00000, 0x0000000082c00000, 0x0000000082c00000|100%| O|  |TAMS 0x0000000082c00000, 0x0000000082b00000| Untracked 
|  16|0x0000000082c00000, 0x0000000082d00000, 0x0000000082d00000|100%| O|  |TAMS 0x0000000082d00000, 0x0000000082c00000| Untracked 
|  17|0x0000000082d00000, 0x0000000082e00000, 0x0000000082e00000|100%| O|  |TAMS 0x0000000082e00000, 0x0000000082d00000| Untracked 
|  18|0x0000000082e00000, 0x0000000082f00000, 0x0000000082f00000|100%| O|  |TAMS 0x0000000082f00000, 0x0000000082e00000| Untracked 
|  19|0x0000000082f00000, 0x0000000083000000, 0x0000000083000000|100%| O|  |TAMS 0x0000000083000000, 0x0000000082f00000| Untracked 
|  20|0x0000000083000000, 0x0000000083100000, 0x0000000083100000|100%| O|  |TAMS 0x0000000083100000, 0x0000000083000000| Untracked 
|  21|0x0000000083100000, 0x0000000083200000, 0x0000000083200000|100%| O|  |TAMS 0x0000000083200000, 0x0000000083100000| Untracked 
|  22|0x0000000083200000, 0x0000000083300000, 0x0000000083300000|100%| O|  |TAMS 0x0000000083300000, 0x0000000083200000| Untracked 
|  23|0x0000000083300000, 0x0000000083400000, 0x0000000083400000|100%| O|  |TAMS 0x0000000083400000, 0x0000000083300000| Complete 
|  24|0x0000000083400000, 0x0000000083500000, 0x0000000083500000|100%| O|  |TAMS 0x0000000083500000, 0x0000000083400000| Complete 
|  25|0x0000000083500000, 0x0000000083600000, 0x0000000083600000|100%| O|  |TAMS 0x0000000083600000, 0x0000000083500000| Complete 
|  26|0x0000000083600000, 0x0000000083700000, 0x0000000083700000|100%| O|  |TAMS 0x0000000083700000, 0x0000000083600000| Untracked 
|  27|0x0000000083700000, 0x0000000083800000, 0x0000000083800000|100%| O|  |TAMS 0x0000000083800000, 0x0000000083700000| Untracked 
|  28|0x0000000083800000, 0x0000000083800000, 0x0000000083900000|  0%| F|  |TAMS 0x0000000083800000, 0x0000000083800000| Untracked 
|  29|0x0000000083900000, 0x0000000083a00000, 0x0000000083a00000|100%| O|  |TAMS 0x0000000083a00000, 0x0000000083900000| Untracked 
|  30|0x0000000083a00000, 0x0000000083b00000, 0x0000000083b00000|100%| O|  |TAMS 0x0000000083b00000, 0x0000000083a00000| Untracked 
|  31|0x0000000083b00000, 0x0000000083c00000, 0x0000000083c00000|100%| O|  |TAMS 0x0000000083c00000, 0x0000000083b00000| Untracked 
|  32|0x0000000083c00000, 0x0000000083d00000, 0x0000000083d00000|100%| O|  |TAMS 0x0000000083d00000, 0x0000000083c00000| Untracked 
|  33|0x0000000083d00000, 0x0000000083e00000, 0x0000000083e00000|100%| O|  |TAMS 0x0000000083e00000, 0x0000000083d00000| Untracked 
|  34|0x0000000083e00000, 0x0000000083f00000, 0x0000000083f00000|100%| O|  |TAMS 0x0000000083f00000, 0x0000000083e00000| Untracked 
|  35|0x0000000083f00000, 0x0000000084000000, 0x0000000084000000|100%| O|  |TAMS 0x0000000084000000, 0x0000000083f00000| Untracked 
|  36|0x0000000084000000, 0x0000000084100000, 0x0000000084100000|100%| O|  |TAMS 0x0000000084100000, 0x0000000084000000| Untracked 
|  37|0x0000000084100000, 0x0000000084200000, 0x0000000084200000|100%| O|  |TAMS 0x0000000084200000, 0x0000000084100000| Untracked 
|  38|0x0000000084200000, 0x0000000084300000, 0x0000000084300000|100%| O|  |TAMS 0x0000000084300000, 0x0000000084200000| Untracked 
|  39|0x0000000084300000, 0x0000000084300000, 0x0000000084400000|  0%| F|  |TAMS 0x0000000084300000, 0x0000000084300000| Untracked 
|  40|0x0000000084400000, 0x0000000084500000, 0x0000000084500000|100%| O|  |TAMS 0x0000000084500000, 0x0000000084400000| Untracked 
|  41|0x0000000084500000, 0x0000000084600000, 0x0000000084600000|100%| O|  |TAMS 0x0000000084600000, 0x0000000084500000| Untracked 
|  42|0x0000000084600000, 0x0000000084700000, 0x0000000084700000|100%| O|  |TAMS 0x0000000084700000, 0x0000000084600000| Untracked 
|  43|0x0000000084700000, 0x0000000084800000, 0x0000000084800000|100%| O|  |TAMS 0x0000000084800000, 0x0000000084700000| Untracked 
|  44|0x0000000084800000, 0x0000000084900000, 0x0000000084900000|100%| O|  |TAMS 0x0000000084900000, 0x0000000084800000| Untracked 
|  45|0x0000000084900000, 0x0000000084a00000, 0x0000000084a00000|100%| O|  |TAMS 0x0000000084a00000, 0x0000000084900000| Untracked 
|  46|0x0000000084a00000, 0x0000000084a00000, 0x0000000084b00000|  0%| F|  |TAMS 0x0000000084a00000, 0x0000000084a00000| Untracked 
|  47|0x0000000084b00000, 0x0000000084c00000, 0x0000000084c00000|100%| O|  |TAMS 0x0000000084c00000, 0x0000000084b00000| Complete 
|  48|0x0000000084c00000, 0x0000000084d00000, 0x0000000084d00000|100%| O|  |TAMS 0x0000000084d00000, 0x0000000084c00000| Complete 
|  49|0x0000000084d00000, 0x0000000084d00000, 0x0000000084e00000|  0%| F|  |TAMS 0x0000000084d00000, 0x0000000084d00000| Untracked 
|  50|0x0000000084e00000, 0x0000000084f00000, 0x0000000084f00000|100%| O|  |TAMS 0x0000000084f00000, 0x0000000084e00000| Complete 
|  51|0x0000000084f00000, 0x0000000085000000, 0x0000000085000000|100%| O|  |TAMS 0x0000000085000000, 0x0000000084f00000| Complete 
|  52|0x0000000085000000, 0x0000000085100000, 0x0000000085100000|100%| O|  |TAMS 0x0000000085100000, 0x0000000085000000| Complete 
|  53|0x0000000085100000, 0x0000000085200000, 0x0000000085200000|100%| O|  |TAMS 0x0000000085200000, 0x0000000085100000| Complete 
|  54|0x0000000085200000, 0x0000000085300000, 0x0000000085300000|100%| O|  |TAMS 0x0000000085300000, 0x0000000085200000| Complete 
|  55|0x0000000085300000, 0x0000000085400000, 0x0000000085400000|100%| O|  |TAMS 0x0000000085400000, 0x0000000085300000| Untracked 
|  56|0x0000000085400000, 0x0000000085500000, 0x0000000085500000|100%| O|  |TAMS 0x0000000085500000, 0x0000000085400000| Untracked 
|  57|0x0000000085500000, 0x0000000085600000, 0x0000000085600000|100%| O|  |TAMS 0x0000000085600000, 0x0000000085500000| Untracked 
|  58|0x0000000085600000, 0x0000000085700000, 0x0000000085700000|100%| O|  |TAMS 0x0000000085700000, 0x0000000085600000| Untracked 
|  59|0x0000000085700000, 0x0000000085800000, 0x0000000085800000|100%| O|  |TAMS 0x0000000085800000, 0x0000000085700000| Untracked 
|  60|0x0000000085800000, 0x0000000085900000, 0x0000000085900000|100%| O|  |TAMS 0x0000000085900000, 0x0000000085800000| Untracked 
|  61|0x0000000085900000, 0x0000000085a00000, 0x0000000085a00000|100%| O|  |TAMS 0x0000000085a00000, 0x0000000085900000| Untracked 
|  62|0x0000000085a00000, 0x0000000085b00000, 0x0000000085b00000|100%| O|  |TAMS 0x0000000085b00000, 0x0000000085a00000| Untracked 
|  63|0x0000000085b00000, 0x0000000085c00000, 0x0000000085c00000|100%| O|  |TAMS 0x0000000085c00000, 0x0000000085b00000| Untracked 
|  64|0x0000000085c00000, 0x0000000085d00000, 0x0000000085d00000|100%| O|  |TAMS 0x0000000085d00000, 0x0000000085c00000| Untracked 
|  65|0x0000000085d00000, 0x0000000085e00000, 0x0000000085e00000|100%| O|  |TAMS 0x0000000085e00000, 0x0000000085d00000| Untracked 
|  66|0x0000000085e00000, 0x0000000085f00000, 0x0000000085f00000|100%| O|  |TAMS 0x0000000085f00000, 0x0000000085e00000| Untracked 
|  67|0x0000000085f00000, 0x0000000086000000, 0x0000000086000000|100%| O|  |TAMS 0x0000000086000000, 0x0000000085f00000| Untracked 
|  68|0x0000000086000000, 0x0000000086100000, 0x0000000086100000|100%| O|  |TAMS 0x0000000086100000, 0x0000000086000000| Untracked 
|  69|0x0000000086100000, 0x0000000086200000, 0x0000000086200000|100%| O|  |TAMS 0x0000000086200000, 0x0000000086100000| Untracked 
|  70|0x0000000086200000, 0x0000000086300000, 0x0000000086300000|100%| O|  |TAMS 0x0000000086300000, 0x0000000086200000| Untracked 
|  71|0x0000000086300000, 0x0000000086400000, 0x0000000086400000|100%| O|  |TAMS 0x0000000086400000, 0x0000000086300000| Complete 
|  72|0x0000000086400000, 0x0000000086500000, 0x0000000086500000|100%| O|  |TAMS 0x0000000086500000, 0x0000000086400000| Untracked 
|  73|0x0000000086500000, 0x0000000086600000, 0x0000000086600000|100%| O|  |TAMS 0x0000000086600000, 0x0000000086500000| Complete 
|  74|0x0000000086600000, 0x0000000086700000, 0x0000000086700000|100%| O|  |TAMS 0x0000000086700000, 0x0000000086600000| Complete 
|  75|0x0000000086700000, 0x0000000086800000, 0x0000000086800000|100%| O|  |TAMS 0x0000000086800000, 0x0000000086700000| Complete 
|  76|0x0000000086800000, 0x0000000086900000, 0x0000000086900000|100%| O|  |TAMS 0x0000000086900000, 0x0000000086800000| Complete 
|  77|0x0000000086900000, 0x0000000086a00000, 0x0000000086a00000|100%| O|  |TAMS 0x0000000086a00000, 0x0000000086900000| Complete 
|  78|0x0000000086a00000, 0x0000000086b00000, 0x0000000086b00000|100%| O|  |TAMS 0x0000000086b00000, 0x0000000086a00000| Complete 
|  79|0x0000000086b00000, 0x0000000086c00000, 0x0000000086c00000|100%| O|  |TAMS 0x0000000086c00000, 0x0000000086b00000| Untracked 
|  80|0x0000000086c00000, 0x0000000086d00000, 0x0000000086d00000|100%| O|  |TAMS 0x0000000086d00000, 0x0000000086c00000| Untracked 
|  81|0x0000000086d00000, 0x0000000086e00000, 0x0000000086e00000|100%| O|  |TAMS 0x0000000086e00000, 0x0000000086d00000| Untracked 
|  82|0x0000000086e00000, 0x0000000086f00000, 0x0000000086f00000|100%| O|  |TAMS 0x0000000086f00000, 0x0000000086e00000| Untracked 
|  83|0x0000000086f00000, 0x0000000087000000, 0x0000000087000000|100%| O|  |TAMS 0x0000000087000000, 0x0000000086f00000| Untracked 
|  84|0x0000000087000000, 0x0000000087100000, 0x0000000087100000|100%| O|  |TAMS 0x0000000087100000, 0x0000000087000000| Untracked 
|  85|0x0000000087100000, 0x0000000087200000, 0x0000000087200000|100%| O|  |TAMS 0x0000000087200000, 0x0000000087100000| Untracked 
|  86|0x0000000087200000, 0x0000000087300000, 0x0000000087300000|100%| O|  |TAMS 0x0000000087300000, 0x0000000087200000| Untracked 
|  87|0x0000000087300000, 0x0000000087400000, 0x0000000087400000|100%| O|  |TAMS 0x0000000087400000, 0x0000000087300000| Untracked 
|  88|0x0000000087400000, 0x0000000087500000, 0x0000000087500000|100%| O|  |TAMS 0x0000000087500000, 0x0000000087400000| Untracked 
|  89|0x0000000087500000, 0x0000000087600000, 0x0000000087600000|100%| O|  |TAMS 0x0000000087600000, 0x0000000087500000| Untracked 
|  90|0x0000000087600000, 0x0000000087700000, 0x0000000087700000|100%| O|  |TAMS 0x0000000087700000, 0x0000000087600000| Untracked 
|  91|0x0000000087700000, 0x0000000087800000, 0x0000000087800000|100%| O|  |TAMS 0x0000000087800000, 0x0000000087700000| Untracked 
|  92|0x0000000087800000, 0x0000000087900000, 0x0000000087900000|100%| O|  |TAMS 0x0000000087900000, 0x0000000087800000| Untracked 
|  93|0x0000000087900000, 0x0000000087a00000, 0x0000000087a00000|100%| O|  |TAMS 0x0000000087a00000, 0x0000000087900000| Untracked 
|  94|0x0000000087a00000, 0x0000000087b00000, 0x0000000087b00000|100%| O|  |TAMS 0x0000000087b00000, 0x0000000087a00000| Untracked 
|  95|0x0000000087b00000, 0x0000000087c00000, 0x0000000087c00000|100%| O|  |TAMS 0x0000000087c00000, 0x0000000087b00000| Complete 
|  96|0x0000000087c00000, 0x0000000087d00000, 0x0000000087d00000|100%| O|  |TAMS 0x0000000087d00000, 0x0000000087c00000| Complete 
|  97|0x0000000087d00000, 0x0000000087e00000, 0x0000000087e00000|100%| O|  |TAMS 0x0000000087e00000, 0x0000000087d00000| Complete 
|  98|0x0000000087e00000, 0x0000000087f00000, 0x0000000087f00000|100%| O|  |TAMS 0x0000000087f00000, 0x0000000087e00000| Untracked 
|  99|0x0000000087f00000, 0x0000000088000000, 0x0000000088000000|100%| O|  |TAMS 0x0000000088000000, 0x0000000087f00000| Untracked 
| 100|0x0000000088000000, 0x0000000088100000, 0x0000000088100000|100%| O|  |TAMS 0x0000000088100000, 0x0000000088000000| Untracked 
| 101|0x0000000088100000, 0x0000000088200000, 0x0000000088200000|100%| O|  |TAMS 0x0000000088200000, 0x0000000088100000| Untracked 
| 102|0x0000000088200000, 0x0000000088300000, 0x0000000088300000|100%| O|  |TAMS 0x0000000088300000, 0x0000000088200000| Untracked 
| 103|0x0000000088300000, 0x0000000088400000, 0x0000000088400000|100%| O|  |TAMS 0x0000000088400000, 0x0000000088300000| Untracked 
| 104|0x0000000088400000, 0x0000000088500000, 0x0000000088500000|100%| O|  |TAMS 0x0000000088500000, 0x0000000088400000| Untracked 
| 105|0x0000000088500000, 0x0000000088600000, 0x0000000088600000|100%| O|  |TAMS 0x0000000088600000, 0x0000000088500000| Untracked 
| 106|0x0000000088600000, 0x0000000088700000, 0x0000000088700000|100%| O|  |TAMS 0x0000000088700000, 0x0000000088600000| Untracked 
| 107|0x0000000088700000, 0x0000000088800000, 0x0000000088800000|100%| O|  |TAMS 0x0000000088800000, 0x0000000088700000| Complete 
| 108|0x0000000088800000, 0x0000000088900000, 0x0000000088900000|100%| O|  |TAMS 0x0000000088900000, 0x0000000088800000| Untracked 
| 109|0x0000000088900000, 0x0000000088a00000, 0x0000000088a00000|100%| O|  |TAMS 0x0000000088a00000, 0x0000000088900000| Complete 
| 110|0x0000000088a00000, 0x0000000088b00000, 0x0000000088b00000|100%| O|  |TAMS 0x0000000088b00000, 0x0000000088a00000| Untracked 
| 111|0x0000000088b00000, 0x0000000088c00000, 0x0000000088c00000|100%| O|  |TAMS 0x0000000088c00000, 0x0000000088b00000| Complete 
| 112|0x0000000088c00000, 0x0000000088d00000, 0x0000000088d00000|100%| O|  |TAMS 0x0000000088d00000, 0x0000000088c00000| Untracked 
| 113|0x0000000088d00000, 0x0000000088e00000, 0x0000000088e00000|100%| O|  |TAMS 0x0000000088e00000, 0x0000000088d00000| Complete 
| 114|0x0000000088e00000, 0x0000000088f00000, 0x0000000088f00000|100%| O|  |TAMS 0x0000000088f00000, 0x0000000088e00000| Complete 
| 115|0x0000000088f00000, 0x0000000088ff9600, 0x0000000089000000| 97%| O|  |TAMS 0x0000000088ff9600, 0x0000000088f00000| Untracked 
| 116|0x0000000089000000, 0x0000000089000000, 0x0000000089100000|  0%| F|  |TAMS 0x0000000089000000, 0x0000000089000000| Untracked 
| 117|0x0000000089100000, 0x0000000089100000, 0x0000000089200000|  0%| F|  |TAMS 0x0000000089100000, 0x0000000089100000| Untracked 
| 118|0x0000000089200000, 0x0000000089200000, 0x0000000089300000|  0%| F|  |TAMS 0x0000000089200000, 0x0000000089200000| Untracked 
| 119|0x0000000089300000, 0x0000000089300000, 0x0000000089400000|  0%| F|  |TAMS 0x0000000089300000, 0x0000000089300000| Untracked 
| 120|0x0000000089400000, 0x0000000089400000, 0x0000000089500000|  0%| F|  |TAMS 0x0000000089400000, 0x0000000089400000| Untracked 
| 121|0x0000000089500000, 0x0000000089500000, 0x0000000089600000|  0%| F|  |TAMS 0x0000000089500000, 0x0000000089500000| Untracked 
| 122|0x0000000089600000, 0x0000000089600000, 0x0000000089700000|  0%| F|  |TAMS 0x0000000089600000, 0x0000000089600000| Untracked 
| 123|0x0000000089700000, 0x0000000089700000, 0x0000000089800000|  0%| F|  |TAMS 0x0000000089700000, 0x0000000089700000| Untracked 
| 124|0x0000000089800000, 0x0000000089800000, 0x0000000089900000|  0%| F|  |TAMS 0x0000000089800000, 0x0000000089800000| Untracked 
| 125|0x0000000089900000, 0x0000000089900000, 0x0000000089a00000|  0%| F|  |TAMS 0x0000000089900000, 0x0000000089900000| Untracked 
| 126|0x0000000089a00000, 0x0000000089a00000, 0x0000000089b00000|  0%| F|  |TAMS 0x0000000089a00000, 0x0000000089a00000| Untracked 
| 127|0x0000000089b00000, 0x0000000089b00000, 0x0000000089c00000|  0%| F|  |TAMS 0x0000000089b00000, 0x0000000089b00000| Untracked 
| 128|0x0000000089c00000, 0x0000000089c00000, 0x0000000089d00000|  0%| F|  |TAMS 0x0000000089c00000, 0x0000000089c00000| Untracked 
| 129|0x0000000089d00000, 0x0000000089d00000, 0x0000000089e00000|  0%| F|  |TAMS 0x0000000089d00000, 0x0000000089d00000| Untracked 
| 130|0x0000000089e00000, 0x0000000089e00000, 0x0000000089f00000|  0%| F|  |TAMS 0x0000000089e00000, 0x0000000089e00000| Untracked 
| 131|0x0000000089f00000, 0x0000000089f00000, 0x000000008a000000|  0%| F|  |TAMS 0x0000000089f00000, 0x0000000089f00000| Untracked 
| 132|0x000000008a000000, 0x000000008a000000, 0x000000008a100000|  0%| F|  |TAMS 0x000000008a000000, 0x000000008a000000| Untracked 
| 133|0x000000008a100000, 0x000000008a100000, 0x000000008a200000|  0%| F|  |TAMS 0x000000008a100000, 0x000000008a100000| Untracked 
| 134|0x000000008a200000, 0x000000008a200000, 0x000000008a300000|  0%| F|  |TAMS 0x000000008a200000, 0x000000008a200000| Untracked 
| 135|0x000000008a300000, 0x000000008a300000, 0x000000008a400000|  0%| F|  |TAMS 0x000000008a300000, 0x000000008a300000| Untracked 
| 136|0x000000008a400000, 0x000000008a400000, 0x000000008a500000|  0%| F|  |TAMS 0x000000008a400000, 0x000000008a400000| Untracked 
| 137|0x000000008a500000, 0x000000008a500000, 0x000000008a600000|  0%| F|  |TAMS 0x000000008a500000, 0x000000008a500000| Untracked 
| 138|0x000000008a600000, 0x000000008a600000, 0x000000008a700000|  0%| F|  |TAMS 0x000000008a600000, 0x000000008a600000| Untracked 
| 139|0x000000008a700000, 0x000000008a700000, 0x000000008a800000|  0%| F|  |TAMS 0x000000008a700000, 0x000000008a700000| Untracked 
| 140|0x000000008a800000, 0x000000008a800000, 0x000000008a900000|  0%| F|  |TAMS 0x000000008a800000, 0x000000008a800000| Untracked 
| 141|0x000000008a900000, 0x000000008a900000, 0x000000008aa00000|  0%| F|  |TAMS 0x000000008a900000, 0x000000008a900000| Untracked 
| 142|0x000000008aa00000, 0x000000008aa00000, 0x000000008ab00000|  0%| F|  |TAMS 0x000000008aa00000, 0x000000008aa00000| Untracked 
| 143|0x000000008ab00000, 0x000000008ab00000, 0x000000008ac00000|  0%| F|  |TAMS 0x000000008ab00000, 0x000000008ab00000| Untracked 
| 144|0x000000008ac00000, 0x000000008ac00000, 0x000000008ad00000|  0%| F|  |TAMS 0x000000008ac00000, 0x000000008ac00000| Untracked 
| 145|0x000000008ad00000, 0x000000008ad00000, 0x000000008ae00000|  0%| F|  |TAMS 0x000000008ad00000, 0x000000008ad00000| Untracked 
| 146|0x000000008ae00000, 0x000000008ae00000, 0x000000008af00000|  0%| F|  |TAMS 0x000000008ae00000, 0x000000008ae00000| Untracked 
| 147|0x000000008af00000, 0x000000008af00000, 0x000000008b000000|  0%| F|  |TAMS 0x000000008af00000, 0x000000008af00000| Untracked 
| 148|0x000000008b000000, 0x000000008b000000, 0x000000008b100000|  0%| F|  |TAMS 0x000000008b000000, 0x000000008b000000| Untracked 
| 149|0x000000008b100000, 0x000000008b100000, 0x000000008b200000|  0%| F|  |TAMS 0x000000008b100000, 0x000000008b100000| Untracked 
| 150|0x000000008b200000, 0x000000008b200000, 0x000000008b300000|  0%| F|  |TAMS 0x000000008b200000, 0x000000008b200000| Untracked 
| 151|0x000000008b300000, 0x000000008b300000, 0x000000008b400000|  0%| F|  |TAMS 0x000000008b300000, 0x000000008b300000| Untracked 
| 152|0x000000008b400000, 0x000000008b400000, 0x000000008b500000|  0%| F|  |TAMS 0x000000008b400000, 0x000000008b400000| Untracked 
| 153|0x000000008b500000, 0x000000008b500000, 0x000000008b600000|  0%| F|  |TAMS 0x000000008b500000, 0x000000008b500000| Untracked 
| 154|0x000000008b600000, 0x000000008b600000, 0x000000008b700000|  0%| F|  |TAMS 0x000000008b600000, 0x000000008b600000| Untracked 
| 155|0x000000008b700000, 0x000000008b700000, 0x000000008b800000|  0%| F|  |TAMS 0x000000008b700000, 0x000000008b700000| Untracked 
| 156|0x000000008b800000, 0x000000008b800000, 0x000000008b900000|  0%| F|  |TAMS 0x000000008b800000, 0x000000008b800000| Untracked 
| 157|0x000000008b900000, 0x000000008b900000, 0x000000008ba00000|  0%| F|  |TAMS 0x000000008b900000, 0x000000008b900000| Untracked 
| 158|0x000000008ba00000, 0x000000008ba00000, 0x000000008bb00000|  0%| F|  |TAMS 0x000000008ba00000, 0x000000008ba00000| Untracked 
| 159|0x000000008bb00000, 0x000000008bb00000, 0x000000008bc00000|  0%| F|  |TAMS 0x000000008bb00000, 0x000000008bb00000| Untracked 
| 160|0x000000008bc00000, 0x000000008bc00000, 0x000000008bd00000|  0%| F|  |TAMS 0x000000008bc00000, 0x000000008bc00000| Untracked 
| 161|0x000000008bd00000, 0x000000008bd00000, 0x000000008be00000|  0%| F|  |TAMS 0x000000008bd00000, 0x000000008bd00000| Untracked 
| 162|0x000000008be00000, 0x000000008be00000, 0x000000008bf00000|  0%| F|  |TAMS 0x000000008be00000, 0x000000008be00000| Untracked 
| 163|0x000000008bf00000, 0x000000008bf00000, 0x000000008c000000|  0%| F|  |TAMS 0x000000008bf00000, 0x000000008bf00000| Untracked 
| 164|0x000000008c000000, 0x000000008c000000, 0x000000008c100000|  0%| F|  |TAMS 0x000000008c000000, 0x000000008c000000| Untracked 
| 165|0x000000008c100000, 0x000000008c100000, 0x000000008c200000|  0%| F|  |TAMS 0x000000008c100000, 0x000000008c100000| Untracked 
| 166|0x000000008c200000, 0x000000008c200000, 0x000000008c300000|  0%| F|  |TAMS 0x000000008c200000, 0x000000008c200000| Untracked 
| 167|0x000000008c300000, 0x000000008c300000, 0x000000008c400000|  0%| F|  |TAMS 0x000000008c300000, 0x000000008c300000| Untracked 
| 168|0x000000008c400000, 0x000000008c400000, 0x000000008c500000|  0%| F|  |TAMS 0x000000008c400000, 0x000000008c400000| Untracked 
| 169|0x000000008c500000, 0x000000008c59ea48, 0x000000008c600000| 61%| S|CS|TAMS 0x000000008c500000, 0x000000008c500000| Complete 
| 170|0x000000008c600000, 0x000000008c700000, 0x000000008c700000|100%| S|CS|TAMS 0x000000008c600000, 0x000000008c600000| Complete 
| 171|0x000000008c700000, 0x000000008c800000, 0x000000008c800000|100%| S|CS|TAMS 0x000000008c700000, 0x000000008c700000| Complete 
| 172|0x000000008c800000, 0x000000008c900000, 0x000000008c900000|100%| S|CS|TAMS 0x000000008c800000, 0x000000008c800000| Complete 
| 173|0x000000008c900000, 0x000000008ca00000, 0x000000008ca00000|100%| S|CS|TAMS 0x000000008c900000, 0x000000008c900000| Complete 
| 174|0x000000008ca00000, 0x000000008cb00000, 0x000000008cb00000|100%| S|CS|TAMS 0x000000008ca00000, 0x000000008ca00000| Complete 
| 175|0x000000008cb00000, 0x000000008cc00000, 0x000000008cc00000|100%| S|CS|TAMS 0x000000008cb00000, 0x000000008cb00000| Complete 
| 176|0x000000008cc00000, 0x000000008cd00000, 0x000000008cd00000|100%| S|CS|TAMS 0x000000008cc00000, 0x000000008cc00000| Complete 
| 177|0x000000008cd00000, 0x000000008ce00000, 0x000000008ce00000|100%| S|CS|TAMS 0x000000008cd00000, 0x000000008cd00000| Complete 
| 178|0x000000008ce00000, 0x000000008ce00000, 0x000000008cf00000|  0%| F|  |TAMS 0x000000008ce00000, 0x000000008ce00000| Untracked 
| 179|0x000000008cf00000, 0x000000008cf00000, 0x000000008d000000|  0%| F|  |TAMS 0x000000008cf00000, 0x000000008cf00000| Untracked 
| 180|0x000000008d000000, 0x000000008d000000, 0x000000008d100000|  0%| F|  |TAMS 0x000000008d000000, 0x000000008d000000| Untracked 
| 181|0x000000008d100000, 0x000000008d100000, 0x000000008d200000|  0%| F|  |TAMS 0x000000008d100000, 0x000000008d100000| Untracked 
| 182|0x000000008d200000, 0x000000008d200000, 0x000000008d300000|  0%| F|  |TAMS 0x000000008d200000, 0x000000008d200000| Untracked 
| 183|0x000000008d300000, 0x000000008d300000, 0x000000008d400000|  0%| F|  |TAMS 0x000000008d300000, 0x000000008d300000| Untracked 
| 184|0x000000008d400000, 0x000000008d400000, 0x000000008d500000|  0%| F|  |TAMS 0x000000008d400000, 0x000000008d400000| Untracked 
| 185|0x000000008d500000, 0x000000008d500000, 0x000000008d600000|  0%| F|  |TAMS 0x000000008d500000, 0x000000008d500000| Untracked 
| 186|0x000000008d600000, 0x000000008d600000, 0x000000008d700000|  0%| F|  |TAMS 0x000000008d600000, 0x000000008d600000| Untracked 
| 187|0x000000008d700000, 0x000000008d700000, 0x000000008d800000|  0%| F|  |TAMS 0x000000008d700000, 0x000000008d700000| Untracked 
| 188|0x000000008d800000, 0x000000008d800000, 0x000000008d900000|  0%| F|  |TAMS 0x000000008d800000, 0x000000008d800000| Untracked 
| 189|0x000000008d900000, 0x000000008d900000, 0x000000008da00000|  0%| F|  |TAMS 0x000000008d900000, 0x000000008d900000| Untracked 
| 190|0x000000008da00000, 0x000000008da00000, 0x000000008db00000|  0%| F|  |TAMS 0x000000008da00000, 0x000000008da00000| Untracked 
| 191|0x000000008db00000, 0x000000008db00000, 0x000000008dc00000|  0%| F|  |TAMS 0x000000008db00000, 0x000000008db00000| Untracked 
| 192|0x000000008dc00000, 0x000000008dc00000, 0x000000008dd00000|  0%| F|  |TAMS 0x000000008dc00000, 0x000000008dc00000| Untracked 
| 193|0x000000008dd00000, 0x000000008dd00000, 0x000000008de00000|  0%| F|  |TAMS 0x000000008dd00000, 0x000000008dd00000| Untracked 
| 194|0x000000008de00000, 0x000000008de00000, 0x000000008df00000|  0%| F|  |TAMS 0x000000008de00000, 0x000000008de00000| Untracked 
| 195|0x000000008df00000, 0x000000008df00000, 0x000000008e000000|  0%| F|  |TAMS 0x000000008df00000, 0x000000008df00000| Untracked 
| 196|0x000000008e000000, 0x000000008e000000, 0x000000008e100000|  0%| F|  |TAMS 0x000000008e000000, 0x000000008e000000| Untracked 
| 197|0x000000008e100000, 0x000000008e100000, 0x000000008e200000|  0%| F|  |TAMS 0x000000008e100000, 0x000000008e100000| Untracked 
| 198|0x000000008e200000, 0x000000008e200000, 0x000000008e300000|  0%| F|  |TAMS 0x000000008e200000, 0x000000008e200000| Untracked 
| 199|0x000000008e300000, 0x000000008e300000, 0x000000008e400000|  0%| F|  |TAMS 0x000000008e300000, 0x000000008e300000| Untracked 
| 200|0x000000008e400000, 0x000000008e400000, 0x000000008e500000|  0%| F|  |TAMS 0x000000008e400000, 0x000000008e400000| Untracked 
| 201|0x000000008e500000, 0x000000008e500000, 0x000000008e600000|  0%| F|  |TAMS 0x000000008e500000, 0x000000008e500000| Untracked 
| 202|0x000000008e600000, 0x000000008e600000, 0x000000008e700000|  0%| F|  |TAMS 0x000000008e600000, 0x000000008e600000| Untracked 
| 203|0x000000008e700000, 0x000000008e700000, 0x000000008e800000|  0%| F|  |TAMS 0x000000008e700000, 0x000000008e700000| Untracked 
| 204|0x000000008e800000, 0x000000008e800000, 0x000000008e900000|  0%| F|  |TAMS 0x000000008e800000, 0x000000008e800000| Untracked 
| 205|0x000000008e900000, 0x000000008e900000, 0x000000008ea00000|  0%| F|  |TAMS 0x000000008e900000, 0x000000008e900000| Untracked 
| 206|0x000000008ea00000, 0x000000008ea00000, 0x000000008eb00000|  0%| F|  |TAMS 0x000000008ea00000, 0x000000008ea00000| Untracked 
| 207|0x000000008eb00000, 0x000000008eb00000, 0x000000008ec00000|  0%| F|  |TAMS 0x000000008eb00000, 0x000000008eb00000| Untracked 
| 208|0x000000008ec00000, 0x000000008ec00000, 0x000000008ed00000|  0%| F|  |TAMS 0x000000008ec00000, 0x000000008ec00000| Untracked 
| 209|0x000000008ed00000, 0x000000008ed00000, 0x000000008ee00000|  0%| F|  |TAMS 0x000000008ed00000, 0x000000008ed00000| Untracked 
| 210|0x000000008ee00000, 0x000000008ee00000, 0x000000008ef00000|  0%| F|  |TAMS 0x000000008ee00000, 0x000000008ee00000| Untracked 
| 211|0x000000008ef00000, 0x000000008ef00000, 0x000000008f000000|  0%| F|  |TAMS 0x000000008ef00000, 0x000000008ef00000| Untracked 
| 212|0x000000008f000000, 0x000000008f000000, 0x000000008f100000|  0%| F|  |TAMS 0x000000008f000000, 0x000000008f000000| Untracked 
| 213|0x000000008f100000, 0x000000008f100000, 0x000000008f200000|  0%| F|  |TAMS 0x000000008f100000, 0x000000008f100000| Untracked 
| 214|0x000000008f200000, 0x000000008f200000, 0x000000008f300000|  0%| F|  |TAMS 0x000000008f200000, 0x000000008f200000| Untracked 
| 215|0x000000008f300000, 0x000000008f300000, 0x000000008f400000|  0%| F|  |TAMS 0x000000008f300000, 0x000000008f300000| Untracked 
| 216|0x000000008f400000, 0x000000008f400000, 0x000000008f500000|  0%| F|  |TAMS 0x000000008f400000, 0x000000008f400000| Untracked 
| 217|0x000000008f500000, 0x000000008f500000, 0x000000008f600000|  0%| F|  |TAMS 0x000000008f500000, 0x000000008f500000| Untracked 
| 218|0x000000008f600000, 0x000000008f600000, 0x000000008f700000|  0%| F|  |TAMS 0x000000008f600000, 0x000000008f600000| Untracked 
| 219|0x000000008f700000, 0x000000008f700000, 0x000000008f800000|  0%| F|  |TAMS 0x000000008f700000, 0x000000008f700000| Untracked 
| 220|0x000000008f800000, 0x000000008f800000, 0x000000008f900000|  0%| F|  |TAMS 0x000000008f800000, 0x000000008f800000| Untracked 
| 221|0x000000008f900000, 0x000000008f900000, 0x000000008fa00000|  0%| F|  |TAMS 0x000000008f900000, 0x000000008f900000| Untracked 
| 222|0x000000008fa00000, 0x000000008fa00000, 0x000000008fb00000|  0%| F|  |TAMS 0x000000008fa00000, 0x000000008fa00000| Untracked 
| 223|0x000000008fb00000, 0x000000008fb00000, 0x000000008fc00000|  0%| F|  |TAMS 0x000000008fb00000, 0x000000008fb00000| Untracked 
| 224|0x000000008fc00000, 0x000000008fc00000, 0x000000008fd00000|  0%| F|  |TAMS 0x000000008fc00000, 0x000000008fc00000| Untracked 
| 225|0x000000008fd00000, 0x000000008fd00000, 0x000000008fe00000|  0%| F|  |TAMS 0x000000008fd00000, 0x000000008fd00000| Untracked 
| 226|0x000000008fe00000, 0x000000008fe00000, 0x000000008ff00000|  0%| F|  |TAMS 0x000000008fe00000, 0x000000008fe00000| Untracked 
| 227|0x000000008ff00000, 0x000000008ff00000, 0x0000000090000000|  0%| F|  |TAMS 0x000000008ff00000, 0x000000008ff00000| Untracked 
| 228|0x0000000090000000, 0x0000000090000000, 0x0000000090100000|  0%| F|  |TAMS 0x0000000090000000, 0x0000000090000000| Untracked 
| 229|0x0000000090100000, 0x0000000090100000, 0x0000000090200000|  0%| F|  |TAMS 0x0000000090100000, 0x0000000090100000| Untracked 
| 230|0x0000000090200000, 0x0000000090200000, 0x0000000090300000|  0%| F|  |TAMS 0x0000000090200000, 0x0000000090200000| Untracked 
| 231|0x0000000090300000, 0x0000000090300000, 0x0000000090400000|  0%| F|  |TAMS 0x0000000090300000, 0x0000000090300000| Untracked 
| 232|0x0000000090400000, 0x0000000090400000, 0x0000000090500000|  0%| F|  |TAMS 0x0000000090400000, 0x0000000090400000| Untracked 
| 233|0x0000000090500000, 0x0000000090500000, 0x0000000090600000|  0%| F|  |TAMS 0x0000000090500000, 0x0000000090500000| Untracked 
| 234|0x0000000090600000, 0x0000000090600000, 0x0000000090700000|  0%| F|  |TAMS 0x0000000090600000, 0x0000000090600000| Untracked 
| 235|0x0000000090700000, 0x0000000090700000, 0x0000000090800000|  0%| F|  |TAMS 0x0000000090700000, 0x0000000090700000| Untracked 
| 236|0x0000000090800000, 0x0000000090800000, 0x0000000090900000|  0%| F|  |TAMS 0x0000000090800000, 0x0000000090800000| Untracked 
| 237|0x0000000090900000, 0x0000000090900000, 0x0000000090a00000|  0%| F|  |TAMS 0x0000000090900000, 0x0000000090900000| Untracked 
| 238|0x0000000090a00000, 0x0000000090a00000, 0x0000000090b00000|  0%| F|  |TAMS 0x0000000090a00000, 0x0000000090a00000| Untracked 
| 239|0x0000000090b00000, 0x0000000090b00000, 0x0000000090c00000|  0%| F|  |TAMS 0x0000000090b00000, 0x0000000090b00000| Untracked 
| 240|0x0000000090c00000, 0x0000000090c00000, 0x0000000090d00000|  0%| F|  |TAMS 0x0000000090c00000, 0x0000000090c00000| Untracked 
| 241|0x0000000090d00000, 0x0000000090d00000, 0x0000000090e00000|  0%| F|  |TAMS 0x0000000090d00000, 0x0000000090d00000| Untracked 
| 242|0x0000000090e00000, 0x0000000090e00000, 0x0000000090f00000|  0%| F|  |TAMS 0x0000000090e00000, 0x0000000090e00000| Untracked 
| 243|0x0000000090f00000, 0x0000000090f00000, 0x0000000091000000|  0%| F|  |TAMS 0x0000000090f00000, 0x0000000090f00000| Untracked 
| 244|0x0000000091000000, 0x0000000091000000, 0x0000000091100000|  0%| F|  |TAMS 0x0000000091000000, 0x0000000091000000| Untracked 
| 245|0x0000000091100000, 0x0000000091100000, 0x0000000091200000|  0%| F|  |TAMS 0x0000000091100000, 0x0000000091100000| Untracked 
| 246|0x0000000091200000, 0x0000000091200000, 0x0000000091300000|  0%| F|  |TAMS 0x0000000091200000, 0x0000000091200000| Untracked 
| 247|0x0000000091300000, 0x0000000091300000, 0x0000000091400000|  0%| F|  |TAMS 0x0000000091300000, 0x0000000091300000| Untracked 
| 248|0x0000000091400000, 0x0000000091400000, 0x0000000091500000|  0%| F|  |TAMS 0x0000000091400000, 0x0000000091400000| Untracked 
| 249|0x0000000091500000, 0x0000000091500000, 0x0000000091600000|  0%| F|  |TAMS 0x0000000091500000, 0x0000000091500000| Untracked 
| 250|0x0000000091600000, 0x0000000091600000, 0x0000000091700000|  0%| F|  |TAMS 0x0000000091600000, 0x0000000091600000| Untracked 
| 251|0x0000000091700000, 0x0000000091700000, 0x0000000091800000|  0%| F|  |TAMS 0x0000000091700000, 0x0000000091700000| Untracked 
| 252|0x0000000091800000, 0x0000000091800000, 0x0000000091900000|  0%| F|  |TAMS 0x0000000091800000, 0x0000000091800000| Untracked 
| 253|0x0000000091900000, 0x0000000091900000, 0x0000000091a00000|  0%| F|  |TAMS 0x0000000091900000, 0x0000000091900000| Untracked 
| 254|0x0000000091a00000, 0x0000000091a00000, 0x0000000091b00000|  0%| F|  |TAMS 0x0000000091a00000, 0x0000000091a00000| Untracked 
| 255|0x0000000091b00000, 0x0000000091b00000, 0x0000000091c00000|  0%| F|  |TAMS 0x0000000091b00000, 0x0000000091b00000| Untracked 
| 256|0x0000000091c00000, 0x0000000091c00000, 0x0000000091d00000|  0%| F|  |TAMS 0x0000000091c00000, 0x0000000091c00000| Untracked 
| 257|0x0000000091d00000, 0x0000000091d00000, 0x0000000091e00000|  0%| F|  |TAMS 0x0000000091d00000, 0x0000000091d00000| Untracked 
| 258|0x0000000091e00000, 0x0000000091e00000, 0x0000000091f00000|  0%| F|  |TAMS 0x0000000091e00000, 0x0000000091e00000| Untracked 
| 259|0x0000000091f00000, 0x0000000091f00000, 0x0000000092000000|  0%| F|  |TAMS 0x0000000091f00000, 0x0000000091f00000| Untracked 
| 260|0x0000000092000000, 0x0000000092000000, 0x0000000092100000|  0%| F|  |TAMS 0x0000000092000000, 0x0000000092000000| Untracked 
| 261|0x0000000092100000, 0x0000000092100000, 0x0000000092200000|  0%| F|  |TAMS 0x0000000092100000, 0x0000000092100000| Untracked 
| 262|0x0000000092200000, 0x0000000092200000, 0x0000000092300000|  0%| F|  |TAMS 0x0000000092200000, 0x0000000092200000| Untracked 
| 263|0x0000000092300000, 0x0000000092300000, 0x0000000092400000|  0%| F|  |TAMS 0x0000000092300000, 0x0000000092300000| Untracked 
| 264|0x0000000092400000, 0x0000000092400000, 0x0000000092500000|  0%| F|  |TAMS 0x0000000092400000, 0x0000000092400000| Untracked 
| 265|0x0000000092500000, 0x0000000092500000, 0x0000000092600000|  0%| F|  |TAMS 0x0000000092500000, 0x0000000092500000| Untracked 
| 266|0x0000000092600000, 0x0000000092600000, 0x0000000092700000|  0%| F|  |TAMS 0x0000000092600000, 0x0000000092600000| Untracked 
| 267|0x0000000092700000, 0x0000000092700000, 0x0000000092800000|  0%| F|  |TAMS 0x0000000092700000, 0x0000000092700000| Untracked 
| 268|0x0000000092800000, 0x0000000092800000, 0x0000000092900000|  0%| F|  |TAMS 0x0000000092800000, 0x0000000092800000| Untracked 
| 269|0x0000000092900000, 0x0000000092900000, 0x0000000092a00000|  0%| F|  |TAMS 0x0000000092900000, 0x0000000092900000| Untracked 
| 270|0x0000000092a00000, 0x0000000092a00000, 0x0000000092b00000|  0%| F|  |TAMS 0x0000000092a00000, 0x0000000092a00000| Untracked 
| 271|0x0000000092b00000, 0x0000000092b00000, 0x0000000092c00000|  0%| F|  |TAMS 0x0000000092b00000, 0x0000000092b00000| Untracked 
| 272|0x0000000092c00000, 0x0000000092c00000, 0x0000000092d00000|  0%| F|  |TAMS 0x0000000092c00000, 0x0000000092c00000| Untracked 
| 273|0x0000000092d00000, 0x0000000092d00000, 0x0000000092e00000|  0%| F|  |TAMS 0x0000000092d00000, 0x0000000092d00000| Untracked 
| 274|0x0000000092e00000, 0x0000000092e00000, 0x0000000092f00000|  0%| F|  |TAMS 0x0000000092e00000, 0x0000000092e00000| Untracked 
| 275|0x0000000092f00000, 0x0000000092f00000, 0x0000000093000000|  0%| F|  |TAMS 0x0000000092f00000, 0x0000000092f00000| Untracked 
| 276|0x0000000093000000, 0x0000000093000000, 0x0000000093100000|  0%| F|  |TAMS 0x0000000093000000, 0x0000000093000000| Untracked 
| 277|0x0000000093100000, 0x0000000093100000, 0x0000000093200000|  0%| F|  |TAMS 0x0000000093100000, 0x0000000093100000| Untracked 
| 278|0x0000000093200000, 0x0000000093200000, 0x0000000093300000|  0%| F|  |TAMS 0x0000000093200000, 0x0000000093200000| Untracked 
| 279|0x0000000093300000, 0x0000000093300000, 0x0000000093400000|  0%| F|  |TAMS 0x0000000093300000, 0x0000000093300000| Untracked 
| 280|0x0000000093400000, 0x0000000093400000, 0x0000000093500000|  0%| F|  |TAMS 0x0000000093400000, 0x0000000093400000| Untracked 
| 281|0x0000000093500000, 0x0000000093572768, 0x0000000093600000| 44%| E|  |TAMS 0x0000000093500000, 0x0000000093500000| Complete 
| 282|0x0000000093600000, 0x0000000093700000, 0x0000000093700000|100%| E|CS|TAMS 0x0000000093600000, 0x0000000093600000| Complete 
| 283|0x0000000093700000, 0x0000000093800000, 0x0000000093800000|100%| E|CS|TAMS 0x0000000093700000, 0x0000000093700000| Complete 
| 284|0x0000000093800000, 0x0000000093900000, 0x0000000093900000|100%| E|CS|TAMS 0x0000000093800000, 0x0000000093800000| Complete 
| 285|0x0000000093900000, 0x0000000093a00000, 0x0000000093a00000|100%| E|CS|TAMS 0x0000000093900000, 0x0000000093900000| Complete 
| 286|0x0000000093a00000, 0x0000000093b00000, 0x0000000093b00000|100%| E|CS|TAMS 0x0000000093a00000, 0x0000000093a00000| Complete 
| 287|0x0000000093b00000, 0x0000000093c00000, 0x0000000093c00000|100%| E|CS|TAMS 0x0000000093b00000, 0x0000000093b00000| Complete 
| 288|0x0000000093c00000, 0x0000000093d00000, 0x0000000093d00000|100%| E|CS|TAMS 0x0000000093c00000, 0x0000000093c00000| Complete 
| 289|0x0000000093d00000, 0x0000000093e00000, 0x0000000093e00000|100%| E|CS|TAMS 0x0000000093d00000, 0x0000000093d00000| Complete 
| 290|0x0000000093e00000, 0x0000000093f00000, 0x0000000093f00000|100%| E|CS|TAMS 0x0000000093e00000, 0x0000000093e00000| Complete 
| 291|0x0000000093f00000, 0x0000000094000000, 0x0000000094000000|100%| E|CS|TAMS 0x0000000093f00000, 0x0000000093f00000| Complete 
| 292|0x0000000094000000, 0x0000000094100000, 0x0000000094100000|100%| E|CS|TAMS 0x0000000094000000, 0x0000000094000000| Complete 
| 293|0x0000000094100000, 0x0000000094200000, 0x0000000094200000|100%| E|CS|TAMS 0x0000000094100000, 0x0000000094100000| Complete 
| 294|0x0000000094200000, 0x0000000094300000, 0x0000000094300000|100%| E|CS|TAMS 0x0000000094200000, 0x0000000094200000| Complete 
| 295|0x0000000094300000, 0x0000000094400000, 0x0000000094400000|100%| E|CS|TAMS 0x0000000094300000, 0x0000000094300000| Complete 
| 296|0x0000000094400000, 0x0000000094500000, 0x0000000094500000|100%| E|CS|TAMS 0x0000000094400000, 0x0000000094400000| Complete 
| 297|0x0000000094500000, 0x0000000094600000, 0x0000000094600000|100%| E|CS|TAMS 0x0000000094500000, 0x0000000094500000| Complete 
| 298|0x0000000094600000, 0x0000000094700000, 0x0000000094700000|100%| E|CS|TAMS 0x0000000094600000, 0x0000000094600000| Complete 
| 299|0x0000000094700000, 0x0000000094800000, 0x0000000094800000|100%| E|CS|TAMS 0x0000000094700000, 0x0000000094700000| Complete 
| 300|0x0000000094800000, 0x0000000094900000, 0x0000000094900000|100%| E|CS|TAMS 0x0000000094800000, 0x0000000094800000| Complete 
| 301|0x0000000094900000, 0x0000000094a00000, 0x0000000094a00000|100%| E|CS|TAMS 0x0000000094900000, 0x0000000094900000| Complete 
| 302|0x0000000094a00000, 0x0000000094b00000, 0x0000000094b00000|100%| E|CS|TAMS 0x0000000094a00000, 0x0000000094a00000| Complete 
| 303|0x0000000094b00000, 0x0000000094c00000, 0x0000000094c00000|100%| E|CS|TAMS 0x0000000094b00000, 0x0000000094b00000| Complete 
| 304|0x0000000094c00000, 0x0000000094d00000, 0x0000000094d00000|100%| E|CS|TAMS 0x0000000094c00000, 0x0000000094c00000| Complete 
| 305|0x0000000094d00000, 0x0000000094e00000, 0x0000000094e00000|100%| E|CS|TAMS 0x0000000094d00000, 0x0000000094d00000| Complete 
| 306|0x0000000094e00000, 0x0000000094f00000, 0x0000000094f00000|100%| E|CS|TAMS 0x0000000094e00000, 0x0000000094e00000| Complete 
| 307|0x0000000094f00000, 0x0000000095000000, 0x0000000095000000|100%| E|CS|TAMS 0x0000000094f00000, 0x0000000094f00000| Complete 
| 308|0x0000000095000000, 0x0000000095100000, 0x0000000095100000|100%| E|CS|TAMS 0x0000000095000000, 0x0000000095000000| Complete 
| 309|0x0000000095100000, 0x0000000095200000, 0x0000000095200000|100%| E|CS|TAMS 0x0000000095100000, 0x0000000095100000| Complete 
| 310|0x0000000095200000, 0x0000000095300000, 0x0000000095300000|100%| E|CS|TAMS 0x0000000095200000, 0x0000000095200000| Complete 
| 311|0x0000000095300000, 0x0000000095400000, 0x0000000095400000|100%| E|CS|TAMS 0x0000000095300000, 0x0000000095300000| Complete 
| 312|0x0000000095400000, 0x0000000095500000, 0x0000000095500000|100%| E|CS|TAMS 0x0000000095400000, 0x0000000095400000| Complete 
| 313|0x0000000095500000, 0x0000000095600000, 0x0000000095600000|100%| E|CS|TAMS 0x0000000095500000, 0x0000000095500000| Complete 
| 314|0x0000000095600000, 0x0000000095700000, 0x0000000095700000|100%| E|CS|TAMS 0x0000000095600000, 0x0000000095600000| Complete 
| 315|0x0000000095700000, 0x0000000095800000, 0x0000000095800000|100%| E|  |TAMS 0x0000000095700000, 0x0000000095700000| Complete 
| 316|0x0000000095800000, 0x0000000095900000, 0x0000000095900000|100%| E|CS|TAMS 0x0000000095800000, 0x0000000095800000| Complete 
| 317|0x0000000095900000, 0x0000000095a00000, 0x0000000095a00000|100%| E|CS|TAMS 0x0000000095900000, 0x0000000095900000| Complete 
| 318|0x0000000095a00000, 0x0000000095b00000, 0x0000000095b00000|100%| E|CS|TAMS 0x0000000095a00000, 0x0000000095a00000| Complete 
| 319|0x0000000095b00000, 0x0000000095c00000, 0x0000000095c00000|100%| E|CS|TAMS 0x0000000095b00000, 0x0000000095b00000| Complete 
| 320|0x0000000095c00000, 0x0000000095d00000, 0x0000000095d00000|100%| E|CS|TAMS 0x0000000095c00000, 0x0000000095c00000| Complete 
| 321|0x0000000095d00000, 0x0000000095e00000, 0x0000000095e00000|100%| E|CS|TAMS 0x0000000095d00000, 0x0000000095d00000| Complete 
| 322|0x0000000095e00000, 0x0000000095f00000, 0x0000000095f00000|100%| E|CS|TAMS 0x0000000095e00000, 0x0000000095e00000| Complete 
| 323|0x0000000095f00000, 0x0000000096000000, 0x0000000096000000|100%| E|CS|TAMS 0x0000000095f00000, 0x0000000095f00000| Complete 
| 324|0x0000000096000000, 0x0000000096100000, 0x0000000096100000|100%| E|CS|TAMS 0x0000000096000000, 0x0000000096000000| Complete 
| 325|0x0000000096100000, 0x0000000096200000, 0x0000000096200000|100%| E|CS|TAMS 0x0000000096100000, 0x0000000096100000| Complete 
| 326|0x0000000096200000, 0x0000000096300000, 0x0000000096300000|100%| E|CS|TAMS 0x0000000096200000, 0x0000000096200000| Complete 
| 327|0x0000000096300000, 0x0000000096400000, 0x0000000096400000|100%| E|CS|TAMS 0x0000000096300000, 0x0000000096300000| Complete 
| 328|0x0000000096400000, 0x0000000096500000, 0x0000000096500000|100%| E|CS|TAMS 0x0000000096400000, 0x0000000096400000| Complete 
| 329|0x0000000096500000, 0x0000000096600000, 0x0000000096600000|100%| E|CS|TAMS 0x0000000096500000, 0x0000000096500000| Complete 
| 330|0x0000000096600000, 0x0000000096700000, 0x0000000096700000|100%| E|CS|TAMS 0x0000000096600000, 0x0000000096600000| Complete 
| 331|0x0000000096700000, 0x0000000096800000, 0x0000000096800000|100%| E|CS|TAMS 0x0000000096700000, 0x0000000096700000| Complete 
| 332|0x0000000096800000, 0x0000000096900000, 0x0000000096900000|100%| E|CS|TAMS 0x0000000096800000, 0x0000000096800000| Complete 
| 333|0x0000000096900000, 0x0000000096a00000, 0x0000000096a00000|100%| E|CS|TAMS 0x0000000096900000, 0x0000000096900000| Complete 
| 334|0x0000000096a00000, 0x0000000096b00000, 0x0000000096b00000|100%| E|CS|TAMS 0x0000000096a00000, 0x0000000096a00000| Complete 
| 335|0x0000000096b00000, 0x0000000096c00000, 0x0000000096c00000|100%| E|CS|TAMS 0x0000000096b00000, 0x0000000096b00000| Complete 
| 336|0x0000000096c00000, 0x0000000096d00000, 0x0000000096d00000|100%| E|CS|TAMS 0x0000000096c00000, 0x0000000096c00000| Complete 
| 337|0x0000000096d00000, 0x0000000096e00000, 0x0000000096e00000|100%| E|CS|TAMS 0x0000000096d00000, 0x0000000096d00000| Complete 
| 338|0x0000000096e00000, 0x0000000096f00000, 0x0000000096f00000|100%| E|CS|TAMS 0x0000000096e00000, 0x0000000096e00000| Complete 
| 339|0x0000000096f00000, 0x0000000097000000, 0x0000000097000000|100%| E|CS|TAMS 0x0000000096f00000, 0x0000000096f00000| Complete 
| 340|0x0000000097000000, 0x0000000097100000, 0x0000000097100000|100%| E|CS|TAMS 0x0000000097000000, 0x0000000097000000| Complete 
| 341|0x0000000097100000, 0x0000000097200000, 0x0000000097200000|100%| E|CS|TAMS 0x0000000097100000, 0x0000000097100000| Complete 
| 342|0x0000000097200000, 0x0000000097300000, 0x0000000097300000|100%| E|CS|TAMS 0x0000000097200000, 0x0000000097200000| Complete 
| 343|0x0000000097300000, 0x0000000097400000, 0x0000000097400000|100%| E|CS|TAMS 0x0000000097300000, 0x0000000097300000| Complete 
| 344|0x0000000097400000, 0x0000000097500000, 0x0000000097500000|100%| E|CS|TAMS 0x0000000097400000, 0x0000000097400000| Complete 
| 345|0x0000000097500000, 0x0000000097600000, 0x0000000097600000|100%| E|CS|TAMS 0x0000000097500000, 0x0000000097500000| Complete 
| 346|0x0000000097600000, 0x0000000097700000, 0x0000000097700000|100%| E|CS|TAMS 0x0000000097600000, 0x0000000097600000| Complete 
| 347|0x0000000097700000, 0x0000000097800000, 0x0000000097800000|100%| E|CS|TAMS 0x0000000097700000, 0x0000000097700000| Complete 
| 348|0x0000000097800000, 0x0000000097900000, 0x0000000097900000|100%| E|CS|TAMS 0x0000000097800000, 0x0000000097800000| Complete 
| 349|0x0000000097900000, 0x0000000097a00000, 0x0000000097a00000|100%| E|CS|TAMS 0x0000000097900000, 0x0000000097900000| Complete 
| 350|0x0000000097a00000, 0x0000000097b00000, 0x0000000097b00000|100%| E|CS|TAMS 0x0000000097a00000, 0x0000000097a00000| Complete 
| 351|0x0000000097b00000, 0x0000000097c00000, 0x0000000097c00000|100%| E|CS|TAMS 0x0000000097b00000, 0x0000000097b00000| Complete 
| 352|0x0000000097c00000, 0x0000000097d00000, 0x0000000097d00000|100%| E|CS|TAMS 0x0000000097c00000, 0x0000000097c00000| Complete 
| 353|0x0000000097d00000, 0x0000000097e00000, 0x0000000097e00000|100%| E|CS|TAMS 0x0000000097d00000, 0x0000000097d00000| Complete 
| 354|0x0000000097e00000, 0x0000000097f00000, 0x0000000097f00000|100%| E|CS|TAMS 0x0000000097e00000, 0x0000000097e00000| Complete 
| 355|0x0000000097f00000, 0x0000000098000000, 0x0000000098000000|100%| E|CS|TAMS 0x0000000097f00000, 0x0000000097f00000| Complete 
| 356|0x0000000098000000, 0x0000000098100000, 0x0000000098100000|100%| E|CS|TAMS 0x0000000098000000, 0x0000000098000000| Complete 
| 357|0x0000000098100000, 0x0000000098200000, 0x0000000098200000|100%| E|CS|TAMS 0x0000000098100000, 0x0000000098100000| Complete 
| 358|0x0000000098200000, 0x0000000098300000, 0x0000000098300000|100%| E|CS|TAMS 0x0000000098200000, 0x0000000098200000| Complete 
| 359|0x0000000098300000, 0x0000000098400000, 0x0000000098400000|100%| E|CS|TAMS 0x0000000098300000, 0x0000000098300000| Complete 
| 360|0x0000000098400000, 0x0000000098500000, 0x0000000098500000|100%| E|CS|TAMS 0x0000000098400000, 0x0000000098400000| Complete 
| 361|0x0000000098500000, 0x0000000098600000, 0x0000000098600000|100%| E|CS|TAMS 0x0000000098500000, 0x0000000098500000| Complete 
| 362|0x0000000098600000, 0x0000000098700000, 0x0000000098700000|100%| E|CS|TAMS 0x0000000098600000, 0x0000000098600000| Complete 
| 363|0x0000000098700000, 0x0000000098800000, 0x0000000098800000|100%| E|CS|TAMS 0x0000000098700000, 0x0000000098700000| Complete 

Card table byte_map: [0x00000217a6d20000,0x00000217a7120000] _byte_map_base: 0x00000217a6912000

Marking Bits (Prev, Next): (CMBitMap*) 0x00000217942df630, (CMBitMap*) 0x00000217942df5f0
 Prev Bits: [0x00000217a94b0000, 0x00000217ab440000)
 Next Bits: [0x00000217a7520000, 0x00000217a94b0000)

Polling page: 0x0000021792140000

Metaspace:

Usage:
  Non-class:    116.61 MB used.
      Class:     17.16 MB used.
       Both:    133.76 MB used.

Virtual space:
  Non-class space:      120.00 MB reserved,     117.00 MB ( 98%) committed,  15 nodes.
      Class space:        1.00 GB reserved,      17.50 MB (  2%) committed,  1 nodes.
             Both:        1.12 GB reserved,     134.50 MB ( 12%) committed. 

Chunk freelists:
   Non-Class:  2.36 MB
       Class:  2.39 MB
        Both:  4.75 MB

MaxMetaspaceSize: unlimited
CompressedClassSpaceSize: 1.00 GB
Initial GC threshold: 21.00 MB
Current GC threshold: 217.31 MB
CDS: off
MetaspaceReclaimPolicy: balanced
 - commit_granule_bytes: 65536.
 - commit_granule_words: 8192.
 - virtual_space_node_default_size: 1048576.
 - enlarge_chunks_in_place: 1.
 - new_chunks_are_fully_committed: 0.
 - uncommit_free_chunks: 1.
 - use_allocation_guard: 0.
 - handle_deallocations: 1.


Internal statistics:

num_allocs_failed_limit: 12.
num_arena_births: 1334.
num_arena_deaths: 2.
num_vsnodes_births: 16.
num_vsnodes_deaths: 0.
num_space_committed: 2152.
num_space_uncommitted: 0.
num_chunks_returned_to_freelist: 15.
num_chunks_taken_from_freelist: 6316.
num_chunk_merges: 9.
num_chunk_splits: 4250.
num_chunks_enlarged: 3095.
num_purges: 2.
num_inconsistent_stats: 0.

CodeHeap 'non-profiled nmethods': size=120000Kb used=12066Kb max_used=12066Kb free=107934Kb
 bounds [0x000002179f3f0000, 0x000002179ffc0000, 0x00000217a6920000]
CodeHeap 'profiled nmethods': size=120000Kb used=24738Kb max_used=24738Kb free=95261Kb
 bounds [0x0000021797ec0000, 0x00000217996f0000, 0x000002179f3f0000]
CodeHeap 'non-nmethods': size=5760Kb used=1509Kb max_used=1559Kb free=4250Kb
 bounds [0x0000021797920000, 0x0000021797b90000, 0x0000021797ec0000]
 total_blobs=13956 nmethods=13163 adapters=703
 compilation: enabled
              stopped_count=0, restarted_count=0
 full_count=0

Compilation events (20 events):
Event: 264.828 Thread 0x00000217ae444350 16294       1       com.google.common.collect.MapMakerInternalMap$AbstractWeakKeyEntry::getNext (5 bytes)
Event: 264.828 Thread 0x00000217ae444350 nmethod 16294 0x000002179ffb8210 code [0x000002179ffb83a0, 0x000002179ffb8478]
Event: 264.828 Thread 0x00000217ae444350 16299       3       com.google.common.collect.MapMakerInternalMap$Segment::getFirst (21 bytes)
Event: 264.830 Thread 0x00000217ae444350 nmethod 16299 0x00000217996e2d90 code [0x00000217996e3040, 0x00000217996e3dc8]
Event: 264.830 Thread 0x00000217ae444350 16300       3       com.google.common.collect.MapMakerInternalMap$Segment::getEntry (80 bytes)
Event: 264.833 Thread 0x00000217ae444350 nmethod 16300 0x00000217996e4310 code [0x00000217996e45a0, 0x00000217996e5758]
Event: 264.833 Thread 0x00000217ae444350 16298       3       com.netflix.servo.tag.Tags::intern (13 bytes)
Event: 264.833 Thread 0x00000217ae444350 nmethod 16298 0x00000217996e5c90 code [0x00000217996e5e40, 0x00000217996e6068]
Event: 264.833 Thread 0x00000217ae444350 16301       3       com.netflix.servo.jmx.ObjectNameBuilder::addProperty (17 bytes)
Event: 264.834 Thread 0x00000217ae444350 nmethod 16301 0x00000217996e6110 code [0x00000217996e6380, 0x00000217996e6ad8]
Event: 264.834 Thread 0x00000217ae444350 16302       3       javax.management.ObjectName::getCanonicalKeyPropertyListString (45 bytes)
Event: 264.834 Thread 0x00000217ae444350 nmethod 16302 0x00000217996e6e10 code [0x00000217996e6fe0, 0x00000217996e7428]
Event: 264.835 Thread 0x00000217ae444350 16304       3       com.netflix.servo.tag.SmallTagMap$Builder$$Lambda$2235/0x0000000101090000::compare (12 bytes)
Event: 264.835 Thread 0x00000217ae444350 nmethod 16304 0x00000217996e7610 code [0x00000217996e77c0, 0x00000217996e7b28]
Event: 264.835 Thread 0x00000217ae444350 16305   !   3       javax.management.MBeanInfo::arrayGettersSafe (85 bytes)
Event: 264.837 Thread 0x00000217ae444350 nmethod 16305 0x00000217996e7c10 code [0x00000217996e7e60, 0x00000217996e8918]
Event: 264.837 Thread 0x00000217ae444350 16306       1       com.netflix.servo.jmx.MonitorMBean::getObjectName (5 bytes)
Event: 264.838 Thread 0x00000217ae444350 nmethod 16306 0x000002179ffb8510 code [0x000002179ffb86a0, 0x000002179ffb8778]
Event: 264.838 Thread 0x00000217ae444350 16307       3       javax.management.ObjectName::hashCode (8 bytes)
Event: 264.838 Thread 0x00000217ae444350 nmethod 16307 0x00000217996e8d90 code [0x00000217996e8f40, 0x00000217996e9088]

GC Heap History (20 events):
Event: 45.180 GC heap before
{Heap before GC invocations=54 (full 0):
 garbage-first heap   total 372736K, used 285557K [0x0000000081c00000, 0x0000000100000000)
  region size 1024K, 218 young (223232K), 6 survivors (6144K)
 Metaspace       used 67057K, committed 67456K, reserved 1114112K
  class space    used 8362K, committed 8576K, reserved 1048576K
}
Event: 45.190 GC heap after
{Heap after GC invocations=55 (full 0):
 garbage-first heap   total 372736K, used 62070K [0x0000000081c00000, 0x0000000100000000)
  region size 1024K, 7 young (7168K), 7 survivors (7168K)
 Metaspace       used 67057K, committed 67456K, reserved 1114112K
  class space    used 8362K, committed 8576K, reserved 1048576K
}
Event: 46.637 GC heap before
{Heap before GC invocations=55 (full 0):
 garbage-first heap   total 372736K, used 278134K [0x0000000081c00000, 0x0000000100000000)
  region size 1024K, 218 young (223232K), 7 survivors (7168K)
 Metaspace       used 67219K, committed 67648K, reserved 1114112K
  class space    used 8381K, committed 8576K, reserved 1048576K
}
Event: 46.648 GC heap after
{Heap after GC invocations=56 (full 0):
 garbage-first heap   total 372736K, used 63402K [0x0000000081c00000, 0x0000000100000000)
  region size 1024K, 9 young (9216K), 9 survivors (9216K)
 Metaspace       used 67219K, committed 67648K, reserved 1114112K
  class space    used 8381K, committed 8576K, reserved 1048576K
}
Event: 60.574 GC heap before
{Heap before GC invocations=56 (full 0):
 garbage-first heap   total 372736K, used 276394K [0x0000000081c00000, 0x0000000100000000)
  region size 1024K, 218 young (223232K), 9 survivors (9216K)
 Metaspace       used 80314K, committed 80768K, reserved 1122304K
  class space    used 10047K, committed 10240K, reserved 1048576K
}
Event: 60.589 GC heap after
{Heap after GC invocations=57 (full 0):
 garbage-first heap   total 372736K, used 67568K [0x0000000081c00000, 0x0000000100000000)
  region size 1024K, 13 young (13312K), 13 survivors (13312K)
 Metaspace       used 80314K, committed 80768K, reserved 1122304K
  class space    used 10047K, committed 10240K, reserved 1048576K
}
Event: 215.899 GC heap before
{Heap before GC invocations=57 (full 0):
 garbage-first heap   total 372736K, used 277488K [0x0000000081c00000, 0x0000000100000000)
  region size 1024K, 218 young (223232K), 13 survivors (13312K)
 Metaspace       used 90419K, committed 91008K, reserved 1130496K
  class space    used 11357K, committed 11648K, reserved 1048576K
}
Event: 215.934 GC heap after
{Heap after GC invocations=58 (full 0):
 garbage-first heap   total 372736K, used 81526K [0x0000000081c00000, 0x0000000100000000)
  region size 1024K, 26 young (26624K), 26 survivors (26624K)
 Metaspace       used 90419K, committed 91008K, reserved 1130496K
  class space    used 11357K, committed 11648K, reserved 1048576K
}
Event: 219.478 GC heap before
{Heap before GC invocations=58 (full 0):
 garbage-first heap   total 372736K, used 278134K [0x0000000081c00000, 0x0000000100000000)
  region size 1024K, 218 young (223232K), 26 survivors (26624K)
 Metaspace       used 99639K, committed 100160K, reserved 1138688K
  class space    used 12561K, committed 12800K, reserved 1048576K
}
Event: 219.527 GC heap after
{Heap after GC invocations=59 (full 0):
 garbage-first heap   total 372736K, used 89982K [0x0000000081c00000, 0x0000000100000000)
  region size 1024K, 9 young (9216K), 9 survivors (9216K)
 Metaspace       used 99639K, committed 100160K, reserved 1138688K
  class space    used 12561K, committed 12800K, reserved 1048576K
}
Event: 223.370 GC heap before
{Heap before GC invocations=59 (full 0):
 garbage-first heap   total 372736K, used 303998K [0x0000000081c00000, 0x0000000100000000)
  region size 1024K, 218 young (223232K), 9 survivors (9216K)
 Metaspace       used 107969K, committed 108608K, reserved 1146880K
  class space    used 13391K, committed 13760K, reserved 1048576K
}
Event: 223.396 GC heap after
{Heap after GC invocations=60 (full 0):
 garbage-first heap   total 372736K, used 100734K [0x0000000081c00000, 0x0000000100000000)
  region size 1024K, 20 young (20480K), 20 survivors (20480K)
 Metaspace       used 107969K, committed 108608K, reserved 1146880K
  class space    used 13391K, committed 13760K, reserved 1048576K
}
Event: 226.473 GC heap before
{Heap before GC invocations=60 (full 0):
 garbage-first heap   total 372736K, used 220542K [0x0000000081c00000, 0x0000000100000000)
  region size 1024K, 138 young (141312K), 20 survivors (20480K)
 Metaspace       used 111667K, committed 112320K, reserved 1155072K
  class space    used 13943K, committed 14272K, reserved 1048576K
}
Event: 226.511 GC heap after
{Heap after GC invocations=61 (full 0):
 garbage-first heap   total 372736K, used 107916K [0x0000000081c00000, 0x0000000100000000)
  region size 1024K, 19 young (19456K), 19 survivors (19456K)
 Metaspace       used 111667K, committed 112320K, reserved 1155072K
  class space    used 13943K, committed 14272K, reserved 1048576K
}
Event: 236.705 GC heap before
{Heap before GC invocations=62 (full 0):
 garbage-first heap   total 372736K, used 305548K [0x0000000081c00000, 0x0000000100000000)
  region size 1024K, 212 young (217088K), 19 survivors (19456K)
 Metaspace       used 123062K, committed 123776K, reserved 1163264K
  class space    used 15646K, committed 16000K, reserved 1048576K
}
Event: 236.744 GC heap after
{Heap after GC invocations=63 (full 0):
 garbage-first heap   total 372736K, used 117760K [0x0000000081c00000, 0x0000000100000000)
  region size 1024K, 17 young (17408K), 17 survivors (17408K)
 Metaspace       used 123062K, committed 123776K, reserved 1163264K
  class space    used 15646K, committed 16000K, reserved 1048576K
}
Event: 236.790 GC heap before
{Heap before GC invocations=63 (full 0):
 garbage-first heap   total 372736K, used 118784K [0x0000000081c00000, 0x0000000100000000)
  region size 1024K, 18 young (18432K), 17 survivors (17408K)
 Metaspace       used 123101K, committed 123776K, reserved 1163264K
  class space    used 15654K, committed 16000K, reserved 1048576K
}
Event: 236.821 GC heap after
{Heap after GC invocations=64 (full 0):
 garbage-first heap   total 372736K, used 118757K [0x0000000081c00000, 0x0000000100000000)
  region size 1024K, 2 young (2048K), 2 survivors (2048K)
 Metaspace       used 123101K, committed 123776K, reserved 1163264K
  class space    used 15654K, committed 16000K, reserved 1048576K
}
Event: 250.200 GC heap before
{Heap before GC invocations=64 (full 0):
 garbage-first heap   total 372736K, used 307173K [0x0000000081c00000, 0x0000000100000000)
  region size 1024K, 186 young (190464K), 2 survivors (2048K)
 Metaspace       used 132594K, committed 133312K, reserved 1171456K
  class space    used 16971K, committed 17344K, reserved 1048576K
}
Event: 250.220 GC heap after
{Heap after GC invocations=65 (full 0):
 garbage-first heap   total 372736K, used 125536K [0x0000000081c00000, 0x0000000100000000)
  region size 1024K, 9 young (9216K), 9 survivors (9216K)
 Metaspace       used 132594K, committed 133312K, reserved 1171456K
  class space    used 16971K, committed 17344K, reserved 1048576K
}

Deoptimization events (20 events):
Event: 264.806 Thread 0x00000217b96ada40 Uncommon trap: trap_request=0xffffff97 fr.pc=0x000002179f698778 relative=0x0000000000000138
Event: 264.807 Thread 0x00000217b96ada40 Uncommon trap: reason=unhandled action=none pc=0x000002179f698778 method=jdk.internal.loader.BuiltinClassLoader.loadClass(Ljava/lang/String;Z)Ljava/lang/Class; @ 19 c2
Event: 264.807 Thread 0x00000217b96ada40 DEOPT PACKING pc=0x000002179f698778 sp=0x000000913fafce50
Event: 264.807 Thread 0x00000217b96ada40 DEOPT UNPACKING pc=0x00000217979723a3 sp=0x000000913fafcd18 mode 2
Event: 264.807 Thread 0x00000217b96ada40 DEOPT PACKING pc=0x000002179f66c3d4 sp=0x000000913fafd840
Event: 264.807 Thread 0x00000217b96ada40 DEOPT UNPACKING pc=0x0000021797972b43 sp=0x000000913fafccd0 mode 1
Event: 264.812 Thread 0x00000217b96ada40 Uncommon trap: trap_request=0xffffff97 fr.pc=0x000002179f698778 relative=0x0000000000000138
Event: 264.812 Thread 0x00000217b96ada40 Uncommon trap: reason=unhandled action=none pc=0x000002179f698778 method=jdk.internal.loader.BuiltinClassLoader.loadClass(Ljava/lang/String;Z)Ljava/lang/Class; @ 19 c2
Event: 264.812 Thread 0x00000217b96ada40 DEOPT PACKING pc=0x000002179f698778 sp=0x000000913fafce90
Event: 264.812 Thread 0x00000217b96ada40 DEOPT UNPACKING pc=0x00000217979723a3 sp=0x000000913fafcd58 mode 2
Event: 264.812 Thread 0x00000217b96ada40 DEOPT PACKING pc=0x000002179f66c3d4 sp=0x000000913fafd880
Event: 264.812 Thread 0x00000217b96ada40 DEOPT UNPACKING pc=0x0000021797972b43 sp=0x000000913fafccf8 mode 1
Event: 264.812 Thread 0x00000217b96ada40 DEOPT PACKING pc=0x000002179858a714 sp=0x000000913fafd8c0
Event: 264.812 Thread 0x00000217b96ada40 DEOPT UNPACKING pc=0x0000021797972b43 sp=0x000000913fafce28 mode 1
Event: 264.813 Thread 0x00000217b96ada40 Uncommon trap: trap_request=0xffffff97 fr.pc=0x000002179f698778 relative=0x0000000000000138
Event: 264.813 Thread 0x00000217b96ada40 Uncommon trap: reason=unhandled action=none pc=0x000002179f698778 method=jdk.internal.loader.BuiltinClassLoader.loadClass(Ljava/lang/String;Z)Ljava/lang/Class; @ 19 c2
Event: 264.813 Thread 0x00000217b96ada40 DEOPT PACKING pc=0x000002179f698778 sp=0x000000913fafcf10
Event: 264.813 Thread 0x00000217b96ada40 DEOPT UNPACKING pc=0x00000217979723a3 sp=0x000000913fafcdd8 mode 2
Event: 264.813 Thread 0x00000217b96ada40 DEOPT PACKING pc=0x000002179f66c3d4 sp=0x000000913fafd900
Event: 264.813 Thread 0x00000217b96ada40 DEOPT UNPACKING pc=0x0000021797972b43 sp=0x000000913fafcd90 mode 1

Classes unloaded (1 events):
Event: 34.821 Thread 0x00000217ad942ba0 Unloading class 0x00000001006a0000 'net/bytebuddy/mirror/AccessibleObject'

Classes redefined (0 events):
No events

Internal exceptions (20 events):
Event: 260.276 Thread 0x00000217aff4cd70 Exception <a 'java/io/IOException'{0x0000000094580870}> (0x0000000094580870) 
thrown [s\src\hotspot\share\prims\jni.cpp, line 516]
Event: 260.316 Thread 0x00000217b96aa080 Exception <a 'java/net/ConnectException'{0x000000009431d980}: Connection refused: connect> (0x000000009431d980) 
thrown [s\src\hotspot\share\prims\jni.cpp, line 535]
Event: 260.316 Thread 0x00000217b96aa080 Exception <a 'java/net/SocketException'{0x000000009431df60}: Socket is not connected: shutdown> (0x000000009431df60) 
thrown [s\src\hotspot\share\prims\jni.cpp, line 535]
Event: 260.318 Thread 0x00000217b96aa080 Exception <a 'java/net/ConnectException'{0x000000009431f438}: Connection refused: connect> (0x000000009431f438) 
thrown [s\src\hotspot\share\prims\jni.cpp, line 535]
Event: 260.318 Thread 0x00000217b96aa080 Exception <a 'java/net/SocketException'{0x000000009431fa18}: Socket is not connected: shutdown> (0x000000009431fa18) 
thrown [s\src\hotspot\share\prims\jni.cpp, line 535]
Event: 260.329 Thread 0x00000217b0e24e50 Exception <a 'java/lang/InterruptedException'{0x0000000094100840}: sleep interrupted> (0x0000000094100840) 
thrown [s\src\hotspot\share\prims\jvm.cpp, line 3070]
Event: 260.337 Thread 0x00000217b27897a0 Exception <a 'java/lang/InterruptedException'{0x00000000941b97b0}: sleep interrupted> (0x00000000941b97b0) 
thrown [s\src\hotspot\share\prims\jvm.cpp, line 3070]
Event: 260.789 Thread 0x00000217b8ffc810 Exception <a 'java/lang/InterruptedException'{0x00000000938e4600}: sleep interrupted> (0x00000000938e4600) 
thrown [s\src\hotspot\share\prims\jvm.cpp, line 3070]
Event: 260.793 Thread 0x00000217b8ffb9a0 Exception <a 'java/io/IOException'{0x0000000095c05cd8}> (0x0000000095c05cd8) 
thrown [s\src\hotspot\share\prims\jni.cpp, line 516]
Event: 261.061 Thread 0x00000217b8ffc340 Exception <a 'java/lang/InterruptedException'{0x0000000095c6ba68}: sleep interrupted> (0x0000000095c6ba68) 
thrown [s\src\hotspot\share\prims\jvm.cpp, line 3070]
Event: 261.083 Thread 0x00000217b8ff9cc0 Exception <a 'java/io/IOException'{0x0000000095c336c8}> (0x0000000095c336c8) 
thrown [s\src\hotspot\share\prims\jni.cpp, line 516]
Event: 261.404 Thread 0x00000217b96ada40 Exception <a 'sun/net/ConnectionResetException'{0x000000009373bc00}: Connection reset> (0x000000009373bc00) 
thrown [s\src\hotspot\share\prims\jni.cpp, line 535]
Event: 261.407 Thread 0x00000217b8fff830 Exception <a 'java/lang/InterruptedException'{0x0000000095c46930}: sleep interrupted> (0x0000000095c46930) 
thrown [s\src\hotspot\share\prims\jvm.cpp, line 3070]
Event: 261.411 Thread 0x00000217b8ffd1b0 Exception <a 'java/io/IOException'{0x0000000095c1fc38}> (0x0000000095c1fc38) 
thrown [s\src\hotspot\share\prims\jni.cpp, line 516]
Event: 261.697 Thread 0x00000217b96ada40 Exception <a 'sun/net/ConnectionResetException'{0x00000000937418f0}: Connection reset> (0x00000000937418f0) 
thrown [s\src\hotspot\share\prims\jni.cpp, line 535]
Event: 261.699 Thread 0x00000217b8ffa660 Exception <a 'java/lang/InterruptedException'{0x0000000095c590c0}: sleep interrupted> (0x0000000095c590c0) 
thrown [s\src\hotspot\share\prims\jvm.cpp, line 3070]
Event: 264.818 Thread 0x00000217b96ada40 Exception <a 'java/net/ConnectException'{0x0000000093683318}: Connection refused: connect> (0x0000000093683318) 
thrown [s\src\hotspot\share\prims\jni.cpp, line 535]
Event: 264.818 Thread 0x00000217b96ada40 Exception <a 'java/net/SocketException'{0x00000000936838f8}: Socket is not connected: shutdown> (0x00000000936838f8) 
thrown [s\src\hotspot\share\prims\jni.cpp, line 535]
Event: 264.819 Thread 0x00000217b96ada40 Exception <a 'java/net/ConnectException'{0x0000000093684dd0}: Connection refused: connect> (0x0000000093684dd0) 
thrown [s\src\hotspot\share\prims\jni.cpp, line 535]
Event: 264.819 Thread 0x00000217b96ada40 Exception <a 'java/net/SocketException'{0x00000000936853b0}: Socket is not connected: shutdown> (0x00000000936853b0) 
thrown [s\src\hotspot\share\prims\jni.cpp, line 535]

VM Operations (20 events):
Event: 250.806 Executing VM operation: HandshakeAllThreads done
Event: 250.924 Executing VM operation: HandshakeAllThreads
Event: 250.924 Executing VM operation: HandshakeAllThreads done
Event: 250.924 Executing VM operation: HandshakeAllThreads
Event: 250.924 Executing VM operation: HandshakeAllThreads done
Event: 251.157 Executing VM operation: HandshakeAllThreads
Event: 251.157 Executing VM operation: HandshakeAllThreads done
Event: 252.160 Executing VM operation: Cleanup
Event: 252.160 Executing VM operation: Cleanup done
Event: 258.208 Executing VM operation: Cleanup
Event: 258.208 Executing VM operation: Cleanup done
Event: 259.210 Executing VM operation: Cleanup
Event: 259.210 Executing VM operation: Cleanup done
Event: 259.933 Executing VM operation: HandshakeAllThreads
Event: 259.933 Executing VM operation: HandshakeAllThreads done
Event: 260.944 Executing VM operation: Cleanup
Event: 260.945 Executing VM operation: Cleanup done
Event: 261.952 Executing VM operation: Cleanup
Event: 261.952 Executing VM operation: Cleanup done
Event: 264.846 Executing VM operation: Exit

Events (20 events):
Event: 260.792 loading class sun/security/ssl/Alert$Level
Event: 260.792 loading class sun/security/ssl/Alert$Level done
Event: 260.795 Thread 0x00000217b8ffb9a0 Thread exited: 0x00000217b8ffb9a0
Event: 261.061 Thread 0x00000217b8ffc340 Thread exited: 0x00000217b8ffc340
Event: 261.077 Thread 0x00000217b4087350 Thread exited: 0x00000217b4087350
Event: 261.086 Thread 0x00000217b8ff9cc0 Thread exited: 0x00000217b8ff9cc0
Event: 261.407 Thread 0x00000217b8fff830 Thread exited: 0x00000217b8fff830
Event: 261.414 Thread 0x00000217b8ffd1b0 Thread exited: 0x00000217b8ffd1b0
Event: 261.700 Thread 0x00000217b8ffa660 Thread exited: 0x00000217b8ffa660
Event: 261.708 loading class java/util/AbstractMap$2
Event: 261.709 loading class java/util/AbstractMap$2 done
Event: 261.714 loading class java/util/AbstractMap$2$1
Event: 261.714 loading class java/util/AbstractMap$2$1 done
Event: 264.727 Thread 0x00000217b96aa080 Thread exited: 0x00000217b96aa080
Event: 264.728 Thread 0x00000217b96acbd0 Thread exited: 0x00000217b96acbd0
Event: 264.728 Thread 0x00000217b96aaef0 Thread exited: 0x00000217b96aaef0
Event: 264.822 Thread 0x00000217b8fff360 Thread exited: 0x00000217b8fff360
Event: 264.840 Thread 0x00000217b96ada40 Thread exited: 0x00000217b96ada40
Event: 264.845 Thread 0x00000217ae76dcf0 Thread exited: 0x00000217ae76dcf0
Event: 264.846 Thread 0x00000217ae4318d0 Thread exited: 0x00000217ae4318d0


Dynamic libraries:
0x00007ff72e5a0000 - 0x00007ff72e5ae000 	C:\Users\BUYPC\Desktop\sts-4.16.0.RELEASE\plugins\org.eclipse.justj.openjdk.hotspot.jre.full.win32.x86_64_17.0.4.v20220903-1038\jre\bin\javaw.exe
0x00007ff868ad0000 - 0x00007ff868cc8000 	C:\Windows\SYSTEM32\ntdll.dll
0x00007ff855a00000 - 0x00007ff855a17000 	C:\Program Files\Avast Software\Avast\aswhook.dll
0x00007ff8682d0000 - 0x00007ff86838d000 	C:\Windows\System32\KERNEL32.DLL
0x00007ff8661e0000 - 0x00007ff8664b2000 	C:\Windows\System32\KERNELBASE.dll
0x00007ff8664c0000 - 0x00007ff8665c0000 	C:\Windows\System32\ucrtbase.dll
0x00007ff85f560000 - 0x00007ff85f578000 	C:\Users\BUYPC\Desktop\sts-4.16.0.RELEASE\plugins\org.eclipse.justj.openjdk.hotspot.jre.full.win32.x86_64_17.0.4.v20220903-1038\jre\bin\jli.dll
0x00007ff857a10000 - 0x00007ff857a29000 	C:\Users\BUYPC\Desktop\sts-4.16.0.RELEASE\plugins\org.eclipse.justj.openjdk.hotspot.jre.full.win32.x86_64_17.0.4.v20220903-1038\jre\bin\VCRUNTIME140.dll
0x00007ff868030000 - 0x00007ff8681cd000 	C:\Windows\System32\USER32.dll
0x00007ff866b00000 - 0x00007ff866b22000 	C:\Windows\System32\win32u.dll
0x00007ff867da0000 - 0x00007ff867dcb000 	C:\Windows\System32\GDI32.dll
0x00007ff866860000 - 0x00007ff86696f000 	C:\Windows\System32\gdi32full.dll
0x00007ff8667c0000 - 0x00007ff86685d000 	C:\Windows\System32\msvcp_win.dll
0x00007ff8531e0000 - 0x00007ff85347a000 	C:\Windows\WinSxS\amd64_microsoft.windows.common-controls_6595b64144ccf1df_6.0.19041.1110_none_60b5254171f9507e\COMCTL32.dll
0x00007ff868230000 - 0x00007ff8682ce000 	C:\Windows\System32\msvcrt.dll
0x00007ff867eb0000 - 0x00007ff867ee0000 	C:\Windows\System32\IMM32.DLL
0x00007ff861890000 - 0x00007ff86189c000 	C:\Users\BUYPC\Desktop\sts-4.16.0.RELEASE\plugins\org.eclipse.justj.openjdk.hotspot.jre.full.win32.x86_64_17.0.4.v20220903-1038\jre\bin\vcruntime140_1.dll
0x00007ff837620000 - 0x00007ff8376b1000 	C:\Users\BUYPC\Desktop\sts-4.16.0.RELEASE\plugins\org.eclipse.justj.openjdk.hotspot.jre.full.win32.x86_64_17.0.4.v20220903-1038\jre\bin\msvcp140.dll
0x00007ff834dc0000 - 0x00007ff835a06000 	C:\Users\BUYPC\Desktop\sts-4.16.0.RELEASE\plugins\org.eclipse.justj.openjdk.hotspot.jre.full.win32.x86_64_17.0.4.v20220903-1038\jre\bin\server\jvm.dll
0x00007ff8670f0000 - 0x00007ff86719e000 	C:\Windows\System32\ADVAPI32.dll
0x00007ff867ee0000 - 0x00007ff867f7c000 	C:\Windows\System32\sechost.dll
0x00007ff866fb0000 - 0x00007ff8670d5000 	C:\Windows\System32\RPCRT4.dll
0x00007ff8670e0000 - 0x00007ff8670e8000 	C:\Windows\System32\PSAPI.DLL
0x00007ff850a30000 - 0x00007ff850a57000 	C:\Windows\SYSTEM32\WINMM.dll
0x00007ff856aa0000 - 0x00007ff856aa9000 	C:\Windows\SYSTEM32\WSOCK32.dll
0x00007ff85d750000 - 0x00007ff85d75a000 	C:\Windows\SYSTEM32\VERSION.dll
0x00007ff867360000 - 0x00007ff8673cb000 	C:\Windows\System32\WS2_32.dll
0x00007ff864a30000 - 0x00007ff864a42000 	C:\Windows\SYSTEM32\kernel.appcore.dll
0x00007ff863920000 - 0x00007ff86392a000 	C:\Users\BUYPC\Desktop\sts-4.16.0.RELEASE\plugins\org.eclipse.justj.openjdk.hotspot.jre.full.win32.x86_64_17.0.4.v20220903-1038\jre\bin\jimage.dll
0x00007ff85cbe0000 - 0x00007ff85cdc4000 	C:\Windows\SYSTEM32\DBGHELP.DLL
0x00007ff85b2d0000 - 0x00007ff85b2fc000 	C:\Windows\SYSTEM32\dbgcore.DLL
0x00007ff866a70000 - 0x00007ff866af2000 	C:\Windows\System32\bcryptPrimitives.dll
0x00007ff8531a0000 - 0x00007ff8531db000 	C:\Users\BUYPC\Desktop\sts-4.16.0.RELEASE\plugins\org.eclipse.justj.openjdk.hotspot.jre.full.win32.x86_64_17.0.4.v20220903-1038\jre\bin\jdwp.dll
0x00007ff863910000 - 0x00007ff86391e000 	C:\Users\BUYPC\Desktop\sts-4.16.0.RELEASE\plugins\org.eclipse.justj.openjdk.hotspot.jre.full.win32.x86_64_17.0.4.v20220903-1038\jre\bin\instrument.dll
0x00007ff85f110000 - 0x00007ff85f135000 	C:\Users\BUYPC\Desktop\sts-4.16.0.RELEASE\plugins\org.eclipse.justj.openjdk.hotspot.jre.full.win32.x86_64_17.0.4.v20220903-1038\jre\bin\java.dll
0x00007ff85f2e0000 - 0x00007ff85f2f8000 	C:\Users\BUYPC\Desktop\sts-4.16.0.RELEASE\plugins\org.eclipse.justj.openjdk.hotspot.jre.full.win32.x86_64_17.0.4.v20220903-1038\jre\bin\zip.dll
0x00007ff867650000 - 0x00007ff867d93000 	C:\Windows\System32\SHELL32.dll
0x00007ff864280000 - 0x00007ff864a11000 	C:\Windows\SYSTEM32\windows.storage.dll
0x00007ff868580000 - 0x00007ff8688d4000 	C:\Windows\System32\combase.dll
0x00007ff865b60000 - 0x00007ff865b90000 	C:\Windows\SYSTEM32\Wldp.dll
0x00007ff867f80000 - 0x00007ff86802d000 	C:\Windows\System32\SHCORE.dll
0x00007ff8681d0000 - 0x00007ff868225000 	C:\Windows\System32\shlwapi.dll
0x00007ff866120000 - 0x00007ff86613f000 	C:\Windows\SYSTEM32\profapi.dll
0x00007ff85fc20000 - 0x00007ff85fc2c000 	C:\Users\BUYPC\Desktop\sts-4.16.0.RELEASE\plugins\org.eclipse.justj.openjdk.hotspot.jre.full.win32.x86_64_17.0.4.v20220903-1038\jre\bin\dt_socket.dll
0x00007ff8655b0000 - 0x00007ff8655eb000 	C:\Windows\SYSTEM32\IPHLPAPI.DLL
0x00007ff8658c0000 - 0x00007ff86592a000 	C:\Windows\system32\mswsock.dll
0x00007ff8655f0000 - 0x00007ff8656ba000 	C:\Windows\SYSTEM32\DNSAPI.dll
0x00007ff866b30000 - 0x00007ff866b38000 	C:\Windows\System32\NSI.dll
0x00007ff858020000 - 0x00007ff85802a000 	C:\Windows\System32\rasadhlp.dll
0x00007ff858570000 - 0x00007ff8585f0000 	C:\Windows\System32\fwpuclnt.dll
0x00007ff866790000 - 0x00007ff8667b7000 	C:\Windows\System32\bcrypt.dll
0x00007ff85f280000 - 0x00007ff85f299000 	C:\Users\BUYPC\Desktop\sts-4.16.0.RELEASE\plugins\org.eclipse.justj.openjdk.hotspot.jre.full.win32.x86_64_17.0.4.v20220903-1038\jre\bin\net.dll
0x00007ff8581e0000 - 0x00007ff8582ed000 	C:\Windows\SYSTEM32\WINHTTP.dll
0x00007ff85f200000 - 0x00007ff85f215000 	C:\Users\BUYPC\Desktop\sts-4.16.0.RELEASE\plugins\org.eclipse.justj.openjdk.hotspot.jre.full.win32.x86_64_17.0.4.v20220903-1038\jre\bin\nio.dll
0x00007ff863680000 - 0x00007ff863690000 	C:\Users\BUYPC\Desktop\sts-4.16.0.RELEASE\plugins\org.eclipse.justj.openjdk.hotspot.jre.full.win32.x86_64_17.0.4.v20220903-1038\jre\bin\verify.dll
0x00007ff85ea70000 - 0x00007ff85ea87000 	C:\Windows\SYSTEM32\dhcpcsvc6.DLL
0x00007ff85ef70000 - 0x00007ff85ef8d000 	C:\Windows\SYSTEM32\dhcpcsvc.DLL
0x00007ff865ac0000 - 0x00007ff865ad8000 	C:\Windows\SYSTEM32\CRYPTSP.dll
0x00007ff8651e0000 - 0x00007ff865214000 	C:\Windows\system32\rsaenh.dll
0x00007ff8660e0000 - 0x00007ff86610e000 	C:\Windows\SYSTEM32\USERENV.dll
0x00007ff865ab0000 - 0x00007ff865abc000 	C:\Windows\SYSTEM32\CRYPTBASE.dll
0x00007ff860370000 - 0x00007ff860379000 	C:\Users\BUYPC\Desktop\sts-4.16.0.RELEASE\plugins\org.eclipse.justj.openjdk.hotspot.jre.full.win32.x86_64_17.0.4.v20220903-1038\jre\bin\management.dll
0x00007ff85fc40000 - 0x00007ff85fc4b000 	C:\Users\BUYPC\Desktop\sts-4.16.0.RELEASE\plugins\org.eclipse.justj.openjdk.hotspot.jre.full.win32.x86_64_17.0.4.v20220903-1038\jre\bin\management_ext.dll
0x00007ff84ffc0000 - 0x00007ff84ffd7000 	C:\Windows\system32\napinsp.dll
0x00007ff850130000 - 0x00007ff85014b000 	C:\Windows\system32\pnrpnsp.dll
0x00007ff85fbd0000 - 0x00007ff85fbe5000 	C:\Windows\system32\wshbth.dll
0x00007ff862670000 - 0x00007ff86268d000 	C:\Windows\system32\NLAapi.dll
0x00007ff8501b0000 - 0x00007ff8501c2000 	C:\Windows\System32\winrnr.dll
0x00007ff8618b0000 - 0x00007ff8618be000 	C:\Users\BUYPC\Desktop\sts-4.16.0.RELEASE\plugins\org.eclipse.justj.openjdk.hotspot.jre.full.win32.x86_64_17.0.4.v20220903-1038\jre\bin\sunmscapi.dll
0x00007ff866630000 - 0x00007ff866786000 	C:\Windows\System32\CRYPT32.dll
0x00007ff865bd0000 - 0x00007ff865bf7000 	C:\Windows\SYSTEM32\ncrypt.dll
0x00007ff865b90000 - 0x00007ff865bcb000 	C:\Windows\SYSTEM32\NTASN1.dll
0x00007ff85fc30000 - 0x00007ff85fc37000 	C:\Windows\system32\wshunix.dll

dbghelp: loaded successfully - version: 4.0.5 - missing functions: none
symbol engine: initialized successfully - sym options: 0x614 - pdb path: .;C:\Users\BUYPC\Desktop\sts-4.16.0.RELEASE\plugins\org.eclipse.justj.openjdk.hotspot.jre.full.win32.x86_64_17.0.4.v20220903-1038\jre\bin;C:\Windows\SYSTEM32;C:\Program Files\Avast Software\Avast;C:\Windows\WinSxS\amd64_microsoft.windows.common-controls_6595b64144ccf1df_6.0.19041.1110_none_60b5254171f9507e;C:\Users\BUYPC\Desktop\sts-4.16.0.RELEASE\plugins\org.eclipse.justj.openjdk.hotspot.jre.full.win32.x86_64_17.0.4.v20220903-1038\jre\bin\server

VM Arguments:
jvm_args: -XX:+ShowCodeDetailsInExceptionMessages -agentlib:jdwp=transport=dt_socket,suspend=y,address=localhost:64527 -ea -javaagent:C:\Users\BUYPC\Desktop\sts-4.16.0.RELEASE\configuration\org.eclipse.osgi\268\0\.cp\lib\javaagent-shaded.jar -Dfile.encoding=UTF-8 
java_command: org.eclipse.jdt.internal.junit.runner.RemoteTestRunner -version 3 -port 64526 -testLoaderClass org.eclipse.jdt.internal.junit5.runner.JUnit5TestLoader -loaderpluginname org.eclipse.jdt.junit5.runtime -test testController.CourseControllerTest:AddCourses
java_class_path (initial): C:\Users\BUYPC\Desktop\yuzee-backend-institute-api\target\test-classes;C:\Users\BUYPC\Desktop\yuzee-backend-institute-api\target\classes;C:\Users\BUYPC\.m2\repository\org\apache\commons\commons-lang3\3.11\commons-lang3-3.11.jar;C:\Users\BUYPC\.m2\repository\org\projectlombok\lombok\1.18.20\lombok-1.18.20.jar;C:\Users\BUYPC\.m2\repository\junit\junit\4.12\junit-4.12.jar;C:\Users\BUYPC\.m2\repository\org\hamcrest\hamcrest-core\2.2\hamcrest-core-2.2.jar;C:\Users\BUYPC\.m2\repository\org\springframework\boot\spring-boot-starter-web\2.4.5\spring-boot-starter-web-2.4.5.jar;C:\Users\BUYPC\.m2\repository\org\springframework\boot\spring-boot-starter\2.4.5\spring-boot-starter-2.4.5.jar;C:\Users\BUYPC\.m2\repository\org\springframework\boot\spring-boot-starter-logging\2.4.5\spring-boot-starter-logging-2.4.5.jar;C:\Users\BUYPC\.m2\repository\ch\qos\logback\logback-classic\1.2.3\logback-classic-1.2.3.jar;C:\Users\BUYPC\.m2\repository\ch\qos\logback\logback-core\1.2.3\logback-core-1.2.3.jar;C:\Users\BUYPC\.m2\repository\org\apache\logging\log4j\log4j-to-slf4j\2.13.3\log4j-to-slf4j-2.13.3.jar;C:\Users\BUYPC\.m2\repository\org\apache\logging\log4j\log4j-api\2.13.3\log4j-api-2.13.3.jar;C:\Users\BUYPC\.m2\repository\org\slf4j\jul-to-slf4j\1.7.30\jul-to-slf4j-1.7.30.jar;C:\Users\BUYPC\.m2\repository\org\yaml\snakeyaml\1.27\snakeyaml-1.27.jar;C:\Users\BUYPC\.m2\repository\org\springframework\boot\spring-boot-starter-json\2.4.5\spring-boot-starter-json-2.4.5.jar;C:\Users\BUYPC\.m2\repository\com\fasterxml\jackson\datatype\jackson-datatype-jdk8\2.11.4\jackson-datatype-jdk8-2.11.4.jar;C:\Users\BUYPC\.m2\repository\com\fasterxml\jackson\datatype\jackson-datatype-jsr310\2.11.4\jackson-datatype-jsr310-2.11.4.jar;C:\Users\BUYPC\.m2\repository\com\fasterxml\jackson\module\jackson-module-parameter-names\2.11.4\jackson-module-parameter-names-2.11.4.jar;C:\Users\BUYPC\.m2\repository\org\springframework\spring-web\5.3.6\spring-web-5.3.6.jar;C:\Users\BUYPC\.m2\repositor
Launcher Type: SUN_STANDARD

[Global flags]
     intx CICompilerCount                          = 3                                         {product} {ergonomic}
     uint ConcGCThreads                            = 1                                         {product} {ergonomic}
     uint G1ConcRefinementThreads                  = 4                                         {product} {ergonomic}
   size_t G1HeapRegionSize                         = 1048576                                   {product} {ergonomic}
    uintx GCDrainStackTargetSize                   = 64                                        {product} {ergonomic}
   size_t InitialHeapSize                          = 134217728                                 {product} {ergonomic}
   size_t MarkStackSize                            = 4194304                                   {product} {ergonomic}
   size_t MaxHeapSize                              = 2118123520                                {product} {ergonomic}
   size_t MaxNewSize                               = 1270874112                                {product} {ergonomic}
   size_t MinHeapDeltaBytes                        = 1048576                                   {product} {ergonomic}
   size_t MinHeapSize                              = 8388608                                   {product} {ergonomic}
    uintx NonNMethodCodeHeapSize                   = 5832780                                {pd product} {ergonomic}
    uintx NonProfiledCodeHeapSize                  = 122912730                              {pd product} {ergonomic}
    uintx ProfiledCodeHeapSize                     = 122912730                              {pd product} {ergonomic}
    uintx ReservedCodeCacheSize                    = 251658240                              {pd product} {ergonomic}
     bool SegmentedCodeCache                       = true                                      {product} {ergonomic}
     bool ShowCodeDetailsInExceptionMessages       = true                                   {manageable} {command line}
   size_t SoftMaxHeapSize                          = 2118123520                             {manageable} {ergonomic}
     bool UseCompressedClassPointers               = true                           {product lp64_product} {ergonomic}
     bool UseCompressedOops                        = true                           {product lp64_product} {ergonomic}
     bool UseG1GC                                  = true                                      {product} {ergonomic}
     bool UseLargePagesIndividualAllocation        = false                                  {pd product} {ergonomic}

Logging:
Log output configuration:
 #0: stdout all=warning uptime,level,tags
 #1: stderr all=off uptime,level,tags

Environment Variables:
JAVA_HOME=C:\Program Files\Java\jdk-17.0.2
PATH=C:\Users\BUYPC\Desktop\sts-4.16.0.RELEASE\plugins\org.eclipse.justj.openjdk.hotspot.jre.full.win32.x86_64_17.0.4.v20220903-1038\jre\bin;C:/Users/BUYPC/Desktop/sts-4.16.0.RELEASE//plugins/org.eclipse.justj.openjdk.hotspot.jre.full.win32.x86_64_17.0.4.v20220903-1038/jre/bin/server;C:/Users/BUYPC/Desktop/sts-4.16.0.RELEASE//plugins/org.eclipse.justj.openjdk.hotspot.jre.full.win32.x86_64_17.0.4.v20220903-1038/jre/bin;C:\Program Files\Common Files\Oracle\Java\javapath;C:\Program Files\Java\jdk-16.0.2\bin;C:\Windows\system32;C:\Windows;C:\Windows\System32\Wbem;C:\Windows\System32\WindowsPowerShell\v1.0\;C:\Windows\System32\OpenSSH\;C:\Users\BUYPC\Desktop\apache-maven-3.8.4-bin\apache-maven-3.8.4\bin;C:\Program Files\Git\cmd;C:\Program Files\nodejs\;C:\ProgramData\Microsoft\Windows\Start Menu\Programs\MySQL\MySQL Server 8.0;C:\Users\BUYPC\Downloads\sonarqube-8.9.9.56886\sonarqube-8.9.9.56886\bin;C:\Program Files\MySQL\MySQL Shell 8.0\bin\;C:\Users\BUYPC\AppData\Local\Microsoft\WindowsApps;C:\Users\BUYPC\AppData\Roaming\npm;C:\Users\BUYPC\AppData\Local\Programs\Microsoft VS Code\bin;C:\Users\BUYPC\Desktop\;C:\Users\BUYPC\Desktop\sts-4.16.0.RELEASE;
USERNAME=BUYPC
OS=Windows_NT
PROCESSOR_IDENTIFIER=Intel64 Family 6 Model 42 Stepping 7, GenuineIntel
TMP=C:\Users\BUYPC\AppData\Local\Temp
TEMP=C:\Users\BUYPC\AppData\Local\Temp



---------------  S Y S T E M  ---------------

OS:
 Windows 10 , 64 bit Build 19041 (10.0.19041.1889)
OS uptime: 0 days 5:29 hours

CPU: total 4 (initial active 4) (2 cores per cpu, 2 threads per core) family 6 model 42 stepping 7 microcode 0x2f, cx8, cmov, fxsr, ht, mmx, sse, sse2, sse3, ssse3, sse4.1, sse4.2, popcnt, tsc, tscinvbit, avx, aes, clmul, vzeroupper, clflush

Memory: 4k page, system-wide physical 8073M (754M free)
TotalPageFile size 14729M (AvailPageFile size 4173M)
current process WorkingSet (physical memory assigned to process): 847M, peak: 856M
current process commit charge ("private bytes"): 874M, peak: 893M

vm_info: OpenJDK 64-Bit Server VM (17.0.4.1+1) for windows-amd64 JRE (17.0.4.1+1), built on Aug 17 2022 07:42:43 by "temurin" with MS VC++ 16.7 (VS2019)

END.
