#
# A fatal error has been detected by the Java Runtime Environment:
#
#  EXCEPTION_ACCESS_VIOLATION (0xc0000005) at pc=0x00007ff885df310c, pid=5640, tid=10744
#
# JRE version: OpenJDK Runtime Environment Temurin-17.0.4.1+1 (17.0.4.1+1) (build 17.0.4.1+1)
# Java VM: OpenJDK 64-Bit Server VM Temurin-17.0.4.1+1 (17.0.4.1+1, mixed mode, tiered, compressed oops, compressed class ptrs, g1 gc, windows-amd64)
# Problematic frame:
# V  [jvm.dll+0x6c310c]
#
# No core dump will be written. Minidumps are not enabled by default on client versions of Windows
#
# If you would like to submit a bug report, please visit:
#   https://github.com/adoptium/adoptium-support/issues
#

---------------  S U M M A R Y ------------

Command Line: -XX:+ShowCodeDetailsInExceptionMessages -agentlib:jdwp=transport=dt_socket,suspend=y,address=localhost:63611 -ea -javaagent:C:\Users\BUYPC\Desktop\sts-4.16.0.RELEASE\configuration\org.eclipse.osgi\268\0\.cp\lib\javaagent-shaded.jar -Dfile.encoding=UTF-8 org.eclipse.jdt.internal.junit.runner.RemoteTestRunner -version 3 -port 63610 -testLoaderClass org.eclipse.jdt.internal.junit5.runner.JUnit5TestLoader -loaderpluginname org.eclipse.jdt.junit5.runtime -test testController.TestInstituteController:changeInstituteStatus

Host: Intel(R) Core(TM) i7-2640M CPU @ 2.80GHz, 4 cores, 7G,  Windows 10 , 64 bit Build 19041 (10.0.19041.2251)
Time: Tue Nov 22 23:59:16 2022 Pacific Standard Time elapsed time: 26.138820 seconds (0d 0h 0m 26s)

---------------  T H R E A D  ---------------

Current thread (0x000001a028c20920):  JavaThread "C2 CompilerThread1" daemon [_thread_in_native, id=10744, stack(0x0000006312800000,0x0000006312900000)]


Current CompileTask:
C2:  26139 6237       4       org.eclipse.jdt.launching.internal.org.objectweb.asm.ClassWriter::toByteArray (1535 bytes)

Stack: [0x0000006312800000,0x0000006312900000],  sp=0x00000063128fba40,  free space=1006k
Native frames: (J=compiled Java code, j=interpreted, Vv=VM code, C=native code)
V  [jvm.dll+0x6c310c]
V  [jvm.dll+0x1bbe41]
V  [jvm.dll+0x2187d9]
V  [jvm.dll+0x217aa1]
V  [jvm.dll+0x1a3f8d]
V  [jvm.dll+0x227498]
V  [jvm.dll+0x2255e5]
V  [jvm.dll+0x7e7e9b]
V  [jvm.dll+0x7e240a]
V  [jvm.dll+0x6761a5]
C  [ucrtbase.dll+0x21bb2]
C  [KERNEL32.DLL+0x174b4]
C  [ntdll.dll+0x526a1]


siginfo: EXCEPTION_ACCESS_VIOLATION (0xc0000005), reading address 0x0000019e478e7f50


Register to memory mapping:

RIP=0x00007ff885df310c jvm.dll
RAX=0x000001a02ee80ed0 points into unknown readable memory: 0x0000000000000000 | 00 00 00 00 00 00 00 00
RBX=0x0000000000075fe0 is an unknown value
RCX=0x00007ff886299d18 jvm.dll
RDX=0xffffffff86299c20 is an unknown value
RSP=0x00000063128fba40 is pointing into the stack for thread: 0x000001a028c20920
RBP=0x00000063128fbb40 is pointing into the stack for thread: 0x000001a028c20920
RSI=0x000001a028a473c0 points into unknown readable memory: 0x00007ff885fdf7b8 | b8 f7 fd 85 f8 7f 00 00
RDI=0x0 is NULL
R8 =0x0000000000000ab9 is an unknown value
R9 =0x0000000000000ab9 is an unknown value
R10=0x000000000000000c is an unknown value
R11=0x000000000000000c is an unknown value
R12=0x0000000000000003 is an unknown value
R13=0x0000000000000003 is an unknown value
R14=0x0000000000000002 is an unknown value
R15=0x00000063128fc2b0 is pointing into the stack for thread: 0x000001a028c20920


Registers:
RAX=0x000001a02ee80ed0, RBX=0x0000000000075fe0, RCX=0x00007ff886299d18, RDX=0xffffffff86299c20
RSP=0x00000063128fba40, RBP=0x00000063128fbb40, RSI=0x000001a028a473c0, RDI=0x0000000000000000
R8 =0x0000000000000ab9, R9 =0x0000000000000ab9, R10=0x000000000000000c, R11=0x000000000000000c
R12=0x0000000000000003, R13=0x0000000000000003, R14=0x0000000000000002, R15=0x00000063128fc2b0
RIP=0x00007ff885df310c, EFLAGS=0x0000000000010287

Top of Stack: (sp=0x00000063128fba40)
0x00000063128fba40:   000001a02f5bd630 00000063128fbb40
0x00000063128fba50:   00007ff88622a040 000001a026bc2190
0x00000063128fba60:   000001a000002c59 000000630000001d
0x00000063128fba70:   0000000000002b98 000001a027077f00
0x00000063128fba80:   000001a025976000 00000063128fbcb0
0x00000063128fba90:   0000000000000009 0000000000000000
0x00000063128fbaa0:   0000006300000101 000001a028f144e0
0x00000063128fbab0:   000000030000000c 00007ff800000d7e
0x00000063128fbac0:   0000000000000000 000001a028a473c0
0x00000063128fbad0:   00007ff800000101 000001a02f59a600
0x00000063128fbae0:   0000058400000000 000001a02f59a660
0x00000063128fbaf0:   000001a026ea7520 0000000000075fe0
0x00000063128fbb00:   000001a026ea0160 000001a026ea3b40
0x00000063128fbb10:   000001a03270a580 000001a028475f80
0x00000063128fbb20:   0000000000000ab9 000001a027077f20
0x00000063128fbb30:   0000000000000100 0000000000000002 

Instructions: (pc=0x00007ff885df310c)
0x00007ff885df300c:   ff 4c 8b 4e 08 49 8b 0c d9 48 85 c9 74 2c 4c 8b
0x00007ff885df301c:   41 10 4d 85 c0 74 23 8b 41 20 49 8d 14 c0 66 0f
0x00007ff885df302c:   1f 44 00 00 48 39 72 f8 48 8d 52 f8 75 f6 ff c8
0x00007ff885df303c:   89 41 20 49 8b 0c c0 48 89 0a 48 8b 45 f8 33 f6
0x00007ff885df304c:   65 48 8b 14 25 58 00 00 00 b9 50 00 00 00 49 89
0x00007ff885df305c:   34 d9 48 8b 04 c2 40 38 34 01 75 05 e8 4f a8 1c
0x00007ff885df306c:   00 41 8b d6 49 8d 4d 10 e8 37 2a f9 ff 41 ff 4d
0x00007ff885df307c:   28 41 ff ce 41 ff 4d 70 41 ff 4d 78 41 ff c6 e9
0x00007ff885df308c:   31 fb ff ff 8b 46 2c 83 e0 7f 3c 4a 0f 84 89 02
0x00007ff885df309c:   00 00 48 8b 06 48 8b ce ff 90 88 00 00 00 48 89
0x00007ff885df30ac:   45 80 48 8b f8 48 85 c0 74 0b 48 8b c8 e8 b2 80
0x00007ff885df30bc:   ae ff 44 8b e0 8b 4d 90 41 bd 01 00 00 00 44 89
0x00007ff885df30cc:   64 24 60 44 89 6c 24 74 8d 41 ff 89 45 f0 41 3b
0x00007ff885df30dc:   cd 0f 86 3c 02 00 00 44 3b e8 76 0e 41 8b c5 41
0x00007ff885df30ec:   2b c4 a8 01 0f 84 14 02 00 00 48 8b 46 08 45 8b
0x00007ff885df30fc:   e5 4a 8b 0c e0 49 8b 87 08 01 00 00 48 63 51 28
0x00007ff885df310c:   8b 0c 90 41 3b 8f e0 00 00 00 0f 83 e9 01 00 00
0x00007ff885df311c:   49 8b 47 70 8b d1 48 69 d9 b0 00 00 00 48 8b 48
0x00007ff885df312c:   20 48 89 5d b8 81 7c 19 30 2f 75 00 00 0f 8c c6
0x00007ff885df313c:   01 00 00 48 8b 45 e8 8b 34 90 48 8b 45 98 44 8b
0x00007ff885df314c:   fe 89 74 24 78 48 89 75 20 4c 8b 34 f0 48 85 ff
0x00007ff885df315c:   0f 84 9e 02 00 00 8b 4f 14 41 3b cd 77 12 44 3b
0x00007ff885df316c:   6f 18 73 0c 41 8b c5 2b c1 83 e0 01 84 c0 74 1c
0x00007ff885df317c:   48 8b 0f 48 85 c9 0f 84 78 02 00 00 41 8b d5 e8
0x00007ff885df318c:   70 9e b3 ff 84 c0 0f 84 68 02 00 00 48 8b 85 10
0x00007ff885df319c:   03 00 00 49 8b ce 4c 8b 7c 24 68 49 8b d7 4c 8b
0x00007ff885df31ac:   40 10 e8 8d 18 00 00 48 8b f0 48 85 c0 0f 84 bf
0x00007ff885df31bc:   12 00 00 4c 8b 85 10 03 00 00 49 8b 58 10 8b 83
0x00007ff885df31cc:   40 02 00 00 2b 83 68 02 00 00 03 05 1c b3 43 00
0x00007ff885df31dc:   3b 43 68 0f 87 74 12 00 00 48 63 7e 28 49 8d 98
0x00007ff885df31ec:   00 01 00 00 8b 13 3b fa 7c 52 3b 7b 04 7c 13 8b
0x00007ff885df31fc:   d7 48 8b cb e8 db 61 9f ff 8b 13 4c 8b 85 10 03 


Stack slot to memory mapping:
stack at sp + 0 slots: 0x000001a02f5bd630 points into unknown readable memory: 0x00007ff88605e7a8 | a8 e7 05 86 f8 7f 00 00
stack at sp + 1 slots: 0x00000063128fbb40 is pointing into the stack for thread: 0x000001a028c20920
stack at sp + 2 slots: 0x00007ff88622a040 jvm.dll
stack at sp + 3 slots: 0x000001a026bc2190 points into unknown readable memory: 0x000300030ffffcff | ff fc ff 0f 03 00 03 00
stack at sp + 4 slots: 0x000001a000002c59 is an unknown value
stack at sp + 5 slots: 0x000000630000001d is an unknown value
stack at sp + 6 slots: 0x0000000000002b98 is an unknown value
stack at sp + 7 slots: 0x000001a027077f00 points into unknown readable memory: 0x0000000100000000 | 00 00 00 00 01 00 00 00


---------------  P R O C E S S  ---------------

Threads class SMR info:
_java_thread_list=0x000001a028adca40, length=18, elements={
0x000001a009f27370, 0x000001a02360c2d0, 0x000001a02360d3c0, 0x000001a0235e8c80,
0x000001a0235ec6c0, 0x000001a0235ed070, 0x000001a0235eda20, 0x000001a02403a8c0,
0x000001a02404be90, 0x000001a0240b2fd0, 0x000001a0235853e0, 0x000001a024382930,
0x000001a024384b00, 0x000001a024387b10, 0x000001a0257452c0, 0x000001a02486b7e0,
0x000001a02a743510, 0x000001a028c20920
}

Java Threads: ( => current thread )
  0x000001a009f27370 JavaThread "main" [_thread_in_native, id=15036, stack(0x0000006311400000,0x0000006311500000)]
  0x000001a02360c2d0 JavaThread "Reference Handler" daemon [_thread_blocked, id=6544, stack(0x0000006311b00000,0x0000006311c00000)]
  0x000001a02360d3c0 JavaThread "Finalizer" daemon [_thread_blocked, id=6308, stack(0x0000006311c00000,0x0000006311d00000)]
  0x000001a0235e8c80 JavaThread "Signal Dispatcher" daemon [_thread_blocked, id=13792, stack(0x0000006311d00000,0x0000006311e00000)]
  0x000001a0235ec6c0 JavaThread "Attach Listener" daemon [_thread_blocked, id=9320, stack(0x0000006311e00000,0x0000006311f00000)]
  0x000001a0235ed070 JavaThread "Service Thread" daemon [_thread_blocked, id=13976, stack(0x0000006311f00000,0x0000006312000000)]
  0x000001a0235eda20 JavaThread "Monitor Deflation Thread" daemon [_thread_blocked, id=10912, stack(0x0000006312000000,0x0000006312100000)]
  0x000001a02403a8c0 JavaThread "C2 CompilerThread0" daemon [_thread_blocked, id=5652, stack(0x0000006312100000,0x0000006312200000)]
  0x000001a02404be90 JavaThread "C1 CompilerThread0" daemon [_thread_blocked, id=13692, stack(0x0000006312200000,0x0000006312300000)]
  0x000001a0240b2fd0 JavaThread "Sweeper thread" daemon [_thread_blocked, id=9932, stack(0x0000006312300000,0x0000006312400000)]
  0x000001a0235853e0 JavaThread "Common-Cleaner" daemon [_thread_blocked, id=10720, stack(0x0000006312400000,0x0000006312500000)]
  0x000001a024382930 JavaThread "JDWP Transport Listener: dt_socket" daemon [_thread_blocked, id=9536, stack(0x0000006312500000,0x0000006312600000)]
  0x000001a024384b00 JavaThread "JDWP Event Helper Thread" daemon [_thread_blocked, id=7112, stack(0x0000006312600000,0x0000006312700000)]
  0x000001a024387b10 JavaThread "JDWP Command Reader" daemon [_thread_in_native, id=5708, stack(0x0000006312700000,0x0000006312800000)]
  0x000001a0257452c0 JavaThread "Notification Thread" daemon [_thread_blocked, id=8528, stack(0x0000006312c00000,0x0000006312d00000)]
  0x000001a02486b7e0 JavaThread "ReaderThread" [_thread_in_native, id=12248, stack(0x0000006312e00000,0x0000006312f00000)]
  0x000001a02a743510 JavaThread "mysql-cj-abandoned-connection-cleanup" daemon [_thread_blocked, id=5436, stack(0x0000006312f00000,0x0000006313000000)]
=>0x000001a028c20920 JavaThread "C2 CompilerThread1" daemon [_thread_in_native, id=10744, stack(0x0000006312800000,0x0000006312900000)]

Other Threads:
  0x000001a0235a16f0 VMThread "VM Thread" [stack: 0x0000006311a00000,0x0000006311b00000] [id=1356]
  0x000001a0251efd20 WatcherThread [stack: 0x0000006312d00000,0x0000006312e00000] [id=6540]
  0x000001a009f82f90 GCTaskThread "GC Thread#0" [stack: 0x0000006311500000,0x0000006311600000] [id=15040]
  0x000001a024935db0 GCTaskThread "GC Thread#1" [stack: 0x0000006312900000,0x0000006312a00000] [id=3884]
  0x000001a025008500 GCTaskThread "GC Thread#2" [stack: 0x0000006312a00000,0x0000006312b00000] [id=14656]
  0x000001a02531e120 GCTaskThread "GC Thread#3" [stack: 0x0000006312b00000,0x0000006312c00000] [id=11580]
  0x000001a009f942f0 ConcurrentGCThread "G1 Main Marker" [stack: 0x0000006311600000,0x0000006311700000] [id=9832]
  0x000001a009f95d10 ConcurrentGCThread "G1 Conc#0" [stack: 0x0000006311700000,0x0000006311800000] [id=3020]
  0x000001a0234534e0 ConcurrentGCThread "G1 Refine#0" [stack: 0x0000006311800000,0x0000006311900000] [id=12716]
  0x000001a023453f00 ConcurrentGCThread "G1 Service" [stack: 0x0000006311900000,0x0000006311a00000] [id=3176]

Threads with active compile tasks:
C2 CompilerThread1    26362 6237       4       org.eclipse.jdt.launching.internal.org.objectweb.asm.ClassWriter::toByteArray (1535 bytes)

VM state: not at safepoint (normal execution)

VM Mutex/Monitor currently owned by a thread: None

Heap address: 0x0000000081c00000, size: 2020 MB, Compressed Oops mode: 32-bit

CDS archive(s) not mapped
Compressed class space mapped at: 0x0000000100000000-0x0000000140000000, reserved size: 1073741824
Narrow klass base: 0x0000000000000000, Narrow klass shift: 3, Narrow klass range: 0x140000000

GC Precious Log:
 CPUs: 4 total, 4 available
 Memory: 8073M
 Large Page Support: Disabled
 NUMA Support: Disabled
 Compressed Oops: Enabled (32-bit)
 Heap Region Size: 1M
 Heap Min Capacity: 8M
 Heap Initial Capacity: 128M
 Heap Max Capacity: 2020M
 Pre-touch: Disabled
 Parallel Workers: 4
 Concurrent Workers: 1
 Concurrent Refinement Workers: 4
 Periodic GC: Disabled

Heap:
 garbage-first heap   total 164864K, used 132181K [0x0000000081c00000, 0x0000000100000000)
  region size 1024K, 82 young (83968K), 7 survivors (7168K)
 Metaspace       used 57344K, committed 57664K, reserved 1105920K
  class space    used 7171K, committed 7296K, reserved 1048576K

Heap Regions: E=young(eden), S=young(survivor), O=old, HS=humongous(starts), HC=humongous(continues), CS=collection set, F=free, OA=open archive, CA=closed archive, TAMS=top-at-mark-start (previous, next)
|   0|0x0000000081c00000, 0x0000000081d00000, 0x0000000081d00000|100%|HS|  |TAMS 0x0000000081d00000, 0x0000000081c00000| Complete 
|   1|0x0000000081d00000, 0x0000000081e00000, 0x0000000081e00000|100%|HC|  |TAMS 0x0000000081e00000, 0x0000000081d00000| Complete 
|   2|0x0000000081e00000, 0x0000000081f00000, 0x0000000081f00000|100%|HS|  |TAMS 0x0000000081f00000, 0x0000000081e00000| Complete 
|   3|0x0000000081f00000, 0x0000000082000000, 0x0000000082000000|100%|HS|  |TAMS 0x0000000082000000, 0x0000000081f00000| Complete 
|   4|0x0000000082000000, 0x0000000082100000, 0x0000000082100000|100%| O|  |TAMS 0x0000000082100000, 0x0000000082000000| Untracked 
|   5|0x0000000082100000, 0x0000000082200000, 0x0000000082200000|100%| O|  |TAMS 0x0000000082200000, 0x0000000082100000| Untracked 
|   6|0x0000000082200000, 0x0000000082300000, 0x0000000082300000|100%| O|  |TAMS 0x0000000082300000, 0x0000000082200000| Untracked 
|   7|0x0000000082300000, 0x0000000082400000, 0x0000000082400000|100%| O|  |TAMS 0x0000000082400000, 0x0000000082300000| Untracked 
|   8|0x0000000082400000, 0x0000000082500000, 0x0000000082500000|100%| O|  |TAMS 0x0000000082500000, 0x0000000082400000| Untracked 
|   9|0x0000000082500000, 0x0000000082600000, 0x0000000082600000|100%| O|  |TAMS 0x0000000082600000, 0x0000000082500000| Untracked 
|  10|0x0000000082600000, 0x0000000082700000, 0x0000000082700000|100%| O|  |TAMS 0x0000000082700000, 0x0000000082600000| Untracked 
|  11|0x0000000082700000, 0x0000000082800000, 0x0000000082800000|100%| O|  |TAMS 0x0000000082800000, 0x0000000082700000| Untracked 
|  12|0x0000000082800000, 0x0000000082900000, 0x0000000082900000|100%| O|  |TAMS 0x0000000082900000, 0x0000000082800000| Untracked 
|  13|0x0000000082900000, 0x0000000082a00000, 0x0000000082a00000|100%| O|  |TAMS 0x0000000082a00000, 0x0000000082900000| Untracked 
|  14|0x0000000082a00000, 0x0000000082b00000, 0x0000000082b00000|100%| O|  |TAMS 0x0000000082b00000, 0x0000000082a00000| Untracked 
|  15|0x0000000082b00000, 0x0000000082c00000, 0x0000000082c00000|100%| O|  |TAMS 0x0000000082c00000, 0x0000000082b00000| Untracked 
|  16|0x0000000082c00000, 0x0000000082cd2c00, 0x0000000082d00000| 82%| O|  |TAMS 0x0000000082cd2c00, 0x0000000082c00000| Untracked 
|  17|0x0000000082d00000, 0x0000000082e00000, 0x0000000082e00000|100%| O|  |TAMS 0x0000000082e00000, 0x0000000082d00000| Untracked 
|  18|0x0000000082e00000, 0x0000000082f00000, 0x0000000082f00000|100%| O|  |TAMS 0x0000000082f00000, 0x0000000082e00000| Untracked 
|  19|0x0000000082f00000, 0x0000000083000000, 0x0000000083000000|100%| O|  |TAMS 0x0000000083000000, 0x0000000082f00000| Untracked 
|  20|0x0000000083000000, 0x0000000083100000, 0x0000000083100000|100%| O|  |TAMS 0x0000000083100000, 0x0000000083000000| Untracked 
|  21|0x0000000083100000, 0x0000000083200000, 0x0000000083200000|100%| O|  |TAMS 0x0000000083200000, 0x0000000083100000| Untracked 
|  22|0x0000000083200000, 0x0000000083300000, 0x0000000083300000|100%| O|  |TAMS 0x0000000083300000, 0x0000000083200000| Untracked 
|  23|0x0000000083300000, 0x0000000083400000, 0x0000000083400000|100%| O|  |TAMS 0x0000000083400000, 0x0000000083300000| Untracked 
|  24|0x0000000083400000, 0x0000000083500000, 0x0000000083500000|100%| O|  |TAMS 0x0000000083500000, 0x0000000083400000| Untracked 
|  25|0x0000000083500000, 0x0000000083600000, 0x0000000083600000|100%| O|  |TAMS 0x0000000083600000, 0x0000000083500000| Untracked 
|  26|0x0000000083600000, 0x0000000083700000, 0x0000000083700000|100%| O|  |TAMS 0x0000000083700000, 0x0000000083600000| Untracked 
|  27|0x0000000083700000, 0x0000000083800000, 0x0000000083800000|100%| O|  |TAMS 0x0000000083800000, 0x0000000083700000| Untracked 
|  28|0x0000000083800000, 0x0000000083900000, 0x0000000083900000|100%| O|  |TAMS 0x0000000083900000, 0x0000000083800000| Untracked 
|  29|0x0000000083900000, 0x0000000083a00000, 0x0000000083a00000|100%| O|  |TAMS 0x0000000083a00000, 0x0000000083900000| Untracked 
|  30|0x0000000083a00000, 0x0000000083b00000, 0x0000000083b00000|100%| O|  |TAMS 0x0000000083b00000, 0x0000000083a00000| Untracked 
|  31|0x0000000083b00000, 0x0000000083c00000, 0x0000000083c00000|100%| O|  |TAMS 0x0000000083c00000, 0x0000000083b00000| Untracked 
|  32|0x0000000083c00000, 0x0000000083d00000, 0x0000000083d00000|100%| O|  |TAMS 0x0000000083d00000, 0x0000000083c00000| Untracked 
|  33|0x0000000083d00000, 0x0000000083e00000, 0x0000000083e00000|100%| O|  |TAMS 0x0000000083e00000, 0x0000000083d00000| Untracked 
|  34|0x0000000083e00000, 0x0000000083f00000, 0x0000000083f00000|100%| O|  |TAMS 0x0000000083f00000, 0x0000000083e00000| Untracked 
|  35|0x0000000083f00000, 0x0000000084000000, 0x0000000084000000|100%| O|  |TAMS 0x0000000084000000, 0x0000000083f00000| Untracked 
|  36|0x0000000084000000, 0x0000000084100000, 0x0000000084100000|100%| O|  |TAMS 0x0000000084100000, 0x0000000084000000| Untracked 
|  37|0x0000000084100000, 0x0000000084200000, 0x0000000084200000|100%| O|  |TAMS 0x0000000084200000, 0x0000000084100000| Untracked 
|  38|0x0000000084200000, 0x0000000084300000, 0x0000000084300000|100%| O|  |TAMS 0x0000000084300000, 0x0000000084200000| Untracked 
|  39|0x0000000084300000, 0x0000000084400000, 0x0000000084400000|100%| O|  |TAMS 0x0000000084400000, 0x0000000084300000| Untracked 
|  40|0x0000000084400000, 0x0000000084500000, 0x0000000084500000|100%| O|  |TAMS 0x0000000084500000, 0x0000000084400000| Untracked 
|  41|0x0000000084500000, 0x0000000084600000, 0x0000000084600000|100%| O|  |TAMS 0x0000000084600000, 0x0000000084500000| Untracked 
|  42|0x0000000084600000, 0x0000000084700000, 0x0000000084700000|100%| O|  |TAMS 0x0000000084700000, 0x0000000084600000| Untracked 
|  43|0x0000000084700000, 0x0000000084800000, 0x0000000084800000|100%| O|  |TAMS 0x0000000084800000, 0x0000000084700000| Untracked 
|  44|0x0000000084800000, 0x0000000084900000, 0x0000000084900000|100%| O|  |TAMS 0x0000000084900000, 0x0000000084800000| Untracked 
|  45|0x0000000084900000, 0x0000000084a00000, 0x0000000084a00000|100%| O|  |TAMS 0x00000000849bba00, 0x0000000084900000| Untracked 
|  46|0x0000000084a00000, 0x0000000084b00000, 0x0000000084b00000|100%| O|  |TAMS 0x0000000084a00000, 0x0000000084a00000| Untracked 
|  47|0x0000000084b00000, 0x0000000084b42a00, 0x0000000084c00000| 26%| O|  |TAMS 0x0000000084b00000, 0x0000000084b00000| Untracked 
|  48|0x0000000084c00000, 0x0000000084c00000, 0x0000000084d00000|  0%| F|  |TAMS 0x0000000084c00000, 0x0000000084c00000| Untracked 
|  49|0x0000000084d00000, 0x0000000084e00000, 0x0000000084e00000|100%| O|  |TAMS 0x0000000084d00000, 0x0000000084d00000| Untracked 
|  50|0x0000000084e00000, 0x0000000084e00000, 0x0000000084f00000|  0%| F|  |TAMS 0x0000000084e00000, 0x0000000084e00000| Untracked 
|  51|0x0000000084f00000, 0x0000000084f00000, 0x0000000085000000|  0%| F|  |TAMS 0x0000000084f00000, 0x0000000084f00000| Untracked 
|  52|0x0000000085000000, 0x0000000085000000, 0x0000000085100000|  0%| F|  |TAMS 0x0000000085000000, 0x0000000085000000| Untracked 
|  53|0x0000000085100000, 0x0000000085100000, 0x0000000085200000|  0%| F|  |TAMS 0x0000000085100000, 0x0000000085100000| Untracked 
|  54|0x0000000085200000, 0x0000000085200000, 0x0000000085300000|  0%| F|  |TAMS 0x0000000085200000, 0x0000000085200000| Untracked 
|  55|0x0000000085300000, 0x0000000085300000, 0x0000000085400000|  0%| F|  |TAMS 0x0000000085300000, 0x0000000085300000| Untracked 
|  56|0x0000000085400000, 0x0000000085400000, 0x0000000085500000|  0%| F|  |TAMS 0x0000000085400000, 0x0000000085400000| Untracked 
|  57|0x0000000085500000, 0x0000000085500000, 0x0000000085600000|  0%| F|  |TAMS 0x0000000085500000, 0x0000000085500000| Untracked 
|  58|0x0000000085600000, 0x0000000085600000, 0x0000000085700000|  0%| F|  |TAMS 0x0000000085600000, 0x0000000085600000| Untracked 
|  59|0x0000000085700000, 0x0000000085700000, 0x0000000085800000|  0%| F|  |TAMS 0x0000000085700000, 0x0000000085700000| Untracked 
|  60|0x0000000085800000, 0x0000000085800000, 0x0000000085900000|  0%| F|  |TAMS 0x0000000085800000, 0x0000000085800000| Untracked 
|  61|0x0000000085900000, 0x0000000085900000, 0x0000000085a00000|  0%| F|  |TAMS 0x0000000085900000, 0x0000000085900000| Untracked 
|  62|0x0000000085a00000, 0x0000000085a00000, 0x0000000085b00000|  0%| F|  |TAMS 0x0000000085a00000, 0x0000000085a00000| Untracked 
|  63|0x0000000085b00000, 0x0000000085b00000, 0x0000000085c00000|  0%| F|  |TAMS 0x0000000085b00000, 0x0000000085b00000| Untracked 
|  64|0x0000000085c00000, 0x0000000085c00000, 0x0000000085d00000|  0%| F|  |TAMS 0x0000000085c00000, 0x0000000085c00000| Untracked 
|  65|0x0000000085d00000, 0x0000000085e00000, 0x0000000085e00000|100%| S|CS|TAMS 0x0000000085d00000, 0x0000000085d00000| Complete 
|  66|0x0000000085e00000, 0x0000000085f00000, 0x0000000085f00000|100%| S|CS|TAMS 0x0000000085e00000, 0x0000000085e00000| Complete 
|  67|0x0000000085f00000, 0x0000000086000000, 0x0000000086000000|100%| S|CS|TAMS 0x0000000085f00000, 0x0000000085f00000| Complete 
|  68|0x0000000086000000, 0x0000000086100000, 0x0000000086100000|100%| S|CS|TAMS 0x0000000086000000, 0x0000000086000000| Complete 
|  69|0x0000000086100000, 0x0000000086200000, 0x0000000086200000|100%| S|CS|TAMS 0x0000000086100000, 0x0000000086100000| Complete 
|  70|0x0000000086200000, 0x0000000086200000, 0x0000000086300000|  0%| F|  |TAMS 0x0000000086200000, 0x0000000086200000| Untracked 
|  71|0x0000000086300000, 0x0000000086300000, 0x0000000086400000|  0%| F|  |TAMS 0x0000000086300000, 0x0000000086300000| Untracked 
|  72|0x0000000086400000, 0x0000000086400000, 0x0000000086500000|  0%| F|  |TAMS 0x0000000086400000, 0x0000000086400000| Untracked 
|  73|0x0000000086500000, 0x0000000086500000, 0x0000000086600000|  0%| F|  |TAMS 0x0000000086500000, 0x0000000086500000| Untracked 
|  74|0x0000000086600000, 0x0000000086600000, 0x0000000086700000|  0%| F|  |TAMS 0x0000000086600000, 0x0000000086600000| Untracked 
|  75|0x0000000086700000, 0x0000000086700000, 0x0000000086800000|  0%| F|  |TAMS 0x0000000086700000, 0x0000000086700000| Untracked 
|  76|0x0000000086800000, 0x0000000086900000, 0x0000000086900000|100%| S|CS|TAMS 0x0000000086800000, 0x0000000086800000| Complete 
|  77|0x0000000086900000, 0x0000000086a00000, 0x0000000086a00000|100%| S|CS|TAMS 0x0000000086900000, 0x0000000086900000| Complete 
|  78|0x0000000086a00000, 0x0000000086a00000, 0x0000000086b00000|  0%| F|  |TAMS 0x0000000086a00000, 0x0000000086a00000| Untracked 
|  79|0x0000000086b00000, 0x0000000086b00000, 0x0000000086c00000|  0%| F|  |TAMS 0x0000000086b00000, 0x0000000086b00000| Untracked 
|  80|0x0000000086c00000, 0x0000000086c00000, 0x0000000086d00000|  0%| F|  |TAMS 0x0000000086c00000, 0x0000000086c00000| Untracked 
|  81|0x0000000086d00000, 0x0000000086d00000, 0x0000000086e00000|  0%| F|  |TAMS 0x0000000086d00000, 0x0000000086d00000| Untracked 
|  82|0x0000000086e00000, 0x0000000086e00000, 0x0000000086f00000|  0%| F|  |TAMS 0x0000000086e00000, 0x0000000086e00000| Untracked 
|  83|0x0000000086f00000, 0x0000000086f00000, 0x0000000087000000|  0%| F|  |TAMS 0x0000000086f00000, 0x0000000086f00000| Untracked 
|  84|0x0000000087000000, 0x0000000087000000, 0x0000000087100000|  0%| F|  |TAMS 0x0000000087000000, 0x0000000087000000| Untracked 
|  85|0x0000000087100000, 0x0000000087100000, 0x0000000087200000|  0%| F|  |TAMS 0x0000000087100000, 0x0000000087100000| Untracked 
|  86|0x0000000087200000, 0x00000000872ae198, 0x0000000087300000| 68%| E|  |TAMS 0x0000000087200000, 0x0000000087200000| Complete 
|  87|0x0000000087300000, 0x0000000087400000, 0x0000000087400000|100%| E|CS|TAMS 0x0000000087300000, 0x0000000087300000| Complete 
|  88|0x0000000087400000, 0x0000000087500000, 0x0000000087500000|100%| E|CS|TAMS 0x0000000087400000, 0x0000000087400000| Complete 
|  89|0x0000000087500000, 0x0000000087600000, 0x0000000087600000|100%| E|CS|TAMS 0x0000000087500000, 0x0000000087500000| Complete 
|  90|0x0000000087600000, 0x0000000087700000, 0x0000000087700000|100%| E|CS|TAMS 0x0000000087600000, 0x0000000087600000| Complete 
|  91|0x0000000087700000, 0x0000000087800000, 0x0000000087800000|100%| E|CS|TAMS 0x0000000087700000, 0x0000000087700000| Complete 
|  92|0x0000000087800000, 0x0000000087900000, 0x0000000087900000|100%| E|CS|TAMS 0x0000000087800000, 0x0000000087800000| Complete 
|  93|0x0000000087900000, 0x0000000087a00000, 0x0000000087a00000|100%| E|CS|TAMS 0x0000000087900000, 0x0000000087900000| Complete 
|  94|0x0000000087a00000, 0x0000000087b00000, 0x0000000087b00000|100%| E|CS|TAMS 0x0000000087a00000, 0x0000000087a00000| Complete 
|  95|0x0000000087b00000, 0x0000000087c00000, 0x0000000087c00000|100%| E|CS|TAMS 0x0000000087b00000, 0x0000000087b00000| Complete 
|  96|0x0000000087c00000, 0x0000000087d00000, 0x0000000087d00000|100%| E|CS|TAMS 0x0000000087c00000, 0x0000000087c00000| Complete 
|  97|0x0000000087d00000, 0x0000000087e00000, 0x0000000087e00000|100%| E|CS|TAMS 0x0000000087d00000, 0x0000000087d00000| Complete 
|  98|0x0000000087e00000, 0x0000000087f00000, 0x0000000087f00000|100%| E|CS|TAMS 0x0000000087e00000, 0x0000000087e00000| Complete 
|  99|0x0000000087f00000, 0x0000000088000000, 0x0000000088000000|100%| E|CS|TAMS 0x0000000087f00000, 0x0000000087f00000| Complete 
| 100|0x0000000088000000, 0x0000000088100000, 0x0000000088100000|100%| E|CS|TAMS 0x0000000088000000, 0x0000000088000000| Complete 
| 101|0x0000000088100000, 0x0000000088200000, 0x0000000088200000|100%| E|CS|TAMS 0x0000000088100000, 0x0000000088100000| Complete 
| 102|0x0000000088200000, 0x0000000088300000, 0x0000000088300000|100%| E|CS|TAMS 0x0000000088200000, 0x0000000088200000| Complete 
| 103|0x0000000088300000, 0x0000000088400000, 0x0000000088400000|100%| E|CS|TAMS 0x0000000088300000, 0x0000000088300000| Complete 
| 104|0x0000000088400000, 0x0000000088500000, 0x0000000088500000|100%| E|CS|TAMS 0x0000000088400000, 0x0000000088400000| Complete 
| 105|0x0000000088500000, 0x0000000088600000, 0x0000000088600000|100%| E|CS|TAMS 0x0000000088500000, 0x0000000088500000| Complete 
| 106|0x0000000088600000, 0x0000000088700000, 0x0000000088700000|100%| E|CS|TAMS 0x0000000088600000, 0x0000000088600000| Complete 
| 107|0x0000000088700000, 0x0000000088800000, 0x0000000088800000|100%| E|CS|TAMS 0x0000000088700000, 0x0000000088700000| Complete 
| 108|0x0000000088800000, 0x0000000088900000, 0x0000000088900000|100%| E|CS|TAMS 0x0000000088800000, 0x0000000088800000| Complete 
| 109|0x0000000088900000, 0x0000000088a00000, 0x0000000088a00000|100%| E|CS|TAMS 0x0000000088900000, 0x0000000088900000| Complete 
| 110|0x0000000088a00000, 0x0000000088b00000, 0x0000000088b00000|100%| E|CS|TAMS 0x0000000088a00000, 0x0000000088a00000| Complete 
| 111|0x0000000088b00000, 0x0000000088c00000, 0x0000000088c00000|100%| E|CS|TAMS 0x0000000088b00000, 0x0000000088b00000| Complete 
| 112|0x0000000088c00000, 0x0000000088d00000, 0x0000000088d00000|100%| E|CS|TAMS 0x0000000088c00000, 0x0000000088c00000| Complete 
| 113|0x0000000088d00000, 0x0000000088e00000, 0x0000000088e00000|100%| E|CS|TAMS 0x0000000088d00000, 0x0000000088d00000| Complete 
| 114|0x0000000088e00000, 0x0000000088f00000, 0x0000000088f00000|100%| E|CS|TAMS 0x0000000088e00000, 0x0000000088e00000| Complete 
| 115|0x0000000088f00000, 0x0000000089000000, 0x0000000089000000|100%| E|CS|TAMS 0x0000000088f00000, 0x0000000088f00000| Complete 
| 116|0x0000000089000000, 0x0000000089100000, 0x0000000089100000|100%| E|CS|TAMS 0x0000000089000000, 0x0000000089000000| Complete 
| 117|0x0000000089100000, 0x0000000089200000, 0x0000000089200000|100%| E|CS|TAMS 0x0000000089100000, 0x0000000089100000| Complete 
| 118|0x0000000089200000, 0x0000000089300000, 0x0000000089300000|100%| E|CS|TAMS 0x0000000089200000, 0x0000000089200000| Complete 
| 119|0x0000000089300000, 0x0000000089400000, 0x0000000089400000|100%| E|CS|TAMS 0x0000000089300000, 0x0000000089300000| Complete 
| 120|0x0000000089400000, 0x0000000089500000, 0x0000000089500000|100%| E|CS|TAMS 0x0000000089400000, 0x0000000089400000| Complete 
| 121|0x0000000089500000, 0x0000000089600000, 0x0000000089600000|100%| E|CS|TAMS 0x0000000089500000, 0x0000000089500000| Complete 
| 122|0x0000000089600000, 0x0000000089700000, 0x0000000089700000|100%| E|CS|TAMS 0x0000000089600000, 0x0000000089600000| Complete 
| 123|0x0000000089700000, 0x0000000089800000, 0x0000000089800000|100%| E|CS|TAMS 0x0000000089700000, 0x0000000089700000| Complete 
| 124|0x0000000089800000, 0x0000000089900000, 0x0000000089900000|100%| E|CS|TAMS 0x0000000089800000, 0x0000000089800000| Complete 
| 125|0x0000000089900000, 0x0000000089a00000, 0x0000000089a00000|100%| E|CS|TAMS 0x0000000089900000, 0x0000000089900000| Complete 
| 126|0x0000000089a00000, 0x0000000089b00000, 0x0000000089b00000|100%| E|CS|TAMS 0x0000000089a00000, 0x0000000089a00000| Complete 
| 127|0x0000000089b00000, 0x0000000089c00000, 0x0000000089c00000|100%| E|CS|TAMS 0x0000000089b00000, 0x0000000089b00000| Complete 
| 128|0x0000000089c00000, 0x0000000089d00000, 0x0000000089d00000|100%| E|CS|TAMS 0x0000000089c00000, 0x0000000089c00000| Complete 
| 129|0x0000000089d00000, 0x0000000089e00000, 0x0000000089e00000|100%| E|CS|TAMS 0x0000000089d00000, 0x0000000089d00000| Complete 
| 130|0x0000000089e00000, 0x0000000089f00000, 0x0000000089f00000|100%| E|CS|TAMS 0x0000000089e00000, 0x0000000089e00000| Complete 
| 131|0x0000000089f00000, 0x000000008a000000, 0x000000008a000000|100%| E|CS|TAMS 0x0000000089f00000, 0x0000000089f00000| Complete 
| 132|0x000000008a000000, 0x000000008a100000, 0x000000008a100000|100%| E|CS|TAMS 0x000000008a000000, 0x000000008a000000| Complete 
| 133|0x000000008a100000, 0x000000008a200000, 0x000000008a200000|100%| E|CS|TAMS 0x000000008a100000, 0x000000008a100000| Complete 
| 134|0x000000008a200000, 0x000000008a300000, 0x000000008a300000|100%| E|CS|TAMS 0x000000008a200000, 0x000000008a200000| Complete 
| 135|0x000000008a300000, 0x000000008a400000, 0x000000008a400000|100%| E|CS|TAMS 0x000000008a300000, 0x000000008a300000| Complete 
| 136|0x000000008a400000, 0x000000008a500000, 0x000000008a500000|100%| E|CS|TAMS 0x000000008a400000, 0x000000008a400000| Complete 
| 137|0x000000008a500000, 0x000000008a600000, 0x000000008a600000|100%| E|CS|TAMS 0x000000008a500000, 0x000000008a500000| Complete 
| 138|0x000000008a600000, 0x000000008a700000, 0x000000008a700000|100%| E|CS|TAMS 0x000000008a600000, 0x000000008a600000| Complete 
| 139|0x000000008a700000, 0x000000008a800000, 0x000000008a800000|100%| E|CS|TAMS 0x000000008a700000, 0x000000008a700000| Complete 
| 140|0x000000008a800000, 0x000000008a900000, 0x000000008a900000|100%| E|CS|TAMS 0x000000008a800000, 0x000000008a800000| Complete 
| 141|0x000000008a900000, 0x000000008aa00000, 0x000000008aa00000|100%| E|CS|TAMS 0x000000008a900000, 0x000000008a900000| Complete 
| 142|0x000000008aa00000, 0x000000008ab00000, 0x000000008ab00000|100%| E|CS|TAMS 0x000000008aa00000, 0x000000008aa00000| Complete 
| 143|0x000000008ab00000, 0x000000008ac00000, 0x000000008ac00000|100%| E|CS|TAMS 0x000000008ab00000, 0x000000008ab00000| Complete 
| 144|0x000000008ac00000, 0x000000008ad00000, 0x000000008ad00000|100%| E|CS|TAMS 0x000000008ac00000, 0x000000008ac00000| Complete 
| 145|0x000000008ad00000, 0x000000008ae00000, 0x000000008ae00000|100%| E|CS|TAMS 0x000000008ad00000, 0x000000008ad00000| Complete 
| 146|0x000000008ae00000, 0x000000008af00000, 0x000000008af00000|100%| E|CS|TAMS 0x000000008ae00000, 0x000000008ae00000| Complete 
| 147|0x000000008af00000, 0x000000008b000000, 0x000000008b000000|100%| E|CS|TAMS 0x000000008af00000, 0x000000008af00000| Complete 
| 148|0x000000008b000000, 0x000000008b100000, 0x000000008b100000|100%| E|CS|TAMS 0x000000008b000000, 0x000000008b000000| Complete 
| 149|0x000000008b100000, 0x000000008b200000, 0x000000008b200000|100%| E|CS|TAMS 0x000000008b100000, 0x000000008b100000| Complete 
| 150|0x000000008b200000, 0x000000008b300000, 0x000000008b300000|100%| E|CS|TAMS 0x000000008b200000, 0x000000008b200000| Complete 
| 151|0x000000008b300000, 0x000000008b400000, 0x000000008b400000|100%| E|CS|TAMS 0x000000008b300000, 0x000000008b300000| Complete 
| 152|0x000000008b400000, 0x000000008b500000, 0x000000008b500000|100%| E|CS|TAMS 0x000000008b400000, 0x000000008b400000| Complete 
| 153|0x000000008b500000, 0x000000008b600000, 0x000000008b600000|100%| E|CS|TAMS 0x000000008b500000, 0x000000008b500000| Complete 
| 154|0x000000008b600000, 0x000000008b700000, 0x000000008b700000|100%| E|CS|TAMS 0x000000008b600000, 0x000000008b600000| Complete 
| 155|0x000000008b700000, 0x000000008b800000, 0x000000008b800000|100%| E|CS|TAMS 0x000000008b700000, 0x000000008b700000| Complete 
| 156|0x000000008b800000, 0x000000008b900000, 0x000000008b900000|100%| E|CS|TAMS 0x000000008b800000, 0x000000008b800000| Complete 
| 157|0x000000008b900000, 0x000000008ba00000, 0x000000008ba00000|100%| E|CS|TAMS 0x000000008b900000, 0x000000008b900000| Complete 
| 158|0x000000008ba00000, 0x000000008bb00000, 0x000000008bb00000|100%| E|CS|TAMS 0x000000008ba00000, 0x000000008ba00000| Complete 
| 159|0x000000008bb00000, 0x000000008bc00000, 0x000000008bc00000|100%| E|CS|TAMS 0x000000008bb00000, 0x000000008bb00000| Complete 
| 160|0x000000008bc00000, 0x000000008bd00000, 0x000000008bd00000|100%| E|CS|TAMS 0x000000008bc00000, 0x000000008bc00000| Complete 

Card table byte_map: [0x000001a01c9c0000,0x000001a01cdc0000] _byte_map_base: 0x000001a01c5b2000

Marking Bits (Prev, Next): (CMBitMap*) 0x000001a009f835a0, (CMBitMap*) 0x000001a009f835e0
 Prev Bits: [0x000001a01d1c0000, 0x000001a01f150000)
 Next Bits: [0x000001a01f150000, 0x000001a0210e0000)

Polling page: 0x000001a007ee0000

Metaspace:

Usage:
  Non-class:     49.00 MB used.
      Class:      7.00 MB used.
       Both:     56.00 MB used.

Virtual space:
  Non-class space:       56.00 MB reserved,      49.19 MB ( 88%) committed,  7 nodes.
      Class space:        1.00 GB reserved,       7.12 MB ( <1%) committed,  1 nodes.
             Both:        1.05 GB reserved,      56.31 MB (  5%) committed. 

Chunk freelists:
   Non-Class:  2.36 MB
       Class:  896.00 KB
        Both:  3.23 MB

MaxMetaspaceSize: unlimited
CompressedClassSpaceSize: 1.00 GB
Initial GC threshold: 21.00 MB
Current GC threshold: 87.94 MB
CDS: off
MetaspaceReclaimPolicy: balanced
 - commit_granule_bytes: 65536.
 - commit_granule_words: 8192.
 - virtual_space_node_default_size: 1048576.
 - enlarge_chunks_in_place: 1.
 - new_chunks_are_fully_committed: 0.
 - uncommit_free_chunks: 1.
 - use_allocation_guard: 0.
 - handle_deallocations: 1.


Internal statistics:

num_allocs_failed_limit: 6.
num_arena_births: 392.
num_arena_deaths: 2.
num_vsnodes_births: 8.
num_vsnodes_deaths: 0.
num_space_committed: 901.
num_space_uncommitted: 0.
num_chunks_returned_to_freelist: 9.
num_chunks_taken_from_freelist: 2119.
num_chunk_merges: 6.
num_chunk_splits: 1489.
num_chunks_enlarged: 1156.
num_purges: 2.
num_inconsistent_stats: 0.

CodeHeap 'non-profiled nmethods': size=120000Kb used=5194Kb max_used=5194Kb free=114805Kb
 bounds [0x000001a015090000, 0x000001a0155b0000, 0x000001a01c5c0000]
CodeHeap 'profiled nmethods': size=120000Kb used=12030Kb max_used=12030Kb free=107969Kb
 bounds [0x000001a00db60000, 0x000001a00e720000, 0x000001a015090000]
CodeHeap 'non-nmethods': size=5760Kb used=1314Kb max_used=1375Kb free=4445Kb
 bounds [0x000001a00d5c0000, 0x000001a00d830000, 0x000001a00db60000]
 total_blobs=6150 nmethods=5594 adapters=467
 compilation: enabled
              stopped_count=0, restarted_count=0
 full_count=0

Compilation events (20 events):
Event: 25.806 Thread 0x000001a02404be90 nmethod 6302 0x000001a01558a390 code [0x000001a01558a520, 0x000001a01558a5f8]
Event: 25.806 Thread 0x000001a02404be90 6301       2       java.text.Format::<init> (5 bytes)
Event: 25.806 Thread 0x000001a02404be90 nmethod 6301 0x000001a00e151990 code [0x000001a00e151b20, 0x000001a00e151c18]
Event: 25.812 Thread 0x000001a02404be90 6303       1       com.mysql.cj.conf.AbstractPropertyDefinition::getDefaultValue (5 bytes)
Event: 25.812 Thread 0x000001a02404be90 nmethod 6303 0x000001a01558a690 code [0x000001a01558a820, 0x000001a01558a8f8]
Event: 25.812 Thread 0x000001a02404be90 6304       1       com.mysql.cj.conf.AbstractRuntimeProperty::getPropertyDefinition (5 bytes)
Event: 25.812 Thread 0x000001a02404be90 nmethod 6304 0x000001a01558a990 code [0x000001a01558ab20, 0x000001a01558abf8]
Event: 25.814 Thread 0x000001a02404be90 6305       2       java.util.Properties::containsKey (9 bytes)
Event: 25.814 Thread 0x000001a02404be90 nmethod 6305 0x000001a00e71f210 code [0x000001a00e71f3a0, 0x000001a00e71f508]
Event: 25.814 Thread 0x000001a02404be90 6306       1       com.mysql.cj.conf.AbstractPropertyDefinition::getName (5 bytes)
Event: 25.814 Thread 0x000001a02404be90 nmethod 6306 0x000001a01558ac90 code [0x000001a01558ae20, 0x000001a01558aef8]
Event: 25.814 Thread 0x000001a02404be90 6307       1       com.mysql.cj.conf.AbstractPropertyDefinition::getCcAlias (5 bytes)
Event: 25.814 Thread 0x000001a02404be90 nmethod 6307 0x000001a01558af90 code [0x000001a01558b120, 0x000001a01558b1f8]
Event: 25.857 Thread 0x000001a02404be90 6308       2       org.eclipse.jdt.launching.internal.org.objectweb.asm.MethodWriter::visitIntInsn (113 bytes)
Event: 25.858 Thread 0x000001a02404be90 nmethod 6308 0x000001a00e71f610 code [0x000001a00e71f7e0, 0x000001a00e71fa28]
Event: 25.975 Thread 0x000001a02403a8c0 nmethod 6240 0x000001a01558b290 code [0x000001a01558b840, 0x000001a0155972a8]
Event: 25.976 Thread 0x000001a02403a8c0 6276       4       java.util.Properties::loadConvert (540 bytes)
Event: 26.004 Thread 0x000001a02403a8c0 nmethod 6276 0x000001a01559de90 code [0x000001a01559e0a0, 0x000001a01559f3d0]
Event: 26.004 Thread 0x000001a02403a8c0 6270       4       java.util.Properties$LineReader::readLine (584 bytes)
Event: 26.047 Thread 0x000001a02403a8c0 nmethod 6270 0x000001a0155a0010 code [0x000001a0155a0240, 0x000001a0155a19b0]

GC Heap History (20 events):
Event: 19.444 GC heap before
{Heap before GC invocations=28 (full 0):
 garbage-first heap   total 137216K, used 114984K [0x0000000081c00000, 0x0000000100000000)
  region size 1024K, 67 young (68608K), 3 survivors (3072K)
 Metaspace       used 53693K, committed 54016K, reserved 1097728K
  class space    used 6630K, committed 6784K, reserved 1048576K
}
Event: 19.450 GC heap after
{Heap after GC invocations=29 (full 0):
 garbage-first heap   total 137216K, used 50062K [0x0000000081c00000, 0x0000000100000000)
  region size 1024K, 4 young (4096K), 4 survivors (4096K)
 Metaspace       used 53693K, committed 54016K, reserved 1097728K
  class space    used 6630K, committed 6784K, reserved 1048576K
}
Event: 20.106 GC heap before
{Heap before GC invocations=29 (full 0):
 garbage-first heap   total 137216K, used 114574K [0x0000000081c00000, 0x0000000100000000)
  region size 1024K, 67 young (68608K), 4 survivors (4096K)
 Metaspace       used 53693K, committed 54016K, reserved 1097728K
  class space    used 6631K, committed 6784K, reserved 1048576K
}
Event: 20.111 GC heap after
{Heap after GC invocations=30 (full 0):
 garbage-first heap   total 137216K, used 50318K [0x0000000081c00000, 0x0000000100000000)
  region size 1024K, 4 young (4096K), 4 survivors (4096K)
 Metaspace       used 53693K, committed 54016K, reserved 1097728K
  class space    used 6631K, committed 6784K, reserved 1048576K
}
Event: 21.007 GC heap before
{Heap before GC invocations=30 (full 0):
 garbage-first heap   total 137216K, used 115854K [0x0000000081c00000, 0x0000000100000000)
  region size 1024K, 68 young (69632K), 4 survivors (4096K)
 Metaspace       used 53693K, committed 54016K, reserved 1097728K
  class space    used 6631K, committed 6784K, reserved 1048576K
}
Event: 21.013 GC heap after
{Heap after GC invocations=31 (full 0):
 garbage-first heap   total 137216K, used 51246K [0x0000000081c00000, 0x0000000100000000)
  region size 1024K, 5 young (5120K), 5 survivors (5120K)
 Metaspace       used 53693K, committed 54016K, reserved 1097728K
  class space    used 6631K, committed 6784K, reserved 1048576K
}
Event: 21.653 GC heap before
{Heap before GC invocations=31 (full 0):
 garbage-first heap   total 137216K, used 115758K [0x0000000081c00000, 0x0000000100000000)
  region size 1024K, 69 young (70656K), 5 survivors (5120K)
 Metaspace       used 53705K, committed 54016K, reserved 1097728K
  class space    used 6636K, committed 6784K, reserved 1048576K
}
Event: 21.660 GC heap after
{Heap after GC invocations=32 (full 0):
 garbage-first heap   total 137216K, used 52793K [0x0000000081c00000, 0x0000000100000000)
  region size 1024K, 6 young (6144K), 6 survivors (6144K)
 Metaspace       used 53705K, committed 54016K, reserved 1097728K
  class space    used 6636K, committed 6784K, reserved 1048576K
}
Event: 22.369 GC heap before
{Heap before GC invocations=32 (full 0):
 garbage-first heap   total 137216K, used 118329K [0x0000000081c00000, 0x0000000100000000)
  region size 1024K, 68 young (69632K), 6 survivors (6144K)
 Metaspace       used 53705K, committed 54016K, reserved 1097728K
  class space    used 6636K, committed 6784K, reserved 1048576K
}
Event: 22.376 GC heap after
{Heap after GC invocations=33 (full 0):
 garbage-first heap   total 137216K, used 53815K [0x0000000081c00000, 0x0000000100000000)
  region size 1024K, 6 young (6144K), 6 survivors (6144K)
 Metaspace       used 53705K, committed 54016K, reserved 1097728K
  class space    used 6636K, committed 6784K, reserved 1048576K
}
Event: 22.864 GC heap before
{Heap before GC invocations=33 (full 0):
 garbage-first heap   total 137216K, used 116279K [0x0000000081c00000, 0x0000000100000000)
  region size 1024K, 67 young (68608K), 6 survivors (6144K)
 Metaspace       used 53705K, committed 54016K, reserved 1097728K
  class space    used 6636K, committed 6784K, reserved 1048576K
}
Event: 22.870 GC heap after
{Heap after GC invocations=34 (full 0):
 garbage-first heap   total 137216K, used 53911K [0x0000000081c00000, 0x0000000100000000)
  region size 1024K, 6 young (6144K), 6 survivors (6144K)
 Metaspace       used 53705K, committed 54016K, reserved 1097728K
  class space    used 6636K, committed 6784K, reserved 1048576K
}
Event: 23.296 GC heap before
{Heap before GC invocations=34 (full 0):
 garbage-first heap   total 137216K, used 115351K [0x0000000081c00000, 0x0000000100000000)
  region size 1024K, 66 young (67584K), 6 survivors (6144K)
 Metaspace       used 53705K, committed 54016K, reserved 1097728K
  class space    used 6636K, committed 6784K, reserved 1048576K
}
Event: 23.302 GC heap after
{Heap after GC invocations=35 (full 0):
 garbage-first heap   total 137216K, used 54315K [0x0000000081c00000, 0x0000000100000000)
  region size 1024K, 5 young (5120K), 5 survivors (5120K)
 Metaspace       used 53705K, committed 54016K, reserved 1097728K
  class space    used 6636K, committed 6784K, reserved 1048576K
}
Event: 23.701 GC heap before
{Heap before GC invocations=35 (full 0):
 garbage-first heap   total 137216K, used 124971K [0x0000000081c00000, 0x0000000100000000)
  region size 1024K, 66 young (67584K), 5 survivors (5120K)
 Metaspace       used 53705K, committed 54016K, reserved 1097728K
  class space    used 6636K, committed 6784K, reserved 1048576K
}
Event: 23.708 GC heap after
{Heap after GC invocations=36 (full 0):
 garbage-first heap   total 164864K, used 54357K [0x0000000081c00000, 0x0000000100000000)
  region size 1024K, 5 young (5120K), 5 survivors (5120K)
 Metaspace       used 53705K, committed 54016K, reserved 1097728K
  class space    used 6636K, committed 6784K, reserved 1048576K
}
Event: 24.504 GC heap before
{Heap before GC invocations=36 (full 0):
 garbage-first heap   total 164864K, used 142421K [0x0000000081c00000, 0x0000000100000000)
  region size 1024K, 90 young (92160K), 5 survivors (5120K)
 Metaspace       used 53705K, committed 54016K, reserved 1097728K
  class space    used 6636K, committed 6784K, reserved 1048576K
}
Event: 24.511 GC heap after
{Heap after GC invocations=37 (full 0):
 garbage-first heap   total 164864K, used 55316K [0x0000000081c00000, 0x0000000100000000)
  region size 1024K, 6 young (6144K), 6 survivors (6144K)
 Metaspace       used 53705K, committed 54016K, reserved 1097728K
  class space    used 6636K, committed 6784K, reserved 1048576K
}
Event: 25.000 GC heap before
{Heap before GC invocations=37 (full 0):
 garbage-first heap   total 164864K, used 140308K [0x0000000081c00000, 0x0000000100000000)
  region size 1024K, 89 young (91136K), 6 survivors (6144K)
 Metaspace       used 53714K, committed 54016K, reserved 1097728K
  class space    used 6640K, committed 6784K, reserved 1048576K
}
Event: 25.007 GC heap after
{Heap after GC invocations=38 (full 0):
 garbage-first heap   total 164864K, used 56405K [0x0000000081c00000, 0x0000000100000000)
  region size 1024K, 7 young (7168K), 7 survivors (7168K)
 Metaspace       used 53714K, committed 54016K, reserved 1097728K
  class space    used 6640K, committed 6784K, reserved 1048576K
}

Deoptimization events (20 events):
Event: 25.709 Thread 0x000001a009f27370 DEOPT PACKING pc=0x000001a00df518e9 sp=0x00000063114f6330
Event: 25.709 Thread 0x000001a009f27370 DEOPT UNPACKING pc=0x000001a00d612b43 sp=0x00000063114f5868 mode 0
Event: 25.710 Thread 0x000001a009f27370 DEOPT PACKING pc=0x000001a00df518e9 sp=0x00000063114f6330
Event: 25.710 Thread 0x000001a009f27370 DEOPT UNPACKING pc=0x000001a00d612b43 sp=0x00000063114f5868 mode 0
Event: 25.710 Thread 0x000001a009f27370 DEOPT PACKING pc=0x000001a00df518e9 sp=0x00000063114f6330
Event: 25.710 Thread 0x000001a009f27370 DEOPT UNPACKING pc=0x000001a00d612b43 sp=0x00000063114f5868 mode 0
Event: 25.711 Thread 0x000001a009f27370 DEOPT PACKING pc=0x000001a00df518e9 sp=0x00000063114f6330
Event: 25.711 Thread 0x000001a009f27370 DEOPT UNPACKING pc=0x000001a00d612b43 sp=0x00000063114f5868 mode 0
Event: 25.712 Thread 0x000001a009f27370 Uncommon trap: trap_request=0xffffff97 fr.pc=0x000001a01550663c relative=0x000000000000011c
Event: 25.712 Thread 0x000001a009f27370 Uncommon trap: reason=unhandled action=none pc=0x000001a01550663c method=jdk.internal.loader.BuiltinClassLoader.loadClass(Ljava/lang/String;Z)Ljava/lang/Class; @ 19 c2
Event: 25.712 Thread 0x000001a009f27370 DEOPT PACKING pc=0x000001a01550663c sp=0x00000063114f6690
Event: 25.713 Thread 0x000001a009f27370 DEOPT UNPACKING pc=0x000001a00d6123a3 sp=0x00000063114f65b0 mode 2
Event: 25.713 Thread 0x000001a009f27370 DEOPT PACKING pc=0x000001a00ddcf0d4 sp=0x00000063114f66e0
Event: 25.713 Thread 0x000001a009f27370 DEOPT UNPACKING pc=0x000001a00d612b43 sp=0x00000063114f5b98 mode 1
Event: 25.714 Thread 0x000001a009f27370 Uncommon trap: trap_request=0xffffff97 fr.pc=0x000001a01550663c relative=0x000000000000011c
Event: 25.714 Thread 0x000001a009f27370 Uncommon trap: reason=unhandled action=none pc=0x000001a01550663c method=jdk.internal.loader.BuiltinClassLoader.loadClass(Ljava/lang/String;Z)Ljava/lang/Class; @ 19 c2
Event: 25.714 Thread 0x000001a009f27370 DEOPT PACKING pc=0x000001a01550663c sp=0x00000063114f6760
Event: 25.714 Thread 0x000001a009f27370 DEOPT UNPACKING pc=0x000001a00d6123a3 sp=0x00000063114f6680 mode 2
Event: 25.714 Thread 0x000001a009f27370 DEOPT PACKING pc=0x000001a00ddcf0d4 sp=0x00000063114f67b0
Event: 25.714 Thread 0x000001a009f27370 DEOPT UNPACKING pc=0x000001a00d612b43 sp=0x00000063114f5c68 mode 1

Classes unloaded (1 events):
Event: 17.292 Thread 0x000001a0235a16f0 Unloading class 0x00000001005d8000 'net/bytebuddy/mirror/AccessibleObject'

Classes redefined (0 events):
No events

Internal exceptions (20 events):
Event: 15.990 Thread 0x000001a009f27370 Exception <a 'java/lang/ClassNotFoundException'{0x000000008717d008}: org/springframework/beans/factory/BeanFactoryAwareCustomizer> (0x000000008717d008) 
thrown [s\src\hotspot\share\classfile\systemDictionary.cpp, line 256]
Event: 15.993 Thread 0x000001a009f27370 Exception <a 'java/lang/ClassNotFoundException'{0x00000000871887a0}: org/springframework/beans/factory/AwareCustomizer> (0x00000000871887a0) 
thrown [s\src\hotspot\share\classfile\systemDictionary.cpp, line 256]
Event: 16.045 Thread 0x000001a009f27370 Exception <a 'java/lang/ClassNotFoundException'{0x0000000086f9aed0}: java/lang/ObjectCustomizer> (0x0000000086f9aed0) 
thrown [s\src\hotspot\share\classfile\systemDictionary.cpp, line 256]
Event: 16.048 Thread 0x000001a009f27370 Exception <a 'java/lang/ClassNotFoundException'{0x0000000086fa90e0}: org/springframework/jdbc/datasource/AbstractDataSourceCustomizer> (0x0000000086fa90e0) 
thrown [s\src\hotspot\share\classfile\systemDictionary.cpp, line 256]
Event: 16.051 Thread 0x000001a009f27370 Exception <a 'java/lang/ClassNotFoundException'{0x0000000086fbba80}: org/springframework/jdbc/datasource/AbstractDriverBasedDataSourceCustomizer> (0x0000000086fbba80) 
thrown [s\src\hotspot\share\classfile\systemDictionary.cpp, line 256]
Event: 16.055 Thread 0x000001a009f27370 Exception <a 'java/lang/ClassNotFoundException'{0x0000000086fd3b28}: org/springframework/jdbc/datasource/DriverManagerDataSourceCustomizer> (0x0000000086fd3b28) 
thrown [s\src\hotspot\share\classfile\systemDictionary.cpp, line 256]
Event: 16.058 Thread 0x000001a009f27370 Exception <a 'java/lang/ClassNotFoundException'{0x0000000086fe01b8}: javax/sql/DataSourceCustomizer> (0x0000000086fe01b8) 
thrown [s\src\hotspot\share\classfile\systemDictionary.cpp, line 256]
Event: 16.059 Thread 0x000001a009f27370 Exception <a 'java/lang/ClassNotFoundException'{0x0000000086fe9c40}: javax/sql/CommonDataSourceCustomizer> (0x0000000086fe9c40) 
thrown [s\src\hotspot\share\classfile\systemDictionary.cpp, line 256]
Event: 16.061 Thread 0x000001a009f27370 Exception <a 'java/lang/ClassNotFoundException'{0x0000000086ff2bc0}: java/sql/WrapperCustomizer> (0x0000000086ff2bc0) 
thrown [s\src\hotspot\share\classfile\systemDictionary.cpp, line 256]
Event: 16.087 Thread 0x000001a009f27370 Exception <a 'java/lang/ClassNotFoundException'{0x0000000086ec08e0}: java/lang/ObjectCustomizer> (0x0000000086ec08e0) 
thrown [s\src\hotspot\share\classfile\systemDictionary.cpp, line 256]
Event: 16.091 Thread 0x000001a009f27370 Exception <a 'java/lang/ClassNotFoundException'{0x0000000086ece688}: org/springframework/orm/hibernate5/HibernateExceptionTranslatorCustomizer> (0x0000000086ece688) 
thrown [s\src\hotspot\share\classfile\systemDictionary.cpp, line 256]
Event: 16.094 Thread 0x000001a009f27370 Exception <a 'java/lang/ClassNotFoundException'{0x0000000086edbac0}: org/springframework/orm/hibernate5/LocalSessionFactoryBeanCustomizer> (0x0000000086edbac0) 
thrown [s\src\hotspot\share\classfile\systemDictionary.cpp, line 256]
Event: 16.101 Thread 0x000001a009f27370 Exception <a 'java/lang/ClassNotFoundException'{0x0000000086d2d9c0}: org/springframework/beans/factory/FactoryBeanCustomizer> (0x0000000086d2d9c0) 
thrown [s\src\hotspot\share\classfile\systemDictionary.cpp, line 256]
Event: 16.104 Thread 0x000001a009f27370 Exception <a 'java/lang/ClassNotFoundException'{0x0000000086d3be68}: org/springframework/context/ResourceLoaderAwareCustomizer> (0x0000000086d3be68) 
thrown [s\src\hotspot\share\classfile\systemDictionary.cpp, line 256]
Event: 16.107 Thread 0x000001a009f27370 Exception <a 'java/lang/ClassNotFoundException'{0x0000000086d46ce8}: org/springframework/beans/factory/AwareCustomizer> (0x0000000086d46ce8) 
thrown [s\src\hotspot\share\classfile\systemDictionary.cpp, line 256]
Event: 16.110 Thread 0x000001a009f27370 Exception <a 'java/lang/ClassNotFoundException'{0x0000000086d51100}: org/springframework/beans/factory/BeanFactoryAwareCustomizer> (0x0000000086d51100) 
thrown [s\src\hotspot\share\classfile\systemDictionary.cpp, line 256]
Event: 16.112 Thread 0x000001a009f27370 Exception <a 'java/lang/ClassNotFoundException'{0x0000000086d5c648}: org/springframework/beans/factory/AwareCustomizer> (0x0000000086d5c648) 
thrown [s\src\hotspot\share\classfile\systemDictionary.cpp, line 256]
Event: 16.114 Thread 0x000001a009f27370 Exception <a 'java/lang/ClassNotFoundException'{0x0000000086d66a60}: org/springframework/beans/factory/InitializingBeanCustomizer> (0x0000000086d66a60) 
thrown [s\src\hotspot\share\classfile\systemDictionary.cpp, line 256]
Event: 16.116 Thread 0x000001a009f27370 Exception <a 'java/lang/ClassNotFoundException'{0x0000000086d71620}: org/springframework/beans/factory/DisposableBeanCustomizer> (0x0000000086d71620) 
thrown [s\src\hotspot\share\classfile\systemDictionary.cpp, line 256]
Event: 16.117 Thread 0x000001a009f27370 Exception <a 'java/lang/ClassNotFoundException'{0x0000000086d7c6f0}: org/springframework/dao/support/PersistenceExceptionTranslatorCustomizer> (0x0000000086d7c6f0) 
thrown [s\src\hotspot\share\classfile\systemDictionary.cpp, line 256]

VM Operations (20 events):
Event: 20.106 Executing VM operation: G1CollectForAllocation
Event: 20.111 Executing VM operation: G1CollectForAllocation done
Event: 21.007 Executing VM operation: G1CollectForAllocation
Event: 21.013 Executing VM operation: G1CollectForAllocation done
Event: 21.653 Executing VM operation: G1CollectForAllocation
Event: 21.660 Executing VM operation: G1CollectForAllocation done
Event: 22.369 Executing VM operation: G1CollectForAllocation
Event: 22.376 Executing VM operation: G1CollectForAllocation done
Event: 22.864 Executing VM operation: G1CollectForAllocation
Event: 22.870 Executing VM operation: G1CollectForAllocation done
Event: 23.296 Executing VM operation: G1CollectForAllocation
Event: 23.302 Executing VM operation: G1CollectForAllocation done
Event: 23.701 Executing VM operation: G1CollectForAllocation
Event: 23.708 Executing VM operation: G1CollectForAllocation done
Event: 24.504 Executing VM operation: G1CollectForAllocation
Event: 24.511 Executing VM operation: G1CollectForAllocation done
Event: 24.999 Executing VM operation: G1CollectForAllocation
Event: 25.007 Executing VM operation: G1CollectForAllocation done
Event: 25.678 Executing VM operation: HandshakeAllThreads
Event: 25.678 Executing VM operation: HandshakeAllThreads done

Events (20 events):
Event: 25.681 loading class java/util/ResourceBundle$CacheKeyReference done
Event: 25.681 loading class java/util/ResourceBundle$KeyElementReference done
Event: 25.683 loading class java/util/ResourceBundle$Control$2
Event: 25.683 loading class java/util/ResourceBundle$Control$2 done
Event: 25.684 loading class sun/util/PropertyResourceBundleCharset
Event: 25.684 loading class sun/util/PropertyResourceBundleCharset done
Event: 25.684 loading class sun/util/PropertyResourceBundleCharset$PropertiesFileDecoder
Event: 25.685 loading class sun/util/PropertyResourceBundleCharset$PropertiesFileDecoder done
Event: 25.711 loading class java/util/ResourceBundle$BundleReference
Event: 25.711 loading class java/util/ResourceBundle$BundleReference done
Event: 25.716 loading class jdk/internal/math/FDBigInteger
Event: 25.716 loading class jdk/internal/math/FDBigInteger done
Event: 25.717 loading class java/math/MathContext
Event: 25.718 loading class java/math/MathContext done
Event: 25.720 loading class java/util/Collections$UnmodifiableMap$UnmodifiableEntrySet$UnmodifiableEntrySetSpliterator
Event: 25.720 loading class java/util/Collections$UnmodifiableMap$UnmodifiableEntrySet$UnmodifiableEntrySetSpliterator done
Event: 25.720 loading class java/util/HashMap$EntrySpliterator
Event: 25.720 loading class java/util/HashMap$EntrySpliterator done
Event: 25.877 loading class java/util/LinkedList$LLSpliterator
Event: 25.878 loading class java/util/LinkedList$LLSpliterator done


Dynamic libraries:
0x00007ff770e40000 - 0x00007ff770e4e000 	C:\Users\BUYPC\Desktop\sts-4.16.0.RELEASE\plugins\org.eclipse.justj.openjdk.hotspot.jre.full.win32.x86_64_17.0.4.v20220903-1038\jre\bin\javaw.exe
0x00007ff8b6450000 - 0x00007ff8b6648000 	C:\Windows\SYSTEM32\ntdll.dll
0x00007ff8af440000 - 0x00007ff8af457000 	C:\Program Files\Avast Software\Avast\aswhook.dll
0x00007ff8b5790000 - 0x00007ff8b584f000 	C:\Windows\System32\KERNEL32.DLL
0x00007ff8b3ed0000 - 0x00007ff8b41a2000 	C:\Windows\System32\KERNELBASE.dll
0x00007ff8b3cb0000 - 0x00007ff8b3db0000 	C:\Windows\System32\ucrtbase.dll
0x00007ff8a38b0000 - 0x00007ff8a38c8000 	C:\Users\BUYPC\Desktop\sts-4.16.0.RELEASE\plugins\org.eclipse.justj.openjdk.hotspot.jre.full.win32.x86_64_17.0.4.v20220903-1038\jre\bin\jli.dll
0x00007ff89aed0000 - 0x00007ff89aee9000 	C:\Users\BUYPC\Desktop\sts-4.16.0.RELEASE\plugins\org.eclipse.justj.openjdk.hotspot.jre.full.win32.x86_64_17.0.4.v20220903-1038\jre\bin\VCRUNTIME140.dll
0x00007ff8b5430000 - 0x00007ff8b55cd000 	C:\Windows\System32\USER32.dll
0x00007ff8b42f0000 - 0x00007ff8b4312000 	C:\Windows\System32\win32u.dll
0x00007ff8b4790000 - 0x00007ff8b47bb000 	C:\Windows\System32\GDI32.dll
0x00007ff8b41b0000 - 0x00007ff8b42bf000 	C:\Windows\System32\gdi32full.dll
0x00007ff8b4320000 - 0x00007ff8b43bd000 	C:\Windows\System32\msvcp_win.dll
0x00007ff89fe80000 - 0x00007ff8a011a000 	C:\Windows\WinSxS\amd64_microsoft.windows.common-controls_6595b64144ccf1df_6.0.19041.1110_none_60b5254171f9507e\COMCTL32.dll
0x00007ff8b6370000 - 0x00007ff8b640e000 	C:\Windows\System32\msvcrt.dll
0x00007ff8b6330000 - 0x00007ff8b6362000 	C:\Windows\System32\IMM32.DLL
0x00007ff8a6490000 - 0x00007ff8a649c000 	C:\Users\BUYPC\Desktop\sts-4.16.0.RELEASE\plugins\org.eclipse.justj.openjdk.hotspot.jre.full.win32.x86_64_17.0.4.v20220903-1038\jre\bin\vcruntime140_1.dll
0x00007ff898330000 - 0x00007ff8983c1000 	C:\Users\BUYPC\Desktop\sts-4.16.0.RELEASE\plugins\org.eclipse.justj.openjdk.hotspot.jre.full.win32.x86_64_17.0.4.v20220903-1038\jre\bin\msvcp140.dll
0x00007ff885730000 - 0x00007ff886376000 	C:\Users\BUYPC\Desktop\sts-4.16.0.RELEASE\plugins\org.eclipse.justj.openjdk.hotspot.jre.full.win32.x86_64_17.0.4.v20220903-1038\jre\bin\server\jvm.dll
0x00007ff8b6150000 - 0x00007ff8b61fe000 	C:\Windows\System32\ADVAPI32.dll
0x00007ff8b4820000 - 0x00007ff8b48bc000 	C:\Windows\System32\sechost.dll
0x00007ff8b6200000 - 0x00007ff8b6325000 	C:\Windows\System32\RPCRT4.dll
0x00007ff8b5780000 - 0x00007ff8b5788000 	C:\Windows\System32\PSAPI.DLL
0x00007ff8ae0c0000 - 0x00007ff8ae0e7000 	C:\Windows\SYSTEM32\WINMM.dll
0x00007ff8a44d0000 - 0x00007ff8a44d9000 	C:\Windows\SYSTEM32\WSOCK32.dll
0x00007ff8b44a0000 - 0x00007ff8b450b000 	C:\Windows\System32\WS2_32.dll
0x00007ff8abd90000 - 0x00007ff8abd9a000 	C:\Windows\SYSTEM32\VERSION.dll
0x00007ff8b2350000 - 0x00007ff8b2362000 	C:\Windows\SYSTEM32\kernel.appcore.dll
0x00007ff8af460000 - 0x00007ff8af46a000 	C:\Users\BUYPC\Desktop\sts-4.16.0.RELEASE\plugins\org.eclipse.justj.openjdk.hotspot.jre.full.win32.x86_64_17.0.4.v20220903-1038\jre\bin\jimage.dll
0x00007ff8aa530000 - 0x00007ff8aa714000 	C:\Windows\SYSTEM32\DBGHELP.DLL
0x00007ff8aa500000 - 0x00007ff8aa52c000 	C:\Windows\SYSTEM32\dbgcore.DLL
0x00007ff8b4410000 - 0x00007ff8b4492000 	C:\Windows\System32\bcryptPrimitives.dll
0x00007ff8a0c50000 - 0x00007ff8a0c8b000 	C:\Users\BUYPC\Desktop\sts-4.16.0.RELEASE\plugins\org.eclipse.justj.openjdk.hotspot.jre.full.win32.x86_64_17.0.4.v20220903-1038\jre\bin\jdwp.dll
0x00007ff8af1f0000 - 0x00007ff8af1fe000 	C:\Users\BUYPC\Desktop\sts-4.16.0.RELEASE\plugins\org.eclipse.justj.openjdk.hotspot.jre.full.win32.x86_64_17.0.4.v20220903-1038\jre\bin\instrument.dll
0x00007ff89c610000 - 0x00007ff89c635000 	C:\Users\BUYPC\Desktop\sts-4.16.0.RELEASE\plugins\org.eclipse.justj.openjdk.hotspot.jre.full.win32.x86_64_17.0.4.v20220903-1038\jre\bin\java.dll
0x00007ff8a0f50000 - 0x00007ff8a0f68000 	C:\Users\BUYPC\Desktop\sts-4.16.0.RELEASE\plugins\org.eclipse.justj.openjdk.hotspot.jre.full.win32.x86_64_17.0.4.v20220903-1038\jre\bin\zip.dll
0x00007ff8b49a0000 - 0x00007ff8b50e3000 	C:\Windows\System32\SHELL32.dll
0x00007ff8b1bb0000 - 0x00007ff8b2342000 	C:\Windows\SYSTEM32\windows.storage.dll
0x00007ff8b5970000 - 0x00007ff8b5cc4000 	C:\Windows\System32\combase.dll
0x00007ff8b33f0000 - 0x00007ff8b3420000 	C:\Windows\SYSTEM32\Wldp.dll
0x00007ff8b4510000 - 0x00007ff8b45bd000 	C:\Windows\System32\SHCORE.dll
0x00007ff8b47c0000 - 0x00007ff8b4815000 	C:\Windows\System32\shlwapi.dll
0x00007ff8b3a90000 - 0x00007ff8b3aaf000 	C:\Windows\SYSTEM32\profapi.dll
0x00007ff8af1d0000 - 0x00007ff8af1dc000 	C:\Users\BUYPC\Desktop\sts-4.16.0.RELEASE\plugins\org.eclipse.justj.openjdk.hotspot.jre.full.win32.x86_64_17.0.4.v20220903-1038\jre\bin\dt_socket.dll
0x00007ff8b2ee0000 - 0x00007ff8b2f1b000 	C:\Windows\SYSTEM32\IPHLPAPI.DLL
0x00007ff8b31d0000 - 0x00007ff8b323a000 	C:\Windows\system32\mswsock.dll
0x00007ff8b2f30000 - 0x00007ff8b2ffa000 	C:\Windows\SYSTEM32\DNSAPI.dll
0x00007ff8b5940000 - 0x00007ff8b5948000 	C:\Windows\System32\NSI.dll
0x00007ff8a50a0000 - 0x00007ff8a50aa000 	C:\Windows\System32\rasadhlp.dll
0x00007ff8a5750000 - 0x00007ff8a57d0000 	C:\Windows\System32\fwpuclnt.dll
0x00007ff8b42c0000 - 0x00007ff8b42e7000 	C:\Windows\System32\bcrypt.dll
0x00007ff89c2d0000 - 0x00007ff89c2e9000 	C:\Users\BUYPC\Desktop\sts-4.16.0.RELEASE\plugins\org.eclipse.justj.openjdk.hotspot.jre.full.win32.x86_64_17.0.4.v20220903-1038\jre\bin\net.dll
0x00007ff8a5910000 - 0x00007ff8a5a1c000 	C:\Windows\SYSTEM32\WINHTTP.dll
0x00007ff89bd30000 - 0x00007ff89bd45000 	C:\Users\BUYPC\Desktop\sts-4.16.0.RELEASE\plugins\org.eclipse.justj.openjdk.hotspot.jre.full.win32.x86_64_17.0.4.v20220903-1038\jre\bin\nio.dll
0x00007ff8af1b0000 - 0x00007ff8af1c0000 	C:\Users\BUYPC\Desktop\sts-4.16.0.RELEASE\plugins\org.eclipse.justj.openjdk.hotspot.jre.full.win32.x86_64_17.0.4.v20220903-1038\jre\bin\verify.dll
0x00007ff8abd30000 - 0x00007ff8abd47000 	C:\Windows\SYSTEM32\dhcpcsvc6.DLL
0x00007ff8ac690000 - 0x00007ff8ac6ad000 	C:\Windows\SYSTEM32\dhcpcsvc.DLL
0x00007ff8b37e0000 - 0x00007ff8b37f8000 	C:\Windows\SYSTEM32\CRYPTSP.dll
0x00007ff8b2b10000 - 0x00007ff8b2b44000 	C:\Windows\system32\rsaenh.dll
0x00007ff8b3a50000 - 0x00007ff8b3a7e000 	C:\Windows\SYSTEM32\USERENV.dll
0x00007ff8b3360000 - 0x00007ff8b336c000 	C:\Windows\SYSTEM32\CRYPTBASE.dll
0x00007ff8a64c0000 - 0x00007ff8a64c9000 	C:\Users\BUYPC\Desktop\sts-4.16.0.RELEASE\plugins\org.eclipse.justj.openjdk.hotspot.jre.full.win32.x86_64_17.0.4.v20220903-1038\jre\bin\management.dll
0x00007ff8a64b0000 - 0x00007ff8a64bb000 	C:\Users\BUYPC\Desktop\sts-4.16.0.RELEASE\plugins\org.eclipse.justj.openjdk.hotspot.jre.full.win32.x86_64_17.0.4.v20220903-1038\jre\bin\management_ext.dll
0x00007ff898fa0000 - 0x00007ff898fb7000 	C:\Windows\system32\napinsp.dll
0x00007ff898f00000 - 0x00007ff898f1b000 	C:\Windows\system32\pnrpnsp.dll
0x00007ff8ad7b0000 - 0x00007ff8ad7c5000 	C:\Windows\system32\wshbth.dll
0x00007ff8af0e0000 - 0x00007ff8af0fd000 	C:\Windows\system32\NLAapi.dll
0x00007ff898ee0000 - 0x00007ff898ef2000 	C:\Windows\System32\winrnr.dll

dbghelp: loaded successfully - version: 4.0.5 - missing functions: none
symbol engine: initialized successfully - sym options: 0x614 - pdb path: .;C:\Users\BUYPC\Desktop\sts-4.16.0.RELEASE\plugins\org.eclipse.justj.openjdk.hotspot.jre.full.win32.x86_64_17.0.4.v20220903-1038\jre\bin;C:\Windows\SYSTEM32;C:\Program Files\Avast Software\Avast;C:\Windows\WinSxS\amd64_microsoft.windows.common-controls_6595b64144ccf1df_6.0.19041.1110_none_60b5254171f9507e;C:\Users\BUYPC\Desktop\sts-4.16.0.RELEASE\plugins\org.eclipse.justj.openjdk.hotspot.jre.full.win32.x86_64_17.0.4.v20220903-1038\jre\bin\server

VM Arguments:
jvm_args: -XX:+ShowCodeDetailsInExceptionMessages -agentlib:jdwp=transport=dt_socket,suspend=y,address=localhost:63611 -ea -javaagent:C:\Users\BUYPC\Desktop\sts-4.16.0.RELEASE\configuration\org.eclipse.osgi\268\0\.cp\lib\javaagent-shaded.jar -Dfile.encoding=UTF-8 
java_command: org.eclipse.jdt.internal.junit.runner.RemoteTestRunner -version 3 -port 63610 -testLoaderClass org.eclipse.jdt.internal.junit5.runner.JUnit5TestLoader -loaderpluginname org.eclipse.jdt.junit5.runtime -test testController.TestInstituteController:changeInstituteStatus
java_class_path (initial): C:\Users\BUYPC\Desktop\yuzee-backend-institute-api\target\test-classes;C:\Users\BUYPC\Desktop\yuzee-backend-institute-api\target\classes;C:\Users\BUYPC\.m2\repository\org\testcontainers\testcontainers\1.15.0\testcontainers-1.15.0.jar;C:\Users\BUYPC\.m2\repository\org\apache\commons\commons-lang3\3.11\commons-lang3-3.11.jar;C:\Users\BUYPC\.m2\repository\org\projectlombok\lombok\1.18.20\lombok-1.18.20.jar;C:\Users\BUYPC\.m2\repository\junit\junit\4.12\junit-4.12.jar;C:\Users\BUYPC\.m2\repository\org\hamcrest\hamcrest-core\2.2\hamcrest-core-2.2.jar;C:\Users\BUYPC\.m2\repository\org\springframework\boot\spring-boot-starter-web\2.4.5\spring-boot-starter-web-2.4.5.jar;C:\Users\BUYPC\.m2\repository\org\springframework\boot\spring-boot-starter\2.4.5\spring-boot-starter-2.4.5.jar;C:\Users\BUYPC\.m2\repository\org\springframework\boot\spring-boot-starter-logging\2.4.5\spring-boot-starter-logging-2.4.5.jar;C:\Users\BUYPC\.m2\repository\ch\qos\logback\logback-classic\1.2.3\logback-classic-1.2.3.jar;C:\Users\BUYPC\.m2\repository\ch\qos\logback\logback-core\1.2.3\logback-core-1.2.3.jar;C:\Users\BUYPC\.m2\repository\org\apache\logging\log4j\log4j-to-slf4j\2.13.3\log4j-to-slf4j-2.13.3.jar;C:\Users\BUYPC\.m2\repository\org\apache\logging\log4j\log4j-api\2.13.3\log4j-api-2.13.3.jar;C:\Users\BUYPC\.m2\repository\org\slf4j\jul-to-slf4j\1.7.30\jul-to-slf4j-1.7.30.jar;C:\Users\BUYPC\.m2\repository\org\yaml\snakeyaml\1.27\snakeyaml-1.27.jar;C:\Users\BUYPC\.m2\repository\org\springframework\boot\spring-boot-starter-json\2.4.5\spring-boot-starter-json-2.4.5.jar;C:\Users\BUYPC\.m2\repository\com\fasterxml\jackson\datatype\jackson-datatype-jdk8\2.11.4\jackson-datatype-jdk8-2.11.4.jar;C:\Users\BUYPC\.m2\repository\com\fasterxml\jackson\datatype\jackson-datatype-jsr310\2.11.4\jackson-datatype-jsr310-2.11.4.jar;C:\Users\BUYPC\.m2\repository\com\fasterxml\jackson\module\jackson-module-parameter-names\2.11.4\jackson-module-parameter-names-2.11.4.jar;C:\Users\BUYPC\.m2\
Launcher Type: SUN_STANDARD

[Global flags]
     intx CICompilerCount                          = 3                                         {product} {ergonomic}
     uint ConcGCThreads                            = 1                                         {product} {ergonomic}
     uint G1ConcRefinementThreads                  = 4                                         {product} {ergonomic}
   size_t G1HeapRegionSize                         = 1048576                                   {product} {ergonomic}
    uintx GCDrainStackTargetSize                   = 64                                        {product} {ergonomic}
   size_t InitialHeapSize                          = 134217728                                 {product} {ergonomic}
   size_t MarkStackSize                            = 4194304                                   {product} {ergonomic}
   size_t MaxHeapSize                              = 2118123520                                {product} {ergonomic}
   size_t MaxNewSize                               = 1270874112                                {product} {ergonomic}
   size_t MinHeapDeltaBytes                        = 1048576                                   {product} {ergonomic}
   size_t MinHeapSize                              = 8388608                                   {product} {ergonomic}
    uintx NonNMethodCodeHeapSize                   = 5832780                                {pd product} {ergonomic}
    uintx NonProfiledCodeHeapSize                  = 122912730                              {pd product} {ergonomic}
    uintx ProfiledCodeHeapSize                     = 122912730                              {pd product} {ergonomic}
    uintx ReservedCodeCacheSize                    = 251658240                              {pd product} {ergonomic}
     bool SegmentedCodeCache                       = true                                      {product} {ergonomic}
     bool ShowCodeDetailsInExceptionMessages       = true                                   {manageable} {command line}
   size_t SoftMaxHeapSize                          = 2118123520                             {manageable} {ergonomic}
     bool UseCompressedClassPointers               = true                           {product lp64_product} {ergonomic}
     bool UseCompressedOops                        = true                           {product lp64_product} {ergonomic}
     bool UseG1GC                                  = true                                      {product} {ergonomic}
     bool UseLargePagesIndividualAllocation        = false                                  {pd product} {ergonomic}

Logging:
Log output configuration:
 #0: stdout all=warning uptime,level,tags
 #1: stderr all=off uptime,level,tags

Environment Variables:
JAVA_HOME=C:\Program Files\Java\jdk-17.0.2
PATH=C:\Users\BUYPC\Desktop\sts-4.16.0.RELEASE\plugins\org.eclipse.justj.openjdk.hotspot.jre.full.win32.x86_64_17.0.4.v20220903-1038\jre\bin;C:/Users/BUYPC/Desktop/sts-4.16.0.RELEASE//plugins/org.eclipse.justj.openjdk.hotspot.jre.full.win32.x86_64_17.0.4.v20220903-1038/jre/bin/server;C:/Users/BUYPC/Desktop/sts-4.16.0.RELEASE//plugins/org.eclipse.justj.openjdk.hotspot.jre.full.win32.x86_64_17.0.4.v20220903-1038/jre/bin;C:\Program Files\Common Files\Oracle\Java\javapath;C:\Program Files\Java\jdk-16.0.2\bin;C:\Windows\system32;C:\Windows;C:\Windows\System32\Wbem;C:\Windows\System32\WindowsPowerShell\v1.0\;C:\Windows\System32\OpenSSH\;C:\Users\BUYPC\Desktop\apache-maven-3.8.4-bin\apache-maven-3.8.4\bin;C:\Program Files\Git\cmd;C:\Program Files\nodejs\;C:\ProgramData\Microsoft\Windows\Start Menu\Programs\MySQL\MySQL Server 8.0;C:\Users\BUYPC\Downloads\sonarqube-8.9.9.56886\sonarqube-8.9.9.56886\bin;;C:\Program Files\Docker\Docker\resources\bin;C:\Program Files\MySQL\MySQL Shell 8.0\bin\;C:\Users\BUYPC\AppData\Local\Microsoft\WindowsApps;C:\Users\BUYPC\AppData\Roaming\npm;C:\Users\BUYPC\AppData\Local\Programs\Microsoft VS Code\bin;C:\Users\BUYPC\Desktop\;C:\Users\BUYPC\Desktop\sts-4.16.0.RELEASE;
USERNAME=BUYPC
OS=Windows_NT
PROCESSOR_IDENTIFIER=Intel64 Family 6 Model 42 Stepping 7, GenuineIntel
TMP=C:\Users\BUYPC\AppData\Local\Temp
TEMP=C:\Users\BUYPC\AppData\Local\Temp



---------------  S Y S T E M  ---------------

OS:
 Windows 10 , 64 bit Build 19041 (10.0.19041.2251)
OS uptime: 1 days 13:18 hours
Hyper-V role detected

CPU: total 4 (initial active 4) (2 cores per cpu, 2 threads per core) family 6 model 42 stepping 7 microcode 0x2f, cx8, cmov, fxsr, ht, mmx, sse, sse2, sse3, ssse3, sse4.1, sse4.2, popcnt, tsc, tscinvbit, avx, aes, clmul, vzeroupper, clflush, hv

Memory: 4k page, system-wide physical 8073M (512M free)
TotalPageFile size 14473M (AvailPageFile size 5669M)
current process WorkingSet (physical memory assigned to process): 380M, peak: 393M
current process commit charge ("private bytes"): 425M, peak: 437M

vm_info: OpenJDK 64-Bit Server VM (17.0.4.1+1) for windows-amd64 JRE (17.0.4.1+1), built on Aug 17 2022 07:42:43 by "temurin" with MS VC++ 16.7 (VS2019)

END.
