#
# A fatal error has been detected by the Java Runtime Environment:
#
#  EXCEPTION_ACCESS_VIOLATION (0xc0000005) at pc=0x00007ffba0f972a1, pid=11880, tid=7784
#
# JRE version: OpenJDK Runtime Environment Temurin-17.0.4.1+1 (17.0.4.1+1) (build 17.0.4.1+1)
# Java VM: OpenJDK 64-Bit Server VM Temurin-17.0.4.1+1 (17.0.4.1+1, mixed mode, emulated-client, tiered, compressed oops, compressed class ptrs, g1 gc, windows-amd64)
# Problematic frame:
# V  [jvm.dll+0x3072a1]
#
# No core dump will be written. Minidumps are not enabled by default on client versions of Windows
#
# If you would like to submit a bug report, please visit:
#   https://github.com/adoptium/adoptium-support/issues
#

---------------  S U M M A R Y ------------

Command Line: -XX:+ShowCodeDetailsInExceptionMessages -agentlib:jdwp=transport=dt_socket,suspend=y,address=localhost:63815 -Dcom.sun.management.jmxremote -Dcom.sun.management.jmxremote.port=63803 -Dcom.sun.management.jmxremote.authenticate=false -Dcom.sun.management.jmxremote.ssl=false -Djava.rmi.server.hostname=localhost -Dspring.jmx.enabled=true -Dspring.application.admin.enabled=true -XX:TieredStopAtLevel=1 -Dspring.boot.project.name=yuzeeapp -javaagent:C:\Users\BUYPC\Desktop\sts-4.16.0.RELEASE\configuration\org.eclipse.osgi\268\0\.cp\lib\javaagent-shaded.jar -Dfile.encoding=UTF-8 com.yuzee.app.YuzeeApplication --spring.output.ansi.enabled=always

Host: Intel(R) Core(TM) i7-2640M CPU @ 2.80GHz, 4 cores, 7G,  Windows 10 , 64 bit Build 19041 (10.0.19041.1889)
Time: Thu Nov 10 00:39:23 2022 Pacific Standard Time elapsed time: 326.496411 seconds (0d 0h 5m 26s)

---------------  T H R E A D  ---------------

Current thread (0x000001eac1872070):  GCTaskThread "GC Thread#0" [stack: 0x000000ac56a00000,0x000000ac56b00000] [id=7784]

Stack: [0x000000ac56a00000,0x000000ac56b00000],  sp=0x000000ac56aff3f0,  free space=1020k
Native frames: (J=compiled Java code, j=interpreted, Vv=VM code, C=native code)
V  [jvm.dll+0x3072a1]
V  [jvm.dll+0x30407e]
V  [jvm.dll+0x316d15]
V  [jvm.dll+0x1f53d4]
V  [jvm.dll+0x303ffb]
V  [jvm.dll+0x1f7c98]
V  [jvm.dll+0x317cf0]
V  [jvm.dll+0x317b35]
V  [jvm.dll+0x2deb94]
V  [jvm.dll+0x2e05eb]
V  [jvm.dll+0x85f6bb]
V  [jvm.dll+0x85f706]
V  [jvm.dll+0x7e240a]
V  [jvm.dll+0x6761a5]
C  [ucrtbase.dll+0x21bb2]
C  [KERNEL32.DLL+0x17034]
C  [ntdll.dll+0x526a1]


siginfo: EXCEPTION_ACCESS_VIOLATION (0xc0000005), reading address 0x0000000000000100


Register to memory mapping:

RIP=0x00007ffba0f972a1 jvm.dll
RAX=0x000001eac186f7c8 points into unknown readable memory: 0x0000000000000000 | 00 00 00 00 00 00 00 00
RBX=0x0000000088114d31 is pointing into object: [Ljava.util.HashMap$Node; 
{0x0000000088114d18} - klass: 'java/util/HashMap$Node'[]
 - length: 16
RCX=0x0 is NULL
RDX=0x0 is NULL
RSP=0x000000ac56aff3f0 points into unknown readable memory: 0x0000000000000000 | 00 00 00 00 00 00 00 00
RBP=0x000000000000475d is an unknown value
RSI=0x0000000088114d30 is pointing into object: [Ljava.util.HashMap$Node; 
{0x0000000088114d18} - klass: 'java/util/HashMap$Node'[]
 - length: 16
RDI=0x000001ead897ad50 points into unknown readable memory: 0x00007ffba15e7368 | 68 73 5e a1 fb 7f 00 00
R8 =0x0000000088114e48 is an oop: java.util.LinkedHashMap$Entry 
{0x0000000088114e48} - klass: 'java/util/LinkedHashMap$Entry'
 - ---- fields (total size 5 words):
 - final 'hash' 'I' @12  -393100530 (e891c30e)
 - final 'key' 'Ljava/lang/Object;' @16  "required"{0x000000008303ad38} (8303ad38)
 - 'value' 'Ljava/lang/Object;' @20  a 'java/lang/Boolean'{0x0000000082450a78} = false (82450a78)
 - 'next' 'Ljava/util/HashMap$Node;' @24  NULL (0)
 - 'before' 'Ljava/util/LinkedHashMap$Entry;' @28  a 'java/util/LinkedHashMap$Entry'{0x0000000088114e20} (88114e20)
 - 'after' 'Ljava/util/LinkedHashMap$Entry;' @32  NULL (0)
R9 =0x00000000831b3e58 is an oop: java.lang.String 
{0x00000000831b3e58} - klass: 'java/lang/String'
 - string: "index"
R10=0x0000000000000100 is an unknown value
R11=0x0000000000000001 is an unknown value
R12=0x000001eac18270e8 points into unknown readable memory: 0x0e07e59065bccce9 | e9 cc bc 65 90 e5 07 0e
R13=0x00000000000003d8 is an unknown value
R14=0x0000000000000040 is an unknown value
R15=0x0 is NULL


Registers:
RAX=0x000001eac186f7c8, RBX=0x0000000088114d31, RCX=0x0000000000000000, RDX=0x0000000000000000
RSP=0x000000ac56aff3f0, RBP=0x000000000000475d, RSI=0x0000000088114d30, RDI=0x000001ead897ad50
R8 =0x0000000088114e48, R9 =0x00000000831b3e58, R10=0x0000000000000100, R11=0x0000000000000001
R12=0x000001eac18270e8, R13=0x00000000000003d8, R14=0x0000000000000040, R15=0x0000000000000000
RIP=0x00007ffba0f972a1, EFLAGS=0x0000000000010246

Top of Stack: (sp=0x000000ac56aff3f0)
0x000000ac56aff3f0:   0000000000000000 00007ffba0f90001
0x000000ac56aff400:   000001ead5810001 0000000000000001
0x000000ac56aff410:   000000ac56aff490 0000000000000001
0x000000ac56aff420:   0000000000000008 000001ead06341d0
0x000000ac56aff430:   000001ead897ad50 000001ead87caf40
0x000000ac56aff440:   000001ead87caf78 000001ead5815e38
0x000000ac56aff450:   000001ead5815de0 0000000000000020
0x000000ac56aff460:   000001ead897ad50 00007ffba0f9407e
0x000000ac56aff470:   000000000000000c 000001ead87caf40
0x000000ac56aff480:   000001ead87c0000 00000000000003d8
0x000000ac56aff490:   00000000c22ff7ed 000000d3e4f3018c
0x000000ac56aff4a0:   000001ead5815de0 000001ead87caf78
0x000000ac56aff4b0:   000001ead87caf78 00007ffba0fa6d15
0x000000ac56aff4c0:   0000000000000000 00007ffba1470001
0x000000ac56aff4d0:   000001ead0630001 0000006bf9364401
0x000000ac56aff4e0:   000001ead5815e38 00007ffba0e853d4 

Instructions: (pc=0x00007ffba0f972a1)
0x00007ffba0f971a1:   1b fd ff ff 66 66 66 0f 1f 84 00 00 00 00 00 48
0x00007ffba0f971b1:   8b 77 10 8b ae 80 00 00 00 8b cd 8b 86 00 01 00
0x00007ffba0f971c1:   00 2b c8 81 e1 ff ff 01 00 41 3b ce 0f 86 06 03
0x00007ffba0f971d1:   00 00 ff cd 81 e5 ff ff 01 00 89 ae 80 00 00 00
0x00007ffba0f971e1:   e8 2a 13 36 00 8b 86 00 01 00 00 8b cd 48 8b 9e
0x00007ffba0f971f1:   80 01 00 00 2b c8 81 e1 ff ff 01 00 8b d5 81 f9
0x00007ffba0f97201:   ff ff 01 00 48 8b 1c eb 41 0f 44 cf 85 c9 75 41
0x00007ffba0f97211:   48 8b 86 00 01 00 00 48 8b c8 48 89 44 24 28 48
0x00007ffba0f97221:   c1 e9 20 ff c1 89 6c 24 20 89 4c 24 24 3b e8 0f
0x00007ffba0f97231:   85 91 02 00 00 48 c1 e1 20 48 0b ca f0 48 0f b1
0x00007ffba0f97241:   8e 00 01 00 00 0f 85 7b 02 00 00 8b 86 00 01 00
0x00007ffba0f97251:   00 f6 c3 01 0f 84 3c 01 00 00 8b 0d 87 60 7f 00
0x00007ffba0f97261:   48 8d 73 ff 48 8b 47 08 44 8b 16 49 d3 e2 4c 03
0x00007ffba0f97271:   15 6a 60 7f 00 8b 88 90 05 00 00 49 8b d2 48 8b
0x00007ffba0f97281:   80 80 05 00 00 48 d3 ea 0f b7 0c 50 66 89 8c 24
0x00007ffba0f97291:   90 00 00 00 66 c1 e9 08 84 c9 0f 88 0f ff ff ff
0x00007ffba0f972a1:   4d 8b 02 41 0f b6 c0 24 03 3c 03 75 1e 44 38 3d
0x00007ffba0f972b1:   6b 21 86 00 74 0f 41 0f b6 c0 24 07 3c 05 75 05
0x00007ffba0f972c1:   4d 8b c7 eb 1f 49 83 e0 fc eb 19 0f b7 94 24 90
0x00007ffba0f972d1:   00 00 00 4d 8b c8 4d 8b c2 48 8b cf e8 1e ef ff
0x00007ffba0f972e1:   ff 4c 8b c0 8b 0d fd 5f 7f 00 49 8b d0 48 2b 15
0x00007ffba0f972f1:   eb 5f 7f 00 48 d3 ea 89 16 49 8b d0 8b 0d 9d 29
0x00007ffba0f97301:   86 00 48 33 d6 48 d3 ea 48 85 d2 0f 84 9e fe ff
0x00007ffba0f97311:   ff 48 8b 47 08 48 8b d6 8b 88 c0 01 00 00 48 8b
0x00007ffba0f97321:   80 b0 01 00 00 48 d3 ea 48 8b 0c d0 8b 81 94 00
0x00007ffba0f97331:   00 00 d1 e8 a8 01 0f 85 73 fe ff ff 48 8b 47 08
0x00007ffba0f97341:   8b 88 90 05 00 00 48 8b 80 80 05 00 00 49 d3 e8
0x00007ffba0f97351:   46 38 3c 40 0f 84 55 fe ff ff 48 8b 47 60 48 c1
0x00007ffba0f97361:   ee 09 48 8b 58 40 48 8b 48 38 48 03 de 48 2b d9
0x00007ffba0f97371:   48 39 9f b0 01 00 00 0f 84 32 fe ff ff 48 8d 14
0x00007ffba0f97381:   0b 48 8d 4f 18 e8 c5 40 00 00 48 89 9f b0 01 00
0x00007ffba0f97391:   00 e9 19 fe ff ff f6 c3 03 0f 85 16 01 00 00 48 


Stack slot to memory mapping:
stack at sp + 0 slots: 0x0 is NULL
stack at sp + 1 slots: 0x00007ffba0f90001 jvm.dll
stack at sp + 2 slots: 0x000001ead5810001 points into unknown readable memory: 00 00 00 00 00 00 00
stack at sp + 3 slots: 0x0000000000000001 is an unknown value
stack at sp + 4 slots: 0x000000ac56aff490 points into unknown readable memory: 0x00000000c22ff7ed | ed f7 2f c2 00 00 00 00
stack at sp + 5 slots: 0x0000000000000001 is an unknown value
stack at sp + 6 slots: 0x0000000000000008 is an unknown value
stack at sp + 7 slots: 0x000001ead06341d0 points into unknown readable memory: 0x000001ea00000004 | 04 00 00 00 ea 01 00 00


---------------  P R O C E S S  ---------------

Threads class SMR info:
_java_thread_list=0x000001ead6d04c10, length=37, elements={
0x000001eac1816ae0, 0x000001eacedb8d30, 0x000001eacedb9d30, 0x000001eacede1440,
0x000001eacede2260, 0x000001eacf83a020, 0x000001eacf83b500, 0x000001eacf83bdc0,
0x000001eacedeca40, 0x000001eaced5b280, 0x000001eacfad56b0, 0x000001eacfad6550,
0x000001eacfad6dd0, 0x000001ead0864ce0, 0x000001ead0a11d00, 0x000001ead09fc1f0,
0x000001ead0a0ceb0, 0x000001ead0d3f340, 0x000001ead0d7b860, 0x000001ead0d9a810,
0x000001ead0ec4ee0, 0x000001ead0ec4070, 0x000001ead0ec4a10, 0x000001ead0ec36d0,
0x000001ead34a7820, 0x000001ead34a7cf0, 0x000001ead34a69b0, 0x000001ead34a99d0,
0x000001ead34a2ff0, 0x000001ead34a9ea0, 0x000001ead34a9030, 0x000001ead34a5670,
0x000001ead34a34c0, 0x000001ead34a8690, 0x000001ead34a5b40, 0x000001ead34a6010,
0x000001ead8b92b80
}

Java Threads: ( => current thread )
  0x000001eac1816ae0 JavaThread "main" [_thread_blocked, id=7356, stack(0x000000ac56900000,0x000000ac56a00000)]
  0x000001eacedb8d30 JavaThread "Reference Handler" daemon [_thread_blocked, id=11060, stack(0x000000ac57000000,0x000000ac57100000)]
  0x000001eacedb9d30 JavaThread "Finalizer" daemon [_thread_blocked, id=5196, stack(0x000000ac57100000,0x000000ac57200000)]
  0x000001eacede1440 JavaThread "Signal Dispatcher" daemon [_thread_blocked, id=7060, stack(0x000000ac57200000,0x000000ac57300000)]
  0x000001eacede2260 JavaThread "Attach Listener" daemon [_thread_blocked, id=9348, stack(0x000000ac57300000,0x000000ac57400000)]
  0x000001eacf83a020 JavaThread "Service Thread" daemon [_thread_blocked, id=2412, stack(0x000000ac57400000,0x000000ac57500000)]
  0x000001eacf83b500 JavaThread "Monitor Deflation Thread" daemon [_thread_blocked, id=7768, stack(0x000000ac57500000,0x000000ac57600000)]
  0x000001eacf83bdc0 JavaThread "C1 CompilerThread0" daemon [_thread_blocked, id=5252, stack(0x000000ac57600000,0x000000ac57700000)]
  0x000001eacedeca40 JavaThread "Sweeper thread" daemon [_thread_blocked, id=3592, stack(0x000000ac57700000,0x000000ac57800000)]
  0x000001eaced5b280 JavaThread "Common-Cleaner" daemon [_thread_blocked, id=6428, stack(0x000000ac57800000,0x000000ac57900000)]
  0x000001eacfad56b0 JavaThread "JDWP Transport Listener: dt_socket" daemon [_thread_blocked, id=10396, stack(0x000000ac57c00000,0x000000ac57d00000)]
  0x000001eacfad6550 JavaThread "JDWP Event Helper Thread" daemon [_thread_blocked, id=7236, stack(0x000000ac57d00000,0x000000ac57e00000)]
  0x000001eacfad6dd0 JavaThread "JDWP Command Reader" daemon [_thread_in_native, id=6044, stack(0x000000ac57e00000,0x000000ac57f00000)]
  0x000001ead0864ce0 JavaThread "Notification Thread" daemon [_thread_blocked, id=7492, stack(0x000000ac58100000,0x000000ac58200000)]
  0x000001ead0a11d00 JavaThread "RMI TCP Accept-0" daemon [_thread_in_native, id=3912, stack(0x000000ac58200000,0x000000ac58300000)]
  0x000001ead09fc1f0 JavaThread "RMI TCP Accept-63803" daemon [_thread_in_native, id=6020, stack(0x000000ac58300000,0x000000ac58400000)]
  0x000001ead0a0ceb0 JavaThread "RMI TCP Accept-0" daemon [_thread_in_native, id=11248, stack(0x000000ac58400000,0x000000ac58500000)]
  0x000001ead0d3f340 JavaThread "RMI Scheduler(0)" daemon [_thread_blocked, id=10704, stack(0x000000ac58700000,0x000000ac58800000)]
  0x000001ead0d7b860 JavaThread "RMI TCP Connection(2)-127.0.0.1" daemon [_thread_blocked, id=9520, stack(0x000000ac58800000,0x000000ac58900000)]
  0x000001ead0d9a810 JavaThread "JMX server connection timeout 24" daemon [_thread_blocked, id=11724, stack(0x000000ac58900000,0x000000ac58a00000)]
  0x000001ead0ec4ee0 JavaThread "Thread-0" [_thread_blocked, id=10020, stack(0x000000ac58b00000,0x000000ac58c00000)]
  0x000001ead0ec4070 JavaThread "restartedMain" [_thread_blocked, id=8472, stack(0x000000ac58c00000,0x000000ac58d00000)]
  0x000001ead0ec4a10 JavaThread "logback-1" daemon [_thread_blocked, id=9380, stack(0x000000ac58e00000,0x000000ac58f00000)]
  0x000001ead0ec36d0 JavaThread "logback-2" daemon [_thread_blocked, id=8240, stack(0x000000ac58f00000,0x000000ac59000000)]
  0x000001ead34a7820 JavaThread "Catalina-utility-1" [_thread_blocked, id=11072, stack(0x000000ac59200000,0x000000ac59300000)]
  0x000001ead34a7cf0 JavaThread "Catalina-utility-2" [_thread_blocked, id=10368, stack(0x000000ac59300000,0x000000ac59400000)]
  0x000001ead34a69b0 JavaThread "container-0" [_thread_blocked, id=1788, stack(0x000000ac59400000,0x000000ac59500000)]
  0x000001ead34a99d0 JavaThread "mysql-cj-abandoned-connection-cleanup" daemon [_thread_blocked, id=10644, stack(0x000000ac59500000,0x000000ac59600000)]
  0x000001ead34a2ff0 JavaThread "Thread-7" daemon [_thread_in_native, id=8824, stack(0x000000ac56800000,0x000000ac56900000)]
  0x000001ead34a9ea0 JavaThread "cluster-ClusterId{value='636cb8aff077c239ad0272a3', description='null'}-srv-notification.18kxt.mongodb.net" daemon [_thread_blocked, id=11664, stack(0x000000ac57900000,0x000000ac57a00000)]
  0x000001ead34a9030 JavaThread "cluster-ClusterId{value='636cb8aff077c239ad0272a3', description='null'}-notification-shard-00-02.18kxt.mongodb.net:27017" daemon [_thread_in_native, id=10212, stack(0x000000ac57b00000,0x000000ac57c00000)]
  0x000001ead34a5670 JavaThread "cluster-rtt-ClusterId{value='636cb8aff077c239ad0272a3', description='null'}-notification-shard-00-02.18kxt.mongodb.net:27017" daemon [_thread_blocked, id=9524, stack(0x000000ac58600000,0x000000ac58700000)]
  0x000001ead34a34c0 JavaThread "cluster-ClusterId{value='636cb8aff077c239ad0272a3', description='null'}-notification-shard-00-00.18kxt.mongodb.net:27017" daemon [_thread_in_native, id=1828, stack(0x000000ac58a00000,0x000000ac58b00000)]
  0x000001ead34a8690 JavaThread "cluster-rtt-ClusterId{value='636cb8aff077c239ad0272a3', description='null'}-notification-shard-00-00.18kxt.mongodb.net:27017" daemon [_thread_blocked, id=3252, stack(0x000000ac59000000,0x000000ac59100000)]
  0x000001ead34a5b40 JavaThread "cluster-ClusterId{value='636cb8aff077c239ad0272a3', description='null'}-notification-shard-00-01.18kxt.mongodb.net:27017" daemon [_thread_blocked, id=8596, stack(0x000000ac59100000,0x000000ac59200000)]
  0x000001ead34a6010 JavaThread "cluster-rtt-ClusterId{value='636cb8aff077c239ad0272a3', description='null'}-notification-shard-00-01.18kxt.mongodb.net:27017" daemon [_thread_blocked, id=11928, stack(0x000000ac59600000,0x000000ac59700000)]
  0x000001ead8b92b80 JavaThread "C1 CompilerThread1" daemon [_thread_blocked, id=11648, stack(0x000000ac59700000,0x000000ac59800000)]

Other Threads:
  0x000001eacedb01f0 VMThread "VM Thread" [stack: 0x000000ac56f00000,0x000000ac57000000] [id=11024]
  0x000001ead0a0d760 WatcherThread [stack: 0x000000ac58500000,0x000000ac58600000] [id=5964]
=>0x000001eac1872070 GCTaskThread "GC Thread#0" [stack: 0x000000ac56a00000,0x000000ac56b00000] [id=7784]
  0x000001eacfa6b210 GCTaskThread "GC Thread#1" [stack: 0x000000ac57a00000,0x000000ac57b00000] [id=10540]
  0x000001ead0634580 GCTaskThread "GC Thread#2" [stack: 0x000000ac57f00000,0x000000ac58000000] [id=12016]
  0x000001ead0642a10 GCTaskThread "GC Thread#3" [stack: 0x000000ac58000000,0x000000ac58100000] [id=9324]
  0x000001eac1882b40 ConcurrentGCThread "G1 Main Marker" [stack: 0x000000ac56b00000,0x000000ac56c00000] [id=4636]
  0x000001eac1883cd0 ConcurrentGCThread "G1 Conc#0" [stack: 0x000000ac56c00000,0x000000ac56d00000] [id=7380]
  0x000001eac18bde40 ConcurrentGCThread "G1 Refine#0" [stack: 0x000000ac56d00000,0x000000ac56e00000] [id=4288]
  0x000001eacec250e0 ConcurrentGCThread "G1 Service" [stack: 0x000000ac56e00000,0x000000ac56f00000] [id=7972]

Threads with active compile tasks:

VM state: at safepoint (normal execution)

VM Mutex/Monitor currently owned by a thread:  ([mutex/lock_event])
[0x000001eac1812680] Threads_lock - owner thread: 0x000001eacedb01f0
[0x000001eac1812d40] Heap_lock - owner thread: 0x000001ead0ec4070

Heap address: 0x0000000081c00000, size: 2020 MB, Compressed Oops mode: 32-bit

CDS archive(s) not mapped
Compressed class space mapped at: 0x0000000100000000-0x0000000140000000, reserved size: 1073741824
Narrow klass base: 0x0000000000000000, Narrow klass shift: 3, Narrow klass range: 0x140000000

GC Precious Log:
 CPUs: 4 total, 4 available
 Memory: 8073M
 Large Page Support: Disabled
 NUMA Support: Disabled
 Compressed Oops: Enabled (32-bit)
 Heap Region Size: 1M
 Heap Min Capacity: 8M
 Heap Initial Capacity: 128M
 Heap Max Capacity: 2020M
 Pre-touch: Disabled
 Parallel Workers: 4
 Concurrent Workers: 1
 Concurrent Refinement Workers: 4
 Periodic GC: Disabled

Heap:
 garbage-first heap   total 146432K, used 123021K [0x0000000081c00000, 0x0000000100000000)
  region size 1024K, 47 young (48128K), 6 survivors (6144K)
 Metaspace       used 86628K, committed 87168K, reserved 1130496K
  class space    used 11514K, committed 11776K, reserved 1048576K

Heap Regions: E=young(eden), S=young(survivor), O=old, HS=humongous(starts), HC=humongous(continues), CS=collection set, F=free, OA=open archive, CA=closed archive, TAMS=top-at-mark-start (previous, next)
|   0|0x0000000081c00000, 0x0000000081d00000, 0x0000000081d00000|100%|HS|  |TAMS 0x0000000081d00000, 0x0000000081c00000| Complete 
|   1|0x0000000081d00000, 0x0000000081e00000, 0x0000000081e00000|100%|HS|  |TAMS 0x0000000081e00000, 0x0000000081d00000| Complete 
|   2|0x0000000081e00000, 0x0000000081f00000, 0x0000000081f00000|100%| O|  |TAMS 0x0000000081f00000, 0x0000000081e00000| Untracked 
|   3|0x0000000081f00000, 0x0000000082000000, 0x0000000082000000|100%| O|  |TAMS 0x0000000082000000, 0x0000000081f00000| Untracked 
|   4|0x0000000082000000, 0x0000000082100000, 0x0000000082100000|100%| O|  |TAMS 0x0000000082100000, 0x0000000082000000| Untracked 
|   5|0x0000000082100000, 0x0000000082200000, 0x0000000082200000|100%| O|  |TAMS 0x0000000082200000, 0x0000000082100000| Untracked 
|   6|0x0000000082200000, 0x0000000082300000, 0x0000000082300000|100%| O|  |TAMS 0x0000000082300000, 0x0000000082200000| Untracked 
|   7|0x0000000082300000, 0x0000000082400000, 0x0000000082400000|100%| O|  |TAMS 0x0000000082400000, 0x0000000082300000| Untracked 
|   8|0x0000000082400000, 0x0000000082500000, 0x0000000082500000|100%| O|  |TAMS 0x0000000082500000, 0x0000000082400000| Untracked 
|   9|0x0000000082500000, 0x0000000082600000, 0x0000000082600000|100%| O|  |TAMS 0x0000000082600000, 0x0000000082500000| Untracked 
|  10|0x0000000082600000, 0x0000000082700000, 0x0000000082700000|100%| O|  |TAMS 0x0000000082700000, 0x0000000082600000| Untracked 
|  11|0x0000000082700000, 0x0000000082800000, 0x0000000082800000|100%| O|  |TAMS 0x0000000082800000, 0x0000000082700000| Untracked 
|  12|0x0000000082800000, 0x0000000082900000, 0x0000000082900000|100%| O|  |TAMS 0x0000000082900000, 0x0000000082800000| Untracked 
|  13|0x0000000082900000, 0x0000000082a00000, 0x0000000082a00000|100%| O|  |TAMS 0x0000000082a00000, 0x0000000082900000| Untracked 
|  14|0x0000000082a00000, 0x0000000082b00000, 0x0000000082b00000|100%| O|  |TAMS 0x0000000082b00000, 0x0000000082a00000| Untracked 
|  15|0x0000000082b00000, 0x0000000082c00000, 0x0000000082c00000|100%| O|  |TAMS 0x0000000082c00000, 0x0000000082b00000| Untracked 
|  16|0x0000000082c00000, 0x0000000082d00000, 0x0000000082d00000|100%| O|  |TAMS 0x0000000082d00000, 0x0000000082c00000| Untracked 
|  17|0x0000000082d00000, 0x0000000082e00000, 0x0000000082e00000|100%| O|  |TAMS 0x0000000082e00000, 0x0000000082d00000| Untracked 
|  18|0x0000000082e00000, 0x0000000082f00000, 0x0000000082f00000|100%| O|  |TAMS 0x0000000082f00000, 0x0000000082e00000| Untracked 
|  19|0x0000000082f00000, 0x0000000083000000, 0x0000000083000000|100%| O|  |TAMS 0x0000000083000000, 0x0000000082f00000| Untracked 
|  20|0x0000000083000000, 0x0000000083100000, 0x0000000083100000|100%| O|  |TAMS 0x0000000083100000, 0x0000000083000000| Untracked 
|  21|0x0000000083100000, 0x0000000083200000, 0x0000000083200000|100%| O|  |TAMS 0x0000000083200000, 0x0000000083100000| Untracked 
|  22|0x0000000083200000, 0x0000000083300000, 0x0000000083300000|100%| O|  |TAMS 0x0000000083300000, 0x0000000083200000| Untracked 
|  23|0x0000000083300000, 0x0000000083400000, 0x0000000083400000|100%| O|  |TAMS 0x0000000083400000, 0x0000000083300000| Untracked 
|  24|0x0000000083400000, 0x0000000083500000, 0x0000000083500000|100%| O|  |TAMS 0x0000000083500000, 0x0000000083400000| Untracked 
|  25|0x0000000083500000, 0x0000000083600000, 0x0000000083600000|100%| O|  |TAMS 0x0000000083600000, 0x0000000083500000| Untracked 
|  26|0x0000000083600000, 0x0000000083700000, 0x0000000083700000|100%| O|  |TAMS 0x0000000083700000, 0x0000000083600000| Untracked 
|  27|0x0000000083700000, 0x0000000083800000, 0x0000000083800000|100%| O|  |TAMS 0x0000000083800000, 0x0000000083700000| Untracked 
|  28|0x0000000083800000, 0x0000000083900000, 0x0000000083900000|100%| O|  |TAMS 0x0000000083800000, 0x0000000083800000| Untracked 
|  29|0x0000000083900000, 0x0000000083a00000, 0x0000000083a00000|100%| O|  |TAMS 0x0000000083a00000, 0x0000000083900000| Untracked 
|  30|0x0000000083a00000, 0x0000000083b00000, 0x0000000083b00000|100%| O|  |TAMS 0x0000000083b00000, 0x0000000083a00000| Untracked 
|  31|0x0000000083b00000, 0x0000000083c00000, 0x0000000083c00000|100%| O|  |TAMS 0x0000000083c00000, 0x0000000083b00000| Untracked 
|  32|0x0000000083c00000, 0x0000000083d00000, 0x0000000083d00000|100%| O|  |TAMS 0x0000000083d00000, 0x0000000083c00000| Untracked 
|  33|0x0000000083d00000, 0x0000000083e00000, 0x0000000083e00000|100%| O|  |TAMS 0x0000000083e00000, 0x0000000083d00000| Untracked 
|  34|0x0000000083e00000, 0x0000000083f00000, 0x0000000083f00000|100%| O|  |TAMS 0x0000000083f00000, 0x0000000083e00000| Untracked 
|  35|0x0000000083f00000, 0x0000000084000000, 0x0000000084000000|100%| O|  |TAMS 0x0000000084000000, 0x0000000083f00000| Untracked 
|  36|0x0000000084000000, 0x0000000084100000, 0x0000000084100000|100%| O|  |TAMS 0x0000000084100000, 0x0000000084000000| Untracked 
|  37|0x0000000084100000, 0x0000000084200000, 0x0000000084200000|100%| O|  |TAMS 0x0000000084200000, 0x0000000084100000| Untracked 
|  38|0x0000000084200000, 0x0000000084300000, 0x0000000084300000|100%| O|  |TAMS 0x0000000084300000, 0x0000000084200000| Untracked 
|  39|0x0000000084300000, 0x0000000084400000, 0x0000000084400000|100%| O|  |TAMS 0x0000000084400000, 0x0000000084300000| Untracked 
|  40|0x0000000084400000, 0x0000000084500000, 0x0000000084500000|100%| O|  |TAMS 0x0000000084500000, 0x0000000084400000| Untracked 
|  41|0x0000000084500000, 0x0000000084600000, 0x0000000084600000|100%| O|  |TAMS 0x0000000084600000, 0x0000000084500000| Untracked 
|  42|0x0000000084600000, 0x0000000084700000, 0x0000000084700000|100%| O|  |TAMS 0x0000000084700000, 0x0000000084600000| Untracked 
|  43|0x0000000084700000, 0x0000000084800000, 0x0000000084800000|100%| O|  |TAMS 0x0000000084800000, 0x0000000084700000| Untracked 
|  44|0x0000000084800000, 0x0000000084900000, 0x0000000084900000|100%| O|  |TAMS 0x0000000084900000, 0x0000000084800000| Untracked 
|  45|0x0000000084900000, 0x0000000084a00000, 0x0000000084a00000|100%| O|  |TAMS 0x0000000084a00000, 0x0000000084900000| Untracked 
|  46|0x0000000084a00000, 0x0000000084b00000, 0x0000000084b00000|100%| O|  |TAMS 0x0000000084b00000, 0x0000000084a00000| Untracked 
|  47|0x0000000084b00000, 0x0000000084c00000, 0x0000000084c00000|100%| O|  |TAMS 0x0000000084c00000, 0x0000000084b00000| Untracked 
|  48|0x0000000084c00000, 0x0000000084d00000, 0x0000000084d00000|100%| O|  |TAMS 0x0000000084d00000, 0x0000000084c00000| Untracked 
|  49|0x0000000084d00000, 0x0000000084e00000, 0x0000000084e00000|100%| O|  |TAMS 0x0000000084e00000, 0x0000000084d00000| Untracked 
|  50|0x0000000084e00000, 0x0000000084f00000, 0x0000000084f00000|100%| O|  |TAMS 0x0000000084f00000, 0x0000000084e00000| Untracked 
|  51|0x0000000084f00000, 0x0000000085000000, 0x0000000085000000|100%| O|  |TAMS 0x0000000085000000, 0x0000000084f00000| Untracked 
|  52|0x0000000085000000, 0x0000000085100000, 0x0000000085100000|100%| O|  |TAMS 0x00000000850cf600, 0x0000000085000000| Untracked 
|  53|0x0000000085100000, 0x0000000085200000, 0x0000000085200000|100%| O|  |TAMS 0x0000000085100000, 0x0000000085100000| Untracked 
|  54|0x0000000085200000, 0x0000000085300000, 0x0000000085300000|100%| O|  |TAMS 0x0000000085300000, 0x0000000085200000| Untracked 
|  55|0x0000000085300000, 0x0000000085400000, 0x0000000085400000|100%| O|  |TAMS 0x0000000085300000, 0x0000000085300000| Untracked 
|  56|0x0000000085400000, 0x0000000085500000, 0x0000000085500000|100%| O|  |TAMS 0x0000000085400000, 0x0000000085400000| Untracked 
|  57|0x0000000085500000, 0x0000000085600000, 0x0000000085600000|100%| O|  |TAMS 0x0000000085500000, 0x0000000085500000| Untracked 
|  58|0x0000000085600000, 0x0000000085700000, 0x0000000085700000|100%| O|  |TAMS 0x0000000085600000, 0x0000000085600000| Untracked 
|  59|0x0000000085700000, 0x0000000085800000, 0x0000000085800000|100%| O|  |TAMS 0x0000000085700000, 0x0000000085700000| Untracked 
|  60|0x0000000085800000, 0x0000000085900000, 0x0000000085900000|100%| O|  |TAMS 0x0000000085800000, 0x0000000085800000| Untracked 
|  61|0x0000000085900000, 0x0000000085a00000, 0x0000000085a00000|100%| O|  |TAMS 0x0000000085900000, 0x0000000085900000| Untracked 
|  62|0x0000000085a00000, 0x0000000085b00000, 0x0000000085b00000|100%| O|  |TAMS 0x0000000085a00000, 0x0000000085a00000| Untracked 
|  63|0x0000000085b00000, 0x0000000085c00000, 0x0000000085c00000|100%| O|  |TAMS 0x0000000085b00000, 0x0000000085b00000| Untracked 
|  64|0x0000000085c00000, 0x0000000085d00000, 0x0000000085d00000|100%| O|  |TAMS 0x0000000085c00000, 0x0000000085c00000| Untracked 
|  65|0x0000000085d00000, 0x0000000085e00000, 0x0000000085e00000|100%| O|  |TAMS 0x0000000085d00000, 0x0000000085d00000| Untracked 
|  66|0x0000000085e00000, 0x0000000085f00000, 0x0000000085f00000|100%| O|  |TAMS 0x0000000085e00000, 0x0000000085e00000| Untracked 
|  67|0x0000000085f00000, 0x0000000086000000, 0x0000000086000000|100%| O|  |TAMS 0x0000000085f00000, 0x0000000085f00000| Untracked 
|  68|0x0000000086000000, 0x0000000086100000, 0x0000000086100000|100%| O|  |TAMS 0x0000000086000000, 0x0000000086000000| Untracked 
|  69|0x0000000086100000, 0x0000000086200000, 0x0000000086200000|100%| O|  |TAMS 0x0000000086100000, 0x0000000086100000| Untracked 
|  70|0x0000000086200000, 0x0000000086300000, 0x0000000086300000|100%| O|  |TAMS 0x0000000086200000, 0x0000000086200000| Untracked 
|  71|0x0000000086300000, 0x0000000086400000, 0x0000000086400000|100%| O|  |TAMS 0x0000000086300000, 0x0000000086300000| Untracked 
|  72|0x0000000086400000, 0x0000000086500000, 0x0000000086500000|100%| O|  |TAMS 0x0000000086400000, 0x0000000086400000| Untracked 
|  73|0x0000000086500000, 0x0000000086600000, 0x0000000086600000|100%| O|  |TAMS 0x0000000086500000, 0x0000000086500000| Untracked 
|  74|0x0000000086600000, 0x0000000086700000, 0x0000000086700000|100%| O|  |TAMS 0x0000000086600000, 0x0000000086600000| Untracked 
|  75|0x0000000086700000, 0x0000000086800000, 0x0000000086800000|100%| O|  |TAMS 0x0000000086700000, 0x0000000086700000| Untracked 
|  76|0x0000000086800000, 0x0000000086900000, 0x0000000086900000|100%| O|  |TAMS 0x0000000086800000, 0x0000000086800000| Untracked 
|  77|0x0000000086900000, 0x000000008692a500, 0x0000000086a00000| 16%| O|  |TAMS 0x0000000086900000, 0x0000000086900000| Untracked 
|  78|0x0000000086a00000, 0x0000000086a00000, 0x0000000086b00000|  0%| F|  |TAMS 0x0000000086a00000, 0x0000000086a00000| Untracked 
|  79|0x0000000086b00000, 0x0000000086b00000, 0x0000000086c00000|  0%| F|  |TAMS 0x0000000086b00000, 0x0000000086b00000| Untracked 
|  80|0x0000000086c00000, 0x0000000086c00000, 0x0000000086d00000|  0%| F|  |TAMS 0x0000000086c00000, 0x0000000086c00000| Untracked 
|  81|0x0000000086d00000, 0x0000000086d00000, 0x0000000086e00000|  0%| F|  |TAMS 0x0000000086d00000, 0x0000000086d00000| Untracked 
|  82|0x0000000086e00000, 0x0000000086e00000, 0x0000000086f00000|  0%| F|  |TAMS 0x0000000086e00000, 0x0000000086e00000| Untracked 
|  83|0x0000000086f00000, 0x0000000086f00000, 0x0000000087000000|  0%| F|  |TAMS 0x0000000086f00000, 0x0000000086f00000| Untracked 
|  84|0x0000000087000000, 0x0000000087000000, 0x0000000087100000|  0%| F|  |TAMS 0x0000000087000000, 0x0000000087000000| Untracked 
|  85|0x0000000087100000, 0x0000000087100000, 0x0000000087200000|  0%| F|  |TAMS 0x0000000087100000, 0x0000000087100000| Untracked 
|  86|0x0000000087200000, 0x0000000087200000, 0x0000000087300000|  0%| F|  |TAMS 0x0000000087200000, 0x0000000087200000| Untracked 
|  87|0x0000000087300000, 0x0000000087300000, 0x0000000087400000|  0%| F|  |TAMS 0x0000000087300000, 0x0000000087300000| Untracked 
|  88|0x0000000087400000, 0x0000000087400000, 0x0000000087500000|  0%| F|  |TAMS 0x0000000087400000, 0x0000000087400000| Untracked 
|  89|0x0000000087500000, 0x0000000087500000, 0x0000000087600000|  0%| F|  |TAMS 0x0000000087500000, 0x0000000087500000| Untracked 
|  90|0x0000000087600000, 0x0000000087600000, 0x0000000087700000|  0%| F|  |TAMS 0x0000000087600000, 0x0000000087600000| Untracked 
|  91|0x0000000087700000, 0x0000000087800000, 0x0000000087800000|100%| S|  |TAMS 0x0000000087700000, 0x0000000087700000| Complete 
|  92|0x0000000087800000, 0x00000000878fea30, 0x0000000087900000| 99%| E|CS|TAMS 0x0000000087800000, 0x0000000087800000| Complete 
|  93|0x0000000087900000, 0x0000000087a00000, 0x0000000087a00000|100%| E|CS|TAMS 0x0000000087900000, 0x0000000087900000| Complete 
|  94|0x0000000087a00000, 0x0000000087b00000, 0x0000000087b00000|100%| E|CS|TAMS 0x0000000087a00000, 0x0000000087a00000| Complete 
|  95|0x0000000087b00000, 0x0000000087c00000, 0x0000000087c00000|100%| S|  |TAMS 0x0000000087b00000, 0x0000000087b00000| Complete 
|  96|0x0000000087c00000, 0x0000000087d00000, 0x0000000087d00000|100%| S|  |TAMS 0x0000000087c00000, 0x0000000087c00000| Complete 
|  97|0x0000000087d00000, 0x0000000087e00000, 0x0000000087e00000|100%| S|  |TAMS 0x0000000087d00000, 0x0000000087d00000| Complete 
|  98|0x0000000087e00000, 0x0000000087f00000, 0x0000000087f00000|100%| E|CS|TAMS 0x0000000087e00000, 0x0000000087e00000| Complete 
|  99|0x0000000087f00000, 0x0000000088000000, 0x0000000088000000|100%| E|CS|TAMS 0x0000000087f00000, 0x0000000087f00000| Complete 
| 100|0x0000000088000000, 0x0000000088100000, 0x0000000088100000|100%| S|  |TAMS 0x0000000088000000, 0x0000000088000000| Complete 
| 101|0x0000000088100000, 0x0000000088200000, 0x0000000088200000|100%| S|  |TAMS 0x0000000088100000, 0x0000000088100000| Complete 
| 102|0x0000000088200000, 0x0000000088300000, 0x0000000088300000|100%| E|CS|TAMS 0x0000000088200000, 0x0000000088200000| Complete 
| 103|0x0000000088300000, 0x0000000088400000, 0x0000000088400000|100%| E|CS|TAMS 0x0000000088300000, 0x0000000088300000| Complete 
| 104|0x0000000088400000, 0x0000000088500000, 0x0000000088500000|100%| E|CS|TAMS 0x0000000088400000, 0x0000000088400000| Complete 
| 105|0x0000000088500000, 0x0000000088600000, 0x0000000088600000|100%| E|CS|TAMS 0x0000000088500000, 0x0000000088500000| Complete 
| 106|0x0000000088600000, 0x0000000088700000, 0x0000000088700000|100%| E|CS|TAMS 0x0000000088600000, 0x0000000088600000| Complete 
| 107|0x0000000088700000, 0x0000000088800000, 0x0000000088800000|100%| E|CS|TAMS 0x0000000088700000, 0x0000000088700000| Complete 
| 108|0x0000000088800000, 0x0000000088900000, 0x0000000088900000|100%| E|CS|TAMS 0x0000000088800000, 0x0000000088800000| Complete 
| 109|0x0000000088900000, 0x0000000088a00000, 0x0000000088a00000|100%| E|CS|TAMS 0x0000000088900000, 0x0000000088900000| Complete 
| 110|0x0000000088a00000, 0x0000000088b00000, 0x0000000088b00000|100%| E|CS|TAMS 0x0000000088a00000, 0x0000000088a00000| Complete 
| 111|0x0000000088b00000, 0x0000000088c00000, 0x0000000088c00000|100%| E|CS|TAMS 0x0000000088b00000, 0x0000000088b00000| Complete 
| 112|0x0000000088c00000, 0x0000000088d00000, 0x0000000088d00000|100%| E|CS|TAMS 0x0000000088c00000, 0x0000000088c00000| Complete 
| 113|0x0000000088d00000, 0x0000000088e00000, 0x0000000088e00000|100%| E|CS|TAMS 0x0000000088d00000, 0x0000000088d00000| Complete 
| 114|0x0000000088e00000, 0x0000000088f00000, 0x0000000088f00000|100%| E|CS|TAMS 0x0000000088e00000, 0x0000000088e00000| Complete 
| 115|0x0000000088f00000, 0x0000000089000000, 0x0000000089000000|100%| E|CS|TAMS 0x0000000088f00000, 0x0000000088f00000| Complete 
| 116|0x0000000089000000, 0x0000000089100000, 0x0000000089100000|100%| E|CS|TAMS 0x0000000089000000, 0x0000000089000000| Complete 
| 117|0x0000000089100000, 0x0000000089200000, 0x0000000089200000|100%| E|CS|TAMS 0x0000000089100000, 0x0000000089100000| Complete 
| 118|0x0000000089200000, 0x0000000089300000, 0x0000000089300000|100%| E|CS|TAMS 0x0000000089200000, 0x0000000089200000| Complete 
| 119|0x0000000089300000, 0x0000000089400000, 0x0000000089400000|100%| E|CS|TAMS 0x0000000089300000, 0x0000000089300000| Complete 
| 120|0x0000000089400000, 0x0000000089500000, 0x0000000089500000|100%| E|CS|TAMS 0x0000000089400000, 0x0000000089400000| Complete 
| 121|0x0000000089500000, 0x0000000089600000, 0x0000000089600000|100%| E|CS|TAMS 0x0000000089500000, 0x0000000089500000| Complete 
| 122|0x0000000089600000, 0x0000000089700000, 0x0000000089700000|100%| E|CS|TAMS 0x0000000089600000, 0x0000000089600000| Complete 
| 123|0x0000000089700000, 0x0000000089800000, 0x0000000089800000|100%| E|CS|TAMS 0x0000000089700000, 0x0000000089700000| Complete 
| 124|0x0000000089800000, 0x0000000089900000, 0x0000000089900000|100%| E|CS|TAMS 0x0000000089800000, 0x0000000089800000| Complete 
| 125|0x0000000089900000, 0x0000000089a00000, 0x0000000089a00000|100%| E|CS|TAMS 0x0000000089900000, 0x0000000089900000| Complete 
| 126|0x0000000089a00000, 0x0000000089b00000, 0x0000000089b00000|100%| E|CS|TAMS 0x0000000089a00000, 0x0000000089a00000| Complete 
| 127|0x0000000089b00000, 0x0000000089c00000, 0x0000000089c00000|100%| E|CS|TAMS 0x0000000089b00000, 0x0000000089b00000| Complete 
| 128|0x0000000089c00000, 0x0000000089d00000, 0x0000000089d00000|100%| E|CS|TAMS 0x0000000089c00000, 0x0000000089c00000| Complete 
| 129|0x0000000089d00000, 0x0000000089e00000, 0x0000000089e00000|100%| E|CS|TAMS 0x0000000089d00000, 0x0000000089d00000| Complete 
| 130|0x0000000089e00000, 0x0000000089f00000, 0x0000000089f00000|100%| E|CS|TAMS 0x0000000089e00000, 0x0000000089e00000| Complete 
| 131|0x0000000089f00000, 0x000000008a000000, 0x000000008a000000|100%| E|CS|TAMS 0x0000000089f00000, 0x0000000089f00000| Complete 
| 132|0x000000008a000000, 0x000000008a100000, 0x000000008a100000|100%| E|CS|TAMS 0x000000008a000000, 0x000000008a000000| Complete 
| 133|0x000000008a100000, 0x000000008a200000, 0x000000008a200000|100%| E|CS|TAMS 0x000000008a100000, 0x000000008a100000| Complete 
| 134|0x000000008a200000, 0x000000008a300000, 0x000000008a300000|100%| E|CS|TAMS 0x000000008a200000, 0x000000008a200000| Complete 
| 135|0x000000008a300000, 0x000000008a400000, 0x000000008a400000|100%| E|CS|TAMS 0x000000008a300000, 0x000000008a300000| Complete 
| 136|0x000000008a400000, 0x000000008a500000, 0x000000008a500000|100%| E|CS|TAMS 0x000000008a400000, 0x000000008a400000| Complete 
| 137|0x000000008a500000, 0x000000008a600000, 0x000000008a600000|100%| E|CS|TAMS 0x000000008a500000, 0x000000008a500000| Complete 
| 138|0x000000008a600000, 0x000000008a700000, 0x000000008a700000|100%| E|CS|TAMS 0x000000008a600000, 0x000000008a600000| Complete 
| 139|0x000000008a700000, 0x000000008a800000, 0x000000008a800000|100%| E|CS|TAMS 0x000000008a700000, 0x000000008a700000| Complete 
| 140|0x000000008a800000, 0x000000008a900000, 0x000000008a900000|100%| E|CS|TAMS 0x000000008a800000, 0x000000008a800000| Complete 
| 141|0x000000008a900000, 0x000000008aa00000, 0x000000008aa00000|100%| E|CS|TAMS 0x000000008a900000, 0x000000008a900000| Complete 
| 142|0x000000008aa00000, 0x000000008ab00000, 0x000000008ab00000|100%| E|CS|TAMS 0x000000008aa00000, 0x000000008aa00000| Complete 

Card table byte_map: [0x000001eac82b0000,0x000001eac86b0000] _byte_map_base: 0x000001eac7ea2000

Marking Bits (Prev, Next): (CMBitMap*) 0x000001eac18725d0, (CMBitMap*) 0x000001eac1872590
 Prev Bits: [0x000001eacaa40000, 0x000001eacc9d0000)
 Next Bits: [0x000001eac8ab0000, 0x000001eacaa40000)

Polling page: 0x000001eac0fc0000

Metaspace:

Usage:
  Non-class:     73.35 MB used.
      Class:     11.24 MB used.
       Both:     84.60 MB used.

Virtual space:
  Non-class space:       80.00 MB reserved,      73.62 MB ( 92%) committed,  10 nodes.
      Class space:        1.00 GB reserved,      11.50 MB (  1%) committed,  1 nodes.
             Both:        1.08 GB reserved,      85.12 MB (  8%) committed. 

Chunk freelists:
   Non-Class:  1.47 MB
       Class:  395.00 KB
        Both:  1.85 MB

MaxMetaspaceSize: unlimited
CompressedClassSpaceSize: 1.00 GB
Initial GC threshold: 21.00 MB
Current GC threshold: 94.19 MB
CDS: off
MetaspaceReclaimPolicy: balanced
 - commit_granule_bytes: 65536.
 - commit_granule_words: 8192.
 - virtual_space_node_default_size: 1048576.
 - enlarge_chunks_in_place: 1.
 - new_chunks_are_fully_committed: 0.
 - uncommit_free_chunks: 1.
 - use_allocation_guard: 0.
 - handle_deallocations: 1.


Internal statistics:

num_allocs_failed_limit: 6.
num_arena_births: 818.
num_arena_deaths: 0.
num_vsnodes_births: 11.
num_vsnodes_deaths: 0.
num_space_committed: 1362.
num_space_uncommitted: 0.
num_chunks_returned_to_freelist: 6.
num_chunks_taken_from_freelist: 3677.
num_chunk_merges: 6.
num_chunk_splits: 2518.
num_chunks_enlarged: 1837.
num_purges: 0.
num_inconsistent_stats: 0.

CodeCache: size=49152Kb used=19136Kb max_used=19136Kb free=30015Kb
 bounds [0x000001eac4eb0000, 0x000001eac6170000, 0x000001eac7eb0000]
 total_blobs=10503 nmethods=9841 adapters=587
 compilation: enabled
              stopped_count=0, restarted_count=0
 full_count=0

Compilation events (20 events):
Event: 324.863 Thread 0x000001ead8b92b80 9978   !   1       jdk.proxy2.$Proxy209::annotationType (29 bytes)
Event: 324.864 Thread 0x000001ead8b92b80 nmethod 9978 0x000001eac6159f90 code [0x000001eac615a160, 0x000001eac615a3b8]
Event: 325.100 Thread 0x000001ead8b92b80 9979   !   1       jdk.proxy2.$Proxy182::annotationType (29 bytes)
Event: 325.100 Thread 0x000001ead8b92b80 nmethod 9979 0x000001eac615a510 code [0x000001eac615a6e0, 0x000001eac615a938]
Event: 325.178 Thread 0x000001ead8b92b80 9980       1       org.springframework.data.util.Lazy::orElse (15 bytes)
Event: 325.178 Thread 0x000001ead8b92b80 nmethod 9980 0x000001eac615aa90 code [0x000001eac615ac20, 0x000001eac615ada8]
Event: 325.231 Thread 0x000001eacf83bdc0 9981       1       java.util.WeakHashMap::putAll (133 bytes)
Event: 325.231 Thread 0x000001eacf83bdc0 nmethod 9981 0x000001eac615ae90 code [0x000001eac615b0c0, 0x000001eac615b428]
Event: 325.258 Thread 0x000001eacf83bdc0 9982       1       org.springframework.beans.CachedIntrospectionResults::getPropertyDescriptors (21 bytes)
Event: 325.259 Thread 0x000001eacf83bdc0 nmethod 9982 0x000001eac615b690 code [0x000001eac615b840, 0x000001eac615b998]
Event: 325.266 Thread 0x000001eacf83bdc0 9983       1       org.springframework.data.mapping.model.AbstractPersistentProperty::getOwner (5 bytes)
Event: 325.267 Thread 0x000001eacf83bdc0 nmethod 9983 0x000001eac615ba90 code [0x000001eac615bc20, 0x000001eac615bcf8]
Event: 325.318 Thread 0x000001ead8b92b80 9984       1       org.springframework.data.mapping.model.BasicPersistentEntity::doFindAnnotation (20 bytes)
Event: 325.319 Thread 0x000001eacf83bdc0 9985       1       org.springframework.data.mapping.model.BasicPersistentEntity$$Lambda$1032/0x0000000100a45a80::<init> (10 bytes)
Event: 325.319 Thread 0x000001eacf83bdc0 nmethod 9985 0x000001eac615bd90 code [0x000001eac615bf20, 0x000001eac615c038]
Event: 325.319 Thread 0x000001ead8b92b80 nmethod 9984 0x000001eac615c090 code [0x000001eac615c240, 0x000001eac615c438]
Event: 325.319 Thread 0x000001eacf83bdc0 9986   !   1       org.springframework.beans.CachedIntrospectionResults::<init> (481 bytes)
Event: 325.325 Thread 0x000001eacf83bdc0 nmethod 9986 0x000001eac615c610 code [0x000001eac615cbc0, 0x000001eac615e738]
Event: 325.756 Thread 0x000001eacf83bdc0 9987       1       java.lang.reflect.Parameter::getDeclaringExecutable (5 bytes)
Event: 325.757 Thread 0x000001eacf83bdc0 nmethod 9987 0x000001eac6160010 code [0x000001eac61601a0, 0x000001eac6160278]

GC Heap History (20 events):
Event: 53.806 GC heap after
{Heap after GC invocations=58 (full 0):
 garbage-first heap   total 146432K, used 60347K [0x0000000081c00000, 0x0000000100000000)
  region size 1024K, 3 young (3072K), 3 survivors (3072K)
 Metaspace       used 57423K, committed 57856K, reserved 1105920K
  class space    used 7411K, committed 7616K, reserved 1048576K
}
Event: 65.240 GC heap before
{Heap before GC invocations=58 (full 0):
 garbage-first heap   total 146432K, used 125883K [0x0000000081c00000, 0x0000000100000000)
  region size 1024K, 67 young (68608K), 3 survivors (3072K)
 Metaspace       used 61955K, committed 62400K, reserved 1105920K
  class space    used 8059K, committed 8320K, reserved 1048576K
}
Event: 65.246 GC heap after
{Heap after GC invocations=59 (full 0):
 garbage-first heap   total 146432K, used 61812K [0x0000000081c00000, 0x0000000100000000)
  region size 1024K, 4 young (4096K), 4 survivors (4096K)
 Metaspace       used 61955K, committed 62400K, reserved 1105920K
  class space    used 8059K, committed 8320K, reserved 1048576K
}
Event: 69.415 GC heap before
{Heap before GC invocations=59 (full 0):
 garbage-first heap   total 146432K, used 126324K [0x0000000081c00000, 0x0000000100000000)
  region size 1024K, 67 young (68608K), 4 survivors (4096K)
 Metaspace       used 66409K, committed 66816K, reserved 1114112K
  class space    used 8696K, committed 8896K, reserved 1048576K
}
Event: 69.423 GC heap after
{Heap after GC invocations=60 (full 0):
 garbage-first heap   total 146432K, used 64297K [0x0000000081c00000, 0x0000000100000000)
  region size 1024K, 6 young (6144K), 6 survivors (6144K)
 Metaspace       used 66409K, committed 66816K, reserved 1114112K
  class space    used 8696K, committed 8896K, reserved 1048576K
}
Event: 70.756 GC heap before
{Heap before GC invocations=60 (full 0):
 garbage-first heap   total 146432K, used 124713K [0x0000000081c00000, 0x0000000100000000)
  region size 1024K, 65 young (66560K), 6 survivors (6144K)
 Metaspace       used 69874K, committed 70336K, reserved 1114112K
  class space    used 9263K, committed 9472K, reserved 1048576K
}
Event: 70.766 GC heap after
{Heap after GC invocations=61 (full 0):
 garbage-first heap   total 146432K, used 65367K [0x0000000081c00000, 0x0000000100000000)
  region size 1024K, 6 young (6144K), 6 survivors (6144K)
 Metaspace       used 69874K, committed 70336K, reserved 1114112K
  class space    used 9263K, committed 9472K, reserved 1048576K
}
Event: 71.433 GC heap before
{Heap before GC invocations=61 (full 0):
 garbage-first heap   total 146432K, used 123735K [0x0000000081c00000, 0x0000000100000000)
  region size 1024K, 63 young (64512K), 6 survivors (6144K)
 Metaspace       used 71202K, committed 71680K, reserved 1114112K
  class space    used 9428K, committed 9664K, reserved 1048576K
}
Event: 71.441 GC heap after
{Heap after GC invocations=62 (full 0):
 garbage-first heap   total 146432K, used 66676K [0x0000000081c00000, 0x0000000100000000)
  region size 1024K, 5 young (5120K), 5 survivors (5120K)
 Metaspace       used 71202K, committed 71680K, reserved 1114112K
  class space    used 9428K, committed 9664K, reserved 1048576K
}
Event: 315.764 GC heap before
{Heap before GC invocations=62 (full 0):
 garbage-first heap   total 146432K, used 124020K [0x0000000081c00000, 0x0000000100000000)
  region size 1024K, 62 young (63488K), 5 survivors (5120K)
 Metaspace       used 74355K, committed 74816K, reserved 1114112K
  class space    used 9868K, committed 10112K, reserved 1048576K
}
Event: 315.773 GC heap after
{Heap after GC invocations=63 (full 0):
 garbage-first heap   total 146432K, used 67418K [0x0000000081c00000, 0x0000000100000000)
  region size 1024K, 4 young (4096K), 4 survivors (4096K)
 Metaspace       used 74355K, committed 74816K, reserved 1114112K
  class space    used 9868K, committed 10112K, reserved 1048576K
}
Event: 317.088 GC heap before
{Heap before GC invocations=63 (full 0):
 garbage-first heap   total 146432K, used 123738K [0x0000000081c00000, 0x0000000100000000)
  region size 1024K, 60 young (61440K), 4 survivors (4096K)
 Metaspace       used 79936K, committed 80512K, reserved 1122304K
  class space    used 10671K, committed 10944K, reserved 1048576K
}
Event: 317.098 GC heap after
{Heap after GC invocations=64 (full 0):
 garbage-first heap   total 146432K, used 70995K [0x0000000081c00000, 0x0000000100000000)
  region size 1024K, 8 young (8192K), 8 survivors (8192K)
 Metaspace       used 79936K, committed 80512K, reserved 1122304K
  class space    used 10671K, committed 10944K, reserved 1048576K
}
Event: 319.967 GC heap before
{Heap before GC invocations=64 (full 0):
 garbage-first heap   total 146432K, used 121171K [0x0000000081c00000, 0x0000000100000000)
  region size 1024K, 57 young (58368K), 8 survivors (8192K)
 Metaspace       used 81887K, committed 82432K, reserved 1122304K
  class space    used 10960K, committed 11200K, reserved 1048576K
}
Event: 319.982 GC heap after
{Heap after GC invocations=65 (full 0):
 garbage-first heap   total 146432K, used 75689K [0x0000000081c00000, 0x0000000100000000)
  region size 1024K, 8 young (8192K), 8 survivors (8192K)
 Metaspace       used 81887K, committed 82432K, reserved 1122304K
  class space    used 10960K, committed 11200K, reserved 1048576K
}
Event: 321.338 GC heap before
{Heap before GC invocations=65 (full 0):
 garbage-first heap   total 146432K, used 121769K [0x0000000081c00000, 0x0000000100000000)
  region size 1024K, 53 young (54272K), 8 survivors (8192K)
 Metaspace       used 84250K, committed 84800K, reserved 1122304K
  class space    used 11251K, committed 11520K, reserved 1048576K
}
Event: 321.351 GC heap after
{Heap after GC invocations=66 (full 0):
 garbage-first heap   total 146432K, used 78354K [0x0000000081c00000, 0x0000000100000000)
  region size 1024K, 3 young (3072K), 3 survivors (3072K)
 Metaspace       used 84250K, committed 84800K, reserved 1122304K
  class space    used 11251K, committed 11520K, reserved 1048576K
}
Event: 323.386 GC heap before
{Heap before GC invocations=66 (full 0):
 garbage-first heap   total 146432K, used 122386K [0x0000000081c00000, 0x0000000100000000)
  region size 1024K, 46 young (47104K), 3 survivors (3072K)
 Metaspace       used 85761K, committed 86336K, reserved 1130496K
  class space    used 11435K, committed 11712K, reserved 1048576K
}
Event: 323.395 GC heap after
{Heap after GC invocations=67 (full 0):
 garbage-first heap   total 146432K, used 81037K [0x0000000081c00000, 0x0000000100000000)
  region size 1024K, 5 young (5120K), 5 survivors (5120K)
 Metaspace       used 85761K, committed 86336K, reserved 1130496K
  class space    used 11435K, committed 11712K, reserved 1048576K
}
Event: 325.792 GC heap before
{Heap before GC invocations=67 (full 0):
 garbage-first heap   total 146432K, used 123021K [0x0000000081c00000, 0x0000000100000000)
  region size 1024K, 46 young (47104K), 5 survivors (5120K)
 Metaspace       used 86628K, committed 87168K, reserved 1130496K
  class space    used 11514K, committed 11776K, reserved 1048576K
}

Deoptimization events (20 events):
Event: 325.747 Thread 0x000001ead0ec4070 DEOPT PACKING pc=0x000001eac528177c sp=0x000000ac58cf95f0
Event: 325.747 Thread 0x000001ead0ec4070 DEOPT UNPACKING pc=0x000001eac4f02b43 sp=0x000000ac58cf8aa8 mode 1
Event: 325.747 Thread 0x000001ead0ec4070 DEOPT PACKING pc=0x000001eac52379d4 sp=0x000000ac58cf9fe0
Event: 325.747 Thread 0x000001ead0ec4070 DEOPT UNPACKING pc=0x000001eac4f02b43 sp=0x000000ac58cf94b8 mode 1
Event: 325.747 Thread 0x000001ead0ec4070 DEOPT PACKING pc=0x000001eac5af9064 sp=0x000000ac58cfa080
Event: 325.747 Thread 0x000001ead0ec4070 DEOPT UNPACKING pc=0x000001eac4f02b43 sp=0x000000ac58cf95d0 mode 1
Event: 325.747 Thread 0x000001ead0ec4070 DEOPT PACKING pc=0x000001eac5568c1c sp=0x000000ac58cfa090
Event: 325.747 Thread 0x000001ead0ec4070 DEOPT UNPACKING pc=0x000001eac4f02b43 sp=0x000000ac58cf9560 mode 1
Event: 325.747 Thread 0x000001ead0ec4070 DEOPT PACKING pc=0x000001eac5d2b4b4 sp=0x000000ac58cfa1f0
Event: 325.747 Thread 0x000001ead0ec4070 DEOPT UNPACKING pc=0x000001eac4f02b43 sp=0x000000ac58cf9748 mode 1
Event: 325.747 Thread 0x000001ead0ec4070 DEOPT PACKING pc=0x000001eac5a40204 sp=0x000000ac58cfa300
Event: 325.747 Thread 0x000001ead0ec4070 DEOPT UNPACKING pc=0x000001eac4f02b43 sp=0x000000ac58cf97b0 mode 1
Event: 325.747 Thread 0x000001ead0ec4070 DEOPT PACKING pc=0x000001eac5d2b4b4 sp=0x000000ac58cfa1f0
Event: 325.747 Thread 0x000001ead0ec4070 DEOPT UNPACKING pc=0x000001eac4f02b43 sp=0x000000ac58cf9748 mode 1
Event: 325.747 Thread 0x000001ead0ec4070 DEOPT PACKING pc=0x000001eac5a40204 sp=0x000000ac58cfa300
Event: 325.747 Thread 0x000001ead0ec4070 DEOPT UNPACKING pc=0x000001eac4f02b43 sp=0x000000ac58cf97b0 mode 1
Event: 325.754 Thread 0x000001ead0ec4070 DEOPT PACKING pc=0x000001eac501201c sp=0x000000ac58cfae20
Event: 325.754 Thread 0x000001ead0ec4070 DEOPT UNPACKING pc=0x000001eac4f02b43 sp=0x000000ac58cfa358 mode 1
Event: 325.754 Thread 0x000001ead0ec4070 DEOPT PACKING pc=0x000001eac5011234 sp=0x000000ac58cfaf10
Event: 325.754 Thread 0x000001ead0ec4070 DEOPT UNPACKING pc=0x000001eac4f02b43 sp=0x000000ac58cfa4b8 mode 1

Classes unloaded (0 events):
No events

Classes redefined (0 events):
No events

Internal exceptions (20 events):
Event: 325.180 Thread 0x000001ead0ec4070 Exception <a 'java/lang/ClassNotFoundException'{0x0000000088769490}: java/lang/ObjectCustomizer> (0x0000000088769490) 
thrown [s\src\hotspot\share\classfile\systemDictionary.cpp, line 256]
Event: 325.185 Thread 0x000001ead0ec4070 Exception <a 'java/lang/ClassNotFoundException'{0x0000000088779400}: com/yuzee/common/lib/dto/application/ProcedureAccessibleByWrapperDtoCustomizer> (0x0000000088779400) 
thrown [s\src\hotspot\share\classfile\systemDictionary.cpp, line 256]
Event: 325.223 Thread 0x000001ead0ec4070 Exception <a 'java/lang/ClassNotFoundException'{0x00000000887a8580}: java/lang/ObjectCustomizer> (0x00000000887a8580) 
thrown [s\src\hotspot\share\classfile\systemDictionary.cpp, line 256]
Event: 325.227 Thread 0x000001ead0ec4070 Exception <a 'java/lang/ClassNotFoundException'{0x00000000887b81c0}: com/yuzee/common/lib/dto/application/ProcedureAccessibleByDtoCustomizer> (0x00000000887b81c0) 
thrown [s\src\hotspot\share\classfile\systemDictionary.cpp, line 256]
Event: 325.232 Thread 0x000001ead0ec4070 Exception <a 'java/lang/ClassNotFoundException'{0x00000000887e9d00}: java/lang/ObjectCustomizer> (0x00000000887e9d00) 
thrown [s\src\hotspot\share\classfile\systemDictionary.cpp, line 256]
Event: 325.236 Thread 0x000001ead0ec4070 Exception <a 'java/lang/ClassNotFoundException'{0x00000000887f99a0}: com/yuzee/common/lib/dto/application/ProcedureIntakeWrapperDtoCustomizer> (0x00000000887f99a0) 
thrown [s\src\hotspot\share\classfile\systemDictionary.cpp, line 256]
Event: 325.242 Thread 0x000001ead0ec4070 Exception <a 'java/lang/ClassNotFoundException'{0x0000000088627fa8}: java/lang/ObjectCustomizer> (0x0000000088627fa8) 
thrown [s\src\hotspot\share\classfile\systemDictionary.cpp, line 256]
Event: 325.246 Thread 0x000001ead0ec4070 Exception <a 'java/lang/ClassNotFoundException'{0x00000000886378c8}: com/yuzee/common/lib/dto/application/ProcedureIntakeDtoCustomizer> (0x00000000886378c8) 
thrown [s\src\hotspot\share\classfile\systemDictionary.cpp, line 256]
Event: 325.252 Thread 0x000001ead0ec4070 Exception <a 'java/lang/ClassNotFoundException'{0x00000000886691b8}: java/lang/ObjectCustomizer> (0x00000000886691b8) 
thrown [s\src\hotspot\share\classfile\systemDictionary.cpp, line 256]
Event: 325.257 Thread 0x000001ead0ec4070 Exception <a 'java/lang/ClassNotFoundException'{0x0000000088679068}: com/yuzee/common/lib/dto/application/ProcedureStepRestInterfaceDtoCustomizer> (0x0000000088679068) 
thrown [s\src\hotspot\share\classfile\systemDictionary.cpp, line 256]
Event: 325.320 Thread 0x000001ead0ec4070 Exception <a 'java/lang/ClassNotFoundException'{0x0000000088556050}: java/lang/ObjectCustomizer> (0x0000000088556050) 
thrown [s\src\hotspot\share\classfile\systemDictionary.cpp, line 256]
Event: 325.323 Thread 0x000001ead0ec4070 Exception <a 'java/lang/ClassNotFoundException'{0x0000000088565ab0}: com/yuzee/common/lib/dto/institute/CourseMinRequirementDtoCustomizer> (0x0000000088565ab0) 
thrown [s\src\hotspot\share\classfile\systemDictionary.cpp, line 256]
Event: 325.437 Thread 0x000001ead0ec4070 Exception <a 'java/lang/ClassNotFoundException'{0x00000000885be130}: java/lang/ObjectCustomizer> (0x00000000885be130) 
thrown [s\src\hotspot\share\classfile\systemDictionary.cpp, line 256]
Event: 325.440 Thread 0x000001ead0ec4070 Exception <a 'java/lang/ClassNotFoundException'{0x00000000885cd920}: com/yuzee/common/lib/dto/institute/EducationSystemDtoCustomizer> (0x00000000885cd920) 
thrown [s\src\hotspot\share\classfile\systemDictionary.cpp, line 256]
Event: 325.731 Thread 0x000001ead0ec4070 Exception <a 'java/lang/ClassNotFoundException'{0x0000000088440b80}: java/lang/ObjectCustomizer> (0x0000000088440b80) 
thrown [s\src\hotspot\share\classfile\systemDictionary.cpp, line 256]
Event: 325.733 Thread 0x000001ead0ec4070 Exception <a 'java/lang/ClassNotFoundException'{0x000000008844ff80}: com/yuzee/common/lib/dto/institute/SubjectDtoCustomizer> (0x000000008844ff80) 
thrown [s\src\hotspot\share\classfile\systemDictionary.cpp, line 256]
Event: 325.736 Thread 0x000001ead0ec4070 Exception <a 'java/lang/ClassNotFoundException'{0x000000008848ea70}: java/lang/ObjectCustomizer> (0x000000008848ea70) 
thrown [s\src\hotspot\share\classfile\systemDictionary.cpp, line 256]
Event: 325.738 Thread 0x000001ead0ec4070 Exception <a 'java/lang/ClassNotFoundException'{0x000000008849dcf0}: com/yuzee/common/lib/dto/institute/GradeDtoCustomizer> (0x000000008849dcf0) 
thrown [s\src\hotspot\share\classfile\systemDictionary.cpp, line 256]
Event: 325.744 Thread 0x000001ead0ec4070 Exception <a 'java/lang/ClassNotFoundException'{0x000000008831caa8}: java/lang/ObjectCustomizer> (0x000000008831caa8) 
thrown [s\src\hotspot\share\classfile\systemDictionary.cpp, line 256]
Event: 325.747 Thread 0x000001ead0ec4070 Exception <a 'java/lang/ClassNotFoundException'{0x000000008832c918}: com/yuzee/common/lib/dto/institute/CourseMinRequirementSubjectDtoCustomizer> (0x000000008832c918) 
thrown [s\src\hotspot\share\classfile\systemDictionary.cpp, line 256]

VM Operations (20 events):
Event: 320.873 Executing VM operation: HandshakeAllThreads done
Event: 321.338 Executing VM operation: G1CollectForAllocation
Event: 321.351 Executing VM operation: G1CollectForAllocation done
Event: 321.440 Executing VM operation: HandshakeAllThreads
Event: 321.440 Executing VM operation: HandshakeAllThreads done
Event: 321.777 Executing VM operation: HandshakeAllThreads
Event: 321.777 Executing VM operation: HandshakeAllThreads done
Event: 322.780 Executing VM operation: Cleanup
Event: 322.780 Executing VM operation: Cleanup done
Event: 323.385 Executing VM operation: G1CollectForAllocation
Event: 323.395 Executing VM operation: G1CollectForAllocation done
Event: 323.496 Executing VM operation: HandshakeAllThreads
Event: 323.496 Executing VM operation: HandshakeAllThreads done
Event: 323.498 Executing VM operation: HandshakeAllThreads
Event: 323.498 Executing VM operation: HandshakeAllThreads done
Event: 324.498 Executing VM operation: Cleanup
Event: 324.498 Executing VM operation: Cleanup done
Event: 325.509 Executing VM operation: Cleanup
Event: 325.509 Executing VM operation: Cleanup done
Event: 325.792 Executing VM operation: G1CollectForAllocation

Events (20 events):
Event: 325.319 loading class java/lang/ObjectCustomizer
Event: 325.319 loading class java/lang/ObjectCustomizer done
Event: 325.320 loading class java/lang/ObjectCustomizer
Event: 325.320 loading class java/lang/ObjectCustomizer done
Event: 325.436 loading class java/lang/ObjectCustomizer
Event: 325.436 loading class java/lang/ObjectCustomizer done
Event: 325.436 loading class java/lang/ObjectCustomizer
Event: 325.436 loading class java/lang/ObjectCustomizer done
Event: 325.731 loading class java/lang/ObjectCustomizer
Event: 325.731 loading class java/lang/ObjectCustomizer done
Event: 325.731 loading class java/lang/ObjectCustomizer
Event: 325.731 loading class java/lang/ObjectCustomizer done
Event: 325.736 loading class java/lang/ObjectCustomizer
Event: 325.736 loading class java/lang/ObjectCustomizer done
Event: 325.736 loading class java/lang/ObjectCustomizer
Event: 325.736 loading class java/lang/ObjectCustomizer done
Event: 325.743 loading class java/lang/ObjectCustomizer
Event: 325.743 loading class java/lang/ObjectCustomizer done
Event: 325.744 loading class java/lang/ObjectCustomizer
Event: 325.744 loading class java/lang/ObjectCustomizer done


Dynamic libraries:
0x00007ff60fec0000 - 0x00007ff60fece000 	C:\Users\BUYPC\Desktop\sts-4.16.0.RELEASE\plugins\org.eclipse.justj.openjdk.hotspot.jre.full.win32.x86_64_17.0.4.v20220903-1038\jre\bin\javaw.exe
0x00007ffbf88f0000 - 0x00007ffbf8ae8000 	C:\Windows\SYSTEM32\ntdll.dll
0x00007ffbdbcd0000 - 0x00007ffbdbce7000 	C:\Program Files\Avast Software\Avast\aswhook.dll
0x00007ffbf7650000 - 0x00007ffbf770d000 	C:\Windows\System32\KERNEL32.DLL
0x00007ffbf62d0000 - 0x00007ffbf65a2000 	C:\Windows\System32\KERNELBASE.dll
0x00007ffbf6130000 - 0x00007ffbf6230000 	C:\Windows\System32\ucrtbase.dll
0x00007ffbf0070000 - 0x00007ffbf0088000 	C:\Users\BUYPC\Desktop\sts-4.16.0.RELEASE\plugins\org.eclipse.justj.openjdk.hotspot.jre.full.win32.x86_64_17.0.4.v20220903-1038\jre\bin\jli.dll
0x00007ffbf7b60000 - 0x00007ffbf7cfd000 	C:\Windows\System32\USER32.dll
0x00007ffbf60b0000 - 0x00007ffbf60d2000 	C:\Windows\System32\win32u.dll
0x00007ffbf6950000 - 0x00007ffbf697b000 	C:\Windows\System32\GDI32.dll
0x00007ffbf66b0000 - 0x00007ffbf67bf000 	C:\Windows\System32\gdi32full.dll
0x00007ffbf6230000 - 0x00007ffbf62cd000 	C:\Windows\System32\msvcp_win.dll
0x00007ffbdf6f0000 - 0x00007ffbdf709000 	C:\Users\BUYPC\Desktop\sts-4.16.0.RELEASE\plugins\org.eclipse.justj.openjdk.hotspot.jre.full.win32.x86_64_17.0.4.v20220903-1038\jre\bin\VCRUNTIME140.dll
0x00007ffbdf790000 - 0x00007ffbdfa2a000 	C:\Windows\WinSxS\amd64_microsoft.windows.common-controls_6595b64144ccf1df_6.0.19041.1110_none_60b5254171f9507e\COMCTL32.dll
0x00007ffbf8810000 - 0x00007ffbf88ae000 	C:\Windows\System32\msvcrt.dll
0x00007ffbf73d0000 - 0x00007ffbf7400000 	C:\Windows\System32\IMM32.DLL
0x00007ffbf3630000 - 0x00007ffbf363c000 	C:\Users\BUYPC\Desktop\sts-4.16.0.RELEASE\plugins\org.eclipse.justj.openjdk.hotspot.jre.full.win32.x86_64_17.0.4.v20220903-1038\jre\bin\vcruntime140_1.dll
0x00007ffbd48b0000 - 0x00007ffbd4941000 	C:\Users\BUYPC\Desktop\sts-4.16.0.RELEASE\plugins\org.eclipse.justj.openjdk.hotspot.jre.full.win32.x86_64_17.0.4.v20220903-1038\jre\bin\msvcp140.dll
0x00007ffba0c90000 - 0x00007ffba18d6000 	C:\Users\BUYPC\Desktop\sts-4.16.0.RELEASE\plugins\org.eclipse.justj.openjdk.hotspot.jre.full.win32.x86_64_17.0.4.v20220903-1038\jre\bin\server\jvm.dll
0x00007ffbf7840000 - 0x00007ffbf78ee000 	C:\Windows\System32\ADVAPI32.dll
0x00007ffbf7530000 - 0x00007ffbf75cc000 	C:\Windows\System32\sechost.dll
0x00007ffbf86e0000 - 0x00007ffbf8805000 	C:\Windows\System32\RPCRT4.dll
0x00007ffbf7710000 - 0x00007ffbf7718000 	C:\Windows\System32\PSAPI.DLL
0x00007ffbe68d0000 - 0x00007ffbe68d9000 	C:\Windows\SYSTEM32\WSOCK32.dll
0x00007ffbf7360000 - 0x00007ffbf73cb000 	C:\Windows\System32\WS2_32.dll
0x00007ffbe1ad0000 - 0x00007ffbe1af7000 	C:\Windows\SYSTEM32\WINMM.dll
0x00007ffbeda90000 - 0x00007ffbeda9a000 	C:\Windows\SYSTEM32\VERSION.dll
0x00007ffbf4840000 - 0x00007ffbf4852000 	C:\Windows\SYSTEM32\kernel.appcore.dll
0x00007ffbf3620000 - 0x00007ffbf362a000 	C:\Users\BUYPC\Desktop\sts-4.16.0.RELEASE\plugins\org.eclipse.justj.openjdk.hotspot.jre.full.win32.x86_64_17.0.4.v20220903-1038\jre\bin\jimage.dll
0x00007ffbea540000 - 0x00007ffbea724000 	C:\Windows\SYSTEM32\DBGHELP.DLL
0x00007ffbea180000 - 0x00007ffbea1ac000 	C:\Windows\SYSTEM32\dbgcore.DLL
0x00007ffbf65b0000 - 0x00007ffbf6632000 	C:\Windows\System32\bcryptPrimitives.dll
0x00007ffbdf6b0000 - 0x00007ffbdf6eb000 	C:\Users\BUYPC\Desktop\sts-4.16.0.RELEASE\plugins\org.eclipse.justj.openjdk.hotspot.jre.full.win32.x86_64_17.0.4.v20220903-1038\jre\bin\jdwp.dll
0x00007ffbf0260000 - 0x00007ffbf026e000 	C:\Users\BUYPC\Desktop\sts-4.16.0.RELEASE\plugins\org.eclipse.justj.openjdk.hotspot.jre.full.win32.x86_64_17.0.4.v20220903-1038\jre\bin\instrument.dll
0x00007ffbe6c10000 - 0x00007ffbe6c35000 	C:\Users\BUYPC\Desktop\sts-4.16.0.RELEASE\plugins\org.eclipse.justj.openjdk.hotspot.jre.full.win32.x86_64_17.0.4.v20220903-1038\jre\bin\java.dll
0x00007ffbefa00000 - 0x00007ffbefa18000 	C:\Users\BUYPC\Desktop\sts-4.16.0.RELEASE\plugins\org.eclipse.justj.openjdk.hotspot.jre.full.win32.x86_64_17.0.4.v20220903-1038\jre\bin\zip.dll
0x00007ffbf6c10000 - 0x00007ffbf7353000 	C:\Windows\System32\SHELL32.dll
0x00007ffbf40a0000 - 0x00007ffbf4831000 	C:\Windows\SYSTEM32\windows.storage.dll
0x00007ffbf7d20000 - 0x00007ffbf8074000 	C:\Windows\System32\combase.dll
0x00007ffbf5980000 - 0x00007ffbf59b0000 	C:\Windows\SYSTEM32\Wldp.dll
0x00007ffbf8080000 - 0x00007ffbf812d000 	C:\Windows\System32\SHCORE.dll
0x00007ffbf78f0000 - 0x00007ffbf7945000 	C:\Windows\System32\shlwapi.dll
0x00007ffbf5f40000 - 0x00007ffbf5f5f000 	C:\Windows\SYSTEM32\profapi.dll
0x00007ffbe7f40000 - 0x00007ffbe7f4c000 	C:\Users\BUYPC\Desktop\sts-4.16.0.RELEASE\plugins\org.eclipse.justj.openjdk.hotspot.jre.full.win32.x86_64_17.0.4.v20220903-1038\jre\bin\dt_socket.dll
0x00007ffbf53d0000 - 0x00007ffbf540b000 	C:\Windows\SYSTEM32\IPHLPAPI.DLL
0x00007ffbf56e0000 - 0x00007ffbf574a000 	C:\Windows\system32\mswsock.dll
0x00007ffbf5410000 - 0x00007ffbf54da000 	C:\Windows\SYSTEM32\DNSAPI.dll
0x00007ffbf7d00000 - 0x00007ffbf7d08000 	C:\Windows\System32\NSI.dll
0x00007ffbe7e40000 - 0x00007ffbe7e4a000 	C:\Windows\System32\rasadhlp.dll
0x00007ffbe81a0000 - 0x00007ffbe8220000 	C:\Windows\System32\fwpuclnt.dll
0x00007ffbf6920000 - 0x00007ffbf6947000 	C:\Windows\System32\bcrypt.dll
0x00007ffbe1bb0000 - 0x00007ffbe1bc9000 	C:\Users\BUYPC\Desktop\sts-4.16.0.RELEASE\plugins\org.eclipse.justj.openjdk.hotspot.jre.full.win32.x86_64_17.0.4.v20220903-1038\jre\bin\net.dll
0x00007ffbe8220000 - 0x00007ffbe832d000 	C:\Windows\SYSTEM32\WINHTTP.dll
0x00007ffbf3650000 - 0x00007ffbf3665000 	C:\Users\BUYPC\Desktop\sts-4.16.0.RELEASE\plugins\org.eclipse.justj.openjdk.hotspot.jre.full.win32.x86_64_17.0.4.v20220903-1038\jre\bin\nio.dll
0x00007ffbef450000 - 0x00007ffbef459000 	C:\Users\BUYPC\Desktop\sts-4.16.0.RELEASE\plugins\org.eclipse.justj.openjdk.hotspot.jre.full.win32.x86_64_17.0.4.v20220903-1038\jre\bin\management.dll
0x00007ffbe8060000 - 0x00007ffbe806b000 	C:\Users\BUYPC\Desktop\sts-4.16.0.RELEASE\plugins\org.eclipse.justj.openjdk.hotspot.jre.full.win32.x86_64_17.0.4.v20220903-1038\jre\bin\management_ext.dll
0x00007ffbe0cd0000 - 0x00007ffbe0ce7000 	C:\Windows\system32\napinsp.dll
0x00007ffbe0e50000 - 0x00007ffbe0e6b000 	C:\Windows\system32\pnrpnsp.dll
0x00007ffbefc90000 - 0x00007ffbefca5000 	C:\Windows\system32\wshbth.dll
0x00007ffbf25e0000 - 0x00007ffbf25fd000 	C:\Windows\system32\NLAapi.dll
0x00007ffbe1670000 - 0x00007ffbe1682000 	C:\Windows\System32\winrnr.dll
0x00007ffbf58d0000 - 0x00007ffbf58e8000 	C:\Windows\SYSTEM32\CRYPTSP.dll
0x00007ffbf5000000 - 0x00007ffbf5034000 	C:\Windows\system32\rsaenh.dll
0x00007ffbf5f00000 - 0x00007ffbf5f2e000 	C:\Windows\SYSTEM32\USERENV.dll
0x00007ffbf58f0000 - 0x00007ffbf58fc000 	C:\Windows\SYSTEM32\CRYPTBASE.dll
0x00007ffbeddd0000 - 0x00007ffbedde7000 	C:\Windows\SYSTEM32\dhcpcsvc6.DLL
0x00007ffbeda50000 - 0x00007ffbeda6d000 	C:\Windows\SYSTEM32\dhcpcsvc.DLL
0x00007ffbef490000 - 0x00007ffbef4a0000 	C:\Users\BUYPC\Desktop\sts-4.16.0.RELEASE\plugins\org.eclipse.justj.openjdk.hotspot.jre.full.win32.x86_64_17.0.4.v20220903-1038\jre\bin\verify.dll
0x00007ffbe78e0000 - 0x00007ffbe78ee000 	C:\Users\BUYPC\Desktop\sts-4.16.0.RELEASE\plugins\org.eclipse.justj.openjdk.hotspot.jre.full.win32.x86_64_17.0.4.v20220903-1038\jre\bin\sunmscapi.dll
0x00007ffbf67c0000 - 0x00007ffbf6916000 	C:\Windows\System32\CRYPT32.dll
0x00007ffbf59f0000 - 0x00007ffbf5a17000 	C:\Windows\SYSTEM32\ncrypt.dll
0x00007ffbf59b0000 - 0x00007ffbf59eb000 	C:\Windows\SYSTEM32\NTASN1.dll

dbghelp: loaded successfully - version: 4.0.5 - missing functions: none
symbol engine: initialized successfully - sym options: 0x614 - pdb path: .;C:\Users\BUYPC\Desktop\sts-4.16.0.RELEASE\plugins\org.eclipse.justj.openjdk.hotspot.jre.full.win32.x86_64_17.0.4.v20220903-1038\jre\bin;C:\Windows\SYSTEM32;C:\Program Files\Avast Software\Avast;C:\Windows\WinSxS\amd64_microsoft.windows.common-controls_6595b64144ccf1df_6.0.19041.1110_none_60b5254171f9507e;C:\Users\BUYPC\Desktop\sts-4.16.0.RELEASE\plugins\org.eclipse.justj.openjdk.hotspot.jre.full.win32.x86_64_17.0.4.v20220903-1038\jre\bin\server

VM Arguments:
jvm_args: -XX:+ShowCodeDetailsInExceptionMessages -agentlib:jdwp=transport=dt_socket,suspend=y,address=localhost:63815 -Dcom.sun.management.jmxremote -Dcom.sun.management.jmxremote.port=63803 -Dcom.sun.management.jmxremote.authenticate=false -Dcom.sun.management.jmxremote.ssl=false -Djava.rmi.server.hostname=localhost -Dspring.jmx.enabled=true -Dspring.application.admin.enabled=true -XX:TieredStopAtLevel=1 -Dspring.boot.project.name=yuzeeapp -javaagent:C:\Users\BUYPC\Desktop\sts-4.16.0.RELEASE\configuration\org.eclipse.osgi\268\0\.cp\lib\javaagent-shaded.jar -Dfile.encoding=UTF-8 
java_command: com.yuzee.app.YuzeeApplication --spring.output.ansi.enabled=always
java_class_path (initial): C:\Users\BUYPC\Desktop\yuzee-backend-institute-api\target\classes;C:\Users\BUYPC\.m2\repository\org\apache\commons\commons-lang3\3.11\commons-lang3-3.11.jar;C:\Users\BUYPC\.m2\repository\org\projectlombok\lombok\1.18.20\lombok-1.18.20.jar;C:\Users\BUYPC\.m2\repository\junit\junit\4.12\junit-4.12.jar;C:\Users\BUYPC\.m2\repository\org\hamcrest\hamcrest-core\2.2\hamcrest-core-2.2.jar;C:\Users\BUYPC\.m2\repository\org\springframework\boot\spring-boot-starter-web\2.4.5\spring-boot-starter-web-2.4.5.jar;C:\Users\BUYPC\.m2\repository\org\springframework\boot\spring-boot-starter\2.4.5\spring-boot-starter-2.4.5.jar;C:\Users\BUYPC\.m2\repository\org\springframework\boot\spring-boot-starter-logging\2.4.5\spring-boot-starter-logging-2.4.5.jar;C:\Users\BUYPC\.m2\repository\ch\qos\logback\logback-classic\1.2.3\logback-classic-1.2.3.jar;C:\Users\BUYPC\.m2\repository\ch\qos\logback\logback-core\1.2.3\logback-core-1.2.3.jar;C:\Users\BUYPC\.m2\repository\org\apache\logging\log4j\log4j-to-slf4j\2.13.3\log4j-to-slf4j-2.13.3.jar;C:\Users\BUYPC\.m2\repository\org\apache\logging\log4j\log4j-api\2.13.3\log4j-api-2.13.3.jar;C:\Users\BUYPC\.m2\repository\org\slf4j\jul-to-slf4j\1.7.30\jul-to-slf4j-1.7.30.jar;C:\Users\BUYPC\.m2\repository\org\yaml\snakeyaml\1.27\snakeyaml-1.27.jar;C:\Users\BUYPC\.m2\repository\org\springframework\boot\spring-boot-starter-json\2.4.5\spring-boot-starter-json-2.4.5.jar;C:\Users\BUYPC\.m2\repository\com\fasterxml\jackson\datatype\jackson-datatype-jdk8\2.11.4\jackson-datatype-jdk8-2.11.4.jar;C:\Users\BUYPC\.m2\repository\com\fasterxml\jackson\datatype\jackson-datatype-jsr310\2.11.4\jackson-datatype-jsr310-2.11.4.jar;C:\Users\BUYPC\.m2\repository\com\fasterxml\jackson\module\jackson-module-parameter-names\2.11.4\jackson-module-parameter-names-2.11.4.jar;C:\Users\BUYPC\.m2\repository\org\springframework\spring-web\5.3.6\spring-web-5.3.6.jar;C:\Users\BUYPC\.m2\repository\org\springframework\spring-beans\5.3.6\spring-beans-5.3.6.jar;C:\User
Launcher Type: SUN_STANDARD

[Global flags]
     intx CICompilerCount                          = 3                                         {product} {ergonomic}
     uint ConcGCThreads                            = 1                                         {product} {ergonomic}
     uint G1ConcRefinementThreads                  = 4                                         {product} {ergonomic}
   size_t G1HeapRegionSize                         = 1048576                                   {product} {ergonomic}
    uintx GCDrainStackTargetSize                   = 64                                        {product} {ergonomic}
   size_t InitialHeapSize                          = 134217728                                 {product} {ergonomic}
     bool ManagementServer                         = true                                      {product} {command line}
   size_t MarkStackSize                            = 4194304                                   {product} {ergonomic}
   size_t MaxHeapSize                              = 2118123520                                {product} {ergonomic}
   size_t MaxNewSize                               = 1270874112                                {product} {ergonomic}
   size_t MinHeapDeltaBytes                        = 1048576                                   {product} {ergonomic}
   size_t MinHeapSize                              = 8388608                                   {product} {ergonomic}
    uintx NonProfiledCodeHeapSize                  = 0                                      {pd product} {ergonomic}
     bool ProfileInterpreter                       = false                                  {pd product} {command line}
    uintx ProfiledCodeHeapSize                     = 0                                      {pd product} {ergonomic}
     bool ShowCodeDetailsInExceptionMessages       = true                                   {manageable} {command line}
   size_t SoftMaxHeapSize                          = 2118123520                             {manageable} {ergonomic}
     intx TieredStopAtLevel                        = 1                                         {product} {command line}
     bool UseCompressedClassPointers               = true                           {product lp64_product} {ergonomic}
     bool UseCompressedOops                        = true                           {product lp64_product} {ergonomic}
     bool UseG1GC                                  = true                                      {product} {ergonomic}
     bool UseLargePagesIndividualAllocation        = false                                  {pd product} {ergonomic}

Logging:
Log output configuration:
 #0: stdout all=warning uptime,level,tags
 #1: stderr all=off uptime,level,tags

Environment Variables:
JAVA_HOME=C:\Program Files\Java\jdk-17.0.2
PATH=C:\Users\BUYPC\Desktop\sts-4.16.0.RELEASE\plugins\org.eclipse.justj.openjdk.hotspot.jre.full.win32.x86_64_17.0.4.v20220903-1038\jre\bin;C:/Users/BUYPC/Desktop/sts-4.16.0.RELEASE//plugins/org.eclipse.justj.openjdk.hotspot.jre.full.win32.x86_64_17.0.4.v20220903-1038/jre/bin/server;C:/Users/BUYPC/Desktop/sts-4.16.0.RELEASE//plugins/org.eclipse.justj.openjdk.hotspot.jre.full.win32.x86_64_17.0.4.v20220903-1038/jre/bin;C:\Program Files\Common Files\Oracle\Java\javapath;C:\Program Files\Java\jdk-16.0.2\bin;C:\Windows\system32;C:\Windows;C:\Windows\System32\Wbem;C:\Windows\System32\WindowsPowerShell\v1.0\;C:\Windows\System32\OpenSSH\;C:\Users\BUYPC\Desktop\apache-maven-3.8.4-bin\apache-maven-3.8.4\bin;C:\Program Files\Git\cmd;C:\Program Files\nodejs\;C:\ProgramData\Microsoft\Windows\Start Menu\Programs\MySQL\MySQL Server 8.0;C:\Users\BUYPC\Downloads\sonarqube-8.9.9.56886\sonarqube-8.9.9.56886\bin;C:\Program Files\MySQL\MySQL Shell 8.0\bin\;C:\Users\BUYPC\AppData\Local\Microsoft\WindowsApps;C:\Users\BUYPC\AppData\Roaming\npm;C:\Users\BUYPC\AppData\Local\Programs\Microsoft VS Code\bin;C:\Users\BUYPC\Desktop\;C:\Users\BUYPC\Desktop\sts-4.16.0.RELEASE;
USERNAME=BUYPC
OS=Windows_NT
PROCESSOR_IDENTIFIER=Intel64 Family 6 Model 42 Stepping 7, GenuineIntel
TMP=C:\Users\BUYPC\AppData\Local\Temp
TEMP=C:\Users\BUYPC\AppData\Local\Temp



---------------  S Y S T E M  ---------------

OS:
 Windows 10 , 64 bit Build 19041 (10.0.19041.1889)
OS uptime: 1 days 0:22 hours

CPU: total 4 (initial active 4) (2 cores per cpu, 2 threads per core) family 6 model 42 stepping 7 microcode 0x2f, cx8, cmov, fxsr, ht, mmx, sse, sse2, sse3, ssse3, sse4.1, sse4.2, popcnt, tsc, tscinvbit, avx, aes, clmul, vzeroupper, clflush

Memory: 4k page, system-wide physical 8073M (282M free)
TotalPageFile size 14729M (AvailPageFile size 6043M)
current process WorkingSet (physical memory assigned to process): 337M, peak: 337M
current process commit charge ("private bytes"): 370M, peak: 370M

vm_info: OpenJDK 64-Bit Server VM (17.0.4.1+1) for windows-amd64 JRE (17.0.4.1+1), built on Aug 17 2022 07:42:43 by "temurin" with MS VC++ 16.7 (VS2019)

END.
