#
# A fatal error has been detected by the Java Runtime Environment:
#
#  EXCEPTION_ACCESS_VIOLATION (0xc0000005) at pc=0x00007ffc39d2c8e2, pid=9976, tid=7668
#
# JRE version: Java(TM) SE Runtime Environment (17.0.2+8) (build 17.0.2+8-LTS-86)
# Java VM: Java HotSpot(TM) 64-Bit Server VM (17.0.2+8-LTS-86, mixed mode, emulated-client, sharing, tiered, compressed oops, compressed class ptrs, g1 gc, windows-amd64)
# Problematic frame:
# V  [jvm.dll+0x36c8e2]
#
# No core dump will be written. Minidumps are not enabled by default on client versions of Windows
#
# If you would like to submit a bug report, please visit:
#   https://bugreport.java.com/bugreport/crash.jsp
#

---------------  S U M M A R Y ------------

Command Line: -XX:+ShowCodeDetailsInExceptionMessages -agentlib:jdwp=transport=dt_socket,suspend=y,address=localhost:50590 -Dcom.sun.management.jmxremote -Dcom.sun.management.jmxremote.port=55618 -Dcom.sun.management.jmxremote.authenticate=false -Dcom.sun.management.jmxremote.ssl=false -Djava.rmi.server.hostname=localhost -Dspring.jmx.enabled=true -Dspring.application.admin.enabled=true -XX:TieredStopAtLevel=1 -Dspring.boot.project.name=yuzeeapp -javaagent:C:\Users\BUYPC\Desktop\sts-4.16.0.RELEASE\configuration\org.eclipse.osgi\268\0\.cp\lib\javaagent-shaded.jar -Dfile.encoding=UTF-8 com.yuzee.app.YuzeeApplication --spring.output.ansi.enabled=always

Host: Intel(R) Core(TM) i7-2640M CPU @ 2.80GHz, 4 cores, 7G,  Windows 10 , 64 bit Build 19041 (10.0.19041.1889)
Time: Wed Nov  2 08:40:18 2022 Pacific Daylight Time elapsed time: 29.141925 seconds (0d 0h 0m 29s)

---------------  T H R E A D  ---------------

Current thread (0x00000219ea878790):  JavaThread "C1 CompilerThread1" daemon [_thread_in_vm, id=7668, stack(0x00000097fb900000,0x00000097fba00000)]


Current CompileTask:
C1:  29142 6877       1       net.bytebuddy.dynamic.scaffold.MethodGraph$Compiler$Default$Key$Store$Entry$Initial::extendBy (33 bytes)

Stack: [0x00000097fb900000,0x00000097fba00000],  sp=0x00000097fb9fe6e0,  free space=1017k
Native frames: (J=compiled Java code, j=interpreted, Vv=VM code, C=native code)
V  [jvm.dll+0x36c8e2]
V  [jvm.dll+0x558378]
V  [jvm.dll+0x5569fc]
V  [jvm.dll+0x1c1f91]
V  [jvm.dll+0x1c1c10]
V  [jvm.dll+0x1d6490]
V  [jvm.dll+0x13b567]
V  [jvm.dll+0x13e395]
V  [jvm.dll+0x13c674]
V  [jvm.dll+0x13664f]
V  [jvm.dll+0x146176]
V  [jvm.dll+0x131d40]
V  [jvm.dll+0x1320a0]
V  [jvm.dll+0x132366]
V  [jvm.dll+0x1317fa]
V  [jvm.dll+0x1334c1]
V  [jvm.dll+0x224908]
V  [jvm.dll+0x222a6c]
V  [jvm.dll+0x7859bb]
V  [jvm.dll+0x77ff7a]
V  [jvm.dll+0x66fa35]
C  [ucrtbase.dll+0x21bb2]
C  [KERNEL32.DLL+0x17034]
C  [ntdll.dll+0x526a1]


siginfo: EXCEPTION_ACCESS_VIOLATION (0xc0000005), reading address 0x000000000000002b


Register to memory mapping:

RIP=0x00007ffc39d2c8e2 jvm.dll
RAX=0x0000000000000003 is an unknown value
RBX=0x0000000000000003 is an unknown value
RCX=0x0000000000000003 is an unknown value
RDX=0x0000000000000002 is an unknown value
RSP=0x00000097fb9fe6e0 is pointing into the stack for thread: 0x00000219ea878790
RBP=0x000000000000000d is an unknown value
RSI=0x00000219e9b740a8 is pointing into metadata
RDI=0x000000000000000c is an unknown value
R8 =0x00000219e9eaa2b0 points into unknown readable memory: 0x2928003bfff10012 | 12 00 f1 ff 3b 00 28 29
R9 =0x0 is NULL
R10=0x00000219e9f30910 points into unknown readable memory: 0x736100097be9001d | 1d 00 e9 7b 09 00 61 73
R11=0xffffffffffffffff is an unknown value
R12=0x00000219e9f30910 points into unknown readable memory: 0x736100097be9001d | 1d 00 e9 7b 09 00 61 73
R13=0x0 is NULL
R14=0x0000000000000001 is an unknown value
R15=0x00000219e9eaa2b0 points into unknown readable memory: 0x2928003bfff10012 | 12 00 f1 ff 3b 00 28 29


Registers:
RAX=0x0000000000000003, RBX=0x0000000000000003, RCX=0x0000000000000003, RDX=0x0000000000000002
RSP=0x00000097fb9fe6e0, RBP=0x000000000000000d, RSI=0x00000219e9b740a8, RDI=0x000000000000000c
R8 =0x00000219e9eaa2b0, R9 =0x0000000000000000, R10=0x00000219e9f30910, R11=0xffffffffffffffff
R12=0x00000219e9f30910, R13=0x0000000000000000, R14=0x0000000000000001, R15=0x00000219e9eaa2b0
RIP=0x00007ffc39d2c8e2, EFLAGS=0x0000000000010206

Top of Stack: (sp=0x00000097fb9fe6e0)
0x00000097fb9fe6e0:   0000000000000000 000000000000000d
0x00000097fb9fe6f0:   00000219e9b740a0 000000000000000b
0x00000097fb9fe700:   0000000800000000 00000219e9eaa2b0
0x00000097fb9fe710:   0000000801253870 00000000000000b9
0x00000097fb9fe720:   00000219e9eaa2b0 00000219e9f30910
0x00000097fb9fe730:   00000097fb9fe920 00007ffc39f18378
0x00000097fb9fe740:   00000097fb9fe920 00000097fb9fe840
0x00000097fb9fe750:   00000219ea878790 00000097fb9fe920
0x00000097fb9fe760:   00000219ea878790 0000000100000000
0x00000097fb9fe770:   0000000000000006 0000000000000000
0x00000097fb9fe780:   00000219ea878790 0000000000000000
0x00000097fb9fe790:   00000000000000b4 00000097fb9fe9b0
0x00000097fb9fe7a0:   0000000801433150 00007ffc39d29f95
0x00000097fb9fe7b0:   0000000801433150 00000097fb9fe9b0
0x00000097fb9fe7c0:   0000000800467910 0000000801433150
0x00000097fb9fe7d0:   0000000801433150 00007ffc39f17e2e 

Instructions: (pc=0x00007ffc39d2c8e2)
0x00007ffc39d2c7e2:   8d 05 e8 3b db ff eb 70 48 8d 05 df 3b db ff eb
0x00007ffc39d2c7f2:   67 48 8b 0d 16 da 76 00 8b 51 10 83 ea 01 74 51
0x00007ffc39d2c802:   83 ea 01 74 43 83 ea 01 74 35 83 fa 01 74 27 4c
0x00007ffc39d2c812:   8d 0d 20 33 4c 00 41 b8 e9 00 00 00 48 8d 15 4b
0x00007ffc39d2c822:   33 4c 00 b9 00 00 00 e0 e8 51 60 ed ff e8 ec 3e
0x00007ffc39d2c832:   30 00 33 c0 eb 22 48 8d 05 f1 19 00 00 eb 19 48
0x00007ffc39d2c842:   8d 05 08 3b db ff eb 10 48 8d 05 ff 3a db ff eb
0x00007ffc39d2c852:   07 48 8d 05 f6 3a db ff 48 8b d3 48 89 05 fc 87
0x00007ffc39d2c862:   71 00 48 8b cf 48 8b 5c 24 30 48 83 c4 20 5f 48
0x00007ffc39d2c872:   ff e0 cc cc cc cc cc cc cc cc cc cc cc cc 48 89
0x00007ffc39d2c882:   5c 24 08 48 89 6c 24 10 48 89 74 24 18 57 41 54
0x00007ffc39d2c892:   41 55 41 56 41 57 48 83 ec 30 48 8b b1 a8 01 00
0x00007ffc39d2c8a2:   00 45 8b f1 4d 8b f8 4c 8b e2 48 63 2e 48 85 ed
0x00007ffc39d2c8b2:   7e 5c 45 33 ed 41 8b fd 48 83 c6 08 66 90 48 8b
0x00007ffc39d2c8c2:   0e 45 33 c9 4d 8b c7 44 89 6c 24 20 49 8b d4 48
0x00007ffc39d2c8d2:   8b 01 ff 90 c0 00 00 00 48 8b d8 48 85 c0 74 22
0x00007ffc39d2c8e2:   f6 40 28 01 74 1c 8b 40 28 c1 e8 03 a8 01 75 12
0x00007ffc39d2c8f2:   41 83 fe 01 75 37 48 8b cb e8 10 68 2b 00 84 c0
0x00007ffc39d2c902:   74 2b 48 ff c7 48 83 c6 08 48 3b fd 7c b0 33 c0
0x00007ffc39d2c912:   48 8b 5c 24 60 48 8b 6c 24 68 48 8b 74 24 70 48
0x00007ffc39d2c922:   83 c4 30 41 5f 41 5e 41 5d 41 5c 5f c3 48 8b c3
0x00007ffc39d2c932:   eb de cc cc cc cc cc cc cc cc cc cc cc cc 48 89
0x00007ffc39d2c942:   5c 24 18 55 57 41 56 48 83 ec 30 48 8b 99 98 01
0x00007ffc39d2c952:   00 00 49 8b e8 4c 8b f2 48 8b f9 48 85 db 0f 84
0x00007ffc39d2c962:   e3 00 00 00 48 8b cb e8 62 33 00 00 4c 63 c8 41
0x00007ffc39d2c972:   83 f9 ff 0f 84 ce 00 00 00 4a 8b 4c cb 08 48 8b
0x00007ffc39d2c982:   49 08 0f b7 51 24 48 8b 49 08 48 39 6c d1 48 0f
0x00007ffc39d2c992:   84 a0 00 00 00 45 8d 51 ff 49 63 ca 45 85 d2 78
0x00007ffc39d2c9a2:   3d 48 8d 53 08 48 8d 14 ca 0f 1f 44 00 00 48 8b
0x00007ffc39d2c9b2:   02 4c 8b 40 08 4d 8b 58 08 41 0f b7 40 22 4d 39
0x00007ffc39d2c9c2:   74 c3 48 75 19 41 0f b7 40 24 49 39 6c c3 48 74
0x00007ffc39d2c9d2:   61 41 ff ca 48 83 ea 08 48 83 e9 01 79 d0 4c 63 


Stack slot to memory mapping:
stack at sp + 0 slots: 0x0 is NULL
stack at sp + 1 slots: 0x000000000000000d is an unknown value
stack at sp + 2 slots: 0x00000219e9b740a0 is pointing into metadata
stack at sp + 3 slots: 0x000000000000000b is an unknown value
stack at sp + 4 slots: 0x0000000800000000 is pointing into metadata
stack at sp + 5 slots: 0x00000219e9eaa2b0 points into unknown readable memory: 0x2928003bfff10012 | 12 00 f1 ff 3b 00 28 29
stack at sp + 6 slots: 0x0000000801253870 is a pointer to class: 
net.bytebuddy.description.method.MethodDescription {0x0000000801253878}
 - instance size:     2
 - klass size:        63
 - access:            public interface abstract 
 - state:             fully_initialized
 - name:              'net/bytebuddy/description/method/MethodDescription'
 - super:             'java/lang/Object'
 - sub:               
 - nof implementors:  1
 - implementor:    
   'net/bytebuddy/description/method/MethodDescription$AbstractBase'
 - arrays:            NULL
 - methods:           Array<T>(0x00000219e9b72f18)
 - method ordering:   Array<T>(0x00000219e9b740b0)
 - default_methods:   Array<T>(0x0000000000000000)
 - local interfaces:  Array<T>(0x00000219e9b6fed0)
 - trans. interfaces: Array<T>(0x00000219e9b74040)
 - constants:         constant pool [129] {0x00000219e9b6f9c8} for 'net/bytebuddy/description/method/MethodDescription' cache=0x00000219eac1c2b8
 - class loader data:  loader data: 0x00000219e3e57e60 for instance a 'jdk/internal/loader/ClassLoaders$AppClassLoader'{0x00000000823f1d18}
 - source file:       'MethodDescription.java'
 - source debug extension:       SMAP
MethodDescription.java
Java
*S jdt
*F
1 MethodDescription.java
2 file:/C:/Users/BUYPC/.m2/repository/net/bytebuddy/byte-buddy/1.10.22/byte-buddy-1.10.22.jar
*L
*E

 - class annotations:       Array<T>(0x0000000000000000)
 - class type annotations:  Array<T>(0x0000000000000000)
 - field annotations:       Array<T>(0x0000000000000000)
 - field type annotations:  Array<T>(0x0000000000000000)
 - generic signature: 'Ljava/lang/Object;Lnet/bytebuddy/description/TypeVariableSource;Lnet/bytebuddy/description/ModifierReviewable$ForMethodDescription;Lnet/bytebuddy/description/NamedElement$WithGenericName;Lnet/bytebuddy/description/ByteCodeElement;Lnet/bytebuddy/description/ByteCodeElement$TypeDependant<Lnet/bytebuddy/description/method/MethodDescription$InDefinedShape;Lnet/bytebuddy/description/method/MethodDescription$Token;>;'
 - inner classes:     Array<T>(0x00000219e9b73fb8)
 - nest members:     Array<T>(0x00000008005cf6d8)
 - permitted subclasses:     Array<T>(0x00000008005cf6d8)
 - java mirror:       a 'java/lang/Class'{0x00000000846e9ce8} = 'net/bytebuddy/description/method/MethodDescription'
 - vtable length      5  (start addr: 0x0000000801253a38)
 - itable length      0 (start addr: 0x0000000801253a60)
 - ---- static fields (2 words):
 - public static final 'CONSTRUCTOR_INTERNAL_NAME' 'Ljava/lang/String;' @112 
 - public static final 'TYPE_INITIALIZER_INTERNAL_NAME' 'Ljava/lang/String;' @116 
 - public static final 'TYPE_INITIALIZER_MODIFIER' 'I' @124 
 - public static final 'UNDEFINED' 'Lnet/bytebuddy/description/method/MethodDescription$InDefinedShape;' @120 
 - ---- non-static fields (0 words):
 - non-static oop maps: 
stack at sp + 7 slots: 0x00000000000000b9 is an unknown value


---------------  P R O C E S S  ---------------

Threads class SMR info:
_java_thread_list=0x00000219ee4ee9a0, length=29, elements={
0x00000219d28ab380, 0x00000219e3e72730, 0x00000219e3e73e80, 0x00000219e3e829d0,
0x00000219e3e83750, 0x00000219e3e87120, 0x00000219e3e88270, 0x00000219e3e89470,
0x00000219e3ea6b50, 0x00000219e3e5cc00, 0x00000219e4accf50, 0x00000219e4acdc00,
0x00000219e4ad2810, 0x00000219e57d77e0, 0x00000219e58e1e70, 0x00000219e58ef150,
0x00000219e59011c0, 0x00000219e5c8b800, 0x00000219e5d27f50, 0x00000219e5d15af0,
0x00000219e5d15fc0, 0x00000219e5dc7b60, 0x00000219e5dc59b0, 0x00000219e5dc6cf0,
0x00000219e5dc8030, 0x00000219e5dc4670, 0x00000219e5dc4b40, 0x00000219ea878790,
0x00000219ee0e0110
}

Java Threads: ( => current thread )
  0x00000219d28ab380 JavaThread "main" [_thread_blocked, id=8388, stack(0x00000097fa900000,0x00000097faa00000)]
  0x00000219e3e72730 JavaThread "Reference Handler" daemon [_thread_blocked, id=12684, stack(0x00000097fb000000,0x00000097fb100000)]
  0x00000219e3e73e80 JavaThread "Finalizer" daemon [_thread_blocked, id=4660, stack(0x00000097fb100000,0x00000097fb200000)]
  0x00000219e3e829d0 JavaThread "Signal Dispatcher" daemon [_thread_blocked, id=396, stack(0x00000097fb200000,0x00000097fb300000)]
  0x00000219e3e83750 JavaThread "Attach Listener" daemon [_thread_blocked, id=660, stack(0x00000097fb300000,0x00000097fb400000)]
  0x00000219e3e87120 JavaThread "Service Thread" daemon [_thread_blocked, id=12128, stack(0x00000097fb400000,0x00000097fb500000)]
  0x00000219e3e88270 JavaThread "Monitor Deflation Thread" daemon [_thread_blocked, id=9228, stack(0x00000097fb500000,0x00000097fb600000)]
  0x00000219e3e89470 JavaThread "C1 CompilerThread0" daemon [_thread_blocked, id=4988, stack(0x00000097fb600000,0x00000097fb700000)]
  0x00000219e3ea6b50 JavaThread "Sweeper thread" daemon [_thread_blocked, id=11556, stack(0x00000097fb700000,0x00000097fb800000)]
  0x00000219e3e5cc00 JavaThread "Common-Cleaner" daemon [_thread_blocked, id=2644, stack(0x00000097fb800000,0x00000097fb900000)]
  0x00000219e4accf50 JavaThread "JDWP Transport Listener: dt_socket" daemon [_thread_blocked, id=1140, stack(0x00000097fbb00000,0x00000097fbc00000)]
  0x00000219e4acdc00 JavaThread "JDWP Event Helper Thread" daemon [_thread_blocked, id=10756, stack(0x00000097fbc00000,0x00000097fbd00000)]
  0x00000219e4ad2810 JavaThread "JDWP Command Reader" daemon [_thread_in_native, id=2012, stack(0x00000097fbd00000,0x00000097fbe00000)]
  0x00000219e57d77e0 JavaThread "Notification Thread" daemon [_thread_blocked, id=4084, stack(0x00000097fc100000,0x00000097fc200000)]
  0x00000219e58e1e70 JavaThread "RMI TCP Accept-0" daemon [_thread_in_native, id=12660, stack(0x00000097fc200000,0x00000097fc300000)]
  0x00000219e58ef150 JavaThread "RMI TCP Accept-55618" daemon [_thread_in_native, id=13284, stack(0x00000097fc300000,0x00000097fc400000)]
  0x00000219e59011c0 JavaThread "RMI TCP Accept-0" daemon [_thread_in_native, id=8660, stack(0x00000097fc400000,0x00000097fc500000)]
  0x00000219e5c8b800 JavaThread "RMI TCP Connection(1)-127.0.0.1" daemon [_thread_in_native, id=2152, stack(0x00000097fc600000,0x00000097fc700000)]
  0x00000219e5d27f50 JavaThread "RMI Scheduler(0)" daemon [_thread_blocked, id=9304, stack(0x00000097fc700000,0x00000097fc800000)]
  0x00000219e5d15af0 JavaThread "RMI TCP Connection(2)-127.0.0.1" daemon [_thread_in_native, id=12496, stack(0x00000097fc800000,0x00000097fc900000)]
  0x00000219e5d15fc0 JavaThread "JMX server connection timeout 24" daemon [_thread_blocked, id=10600, stack(0x00000097fc900000,0x00000097fca00000)]
  0x00000219e5dc7b60 JavaThread "Thread-0" [_thread_blocked, id=1300, stack(0x00000097fca00000,0x00000097fcb00000)]
  0x00000219e5dc59b0 JavaThread "restartedMain" [_thread_blocked, id=8064, stack(0x00000097fcb00000,0x00000097fcc00000)]
  0x00000219e5dc6cf0 JavaThread "Catalina-utility-1" [_thread_blocked, id=14076, stack(0x00000097fcd00000,0x00000097fce00000)]
  0x00000219e5dc8030 JavaThread "Catalina-utility-2" [_thread_blocked, id=14792, stack(0x00000097fce00000,0x00000097fcf00000)]
  0x00000219e5dc4670 JavaThread "container-0" [_thread_blocked, id=8720, stack(0x00000097fcf00000,0x00000097fd000000)]
  0x00000219e5dc4b40 JavaThread "mysql-cj-abandoned-connection-cleanup" daemon [_thread_blocked, id=10648, stack(0x00000097fd000000,0x00000097fd100000)]
=>0x00000219ea878790 JavaThread "C1 CompilerThread1" daemon [_thread_in_vm, id=7668, stack(0x00000097fb900000,0x00000097fba00000)]
  0x00000219ee0e0110 JavaThread "C1 CompilerThread2" daemon [_thread_blocked, id=10924, stack(0x00000097fba00000,0x00000097fbb00000)]

Other Threads:
  0x00000219e3e6b6d0 VMThread "VM Thread" [stack: 0x00000097faf00000,0x00000097fb000000] [id=2624] _threads_hazard_ptr=0x00000219ee4ee9a0
  0x00000219d28ac240 WatcherThread [stack: 0x00000097fc500000,0x00000097fc600000] [id=11092]
  0x00000219d28eb110 GCTaskThread "GC Thread#0" [stack: 0x00000097faa00000,0x00000097fab00000] [id=9012]
  0x00000219e56057a0 GCTaskThread "GC Thread#1" [stack: 0x00000097fbe00000,0x00000097fbf00000] [id=8468]
  0x00000219e5605a50 GCTaskThread "GC Thread#2" [stack: 0x00000097fbf00000,0x00000097fc000000] [id=9232]
  0x00000219e561bac0 GCTaskThread "GC Thread#3" [stack: 0x00000097fc000000,0x00000097fc100000] [id=912]
  0x00000219d28fc540 ConcurrentGCThread "G1 Main Marker" [stack: 0x00000097fab00000,0x00000097fac00000] [id=2468]
  0x00000219d28fcf50 ConcurrentGCThread "G1 Conc#0" [stack: 0x00000097fac00000,0x00000097fad00000] [id=10548]
  0x00000219d29542c0 ConcurrentGCThread "G1 Refine#0" [stack: 0x00000097fad00000,0x00000097fae00000] [id=10292]
  0x00000219d2954ce0 ConcurrentGCThread "G1 Service" [stack: 0x00000097fae00000,0x00000097faf00000] [id=7704]

Threads with active compile tasks:
C1 CompilerThread1    29277 6877       1       net.bytebuddy.dynamic.scaffold.MethodGraph$Compiler$Default$Key$Store$Entry$Initial::extendBy (33 bytes)

VM state: synchronizing (normal execution)

VM Mutex/Monitor currently owned by a thread:  ([mutex/lock_event])
[0x00000219d289c080] Threads_lock - owner thread: 0x00000219e3e6b6d0
[0x00000219d28a9370] Heap_lock - owner thread: 0x00000219d28fc540

Heap address: 0x0000000081c00000, size: 2020 MB, Compressed Oops mode: 32-bit

CDS archive(s) mapped at: [0x0000000800000000-0x0000000800bc0000-0x0000000800bc0000), size 12320768, SharedBaseAddress: 0x0000000800000000, ArchiveRelocationMode: 0.
Compressed class space mapped at: 0x0000000800c00000-0x0000000840c00000, reserved size: 1073741824
Narrow klass base: 0x0000000800000000, Narrow klass shift: 0, Narrow klass range: 0x100000000

GC Precious Log:
 CPUs: 4 total, 4 available
 Memory: 8073M
 Large Page Support: Disabled
 NUMA Support: Disabled
 Compressed Oops: Enabled (32-bit)
 Heap Region Size: 1M
 Heap Min Capacity: 8M
 Heap Initial Capacity: 128M
 Heap Max Capacity: 2020M
 Pre-touch: Disabled
 Parallel Workers: 4
 Concurrent Workers: 1
 Concurrent Refinement Workers: 4
 Periodic GC: Disabled

Heap:
 garbage-first heap   total 181248K, used 90058K [0x0000000081c00000, 0x0000000100000000)
  region size 1024K, 32 young (32768K), 8 survivors (8192K)
 Metaspace       used 60445K, committed 60928K, reserved 1105920K
  class space    used 8409K, committed 8640K, reserved 1048576K

Heap Regions: E=young(eden), S=young(survivor), O=old, HS=humongous(starts), HC=humongous(continues), CS=collection set, F=free, OA=open archive, CA=closed archive, TAMS=top-at-mark-start (previous, next)
|   0|0x0000000081c00000, 0x0000000081d00000, 0x0000000081d00000|100%|HS|  |TAMS 0x0000000081d00000, 0x0000000081d00000| Complete 
|   1|0x0000000081d00000, 0x0000000081e00000, 0x0000000081e00000|100%|HS|  |TAMS 0x0000000081e00000, 0x0000000081e00000| Complete 
|   2|0x0000000081e00000, 0x0000000081f00000, 0x0000000081f00000|100%| O|  |TAMS 0x0000000081f00000, 0x0000000081f00000| Untracked 
|   3|0x0000000081f00000, 0x0000000082000000, 0x0000000082000000|100%| O|  |TAMS 0x0000000082000000, 0x0000000082000000| Untracked 
|   4|0x0000000082000000, 0x0000000082100000, 0x0000000082100000|100%| O|  |TAMS 0x0000000082100000, 0x0000000082100000| Untracked 
|   5|0x0000000082100000, 0x0000000082200000, 0x0000000082200000|100%| O|  |TAMS 0x0000000082200000, 0x0000000082200000| Untracked 
|   6|0x0000000082200000, 0x0000000082300000, 0x0000000082300000|100%| O|  |TAMS 0x0000000082300000, 0x0000000082300000| Untracked 
|   7|0x0000000082300000, 0x0000000082400000, 0x0000000082400000|100%| O|  |TAMS 0x0000000082400000, 0x0000000082400000| Untracked 
|   8|0x0000000082400000, 0x0000000082500000, 0x0000000082500000|100%| O|  |TAMS 0x0000000082500000, 0x0000000082500000| Untracked 
|   9|0x0000000082500000, 0x0000000082600000, 0x0000000082600000|100%| O|  |TAMS 0x0000000082600000, 0x0000000082600000| Untracked 
|  10|0x0000000082600000, 0x0000000082700000, 0x0000000082700000|100%| O|  |TAMS 0x0000000082700000, 0x0000000082700000| Untracked 
|  11|0x0000000082700000, 0x0000000082800000, 0x0000000082800000|100%| O|  |TAMS 0x0000000082800000, 0x0000000082800000| Untracked 
|  12|0x0000000082800000, 0x0000000082900000, 0x0000000082900000|100%| O|  |TAMS 0x0000000082900000, 0x0000000082900000| Untracked 
|  13|0x0000000082900000, 0x0000000082a00000, 0x0000000082a00000|100%| O|  |TAMS 0x0000000082a00000, 0x0000000082a00000| Untracked 
|  14|0x0000000082a00000, 0x0000000082a9fa00, 0x0000000082b00000| 62%| O|  |TAMS 0x0000000082a9fa00, 0x0000000082a9fa00| Untracked 
|  15|0x0000000082b00000, 0x0000000082c00000, 0x0000000082c00000|100%| O|  |TAMS 0x0000000082c00000, 0x0000000082c00000| Untracked 
|  16|0x0000000082c00000, 0x0000000082d00000, 0x0000000082d00000|100%| O|  |TAMS 0x0000000082d00000, 0x0000000082d00000| Untracked 
|  17|0x0000000082d00000, 0x0000000082e00000, 0x0000000082e00000|100%| O|  |TAMS 0x0000000082e00000, 0x0000000082e00000| Untracked 
|  18|0x0000000082e00000, 0x0000000082f00000, 0x0000000082f00000|100%| O|  |TAMS 0x0000000082f00000, 0x0000000082f00000| Untracked 
|  19|0x0000000082f00000, 0x0000000083000000, 0x0000000083000000|100%| O|  |TAMS 0x0000000083000000, 0x0000000083000000| Untracked 
|  20|0x0000000083000000, 0x0000000083100000, 0x0000000083100000|100%| O|  |TAMS 0x0000000083100000, 0x0000000083100000| Untracked 
|  21|0x0000000083100000, 0x0000000083200000, 0x0000000083200000|100%| O|  |TAMS 0x0000000083200000, 0x0000000083200000| Untracked 
|  22|0x0000000083200000, 0x0000000083300000, 0x0000000083300000|100%| O|  |TAMS 0x0000000083300000, 0x0000000083300000| Untracked 
|  23|0x0000000083300000, 0x0000000083400000, 0x0000000083400000|100%| O|  |TAMS 0x0000000083400000, 0x0000000083400000| Untracked 
|  24|0x0000000083400000, 0x0000000083500000, 0x0000000083500000|100%| O|  |TAMS 0x0000000083500000, 0x0000000083500000| Untracked 
|  25|0x0000000083500000, 0x0000000083600000, 0x0000000083600000|100%| O|  |TAMS 0x0000000083600000, 0x0000000083600000| Untracked 
|  26|0x0000000083600000, 0x0000000083700000, 0x0000000083700000|100%| O|  |TAMS 0x0000000083700000, 0x0000000083700000| Untracked 
|  27|0x0000000083700000, 0x0000000083800000, 0x0000000083800000|100%| O|  |TAMS 0x0000000083800000, 0x0000000083800000| Untracked 
|  28|0x0000000083800000, 0x0000000083900000, 0x0000000083900000|100%| O|  |TAMS 0x0000000083900000, 0x0000000083900000| Untracked 
|  29|0x0000000083900000, 0x0000000083a00000, 0x0000000083a00000|100%| O|  |TAMS 0x0000000083a00000, 0x0000000083a00000| Untracked 
|  30|0x0000000083a00000, 0x0000000083b00000, 0x0000000083b00000|100%| O|  |TAMS 0x0000000083aa8600, 0x0000000083b00000| Untracked 
|  31|0x0000000083b00000, 0x0000000083c00000, 0x0000000083c00000|100%| O|  |TAMS 0x0000000083b00000, 0x0000000083c00000| Untracked 
|  32|0x0000000083c00000, 0x0000000083d00000, 0x0000000083d00000|100%| O|  |TAMS 0x0000000083c00000, 0x0000000083d00000| Untracked 
|  33|0x0000000083d00000, 0x0000000083e00000, 0x0000000083e00000|100%| O|  |TAMS 0x0000000083d00000, 0x0000000083e00000| Untracked 
|  34|0x0000000083e00000, 0x0000000083f00000, 0x0000000083f00000|100%| O|  |TAMS 0x0000000083e00000, 0x0000000083f00000| Untracked 
|  35|0x0000000083f00000, 0x0000000084000000, 0x0000000084000000|100%| O|  |TAMS 0x0000000083f00000, 0x0000000084000000| Untracked 
|  36|0x0000000084000000, 0x0000000084100000, 0x0000000084100000|100%| O|  |TAMS 0x0000000084000000, 0x0000000084100000| Untracked 
|  37|0x0000000084100000, 0x0000000084200000, 0x0000000084200000|100%| O|  |TAMS 0x0000000084100000, 0x0000000084200000| Untracked 
|  38|0x0000000084200000, 0x0000000084300000, 0x0000000084300000|100%| O|  |TAMS 0x0000000084200000, 0x0000000084300000| Untracked 
|  39|0x0000000084300000, 0x0000000084400000, 0x0000000084400000|100%| O|  |TAMS 0x0000000084300000, 0x0000000084400000| Untracked 
|  40|0x0000000084400000, 0x0000000084500000, 0x0000000084500000|100%| O|  |TAMS 0x0000000084400000, 0x0000000084500000| Untracked 
|  41|0x0000000084500000, 0x0000000084600000, 0x0000000084600000|100%| O|  |TAMS 0x0000000084500000, 0x0000000084600000| Untracked 
|  42|0x0000000084600000, 0x0000000084700000, 0x0000000084700000|100%| O|  |TAMS 0x0000000084600000, 0x0000000084700000| Untracked 
|  43|0x0000000084700000, 0x0000000084800000, 0x0000000084800000|100%| O|  |TAMS 0x0000000084700000, 0x0000000084800000| Untracked 
|  44|0x0000000084800000, 0x0000000084900000, 0x0000000084900000|100%| O|  |TAMS 0x0000000084800000, 0x0000000084900000| Untracked 
|  45|0x0000000084900000, 0x0000000084a00000, 0x0000000084a00000|100%| O|  |TAMS 0x0000000084900000, 0x0000000084a00000| Untracked 
|  46|0x0000000084a00000, 0x0000000084b00000, 0x0000000084b00000|100%| O|  |TAMS 0x0000000084a00000, 0x0000000084b00000| Untracked 
|  47|0x0000000084b00000, 0x0000000084c00000, 0x0000000084c00000|100%| O|  |TAMS 0x0000000084b00000, 0x0000000084c00000| Untracked 
|  48|0x0000000084c00000, 0x0000000084d00000, 0x0000000084d00000|100%| O|  |TAMS 0x0000000084c00000, 0x0000000084d00000| Untracked 
|  49|0x0000000084d00000, 0x0000000084e00000, 0x0000000084e00000|100%| O|  |TAMS 0x0000000084d00000, 0x0000000084e00000| Untracked 
|  50|0x0000000084e00000, 0x0000000084f00000, 0x0000000084f00000|100%| O|  |TAMS 0x0000000084e00000, 0x0000000084f00000| Untracked 
|  51|0x0000000084f00000, 0x0000000085000000, 0x0000000085000000|100%| O|  |TAMS 0x0000000084f00000, 0x0000000085000000| Untracked 
|  52|0x0000000085000000, 0x0000000085100000, 0x0000000085100000|100%| O|  |TAMS 0x0000000085000000, 0x000000008502a600| Untracked 
|  53|0x0000000085100000, 0x0000000085200000, 0x0000000085200000|100%| O|  |TAMS 0x0000000085100000, 0x0000000085100000| Untracked 
|  54|0x0000000085200000, 0x0000000085300000, 0x0000000085300000|100%| O|  |TAMS 0x0000000085200000, 0x0000000085300000| Untracked 
|  55|0x0000000085300000, 0x0000000085400000, 0x0000000085400000|100%| O|  |TAMS 0x0000000085300000, 0x0000000085400000| Untracked 
|  56|0x0000000085400000, 0x0000000085500000, 0x0000000085500000|100%| O|  |TAMS 0x0000000085400000, 0x0000000085400000| Untracked 
|  57|0x0000000085500000, 0x0000000085552e00, 0x0000000085600000| 32%| O|  |TAMS 0x0000000085500000, 0x0000000085500000| Untracked 
|  58|0x0000000085600000, 0x0000000085600000, 0x0000000085700000|  0%| F|  |TAMS 0x0000000085600000, 0x0000000085600000| Untracked 
|  59|0x0000000085700000, 0x0000000085700000, 0x0000000085800000|  0%| F|  |TAMS 0x0000000085700000, 0x0000000085700000| Untracked 
|  60|0x0000000085800000, 0x0000000085800000, 0x0000000085900000|  0%| F|  |TAMS 0x0000000085800000, 0x0000000085800000| Untracked 
|  61|0x0000000085900000, 0x0000000085900000, 0x0000000085a00000|  0%| F|  |TAMS 0x0000000085900000, 0x0000000085900000| Untracked 
|  62|0x0000000085a00000, 0x0000000085a00000, 0x0000000085b00000|  0%| F|  |TAMS 0x0000000085a00000, 0x0000000085a00000| Untracked 
|  63|0x0000000085b00000, 0x0000000085b00000, 0x0000000085c00000|  0%| F|  |TAMS 0x0000000085b00000, 0x0000000085b00000| Untracked 
|  64|0x0000000085c00000, 0x0000000085c00000, 0x0000000085d00000|  0%| F|  |TAMS 0x0000000085c00000, 0x0000000085c00000| Untracked 
|  65|0x0000000085d00000, 0x0000000085d00000, 0x0000000085e00000|  0%| F|  |TAMS 0x0000000085d00000, 0x0000000085d00000| Untracked 
|  66|0x0000000085e00000, 0x0000000085e00000, 0x0000000085f00000|  0%| F|  |TAMS 0x0000000085e00000, 0x0000000085e00000| Untracked 
|  67|0x0000000085f00000, 0x0000000085f00000, 0x0000000086000000|  0%| F|  |TAMS 0x0000000085f00000, 0x0000000085f00000| Untracked 
|  68|0x0000000086000000, 0x0000000086000000, 0x0000000086100000|  0%| F|  |TAMS 0x0000000086000000, 0x0000000086000000| Untracked 
|  69|0x0000000086100000, 0x0000000086100000, 0x0000000086200000|  0%| F|  |TAMS 0x0000000086100000, 0x0000000086100000| Untracked 
|  70|0x0000000086200000, 0x0000000086200000, 0x0000000086300000|  0%| F|  |TAMS 0x0000000086200000, 0x0000000086200000| Untracked 
|  71|0x0000000086300000, 0x0000000086300000, 0x0000000086400000|  0%| F|  |TAMS 0x0000000086300000, 0x0000000086300000| Untracked 
|  72|0x0000000086400000, 0x0000000086400000, 0x0000000086500000|  0%| F|  |TAMS 0x0000000086400000, 0x0000000086400000| Untracked 
|  73|0x0000000086500000, 0x0000000086500000, 0x0000000086600000|  0%| F|  |TAMS 0x0000000086500000, 0x0000000086500000| Untracked 
|  74|0x0000000086600000, 0x0000000086600000, 0x0000000086700000|  0%| F|  |TAMS 0x0000000086600000, 0x0000000086600000| Untracked 
|  75|0x0000000086700000, 0x0000000086700000, 0x0000000086800000|  0%| F|  |TAMS 0x0000000086700000, 0x0000000086700000| Untracked 
|  76|0x0000000086800000, 0x0000000086800000, 0x0000000086900000|  0%| F|  |TAMS 0x0000000086800000, 0x0000000086800000| Untracked 
|  77|0x0000000086900000, 0x0000000086900000, 0x0000000086a00000|  0%| F|  |TAMS 0x0000000086900000, 0x0000000086900000| Untracked 
|  78|0x0000000086a00000, 0x0000000086a00000, 0x0000000086b00000|  0%| F|  |TAMS 0x0000000086a00000, 0x0000000086a00000| Untracked 
|  79|0x0000000086b00000, 0x0000000086b00000, 0x0000000086c00000|  0%| F|  |TAMS 0x0000000086b00000, 0x0000000086b00000| Untracked 
|  80|0x0000000086c00000, 0x0000000086c00000, 0x0000000086d00000|  0%| F|  |TAMS 0x0000000086c00000, 0x0000000086c00000| Untracked 
|  81|0x0000000086d00000, 0x0000000086d00000, 0x0000000086e00000|  0%| F|  |TAMS 0x0000000086d00000, 0x0000000086d00000| Untracked 
|  82|0x0000000086e00000, 0x0000000086e00000, 0x0000000086f00000|  0%| F|  |TAMS 0x0000000086e00000, 0x0000000086e00000| Untracked 
|  83|0x0000000086f00000, 0x0000000086f00000, 0x0000000087000000|  0%| F|  |TAMS 0x0000000086f00000, 0x0000000086f00000| Untracked 
|  84|0x0000000087000000, 0x0000000087000000, 0x0000000087100000|  0%| F|  |TAMS 0x0000000087000000, 0x0000000087000000| Untracked 
|  85|0x0000000087100000, 0x0000000087100000, 0x0000000087200000|  0%| F|  |TAMS 0x0000000087100000, 0x0000000087100000| Untracked 
|  86|0x0000000087200000, 0x0000000087200000, 0x0000000087300000|  0%| F|  |TAMS 0x0000000087200000, 0x0000000087200000| Untracked 
|  87|0x0000000087300000, 0x0000000087300000, 0x0000000087400000|  0%| F|  |TAMS 0x0000000087300000, 0x0000000087300000| Untracked 
|  88|0x0000000087400000, 0x0000000087400000, 0x0000000087500000|  0%| F|  |TAMS 0x0000000087400000, 0x0000000087400000| Untracked 
|  89|0x0000000087500000, 0x0000000087500000, 0x0000000087600000|  0%| F|  |TAMS 0x0000000087500000, 0x0000000087500000| Untracked 
|  90|0x0000000087600000, 0x0000000087600000, 0x0000000087700000|  0%| F|  |TAMS 0x0000000087600000, 0x0000000087600000| Untracked 
|  91|0x0000000087700000, 0x0000000087700000, 0x0000000087800000|  0%| F|  |TAMS 0x0000000087700000, 0x0000000087700000| Untracked 
|  92|0x0000000087800000, 0x0000000087800000, 0x0000000087900000|  0%| F|  |TAMS 0x0000000087800000, 0x0000000087800000| Untracked 
|  93|0x0000000087900000, 0x0000000087900000, 0x0000000087a00000|  0%| F|  |TAMS 0x0000000087900000, 0x0000000087900000| Untracked 
|  94|0x0000000087a00000, 0x0000000087a00000, 0x0000000087b00000|  0%| F|  |TAMS 0x0000000087a00000, 0x0000000087a00000| Untracked 
|  95|0x0000000087b00000, 0x0000000087b00000, 0x0000000087c00000|  0%| F|  |TAMS 0x0000000087b00000, 0x0000000087b00000| Untracked 
|  96|0x0000000087c00000, 0x0000000087c00000, 0x0000000087d00000|  0%| F|  |TAMS 0x0000000087c00000, 0x0000000087c00000| Untracked 
|  97|0x0000000087d00000, 0x0000000087e00000, 0x0000000087e00000|100%| S|CS|TAMS 0x0000000087d00000, 0x0000000087d00000| Complete 
|  98|0x0000000087e00000, 0x0000000087f00000, 0x0000000087f00000|100%| S|CS|TAMS 0x0000000087e00000, 0x0000000087e00000| Complete 
|  99|0x0000000087f00000, 0x0000000088000000, 0x0000000088000000|100%| S|CS|TAMS 0x0000000087f00000, 0x0000000087f00000| Complete 
| 100|0x0000000088000000, 0x0000000088100000, 0x0000000088100000|100%| S|CS|TAMS 0x0000000088000000, 0x0000000088000000| Complete 
| 101|0x0000000088100000, 0x0000000088200000, 0x0000000088200000|100%| S|CS|TAMS 0x0000000088100000, 0x0000000088100000| Complete 
| 102|0x0000000088200000, 0x0000000088300000, 0x0000000088300000|100%| S|CS|TAMS 0x0000000088200000, 0x0000000088200000| Complete 
| 103|0x0000000088300000, 0x0000000088400000, 0x0000000088400000|100%| S|CS|TAMS 0x0000000088300000, 0x0000000088300000| Complete 
| 104|0x0000000088400000, 0x0000000088500000, 0x0000000088500000|100%| S|CS|TAMS 0x0000000088400000, 0x0000000088400000| Complete 
| 105|0x0000000088500000, 0x0000000088500000, 0x0000000088600000|  0%| F|  |TAMS 0x0000000088500000, 0x0000000088500000| Untracked 
| 106|0x0000000088600000, 0x0000000088600000, 0x0000000088700000|  0%| F|  |TAMS 0x0000000088600000, 0x0000000088600000| Untracked 
| 107|0x0000000088700000, 0x0000000088700000, 0x0000000088800000|  0%| F|  |TAMS 0x0000000088700000, 0x0000000088700000| Untracked 
| 108|0x0000000088800000, 0x0000000088800000, 0x0000000088900000|  0%| F|  |TAMS 0x0000000088800000, 0x0000000088800000| Untracked 
| 109|0x0000000088900000, 0x0000000088900000, 0x0000000088a00000|  0%| F|  |TAMS 0x0000000088900000, 0x0000000088900000| Untracked 
| 110|0x0000000088a00000, 0x0000000088a00000, 0x0000000088b00000|  0%| F|  |TAMS 0x0000000088a00000, 0x0000000088a00000| Untracked 
| 111|0x0000000088b00000, 0x0000000088b00000, 0x0000000088c00000|  0%| F|  |TAMS 0x0000000088b00000, 0x0000000088b00000| Untracked 
| 112|0x0000000088c00000, 0x0000000088c00000, 0x0000000088d00000|  0%| F|  |TAMS 0x0000000088c00000, 0x0000000088c00000| Untracked 
| 113|0x0000000088d00000, 0x0000000088d00000, 0x0000000088e00000|  0%| F|  |TAMS 0x0000000088d00000, 0x0000000088d00000| Untracked 
| 114|0x0000000088e00000, 0x0000000088e00000, 0x0000000088f00000|  0%| F|  |TAMS 0x0000000088e00000, 0x0000000088e00000| Untracked 
| 115|0x0000000088f00000, 0x0000000088f00000, 0x0000000089000000|  0%| F|  |TAMS 0x0000000088f00000, 0x0000000088f00000| Untracked 
| 116|0x0000000089000000, 0x0000000089000000, 0x0000000089100000|  0%| F|  |TAMS 0x0000000089000000, 0x0000000089000000| Untracked 
| 117|0x0000000089100000, 0x0000000089100000, 0x0000000089200000|  0%| F|  |TAMS 0x0000000089100000, 0x0000000089100000| Untracked 
| 118|0x0000000089200000, 0x0000000089200000, 0x0000000089300000|  0%| F|  |TAMS 0x0000000089200000, 0x0000000089200000| Untracked 
| 119|0x0000000089300000, 0x0000000089300000, 0x0000000089400000|  0%| F|  |TAMS 0x0000000089300000, 0x0000000089300000| Untracked 
| 120|0x0000000089400000, 0x0000000089400000, 0x0000000089500000|  0%| F|  |TAMS 0x0000000089400000, 0x0000000089400000| Untracked 
| 121|0x0000000089500000, 0x0000000089500000, 0x0000000089600000|  0%| F|  |TAMS 0x0000000089500000, 0x0000000089500000| Untracked 
| 122|0x0000000089600000, 0x0000000089600000, 0x0000000089700000|  0%| F|  |TAMS 0x0000000089600000, 0x0000000089600000| Untracked 
| 123|0x0000000089700000, 0x0000000089700000, 0x0000000089800000|  0%| F|  |TAMS 0x0000000089700000, 0x0000000089700000| Untracked 
| 124|0x0000000089800000, 0x0000000089800000, 0x0000000089900000|  0%| F|  |TAMS 0x0000000089800000, 0x0000000089800000| Untracked 
| 125|0x0000000089900000, 0x0000000089900000, 0x0000000089a00000|  0%| F|  |TAMS 0x0000000089900000, 0x0000000089900000| Untracked 
| 126|0x0000000089a00000, 0x0000000089a00000, 0x0000000089b00000|  0%| F|  |TAMS 0x0000000089a00000, 0x0000000089a00000| Untracked 
| 127|0x0000000089b00000, 0x0000000089b00000, 0x0000000089c00000|  0%| F|  |TAMS 0x0000000089b00000, 0x0000000089b00000| Untracked 
| 128|0x0000000089c00000, 0x0000000089c00000, 0x0000000089d00000|  0%| F|  |TAMS 0x0000000089c00000, 0x0000000089c00000| Untracked 
| 129|0x0000000089d00000, 0x0000000089d00000, 0x0000000089e00000|  0%| F|  |TAMS 0x0000000089d00000, 0x0000000089d00000| Untracked 
| 130|0x0000000089e00000, 0x0000000089e00000, 0x0000000089f00000|  0%| F|  |TAMS 0x0000000089e00000, 0x0000000089e00000| Untracked 
| 131|0x0000000089f00000, 0x0000000089f00000, 0x000000008a000000|  0%| F|  |TAMS 0x0000000089f00000, 0x0000000089f00000| Untracked 
| 132|0x000000008a000000, 0x000000008a000000, 0x000000008a100000|  0%| F|  |TAMS 0x000000008a000000, 0x000000008a000000| Untracked 
| 133|0x000000008a100000, 0x000000008a100000, 0x000000008a200000|  0%| F|  |TAMS 0x000000008a100000, 0x000000008a100000| Untracked 
| 134|0x000000008a200000, 0x000000008a200000, 0x000000008a300000|  0%| F|  |TAMS 0x000000008a200000, 0x000000008a200000| Untracked 
| 135|0x000000008a300000, 0x000000008a300000, 0x000000008a400000|  0%| F|  |TAMS 0x000000008a300000, 0x000000008a300000| Untracked 
| 136|0x000000008a400000, 0x000000008a400000, 0x000000008a500000|  0%| F|  |TAMS 0x000000008a400000, 0x000000008a400000| Untracked 
| 137|0x000000008a500000, 0x000000008a500000, 0x000000008a600000|  0%| F|  |TAMS 0x000000008a500000, 0x000000008a500000| Untracked 
| 138|0x000000008a600000, 0x000000008a600000, 0x000000008a700000|  0%| F|  |TAMS 0x000000008a600000, 0x000000008a600000| Untracked 
| 139|0x000000008a700000, 0x000000008a700000, 0x000000008a800000|  0%| F|  |TAMS 0x000000008a700000, 0x000000008a700000| Untracked 
| 140|0x000000008a800000, 0x000000008a800000, 0x000000008a900000|  0%| F|  |TAMS 0x000000008a800000, 0x000000008a800000| Untracked 
| 141|0x000000008a900000, 0x000000008a900000, 0x000000008aa00000|  0%| F|  |TAMS 0x000000008a900000, 0x000000008a900000| Untracked 
| 142|0x000000008aa00000, 0x000000008aa00000, 0x000000008ab00000|  0%| F|  |TAMS 0x000000008aa00000, 0x000000008aa00000| Untracked 
| 143|0x000000008ab00000, 0x000000008ab00000, 0x000000008ac00000|  0%| F|  |TAMS 0x000000008ab00000, 0x000000008ab00000| Untracked 
| 144|0x000000008ac00000, 0x000000008ac00000, 0x000000008ad00000|  0%| F|  |TAMS 0x000000008ac00000, 0x000000008ac00000| Untracked 
| 145|0x000000008ad00000, 0x000000008ad00000, 0x000000008ae00000|  0%| F|  |TAMS 0x000000008ad00000, 0x000000008ad00000| Untracked 
| 146|0x000000008ae00000, 0x000000008ae00000, 0x000000008af00000|  0%| F|  |TAMS 0x000000008ae00000, 0x000000008ae00000| Untracked 
| 147|0x000000008af00000, 0x000000008af00000, 0x000000008b000000|  0%| F|  |TAMS 0x000000008af00000, 0x000000008af00000| Untracked 
| 148|0x000000008b000000, 0x000000008b000000, 0x000000008b100000|  0%| F|  |TAMS 0x000000008b000000, 0x000000008b000000| Untracked 
| 149|0x000000008b100000, 0x000000008b100000, 0x000000008b200000|  0%| F|  |TAMS 0x000000008b100000, 0x000000008b100000| Untracked 
| 150|0x000000008b200000, 0x000000008b200000, 0x000000008b300000|  0%| F|  |TAMS 0x000000008b200000, 0x000000008b200000| Untracked 
| 151|0x000000008b300000, 0x000000008b300000, 0x000000008b400000|  0%| F|  |TAMS 0x000000008b300000, 0x000000008b300000| Untracked 
| 152|0x000000008b400000, 0x000000008b400000, 0x000000008b500000|  0%| F|  |TAMS 0x000000008b400000, 0x000000008b400000| Untracked 
| 153|0x000000008b500000, 0x000000008b580800, 0x000000008b600000| 50%| E|  |TAMS 0x000000008b500000, 0x000000008b500000| Complete 
| 154|0x000000008b600000, 0x000000008b700000, 0x000000008b700000|100%| E|CS|TAMS 0x000000008b600000, 0x000000008b600000| Complete 
| 155|0x000000008b700000, 0x000000008b800000, 0x000000008b800000|100%| E|CS|TAMS 0x000000008b700000, 0x000000008b700000| Complete 
| 156|0x000000008b800000, 0x000000008b900000, 0x000000008b900000|100%| E|CS|TAMS 0x000000008b800000, 0x000000008b800000| Complete 
| 157|0x000000008b900000, 0x000000008ba00000, 0x000000008ba00000|100%| E|CS|TAMS 0x000000008b900000, 0x000000008b900000| Complete 
| 158|0x000000008ba00000, 0x000000008bb00000, 0x000000008bb00000|100%| E|CS|TAMS 0x000000008ba00000, 0x000000008ba00000| Complete 
| 159|0x000000008bb00000, 0x000000008bc00000, 0x000000008bc00000|100%| E|CS|TAMS 0x000000008bb00000, 0x000000008bb00000| Complete 
| 160|0x000000008bc00000, 0x000000008bd00000, 0x000000008bd00000|100%| E|CS|TAMS 0x000000008bc00000, 0x000000008bc00000| Complete 
| 161|0x000000008bd00000, 0x000000008be00000, 0x000000008be00000|100%| E|CS|TAMS 0x000000008bd00000, 0x000000008bd00000| Complete 
| 162|0x000000008be00000, 0x000000008bf00000, 0x000000008bf00000|100%| E|CS|TAMS 0x000000008be00000, 0x000000008be00000| Complete 
| 163|0x000000008bf00000, 0x000000008c000000, 0x000000008c000000|100%| E|CS|TAMS 0x000000008bf00000, 0x000000008bf00000| Complete 
| 164|0x000000008c000000, 0x000000008c100000, 0x000000008c100000|100%| E|CS|TAMS 0x000000008c000000, 0x000000008c000000| Complete 
| 165|0x000000008c100000, 0x000000008c200000, 0x000000008c200000|100%| E|CS|TAMS 0x000000008c100000, 0x000000008c100000| Complete 
| 166|0x000000008c200000, 0x000000008c300000, 0x000000008c300000|100%| E|CS|TAMS 0x000000008c200000, 0x000000008c200000| Complete 
| 167|0x000000008c300000, 0x000000008c400000, 0x000000008c400000|100%| E|CS|TAMS 0x000000008c300000, 0x000000008c300000| Complete 
| 168|0x000000008c400000, 0x000000008c500000, 0x000000008c500000|100%| E|CS|TAMS 0x000000008c400000, 0x000000008c400000| Complete 
| 169|0x000000008c500000, 0x000000008c600000, 0x000000008c600000|100%| E|CS|TAMS 0x000000008c500000, 0x000000008c500000| Complete 
| 170|0x000000008c600000, 0x000000008c700000, 0x000000008c700000|100%| E|CS|TAMS 0x000000008c600000, 0x000000008c600000| Complete 
| 171|0x000000008c700000, 0x000000008c800000, 0x000000008c800000|100%| E|CS|TAMS 0x000000008c700000, 0x000000008c700000| Complete 
| 172|0x000000008c800000, 0x000000008c900000, 0x000000008c900000|100%| E|CS|TAMS 0x000000008c800000, 0x000000008c800000| Complete 
| 173|0x000000008c900000, 0x000000008ca00000, 0x000000008ca00000|100%| E|CS|TAMS 0x000000008c900000, 0x000000008c900000| Complete 
| 174|0x000000008ca00000, 0x000000008cb00000, 0x000000008cb00000|100%| E|CS|TAMS 0x000000008ca00000, 0x000000008ca00000| Complete 
| 175|0x000000008cb00000, 0x000000008cc00000, 0x000000008cc00000|100%| E|CS|TAMS 0x000000008cb00000, 0x000000008cb00000| Complete 
| 176|0x000000008cc00000, 0x000000008cd00000, 0x000000008cd00000|100%| E|CS|TAMS 0x000000008cc00000, 0x000000008cc00000| Complete 

Card table byte_map: [0x00000219dd4e0000,0x00000219dd8e0000] _byte_map_base: 0x00000219dd0d2000

Marking Bits (Prev, Next): (CMBitMap*) 0x00000219d28eb720, (CMBitMap*) 0x00000219d28eb760
 Prev Bits: [0x00000219ddce0000, 0x00000219dfc70000)
 Next Bits: [0x00000219dfc70000, 0x00000219e1c00000)

Polling page: 0x00000219d07e0000

Metaspace:

Usage:
  Non-class:     50.82 MB used.
      Class:      8.21 MB used.
       Both:     59.03 MB used.

Virtual space:
  Non-class space:       56.00 MB reserved,      51.06 MB ( 91%) committed,  7 nodes.
      Class space:        1.00 GB reserved,       8.44 MB ( <1%) committed,  1 nodes.
             Both:        1.05 GB reserved,      59.50 MB (  6%) committed. 

Chunk freelists:
   Non-Class:  112.00 KB
       Class:  3.59 MB
        Both:  3.70 MB

MaxMetaspaceSize: unlimited
CompressedClassSpaceSize: 1.00 GB
Initial GC threshold: 21.00 MB
Current GC threshold: 59.69 MB
CDS: on
MetaspaceReclaimPolicy: balanced
 - commit_granule_bytes: 65536.
 - commit_granule_words: 8192.
 - virtual_space_node_default_size: 1048576.
 - enlarge_chunks_in_place: 1.
 - new_chunks_are_fully_committed: 0.
 - uncommit_free_chunks: 1.
 - use_allocation_guard: 0.
 - handle_deallocations: 1.


Internal statistics:

num_allocs_failed_limit: 9.
num_arena_births: 588.
num_arena_deaths: 0.
num_vsnodes_births: 8.
num_vsnodes_deaths: 0.
num_space_committed: 952.
num_space_uncommitted: 0.
num_chunks_returned_to_freelist: 9.
num_chunks_taken_from_freelist: 2798.
num_chunk_merges: 9.
num_chunk_splits: 1954.
num_chunks_enlarged: 1478.
num_purges: 0.
num_inconsistent_stats: 0.

CodeCache: size=49152Kb used=14357Kb max_used=14357Kb free=34795Kb
 bounds [0x00000219da0e0000, 0x00000219daef0000, 0x00000219dd0e0000]
 total_blobs=7336 nmethods=6729 adapters=531
 compilation: enabled
              stopped_count=0, restarted_count=0
 full_count=0

Compilation events (20 events):
Event: 28.870 Thread 0x00000219ea878790 nmethod 6866 0x00000219daee2c90 code [0x00000219daee2e20, 0x00000219daee2f38]
Event: 28.870 Thread 0x00000219ee0e0110 nmethod 6867 0x00000219daee3010 code [0x00000219daee31a0, 0x00000219daee32f8]
Event: 28.870 Thread 0x00000219e3e89470 nmethod 6868 0x00000219daee3410 code [0x00000219daee35a0, 0x00000219daee36d8]
Event: 28.870 Thread 0x00000219ee0e0110 6869       1       net.bytebuddy.description.method.ParameterDescription$InDefinedShape$AbstractBase::<init> (5 bytes)
Event: 28.870 Thread 0x00000219ea878790 6870       1       net.bytebuddy.implementation.bytecode.member.FieldAccess$AccessDispatcher::access$000 (5 bytes)
Event: 28.870 Thread 0x00000219ee0e0110 nmethod 6869 0x00000219daee3790 code [0x00000219daee3920, 0x00000219daee39d8]
Event: 28.870 Thread 0x00000219ea878790 nmethod 6870 0x00000219daee3a90 code [0x00000219daee3c20, 0x00000219daee3cd8]
Event: 28.870 Thread 0x00000219e3e89470 6871       1       net.bytebuddy.description.type.TypeDescription$Generic$AbstractBase::asGenericType (2 bytes)
Event: 28.870 Thread 0x00000219e3e89470 nmethod 6871 0x00000219daee3d90 code [0x00000219daee3f20, 0x00000219daee3ff8]
Event: 28.870 Thread 0x00000219ea878790 6872       1       net.bytebuddy.description.type.TypeDescription$ForLoadedType::isArray (8 bytes)
Event: 28.871 Thread 0x00000219ea878790 nmethod 6872 0x00000219daee4090 code [0x00000219daee4220, 0x00000219daee4308]
Event: 28.871 Thread 0x00000219ea878790 6873       1       net.bytebuddy.description.type.TypeList$AbstractBase::<init> (5 bytes)
Event: 28.871 Thread 0x00000219ea878790 nmethod 6873 0x00000219daee4410 code [0x00000219daee45a0, 0x00000219daee4678]
Event: 28.873 Thread 0x00000219e3e89470 6874       1       net.bytebuddy.jar.asm.SymbolTable::hash (10 bytes)
Event: 28.873 Thread 0x00000219e3e89470 nmethod 6874 0x00000219daee4710 code [0x00000219daee48a0, 0x00000219daee4988]
Event: 28.913 Thread 0x00000219e3e89470 6875       1       net.bytebuddy.description.method.MethodDescription$AbstractBase::<init> (5 bytes)
Event: 28.914 Thread 0x00000219ee0e0110 6876       1       net.bytebuddy.description.type.TypeList$Explicit::<init> (10 bytes)
Event: 28.914 Thread 0x00000219e3e89470 nmethod 6875 0x00000219daee4d90 code [0x00000219daee4f20, 0x00000219daee4fd8]
Event: 28.914 Thread 0x00000219ea878790 6877       1       net.bytebuddy.dynamic.scaffold.MethodGraph$Compiler$Default$Key$Store$Entry$Initial::extendBy (33 bytes)
Event: 28.914 Thread 0x00000219ee0e0110 nmethod 6876 0x00000219daee5090 code [0x00000219daee5220, 0x00000219daee5338]

GC Heap History (20 events):
Event: 18.003 GC heap before
{Heap before GC invocations=29 (full 0):
 garbage-first heap   total 150528K, used 126380K [0x0000000081c00000, 0x0000000100000000)
  region size 1024K, 73 young (74752K), 4 survivors (4096K)
 Metaspace       used 48169K, committed 48576K, reserved 1097728K
  class space    used 6583K, committed 6784K, reserved 1048576K
}
Event: 18.009 GC heap after
{Heap after GC invocations=30 (full 0):
 garbage-first heap   total 150528K, used 56636K [0x0000000081c00000, 0x0000000100000000)
  region size 1024K, 5 young (5120K), 5 survivors (5120K)
 Metaspace       used 48169K, committed 48576K, reserved 1097728K
  class space    used 6583K, committed 6784K, reserved 1048576K
}
Event: 18.689 GC heap before
{Heap before GC invocations=30 (full 0):
 garbage-first heap   total 150528K, used 127292K [0x0000000081c00000, 0x0000000100000000)
  region size 1024K, 74 young (75776K), 5 survivors (5120K)
 Metaspace       used 48183K, committed 48640K, reserved 1097728K
  class space    used 6588K, committed 6784K, reserved 1048576K
}
Event: 18.696 GC heap after
{Heap after GC invocations=31 (full 0):
 garbage-first heap   total 150528K, used 57972K [0x0000000081c00000, 0x0000000100000000)
  region size 1024K, 6 young (6144K), 6 survivors (6144K)
 Metaspace       used 48183K, committed 48640K, reserved 1097728K
  class space    used 6588K, committed 6784K, reserved 1048576K
}
Event: 19.279 GC heap before
{Heap before GC invocations=31 (full 0):
 garbage-first heap   total 150528K, used 130676K [0x0000000081c00000, 0x0000000100000000)
  region size 1024K, 75 young (76800K), 6 survivors (6144K)
 Metaspace       used 48183K, committed 48640K, reserved 1097728K
  class space    used 6588K, committed 6784K, reserved 1048576K
}
Event: 19.286 GC heap after
{Heap after GC invocations=32 (full 0):
 garbage-first heap   total 150528K, used 58918K [0x0000000081c00000, 0x0000000100000000)
  region size 1024K, 6 young (6144K), 6 survivors (6144K)
 Metaspace       used 48183K, committed 48640K, reserved 1097728K
  class space    used 6588K, committed 6784K, reserved 1048576K
}
Event: 19.783 GC heap before
{Heap before GC invocations=32 (full 0):
 garbage-first heap   total 150528K, used 127526K [0x0000000081c00000, 0x0000000100000000)
  region size 1024K, 73 young (74752K), 6 survivors (6144K)
 Metaspace       used 48183K, committed 48640K, reserved 1097728K
  class space    used 6588K, committed 6784K, reserved 1048576K
}
Event: 19.790 GC heap after
{Heap after GC invocations=33 (full 0):
 garbage-first heap   total 150528K, used 59726K [0x0000000081c00000, 0x0000000100000000)
  region size 1024K, 6 young (6144K), 6 survivors (6144K)
 Metaspace       used 48183K, committed 48640K, reserved 1097728K
  class space    used 6588K, committed 6784K, reserved 1048576K
}
Event: 20.192 GC heap before
{Heap before GC invocations=33 (full 0):
 garbage-first heap   total 150528K, used 128334K [0x0000000081c00000, 0x0000000100000000)
  region size 1024K, 73 young (74752K), 6 survivors (6144K)
 Metaspace       used 48183K, committed 48640K, reserved 1097728K
  class space    used 6588K, committed 6784K, reserved 1048576K
}
Event: 20.199 GC heap after
{Heap after GC invocations=34 (full 0):
 garbage-first heap   total 150528K, used 59635K [0x0000000081c00000, 0x0000000100000000)
  region size 1024K, 5 young (5120K), 5 survivors (5120K)
 Metaspace       used 48183K, committed 48640K, reserved 1097728K
  class space    used 6588K, committed 6784K, reserved 1048576K
}
Event: 20.597 GC heap before
{Heap before GC invocations=34 (full 0):
 garbage-first heap   total 150528K, used 138483K [0x0000000081c00000, 0x0000000100000000)
  region size 1024K, 73 young (74752K), 5 survivors (5120K)
 Metaspace       used 48183K, committed 48640K, reserved 1097728K
  class space    used 6588K, committed 6784K, reserved 1048576K
}
Event: 20.604 GC heap after
{Heap after GC invocations=35 (full 0):
 garbage-first heap   total 181248K, used 60387K [0x0000000081c00000, 0x0000000100000000)
  region size 1024K, 6 young (6144K), 6 survivors (6144K)
 Metaspace       used 48183K, committed 48640K, reserved 1097728K
  class space    used 6588K, committed 6784K, reserved 1048576K
}
Event: 21.188 GC heap before
{Heap before GC invocations=35 (full 0):
 garbage-first heap   total 181248K, used 155619K [0x0000000081c00000, 0x0000000100000000)
  region size 1024K, 99 young (101376K), 6 survivors (6144K)
 Metaspace       used 48183K, committed 48640K, reserved 1097728K
  class space    used 6588K, committed 6784K, reserved 1048576K
}
Event: 21.195 GC heap after
{Heap after GC invocations=36 (full 0):
 garbage-first heap   total 181248K, used 61428K [0x0000000081c00000, 0x0000000100000000)
  region size 1024K, 7 young (7168K), 7 survivors (7168K)
 Metaspace       used 48183K, committed 48640K, reserved 1097728K
  class space    used 6588K, committed 6784K, reserved 1048576K
}
Event: 21.780 GC heap before
{Heap before GC invocations=36 (full 0):
 garbage-first heap   total 181248K, used 154612K [0x0000000081c00000, 0x0000000100000000)
  region size 1024K, 98 young (100352K), 7 survivors (7168K)
 Metaspace       used 48191K, committed 48640K, reserved 1097728K
  class space    used 6592K, committed 6784K, reserved 1048576K
}
Event: 21.787 GC heap after
{Heap after GC invocations=37 (full 0):
 garbage-first heap   total 181248K, used 61683K [0x0000000081c00000, 0x0000000100000000)
  region size 1024K, 7 young (7168K), 7 survivors (7168K)
 Metaspace       used 48191K, committed 48640K, reserved 1097728K
  class space    used 6592K, committed 6784K, reserved 1048576K
}
Event: 28.113 GC heap before
{Heap before GC invocations=37 (full 0):
 garbage-first heap   total 181248K, used 154867K [0x0000000081c00000, 0x0000000100000000)
  region size 1024K, 98 young (100352K), 7 survivors (7168K)
 Metaspace       used 55113K, committed 55552K, reserved 1097728K
  class space    used 7603K, committed 7808K, reserved 1048576K
}
Event: 28.123 GC heap after
{Heap after GC invocations=38 (full 0):
 garbage-first heap   total 181248K, used 64632K [0x0000000081c00000, 0x0000000100000000)
  region size 1024K, 10 young (10240K), 10 survivors (10240K)
 Metaspace       used 55113K, committed 55552K, reserved 1097728K
  class space    used 7603K, committed 7808K, reserved 1048576K
}
Event: 28.882 GC heap before
{Heap before GC invocations=38 (full 0):
 garbage-first heap   total 181248K, used 137336K [0x0000000081c00000, 0x0000000100000000)
  region size 1024K, 82 young (83968K), 10 survivors (10240K)
 Metaspace       used 60348K, committed 60800K, reserved 1105920K
  class space    used 8391K, committed 8576K, reserved 1048576K
}
Event: 28.895 GC heap after
{Heap after GC invocations=39 (full 0):
 garbage-first heap   total 181248K, used 66506K [0x0000000081c00000, 0x0000000100000000)
  region size 1024K, 8 young (8192K), 8 survivors (8192K)
 Metaspace       used 60348K, committed 60800K, reserved 1105920K
  class space    used 8391K, committed 8576K, reserved 1048576K
}

Deoptimization events (20 events):
Event: 28.912 Thread 0x00000219e5dc59b0 DEOPT PACKING pc=0x00000219dac2417c sp=0x00000097fcbf91b0
Event: 28.912 Thread 0x00000219e5dc59b0 DEOPT UNPACKING pc=0x00000219da132b43 sp=0x00000097fcbf8718 mode 1
Event: 28.912 Thread 0x00000219e5dc59b0 DEOPT PACKING pc=0x00000219dac2417c sp=0x00000097fcbf91b0
Event: 28.912 Thread 0x00000219e5dc59b0 DEOPT UNPACKING pc=0x00000219da132b43 sp=0x00000097fcbf8718 mode 1
Event: 28.912 Thread 0x00000219e5dc59b0 DEOPT PACKING pc=0x00000219dac2417c sp=0x00000097fcbf91b0
Event: 28.912 Thread 0x00000219e5dc59b0 DEOPT UNPACKING pc=0x00000219da132b43 sp=0x00000097fcbf8718 mode 1
Event: 28.913 Thread 0x00000219e5dc59b0 DEOPT PACKING pc=0x00000219dac2417c sp=0x00000097fcbf91b0
Event: 28.913 Thread 0x00000219e5dc59b0 DEOPT UNPACKING pc=0x00000219da132b43 sp=0x00000097fcbf8718 mode 1
Event: 28.913 Thread 0x00000219e5dc59b0 DEOPT PACKING pc=0x00000219dac2417c sp=0x00000097fcbf91b0
Event: 28.913 Thread 0x00000219e5dc59b0 DEOPT UNPACKING pc=0x00000219da132b43 sp=0x00000097fcbf8718 mode 1
Event: 28.913 Thread 0x00000219e5dc59b0 DEOPT PACKING pc=0x00000219dac2417c sp=0x00000097fcbf91b0
Event: 28.913 Thread 0x00000219e5dc59b0 DEOPT UNPACKING pc=0x00000219da132b43 sp=0x00000097fcbf8718 mode 1
Event: 28.913 Thread 0x00000219e5dc59b0 DEOPT PACKING pc=0x00000219dac2417c sp=0x00000097fcbf91b0
Event: 28.913 Thread 0x00000219e5dc59b0 DEOPT UNPACKING pc=0x00000219da132b43 sp=0x00000097fcbf8718 mode 1
Event: 28.913 Thread 0x00000219e5dc59b0 DEOPT PACKING pc=0x00000219dac2417c sp=0x00000097fcbf91b0
Event: 28.913 Thread 0x00000219e5dc59b0 DEOPT UNPACKING pc=0x00000219da132b43 sp=0x00000097fcbf8718 mode 1
Event: 28.980 Thread 0x00000219e5d15af0 DEOPT PACKING pc=0x00000219da80887c sp=0x00000097fc8fe9c0
Event: 28.980 Thread 0x00000219e5d15af0 DEOPT UNPACKING pc=0x00000219da132b43 sp=0x00000097fc8fde60 mode 1
Event: 28.980 Thread 0x00000219e5d15af0 DEOPT PACKING pc=0x00000219da84ab04 sp=0x00000097fc8fea10
Event: 28.980 Thread 0x00000219e5d15af0 DEOPT UNPACKING pc=0x00000219da132b43 sp=0x00000097fc8fdf00 mode 1

Classes unloaded (0 events):
No events

Classes redefined (0 events):
No events

Internal exceptions (20 events):
Event: 14.869 Thread 0x00000219e5dc59b0 Exception <a 'java/lang/ClassNotFoundException'{0x00000000873202f8}: org/springframework/beans/factory/BeanFactoryAwareCustomizer> (0x00000000873202f8) 
thrown [t:\workspace\open\src\hotspot\share\classfile\systemDictionary.cpp, line 256]
Event: 14.870 Thread 0x00000219e5dc59b0 Exception <a 'java/lang/ClassNotFoundException'{0x0000000087329e20}: org/springframework/beans/factory/AwareCustomizer> (0x0000000087329e20) 
thrown [t:\workspace\open\src\hotspot\share\classfile\systemDictionary.cpp, line 256]
Event: 14.875 Thread 0x00000219e5dc59b0 Exception <a 'java/lang/ClassNotFoundException'{0x000000008734e820}: java/lang/ObjectCustomizer> (0x000000008734e820) 
thrown [t:\workspace\open\src\hotspot\share\classfile\systemDictionary.cpp, line 256]
Event: 14.877 Thread 0x00000219e5dc59b0 Exception <a 'java/lang/ClassNotFoundException'{0x000000008735c180}: com/yuzee/app/processor/MasterDataImportProcessorCustomizer> (0x000000008735c180) 
thrown [t:\workspace\open\src\hotspot\share\classfile\systemDictionary.cpp, line 256]
Event: 14.890 Thread 0x00000219e5dc59b0 Exception <a 'java/lang/ClassNotFoundException'{0x00000000872a8658}: java/lang/ObjectCustomizer> (0x00000000872a8658) 
thrown [t:\workspace\open\src\hotspot\share\classfile\systemDictionary.cpp, line 256]
Event: 14.892 Thread 0x00000219e5dc59b0 Exception <a 'java/lang/ClassNotFoundException'{0x00000000872b6830}: com/yuzee/app/dao/impl/InstituteDaoImplCustomizer> (0x00000000872b6830) 
thrown [t:\workspace\open\src\hotspot\share\classfile\systemDictionary.cpp, line 256]
Event: 14.900 Thread 0x00000219e5dc59b0 Exception <a 'java/lang/ClassNotFoundException'{0x0000000087159ae0}: com/yuzee/app/dao/InstituteDaoCustomizer> (0x0000000087159ae0) 
thrown [t:\workspace\open\src\hotspot\share\classfile\systemDictionary.cpp, line 256]
Event: 14.911 Thread 0x00000219e5dc59b0 Exception <a 'java/lang/ClassNotFoundException'{0x00000000870a47e0}: java/lang/ObjectCustomizer> (0x00000000870a47e0) 
thrown [t:\workspace\open\src\hotspot\share\classfile\systemDictionary.cpp, line 256]
Event: 14.913 Thread 0x00000219e5dc59b0 Exception <a 'java/lang/ClassNotFoundException'{0x00000000870b16d0}: org/springframework/orm/hibernate5/HibernateExceptionTranslatorCustomizer> (0x00000000870b16d0) 
thrown [t:\workspace\open\src\hotspot\share\classfile\systemDictionary.cpp, line 256]
Event: 14.914 Thread 0x00000219e5dc59b0 Exception <a 'java/lang/ClassNotFoundException'{0x00000000870bd7a0}: org/springframework/orm/hibernate5/LocalSessionFactoryBeanCustomizer> (0x00000000870bd7a0) 
thrown [t:\workspace\open\src\hotspot\share\classfile\systemDictionary.cpp, line 256]
Event: 14.917 Thread 0x00000219e5dc59b0 Exception <a 'java/lang/ClassNotFoundException'{0x0000000086f0e310}: org/springframework/beans/factory/FactoryBeanCustomizer> (0x0000000086f0e310) 
thrown [t:\workspace\open\src\hotspot\share\classfile\systemDictionary.cpp, line 256]
Event: 14.919 Thread 0x00000219e5dc59b0 Exception <a 'java/lang/ClassNotFoundException'{0x0000000086f1b858}: org/springframework/context/ResourceLoaderAwareCustomizer> (0x0000000086f1b858) 
thrown [t:\workspace\open\src\hotspot\share\classfile\systemDictionary.cpp, line 256]
Event: 14.920 Thread 0x00000219e5dc59b0 Exception <a 'java/lang/ClassNotFoundException'{0x0000000086f25758}: org/springframework/beans/factory/AwareCustomizer> (0x0000000086f25758) 
thrown [t:\workspace\open\src\hotspot\share\classfile\systemDictionary.cpp, line 256]
Event: 14.921 Thread 0x00000219e5dc59b0 Exception <a 'java/lang/ClassNotFoundException'{0x0000000086f2ebf8}: org/springframework/beans/factory/BeanFactoryAwareCustomizer> (0x0000000086f2ebf8) 
thrown [t:\workspace\open\src\hotspot\share\classfile\systemDictionary.cpp, line 256]
Event: 14.923 Thread 0x00000219e5dc59b0 Exception <a 'java/lang/ClassNotFoundException'{0x0000000086f391c0}: org/springframework/beans/factory/AwareCustomizer> (0x0000000086f391c0) 
thrown [t:\workspace\open\src\hotspot\share\classfile\systemDictionary.cpp, line 256]
Event: 14.924 Thread 0x00000219e5dc59b0 Exception <a 'java/lang/ClassNotFoundException'{0x0000000086f42660}: org/springframework/beans/factory/InitializingBeanCustomizer> (0x0000000086f42660) 
thrown [t:\workspace\open\src\hotspot\share\classfile\systemDictionary.cpp, line 256]
Event: 14.925 Thread 0x00000219e5dc59b0 Exception <a 'java/lang/ClassNotFoundException'{0x0000000086f4c2e0}: org/springframework/beans/factory/DisposableBeanCustomizer> (0x0000000086f4c2e0) 
thrown [t:\workspace\open\src\hotspot\share\classfile\systemDictionary.cpp, line 256]
Event: 14.926 Thread 0x00000219e5dc59b0 Exception <a 'java/lang/ClassNotFoundException'{0x0000000086f564d0}: org/springframework/dao/support/PersistenceExceptionTranslatorCustomizer> (0x0000000086f564d0) 
thrown [t:\workspace\open\src\hotspot\share\classfile\systemDictionary.cpp, line 256]
Event: 15.107 Thread 0x00000219e57d77e0 Exception <a 'java/lang/NoSuchMethodError'{0x00000000887199e0}: 'java.lang.Object java.lang.invoke.DirectMethodHandle$Holder.invokeSpecial(java.lang.Object, java.lang.Object, double, java.lang.Object)'> (0x00000000887199e0) 
thrown [t:\workspace\open\src\hotspot\share\interpreter\linkResolver.cpp, line 766]
Event: 28.275 Thread 0x00000219e5dc59b0 Exception <a 'java/lang/NoSuchMethodError'{0x000000008c184470}: 'java.lang.Object java.lang.invoke.DirectMethodHandle$Holder.newInvokeSpecial(java.lang.Object, java.lang.Object, int, java.lang.Object, java.lang.Object)'> (0x000000008c184470) 
thrown [t:\workspace\open\src\hotspot\share\interpreter\linkResolver.cpp, line 766]

VM Operations (20 events):
Event: 27.979 Executing VM operation: HandshakeAllThreads done
Event: 27.979 Executing VM operation: HandshakeAllThreads
Event: 27.979 Executing VM operation: HandshakeAllThreads done
Event: 27.989 Executing VM operation: HandshakeAllThreads
Event: 27.989 Executing VM operation: HandshakeAllThreads done
Event: 27.989 Executing VM operation: HandshakeAllThreads
Event: 27.989 Executing VM operation: HandshakeAllThreads done
Event: 28.110 Executing VM operation: HandshakeAllThreads
Event: 28.111 Executing VM operation: HandshakeAllThreads done
Event: 28.112 Executing VM operation: G1CollectForAllocation
Event: 28.124 Executing VM operation: G1CollectForAllocation done
Event: 28.146 Executing VM operation: HandshakeAllThreads
Event: 28.146 Executing VM operation: HandshakeAllThreads done
Event: 28.243 Executing VM operation: HandshakeAllThreads
Event: 28.243 Executing VM operation: HandshakeAllThreads done
Event: 28.524 Executing VM operation: ICBufferFull
Event: 28.524 Executing VM operation: ICBufferFull done
Event: 28.882 Executing VM operation: CollectForMetadataAllocation
Event: 28.895 Executing VM operation: CollectForMetadataAllocation done
Event: 28.984 Executing VM operation: G1Concurrent

Events (20 events):
Event: 28.264 loading class javax/naming/RefAddr
Event: 28.264 loading class javax/naming/RefAddr done
Event: 28.264 loading class javax/naming/StringRefAddr
Event: 28.264 loading class javax/naming/StringRefAddr done
Event: 28.266 loading class java/io/InvalidObjectException
Event: 28.266 loading class java/io/InvalidObjectException done
Event: 28.338 loading class java/lang/SafeVarargs
Event: 28.338 loading class java/lang/SafeVarargs done
Event: 28.748 loading class java/util/AbstractList$SubList
Event: 28.748 loading class java/util/AbstractList$SubList done
Event: 28.877 loading class java/nio/file/StandardCopyOption
Event: 28.877 loading class java/nio/file/StandardCopyOption done
Event: 28.877 loading class java/nio/file/FileVisitOption
Event: 28.877 loading class java/nio/file/FileVisitOption done
Event: 28.877 loading class java/nio/file/attribute/UserPrincipal
Event: 28.877 loading class java/nio/file/attribute/UserPrincipal done
Event: 28.877 loading class java/nio/file/FileStore
Event: 28.878 loading class java/nio/file/FileStore done
Event: 28.878 loading class java/nio/file/FileVisitor
Event: 28.878 loading class java/nio/file/FileVisitor done


Dynamic libraries:
0x00007ff6d16d0000 - 0x00007ff6d16e0000 	C:\Program Files\Java\jdk-17.0.2\bin\javaw.exe
0x00007ffc70c10000 - 0x00007ffc70e08000 	C:\Windows\SYSTEM32\ntdll.dll
0x00007ffc68760000 - 0x00007ffc68777000 	C:\Program Files\Avast Software\Avast\aswhook.dll
0x00007ffc6ec70000 - 0x00007ffc6ed2d000 	C:\Windows\System32\KERNEL32.DLL
0x00007ffc6e620000 - 0x00007ffc6e8f2000 	C:\Windows\System32\KERNELBASE.dll
0x00007ffc6e420000 - 0x00007ffc6e520000 	C:\Windows\System32\ucrtbase.dll
0x00007ffc6bae0000 - 0x00007ffc6baf8000 	C:\Program Files\Java\jdk-17.0.2\bin\jli.dll
0x00007ffc6ff00000 - 0x00007ffc6ffae000 	C:\Windows\System32\ADVAPI32.dll
0x00007ffc705c0000 - 0x00007ffc7065e000 	C:\Windows\System32\msvcrt.dll
0x00007ffc70210000 - 0x00007ffc702ac000 	C:\Windows\System32\sechost.dll
0x00007ffc66db0000 - 0x00007ffc66dca000 	C:\Program Files\Java\jdk-17.0.2\bin\VCRUNTIME140.dll
0x00007ffc6fd00000 - 0x00007ffc6fe25000 	C:\Windows\System32\RPCRT4.dll
0x00007ffc70370000 - 0x00007ffc7050d000 	C:\Windows\System32\USER32.dll
0x00007ffc6e3f0000 - 0x00007ffc6e412000 	C:\Windows\System32\win32u.dll
0x00007ffc700b0000 - 0x00007ffc700db000 	C:\Windows\System32\GDI32.dll
0x00007ffc6ead0000 - 0x00007ffc6ebdf000 	C:\Windows\System32\gdi32full.dll
0x00007ffc57ea0000 - 0x00007ffc5813a000 	C:\Windows\WinSxS\amd64_microsoft.windows.common-controls_6595b64144ccf1df_6.0.19041.1110_none_60b5254171f9507e\COMCTL32.dll
0x00007ffc6e350000 - 0x00007ffc6e3ed000 	C:\Windows\System32\msvcp_win.dll
0x00007ffc655b0000 - 0x00007ffc655ba000 	C:\Windows\SYSTEM32\VERSION.dll
0x00007ffc70590000 - 0x00007ffc705c0000 	C:\Windows\System32\IMM32.DLL
0x00007ffc6bad0000 - 0x00007ffc6badc000 	C:\Program Files\Java\jdk-17.0.2\bin\vcruntime140_1.dll
0x00007ffc4e6e0000 - 0x00007ffc4e76d000 	C:\Program Files\Java\jdk-17.0.2\bin\msvcp140.dll
0x00007ffc399c0000 - 0x00007ffc3a581000 	C:\Program Files\Java\jdk-17.0.2\bin\server\jvm.dll
0x00007ffc70010000 - 0x00007ffc70018000 	C:\Windows\System32\PSAPI.DLL
0x00007ffc5f9b0000 - 0x00007ffc5f9b9000 	C:\Windows\SYSTEM32\WSOCK32.dll
0x00007ffc59b30000 - 0x00007ffc59b57000 	C:\Windows\SYSTEM32\WINMM.dll
0x00007ffc6fe90000 - 0x00007ffc6fefb000 	C:\Windows\System32\WS2_32.dll
0x00007ffc6c3c0000 - 0x00007ffc6c3d2000 	C:\Windows\SYSTEM32\kernel.appcore.dll
0x00007ffc69840000 - 0x00007ffc6984a000 	C:\Program Files\Java\jdk-17.0.2\bin\jimage.dll
0x00007ffc633a0000 - 0x00007ffc63584000 	C:\Windows\SYSTEM32\DBGHELP.DLL
0x00007ffc63300000 - 0x00007ffc6332c000 	C:\Windows\SYSTEM32\dbgcore.DLL
0x00007ffc6ebe0000 - 0x00007ffc6ec62000 	C:\Windows\System32\bcryptPrimitives.dll
0x00007ffc537f0000 - 0x00007ffc5382b000 	C:\Program Files\Java\jdk-17.0.2\bin\jdwp.dll
0x00007ffc678f0000 - 0x00007ffc678fe000 	C:\Program Files\Java\jdk-17.0.2\bin\instrument.dll
0x00007ffc66d80000 - 0x00007ffc66da5000 	C:\Program Files\Java\jdk-17.0.2\bin\java.dll
0x00007ffc3edb0000 - 0x00007ffc3ee86000 	C:\Program Files\Java\jdk-17.0.2\bin\jsvml.dll
0x00007ffc6f490000 - 0x00007ffc6fbd3000 	C:\Windows\System32\SHELL32.dll
0x00007ffc6c3e0000 - 0x00007ffc6cb71000 	C:\Windows\SYSTEM32\windows.storage.dll
0x00007ffc70810000 - 0x00007ffc70b64000 	C:\Windows\System32\combase.dll
0x00007ffc6dca0000 - 0x00007ffc6dcd0000 	C:\Windows\SYSTEM32\Wldp.dll
0x00007ffc702c0000 - 0x00007ffc7036d000 	C:\Windows\System32\SHCORE.dll
0x00007ffc70b70000 - 0x00007ffc70bc5000 	C:\Windows\System32\shlwapi.dll
0x00007ffc6e260000 - 0x00007ffc6e27f000 	C:\Windows\SYSTEM32\profapi.dll
0x00007ffc65570000 - 0x00007ffc6557c000 	C:\Program Files\Java\jdk-17.0.2\bin\dt_socket.dll
0x00007ffc6d6f0000 - 0x00007ffc6d72b000 	C:\Windows\SYSTEM32\IPHLPAPI.DLL
0x00007ffc6da00000 - 0x00007ffc6da6a000 	C:\Windows\system32\mswsock.dll
0x00007ffc6d740000 - 0x00007ffc6d80a000 	C:\Windows\SYSTEM32\DNSAPI.dll
0x00007ffc702b0000 - 0x00007ffc702b8000 	C:\Windows\System32\NSI.dll
0x00007ffc66780000 - 0x00007ffc6678a000 	C:\Windows\System32\rasadhlp.dll
0x00007ffc60640000 - 0x00007ffc606c0000 	C:\Windows\System32\fwpuclnt.dll
0x00007ffc6e320000 - 0x00007ffc6e347000 	C:\Windows\System32\bcrypt.dll
0x00007ffc65550000 - 0x00007ffc65568000 	C:\Program Files\Java\jdk-17.0.2\bin\zip.dll
0x00007ffc64610000 - 0x00007ffc64629000 	C:\Program Files\Java\jdk-17.0.2\bin\net.dll
0x00007ffc60740000 - 0x00007ffc6084d000 	C:\Windows\SYSTEM32\WINHTTP.dll
0x00007ffc63be0000 - 0x00007ffc63bf6000 	C:\Program Files\Java\jdk-17.0.2\bin\nio.dll
0x00007ffc5e960000 - 0x00007ffc5e969000 	C:\Program Files\Java\jdk-17.0.2\bin\management.dll
0x00007ffc57dd0000 - 0x00007ffc57ddb000 	C:\Program Files\Java\jdk-17.0.2\bin\management_ext.dll
0x00007ffc56780000 - 0x00007ffc56797000 	C:\Windows\system32\napinsp.dll
0x00007ffc565f0000 - 0x00007ffc5660b000 	C:\Windows\system32\pnrpnsp.dll
0x00007ffc68780000 - 0x00007ffc68795000 	C:\Windows\system32\wshbth.dll
0x00007ffc68f40000 - 0x00007ffc68f5d000 	C:\Windows\system32\NLAapi.dll
0x00007ffc565d0000 - 0x00007ffc565e2000 	C:\Windows\System32\winrnr.dll
0x00007ffc6dbf0000 - 0x00007ffc6dc08000 	C:\Windows\SYSTEM32\CRYPTSP.dll
0x00007ffc6d320000 - 0x00007ffc6d354000 	C:\Windows\system32\rsaenh.dll
0x00007ffc6e220000 - 0x00007ffc6e24e000 	C:\Windows\SYSTEM32\USERENV.dll
0x00007ffc6dc10000 - 0x00007ffc6dc1c000 	C:\Windows\SYSTEM32\CRYPTBASE.dll
0x00007ffc669f0000 - 0x00007ffc66a07000 	C:\Windows\SYSTEM32\dhcpcsvc6.DLL
0x00007ffc67260000 - 0x00007ffc6727d000 	C:\Windows\SYSTEM32\dhcpcsvc.DLL
0x00007ffc579a0000 - 0x00007ffc579b0000 	C:\Program Files\Java\jdk-17.0.2\bin\verify.dll
0x00007ffc57990000 - 0x00007ffc5799e000 	C:\Program Files\Java\jdk-17.0.2\bin\sunmscapi.dll
0x00007ffc6e900000 - 0x00007ffc6ea56000 	C:\Windows\System32\CRYPT32.dll
0x00007ffc6dd10000 - 0x00007ffc6dd37000 	C:\Windows\SYSTEM32\ncrypt.dll
0x00007ffc6dcd0000 - 0x00007ffc6dd0b000 	C:\Windows\SYSTEM32\NTASN1.dll

dbghelp: loaded successfully - version: 4.0.5 - missing functions: none
symbol engine: initialized successfully - sym options: 0x614 - pdb path: .;C:\Program Files\Java\jdk-17.0.2\bin;C:\Windows\SYSTEM32;C:\Program Files\Avast Software\Avast;C:\Windows\WinSxS\amd64_microsoft.windows.common-controls_6595b64144ccf1df_6.0.19041.1110_none_60b5254171f9507e;C:\Program Files\Java\jdk-17.0.2\bin\server

VM Arguments:
jvm_args: -XX:+ShowCodeDetailsInExceptionMessages -agentlib:jdwp=transport=dt_socket,suspend=y,address=localhost:50590 -Dcom.sun.management.jmxremote -Dcom.sun.management.jmxremote.port=55618 -Dcom.sun.management.jmxremote.authenticate=false -Dcom.sun.management.jmxremote.ssl=false -Djava.rmi.server.hostname=localhost -Dspring.jmx.enabled=true -Dspring.application.admin.enabled=true -XX:TieredStopAtLevel=1 -Dspring.boot.project.name=yuzeeapp -javaagent:C:\Users\BUYPC\Desktop\sts-4.16.0.RELEASE\configuration\org.eclipse.osgi\268\0\.cp\lib\javaagent-shaded.jar -Dfile.encoding=UTF-8 
java_command: com.yuzee.app.YuzeeApplication --spring.output.ansi.enabled=always
java_class_path (initial): C:\Users\BUYPC\Desktop\yuzee-backend-institute-api\target\classes;C:\Users\BUYPC\.m2\repository\org\apache\commons\commons-lang3\3.11\commons-lang3-3.11.jar;C:\Users\BUYPC\.m2\repository\org\projectlombok\lombok\1.18.20\lombok-1.18.20.jar;C:\Users\BUYPC\.m2\repository\junit\junit\4.12\junit-4.12.jar;C:\Users\BUYPC\.m2\repository\org\hamcrest\hamcrest-core\2.2\hamcrest-core-2.2.jar;C:\Users\BUYPC\.m2\repository\org\springframework\boot\spring-boot-starter-web\2.4.5\spring-boot-starter-web-2.4.5.jar;C:\Users\BUYPC\.m2\repository\org\springframework\boot\spring-boot-starter\2.4.5\spring-boot-starter-2.4.5.jar;C:\Users\BUYPC\.m2\repository\org\springframework\boot\spring-boot-starter-logging\2.4.5\spring-boot-starter-logging-2.4.5.jar;C:\Users\BUYPC\.m2\repository\ch\qos\logback\logback-classic\1.2.3\logback-classic-1.2.3.jar;C:\Users\BUYPC\.m2\repository\ch\qos\logback\logback-core\1.2.3\logback-core-1.2.3.jar;C:\Users\BUYPC\.m2\repository\org\apache\logging\log4j\log4j-to-slf4j\2.13.3\log4j-to-slf4j-2.13.3.jar;C:\Users\BUYPC\.m2\repository\org\apache\logging\log4j\log4j-api\2.13.3\log4j-api-2.13.3.jar;C:\Users\BUYPC\.m2\repository\org\slf4j\jul-to-slf4j\1.7.30\jul-to-slf4j-1.7.30.jar;C:\Users\BUYPC\.m2\repository\org\yaml\snakeyaml\1.27\snakeyaml-1.27.jar;C:\Users\BUYPC\.m2\repository\org\springframework\boot\spring-boot-starter-json\2.4.5\spring-boot-starter-json-2.4.5.jar;C:\Users\BUYPC\.m2\repository\com\fasterxml\jackson\datatype\jackson-datatype-jdk8\2.11.4\jackson-datatype-jdk8-2.11.4.jar;C:\Users\BUYPC\.m2\repository\com\fasterxml\jackson\datatype\jackson-datatype-jsr310\2.11.4\jackson-datatype-jsr310-2.11.4.jar;C:\Users\BUYPC\.m2\repository\com\fasterxml\jackson\module\jackson-module-parameter-names\2.11.4\jackson-module-parameter-names-2.11.4.jar;C:\Users\BUYPC\.m2\repository\org\springframework\spring-web\5.3.6\spring-web-5.3.6.jar;C:\Users\BUYPC\.m2\repository\org\springframework\spring-beans\5.3.6\spring-beans-5.3.6.jar;C:\User
Launcher Type: SUN_STANDARD

[Global flags]
     intx CICompilerCount                          = 3                                         {product} {ergonomic}
     uint ConcGCThreads                            = 1                                         {product} {ergonomic}
     uint G1ConcRefinementThreads                  = 4                                         {product} {ergonomic}
   size_t G1HeapRegionSize                         = 1048576                                   {product} {ergonomic}
    uintx GCDrainStackTargetSize                   = 64                                        {product} {ergonomic}
   size_t InitialHeapSize                          = 134217728                                 {product} {ergonomic}
     bool ManagementServer                         = true                                      {product} {command line}
   size_t MarkStackSize                            = 4194304                                   {product} {ergonomic}
   size_t MaxHeapSize                              = 2118123520                                {product} {ergonomic}
   size_t MaxNewSize                               = 1270874112                                {product} {ergonomic}
   size_t MinHeapDeltaBytes                        = 1048576                                   {product} {ergonomic}
   size_t MinHeapSize                              = 8388608                                   {product} {ergonomic}
    uintx NonProfiledCodeHeapSize                  = 0                                      {pd product} {ergonomic}
     bool ProfileInterpreter                       = false                                  {pd product} {command line}
    uintx ProfiledCodeHeapSize                     = 0                                      {pd product} {ergonomic}
     bool ShowCodeDetailsInExceptionMessages       = true                                   {manageable} {command line}
   size_t SoftMaxHeapSize                          = 2118123520                             {manageable} {ergonomic}
     intx TieredStopAtLevel                        = 1                                         {product} {command line}
     bool UseCompressedClassPointers               = true                           {product lp64_product} {ergonomic}
     bool UseCompressedOops                        = true                           {product lp64_product} {ergonomic}
     bool UseG1GC                                  = true                                      {product} {ergonomic}
     bool UseLargePagesIndividualAllocation        = false                                  {pd product} {ergonomic}

Logging:
Log output configuration:
 #0: stdout all=warning uptime,level,tags
 #1: stderr all=off uptime,level,tags

Environment Variables:
JAVA_HOME=C:\Program Files\Java\jdk-17.0.2
PATH=C:/Users/BUYPC/Desktop/sts-4.16.0.RELEASE//plugins/org.eclipse.justj.openjdk.hotspot.jre.full.win32.x86_64_17.0.4.v20220903-1038/jre/bin/server;C:/Users/BUYPC/Desktop/sts-4.16.0.RELEASE//plugins/org.eclipse.justj.openjdk.hotspot.jre.full.win32.x86_64_17.0.4.v20220903-1038/jre/bin;C:\Program Files\Common Files\Oracle\Java\javapath;C:\Program Files\Java\jdk-16.0.2\bin;C:\Windows\system32;C:\Windows;C:\Windows\System32\Wbem;C:\Windows\System32\WindowsPowerShell\v1.0\;C:\Windows\System32\OpenSSH\;C:\Users\BUYPC\Desktop\apache-maven-3.8.4-bin\apache-maven-3.8.4\bin;C:\Program Files\Git\cmd;C:\Program Files\nodejs\;C:\ProgramData\Microsoft\Windows\Start Menu\Programs\MySQL\MySQL Server 8.0;C:\Users\BUYPC\Downloads\sonarqube-8.9.9.56886\sonarqube-8.9.9.56886\bin;C:\Program Files\MySQL\MySQL Shell 8.0\bin\;C:\Users\BUYPC\AppData\Local\Microsoft\WindowsApps;C:\Users\BUYPC\AppData\Roaming\npm;C:\Users\BUYPC\AppData\Local\Programs\Microsoft VS Code\bin;C:\Users\BUYPC\Desktop\;C:\Users\BUYPC\Desktop\sts-4.16.0.RELEASE;
USERNAME=BUYPC
OS=Windows_NT
PROCESSOR_IDENTIFIER=Intel64 Family 6 Model 42 Stepping 7, GenuineIntel



---------------  S Y S T E M  ---------------

OS:
 Windows 10 , 64 bit Build 19041 (10.0.19041.1889)
OS uptime: 3 days 22:20 hours

CPU: total 4 (initial active 4) (2 cores per cpu, 2 threads per core) family 6 model 42 stepping 7 microcode 0x2f, cx8, cmov, fxsr, ht, mmx, sse, sse2, sse3, ssse3, sse4.1, sse4.2, popcnt, tsc, tscinvbit, avx, aes, clmul, vzeroupper, clflush

Memory: 4k page, system-wide physical 8073M (1038M free)
TotalPageFile size 14729M (AvailPageFile size 5059M)
current process WorkingSet (physical memory assigned to process): 340M, peak: 340M
current process commit charge ("private bytes"): 388M, peak: 418M

vm_info: Java HotSpot(TM) 64-Bit Server VM (17.0.2+8-LTS-86) for windows-amd64 JRE (17.0.2+8-LTS-86), built on Dec  7 2021 21:51:03 by "mach5one" with MS VC++ 16.8 / 16.9 (VS2019)

END.
