#
# A fatal error has been detected by the Java Runtime Environment:
#
#  EXCEPTION_ACCESS_VIOLATION (0xc0000005) at pc=0x00007ff8da1df3a9, pid=8296, tid=7440
#
# JRE version: OpenJDK Runtime Environment Temurin-17.0.4.1+1 (17.0.4.1+1) (build 17.0.4.1+1)
# Java VM: OpenJDK 64-Bit Server VM Temurin-17.0.4.1+1 (17.0.4.1+1, mixed mode, tiered, compressed oops, compressed class ptrs, g1 gc, windows-amd64)
# Problematic frame:
# V  [jvm.dll+0x11f3a9]
#
# No core dump will be written. Minidumps are not enabled by default on client versions of Windows
#
# If you would like to submit a bug report, please visit:
#   https://github.com/adoptium/adoptium-support/issues
#

---------------  S U M M A R Y ------------

Command Line: -XX:+ShowCodeDetailsInExceptionMessages -agentlib:jdwp=transport=dt_socket,suspend=y,address=localhost:55623 -ea -javaagent:C:\Users\BUYPC\Desktop\sts-4.16.0.RELEASE\configuration\org.eclipse.osgi\268\0\.cp\lib\javaagent-shaded.jar -Dfile.encoding=UTF-8 org.eclipse.jdt.internal.junit.runner.RemoteTestRunner -version 3 -port 55622 -testLoaderClass org.eclipse.jdt.internal.junit5.runner.JUnit5TestLoader -loaderpluginname org.eclipse.jdt.junit5.runtime -test com.yuzee.app.controller.CourseControllerTest:updateBasiCourse

Host: Intel(R) Core(TM) i7-2640M CPU @ 2.80GHz, 4 cores, 7G,  Windows 10 , 64 bit Build 19041 (10.0.19041.2251)
Time: Tue Nov 29 05:34:36 2022 Pacific Standard Time elapsed time: 22.469551 seconds (0d 0h 0m 22s)

---------------  T H R E A D  ---------------

Current thread (0x000001c6d3df0c80):  JavaThread "C2 CompilerThread1" daemon [_thread_in_native, id=7440, stack(0x000000c255300000,0x000000c255400000)]


Current CompileTask:
C2:  22469 7012       4       org.springframework.core.annotation.TypeMappedAnnotations::get (52 bytes)

Stack: [0x000000c255300000,0x000000c255400000],  sp=0x000000c2553fb540,  free space=1005k
Native frames: (J=compiled Java code, j=interpreted, Vv=VM code, C=native code)
V  [jvm.dll+0x11f3a9]
V  [jvm.dll+0x11f3fe]
V  [jvm.dll+0x6a1919]
V  [jvm.dll+0x6a18a5]
V  [jvm.dll+0x69f546]
V  [jvm.dll+0x6a0e39]
V  [jvm.dll+0x1bc004]
V  [jvm.dll+0x2187d9]
V  [jvm.dll+0x217aa1]
V  [jvm.dll+0x1a3f8d]
V  [jvm.dll+0x227498]
V  [jvm.dll+0x2255e5]
V  [jvm.dll+0x7e7e9b]
V  [jvm.dll+0x7e240a]
V  [jvm.dll+0x6761a5]
C  [ucrtbase.dll+0x21bb2]
C  [KERNEL32.DLL+0x174b4]
C  [ntdll.dll+0x526a1]


siginfo: EXCEPTION_ACCESS_VIOLATION (0xc0000005), reading address 0xffffffffffffffff


Register to memory mapping:

RIP=0x00007ff8da1df3a9 jvm.dll
RAX=0x000f423f00000000 is an unknown value
RBX=0x0000000000000002 is an unknown value
RCX=0x000001c6d61ca498 points into unknown readable memory: 0x000001c6da0a0060 | 60 00 0a da c6 01 00 00
RDX=0x000001c6e0bab8d0 points into unknown readable memory: 0x00007ff8da9ee7a8 | a8 e7 9e da f8 7f 00 00
RSP=0x000000c2553fb540 is pointing into the stack for thread: 0x000001c6d3df0c80
RBP=0x000001c6df764b10 points into unknown readable memory: 0x403b77636b3d0ad3 | d3 0a 3d 6b 63 77 3b 40
RSI=0x000001c6d61ca598 points into unknown readable memory: 0x00007ff8da9da280 | 80 a2 9d da f8 7f 00 00
RDI=0x000001c6e0bab8d0 points into unknown readable memory: 0x00007ff8da9ee7a8 | a8 e7 9e da f8 7f 00 00
R8 =0x0 is NULL
R9 =0x0 is NULL
R10=0x00000000df448d00 is an unallocated location in the heap
R11=0x000001c6d61ca498 points into unknown readable memory: 0x000001c6da0a0060 | 60 00 0a da c6 01 00 00
R12=0x0 is NULL
R13=0x000000000000002a is an unknown value
R14=0x000000c2553fbd70 is pointing into the stack for thread: 0x000001c6d3df0c80
R15=0x000000c2553fbd70 is pointing into the stack for thread: 0x000001c6d3df0c80


Registers:
RAX=0x000f423f00000000, RBX=0x0000000000000002, RCX=0x000001c6d61ca498, RDX=0x000001c6e0bab8d0
RSP=0x000000c2553fb540, RBP=0x000001c6df764b10, RSI=0x000001c6d61ca598, RDI=0x000001c6e0bab8d0
R8 =0x0000000000000000, R9 =0x0000000000000000, R10=0x00000000df448d00, R11=0x000001c6d61ca498
R12=0x0000000000000000, R13=0x000000000000002a, R14=0x000000c2553fbd70, R15=0x000000c2553fbd70
RIP=0x00007ff8da1df3a9, EFLAGS=0x0000000000010293

Top of Stack: (sp=0x000000c2553fb540)
0x000000c2553fb540:   000001c6dd0c5fc0 000001c6d61ca598
0x000000c2553fb550:   000001c6d5f5b200 000001c6d5f59ac0
0x000000c2553fb560:   000001c6d61ca498 00007ff8da1df3fe
0x000000c2553fb570:   000001c6d5f59ac0 000000c2553fbd70
0x000000c2553fb580:   000001c6d90e1f70 000001c6d5f59ac0
0x000000c2553fb590:   000001c6d61ca498 00007ff8da761919
0x000000c2553fb5a0:   0000000000000002 000001c6d5f59ac0
0x000000c2553fb5b0:   000001c6da486710 000001c6d61ca598
0x000000c2553fb5c0:   000001c6d5f5b200 000001c6d5f59ac0
0x000000c2553fb5d0:   000000c2553fbd70 000000000000002a
0x000000c2553fb5e0:   000001c6df764b10 000001c6da48de48
0x000000c2553fb5f0:   0000000000000150 000001c6e0bab8d0
0x000000c2553fb600:   000001c6d480d320 00007ff8da7618a5
0x000000c2553fb610:   000001c6dd0c5df0 000001c6dd0c5df0
0x000000c2553fb620:   000001c6e0bab8d0 000001c6d61ca598
0x000000c2553fb630:   000001c6d5f5b200 000001c6d5f59ac0 

Instructions: (pc=0x00007ff8da1df3a9)
0x00007ff8da1df2a9:   cf 41 ff c7 45 3b 7e 48 0f 82 5b fe ff ff 8b 74
0x00007ff8da1df2b9:   24 70 49 8b 45 10 ff c6 89 74 24 70 3b 70 40 0f
0x00007ff8da1df2c9:   82 e2 fc ff ff 0f 28 74 24 30 4c 8b 7c 24 40 4c
0x00007ff8da1df2d9:   8b 74 24 48 48 8b bc 24 88 00 00 00 48 8b ac 24
0x00007ff8da1df2e9:   80 00 00 00 48 8b 5c 24 78 0f 28 7c 24 20 49 8b
0x00007ff8da1df2f9:   45 10 ff c6 3b 70 40 73 6c 0f 1f 40 00 66 66 0f
0x00007ff8da1df309:   1f 84 00 00 00 00 00 48 8b 40 30 4c 8b 04 f0 ff
0x00007ff8da1df319:   c6 49 8b 44 24 20 8b 48 4c 49 8b 44 24 08 4c 89
0x00007ff8da1df329:   04 c8 41 8b 50 4c 49 8b 44 24 20 49 8b 4c 24 10
0x00007ff8da1df339:   48 89 04 d1 4d 89 44 24 20 49 8b 45 38 41 8b 50
0x00007ff8da1df349:   4c 48 8b 48 08 41 8b 04 24 89 04 91 49 8b 45 20
0x00007ff8da1df359:   41 8b 48 4c 48 c7 04 c8 00 00 00 00 49 8b 45 10
0x00007ff8da1df369:   3b 70 40 72 a2 48 83 c4 50 41 5d 41 5c 5e c3 cc
0x00007ff8da1df379:   cc cc cc cc cc cc cc 40 53 48 83 ec 20 44 8b 51
0x00007ff8da1df389:   28 45 33 c0 4c 8b d9 45 85 d2 74 2d 8b 59 18 45
0x00007ff8da1df399:   33 c9 0f 1f 44 00 00 44 3b c3 73 0a 49 8b 43 20
0x00007ff8da1df3a9:   49 8b 0c 01 eb 02 33 c9 48 3b ca 74 2a 41 ff c0
0x00007ff8da1df3b9:   49 83 c1 08 45 3b c2 72 de ba 8d 00 00 00 48 8d
0x00007ff8da1df3c9:   0d 8a af 7f 00 e8 fd 61 12 00 e8 b8 7a 55 00 33
0x00007ff8da1df3d9:   c0 48 83 c4 20 5b c3 41 8b c0 48 83 c4 20 5b c3
0x00007ff8da1df3e9:   cc cc cc cc cc cc cc 40 53 48 83 ec 20 48 8b d9
0x00007ff8da1df3f9:   e8 82 ff ff ff 8b d0 48 8d 4b 10 e8 a7 66 53 00
0x00007ff8da1df409:   ff 4b 28 48 83 c4 20 5b c3 cc cc cc cc cc cc cc
0x00007ff8da1df419:   cc cc cc cc cc cc cc 40 53 57 41 54 41 55 48 83
0x00007ff8da1df429:   ec 28 48 8b 59 18 4c 8b e2 48 8b 79 20 4c 8b e9
0x00007ff8da1df439:   48 89 7c 24 50 48 85 db 0f 84 5d 01 00 00 4c 89
0x00007ff8da1df449:   7c 24 20 48 89 6c 24 58 48 89 74 24 60 4c 89 74
0x00007ff8da1df459:   24 68 0f 1f 44 00 00 41 8b 54 24 38 49 8d 4c 24
0x00007ff8da1df469:   20 4c 8b c3 8d 42 01 41 89 44 24 38 e8 d6 11 00
0x00007ff8da1df479:   00 41 ff 44 24 40 80 bb 88 00 00 00 00 0f 85 f0
0x00007ff8da1df489:   00 00 00 48 8b cb e8 ac ff 20 00 48 3b df 0f 84
0x00007ff8da1df499:   df 00 00 00 83 f8 02 0f 85 d6 00 00 00 4c 8b 53 


Stack slot to memory mapping:
stack at sp + 0 slots: 0x000001c6dd0c5fc0 points into unknown readable memory: 0x00007ff8da9d5628 | 28 56 9d da f8 7f 00 00
stack at sp + 1 slots: 0x000001c6d61ca598 points into unknown readable memory: 0x00007ff8da9da280 | 80 a2 9d da f8 7f 00 00
stack at sp + 2 slots: 0x000001c6d5f5b200 points into unknown readable memory: 0x000001c6d3ebe240 | 40 e2 eb d3 c6 01 00 00
stack at sp + 3 slots: 0x000001c6d5f59ac0 points into unknown readable memory: 0x000001c6d3ebe240 | 40 e2 eb d3 c6 01 00 00
stack at sp + 4 slots: 0x000001c6d61ca498 points into unknown readable memory: 0x000001c6da0a0060 | 60 00 0a da c6 01 00 00
stack at sp + 5 slots: 0x00007ff8da1df3fe jvm.dll
stack at sp + 6 slots: 0x000001c6d5f59ac0 points into unknown readable memory: 0x000001c6d3ebe240 | 40 e2 eb d3 c6 01 00 00
stack at sp + 7 slots: 0x000000c2553fbd70 is pointing into the stack for thread: 0x000001c6d3df0c80


---------------  P R O C E S S  ---------------

Threads class SMR info:
_java_thread_list=0x000001c6e0d26ff0, length=28, elements={
0x000001c6b7182840, 0x000001c6d27c8800, 0x000001c6d27c9280, 0x000001c6d27cd460,
0x000001c6d27cea30, 0x000001c6d3030100, 0x000001c6d30306c0, 0x000001c6d30363d0,
0x000001c6d3051ec0, 0x000001c6d30b0c20, 0x000001c6d314e5e0, 0x000001c6d33e2be0,
0x000001c6d334c7d0, 0x000001c6d334ee30, 0x000001c6d3df0c80, 0x000001c6d456d6d0,
0x000001c6d495be50, 0x000001c6d78be210, 0x000001c6d78c0890, 0x000001c6d78bb1f0,
0x000001c6d78c20a0, 0x000001c6d78bced0, 0x000001c6d78bb6c0, 0x000001c6d78bebb0,
0x000001c6d78c1230, 0x000001c6d78c1700, 0x000001c6d78bbb90, 0x000001c6d78bf550
}

Java Threads: ( => current thread )
  0x000001c6b7182840 JavaThread "main" [_thread_in_vm, id=10784, stack(0x000000c253c00000,0x000000c253d00000)]
  0x000001c6d27c8800 JavaThread "Reference Handler" daemon [_thread_blocked, id=6412, stack(0x000000c254300000,0x000000c254400000)]
  0x000001c6d27c9280 JavaThread "Finalizer" daemon [_thread_blocked, id=4544, stack(0x000000c254400000,0x000000c254500000)]
  0x000001c6d27cd460 JavaThread "Signal Dispatcher" daemon [_thread_blocked, id=3640, stack(0x000000c254500000,0x000000c254600000)]
  0x000001c6d27cea30 JavaThread "Attach Listener" daemon [_thread_blocked, id=7468, stack(0x000000c254600000,0x000000c254700000)]
  0x000001c6d3030100 JavaThread "Service Thread" daemon [_thread_blocked, id=7444, stack(0x000000c254700000,0x000000c254800000)]
  0x000001c6d30306c0 JavaThread "Monitor Deflation Thread" daemon [_thread_blocked, id=11056, stack(0x000000c254800000,0x000000c254900000)]
  0x000001c6d30363d0 JavaThread "C2 CompilerThread0" daemon [_thread_in_native, id=9184, stack(0x000000c254900000,0x000000c254a00000)]
  0x000001c6d3051ec0 JavaThread "C1 CompilerThread0" daemon [_thread_blocked, id=10584, stack(0x000000c254a00000,0x000000c254b00000)]
  0x000001c6d30b0c20 JavaThread "Sweeper thread" daemon [_thread_blocked, id=13020, stack(0x000000c254b00000,0x000000c254c00000)]
  0x000001c6d314e5e0 JavaThread "Common-Cleaner" daemon [_thread_blocked, id=13012, stack(0x000000c254c00000,0x000000c254d00000)]
  0x000001c6d33e2be0 JavaThread "JDWP Transport Listener: dt_socket" daemon [_thread_blocked, id=12740, stack(0x000000c254d00000,0x000000c254e00000)]
  0x000001c6d334c7d0 JavaThread "JDWP Event Helper Thread" daemon [_thread_blocked, id=7488, stack(0x000000c254e00000,0x000000c254f00000)]
  0x000001c6d334ee30 JavaThread "JDWP Command Reader" daemon [_thread_in_native, id=3180, stack(0x000000c254f00000,0x000000c255000000)]
=>0x000001c6d3df0c80 JavaThread "C2 CompilerThread1" daemon [_thread_in_native, id=7440, stack(0x000000c255300000,0x000000c255400000)]
  0x000001c6d456d6d0 JavaThread "Notification Thread" daemon [_thread_blocked, id=11276, stack(0x000000c255400000,0x000000c255500000)]
  0x000001c6d495be50 JavaThread "ReaderThread" [_thread_in_native, id=7576, stack(0x000000c255600000,0x000000c255700000)]
  0x000001c6d78be210 JavaThread "Catalina-utility-1" [_thread_blocked, id=9440, stack(0x000000c255700000,0x000000c255800000)]
  0x000001c6d78c0890 JavaThread "Catalina-utility-2" [_thread_blocked, id=3492, stack(0x000000c255800000,0x000000c255900000)]
  0x000001c6d78bb1f0 JavaThread "container-0" [_thread_blocked, id=12588, stack(0x000000c255900000,0x000000c255a00000)]
  0x000001c6d78c20a0 JavaThread "Thread-5" daemon [_thread_in_native, id=9596, stack(0x000000c255a00000,0x000000c255b00000)]
  0x000001c6d78bced0 JavaThread "cluster-ClusterId{value='63860a6be463527e374fc7d5', description='null'}-srv-notification.18kxt.mongodb.net" daemon [_thread_blocked, id=7644, stack(0x000000c255b00000,0x000000c255c00000)]
  0x000001c6d78bb6c0 JavaThread "cluster-ClusterId{value='63860a6be463527e374fc7d5', description='null'}-notification-shard-00-02.18kxt.mongodb.net:27017" daemon [_thread_blocked, id=11864, stack(0x000000c255c00000,0x000000c255d00000)]
  0x000001c6d78bebb0 JavaThread "cluster-rtt-ClusterId{value='63860a6be463527e374fc7d5', description='null'}-notification-shard-00-02.18kxt.mongodb.net:27017" daemon [_thread_blocked, id=12688, stack(0x000000c255d00000,0x000000c255e00000)]
  0x000001c6d78c1230 JavaThread "cluster-ClusterId{value='63860a6be463527e374fc7d5', description='null'}-notification-shard-00-00.18kxt.mongodb.net:27017" daemon [_thread_blocked, id=11752, stack(0x000000c255e00000,0x000000c255f00000)]
  0x000001c6d78c1700 JavaThread "cluster-rtt-ClusterId{value='63860a6be463527e374fc7d5', description='null'}-notification-shard-00-00.18kxt.mongodb.net:27017" daemon [_thread_in_native, id=9100, stack(0x000000c255f00000,0x000000c256000000)]
  0x000001c6d78bbb90 JavaThread "cluster-ClusterId{value='63860a6be463527e374fc7d5', description='null'}-notification-shard-00-01.18kxt.mongodb.net:27017" daemon [_thread_in_vm, id=124, stack(0x000000c256000000,0x000000c256100000)]
  0x000001c6d78bf550 JavaThread "cluster-rtt-ClusterId{value='63860a6be463527e374fc7d5', description='null'}-notification-shard-00-01.18kxt.mongodb.net:27017" daemon [_thread_blocked, id=5832, stack(0x000000c256100000,0x000000c256200000)]

Other Threads:
  0x000001c6d27c1bc0 VMThread "VM Thread" [stack: 0x000000c254200000,0x000000c254300000] [id=10664]
  0x000001c6b71ff3a0 WatcherThread [stack: 0x000000c255500000,0x000000c255600000] [id=6032]
  0x000001c6b71dce20 GCTaskThread "GC Thread#0" [stack: 0x000000c253d00000,0x000000c253e00000] [id=12744]
  0x000001c6d3ea14a0 GCTaskThread "GC Thread#1" [stack: 0x000000c255000000,0x000000c255100000] [id=10800]
  0x000001c6d3e864c0 GCTaskThread "GC Thread#2" [stack: 0x000000c255100000,0x000000c255200000] [id=4744]
  0x000001c6d3f30a60 GCTaskThread "GC Thread#3" [stack: 0x000000c255200000,0x000000c255300000] [id=10424]
  0x000001c6b71ee250 ConcurrentGCThread "G1 Main Marker" [stack: 0x000000c253e00000,0x000000c253f00000] [id=11748]
  0x000001c6b71efc70 ConcurrentGCThread "G1 Conc#0" [stack: 0x000000c253f00000,0x000000c254000000] [id=12416]
  0x000001c6d26130e0 ConcurrentGCThread "G1 Refine#0" [stack: 0x000000c254000000,0x000000c254100000] [id=10060]
  0x000001c6d2613710 ConcurrentGCThread "G1 Service" [stack: 0x000000c254100000,0x000000c254200000] [id=13116]

Threads with active compile tasks:
C2 CompilerThread0    22776 7031       4       org.springframework.core.annotation.TypeMappedAnnotations::scan (62 bytes)
C2 CompilerThread1    22777 7012       4       org.springframework.core.annotation.TypeMappedAnnotations::get (52 bytes)

VM state: not at safepoint (normal execution)

VM Mutex/Monitor currently owned by a thread: None

Heap address: 0x0000000081c00000, size: 2020 MB, Compressed Oops mode: 32-bit

CDS archive(s) not mapped
Compressed class space mapped at: 0x0000000100000000-0x0000000140000000, reserved size: 1073741824
Narrow klass base: 0x0000000000000000, Narrow klass shift: 3, Narrow klass range: 0x140000000

GC Precious Log:
 CPUs: 4 total, 4 available
 Memory: 8073M
 Large Page Support: Disabled
 NUMA Support: Disabled
 Compressed Oops: Enabled (32-bit)
 Heap Region Size: 1M
 Heap Min Capacity: 8M
 Heap Initial Capacity: 128M
 Heap Max Capacity: 2020M
 Pre-touch: Disabled
 Parallel Workers: 4
 Concurrent Workers: 1
 Concurrent Refinement Workers: 4
 Periodic GC: Disabled

Heap:
 garbage-first heap   total 144384K, used 56416K [0x0000000081c00000, 0x0000000100000000)
  region size 1024K, 12 young (12288K), 1 survivors (1024K)
 Metaspace       used 68160K, committed 68544K, reserved 1114112K
  class space    used 8594K, committed 8768K, reserved 1048576K

Heap Regions: E=young(eden), S=young(survivor), O=old, HS=humongous(starts), HC=humongous(continues), CS=collection set, F=free, OA=open archive, CA=closed archive, TAMS=top-at-mark-start (previous, next)
|   0|0x0000000081c00000, 0x0000000081d00000, 0x0000000081d00000|100%|HS|  |TAMS 0x0000000081d00000, 0x0000000081c00000| Complete 
|   1|0x0000000081d00000, 0x0000000081e00000, 0x0000000081e00000|100%| O|  |TAMS 0x0000000081e00000, 0x0000000081d00000| Untracked 
|   2|0x0000000081e00000, 0x0000000081f00000, 0x0000000081f00000|100%| O|  |TAMS 0x0000000081f00000, 0x0000000081e00000| Untracked 
|   3|0x0000000081f00000, 0x0000000082000000, 0x0000000082000000|100%| O|  |TAMS 0x0000000082000000, 0x0000000081f00000| Untracked 
|   4|0x0000000082000000, 0x0000000082100000, 0x0000000082100000|100%| O|  |TAMS 0x0000000082100000, 0x0000000082000000| Untracked 
|   5|0x0000000082100000, 0x0000000082200000, 0x0000000082200000|100%| O|  |TAMS 0x0000000082200000, 0x0000000082100000| Untracked 
|   6|0x0000000082200000, 0x0000000082300000, 0x0000000082300000|100%| O|  |TAMS 0x0000000082300000, 0x0000000082200000| Untracked 
|   7|0x0000000082300000, 0x0000000082400000, 0x0000000082400000|100%| O|  |TAMS 0x0000000082400000, 0x0000000082300000| Untracked 
|   8|0x0000000082400000, 0x0000000082500000, 0x0000000082500000|100%| O|  |TAMS 0x0000000082500000, 0x0000000082400000| Untracked 
|   9|0x0000000082500000, 0x0000000082600000, 0x0000000082600000|100%| O|  |TAMS 0x0000000082600000, 0x0000000082500000| Untracked 
|  10|0x0000000082600000, 0x0000000082700000, 0x0000000082700000|100%| O|  |TAMS 0x0000000082700000, 0x0000000082600000| Untracked 
|  11|0x0000000082700000, 0x0000000082800000, 0x0000000082800000|100%| O|  |TAMS 0x0000000082800000, 0x0000000082700000| Untracked 
|  12|0x0000000082800000, 0x00000000828bf000, 0x0000000082900000| 74%| O|  |TAMS 0x00000000828bf000, 0x0000000082800000| Untracked 
|  13|0x0000000082900000, 0x0000000082a00000, 0x0000000082a00000|100%| O|  |TAMS 0x0000000082a00000, 0x0000000082900000| Untracked 
|  14|0x0000000082a00000, 0x0000000082b00000, 0x0000000082b00000|100%| O|  |TAMS 0x0000000082b00000, 0x0000000082a00000| Untracked 
|  15|0x0000000082b00000, 0x0000000082c00000, 0x0000000082c00000|100%| O|  |TAMS 0x0000000082c00000, 0x0000000082b00000| Untracked 
|  16|0x0000000082c00000, 0x0000000082d00000, 0x0000000082d00000|100%| O|  |TAMS 0x0000000082d00000, 0x0000000082c00000| Untracked 
|  17|0x0000000082d00000, 0x0000000082e00000, 0x0000000082e00000|100%| O|  |TAMS 0x0000000082e00000, 0x0000000082d00000| Untracked 
|  18|0x0000000082e00000, 0x0000000082f00000, 0x0000000082f00000|100%| O|  |TAMS 0x0000000082f00000, 0x0000000082e00000| Untracked 
|  19|0x0000000082f00000, 0x0000000083000000, 0x0000000083000000|100%| O|  |TAMS 0x0000000083000000, 0x0000000082f00000| Untracked 
|  20|0x0000000083000000, 0x0000000083100000, 0x0000000083100000|100%| O|  |TAMS 0x0000000083100000, 0x0000000083000000| Untracked 
|  21|0x0000000083100000, 0x0000000083200000, 0x0000000083200000|100%| O|  |TAMS 0x0000000083200000, 0x0000000083100000| Untracked 
|  22|0x0000000083200000, 0x0000000083300000, 0x0000000083300000|100%| O|  |TAMS 0x0000000083300000, 0x0000000083200000| Untracked 
|  23|0x0000000083300000, 0x0000000083400000, 0x0000000083400000|100%| O|  |TAMS 0x0000000083400000, 0x0000000083300000| Untracked 
|  24|0x0000000083400000, 0x0000000083500000, 0x0000000083500000|100%| O|  |TAMS 0x0000000083400000, 0x0000000083400000| Untracked 
|  25|0x0000000083500000, 0x0000000083500000, 0x0000000083600000|  0%| F|  |TAMS 0x0000000083500000, 0x0000000083500000| Untracked 
|  26|0x0000000083600000, 0x0000000083700000, 0x0000000083700000|100%| O|  |TAMS 0x0000000083700000, 0x0000000083600000| Untracked 
|  27|0x0000000083700000, 0x0000000083800000, 0x0000000083800000|100%| O|  |TAMS 0x0000000083800000, 0x0000000083700000| Untracked 
|  28|0x0000000083800000, 0x0000000083900000, 0x0000000083900000|100%| O|  |TAMS 0x0000000083900000, 0x0000000083800000| Untracked 
|  29|0x0000000083900000, 0x0000000083a00000, 0x0000000083a00000|100%| O|  |TAMS 0x0000000083a00000, 0x0000000083900000| Untracked 
|  30|0x0000000083a00000, 0x0000000083b00000, 0x0000000083b00000|100%| O|  |TAMS 0x0000000083b00000, 0x0000000083a00000| Untracked 
|  31|0x0000000083b00000, 0x0000000083c00000, 0x0000000083c00000|100%| O|  |TAMS 0x0000000083c00000, 0x0000000083b00000| Untracked 
|  32|0x0000000083c00000, 0x0000000083d00000, 0x0000000083d00000|100%| O|  |TAMS 0x0000000083d00000, 0x0000000083c00000| Untracked 
|  33|0x0000000083d00000, 0x0000000083e00000, 0x0000000083e00000|100%| O|  |TAMS 0x0000000083e00000, 0x0000000083d00000| Untracked 
|  34|0x0000000083e00000, 0x0000000083f00000, 0x0000000083f00000|100%| O|  |TAMS 0x0000000083f00000, 0x0000000083e00000| Untracked 
|  35|0x0000000083f00000, 0x0000000084000000, 0x0000000084000000|100%| O|  |TAMS 0x0000000084000000, 0x0000000083f00000| Untracked 
|  36|0x0000000084000000, 0x0000000084100000, 0x0000000084100000|100%| O|  |TAMS 0x0000000084100000, 0x0000000084000000| Untracked 
|  37|0x0000000084100000, 0x0000000084200000, 0x0000000084200000|100%| O|  |TAMS 0x0000000084200000, 0x0000000084100000| Untracked 
|  38|0x0000000084200000, 0x0000000084300000, 0x0000000084300000|100%| O|  |TAMS 0x0000000084300000, 0x0000000084200000| Untracked 
|  39|0x0000000084300000, 0x0000000084400000, 0x0000000084400000|100%| O|  |TAMS 0x0000000084400000, 0x0000000084300000| Untracked 
|  40|0x0000000084400000, 0x0000000084500000, 0x0000000084500000|100%| O|  |TAMS 0x0000000084500000, 0x0000000084400000| Untracked 
|  41|0x0000000084500000, 0x0000000084600000, 0x0000000084600000|100%| O|  |TAMS 0x0000000084600000, 0x0000000084500000| Untracked 
|  42|0x0000000084600000, 0x0000000084700000, 0x0000000084700000|100%| O|  |TAMS 0x0000000084680e00, 0x0000000084600000| Untracked 
|  43|0x0000000084700000, 0x0000000084800000, 0x0000000084800000|100%| O|  |TAMS 0x0000000084700000, 0x0000000084700000| Untracked 
|  44|0x0000000084800000, 0x0000000084900000, 0x0000000084900000|100%| O|  |TAMS 0x0000000084800000, 0x0000000084800000| Untracked 
|  45|0x0000000084900000, 0x00000000849c0000, 0x0000000084a00000| 75%| O|  |TAMS 0x0000000084900000, 0x0000000084900000| Untracked 
|  46|0x0000000084a00000, 0x0000000084a00000, 0x0000000084b00000|  0%| F|  |TAMS 0x0000000084a00000, 0x0000000084a00000| Untracked 
|  47|0x0000000084b00000, 0x0000000084b00000, 0x0000000084c00000|  0%| F|  |TAMS 0x0000000084b00000, 0x0000000084b00000| Untracked 
|  48|0x0000000084c00000, 0x0000000084c00000, 0x0000000084d00000|  0%| F|  |TAMS 0x0000000084c00000, 0x0000000084c00000| Untracked 
|  49|0x0000000084d00000, 0x0000000084d00000, 0x0000000084e00000|  0%| F|  |TAMS 0x0000000084d00000, 0x0000000084d00000| Untracked 
|  50|0x0000000084e00000, 0x0000000084e00000, 0x0000000084f00000|  0%| F|  |TAMS 0x0000000084e00000, 0x0000000084e00000| Untracked 
|  51|0x0000000084f00000, 0x0000000084f00000, 0x0000000085000000|  0%| F|  |TAMS 0x0000000084f00000, 0x0000000084f00000| Untracked 
|  52|0x0000000085000000, 0x0000000085000000, 0x0000000085100000|  0%| F|  |TAMS 0x0000000085000000, 0x0000000085000000| Untracked 
|  53|0x0000000085100000, 0x0000000085100000, 0x0000000085200000|  0%| F|  |TAMS 0x0000000085100000, 0x0000000085100000| Untracked 
|  54|0x0000000085200000, 0x0000000085200000, 0x0000000085300000|  0%| F|  |TAMS 0x0000000085200000, 0x0000000085200000| Untracked 
|  55|0x0000000085300000, 0x0000000085300000, 0x0000000085400000|  0%| F|  |TAMS 0x0000000085300000, 0x0000000085300000| Untracked 
|  56|0x0000000085400000, 0x0000000085400000, 0x0000000085500000|  0%| F|  |TAMS 0x0000000085400000, 0x0000000085400000| Untracked 
|  57|0x0000000085500000, 0x0000000085500000, 0x0000000085600000|  0%| F|  |TAMS 0x0000000085500000, 0x0000000085500000| Untracked 
|  58|0x0000000085600000, 0x0000000085600000, 0x0000000085700000|  0%| F|  |TAMS 0x0000000085600000, 0x0000000085600000| Untracked 
|  59|0x0000000085700000, 0x0000000085700000, 0x0000000085800000|  0%| F|  |TAMS 0x0000000085700000, 0x0000000085700000| Untracked 
|  60|0x0000000085800000, 0x0000000085800000, 0x0000000085900000|  0%| F|  |TAMS 0x0000000085800000, 0x0000000085800000| Untracked 
|  61|0x0000000085900000, 0x0000000085900000, 0x0000000085a00000|  0%| F|  |TAMS 0x0000000085900000, 0x0000000085900000| Untracked 
|  62|0x0000000085a00000, 0x0000000085a00000, 0x0000000085b00000|  0%| F|  |TAMS 0x0000000085a00000, 0x0000000085a00000| Untracked 
|  63|0x0000000085b00000, 0x0000000085b00000, 0x0000000085c00000|  0%| F|  |TAMS 0x0000000085b00000, 0x0000000085b00000| Untracked 
|  64|0x0000000085c00000, 0x0000000085c00000, 0x0000000085d00000|  0%| F|  |TAMS 0x0000000085c00000, 0x0000000085c00000| Untracked 
|  65|0x0000000085d00000, 0x0000000085d00000, 0x0000000085e00000|  0%| F|  |TAMS 0x0000000085d00000, 0x0000000085d00000| Untracked 
|  66|0x0000000085e00000, 0x0000000085e00000, 0x0000000085f00000|  0%| F|  |TAMS 0x0000000085e00000, 0x0000000085e00000| Untracked 
|  67|0x0000000085f00000, 0x0000000085f00000, 0x0000000086000000|  0%| F|  |TAMS 0x0000000085f00000, 0x0000000085f00000| Untracked 
|  68|0x0000000086000000, 0x0000000086000000, 0x0000000086100000|  0%| F|  |TAMS 0x0000000086000000, 0x0000000086000000| Untracked 
|  69|0x0000000086100000, 0x0000000086100000, 0x0000000086200000|  0%| F|  |TAMS 0x0000000086100000, 0x0000000086100000| Untracked 
|  70|0x0000000086200000, 0x0000000086200000, 0x0000000086300000|  0%| F|  |TAMS 0x0000000086200000, 0x0000000086200000| Untracked 
|  71|0x0000000086300000, 0x0000000086300000, 0x0000000086400000|  0%| F|  |TAMS 0x0000000086300000, 0x0000000086300000| Untracked 
|  72|0x0000000086400000, 0x0000000086400000, 0x0000000086500000|  0%| F|  |TAMS 0x0000000086400000, 0x0000000086400000| Untracked 
|  73|0x0000000086500000, 0x0000000086500000, 0x0000000086600000|  0%| F|  |TAMS 0x0000000086500000, 0x0000000086500000| Untracked 
|  74|0x0000000086600000, 0x0000000086600000, 0x0000000086700000|  0%| F|  |TAMS 0x0000000086600000, 0x0000000086600000| Untracked 
|  75|0x0000000086700000, 0x0000000086700000, 0x0000000086800000|  0%| F|  |TAMS 0x0000000086700000, 0x0000000086700000| Untracked 
|  76|0x0000000086800000, 0x0000000086800000, 0x0000000086900000|  0%| F|  |TAMS 0x0000000086800000, 0x0000000086800000| Untracked 
|  77|0x0000000086900000, 0x0000000086900000, 0x0000000086a00000|  0%| F|  |TAMS 0x0000000086900000, 0x0000000086900000| Untracked 
|  78|0x0000000086a00000, 0x0000000086a00000, 0x0000000086b00000|  0%| F|  |TAMS 0x0000000086a00000, 0x0000000086a00000| Untracked 
|  79|0x0000000086b00000, 0x0000000086b00000, 0x0000000086c00000|  0%| F|  |TAMS 0x0000000086b00000, 0x0000000086b00000| Untracked 
|  80|0x0000000086c00000, 0x0000000086c00000, 0x0000000086d00000|  0%| F|  |TAMS 0x0000000086c00000, 0x0000000086c00000| Untracked 
|  81|0x0000000086d00000, 0x0000000086d00000, 0x0000000086e00000|  0%| F|  |TAMS 0x0000000086d00000, 0x0000000086d00000| Untracked 
|  82|0x0000000086e00000, 0x0000000086e00000, 0x0000000086f00000|  0%| F|  |TAMS 0x0000000086e00000, 0x0000000086e00000| Untracked 
|  83|0x0000000086f00000, 0x0000000086f00000, 0x0000000087000000|  0%| F|  |TAMS 0x0000000086f00000, 0x0000000086f00000| Untracked 
|  84|0x0000000087000000, 0x0000000087000000, 0x0000000087100000|  0%| F|  |TAMS 0x0000000087000000, 0x0000000087000000| Untracked 
|  85|0x0000000087100000, 0x0000000087199160, 0x0000000087200000| 59%| S|CS|TAMS 0x0000000087100000, 0x0000000087100000| Complete 
|  86|0x0000000087200000, 0x0000000087200000, 0x0000000087300000|  0%| F|  |TAMS 0x0000000087200000, 0x0000000087200000| Untracked 
|  87|0x0000000087300000, 0x0000000087300000, 0x0000000087400000|  0%| F|  |TAMS 0x0000000087300000, 0x0000000087300000| Untracked 
|  88|0x0000000087400000, 0x0000000087400000, 0x0000000087500000|  0%| F|  |TAMS 0x0000000087400000, 0x0000000087400000| Untracked 
|  89|0x0000000087500000, 0x0000000087500000, 0x0000000087600000|  0%| F|  |TAMS 0x0000000087500000, 0x0000000087500000| Untracked 
|  90|0x0000000087600000, 0x0000000087600000, 0x0000000087700000|  0%| F|  |TAMS 0x0000000087600000, 0x0000000087600000| Untracked 
|  91|0x0000000087700000, 0x0000000087700000, 0x0000000087800000|  0%| F|  |TAMS 0x0000000087700000, 0x0000000087700000| Untracked 
|  92|0x0000000087800000, 0x0000000087800000, 0x0000000087900000|  0%| F|  |TAMS 0x0000000087800000, 0x0000000087800000| Untracked 
|  93|0x0000000087900000, 0x0000000087900000, 0x0000000087a00000|  0%| F|  |TAMS 0x0000000087900000, 0x0000000087900000| Untracked 
|  94|0x0000000087a00000, 0x0000000087a00000, 0x0000000087b00000|  0%| F|  |TAMS 0x0000000087a00000, 0x0000000087a00000| Untracked 
|  95|0x0000000087b00000, 0x0000000087b00000, 0x0000000087c00000|  0%| F|  |TAMS 0x0000000087b00000, 0x0000000087b00000| Untracked 
|  96|0x0000000087c00000, 0x0000000087c00000, 0x0000000087d00000|  0%| F|  |TAMS 0x0000000087c00000, 0x0000000087c00000| Untracked 
|  97|0x0000000087d00000, 0x0000000087d00000, 0x0000000087e00000|  0%| F|  |TAMS 0x0000000087d00000, 0x0000000087d00000| Untracked 
|  98|0x0000000087e00000, 0x0000000087e00000, 0x0000000087f00000|  0%| F|  |TAMS 0x0000000087e00000, 0x0000000087e00000| Untracked 
|  99|0x0000000087f00000, 0x0000000087f00000, 0x0000000088000000|  0%| F|  |TAMS 0x0000000087f00000, 0x0000000087f00000| Untracked 
| 100|0x0000000088000000, 0x0000000088000000, 0x0000000088100000|  0%| F|  |TAMS 0x0000000088000000, 0x0000000088000000| Untracked 
| 101|0x0000000088100000, 0x0000000088100000, 0x0000000088200000|  0%| F|  |TAMS 0x0000000088100000, 0x0000000088100000| Untracked 
| 102|0x0000000088200000, 0x0000000088200000, 0x0000000088300000|  0%| F|  |TAMS 0x0000000088200000, 0x0000000088200000| Untracked 
| 103|0x0000000088300000, 0x0000000088300000, 0x0000000088400000|  0%| F|  |TAMS 0x0000000088300000, 0x0000000088300000| Untracked 
| 104|0x0000000088400000, 0x0000000088400000, 0x0000000088500000|  0%| F|  |TAMS 0x0000000088400000, 0x0000000088400000| Untracked 
| 105|0x0000000088500000, 0x0000000088500000, 0x0000000088600000|  0%| F|  |TAMS 0x0000000088500000, 0x0000000088500000| Untracked 
| 106|0x0000000088600000, 0x0000000088600000, 0x0000000088700000|  0%| F|  |TAMS 0x0000000088600000, 0x0000000088600000| Untracked 
| 107|0x0000000088700000, 0x0000000088700000, 0x0000000088800000|  0%| F|  |TAMS 0x0000000088700000, 0x0000000088700000| Untracked 
| 108|0x0000000088800000, 0x0000000088800000, 0x0000000088900000|  0%| F|  |TAMS 0x0000000088800000, 0x0000000088800000| Untracked 
| 109|0x0000000088900000, 0x0000000088900000, 0x0000000088a00000|  0%| F|  |TAMS 0x0000000088900000, 0x0000000088900000| Untracked 
| 110|0x0000000088a00000, 0x0000000088a00000, 0x0000000088b00000|  0%| F|  |TAMS 0x0000000088a00000, 0x0000000088a00000| Untracked 
| 111|0x0000000088b00000, 0x0000000088b00000, 0x0000000088c00000|  0%| F|  |TAMS 0x0000000088b00000, 0x0000000088b00000| Untracked 
| 112|0x0000000088c00000, 0x0000000088c00000, 0x0000000088d00000|  0%| F|  |TAMS 0x0000000088c00000, 0x0000000088c00000| Untracked 
| 113|0x0000000088d00000, 0x0000000088d00000, 0x0000000088e00000|  0%| F|  |TAMS 0x0000000088d00000, 0x0000000088d00000| Untracked 
| 114|0x0000000088e00000, 0x0000000088e00000, 0x0000000088f00000|  0%| F|  |TAMS 0x0000000088e00000, 0x0000000088e00000| Untracked 
| 115|0x0000000088f00000, 0x0000000088f00000, 0x0000000089000000|  0%| F|  |TAMS 0x0000000088f00000, 0x0000000088f00000| Untracked 
| 116|0x0000000089000000, 0x0000000089000000, 0x0000000089100000|  0%| F|  |TAMS 0x0000000089000000, 0x0000000089000000| Untracked 
| 117|0x0000000089100000, 0x0000000089100000, 0x0000000089200000|  0%| F|  |TAMS 0x0000000089100000, 0x0000000089100000| Untracked 
| 118|0x0000000089200000, 0x0000000089200000, 0x0000000089300000|  0%| F|  |TAMS 0x0000000089200000, 0x0000000089200000| Untracked 
| 119|0x0000000089300000, 0x0000000089300000, 0x0000000089400000|  0%| F|  |TAMS 0x0000000089300000, 0x0000000089300000| Untracked 
| 120|0x0000000089400000, 0x0000000089400000, 0x0000000089500000|  0%| F|  |TAMS 0x0000000089400000, 0x0000000089400000| Untracked 
| 121|0x0000000089500000, 0x0000000089500000, 0x0000000089600000|  0%| F|  |TAMS 0x0000000089500000, 0x0000000089500000| Untracked 
| 122|0x0000000089600000, 0x0000000089600000, 0x0000000089700000|  0%| F|  |TAMS 0x0000000089600000, 0x0000000089600000| Untracked 
| 123|0x0000000089700000, 0x0000000089700000, 0x0000000089800000|  0%| F|  |TAMS 0x0000000089700000, 0x0000000089700000| Untracked 
| 124|0x0000000089800000, 0x0000000089800000, 0x0000000089900000|  0%| F|  |TAMS 0x0000000089800000, 0x0000000089800000| Untracked 
| 125|0x0000000089900000, 0x0000000089900000, 0x0000000089a00000|  0%| F|  |TAMS 0x0000000089900000, 0x0000000089900000| Untracked 
| 126|0x0000000089a00000, 0x0000000089a00000, 0x0000000089b00000|  0%| F|  |TAMS 0x0000000089a00000, 0x0000000089a00000| Untracked 
| 127|0x0000000089b00000, 0x0000000089b00000, 0x0000000089c00000|  0%| F|  |TAMS 0x0000000089b00000, 0x0000000089b00000| Untracked 
| 128|0x0000000089c00000, 0x0000000089c00000, 0x0000000089d00000|  0%| F|  |TAMS 0x0000000089c00000, 0x0000000089c00000| Untracked 
| 129|0x0000000089d00000, 0x0000000089d00000, 0x0000000089e00000|  0%| F|  |TAMS 0x0000000089d00000, 0x0000000089d00000| Untracked 
| 130|0x0000000089e00000, 0x0000000089f00000, 0x0000000089f00000|100%| E|  |TAMS 0x0000000089e00000, 0x0000000089e00000| Complete 
| 131|0x0000000089f00000, 0x000000008a000000, 0x000000008a000000|100%| E|CS|TAMS 0x0000000089f00000, 0x0000000089f00000| Complete 
| 132|0x000000008a000000, 0x000000008a100000, 0x000000008a100000|100%| E|CS|TAMS 0x000000008a000000, 0x000000008a000000| Complete 
| 133|0x000000008a100000, 0x000000008a200000, 0x000000008a200000|100%| E|CS|TAMS 0x000000008a100000, 0x000000008a100000| Complete 
| 134|0x000000008a200000, 0x000000008a300000, 0x000000008a300000|100%| E|CS|TAMS 0x000000008a200000, 0x000000008a200000| Complete 
| 135|0x000000008a300000, 0x000000008a400000, 0x000000008a400000|100%| E|CS|TAMS 0x000000008a300000, 0x000000008a300000| Complete 
| 136|0x000000008a400000, 0x000000008a500000, 0x000000008a500000|100%| E|CS|TAMS 0x000000008a400000, 0x000000008a400000| Complete 
| 137|0x000000008a500000, 0x000000008a600000, 0x000000008a600000|100%| E|CS|TAMS 0x000000008a500000, 0x000000008a500000| Complete 
| 138|0x000000008a600000, 0x000000008a700000, 0x000000008a700000|100%| E|CS|TAMS 0x000000008a600000, 0x000000008a600000| Complete 
| 139|0x000000008a700000, 0x000000008a800000, 0x000000008a800000|100%| E|CS|TAMS 0x000000008a700000, 0x000000008a700000| Complete 
| 140|0x000000008a800000, 0x000000008a900000, 0x000000008a900000|100%| E|CS|TAMS 0x000000008a800000, 0x000000008a800000| Complete 

Card table byte_map: [0x000001c6cba20000,0x000001c6cbe20000] _byte_map_base: 0x000001c6cb612000

Marking Bits (Prev, Next): (CMBitMap*) 0x000001c6b71dd430, (CMBitMap*) 0x000001c6b71dd470
 Prev Bits: [0x000001c6cc220000, 0x000001c6ce1b0000)
 Next Bits: [0x000001c6ce1b0000, 0x000001c6d0140000)

Polling page: 0x000001c6b6f40000

Metaspace:

Usage:
  Non-class:     58.22 MB used.
      Class:      8.40 MB used.
       Both:     66.62 MB used.

Virtual space:
  Non-class space:       64.00 MB reserved,      58.44 MB ( 91%) committed,  8 nodes.
      Class space:        1.00 GB reserved,       8.56 MB ( <1%) committed,  1 nodes.
             Both:        1.06 GB reserved,      67.00 MB (  6%) committed. 

Chunk freelists:
   Non-Class:  1.52 MB
       Class:  3.44 MB
        Both:  4.96 MB

MaxMetaspaceSize: unlimited
CompressedClassSpaceSize: 1.00 GB
Initial GC threshold: 21.00 MB
Current GC threshold: 105.75 MB
CDS: off
MetaspaceReclaimPolicy: balanced
 - commit_granule_bytes: 65536.
 - commit_granule_words: 8192.
 - virtual_space_node_default_size: 1048576.
 - enlarge_chunks_in_place: 1.
 - new_chunks_are_fully_committed: 0.
 - uncommit_free_chunks: 1.
 - use_allocation_guard: 0.
 - handle_deallocations: 1.


Internal statistics:

num_allocs_failed_limit: 9.
num_arena_births: 598.
num_arena_deaths: 2.
num_vsnodes_births: 9.
num_vsnodes_deaths: 0.
num_space_committed: 1072.
num_space_uncommitted: 0.
num_chunks_returned_to_freelist: 12.
num_chunks_taken_from_freelist: 2730.
num_chunk_merges: 6.
num_chunk_splits: 1823.
num_chunks_enlarged: 1364.
num_purges: 2.
num_inconsistent_stats: 0.

CodeHeap 'non-profiled nmethods': size=120000Kb used=4028Kb max_used=5262Kb free=115972Kb
 bounds [0x000001c6c3ac0000, 0x000001c6c3ff0000, 0x000001c6caff0000]
CodeHeap 'profiled nmethods': size=120000Kb used=12414Kb max_used=13663Kb free=107586Kb
 bounds [0x000001c6bc590000, 0x000001c6bd2f0000, 0x000001c6c3ac0000]
CodeHeap 'non-nmethods': size=5760Kb used=1321Kb max_used=1423Kb free=4438Kb
 bounds [0x000001c6bbff0000, 0x000001c6bc260000, 0x000001c6bc590000]
 total_blobs=6843 nmethods=6285 adapters=470
 compilation: enabled
              stopped_count=0, restarted_count=0
 full_count=0

Compilation events (20 events):
Event: 22.432 Thread 0x000001c6d3051ec0 7377       2       org.springframework.core.annotation.AnnotationTypeMapping::addConventionAnnotationValues (112 bytes)
Event: 22.432 Thread 0x000001c6d3051ec0 nmethod 7377 0x000001c6bc880090 code [0x000001c6bc880280, 0x000001c6bc880688]
Event: 22.433 Thread 0x000001c6d3051ec0 7378       2       org.springframework.core.annotation.AnnotationTypeMapping::computeSynthesizableFlag (195 bytes)
Event: 22.434 Thread 0x000001c6d3051ec0 nmethod 7378 0x000001c6bc994490 code [0x000001c6bc9946c0, 0x000001c6bc994d18]
Event: 22.434 Thread 0x000001c6d3051ec0 7374       2       org.springframework.core.annotation.AnnotationTypeMapping::resolveAliasedForTargets (89 bytes)
Event: 22.435 Thread 0x000001c6d3051ec0 nmethod 7374 0x000001c6bc8ac590 code [0x000001c6bc8ac780, 0x000001c6bc8acc18]
Event: 22.435 Thread 0x000001c6d3051ec0 7375       2       org.springframework.core.annotation.AnnotationTypeMapping::processAliases (70 bytes)
Event: 22.436 Thread 0x000001c6d3051ec0 nmethod 7375 0x000001c6bcb0ce10 code [0x000001c6bcb0d000, 0x000001c6bcb0d4b8]
Event: 22.436 Thread 0x000001c6d3051ec0 7376       2       org.springframework.core.annotation.AnnotationTypeMapping::addConventionMappings (123 bytes)
Event: 22.436 Thread 0x000001c6d3051ec0 nmethod 7376 0x000001c6bcb24810 code [0x000001c6bcb249e0, 0x000001c6bcb24db8]
Event: 22.448 Thread 0x000001c6d3051ec0 7381       2       java.util.TreeMap$KeySet::size (10 bytes)
Event: 22.448 Thread 0x000001c6d3051ec0 nmethod 7381 0x000001c6bcf59190 code [0x000001c6bcf59320, 0x000001c6bcf59448]
Event: 22.449 Thread 0x000001c6d3051ec0 7382       2       sun.management.LazyCompositeData::getLong (28 bytes)
Event: 22.449 Thread 0x000001c6d3051ec0 nmethod 7382 0x000001c6bc95af90 code [0x000001c6bc95b140, 0x000001c6bc95b358]
Event: 22.453 Thread 0x000001c6d3051ec0 7383   !   2       org.springframework.boot.context.properties.bind.Binder::bind (74 bytes)
Event: 22.453 Thread 0x000001c6d3051ec0 nmethod 7383 0x000001c6bc7daf10 code [0x000001c6bc7db0e0, 0x000001c6bc7db408]
Event: 22.453 Thread 0x000001c6d3051ec0 7384       2       org.springframework.boot.context.properties.bind.BindHandler::onStart (2 bytes)
Event: 22.454 Thread 0x000001c6d3051ec0 nmethod 7384 0x000001c6bc998890 code [0x000001c6bc998a20, 0x000001c6bc998b38]
Event: 22.454 Thread 0x000001c6d3051ec0 7385       1       org.springframework.boot.context.properties.bind.Bindable::getValue (5 bytes)
Event: 22.454 Thread 0x000001c6d3051ec0 nmethod 7385 0x000001c6c3ba6810 code [0x000001c6c3ba69a0, 0x000001c6c3ba6a78]

GC Heap History (20 events):
Event: 15.342 GC heap before
{Heap before GC invocations=21 (full 0):
 garbage-first heap   total 89088K, used 73678K [0x0000000081c00000, 0x0000000100000000)
  region size 1024K, 44 young (45056K), 5 survivors (5120K)
 Metaspace       used 50347K, committed 50624K, reserved 1097728K
  class space    used 6059K, committed 6208K, reserved 1048576K
}
Event: 15.352 GC heap after
{Heap after GC invocations=22 (full 0):
 garbage-first heap   total 89088K, used 35682K [0x0000000081c00000, 0x0000000100000000)
  region size 1024K, 5 young (5120K), 5 survivors (5120K)
 Metaspace       used 50347K, committed 50624K, reserved 1097728K
  class space    used 6059K, committed 6208K, reserved 1048576K
}
Event: 16.119 GC heap before
{Heap before GC invocations=22 (full 0):
 garbage-first heap   total 89088K, used 73570K [0x0000000081c00000, 0x0000000100000000)
  region size 1024K, 42 young (43008K), 5 survivors (5120K)
 Metaspace       used 53578K, committed 53888K, reserved 1097728K
  class space    used 6665K, committed 6784K, reserved 1048576K
}
Event: 16.128 GC heap after
{Heap after GC invocations=23 (full 0):
 garbage-first heap   total 89088K, used 36802K [0x0000000081c00000, 0x0000000100000000)
  region size 1024K, 4 young (4096K), 4 survivors (4096K)
 Metaspace       used 53578K, committed 53888K, reserved 1097728K
  class space    used 6665K, committed 6784K, reserved 1048576K
}
Event: 17.244 GC heap before
{Heap before GC invocations=23 (full 0):
 garbage-first heap   total 89088K, used 73666K [0x0000000081c00000, 0x0000000100000000)
  region size 1024K, 40 young (40960K), 4 survivors (4096K)
 Metaspace       used 55684K, committed 56064K, reserved 1105920K
  class space    used 6945K, committed 7168K, reserved 1048576K
}
Event: 17.251 GC heap after
{Heap after GC invocations=24 (full 0):
 garbage-first heap   total 89088K, used 37978K [0x0000000081c00000, 0x0000000100000000)
  region size 1024K, 3 young (3072K), 3 survivors (3072K)
 Metaspace       used 55684K, committed 56064K, reserved 1105920K
  class space    used 6945K, committed 7168K, reserved 1048576K
}
Event: 18.535 GC heap before
{Heap before GC invocations=24 (full 0):
 garbage-first heap   total 89088K, used 73818K [0x0000000081c00000, 0x0000000100000000)
  region size 1024K, 38 young (38912K), 3 survivors (3072K)
 Metaspace       used 57594K, committed 58048K, reserved 1105920K
  class space    used 7214K, committed 7424K, reserved 1048576K
}
Event: 18.543 GC heap after
{Heap after GC invocations=25 (full 0):
 garbage-first heap   total 89088K, used 40136K [0x0000000081c00000, 0x0000000100000000)
  region size 1024K, 5 young (5120K), 5 survivors (5120K)
 Metaspace       used 57594K, committed 58048K, reserved 1105920K
  class space    used 7214K, committed 7424K, reserved 1048576K
}
Event: 19.279 GC heap before
{Heap before GC invocations=25 (full 0):
 garbage-first heap   total 89088K, used 73928K [0x0000000081c00000, 0x0000000100000000)
  region size 1024K, 38 young (38912K), 5 survivors (5120K)
 Metaspace       used 59810K, committed 60224K, reserved 1105920K
  class space    used 7431K, committed 7616K, reserved 1048576K
}
Event: 19.290 GC heap after
{Heap after GC invocations=26 (full 0):
 garbage-first heap   total 89088K, used 41289K [0x0000000081c00000, 0x0000000100000000)
  region size 1024K, 4 young (4096K), 4 survivors (4096K)
 Metaspace       used 59810K, committed 60224K, reserved 1105920K
  class space    used 7431K, committed 7616K, reserved 1048576K
}
Event: 19.452 GC heap before
{Heap before GC invocations=26 (full 0):
 garbage-first heap   total 89088K, used 45385K [0x0000000081c00000, 0x0000000100000000)
  region size 1024K, 9 young (9216K), 4 survivors (4096K)
 Metaspace       used 59972K, committed 60288K, reserved 1105920K
  class space    used 7446K, committed 7616K, reserved 1048576K
}
Event: 19.457 GC heap after
{Heap after GC invocations=27 (full 0):
 garbage-first heap   total 89088K, used 41435K [0x0000000081c00000, 0x0000000100000000)
  region size 1024K, 2 young (2048K), 2 survivors (2048K)
 Metaspace       used 59972K, committed 60288K, reserved 1105920K
  class space    used 7446K, committed 7616K, reserved 1048576K
}
Event: 20.701 GC heap before
{Heap before GC invocations=28 (full 0):
 garbage-first heap   total 89088K, used 74203K [0x0000000081c00000, 0x0000000100000000)
  region size 1024K, 34 young (34816K), 2 survivors (2048K)
 Metaspace       used 61505K, committed 61888K, reserved 1105920K
  class space    used 7693K, committed 7872K, reserved 1048576K
}
Event: 20.707 GC heap after
{Heap after GC invocations=29 (full 0):
 garbage-first heap   total 89088K, used 43115K [0x0000000081c00000, 0x0000000100000000)
  region size 1024K, 3 young (3072K), 3 survivors (3072K)
 Metaspace       used 61505K, committed 61888K, reserved 1105920K
  class space    used 7693K, committed 7872K, reserved 1048576K
}
Event: 20.732 GC heap before
{Heap before GC invocations=29 (full 0):
 garbage-first heap   total 89088K, used 44139K [0x0000000081c00000, 0x0000000100000000)
  region size 1024K, 4 young (4096K), 3 survivors (3072K)
 Metaspace       used 61726K, committed 62208K, reserved 1105920K
  class space    used 7717K, committed 7936K, reserved 1048576K
}
Event: 20.738 GC heap after
{Heap after GC invocations=30 (full 0):
 garbage-first heap   total 89088K, used 42742K [0x0000000081c00000, 0x0000000100000000)
  region size 1024K, 1 young (1024K), 1 survivors (1024K)
 Metaspace       used 61726K, committed 62208K, reserved 1105920K
  class space    used 7717K, committed 7936K, reserved 1048576K
}
Event: 21.612 GC heap before
{Heap before GC invocations=30 (full 0):
 garbage-first heap   total 89088K, used 73462K [0x0000000081c00000, 0x0000000100000000)
  region size 1024K, 31 young (31744K), 1 survivors (1024K)
 Metaspace       used 64284K, committed 64704K, reserved 1105920K
  class space    used 8103K, committed 8320K, reserved 1048576K
}
Event: 21.615 GC heap after
{Heap after GC invocations=31 (full 0):
 garbage-first heap   total 89088K, used 43382K [0x0000000081c00000, 0x0000000100000000)
  region size 1024K, 2 young (2048K), 2 survivors (2048K)
 Metaspace       used 64284K, committed 64704K, reserved 1105920K
  class space    used 8103K, committed 8320K, reserved 1048576K
}
Event: 22.439 GC heap before
{Heap before GC invocations=32 (full 0):
 garbage-first heap   total 89088K, used 73078K [0x0000000081c00000, 0x0000000100000000)
  region size 1024K, 32 young (32768K), 2 survivors (2048K)
 Metaspace       used 67886K, committed 68288K, reserved 1114112K
  class space    used 8575K, committed 8768K, reserved 1048576K
}
Event: 22.446 GC heap after
{Heap after GC invocations=33 (full 0):
 garbage-first heap   total 89088K, used 46231K [0x0000000081c00000, 0x0000000100000000)
  region size 1024K, 4 young (4096K), 4 survivors (4096K)
 Metaspace       used 67886K, committed 68288K, reserved 1114112K
  class space    used 8575K, committed 8768K, reserved 1048576K
}

Deoptimization events (20 events):
Event: 22.451 Thread 0x000001c6b7182840 Uncommon trap: trap_request=0xffffff97 fr.pc=0x000001c6c3e72c78 relative=0x0000000000000138
Event: 22.451 Thread 0x000001c6b7182840 Uncommon trap: reason=unhandled action=none pc=0x000001c6c3e72c78 method=jdk.internal.loader.BuiltinClassLoader.loadClass(Ljava/lang/String;Z)Ljava/lang/Class; @ 19 c2
Event: 22.451 Thread 0x000001c6b7182840 DEOPT PACKING pc=0x000001c6c3e72c78 sp=0x000000c253cf3f90
Event: 22.451 Thread 0x000001c6b7182840 DEOPT UNPACKING pc=0x000001c6bc0423a3 sp=0x000000c253cf3e58 mode 2
Event: 22.451 Thread 0x000001c6b7182840 DEOPT PACKING pc=0x000001c6c3cd0954 sp=0x000000c253cf4980
Event: 22.451 Thread 0x000001c6b7182840 DEOPT UNPACKING pc=0x000001c6bc042b43 sp=0x000000c253cf3df8 mode 1
Event: 22.451 Thread 0x000001c6b7182840 DEOPT PACKING pc=0x000001c6bd224ba4 sp=0x000000c253cf49c0
Event: 22.451 Thread 0x000001c6b7182840 DEOPT UNPACKING pc=0x000001c6bc042b43 sp=0x000000c253cf3f20 mode 1
Event: 22.452 Thread 0x000001c6b7182840 Uncommon trap: trap_request=0xffffff97 fr.pc=0x000001c6c3e72c78 relative=0x0000000000000138
Event: 22.452 Thread 0x000001c6b7182840 Uncommon trap: reason=unhandled action=none pc=0x000001c6c3e72c78 method=jdk.internal.loader.BuiltinClassLoader.loadClass(Ljava/lang/String;Z)Ljava/lang/Class; @ 19 c2
Event: 22.452 Thread 0x000001c6b7182840 DEOPT PACKING pc=0x000001c6c3e72c78 sp=0x000000c253cf3f30
Event: 22.452 Thread 0x000001c6b7182840 DEOPT UNPACKING pc=0x000001c6bc0423a3 sp=0x000000c253cf3df8 mode 2
Event: 22.452 Thread 0x000001c6b7182840 DEOPT PACKING pc=0x000001c6c3cd0954 sp=0x000000c253cf4920
Event: 22.452 Thread 0x000001c6b7182840 DEOPT UNPACKING pc=0x000001c6bc042b43 sp=0x000000c253cf3d98 mode 1
Event: 22.452 Thread 0x000001c6b7182840 DEOPT PACKING pc=0x000001c6bd226e4c sp=0x000000c253cf4960
Event: 22.452 Thread 0x000001c6b7182840 DEOPT UNPACKING pc=0x000001c6bc042b43 sp=0x000000c253cf3eb0 mode 1
Event: 22.452 Thread 0x000001c6b7182840 DEOPT PACKING pc=0x000001c6bc9b9aec sp=0x000000c253cf4970
Event: 22.452 Thread 0x000001c6b7182840 DEOPT UNPACKING pc=0x000001c6bc042b43 sp=0x000000c253cf3e40 mode 1
Event: 22.452 Thread 0x000001c6b7182840 DEOPT PACKING pc=0x000001c6bd0fa24c sp=0x000000c253cf4c60
Event: 22.452 Thread 0x000001c6b7182840 DEOPT UNPACKING pc=0x000001c6bc042b43 sp=0x000000c253cf4120 mode 1

Classes unloaded (1 events):
Event: 19.553 Thread 0x000001c6d27c1bc0 Unloading class 0x000000010066c000 'net/bytebuddy/mirror/AccessibleObject'

Classes redefined (0 events):
No events

Internal exceptions (20 events):
Event: 22.258 Thread 0x000001c6d78bbb90 Exception <a 'java/lang/reflect/InvocationTargetException'{0x00000000870db108}> (0x00000000870db108) 
thrown [s\src\hotspot\share\runtime\reflection.cpp, line 1121]
Event: 22.259 Thread 0x000001c6d78c1230 Exception <a 'java/lang/reflect/InvocationTargetException'{0x0000000086c255f0}> (0x0000000086c255f0) 
thrown [s\src\hotspot\share\runtime\reflection.cpp, line 1121]
Event: 22.259 Thread 0x000001c6d78bf550 Exception <a 'java/lang/reflect/InvocationTargetException'{0x0000000085f0bd20}> (0x0000000085f0bd20) 
thrown [s\src\hotspot\share\runtime\reflection.cpp, line 1121]
Event: 22.264 Thread 0x000001c6b7182840 Exception <a 'java/lang/ClassNotFoundException'{0x0000000085b7c110}: org/springframework/data/mongodb/core/mapping/MongoMappingContextCustomizer> (0x0000000085b7c110) 
thrown [s\src\hotspot\share\classfile\systemDictionary.cpp, line 256]
Event: 22.268 Thread 0x000001c6b7182840 Exception <a 'java/lang/ClassNotFoundException'{0x0000000085ab02d0}: org/springframework/context/ApplicationContextAwareCustomizer> (0x0000000085ab02d0) 
thrown [s\src\hotspot\share\classfile\systemDictionary.cpp, line 256]
Event: 22.271 Thread 0x000001c6b7182840 Exception <a 'java/lang/ClassNotFoundException'{0x0000000085abbef0}: org/springframework/beans/factory/AwareCustomizer> (0x0000000085abbef0) 
thrown [s\src\hotspot\share\classfile\systemDictionary.cpp, line 256]
Event: 22.274 Thread 0x000001c6b7182840 Exception <a 'java/lang/ClassNotFoundException'{0x0000000085ac7040}: org/springframework/data/mapping/context/MappingContextCustomizer> (0x0000000085ac7040) 
thrown [s\src\hotspot\share\classfile\systemDictionary.cpp, line 256]
Event: 22.278 Thread 0x000001c6b7182840 Exception <a 'java/lang/ClassNotFoundException'{0x0000000085ae0890}: org/springframework/context/ApplicationEventPublisherAwareCustomizer> (0x0000000085ae0890) 
thrown [s\src\hotspot\share\classfile\systemDictionary.cpp, line 256]
Event: 22.281 Thread 0x000001c6b7182840 Exception <a 'java/lang/ClassNotFoundException'{0x0000000085aec158}: org/springframework/beans/factory/AwareCustomizer> (0x0000000085aec158) 
thrown [s\src\hotspot\share\classfile\systemDictionary.cpp, line 256]
Event: 22.284 Thread 0x000001c6b7182840 Exception <a 'java/lang/ClassNotFoundException'{0x0000000085af6b68}: org/springframework/context/ApplicationContextAwareCustomizer> (0x0000000085af6b68) 
thrown [s\src\hotspot\share\classfile\systemDictionary.cpp, line 256]
Event: 22.287 Thread 0x000001c6b7182840 Exception <a 'java/lang/ClassNotFoundException'{0x0000000085909758}: org/springframework/beans/factory/AwareCustomizer> (0x0000000085909758) 
thrown [s\src\hotspot\share\classfile\systemDictionary.cpp, line 256]
Event: 22.290 Thread 0x000001c6b7182840 Exception <a 'java/lang/ClassNotFoundException'{0x0000000085914248}: org/springframework/beans/factory/InitializingBeanCustomizer> (0x0000000085914248) 
thrown [s\src\hotspot\share\classfile\systemDictionary.cpp, line 256]
Event: 22.335 Thread 0x000001c6b7182840 Exception <a 'java/lang/ClassNotFoundException'{0x000000008589a788}: java/lang/ObjectCustomizer> (0x000000008589a788) 
thrown [s\src\hotspot\share\classfile\systemDictionary.cpp, line 256]
Event: 22.338 Thread 0x000001c6b7182840 Exception <a 'java/lang/ClassNotFoundException'{0x00000000858a7ec8}: com/yuzee/app/bean/EducationSystemCustomizer> (0x00000000858a7ec8) 
thrown [s\src\hotspot\share\classfile\systemDictionary.cpp, line 256]
Event: 22.403 Thread 0x000001c6b7182840 Exception <a 'java/lang/ClassNotFoundException'{0x00000000856a2308}: java/lang/ObjectCustomizer> (0x00000000856a2308) 
thrown [s\src\hotspot\share\classfile\systemDictionary.cpp, line 256]
Event: 22.406 Thread 0x000001c6b7182840 Exception <a 'java/lang/ClassNotFoundException'{0x00000000856afe50}: com/yuzee/app/bean/LevelCustomizer> (0x00000000856afe50) 
thrown [s\src\hotspot\share\classfile\systemDictionary.cpp, line 256]
Event: 22.428 Thread 0x000001c6b7182840 Exception <a 'java/lang/ClassNotFoundException'{0x0000000085599408}: java/lang/ObjectCustomizer> (0x0000000085599408) 
thrown [s\src\hotspot\share\classfile\systemDictionary.cpp, line 256]
Event: 22.430 Thread 0x000001c6b7182840 Exception <a 'java/lang/ClassNotFoundException'{0x00000000855a8090}: org/springframework/cloud/autoconfigure/RefreshAutoConfigurationCustomizer> (0x00000000855a8090) 
thrown [s\src\hotspot\share\classfile\systemDictionary.cpp, line 256]
Event: 22.449 Thread 0x000001c6b7182840 Exception <a 'java/lang/ClassNotFoundException'{0x0000000089b27098}: java/lang/ObjectCustomizer> (0x0000000089b27098) 
thrown [s\src\hotspot\share\classfile\systemDictionary.cpp, line 256]
Event: 22.452 Thread 0x000001c6b7182840 Exception <a 'java/lang/ClassNotFoundException'{0x0000000089b37990}: org/springframework/cloud/autoconfigure/RefreshAutoConfiguration$RefreshPropertiesCustomizer> (0x0000000089b37990) 
thrown [s\src\hotspot\share\classfile\systemDictionary.cpp, line 256]

VM Operations (20 events):
Event: 21.813 Executing VM operation: G1Concurrent
Event: 21.819 Executing VM operation: G1Concurrent done
Event: 21.872 Executing VM operation: HandshakeAllThreads
Event: 21.872 Executing VM operation: HandshakeAllThreads done
Event: 21.883 Executing VM operation: HandshakeAllThreads
Event: 21.883 Executing VM operation: HandshakeAllThreads done
Event: 21.883 Executing VM operation: HandshakeAllThreads
Event: 21.883 Executing VM operation: HandshakeAllThreads done
Event: 22.063 Executing VM operation: HandshakeAllThreads
Event: 22.075 Executing VM operation: HandshakeAllThreads done
Event: 22.207 Executing VM operation: HandshakeAllThreads
Event: 22.207 Executing VM operation: HandshakeAllThreads done
Event: 22.241 Executing VM operation: HandshakeAllThreads
Event: 22.241 Executing VM operation: HandshakeAllThreads done
Event: 22.331 Executing VM operation: HandshakeAllThreads
Event: 22.331 Executing VM operation: HandshakeAllThreads done
Event: 22.343 Executing VM operation: HandshakeAllThreads
Event: 22.343 Executing VM operation: HandshakeAllThreads done
Event: 22.439 Executing VM operation: G1CollectForAllocation
Event: 22.446 Executing VM operation: G1CollectForAllocation done

Events (20 events):
Event: 22.257 loading class jdk/internal/icu/impl/Trie2$ValueMapper done
Event: 22.257 loading class jdk/internal/icu/impl/Trie2$1 done
Event: 22.257 loading class jdk/internal/icu/impl/Trie2$UTrie2Header
Event: 22.257 loading class jdk/internal/icu/impl/Trie2$UTrie2Header done
Event: 22.335 loading class java/lang/ObjectCustomizer
Event: 22.335 loading class java/lang/ObjectCustomizer done
Event: 22.335 loading class java/lang/ObjectCustomizer
Event: 22.335 loading class java/lang/ObjectCustomizer done
Event: 22.403 loading class java/lang/ObjectCustomizer
Event: 22.403 loading class java/lang/ObjectCustomizer done
Event: 22.403 loading class java/lang/ObjectCustomizer
Event: 22.403 loading class java/lang/ObjectCustomizer done
Event: 22.428 loading class java/lang/ObjectCustomizer
Event: 22.428 loading class java/lang/ObjectCustomizer done
Event: 22.428 loading class java/lang/ObjectCustomizer
Event: 22.428 loading class java/lang/ObjectCustomizer done
Event: 22.449 loading class java/lang/ObjectCustomizer
Event: 22.449 loading class java/lang/ObjectCustomizer done
Event: 22.449 loading class java/lang/ObjectCustomizer
Event: 22.449 loading class java/lang/ObjectCustomizer done


Dynamic libraries:
0x00007ff63ade0000 - 0x00007ff63adee000 	C:\Users\BUYPC\Desktop\sts-4.16.0.RELEASE\plugins\org.eclipse.justj.openjdk.hotspot.jre.full.win32.x86_64_17.0.4.v20220903-1038\jre\bin\javaw.exe
0x00007ff90df50000 - 0x00007ff90e148000 	C:\Windows\SYSTEM32\ntdll.dll
0x00007ff8edc50000 - 0x00007ff8edc67000 	C:\Program Files\Avast Software\Avast\aswhook.dll
0x00007ff90d160000 - 0x00007ff90d21f000 	C:\Windows\System32\KERNEL32.DLL
0x00007ff90b980000 - 0x00007ff90bc52000 	C:\Windows\System32\KERNELBASE.dll
0x00007ff90b720000 - 0x00007ff90b820000 	C:\Windows\System32\ucrtbase.dll
0x00007ff8e9cc0000 - 0x00007ff8e9cd8000 	C:\Users\BUYPC\Desktop\sts-4.16.0.RELEASE\plugins\org.eclipse.justj.openjdk.hotspot.jre.full.win32.x86_64_17.0.4.v20220903-1038\jre\bin\jli.dll
0x00007ff8fd7e0000 - 0x00007ff8fd7f9000 	C:\Users\BUYPC\Desktop\sts-4.16.0.RELEASE\plugins\org.eclipse.justj.openjdk.hotspot.jre.full.win32.x86_64_17.0.4.v20220903-1038\jre\bin\VCRUNTIME140.dll
0x00007ff90ccf0000 - 0x00007ff90ce8d000 	C:\Windows\System32\USER32.dll
0x00007ff90b6f0000 - 0x00007ff90b712000 	C:\Windows\System32\win32u.dll
0x00007ff90cc60000 - 0x00007ff90cc8b000 	C:\Windows\System32\GDI32.dll
0x00007ff8f80c0000 - 0x00007ff8f835a000 	C:\Windows\WinSxS\amd64_microsoft.windows.common-controls_6595b64144ccf1df_6.0.19041.1110_none_60b5254171f9507e\COMCTL32.dll
0x00007ff90be90000 - 0x00007ff90bf9f000 	C:\Windows\System32\gdi32full.dll
0x00007ff90bcf0000 - 0x00007ff90bd8d000 	C:\Windows\System32\msvcp_win.dll
0x00007ff90d3c0000 - 0x00007ff90d45e000 	C:\Windows\System32\msvcrt.dll
0x00007ff90cfb0000 - 0x00007ff90cfe2000 	C:\Windows\System32\IMM32.DLL
0x00007ff907980000 - 0x00007ff90798c000 	C:\Users\BUYPC\Desktop\sts-4.16.0.RELEASE\plugins\org.eclipse.justj.openjdk.hotspot.jre.full.win32.x86_64_17.0.4.v20220903-1038\jre\bin\vcruntime140_1.dll
0x00007ff8f3b40000 - 0x00007ff8f3bd1000 	C:\Users\BUYPC\Desktop\sts-4.16.0.RELEASE\plugins\org.eclipse.justj.openjdk.hotspot.jre.full.win32.x86_64_17.0.4.v20220903-1038\jre\bin\msvcp140.dll
0x00007ff8da0c0000 - 0x00007ff8dad06000 	C:\Users\BUYPC\Desktop\sts-4.16.0.RELEASE\plugins\org.eclipse.justj.openjdk.hotspot.jre.full.win32.x86_64_17.0.4.v20220903-1038\jre\bin\server\jvm.dll
0x00007ff90c1b0000 - 0x00007ff90c25e000 	C:\Windows\System32\ADVAPI32.dll
0x00007ff90d050000 - 0x00007ff90d0ec000 	C:\Windows\System32\sechost.dll
0x00007ff90d230000 - 0x00007ff90d355000 	C:\Windows\System32\RPCRT4.dll
0x00007ff90cae0000 - 0x00007ff90cae8000 	C:\Windows\System32\PSAPI.DLL
0x00007ff8f5520000 - 0x00007ff8f5547000 	C:\Windows\SYSTEM32\WINMM.dll
0x00007ff8fbc90000 - 0x00007ff8fbc99000 	C:\Windows\SYSTEM32\WSOCK32.dll
0x00007ff90d0f0000 - 0x00007ff90d15b000 	C:\Windows\System32\WS2_32.dll
0x00007ff902a10000 - 0x00007ff902a1a000 	C:\Windows\SYSTEM32\VERSION.dll
0x00007ff9096b0000 - 0x00007ff9096c2000 	C:\Windows\SYSTEM32\kernel.appcore.dll
0x00007ff907650000 - 0x00007ff90765a000 	C:\Users\BUYPC\Desktop\sts-4.16.0.RELEASE\plugins\org.eclipse.justj.openjdk.hotspot.jre.full.win32.x86_64_17.0.4.v20220903-1038\jre\bin\jimage.dll
0x00007ff902150000 - 0x00007ff902334000 	C:\Windows\SYSTEM32\DBGHELP.DLL
0x00007ff901fc0000 - 0x00007ff901fec000 	C:\Windows\SYSTEM32\dbgcore.DLL
0x00007ff90bc60000 - 0x00007ff90bce2000 	C:\Windows\System32\bcryptPrimitives.dll
0x00007ff8f7cd0000 - 0x00007ff8f7d0b000 	C:\Users\BUYPC\Desktop\sts-4.16.0.RELEASE\plugins\org.eclipse.justj.openjdk.hotspot.jre.full.win32.x86_64_17.0.4.v20220903-1038\jre\bin\jdwp.dll
0x00007ff907970000 - 0x00007ff90797e000 	C:\Users\BUYPC\Desktop\sts-4.16.0.RELEASE\plugins\org.eclipse.justj.openjdk.hotspot.jre.full.win32.x86_64_17.0.4.v20220903-1038\jre\bin\instrument.dll
0x00007ff8e9c90000 - 0x00007ff8e9cb5000 	C:\Users\BUYPC\Desktop\sts-4.16.0.RELEASE\plugins\org.eclipse.justj.openjdk.hotspot.jre.full.win32.x86_64_17.0.4.v20220903-1038\jre\bin\java.dll
0x00007ff8e0e00000 - 0x00007ff8e0e18000 	C:\Users\BUYPC\Desktop\sts-4.16.0.RELEASE\plugins\org.eclipse.justj.openjdk.hotspot.jre.full.win32.x86_64_17.0.4.v20220903-1038\jre\bin\zip.dll
0x00007ff90d610000 - 0x00007ff90dd53000 	C:\Windows\System32\SHELL32.dll
0x00007ff9096d0000 - 0x00007ff909e62000 	C:\Windows\SYSTEM32\windows.storage.dll
0x00007ff90c6d0000 - 0x00007ff90ca24000 	C:\Windows\System32\combase.dll
0x00007ff90aef0000 - 0x00007ff90af20000 	C:\Windows\SYSTEM32\Wldp.dll
0x00007ff90ca30000 - 0x00007ff90cadd000 	C:\Windows\System32\SHCORE.dll
0x00007ff90cc90000 - 0x00007ff90cce5000 	C:\Windows\System32\shlwapi.dll
0x00007ff90b590000 - 0x00007ff90b5af000 	C:\Windows\SYSTEM32\profapi.dll
0x00007ff907700000 - 0x00007ff90770c000 	C:\Users\BUYPC\Desktop\sts-4.16.0.RELEASE\plugins\org.eclipse.justj.openjdk.hotspot.jre.full.win32.x86_64_17.0.4.v20220903-1038\jre\bin\dt_socket.dll
0x00007ff90a9e0000 - 0x00007ff90aa1b000 	C:\Windows\SYSTEM32\IPHLPAPI.DLL
0x00007ff90acd0000 - 0x00007ff90ad3a000 	C:\Windows\system32\mswsock.dll
0x00007ff90aa30000 - 0x00007ff90aafa000 	C:\Windows\SYSTEM32\DNSAPI.dll
0x00007ff90cb80000 - 0x00007ff90cb88000 	C:\Windows\System32\NSI.dll
0x00007ff902570000 - 0x00007ff90257a000 	C:\Windows\System32\rasadhlp.dll
0x00007ff8fd500000 - 0x00007ff8fd580000 	C:\Windows\System32\fwpuclnt.dll
0x00007ff90b650000 - 0x00007ff90b677000 	C:\Windows\System32\bcrypt.dll
0x00007ff8e0de0000 - 0x00007ff8e0df9000 	C:\Users\BUYPC\Desktop\sts-4.16.0.RELEASE\plugins\org.eclipse.justj.openjdk.hotspot.jre.full.win32.x86_64_17.0.4.v20220903-1038\jre\bin\net.dll
0x00007ff8fd580000 - 0x00007ff8fd68c000 	C:\Windows\SYSTEM32\WINHTTP.dll
0x00007ff8e0380000 - 0x00007ff8e0395000 	C:\Users\BUYPC\Desktop\sts-4.16.0.RELEASE\plugins\org.eclipse.justj.openjdk.hotspot.jre.full.win32.x86_64_17.0.4.v20220903-1038\jre\bin\nio.dll
0x00007ff8f76e0000 - 0x00007ff8f76f0000 	C:\Users\BUYPC\Desktop\sts-4.16.0.RELEASE\plugins\org.eclipse.justj.openjdk.hotspot.jre.full.win32.x86_64_17.0.4.v20220903-1038\jre\bin\verify.dll
0x00007ff902390000 - 0x00007ff9023a7000 	C:\Windows\SYSTEM32\dhcpcsvc6.DLL
0x00007ff9028d0000 - 0x00007ff9028ed000 	C:\Windows\SYSTEM32\dhcpcsvc.DLL
0x00007ff90b280000 - 0x00007ff90b298000 	C:\Windows\SYSTEM32\CRYPTSP.dll
0x00007ff90a610000 - 0x00007ff90a644000 	C:\Windows\system32\rsaenh.dll
0x00007ff90b510000 - 0x00007ff90b53e000 	C:\Windows\SYSTEM32\USERENV.dll
0x00007ff90ae60000 - 0x00007ff90ae6c000 	C:\Windows\SYSTEM32\CRYPTBASE.dll
0x00007ff906550000 - 0x00007ff906559000 	C:\Users\BUYPC\Desktop\sts-4.16.0.RELEASE\plugins\org.eclipse.justj.openjdk.hotspot.jre.full.win32.x86_64_17.0.4.v20220903-1038\jre\bin\management.dll
0x00007ff905ca0000 - 0x00007ff905cab000 	C:\Users\BUYPC\Desktop\sts-4.16.0.RELEASE\plugins\org.eclipse.justj.openjdk.hotspot.jre.full.win32.x86_64_17.0.4.v20220903-1038\jre\bin\management_ext.dll
0x00007ff8f0ab0000 - 0x00007ff8f0ac7000 	C:\Windows\system32\napinsp.dll
0x00007ff8f0a90000 - 0x00007ff8f0aab000 	C:\Windows\system32\pnrpnsp.dll
0x00007ff904e50000 - 0x00007ff904e65000 	C:\Windows\system32\wshbth.dll
0x00007ff906960000 - 0x00007ff90697d000 	C:\Windows\system32\NLAapi.dll
0x00007ff8f09c0000 - 0x00007ff8f09d2000 	C:\Windows\System32\winrnr.dll
0x00007ff907990000 - 0x00007ff90799e000 	C:\Users\BUYPC\Desktop\sts-4.16.0.RELEASE\plugins\org.eclipse.justj.openjdk.hotspot.jre.full.win32.x86_64_17.0.4.v20220903-1038\jre\bin\sunmscapi.dll
0x00007ff90b820000 - 0x00007ff90b976000 	C:\Windows\System32\CRYPT32.dll
0x00007ff90af60000 - 0x00007ff90af87000 	C:\Windows\SYSTEM32\ncrypt.dll
0x00007ff90af20000 - 0x00007ff90af5b000 	C:\Windows\SYSTEM32\NTASN1.dll

dbghelp: loaded successfully - version: 4.0.5 - missing functions: none
symbol engine: initialized successfully - sym options: 0x614 - pdb path: .;C:\Users\BUYPC\Desktop\sts-4.16.0.RELEASE\plugins\org.eclipse.justj.openjdk.hotspot.jre.full.win32.x86_64_17.0.4.v20220903-1038\jre\bin;C:\Windows\SYSTEM32;C:\Program Files\Avast Software\Avast;C:\Windows\WinSxS\amd64_microsoft.windows.common-controls_6595b64144ccf1df_6.0.19041.1110_none_60b5254171f9507e;C:\Users\BUYPC\Desktop\sts-4.16.0.RELEASE\plugins\org.eclipse.justj.openjdk.hotspot.jre.full.win32.x86_64_17.0.4.v20220903-1038\jre\bin\server

VM Arguments:
jvm_args: -XX:+ShowCodeDetailsInExceptionMessages -agentlib:jdwp=transport=dt_socket,suspend=y,address=localhost:55623 -ea -javaagent:C:\Users\BUYPC\Desktop\sts-4.16.0.RELEASE\configuration\org.eclipse.osgi\268\0\.cp\lib\javaagent-shaded.jar -Dfile.encoding=UTF-8 
java_command: org.eclipse.jdt.internal.junit.runner.RemoteTestRunner -version 3 -port 55622 -testLoaderClass org.eclipse.jdt.internal.junit5.runner.JUnit5TestLoader -loaderpluginname org.eclipse.jdt.junit5.runtime -test com.yuzee.app.controller.CourseControllerTest:updateBasiCourse
java_class_path (initial): C:\Users\BUYPC\Desktop\yuzee-backend-institute-api\target\test-classes;C:\Users\BUYPC\Desktop\yuzee-backend-institute-api\target\classes;C:\Users\BUYPC\.m2\repository\org\apache\commons\commons-lang3\3.11\commons-lang3-3.11.jar;C:\Users\BUYPC\.m2\repository\org\projectlombok\lombok\1.18.20\lombok-1.18.20.jar;C:\Users\BUYPC\.m2\repository\junit\junit\4.12\junit-4.12.jar;C:\Users\BUYPC\.m2\repository\org\hamcrest\hamcrest-core\2.2\hamcrest-core-2.2.jar;C:\Users\BUYPC\.m2\repository\org\springframework\boot\spring-boot-starter-web\2.4.5\spring-boot-starter-web-2.4.5.jar;C:\Users\BUYPC\.m2\repository\org\springframework\boot\spring-boot-starter\2.4.5\spring-boot-starter-2.4.5.jar;C:\Users\BUYPC\.m2\repository\org\springframework\boot\spring-boot-starter-logging\2.4.5\spring-boot-starter-logging-2.4.5.jar;C:\Users\BUYPC\.m2\repository\ch\qos\logback\logback-classic\1.2.3\logback-classic-1.2.3.jar;C:\Users\BUYPC\.m2\repository\ch\qos\logback\logback-core\1.2.3\logback-core-1.2.3.jar;C:\Users\BUYPC\.m2\repository\org\apache\logging\log4j\log4j-to-slf4j\2.13.3\log4j-to-slf4j-2.13.3.jar;C:\Users\BUYPC\.m2\repository\org\apache\logging\log4j\log4j-api\2.13.3\log4j-api-2.13.3.jar;C:\Users\BUYPC\.m2\repository\org\slf4j\jul-to-slf4j\1.7.30\jul-to-slf4j-1.7.30.jar;C:\Users\BUYPC\.m2\repository\org\yaml\snakeyaml\1.27\snakeyaml-1.27.jar;C:\Users\BUYPC\.m2\repository\org\springframework\boot\spring-boot-starter-json\2.4.5\spring-boot-starter-json-2.4.5.jar;C:\Users\BUYPC\.m2\repository\com\fasterxml\jackson\datatype\jackson-datatype-jdk8\2.11.4\jackson-datatype-jdk8-2.11.4.jar;C:\Users\BUYPC\.m2\repository\com\fasterxml\jackson\datatype\jackson-datatype-jsr310\2.11.4\jackson-datatype-jsr310-2.11.4.jar;C:\Users\BUYPC\.m2\repository\com\fasterxml\jackson\module\jackson-module-parameter-names\2.11.4\jackson-module-parameter-names-2.11.4.jar;C:\Users\BUYPC\.m2\repository\org\springframework\spring-web\5.3.6\spring-web-5.3.6.jar;C:\Users\BUYPC\.m2\repositor
Launcher Type: SUN_STANDARD

[Global flags]
     intx CICompilerCount                          = 3                                         {product} {ergonomic}
     uint ConcGCThreads                            = 1                                         {product} {ergonomic}
     uint G1ConcRefinementThreads                  = 4                                         {product} {ergonomic}
   size_t G1HeapRegionSize                         = 1048576                                   {product} {ergonomic}
    uintx GCDrainStackTargetSize                   = 64                                        {product} {ergonomic}
   size_t InitialHeapSize                          = 134217728                                 {product} {ergonomic}
   size_t MarkStackSize                            = 4194304                                   {product} {ergonomic}
   size_t MaxHeapSize                              = 2118123520                                {product} {ergonomic}
   size_t MaxNewSize                               = 1270874112                                {product} {ergonomic}
   size_t MinHeapDeltaBytes                        = 1048576                                   {product} {ergonomic}
   size_t MinHeapSize                              = 8388608                                   {product} {ergonomic}
    uintx NonNMethodCodeHeapSize                   = 5832780                                {pd product} {ergonomic}
    uintx NonProfiledCodeHeapSize                  = 122912730                              {pd product} {ergonomic}
    uintx ProfiledCodeHeapSize                     = 122912730                              {pd product} {ergonomic}
    uintx ReservedCodeCacheSize                    = 251658240                              {pd product} {ergonomic}
     bool SegmentedCodeCache                       = true                                      {product} {ergonomic}
     bool ShowCodeDetailsInExceptionMessages       = true                                   {manageable} {command line}
   size_t SoftMaxHeapSize                          = 2118123520                             {manageable} {ergonomic}
     bool UseCompressedClassPointers               = true                           {product lp64_product} {ergonomic}
     bool UseCompressedOops                        = true                           {product lp64_product} {ergonomic}
     bool UseG1GC                                  = true                                      {product} {ergonomic}
     bool UseLargePagesIndividualAllocation        = false                                  {pd product} {ergonomic}

Logging:
Log output configuration:
 #0: stdout all=warning uptime,level,tags
 #1: stderr all=off uptime,level,tags

Environment Variables:
JAVA_HOME=C:\Program Files\Java\jdk-17.0.2
PATH=C:\Users\BUYPC\Desktop\sts-4.16.0.RELEASE\plugins\org.eclipse.justj.openjdk.hotspot.jre.full.win32.x86_64_17.0.4.v20220903-1038\jre\bin;C:/Users/BUYPC/Desktop/sts-4.16.0.RELEASE//plugins/org.eclipse.justj.openjdk.hotspot.jre.full.win32.x86_64_17.0.4.v20220903-1038/jre/bin/server;C:/Users/BUYPC/Desktop/sts-4.16.0.RELEASE//plugins/org.eclipse.justj.openjdk.hotspot.jre.full.win32.x86_64_17.0.4.v20220903-1038/jre/bin;C:\Program Files\Common Files\Oracle\Java\javapath;C:\Program Files\Java\jdk-16.0.2\bin;C:\Windows\system32;C:\Windows;C:\Windows\System32\Wbem;C:\Windows\System32\WindowsPowerShell\v1.0\;C:\Windows\System32\OpenSSH\;C:\Users\BUYPC\Desktop\apache-maven-3.8.4-bin\apache-maven-3.8.4\bin;C:\Program Files\Git\cmd;C:\Program Files\nodejs\;C:\ProgramData\Microsoft\Windows\Start Menu\Programs\MySQL\MySQL Server 8.0;C:\Users\BUYPC\Downloads\sonarqube-8.9.9.56886\sonarqube-8.9.9.56886\bin;;C:\Program Files\Docker\Docker\resources\bin;C:\Program Files\MySQL\MySQL Shell 8.0\bin\;C:\Users\BUYPC\AppData\Local\Microsoft\WindowsApps;C:\Users\BUYPC\AppData\Roaming\npm;C:\Users\BUYPC\AppData\Local\Programs\Microsoft VS Code\bin;C:\Users\BUYPC\Desktop\;C:\Users\BUYPC\Desktop\sts-4.16.0.RELEASE;
USERNAME=BUYPC
OS=Windows_NT
PROCESSOR_IDENTIFIER=Intel64 Family 6 Model 42 Stepping 7, GenuineIntel
TMP=C:\Users\BUYPC\AppData\Local\Temp
TEMP=C:\Users\BUYPC\AppData\Local\Temp



---------------  S Y S T E M  ---------------

OS:
 Windows 10 , 64 bit Build 19041 (10.0.19041.2251)
OS uptime: 0 days 6:40 hours
Hyper-V role detected

CPU: total 4 (initial active 4) (2 cores per cpu, 2 threads per core) family 6 model 42 stepping 7 microcode 0x2f, cx8, cmov, fxsr, ht, mmx, sse, sse2, sse3, ssse3, sse4.1, sse4.2, popcnt, tsc, tscinvbit, avx, aes, clmul, vzeroupper, clflush, hv

Memory: 4k page, system-wide physical 8073M (901M free)
TotalPageFile size 12937M (AvailPageFile size 2581M)
current process WorkingSet (physical memory assigned to process): 356M, peak: 356M
current process commit charge ("private bytes"): 424M, peak: 425M

vm_info: OpenJDK 64-Bit Server VM (17.0.4.1+1) for windows-amd64 JRE (17.0.4.1+1), built on Aug 17 2022 07:42:43 by "temurin" with MS VC++ 16.7 (VS2019)

END.
