#
# A fatal error has been detected by the Java Runtime Environment:
#
#  EXCEPTION_ACCESS_VIOLATION (0xc0000005) at pc=0x00007ffa97ac72a1, pid=12060, tid=8076
#
# JRE version: OpenJDK Runtime Environment Temurin-17.0.4.1+1 (17.0.4.1+1) (build 17.0.4.1+1)
# Java VM: OpenJDK 64-Bit Server VM Temurin-17.0.4.1+1 (17.0.4.1+1, mixed mode, tiered, compressed oops, compressed class ptrs, g1 gc, windows-amd64)
# Problematic frame:
# V  [jvm.dll+0x3072a1]
#
# No core dump will be written. Minidumps are not enabled by default on client versions of Windows
#
# If you would like to submit a bug report, please visit:
#   https://github.com/adoptium/adoptium-support/issues
#

---------------  S U M M A R Y ------------

Command Line: -XX:+ShowCodeDetailsInExceptionMessages -agentlib:jdwp=transport=dt_socket,suspend=y,address=localhost:49352 -ea -javaagent:C:\Users\BUYPC\Desktop\sts-4.16.0.RELEASE\configuration\org.eclipse.osgi\268\0\.cp\lib\javaagent-shaded.jar -Dfile.encoding=UTF-8 org.eclipse.jdt.internal.junit.runner.RemoteTestRunner -version 3 -port 49351 -testLoaderClass org.eclipse.jdt.internal.junit5.runner.JUnit5TestLoader -loaderpluginname org.eclipse.jdt.junit5.runtime -packageNameFile C:\Users\BUYPC\AppData\Local\Temp\packageNames8703951093203299657.txt

Host: Intel(R) Core(TM) i7-2640M CPU @ 2.80GHz, 4 cores, 7G,  Windows 10 , 64 bit Build 19041 (10.0.19041.2251)
Time: Fri Dec  2 04:38:10 2022 Pacific Standard Time elapsed time: 14.891129 seconds (0d 0h 0m 14s)

---------------  T H R E A D  ---------------

Current thread (0x0000020ed4f98df0):  GCTaskThread "GC Thread#2" [stack: 0x0000004e7b300000,0x0000004e7b400000] [id=8076]

Stack: [0x0000004e7b300000,0x0000004e7b400000],  sp=0x0000004e7b3ff8f0,  free space=1022k
Native frames: (J=compiled Java code, j=interpreted, Vv=VM code, C=native code)
V  [jvm.dll+0x3072a1]
V  [jvm.dll+0x30407e]
V  [jvm.dll+0x312703]
V  [jvm.dll+0x3146ae]
V  [jvm.dll+0x312d4d]
V  [jvm.dll+0x31426a]
V  [jvm.dll+0x2debc3]
V  [jvm.dll+0x2e05eb]
V  [jvm.dll+0x85f6bb]
V  [jvm.dll+0x85f706]
V  [jvm.dll+0x7e240a]
V  [jvm.dll+0x6761a5]
C  [ucrtbase.dll+0x21bb2]
C  [KERNEL32.DLL+0x174b4]
C  [ntdll.dll+0x526a1]


siginfo: EXCEPTION_ACCESS_VIOLATION (0xc0000005), reading address 0x0000000000000100


Register to memory mapping:

RIP=0x00007ffa97ac72a1 jvm.dll
RAX=0x0000020ebab79348 points into unknown readable memory: 0x0000000000000000 | 00 00 00 00 00 00 00 00
RBX=0x0000000084cc3f71 is pointing into object: java.util.LinkedHashMap 
{0x0000000084cc3f60} - klass: 'java/util/LinkedHashMap'
 - ---- fields (total size 7 words):
 - transient 'keySet' 'Ljava/util/Set;' @12  a 'java/util/LinkedHashMap$LinkedKeySet'{0x0000000084cc3f98} (84cc3f98)
 - transient 'values' 'Ljava/util/Collection;' @16  
[error occurred during error reporting (printing register info), id 0xc0000005, EXCEPTION_ACCESS_VIOLATION (0xc0000005) at pc=0x00007ffa97b5095e]

Registers:
RAX=0x0000020ebab79348, RBX=0x0000000084cc3f71, RCX=0x0000000000000000, RDX=0x0000000000000000
RSP=0x0000004e7b3ff8f0, RBP=0x0000000000000c44, RSI=0x0000000084cc3f70, RDI=0x0000020ed8a84d80
R8 =0x0000000084cc3f60, R9 =0x00007ffa982bdfb8, R10=0x0000000000000100, R11=0x0000000000000001
R12=0x0000004e7b3ffba0, R13=0x0000020ebab21e50, R14=0x0000000000000040, R15=0x0000000000000000
RIP=0x00007ffa97ac72a1, EFLAGS=0x0000000000010246

Top of Stack: (sp=0x0000004e7b3ff8f0)
0x0000004e7b3ff8f0:   0000000000010000 0000000000410001
0x0000004e7b3ff900:   0000000000000001 0000000000000001
0x0000004e7b3ff910:   0000004e7b3ff990 0000000000000000
0x0000004e7b3ff920:   0000000000000000 00007ffa97ad1871
0x0000004e7b3ff930:   0000000083c8b228 0000020ecd5d0440
0x0000004e7b3ff940:   0000000000000001 0000000000000040
0x0000004e7b3ff950:   0000004e7b3ffba0 0000000083c8b000
0x0000004e7b3ff960:   0000020ed8a84d80 00007ffa97ac407e
0x0000004e7b3ff970:   0000020eb89402e0 0000004e7b3ffba0
0x0000004e7b3ff980:   0000020ecd5d0000 0000000000000001
0x0000004e7b3ff990:   0000000008dd9550 00000009a965e06b
0x0000004e7b3ff9a0:   0000004e7b3ffba0 0000000083c8b000
0x0000004e7b3ff9b0:   0000000083c8b228 00007ffa97ad2703
0x0000004e7b3ff9c0:   0000000083c8b000 0000004e7b3ff9e0
0x0000004e7b3ff9d0:   0000004e7b3ff9f0 0000020ebab7e230
0x0000004e7b3ff9e0:   0000000083c8b000 0000000000000040 

Instructions: (pc=0x00007ffa97ac72a1)
0x00007ffa97ac71a1:   1b fd ff ff 66 66 66 0f 1f 84 00 00 00 00 00 48
0x00007ffa97ac71b1:   8b 77 10 8b ae 80 00 00 00 8b cd 8b 86 00 01 00
0x00007ffa97ac71c1:   00 2b c8 81 e1 ff ff 01 00 41 3b ce 0f 86 06 03
0x00007ffa97ac71d1:   00 00 ff cd 81 e5 ff ff 01 00 89 ae 80 00 00 00
0x00007ffa97ac71e1:   e8 2a 13 36 00 8b 86 00 01 00 00 8b cd 48 8b 9e
0x00007ffa97ac71f1:   80 01 00 00 2b c8 81 e1 ff ff 01 00 8b d5 81 f9
0x00007ffa97ac7201:   ff ff 01 00 48 8b 1c eb 41 0f 44 cf 85 c9 75 41
0x00007ffa97ac7211:   48 8b 86 00 01 00 00 48 8b c8 48 89 44 24 28 48
0x00007ffa97ac7221:   c1 e9 20 ff c1 89 6c 24 20 89 4c 24 24 3b e8 0f
0x00007ffa97ac7231:   85 91 02 00 00 48 c1 e1 20 48 0b ca f0 48 0f b1
0x00007ffa97ac7241:   8e 00 01 00 00 0f 85 7b 02 00 00 8b 86 00 01 00
0x00007ffa97ac7251:   00 f6 c3 01 0f 84 3c 01 00 00 8b 0d 87 60 7f 00
0x00007ffa97ac7261:   48 8d 73 ff 48 8b 47 08 44 8b 16 49 d3 e2 4c 03
0x00007ffa97ac7271:   15 6a 60 7f 00 8b 88 90 05 00 00 49 8b d2 48 8b
0x00007ffa97ac7281:   80 80 05 00 00 48 d3 ea 0f b7 0c 50 66 89 8c 24
0x00007ffa97ac7291:   90 00 00 00 66 c1 e9 08 84 c9 0f 88 0f ff ff ff
0x00007ffa97ac72a1:   4d 8b 02 41 0f b6 c0 24 03 3c 03 75 1e 44 38 3d
0x00007ffa97ac72b1:   6b 21 86 00 74 0f 41 0f b6 c0 24 07 3c 05 75 05
0x00007ffa97ac72c1:   4d 8b c7 eb 1f 49 83 e0 fc eb 19 0f b7 94 24 90
0x00007ffa97ac72d1:   00 00 00 4d 8b c8 4d 8b c2 48 8b cf e8 1e ef ff
0x00007ffa97ac72e1:   ff 4c 8b c0 8b 0d fd 5f 7f 00 49 8b d0 48 2b 15
0x00007ffa97ac72f1:   eb 5f 7f 00 48 d3 ea 89 16 49 8b d0 8b 0d 9d 29
0x00007ffa97ac7301:   86 00 48 33 d6 48 d3 ea 48 85 d2 0f 84 9e fe ff
0x00007ffa97ac7311:   ff 48 8b 47 08 48 8b d6 8b 88 c0 01 00 00 48 8b
0x00007ffa97ac7321:   80 b0 01 00 00 48 d3 ea 48 8b 0c d0 8b 81 94 00
0x00007ffa97ac7331:   00 00 d1 e8 a8 01 0f 85 73 fe ff ff 48 8b 47 08
0x00007ffa97ac7341:   8b 88 90 05 00 00 48 8b 80 80 05 00 00 49 d3 e8
0x00007ffa97ac7351:   46 38 3c 40 0f 84 55 fe ff ff 48 8b 47 60 48 c1
0x00007ffa97ac7361:   ee 09 48 8b 58 40 48 8b 48 38 48 03 de 48 2b d9
0x00007ffa97ac7371:   48 39 9f b0 01 00 00 0f 84 32 fe ff ff 48 8d 14
0x00007ffa97ac7381:   0b 48 8d 4f 18 e8 c5 40 00 00 48 89 9f b0 01 00
0x00007ffa97ac7391:   00 e9 19 fe ff ff f6 c3 03 0f 85 16 01 00 00 48 


Stack slot to memory mapping:
stack at sp + 0 slots: 0x0000000000010000 is an unknown value
stack at sp + 1 slots: 0x0000000000410001 is an unknown value
stack at sp + 2 slots: 0x0000000000000001 is an unknown value
stack at sp + 3 slots: 0x0000000000000001 is an unknown value
stack at sp + 4 slots: 0x0000004e7b3ff990 points into unknown readable memory: 0x0000000008dd9550 | 50 95 dd 08 00 00 00 00
stack at sp + 5 slots: 0x0 is NULL
stack at sp + 6 slots: 0x0 is NULL
stack at sp + 7 slots: 0x00007ffa97ad1871 jvm.dll


---------------  P R O C E S S  ---------------

Threads class SMR info:
_java_thread_list=0x0000020edb866640, length=17, elements={
0x0000020ebab22630, 0x0000020ed4203a00, 0x0000020ed41d8370, 0x0000020ed41df280,
0x0000020ed41e2c50, 0x0000020ed41e3da0, 0x0000020ed41e4ef0, 0x0000020ed41e5bd0,
0x0000020ed4c497c0, 0x0000020ed420bfc0, 0x0000020ed417e250, 0x0000020ed4f7f850,
0x0000020ed4f6e700, 0x0000020ed4f6ebf0, 0x0000020ed5e297b0, 0x0000020ed5480ac0,
0x0000020ed632efa0
}

Java Threads: ( => current thread )
  0x0000020ebab22630 JavaThread "main" [_thread_blocked, id=12144, stack(0x0000004e79e00000,0x0000004e79f00000)]
  0x0000020ed4203a00 JavaThread "Reference Handler" daemon [_thread_blocked, id=5996, stack(0x0000004e7a500000,0x0000004e7a600000)]
  0x0000020ed41d8370 JavaThread "Finalizer" daemon [_thread_blocked, id=12740, stack(0x0000004e7a600000,0x0000004e7a700000)]
  0x0000020ed41df280 JavaThread "Signal Dispatcher" daemon [_thread_blocked, id=11420, stack(0x0000004e7a700000,0x0000004e7a800000)]
  0x0000020ed41e2c50 JavaThread "Attach Listener" daemon [_thread_blocked, id=12692, stack(0x0000004e7a800000,0x0000004e7a900000)]
  0x0000020ed41e3da0 JavaThread "Service Thread" daemon [_thread_blocked, id=2392, stack(0x0000004e7a900000,0x0000004e7aa00000)]
  0x0000020ed41e4ef0 JavaThread "Monitor Deflation Thread" daemon [_thread_blocked, id=10836, stack(0x0000004e7aa00000,0x0000004e7ab00000)]
  0x0000020ed41e5bd0 JavaThread "C2 CompilerThread0" daemon [_thread_in_native, id=12844, stack(0x0000004e7ab00000,0x0000004e7ac00000)]
  0x0000020ed4c497c0 JavaThread "C1 CompilerThread0" daemon [_thread_blocked, id=8368, stack(0x0000004e7ac00000,0x0000004e7ad00000)]
  0x0000020ed420bfc0 JavaThread "Sweeper thread" daemon [_thread_blocked, id=6108, stack(0x0000004e7ad00000,0x0000004e7ae00000)]
  0x0000020ed417e250 JavaThread "Common-Cleaner" daemon [_thread_blocked, id=11732, stack(0x0000004e7ae00000,0x0000004e7af00000)]
  0x0000020ed4f7f850 JavaThread "JDWP Transport Listener: dt_socket" daemon [_thread_blocked, id=8032, stack(0x0000004e7af00000,0x0000004e7b000000)]
  0x0000020ed4f6e700 JavaThread "JDWP Event Helper Thread" daemon [_thread_blocked, id=12108, stack(0x0000004e7b000000,0x0000004e7b100000)]
  0x0000020ed4f6ebf0 JavaThread "JDWP Command Reader" daemon [_thread_in_native, id=11924, stack(0x0000004e7b100000,0x0000004e7b200000)]
  0x0000020ed5e297b0 JavaThread "C2 CompilerThread1" daemon [_thread_blocked, id=12496, stack(0x0000004e7b500000,0x0000004e7b600000)]
  0x0000020ed5480ac0 JavaThread "Notification Thread" daemon [_thread_blocked, id=13136, stack(0x0000004e7b600000,0x0000004e7b700000)]
  0x0000020ed632efa0 JavaThread "ReaderThread" [_thread_in_native, id=9208, stack(0x0000004e7b800000,0x0000004e7b900000)]

Other Threads:
  0x0000020ed41fd630 VMThread "VM Thread" [stack: 0x0000004e7a400000,0x0000004e7a500000] [id=8568]
  0x0000020ebab98450 WatcherThread [stack: 0x0000004e7b700000,0x0000004e7b800000] [id=10760]
  0x0000020ebab7dc20 GCTaskThread "GC Thread#0" [stack: 0x0000004e79f00000,0x0000004e7a000000] [id=11804]
  0x0000020ed4f98890 GCTaskThread "GC Thread#1" [stack: 0x0000004e7b200000,0x0000004e7b300000] [id=2796]
=>0x0000020ed4f98df0 GCTaskThread "GC Thread#2" [stack: 0x0000004e7b300000,0x0000004e7b400000] [id=8076]
  0x0000020ed4f985e0 GCTaskThread "GC Thread#3" [stack: 0x0000004e7b400000,0x0000004e7b500000] [id=10100]
  0x0000020ebab8e7e0 ConcurrentGCThread "G1 Main Marker" [stack: 0x0000004e7a000000,0x0000004e7a100000] [id=7160]
  0x0000020ebab91210 ConcurrentGCThread "G1 Conc#0" [stack: 0x0000004e7a100000,0x0000004e7a200000] [id=13124]
  0x0000020ebabcd230 ConcurrentGCThread "G1 Refine#0" [stack: 0x0000004e7a200000,0x0000004e7a300000] [id=8984]
  0x0000020ebabce3f0 ConcurrentGCThread "G1 Service" [stack: 0x0000004e7a300000,0x0000004e7a400000] [id=7188]

Threads with active compile tasks:
C2 CompilerThread0    15076 5289 %     4       org.eclipse.jdt.launching.internal.org.objectweb.asm.ClassReader::readCode @ 92 (5109 bytes)
C1 CompilerThread0    15076 5349       3       org.springframework.core.ResolvableType::getInterfaces (68 bytes)
C2 CompilerThread1    15076 5332       4       org.springframework.core.ResolvableType::as (86 bytes)

VM state: at safepoint (normal execution)

VM Mutex/Monitor currently owned by a thread:  ([mutex/lock_event])
[0x0000020ebab1cfa0] Threads_lock - owner thread: 0x0000020ed41fd630
[0x0000020ebab1c190] Heap_lock - owner thread: 0x0000020ebab22630

Heap address: 0x0000000081c00000, size: 2020 MB, Compressed Oops mode: 32-bit

CDS archive(s) not mapped
Compressed class space mapped at: 0x0000000100000000-0x0000000140000000, reserved size: 1073741824
Narrow klass base: 0x0000000000000000, Narrow klass shift: 3, Narrow klass range: 0x140000000

GC Precious Log:
 CPUs: 4 total, 4 available
 Memory: 8073M
 Large Page Support: Disabled
 NUMA Support: Disabled
 Compressed Oops: Enabled (32-bit)
 Heap Region Size: 1M
 Heap Min Capacity: 8M
 Heap Initial Capacity: 128M
 Heap Max Capacity: 2020M
 Pre-touch: Disabled
 Parallel Workers: 4
 Concurrent Workers: 1
 Concurrent Refinement Workers: 4
 Periodic GC: Disabled

Heap:
 garbage-first heap   total 82944K, used 67736K [0x0000000081c00000, 0x0000000100000000)
  region size 1024K, 35 young (35840K), 4 survivors (4096K)
 Metaspace       used 49839K, committed 50112K, reserved 1097728K
  class space    used 5849K, committed 5952K, reserved 1048576K

Heap Regions: E=young(eden), S=young(survivor), O=old, HS=humongous(starts), HC=humongous(continues), CS=collection set, F=free, OA=open archive, CA=closed archive, TAMS=top-at-mark-start (previous, next)
|   0|0x0000000081c00000, 0x0000000081d00000, 0x0000000081d00000|100%|HS|  |TAMS 0x0000000081d00000, 0x0000000081c00000| Complete 
|   1|0x0000000081d00000, 0x0000000081e00000, 0x0000000081e00000|100%| O|  |TAMS 0x0000000081e00000, 0x0000000081d00000| Untracked 
|   2|0x0000000081e00000, 0x0000000081f00000, 0x0000000081f00000|100%| O|  |TAMS 0x0000000081f00000, 0x0000000081e00000| Untracked 
|   3|0x0000000081f00000, 0x0000000082000000, 0x0000000082000000|100%| O|  |TAMS 0x0000000082000000, 0x0000000081f00000| Untracked 
|   4|0x0000000082000000, 0x0000000082100000, 0x0000000082100000|100%| O|  |TAMS 0x0000000082100000, 0x0000000082000000| Untracked 
|   5|0x0000000082100000, 0x0000000082200000, 0x0000000082200000|100%| O|  |TAMS 0x0000000082200000, 0x0000000082100000| Untracked 
|   6|0x0000000082200000, 0x0000000082300000, 0x0000000082300000|100%| O|  |TAMS 0x0000000082300000, 0x0000000082200000| Untracked 
|   7|0x0000000082300000, 0x0000000082400000, 0x0000000082400000|100%| O|  |TAMS 0x0000000082400000, 0x0000000082300000| Untracked 
|   8|0x0000000082400000, 0x0000000082500000, 0x0000000082500000|100%| O|  |TAMS 0x0000000082500000, 0x0000000082400000| Untracked 
|   9|0x0000000082500000, 0x0000000082600000, 0x0000000082600000|100%| O|  |TAMS 0x0000000082600000, 0x0000000082500000| Untracked 
|  10|0x0000000082600000, 0x0000000082700000, 0x0000000082700000|100%| O|  |TAMS 0x0000000082700000, 0x0000000082600000| Untracked 
|  11|0x0000000082700000, 0x0000000082800000, 0x0000000082800000|100%| O|  |TAMS 0x0000000082800000, 0x0000000082700000| Untracked 
|  12|0x0000000082800000, 0x0000000082900000, 0x0000000082900000|100%| O|  |TAMS 0x0000000082900000, 0x0000000082800000| Untracked 
|  13|0x0000000082900000, 0x0000000082a00000, 0x0000000082a00000|100%| O|  |TAMS 0x0000000082a00000, 0x0000000082900000| Untracked 
|  14|0x0000000082a00000, 0x0000000082b00000, 0x0000000082b00000|100%| O|  |TAMS 0x0000000082b00000, 0x0000000082a00000| Untracked 
|  15|0x0000000082b00000, 0x0000000082c00000, 0x0000000082c00000|100%| O|  |TAMS 0x0000000082c00000, 0x0000000082b00000| Untracked 
|  16|0x0000000082c00000, 0x0000000082d00000, 0x0000000082d00000|100%| O|  |TAMS 0x0000000082d00000, 0x0000000082c00000| Untracked 
|  17|0x0000000082d00000, 0x0000000082e00000, 0x0000000082e00000|100%| O|  |TAMS 0x0000000082e00000, 0x0000000082d00000| Untracked 
|  18|0x0000000082e00000, 0x0000000082f00000, 0x0000000082f00000|100%| O|  |TAMS 0x0000000082f00000, 0x0000000082e00000| Untracked 
|  19|0x0000000082f00000, 0x0000000083000000, 0x0000000083000000|100%| O|  |TAMS 0x0000000083000000, 0x0000000082f00000| Untracked 
|  20|0x0000000083000000, 0x0000000083100000, 0x0000000083100000|100%| O|  |TAMS 0x0000000083100000, 0x0000000083000000| Untracked 
|  21|0x0000000083100000, 0x0000000083200000, 0x0000000083200000|100%| O|  |TAMS 0x0000000083100000, 0x0000000083100000| Untracked 
|  22|0x0000000083200000, 0x0000000083300000, 0x0000000083300000|100%| O|  |TAMS 0x0000000083200000, 0x0000000083200000| Untracked 
|  23|0x0000000083300000, 0x0000000083400000, 0x0000000083400000|100%| O|  |TAMS 0x0000000083300000, 0x0000000083300000| Untracked 
|  24|0x0000000083400000, 0x0000000083500000, 0x0000000083500000|100%| O|  |TAMS 0x0000000083400000, 0x0000000083400000| Untracked 
|  25|0x0000000083500000, 0x0000000083600000, 0x0000000083600000|100%| O|  |TAMS 0x0000000083500000, 0x0000000083500000| Untracked 
|  26|0x0000000083600000, 0x0000000083700000, 0x0000000083700000|100%| O|  |TAMS 0x0000000083600000, 0x0000000083600000| Untracked 
|  27|0x0000000083700000, 0x0000000083800000, 0x0000000083800000|100%| O|  |TAMS 0x0000000083700000, 0x0000000083700000| Untracked 
|  28|0x0000000083800000, 0x0000000083900000, 0x0000000083900000|100%| O|  |TAMS 0x0000000083800000, 0x0000000083800000| Untracked 
|  29|0x0000000083900000, 0x0000000083a00000, 0x0000000083a00000|100%| O|  |TAMS 0x0000000083900000, 0x0000000083900000| Untracked 
|  30|0x0000000083a00000, 0x0000000083b00000, 0x0000000083b00000|100%| O|  |TAMS 0x0000000083a00000, 0x0000000083a00000| Untracked 
|  31|0x0000000083b00000, 0x0000000083c00000, 0x0000000083c00000|100%| O|  |TAMS 0x0000000083b00000, 0x0000000083b00000| Untracked 
|  32|0x0000000083c00000, 0x0000000083ca9200, 0x0000000083d00000| 66%| O|  |TAMS 0x0000000083c00000, 0x0000000083c00000| Untracked 
|  33|0x0000000083d00000, 0x0000000083d00000, 0x0000000083e00000|  0%| F|  |TAMS 0x0000000083d00000, 0x0000000083d00000| Untracked 
|  34|0x0000000083e00000, 0x0000000083e00000, 0x0000000083f00000|  0%| F|  |TAMS 0x0000000083e00000, 0x0000000083e00000| Untracked 
|  35|0x0000000083f00000, 0x0000000083f00000, 0x0000000084000000|  0%| F|  |TAMS 0x0000000083f00000, 0x0000000083f00000| Untracked 
|  36|0x0000000084000000, 0x0000000084000000, 0x0000000084100000|  0%| F|  |TAMS 0x0000000084000000, 0x0000000084000000| Untracked 
|  37|0x0000000084100000, 0x0000000084100000, 0x0000000084200000|  0%| F|  |TAMS 0x0000000084100000, 0x0000000084100000| Untracked 
|  38|0x0000000084200000, 0x0000000084200000, 0x0000000084300000|  0%| F|  |TAMS 0x0000000084200000, 0x0000000084200000| Untracked 
|  39|0x0000000084300000, 0x0000000084300000, 0x0000000084400000|  0%| F|  |TAMS 0x0000000084300000, 0x0000000084300000| Untracked 
|  40|0x0000000084400000, 0x0000000084400000, 0x0000000084500000|  0%| F|  |TAMS 0x0000000084400000, 0x0000000084400000| Untracked 
|  41|0x0000000084500000, 0x0000000084500000, 0x0000000084600000|  0%| F|  |TAMS 0x0000000084500000, 0x0000000084500000| Untracked 
|  42|0x0000000084600000, 0x0000000084600000, 0x0000000084700000|  0%| F|  |TAMS 0x0000000084600000, 0x0000000084600000| Untracked 
|  43|0x0000000084700000, 0x000000008477ce00, 0x0000000084800000| 48%| E|CS|TAMS 0x0000000084700000, 0x0000000084700000| Complete 
|  44|0x0000000084800000, 0x000000008487e840, 0x0000000084900000| 49%| S|  |TAMS 0x0000000084800000, 0x0000000084800000| Complete 
|  45|0x0000000084900000, 0x0000000084a00000, 0x0000000084a00000|100%| S|  |TAMS 0x0000000084900000, 0x0000000084900000| Complete 
|  46|0x0000000084a00000, 0x0000000084b00000, 0x0000000084b00000|100%| E|CS|TAMS 0x0000000084a00000, 0x0000000084a00000| Complete 
|  47|0x0000000084b00000, 0x0000000084c00000, 0x0000000084c00000|100%| E|CS|TAMS 0x0000000084b00000, 0x0000000084b00000| Complete 
|  48|0x0000000084c00000, 0x0000000084d00000, 0x0000000084d00000|100%| S|  |TAMS 0x0000000084c00000, 0x0000000084c00000| Complete 
|  49|0x0000000084d00000, 0x0000000084e00000, 0x0000000084e00000|100%| S|  |TAMS 0x0000000084d00000, 0x0000000084d00000| Complete 
|  50|0x0000000084e00000, 0x0000000084f00000, 0x0000000084f00000|100%| E|CS|TAMS 0x0000000084e00000, 0x0000000084e00000| Complete 
|  51|0x0000000084f00000, 0x0000000085000000, 0x0000000085000000|100%| E|CS|TAMS 0x0000000084f00000, 0x0000000084f00000| Complete 
|  52|0x0000000085000000, 0x0000000085100000, 0x0000000085100000|100%| E|CS|TAMS 0x0000000085000000, 0x0000000085000000| Complete 
|  53|0x0000000085100000, 0x0000000085200000, 0x0000000085200000|100%| E|CS|TAMS 0x0000000085100000, 0x0000000085100000| Complete 
|  54|0x0000000085200000, 0x0000000085300000, 0x0000000085300000|100%| E|CS|TAMS 0x0000000085200000, 0x0000000085200000| Complete 
|  55|0x0000000085300000, 0x0000000085400000, 0x0000000085400000|100%| E|CS|TAMS 0x0000000085300000, 0x0000000085300000| Complete 
|  56|0x0000000085400000, 0x0000000085500000, 0x0000000085500000|100%| E|CS|TAMS 0x0000000085400000, 0x0000000085400000| Complete 
|  57|0x0000000085500000, 0x0000000085600000, 0x0000000085600000|100%| E|CS|TAMS 0x0000000085500000, 0x0000000085500000| Complete 
|  58|0x0000000085600000, 0x0000000085700000, 0x0000000085700000|100%| E|CS|TAMS 0x0000000085600000, 0x0000000085600000| Complete 
|  59|0x0000000085700000, 0x0000000085800000, 0x0000000085800000|100%| E|CS|TAMS 0x0000000085700000, 0x0000000085700000| Complete 
|  60|0x0000000085800000, 0x0000000085900000, 0x0000000085900000|100%| E|CS|TAMS 0x0000000085800000, 0x0000000085800000| Complete 
|  61|0x0000000085900000, 0x0000000085a00000, 0x0000000085a00000|100%| E|CS|TAMS 0x0000000085900000, 0x0000000085900000| Complete 
|  62|0x0000000085a00000, 0x0000000085b00000, 0x0000000085b00000|100%| E|CS|TAMS 0x0000000085a00000, 0x0000000085a00000| Complete 
|  63|0x0000000085b00000, 0x0000000085c00000, 0x0000000085c00000|100%| E|CS|TAMS 0x0000000085b00000, 0x0000000085b00000| Complete 
|  64|0x0000000085c00000, 0x0000000085d00000, 0x0000000085d00000|100%| E|CS|TAMS 0x0000000085c00000, 0x0000000085c00000| Complete 
|  65|0x0000000085d00000, 0x0000000085e00000, 0x0000000085e00000|100%| E|CS|TAMS 0x0000000085d00000, 0x0000000085d00000| Complete 
|  66|0x0000000085e00000, 0x0000000085f00000, 0x0000000085f00000|100%| E|CS|TAMS 0x0000000085e00000, 0x0000000085e00000| Complete 
|  67|0x0000000085f00000, 0x0000000086000000, 0x0000000086000000|100%| E|CS|TAMS 0x0000000085f00000, 0x0000000085f00000| Complete 
|  68|0x0000000086000000, 0x0000000086100000, 0x0000000086100000|100%| E|CS|TAMS 0x0000000086000000, 0x0000000086000000| Complete 
|  69|0x0000000086100000, 0x0000000086200000, 0x0000000086200000|100%| E|CS|TAMS 0x0000000086100000, 0x0000000086100000| Complete 
|  70|0x0000000086200000, 0x0000000086300000, 0x0000000086300000|100%| E|CS|TAMS 0x0000000086200000, 0x0000000086200000| Complete 
|  71|0x0000000086300000, 0x0000000086400000, 0x0000000086400000|100%| E|CS|TAMS 0x0000000086300000, 0x0000000086300000| Complete 
|  72|0x0000000086400000, 0x0000000086500000, 0x0000000086500000|100%| E|CS|TAMS 0x0000000086400000, 0x0000000086400000| Complete 
|  73|0x0000000086500000, 0x0000000086600000, 0x0000000086600000|100%| E|CS|TAMS 0x0000000086500000, 0x0000000086500000| Complete 
| 105|0x0000000088500000, 0x0000000088600000, 0x0000000088600000|100%| E|CS|TAMS 0x0000000088500000, 0x0000000088500000| Complete 
| 106|0x0000000088600000, 0x0000000088700000, 0x0000000088700000|100%| E|CS|TAMS 0x0000000088600000, 0x0000000088600000| Complete 
| 107|0x0000000088700000, 0x0000000088800000, 0x0000000088800000|100%| E|CS|TAMS 0x0000000088700000, 0x0000000088700000| Complete 
| 108|0x0000000088800000, 0x0000000088900000, 0x0000000088900000|100%| E|CS|TAMS 0x0000000088800000, 0x0000000088800000| Complete 
| 109|0x0000000088900000, 0x0000000088a00000, 0x0000000088a00000|100%| E|CS|TAMS 0x0000000088900000, 0x0000000088900000| Complete 
| 110|0x0000000088a00000, 0x0000000088b00000, 0x0000000088b00000|100%| E|CS|TAMS 0x0000000088a00000, 0x0000000088a00000| Complete 
| 127|0x0000000089b00000, 0x0000000089c00000, 0x0000000089c00000|100%| E|CS|TAMS 0x0000000089b00000, 0x0000000089b00000| Complete 

Card table byte_map: [0x0000020ecd5c0000,0x0000020ecd9c0000] _byte_map_base: 0x0000020ecd1b2000

Marking Bits (Prev, Next): (CMBitMap*) 0x0000020ebab7e230, (CMBitMap*) 0x0000020ebab7e270
 Prev Bits: [0x0000020ecddc0000, 0x0000020ecfd50000)
 Next Bits: [0x0000020ecfd50000, 0x0000020ed1ce0000)

Polling page: 0x0000020eb89c0000

Metaspace:

Usage:
  Non-class:     42.96 MB used.
      Class:      5.71 MB used.
       Both:     48.67 MB used.

Virtual space:
  Non-class space:       48.00 MB reserved,      43.12 MB ( 90%) committed,  6 nodes.
      Class space:        1.00 GB reserved,       5.81 MB ( <1%) committed,  1 nodes.
             Both:        1.05 GB reserved,      48.94 MB (  5%) committed. 

Chunk freelists:
   Non-Class:  112.00 KB
       Class:  2.00 MB
        Both:  2.11 MB

MaxMetaspaceSize: unlimited
CompressedClassSpaceSize: 1.00 GB
Initial GC threshold: 21.00 MB
Current GC threshold: 59.00 MB
CDS: off
MetaspaceReclaimPolicy: balanced
 - commit_granule_bytes: 65536.
 - commit_granule_words: 8192.
 - virtual_space_node_default_size: 1048576.
 - enlarge_chunks_in_place: 1.
 - new_chunks_are_fully_committed: 0.
 - uncommit_free_chunks: 1.
 - use_allocation_guard: 0.
 - handle_deallocations: 1.


Internal statistics:

num_allocs_failed_limit: 6.
num_arena_births: 338.
num_arena_deaths: 0.
num_vsnodes_births: 7.
num_vsnodes_deaths: 0.
num_space_committed: 783.
num_space_uncommitted: 0.
num_chunks_returned_to_freelist: 6.
num_chunks_taken_from_freelist: 1802.
num_chunk_merges: 6.
num_chunk_splits: 1224.
num_chunks_enlarged: 938.
num_purges: 0.
num_inconsistent_stats: 0.

CodeHeap 'non-profiled nmethods': size=120000Kb used=3098Kb max_used=3098Kb free=116901Kb
 bounds [0x0000020ec5c90000, 0x0000020ec5fb0000, 0x0000020ecd1c0000]
CodeHeap 'profiled nmethods': size=120000Kb used=9839Kb max_used=9839Kb free=110160Kb
 bounds [0x0000020ebe760000, 0x0000020ebf100000, 0x0000020ec5c90000]
CodeHeap 'non-nmethods': size=5760Kb used=1279Kb max_used=1414Kb free=4480Kb
 bounds [0x0000020ebe1c0000, 0x0000020ebe430000, 0x0000020ebe760000]
 total_blobs=5091 nmethods=4584 adapters=419
 compilation: enabled
              stopped_count=0, restarted_count=0
 full_count=0

Compilation events (20 events):
Event: 14.776 Thread 0x0000020ed4c497c0 nmethod 5338 0x0000020ebf0f3890 code [0x0000020ebf0f3aa0, 0x0000020ebf0f3f98]
Event: 14.786 Thread 0x0000020ed4c497c0 5339       2       sun.reflect.generics.reflectiveObjects.WildcardTypeImpl::getLowerBounds (34 bytes)
Event: 14.786 Thread 0x0000020ed4c497c0 nmethod 5339 0x0000020ebf0f4390 code [0x0000020ebf0f4540, 0x0000020ebf0f4818]
Event: 14.793 Thread 0x0000020ed4c497c0 5341       2       org.springframework.boot.context.properties.source.ConfigurationPropertyName::convertToUniformElement (12 bytes)
Event: 14.793 Thread 0x0000020ed4c497c0 nmethod 5341 0x0000020ebf0f4910 code [0x0000020ebf0f4aa0, 0x0000020ebf0f4be8]
Event: 14.799 Thread 0x0000020ed4c497c0 5342       2       sun.reflect.generics.reflectiveObjects.WildcardTypeImpl::getUpperBounds (34 bytes)
Event: 14.800 Thread 0x0000020ed4c497c0 nmethod 5342 0x0000020ebf0f4c90 code [0x0000020ebf0f4e40, 0x0000020ebf0f5118]
Event: 14.807 Thread 0x0000020ed4c497c0 5343       2       org.springframework.context.annotation.ConfigurationClassBeanDefinitionReader::loadBeanDefinitionsForBeanMethod (678 bytes)
Event: 14.814 Thread 0x0000020ed4c497c0 nmethod 5343 0x0000020ebf0f5210 code [0x0000020ebf0f5860, 0x0000020ebf0f80c8]
Event: 14.814 Thread 0x0000020ed4c497c0 5344       2       org.springframework.beans.factory.config.BeanDefinitionHolder::<init> (32 bytes)
Event: 14.815 Thread 0x0000020ed4c497c0 nmethod 5344 0x0000020ebf0f9c10 code [0x0000020ebf0f9de0, 0x0000020ebf0fa198]
Event: 14.834 Thread 0x0000020ed4c497c0 5345       2       sun.reflect.generics.reflectiveObjects.WildcardTypeImpl::hashCode (20 bytes)
Event: 14.835 Thread 0x0000020ed4c497c0 nmethod 5345 0x0000020ebf0fa310 code [0x0000020ebf0fa520, 0x0000020ebf0fa9f8]
Event: 14.841 Thread 0x0000020ed4c497c0 5346 %     3       org.springframework.core.ResolvableType::getInterfaces @ 36 (68 bytes)
Event: 14.842 Thread 0x0000020ed4c497c0 nmethod 5346% 0x0000020ebf0fac10 code [0x0000020ebf0faea0, 0x0000020ebf0fbe68]
Event: 14.862 Thread 0x0000020ed4c497c0 5347       2       org.springframework.boot.autoconfigure.condition.FilteringSpringBootCondition$ClassNameFilter$1::matches (6 bytes)
Event: 14.862 Thread 0x0000020ed4c497c0 nmethod 5347 0x0000020ebf0fc410 code [0x0000020ebf0fc5c0, 0x0000020ebf0fc7a8]
Event: 14.868 Thread 0x0000020ed4c497c0 5348       2       org.springframework.core.annotation.AbstractMergedAnnotation::getValue (10 bytes)
Event: 14.869 Thread 0x0000020ed4c497c0 nmethod 5348 0x0000020ebf0fc910 code [0x0000020ebf0fcac0, 0x0000020ebf0fcce8]
Event: 14.871 Thread 0x0000020ed4c497c0 5349       3       org.springframework.core.ResolvableType::getInterfaces (68 bytes)

GC Heap History (20 events):
Event: 7.976 GC heap after
{Heap after GC invocations=11 (full 0):
 garbage-first heap   total 68608K, used 23683K [0x0000000081c00000, 0x0000000100000000)
  region size 1024K, 1 young (1024K), 1 survivors (1024K)
 Metaspace       used 35859K, committed 36096K, reserved 1081344K
  class space    used 3956K, committed 4032K, reserved 1048576K
}
Event: 8.474 GC heap before
{Heap before GC invocations=12 (full 0):
 garbage-first heap   total 68608K, used 52355K [0x0000000081c00000, 0x0000000100000000)
  region size 1024K, 30 young (30720K), 1 survivors (1024K)
 Metaspace       used 37813K, committed 38144K, reserved 1089536K
  class space    used 4271K, committed 4416K, reserved 1048576K
}
Event: 8.480 GC heap after
{Heap after GC invocations=13 (full 0):
 garbage-first heap   total 68608K, used 24943K [0x0000000081c00000, 0x0000000100000000)
  region size 1024K, 3 young (3072K), 3 survivors (3072K)
 Metaspace       used 37813K, committed 38144K, reserved 1089536K
  class space    used 4271K, committed 4416K, reserved 1048576K
}
Event: 8.817 GC heap before
{Heap before GC invocations=13 (full 0):
 garbage-first heap   total 68608K, used 52591K [0x0000000081c00000, 0x0000000100000000)
  region size 1024K, 31 young (31744K), 3 survivors (3072K)
 Metaspace       used 40058K, committed 40384K, reserved 1089536K
  class space    used 4470K, committed 4608K, reserved 1048576K
}
Event: 8.821 GC heap after
{Heap after GC invocations=14 (full 0):
 garbage-first heap   total 68608K, used 25570K [0x0000000081c00000, 0x0000000100000000)
  region size 1024K, 2 young (2048K), 2 survivors (2048K)
 Metaspace       used 40058K, committed 40384K, reserved 1089536K
  class space    used 4470K, committed 4608K, reserved 1048576K
}
Event: 9.168 GC heap before
{Heap before GC invocations=14 (full 0):
 garbage-first heap   total 68608K, used 55266K [0x0000000081c00000, 0x0000000100000000)
  region size 1024K, 32 young (32768K), 2 survivors (2048K)
 Metaspace       used 41590K, committed 41856K, reserved 1089536K
  class space    used 4684K, committed 4800K, reserved 1048576K
}
Event: 9.174 GC heap after
{Heap after GC invocations=15 (full 0):
 garbage-first heap   total 82944K, used 26687K [0x0000000081c00000, 0x0000000100000000)
  region size 1024K, 4 young (4096K), 4 survivors (4096K)
 Metaspace       used 41590K, committed 41856K, reserved 1089536K
  class space    used 4684K, committed 4800K, reserved 1048576K
}
Event: 10.121 GC heap before
{Heap before GC invocations=15 (full 0):
 garbage-first heap   total 82944K, used 66623K [0x0000000081c00000, 0x0000000100000000)
  region size 1024K, 43 young (44032K), 4 survivors (4096K)
 Metaspace       used 42032K, committed 42304K, reserved 1089536K
  class space    used 4744K, committed 4864K, reserved 1048576K
}
Event: 10.128 GC heap after
{Heap after GC invocations=16 (full 0):
 garbage-first heap   total 82944K, used 29178K [0x0000000081c00000, 0x0000000100000000)
  region size 1024K, 6 young (6144K), 6 survivors (6144K)
 Metaspace       used 42032K, committed 42304K, reserved 1089536K
  class space    used 4744K, committed 4864K, reserved 1048576K
}
Event: 10.743 GC heap before
{Heap before GC invocations=16 (full 0):
 garbage-first heap   total 82944K, used 66042K [0x0000000081c00000, 0x0000000100000000)
  region size 1024K, 43 young (44032K), 6 survivors (6144K)
 Metaspace       used 43086K, committed 43328K, reserved 1089536K
  class space    used 4831K, committed 4928K, reserved 1048576K
}
Event: 10.752 GC heap after
{Heap after GC invocations=17 (full 0):
 garbage-first heap   total 82944K, used 31506K [0x0000000081c00000, 0x0000000100000000)
  region size 1024K, 5 young (5120K), 5 survivors (5120K)
 Metaspace       used 43086K, committed 43328K, reserved 1089536K
  class space    used 4831K, committed 4928K, reserved 1048576K
}
Event: 11.504 GC heap before
{Heap before GC invocations=17 (full 0):
 garbage-first heap   total 82944K, used 67346K [0x0000000081c00000, 0x0000000100000000)
  region size 1024K, 40 young (40960K), 5 survivors (5120K)
 Metaspace       used 44630K, committed 44928K, reserved 1089536K
  class space    used 5005K, committed 5120K, reserved 1048576K
}
Event: 11.511 GC heap after
{Heap after GC invocations=18 (full 0):
 garbage-first heap   total 82944K, used 32767K [0x0000000081c00000, 0x0000000100000000)
  region size 1024K, 4 young (4096K), 4 survivors (4096K)
 Metaspace       used 44630K, committed 44928K, reserved 1089536K
  class space    used 5005K, committed 5120K, reserved 1048576K
}
Event: 12.246 GC heap before
{Heap before GC invocations=18 (full 0):
 garbage-first heap   total 82944K, used 66559K [0x0000000081c00000, 0x0000000100000000)
  region size 1024K, 37 young (37888K), 4 survivors (4096K)
 Metaspace       used 45683K, committed 45952K, reserved 1097728K
  class space    used 5167K, committed 5312K, reserved 1048576K
}
Event: 12.254 GC heap after
{Heap after GC invocations=19 (full 0):
 garbage-first heap   total 82944K, used 33647K [0x0000000081c00000, 0x0000000100000000)
  region size 1024K, 3 young (3072K), 3 survivors (3072K)
 Metaspace       used 45683K, committed 45952K, reserved 1097728K
  class space    used 5167K, committed 5312K, reserved 1048576K
}
Event: 13.163 GC heap before
{Heap before GC invocations=19 (full 0):
 garbage-first heap   total 82944K, used 66415K [0x0000000081c00000, 0x0000000100000000)
  region size 1024K, 35 young (35840K), 3 survivors (3072K)
 Metaspace       used 47169K, committed 47424K, reserved 1097728K
  class space    used 5393K, committed 5504K, reserved 1048576K
}
Event: 13.170 GC heap after
{Heap after GC invocations=20 (full 0):
 garbage-first heap   total 82944K, used 34787K [0x0000000081c00000, 0x0000000100000000)
  region size 1024K, 4 young (4096K), 4 survivors (4096K)
 Metaspace       used 47169K, committed 47424K, reserved 1097728K
  class space    used 5393K, committed 5504K, reserved 1048576K
}
Event: 14.062 GC heap before
{Heap before GC invocations=20 (full 0):
 garbage-first heap   total 82944K, used 67555K [0x0000000081c00000, 0x0000000100000000)
  region size 1024K, 36 young (36864K), 4 survivors (4096K)
 Metaspace       used 48735K, committed 49024K, reserved 1097728K
  class space    used 5700K, committed 5824K, reserved 1048576K
}
Event: 14.070 GC heap after
{Heap after GC invocations=21 (full 0):
 garbage-first heap   total 82944K, used 35992K [0x0000000081c00000, 0x0000000100000000)
  region size 1024K, 3 young (3072K), 3 survivors (3072K)
 Metaspace       used 48735K, committed 49024K, reserved 1097728K
  class space    used 5700K, committed 5824K, reserved 1048576K
}
Event: 14.871 GC heap before
{Heap before GC invocations=21 (full 0):
 garbage-first heap   total 82944K, used 67736K [0x0000000081c00000, 0x0000000100000000)
  region size 1024K, 34 young (34816K), 3 survivors (3072K)
 Metaspace       used 49839K, committed 50112K, reserved 1097728K
  class space    used 5849K, committed 5952K, reserved 1048576K
}

Deoptimization events (20 events):
Event: 14.683 Thread 0x0000020ebab22630 DEOPT PACKING pc=0x0000020ec5f256d4 sp=0x0000004e79efbbc0
Event: 14.683 Thread 0x0000020ebab22630 DEOPT UNPACKING pc=0x0000020ebe212b43 sp=0x0000004e79efb038 mode 1
Event: 14.683 Thread 0x0000020ebab22630 DEOPT PACKING pc=0x0000020ebe77ec24 sp=0x0000004e79efbc00
Event: 14.684 Thread 0x0000020ebab22630 DEOPT UNPACKING pc=0x0000020ebe212b43 sp=0x0000004e79efb068 mode 1
Event: 14.685 Thread 0x0000020ebab22630 DEOPT PACKING pc=0x0000020ebe9cf5e4 sp=0x0000004e79efb160
Event: 14.685 Thread 0x0000020ebab22630 DEOPT UNPACKING pc=0x0000020ebe212b43 sp=0x0000004e79efa5f8 mode 1
Event: 14.685 Thread 0x0000020ebab22630 DEOPT PACKING pc=0x0000020ebe946ed4 sp=0x0000004e79efb230
Event: 14.685 Thread 0x0000020ebab22630 DEOPT UNPACKING pc=0x0000020ebe212b43 sp=0x0000004e79efa6e8 mode 1
Event: 14.685 Thread 0x0000020ebab22630 DEOPT PACKING pc=0x0000020ec5f256d4 sp=0x0000004e79efbc20
Event: 14.685 Thread 0x0000020ebab22630 DEOPT UNPACKING pc=0x0000020ebe212b43 sp=0x0000004e79efb098 mode 1
Event: 14.685 Thread 0x0000020ebab22630 DEOPT PACKING pc=0x0000020ebe7baf84 sp=0x0000004e79efbc60
Event: 14.685 Thread 0x0000020ebab22630 DEOPT UNPACKING pc=0x0000020ebe212b43 sp=0x0000004e79efb068 mode 1
Event: 14.704 Thread 0x0000020ebab22630 DEOPT PACKING pc=0x0000020ebe9cf5e4 sp=0x0000004e79efb170
Event: 14.704 Thread 0x0000020ebab22630 DEOPT UNPACKING pc=0x0000020ebe212b43 sp=0x0000004e79efa608 mode 1
Event: 14.705 Thread 0x0000020ebab22630 DEOPT PACKING pc=0x0000020ebe946ed4 sp=0x0000004e79efb240
Event: 14.705 Thread 0x0000020ebab22630 DEOPT UNPACKING pc=0x0000020ebe212b43 sp=0x0000004e79efa6f8 mode 1
Event: 14.705 Thread 0x0000020ebab22630 DEOPT PACKING pc=0x0000020ec5f256d4 sp=0x0000004e79efbc30
Event: 14.705 Thread 0x0000020ebab22630 DEOPT UNPACKING pc=0x0000020ebe212b43 sp=0x0000004e79efb0a8 mode 1
Event: 14.705 Thread 0x0000020ebab22630 DEOPT PACKING pc=0x0000020ebe7baf84 sp=0x0000004e79efbc70
Event: 14.705 Thread 0x0000020ebab22630 DEOPT UNPACKING pc=0x0000020ebe212b43 sp=0x0000004e79efb078 mode 1

Classes unloaded (0 events):
No events

Classes redefined (0 events):
No events

Internal exceptions (20 events):
Event: 8.102 Thread 0x0000020ebab22630 Exception <a 'java/lang/ClassNotFoundException'{0x00000000886a0938}: org/springframework/context/ApplicationStartupAwareCustomizer> (0x00000000886a0938) 
thrown [s\src\hotspot\share\classfile\systemDictionary.cpp, line 256]
Event: 8.104 Thread 0x0000020ebab22630 Exception <a 'java/lang/ClassNotFoundException'{0x00000000886ab5c0}: org/springframework/beans/factory/AwareCustomizer> (0x00000000886ab5c0) 
thrown [s\src\hotspot\share\classfile\systemDictionary.cpp, line 256]
Event: 8.107 Thread 0x0000020ebab22630 Exception <a 'java/lang/ClassNotFoundException'{0x000000008857a0d8}: org/springframework/beans/factory/BeanClassLoaderAwareCustomizer> (0x000000008857a0d8) 
thrown [s\src\hotspot\share\classfile\systemDictionary.cpp, line 256]
Event: 8.110 Thread 0x0000020ebab22630 Exception <a 'java/lang/ClassNotFoundException'{0x0000000088584ac0}: org/springframework/beans/factory/AwareCustomizer> (0x0000000088584ac0) 
thrown [s\src\hotspot\share\classfile\systemDictionary.cpp, line 256]
Event: 8.112 Thread 0x0000020ebab22630 Exception <a 'java/lang/ClassNotFoundException'{0x000000008858e250}: org/springframework/context/EnvironmentAwareCustomizer> (0x000000008858e250) 
thrown [s\src\hotspot\share\classfile\systemDictionary.cpp, line 256]
Event: 8.114 Thread 0x0000020ebab22630 Exception <a 'java/lang/ClassNotFoundException'{0x0000000088598bd0}: org/springframework/beans/factory/AwareCustomizer> (0x0000000088598bd0) 
thrown [s\src\hotspot\share\classfile\systemDictionary.cpp, line 256]
Event: 8.484 Thread 0x0000020ed82cccb0 Exception <a 'java/lang/NoSuchMethodError'{0x0000000089b8f888}: 'java.lang.Object java.lang.invoke.DirectMethodHandle$Holder.invokeStaticInit(java.lang.Object, java.lang.Object, java.lang.Object, java.lang.Object, java.lang.Object)'> (0x0000000089b8f888) 
thrown [s\src\hotspot\share\interpreter\linkResolver.cpp, line 759]
Event: 8.589 Thread 0x0000020ed82cccb0 Implicit null exception at 0x0000020ec5d18e48 to 0x0000020ec5d18f0c
Event: 9.143 Thread 0x0000020ed82cccb0 Exception <a 'java/lang/NoSuchMethodError'{0x0000000084335c40}: 'long java.lang.invoke.DirectMethodHandle$Holder.invokeSpecial(java.lang.Object, java.lang.Object)'> (0x0000000084335c40) 
thrown [s\src\hotspot\share\interpreter\linkResolver.cpp, line 759]
Event: 9.151 Thread 0x0000020ed82cccb0 Exception <a 'java/lang/NoSuchMethodError'{0x0000000084340b10}: 'long java.lang.invoke.DirectMethodHandle$Holder.invokeStatic(java.lang.Object, java.lang.Object)'> (0x0000000084340b10) 
thrown [s\src\hotspot\share\interpreter\linkResolver.cpp, line 759]
Event: 9.152 Thread 0x0000020ed82cccb0 Exception <a 'java/lang/NoSuchMethodError'{0x0000000084344110}: 'long java.lang.invoke.DirectMethodHandle$Holder.invokeStaticInit(java.lang.Object, java.lang.Object)'> (0x0000000084344110) 
thrown [s\src\hotspot\share\interpreter\linkResolver.cpp, line 759]
Event: 9.157 Thread 0x0000020ed82cccb0 Exception <a 'java/lang/NoSuchMethodError'{0x0000000084351cb8}: 'long java.lang.invoke.DirectMethodHandle$Holder.invokeInterface(java.lang.Object, java.lang.Object)'> (0x0000000084351cb8) 
thrown [s\src\hotspot\share\interpreter\linkResolver.cpp, line 759]
Event: 9.157 Thread 0x0000020ed82cccb0 Exception <a 'java/lang/IncompatibleClassChangeError'{0x0000000084355248}: Found class java.lang.Object, but interface was expected> (0x0000000084355248) 
thrown [s\src\hotspot\share\interpreter\linkResolver.cpp, line 826]
Event: 9.189 Thread 0x0000020ed82cccb0 Exception <a 'java/lang/NoSuchMethodError'{0x0000000088a2f020}: 'java.lang.Object java.lang.invoke.DirectMethodHandle$Holder.invokeVirtual(java.lang.Object, java.lang.Object, java.lang.Object, java.lang.Object)'> (0x0000000088a2f020) 
thrown [s\src\hotspot\share\interpreter\linkResolver.cpp, line 759]
Event: 9.787 Thread 0x0000020ebab22630 Implicit null exception at 0x0000020ec5f32eb5 to 0x0000020ec5f330ac
Event: 11.447 Thread 0x0000020ebab22630 Implicit null exception at 0x0000020ec5ea84a4 to 0x0000020ec5ea9888
Event: 13.552 Thread 0x0000020ebab22630 Exception <a 'java/lang/NoSuchMethodError'{0x000000008624d098}: 'java.lang.Object java.lang.invoke.DirectMethodHandle$Holder.invokeStatic(java.lang.Object, java.lang.Object, java.lang.Object, java.lang.Object, int)'> (0x000000008624d098) 
thrown [s\src\hotspot\share\interpreter\linkResolver.cpp, line 759]
Event: 13.842 Thread 0x0000020ebab22630 Exception <a 'java/lang/NoSuchMethodError'{0x000000008549b910}: 'int java.lang.invoke.DirectMethodHandle$Holder.invokeStatic(java.lang.Object)'> (0x000000008549b910) 
thrown [s\src\hotspot\share\interpreter\linkResolver.cpp, line 759]
Event: 13.842 Thread 0x0000020ebab22630 Exception <a 'java/lang/NoSuchMethodError'{0x000000008549f7b0}: 'int java.lang.invoke.DirectMethodHandle$Holder.invokeStaticInit(java.lang.Object)'> (0x000000008549f7b0) 
thrown [s\src\hotspot\share\interpreter\linkResolver.cpp, line 759]
Event: 14.028 Thread 0x0000020ebab22630 Exception <a 'java/lang/NoSuchMethodError'{0x0000000084fcbea8}: 'java.lang.Object java.lang.invoke.DirectMethodHandle$Holder.invokeSpecialIFC(java.lang.Object, java.lang.Object, java.lang.Object)'> (0x0000000084fcbea8) 
thrown [s\src\hotspot\share\interpreter\linkResolver.cpp, line 759]

VM Operations (20 events):
Event: 12.149 Executing VM operation: HandshakeAllThreads done
Event: 12.190 Executing VM operation: HandshakeAllThreads
Event: 12.190 Executing VM operation: HandshakeAllThreads done
Event: 12.246 Executing VM operation: G1CollectForAllocation
Event: 12.254 Executing VM operation: G1CollectForAllocation done
Event: 13.163 Executing VM operation: G1CollectForAllocation
Event: 13.170 Executing VM operation: G1CollectForAllocation done
Event: 13.213 Executing VM operation: HandshakeAllThreads
Event: 13.213 Executing VM operation: HandshakeAllThreads done
Event: 13.214 Executing VM operation: HandshakeAllThreads
Event: 13.214 Executing VM operation: HandshakeAllThreads done
Event: 13.542 Executing VM operation: HandshakeAllThreads
Event: 13.542 Executing VM operation: HandshakeAllThreads done
Event: 14.061 Executing VM operation: HandshakeAllThreads
Event: 14.061 Executing VM operation: HandshakeAllThreads done
Event: 14.062 Executing VM operation: G1CollectForAllocation
Event: 14.071 Executing VM operation: G1CollectForAllocation done
Event: 14.382 Executing VM operation: HandshakeAllThreads
Event: 14.382 Executing VM operation: HandshakeAllThreads done
Event: 14.871 Executing VM operation: G1CollectForAllocation

Events (20 events):
Event: 12.859 loading class jdk/internal/access/foreign/MemorySegmentProxy
Event: 12.859 loading class jdk/internal/access/foreign/MemorySegmentProxy done
Event: 13.550 loading class java/util/stream/Streams$RangeIntSpliterator
Event: 13.550 loading class java/util/stream/Streams$RangeIntSpliterator done
Event: 13.554 loading class java/util/stream/IntPipeline$1
Event: 13.554 loading class java/util/stream/IntPipeline$1 done
Event: 13.554 loading class java/util/stream/IntPipeline$1$1
Event: 13.554 loading class java/util/stream/IntPipeline$1$1 done
Event: 13.586 loading class java/util/concurrent/Flow$Publisher
Event: 13.586 loading class java/util/concurrent/Flow$Publisher done
Event: 14.055 loading class java/util/stream/ReferencePipeline$15
Event: 14.055 loading class java/util/stream/ReferencePipeline$15 done
Event: 14.056 loading class java/util/stream/ReferencePipeline$15$1
Event: 14.056 loading class java/util/stream/ReferencePipeline$15$1 done
Event: 14.497 loading class java/util/concurrent/ScheduledExecutorService
Event: 14.497 loading class java/util/concurrent/ScheduledExecutorService done
Event: 14.526 loading class java/lang/UnsupportedClassVersionError
Event: 14.526 loading class java/lang/ClassFormatError
Event: 14.526 loading class java/lang/ClassFormatError done
Event: 14.526 loading class java/lang/UnsupportedClassVersionError done


Dynamic libraries:
0x00007ff755740000 - 0x00007ff75574e000 	C:\Users\BUYPC\Desktop\sts-4.16.0.RELEASE\plugins\org.eclipse.justj.openjdk.hotspot.jre.full.win32.x86_64_17.0.4.v20220903-1038\jre\bin\javaw.exe
0x00007ffacc030000 - 0x00007ffacc228000 	C:\Windows\SYSTEM32\ntdll.dll
0x00007ffaace40000 - 0x00007ffaace57000 	C:\Program Files\Avast Software\Avast\aswhook.dll
0x00007ffacb590000 - 0x00007ffacb64f000 	C:\Windows\System32\KERNEL32.DLL
0x00007ffac9c10000 - 0x00007ffac9ee2000 	C:\Windows\System32\KERNELBASE.dll
0x00007ffac97d0000 - 0x00007ffac98d0000 	C:\Windows\System32\ucrtbase.dll
0x00007ffab5cc0000 - 0x00007ffab5cd8000 	C:\Users\BUYPC\Desktop\sts-4.16.0.RELEASE\plugins\org.eclipse.justj.openjdk.hotspot.jre.full.win32.x86_64_17.0.4.v20220903-1038\jre\bin\jli.dll
0x00007ffab4800000 - 0x00007ffab4819000 	C:\Users\BUYPC\Desktop\sts-4.16.0.RELEASE\plugins\org.eclipse.justj.openjdk.hotspot.jre.full.win32.x86_64_17.0.4.v20220903-1038\jre\bin\VCRUNTIME140.dll
0x00007ffacac90000 - 0x00007ffacae2d000 	C:\Windows\System32\USER32.dll
0x00007ffac98d0000 - 0x00007ffac98f2000 	C:\Windows\System32\win32u.dll
0x00007ffab42d0000 - 0x00007ffab456a000 	C:\Windows\WinSxS\amd64_microsoft.windows.common-controls_6595b64144ccf1df_6.0.19041.1110_none_60b5254171f9507e\COMCTL32.dll
0x00007ffaca150000 - 0x00007ffaca17b000 	C:\Windows\System32\GDI32.dll
0x00007ffac9b00000 - 0x00007ffac9c0f000 	C:\Windows\System32\gdi32full.dll
0x00007ffaca780000 - 0x00007ffaca81e000 	C:\Windows\System32\msvcrt.dll
0x00007ffac9730000 - 0x00007ffac97cd000 	C:\Windows\System32\msvcp_win.dll
0x00007ffaca230000 - 0x00007ffaca262000 	C:\Windows\System32\IMM32.DLL
0x00007ffac0c50000 - 0x00007ffac0c5c000 	C:\Users\BUYPC\Desktop\sts-4.16.0.RELEASE\plugins\org.eclipse.justj.openjdk.hotspot.jre.full.win32.x86_64_17.0.4.v20220903-1038\jre\bin\vcruntime140_1.dll
0x00007ffaaf380000 - 0x00007ffaaf411000 	C:\Users\BUYPC\Desktop\sts-4.16.0.RELEASE\plugins\org.eclipse.justj.openjdk.hotspot.jre.full.win32.x86_64_17.0.4.v20220903-1038\jre\bin\msvcp140.dll
0x00007ffa977c0000 - 0x00007ffa98406000 	C:\Users\BUYPC\Desktop\sts-4.16.0.RELEASE\plugins\org.eclipse.justj.openjdk.hotspot.jre.full.win32.x86_64_17.0.4.v20220903-1038\jre\bin\server\jvm.dll
0x00007ffaca180000 - 0x00007ffaca22e000 	C:\Windows\System32\ADVAPI32.dll
0x00007ffacbf50000 - 0x00007ffacbfec000 	C:\Windows\System32\sechost.dll
0x00007ffacbbb0000 - 0x00007ffacbcd5000 	C:\Windows\System32\RPCRT4.dll
0x00007ffacbcf0000 - 0x00007ffacbcf8000 	C:\Windows\System32\PSAPI.DLL
0x00007ffabcc10000 - 0x00007ffabcc19000 	C:\Windows\SYSTEM32\WSOCK32.dll
0x00007ffaca320000 - 0x00007ffaca38b000 	C:\Windows\System32\WS2_32.dll
0x00007ffab7130000 - 0x00007ffab7157000 	C:\Windows\SYSTEM32\WINMM.dll
0x00007ffac1a40000 - 0x00007ffac1a4a000 	C:\Windows\SYSTEM32\VERSION.dll
0x00007ffac7f40000 - 0x00007ffac7f52000 	C:\Windows\SYSTEM32\kernel.appcore.dll
0x00007ffac4f20000 - 0x00007ffac4f2a000 	C:\Users\BUYPC\Desktop\sts-4.16.0.RELEASE\plugins\org.eclipse.justj.openjdk.hotspot.jre.full.win32.x86_64_17.0.4.v20220903-1038\jre\bin\jimage.dll
0x00007ffac1500000 - 0x00007ffac16e4000 	C:\Windows\SYSTEM32\DBGHELP.DLL
0x00007ffac1470000 - 0x00007ffac149c000 	C:\Windows\SYSTEM32\dbgcore.DLL
0x00007ffac9ef0000 - 0x00007ffac9f72000 	C:\Windows\System32\bcryptPrimitives.dll
0x00007ffab4820000 - 0x00007ffab485b000 	C:\Users\BUYPC\Desktop\sts-4.16.0.RELEASE\plugins\org.eclipse.justj.openjdk.hotspot.jre.full.win32.x86_64_17.0.4.v20220903-1038\jre\bin\jdwp.dll
0x00007ffac32e0000 - 0x00007ffac32ee000 	C:\Users\BUYPC\Desktop\sts-4.16.0.RELEASE\plugins\org.eclipse.justj.openjdk.hotspot.jre.full.win32.x86_64_17.0.4.v20220903-1038\jre\bin\instrument.dll
0x00007ffab58d0000 - 0x00007ffab58f5000 	C:\Users\BUYPC\Desktop\sts-4.16.0.RELEASE\plugins\org.eclipse.justj.openjdk.hotspot.jre.full.win32.x86_64_17.0.4.v20220903-1038\jre\bin\java.dll
0x00007ffab5c20000 - 0x00007ffab5c38000 	C:\Users\BUYPC\Desktop\sts-4.16.0.RELEASE\plugins\org.eclipse.justj.openjdk.hotspot.jre.full.win32.x86_64_17.0.4.v20220903-1038\jre\bin\zip.dll
0x00007ffacae30000 - 0x00007ffacb573000 	C:\Windows\System32\SHELL32.dll
0x00007ffac7790000 - 0x00007ffac7f22000 	C:\Windows\SYSTEM32\windows.storage.dll
0x00007ffaca420000 - 0x00007ffaca774000 	C:\Windows\System32\combase.dll
0x00007ffac8fd0000 - 0x00007ffac9000000 	C:\Windows\SYSTEM32\Wldp.dll
0x00007ffacb650000 - 0x00007ffacb6fd000 	C:\Windows\System32\SHCORE.dll
0x00007ffacbaf0000 - 0x00007ffacbb45000 	C:\Windows\System32\shlwapi.dll
0x00007ffac9670000 - 0x00007ffac968f000 	C:\Windows\SYSTEM32\profapi.dll
0x00007ffac0bb0000 - 0x00007ffac0bbc000 	C:\Users\BUYPC\Desktop\sts-4.16.0.RELEASE\plugins\org.eclipse.justj.openjdk.hotspot.jre.full.win32.x86_64_17.0.4.v20220903-1038\jre\bin\dt_socket.dll
0x00007ffac8ac0000 - 0x00007ffac8afb000 	C:\Windows\SYSTEM32\IPHLPAPI.DLL
0x00007ffac8db0000 - 0x00007ffac8e1a000 	C:\Windows\system32\mswsock.dll
0x00007ffac8b10000 - 0x00007ffac8bda000 	C:\Windows\SYSTEM32\DNSAPI.dll
0x00007ffacbce0000 - 0x00007ffacbce8000 	C:\Windows\System32\NSI.dll
0x00007ffabdba0000 - 0x00007ffabdbaa000 	C:\Windows\System32\rasadhlp.dll
0x00007ffabdc10000 - 0x00007ffabdc90000 	C:\Windows\System32\fwpuclnt.dll
0x00007ffac9900000 - 0x00007ffac9927000 	C:\Windows\System32\bcrypt.dll
0x00007ffab5b50000 - 0x00007ffab5b69000 	C:\Users\BUYPC\Desktop\sts-4.16.0.RELEASE\plugins\org.eclipse.justj.openjdk.hotspot.jre.full.win32.x86_64_17.0.4.v20220903-1038\jre\bin\net.dll
0x00007ffabd7a0000 - 0x00007ffabd8ac000 	C:\Windows\SYSTEM32\WINHTTP.dll
0x00007ffab5ab0000 - 0x00007ffab5ac5000 	C:\Users\BUYPC\Desktop\sts-4.16.0.RELEASE\plugins\org.eclipse.justj.openjdk.hotspot.jre.full.win32.x86_64_17.0.4.v20220903-1038\jre\bin\nio.dll
0x00007ffac2540000 - 0x00007ffac2550000 	C:\Users\BUYPC\Desktop\sts-4.16.0.RELEASE\plugins\org.eclipse.justj.openjdk.hotspot.jre.full.win32.x86_64_17.0.4.v20220903-1038\jre\bin\verify.dll
0x00007ffac0620000 - 0x00007ffac0637000 	C:\Windows\SYSTEM32\dhcpcsvc6.DLL
0x00007ffac0730000 - 0x00007ffac074d000 	C:\Windows\SYSTEM32\dhcpcsvc.DLL
0x00007ffac93d0000 - 0x00007ffac93e8000 	C:\Windows\SYSTEM32\CRYPTSP.dll
0x00007ffac86f0000 - 0x00007ffac8724000 	C:\Windows\system32\rsaenh.dll
0x00007ffac9630000 - 0x00007ffac965e000 	C:\Windows\SYSTEM32\USERENV.dll
0x00007ffac8f40000 - 0x00007ffac8f4c000 	C:\Windows\SYSTEM32\CRYPTBASE.dll
0x00007ffac0b60000 - 0x00007ffac0b69000 	C:\Users\BUYPC\Desktop\sts-4.16.0.RELEASE\plugins\org.eclipse.justj.openjdk.hotspot.jre.full.win32.x86_64_17.0.4.v20220903-1038\jre\bin\management.dll
0x00007ffab7090000 - 0x00007ffab709b000 	C:\Users\BUYPC\Desktop\sts-4.16.0.RELEASE\plugins\org.eclipse.justj.openjdk.hotspot.jre.full.win32.x86_64_17.0.4.v20220903-1038\jre\bin\management_ext.dll
0x00007ffab0bf0000 - 0x00007ffab0c07000 	C:\Windows\system32\napinsp.dll
0x00007ffab0bd0000 - 0x00007ffab0beb000 	C:\Windows\system32\pnrpnsp.dll
0x00007ffac3240000 - 0x00007ffac3255000 	C:\Windows\system32\wshbth.dll
0x00007ffac4f00000 - 0x00007ffac4f1d000 	C:\Windows\system32\NLAapi.dll
0x00007ffab0780000 - 0x00007ffab0792000 	C:\Windows\System32\winrnr.dll

dbghelp: loaded successfully - version: 4.0.5 - missing functions: none
symbol engine: initialized successfully - sym options: 0x614 - pdb path: .;C:\Users\BUYPC\Desktop\sts-4.16.0.RELEASE\plugins\org.eclipse.justj.openjdk.hotspot.jre.full.win32.x86_64_17.0.4.v20220903-1038\jre\bin;C:\Windows\SYSTEM32;C:\Program Files\Avast Software\Avast;C:\Windows\WinSxS\amd64_microsoft.windows.common-controls_6595b64144ccf1df_6.0.19041.1110_none_60b5254171f9507e;C:\Users\BUYPC\Desktop\sts-4.16.0.RELEASE\plugins\org.eclipse.justj.openjdk.hotspot.jre.full.win32.x86_64_17.0.4.v20220903-1038\jre\bin\server

VM Arguments:
jvm_args: -XX:+ShowCodeDetailsInExceptionMessages -agentlib:jdwp=transport=dt_socket,suspend=y,address=localhost:49352 -ea -javaagent:C:\Users\BUYPC\Desktop\sts-4.16.0.RELEASE\configuration\org.eclipse.osgi\268\0\.cp\lib\javaagent-shaded.jar -Dfile.encoding=UTF-8 
java_command: org.eclipse.jdt.internal.junit.runner.RemoteTestRunner -version 3 -port 49351 -testLoaderClass org.eclipse.jdt.internal.junit5.runner.JUnit5TestLoader -loaderpluginname org.eclipse.jdt.junit5.runtime -packageNameFile C:\Users\BUYPC\AppData\Local\Temp\packageNames8703951093203299657.txt
java_class_path (initial): C:\Users\BUYPC\Desktop\yuzee-backend-institute-api\target\test-classes;C:\Users\BUYPC\Desktop\yuzee-backend-institute-api\target\classes;C:\Users\BUYPC\.m2\repository\org\apache\commons\commons-lang3\3.11\commons-lang3-3.11.jar;C:\Users\BUYPC\.m2\repository\org\projectlombok\lombok\1.18.20\lombok-1.18.20.jar;C:\Users\BUYPC\.m2\repository\junit\junit\4.12\junit-4.12.jar;C:\Users\BUYPC\.m2\repository\org\hamcrest\hamcrest-core\2.2\hamcrest-core-2.2.jar;C:\Users\BUYPC\.m2\repository\org\springframework\boot\spring-boot-starter-web\2.4.5\spring-boot-starter-web-2.4.5.jar;C:\Users\BUYPC\.m2\repository\org\springframework\boot\spring-boot-starter\2.4.5\spring-boot-starter-2.4.5.jar;C:\Users\BUYPC\.m2\repository\org\springframework\boot\spring-boot-starter-logging\2.4.5\spring-boot-starter-logging-2.4.5.jar;C:\Users\BUYPC\.m2\repository\ch\qos\logback\logback-classic\1.2.3\logback-classic-1.2.3.jar;C:\Users\BUYPC\.m2\repository\ch\qos\logback\logback-core\1.2.3\logback-core-1.2.3.jar;C:\Users\BUYPC\.m2\repository\org\apache\logging\log4j\log4j-to-slf4j\2.13.3\log4j-to-slf4j-2.13.3.jar;C:\Users\BUYPC\.m2\repository\org\apache\logging\log4j\log4j-api\2.13.3\log4j-api-2.13.3.jar;C:\Users\BUYPC\.m2\repository\org\slf4j\jul-to-slf4j\1.7.30\jul-to-slf4j-1.7.30.jar;C:\Users\BUYPC\.m2\repository\org\yaml\snakeyaml\1.27\snakeyaml-1.27.jar;C:\Users\BUYPC\.m2\repository\org\springframework\boot\spring-boot-starter-json\2.4.5\spring-boot-starter-json-2.4.5.jar;C:\Users\BUYPC\.m2\repository\com\fasterxml\jackson\datatype\jackson-datatype-jdk8\2.11.4\jackson-datatype-jdk8-2.11.4.jar;C:\Users\BUYPC\.m2\repository\com\fasterxml\jackson\datatype\jackson-datatype-jsr310\2.11.4\jackson-datatype-jsr310-2.11.4.jar;C:\Users\BUYPC\.m2\repository\com\fasterxml\jackson\module\jackson-module-parameter-names\2.11.4\jackson-module-parameter-names-2.11.4.jar;C:\Users\BUYPC\.m2\repository\org\springframework\spring-web\5.3.6\spring-web-5.3.6.jar;C:\Users\BUYPC\.m2\repositor
Launcher Type: SUN_STANDARD

[Global flags]
     intx CICompilerCount                          = 3                                         {product} {ergonomic}
     uint ConcGCThreads                            = 1                                         {product} {ergonomic}
     uint G1ConcRefinementThreads                  = 4                                         {product} {ergonomic}
   size_t G1HeapRegionSize                         = 1048576                                   {product} {ergonomic}
    uintx GCDrainStackTargetSize                   = 64                                        {product} {ergonomic}
   size_t InitialHeapSize                          = 134217728                                 {product} {ergonomic}
   size_t MarkStackSize                            = 4194304                                   {product} {ergonomic}
   size_t MaxHeapSize                              = 2118123520                                {product} {ergonomic}
   size_t MaxNewSize                               = 1270874112                                {product} {ergonomic}
   size_t MinHeapDeltaBytes                        = 1048576                                   {product} {ergonomic}
   size_t MinHeapSize                              = 8388608                                   {product} {ergonomic}
    uintx NonNMethodCodeHeapSize                   = 5832780                                {pd product} {ergonomic}
    uintx NonProfiledCodeHeapSize                  = 122912730                              {pd product} {ergonomic}
    uintx ProfiledCodeHeapSize                     = 122912730                              {pd product} {ergonomic}
    uintx ReservedCodeCacheSize                    = 251658240                              {pd product} {ergonomic}
     bool SegmentedCodeCache                       = true                                      {product} {ergonomic}
     bool ShowCodeDetailsInExceptionMessages       = true                                   {manageable} {command line}
   size_t SoftMaxHeapSize                          = 2118123520                             {manageable} {ergonomic}
     bool UseCompressedClassPointers               = true                           {product lp64_product} {ergonomic}
     bool UseCompressedOops                        = true                           {product lp64_product} {ergonomic}
     bool UseG1GC                                  = true                                      {product} {ergonomic}
     bool UseLargePagesIndividualAllocation        = false                                  {pd product} {ergonomic}

Logging:
Log output configuration:
 #0: stdout all=warning uptime,level,tags
 #1: stderr all=off uptime,level,tags

Environment Variables:
JAVA_HOME=C:\Program Files\Java\jdk-17.0.2
PATH=C:\Users\BUYPC\Desktop\sts-4.16.0.RELEASE\plugins\org.eclipse.justj.openjdk.hotspot.jre.full.win32.x86_64_17.0.4.v20220903-1038\jre\bin;C:/Users/BUYPC/Desktop/sts-4.16.0.RELEASE//plugins/org.eclipse.justj.openjdk.hotspot.jre.full.win32.x86_64_17.0.4.v20220903-1038/jre/bin/server;C:/Users/BUYPC/Desktop/sts-4.16.0.RELEASE//plugins/org.eclipse.justj.openjdk.hotspot.jre.full.win32.x86_64_17.0.4.v20220903-1038/jre/bin;C:\Program Files\Common Files\Oracle\Java\javapath;C:\Program Files\Java\jdk-16.0.2\bin;C:\Windows\system32;C:\Windows;C:\Windows\System32\Wbem;C:\Windows\System32\WindowsPowerShell\v1.0\;C:\Windows\System32\OpenSSH\;C:\Users\BUYPC\Desktop\apache-maven-3.8.4-bin\apache-maven-3.8.4\bin;C:\Program Files\Git\cmd;C:\Program Files\nodejs\;C:\ProgramData\Microsoft\Windows\Start Menu\Programs\MySQL\MySQL Server 8.0;C:\Users\BUYPC\Downloads\sonarqube-8.9.9.56886\sonarqube-8.9.9.56886\bin;;C:\Program Files\Docker\Docker\resources\bin;C:\Program Files\MySQL\MySQL Shell 8.0\bin\;C:\Users\BUYPC\AppData\Local\Microsoft\WindowsApps;C:\Users\BUYPC\AppData\Roaming\npm;C:\Users\BUYPC\AppData\Local\Programs\Microsoft VS Code\bin;C:\Users\BUYPC\Desktop\;C:\Users\BUYPC\Desktop\sts-4.16.0.RELEASE;
USERNAME=BUYPC
OS=Windows_NT
PROCESSOR_IDENTIFIER=Intel64 Family 6 Model 42 Stepping 7, GenuineIntel
TMP=C:\Users\BUYPC\AppData\Local\Temp
TEMP=C:\Users\BUYPC\AppData\Local\Temp



---------------  S Y S T E M  ---------------

OS:
 Windows 10 , 64 bit Build 19041 (10.0.19041.2251)
OS uptime: 0 days 18:32 hours
Hyper-V role detected

CPU: total 4 (initial active 4) (2 cores per cpu, 2 threads per core) family 6 model 42 stepping 7 microcode 0x2f, cx8, cmov, fxsr, ht, mmx, sse, sse2, sse3, ssse3, sse4.1, sse4.2, popcnt, tsc, tscinvbit, avx, aes, clmul, vzeroupper, clflush, hv

Memory: 4k page, system-wide physical 8073M (904M free)
TotalPageFile size 13193M (AvailPageFile size 3812M)
current process WorkingSet (physical memory assigned to process): 277M, peak: 278M
current process commit charge ("private bytes"): 302M, peak: 305M

vm_info: OpenJDK 64-Bit Server VM (17.0.4.1+1) for windows-amd64 JRE (17.0.4.1+1), built on Aug 17 2022 07:42:43 by "temurin" with MS VC++ 16.7 (VS2019)

END.
