#
# A fatal error has been detected by the Java Runtime Environment:
#
#  Internal Error (utilities/concurrentHashTable.inline.hpp:680), pid=428, tid=12820
#  fatal error: aux_index does not match even or odd indices
#
# JRE version: OpenJDK Runtime Environment Temurin-17.0.4.1+1 (17.0.4.1+1) (build 17.0.4.1+1)
# Java VM: OpenJDK 64-Bit Server VM Temurin-17.0.4.1+1 (17.0.4.1+1, mixed mode, tiered, compressed oops, compressed class ptrs, g1 gc, windows-amd64)
# No core dump will be written. Minidumps are not enabled by default on client versions of Windows
#
# If you would like to submit a bug report, please visit:
#   https://github.com/adoptium/adoptium-support/issues
#

---------------  S U M M A R Y ------------

Command Line: -XX:+ShowCodeDetailsInExceptionMessages -agentlib:jdwp=transport=dt_socket,suspend=y,address=localhost:55612 -ea -javaagent:C:\Users\BUYPC\Desktop\sts-4.16.0.RELEASE\configuration\org.eclipse.osgi\268\0\.cp\lib\javaagent-shaded.jar -Dfile.encoding=UTF-8 org.eclipse.jdt.internal.junit.runner.RemoteTestRunner -version 3 -port 55611 -testLoaderClass org.eclipse.jdt.internal.junit5.runner.JUnit5TestLoader -loaderpluginname org.eclipse.jdt.junit5.runtime -test com.yuzee.app.controller.CourseControllerTest:updateBasiCourse

Host: Intel(R) Core(TM) i7-2640M CPU @ 2.80GHz, 4 cores, 7G,  Windows 10 , 64 bit Build 19041 (10.0.19041.2251)
Time: Tue Nov 29 05:33:59 2022 Pacific Standard Time elapsed time: 40.008879 seconds (0d 0h 0m 40s)

---------------  T H R E A D  ---------------

Current thread (0x000002abe6438ba0):  JavaThread "Service Thread" daemon [_thread_in_vm, id=12820, stack(0x000000e46a300000,0x000000e46a400000)]

Stack: [0x000000e46a300000,0x000000e46a400000]
Native frames: (J=compiled Java code, j=interpreted, Vv=VM code, C=native code)
V  [jvm.dll+0x67731a]
V  [jvm.dll+0x832284]
V  [jvm.dll+0x833a2e]
V  [jvm.dll+0x24549f]
V  [jvm.dll+0x7a3db3]
V  [jvm.dll+0x7a28fa]
V  [jvm.dll+0x7a1eab]
V  [jvm.dll+0x6dadfd]
V  [jvm.dll+0x7e7e9b]
V  [jvm.dll+0x7e240a]
V  [jvm.dll+0x6761a5]
C  [ucrtbase.dll+0x21bb2]
C  [KERNEL32.DLL+0x174b4]
C  [ntdll.dll+0x526a1]


---------------  P R O C E S S  ---------------

Threads class SMR info:
_java_thread_list=0x000002abf1d937e0, length=28, elements={
0x000002abca529ae0, 0x000002abe5b55250, 0x000002abe5b28b30, 0x000002abe5b3fbd0,
0x000002abe5b42990, 0x000002abe6438ba0, 0x000002abe6439550, 0x000002abe643afe0,
0x000002abe64853f0, 0x000002abe64b00e0, 0x000002abe6525dc0, 0x000002abe67d25f0,
0x000002abe67d2ae0, 0x000002abe6756ee0, 0x000002abe74625a0, 0x000002abe743eae0,
0x000002abe903b950, 0x000002abe7450f60, 0x000002abe74535e0, 0x000002abe7451430,
0x000002abe74522a0, 0x000002abe7452770, 0x000002abe7453110, 0x000002abec3b14f0,
0x000002abec3b0680, 0x000002abec3b36a0, 0x000002abec3b4eb0, 0x000002abec3b2830
}

Java Threads: ( => current thread )
  0x000002abca529ae0 JavaThread "main" [_thread_blocked, id=8708, stack(0x000000e469800000,0x000000e469900000)]
  0x000002abe5b55250 JavaThread "Reference Handler" daemon [_thread_blocked, id=6544, stack(0x000000e469f00000,0x000000e46a000000)]
  0x000002abe5b28b30 JavaThread "Finalizer" daemon [_thread_blocked, id=3936, stack(0x000000e46a000000,0x000000e46a100000)]
  0x000002abe5b3fbd0 JavaThread "Signal Dispatcher" daemon [_thread_blocked, id=6392, stack(0x000000e46a100000,0x000000e46a200000)]
  0x000002abe5b42990 JavaThread "Attach Listener" daemon [_thread_blocked, id=1600, stack(0x000000e46a200000,0x000000e46a300000)]
=>0x000002abe6438ba0 JavaThread "Service Thread" daemon [_thread_in_vm, id=12820, stack(0x000000e46a300000,0x000000e46a400000)]
  0x000002abe6439550 JavaThread "Monitor Deflation Thread" daemon [_thread_blocked, id=10692, stack(0x000000e46a400000,0x000000e46a500000)]
  0x000002abe643afe0 JavaThread "C2 CompilerThread0" daemon [_thread_blocked, id=2424, stack(0x000000e46a500000,0x000000e46a600000)]
  0x000002abe64853f0 JavaThread "C1 CompilerThread0" daemon [_thread_blocked, id=3588, stack(0x000000e46a600000,0x000000e46a700000)]
  0x000002abe64b00e0 JavaThread "Sweeper thread" daemon [_thread_blocked, id=4140, stack(0x000000e46a700000,0x000000e46a800000)]
  0x000002abe6525dc0 JavaThread "Common-Cleaner" daemon [_thread_blocked, id=11716, stack(0x000000e46a800000,0x000000e46a900000)]
  0x000002abe67d25f0 JavaThread "JDWP Transport Listener: dt_socket" daemon [_thread_blocked, id=7064, stack(0x000000e46a900000,0x000000e46aa00000)]
  0x000002abe67d2ae0 JavaThread "JDWP Event Helper Thread" daemon [_thread_blocked, id=9964, stack(0x000000e46aa00000,0x000000e46ab00000)]
  0x000002abe6756ee0 JavaThread "JDWP Command Reader" daemon [_thread_in_native, id=12696, stack(0x000000e46ab00000,0x000000e46ac00000)]
  0x000002abe74625a0 JavaThread "Notification Thread" daemon [_thread_blocked, id=32, stack(0x000000e46b000000,0x000000e46b100000)]
  0x000002abe743eae0 JavaThread "ReaderThread" [_thread_in_native, id=10020, stack(0x000000e46b200000,0x000000e46b300000)]
  0x000002abe903b950 JavaThread "C2 CompilerThread1" daemon [_thread_blocked, id=11016, stack(0x000000e46ac00000,0x000000e46ad00000)]
  0x000002abe7450f60 JavaThread "Catalina-utility-1" [_thread_blocked, id=12532, stack(0x000000e46b300000,0x000000e46b400000)]
  0x000002abe74535e0 JavaThread "Catalina-utility-2" [_thread_blocked, id=12148, stack(0x000000e46b400000,0x000000e46b500000)]
  0x000002abe7451430 JavaThread "container-0" [_thread_blocked, id=12096, stack(0x000000e46b500000,0x000000e46b600000)]
  0x000002abe74522a0 JavaThread "Thread-5" daemon [_thread_in_native, id=8980, stack(0x000000e46b600000,0x000000e46b700000)]
  0x000002abe7452770 JavaThread "cluster-ClusterId{value='63860a34fe404f1d91d4248d', description='null'}-srv-notification.18kxt.mongodb.net" daemon [_thread_blocked, id=8812, stack(0x000000e46b700000,0x000000e46b800000)]
  0x000002abe7453110 JavaThread "cluster-ClusterId{value='63860a34fe404f1d91d4248d', description='null'}-notification-shard-00-02.18kxt.mongodb.net:27017" daemon [_thread_in_native, id=9864, stack(0x000000e46b800000,0x000000e46b900000)]
  0x000002abec3b14f0 JavaThread "cluster-rtt-ClusterId{value='63860a34fe404f1d91d4248d', description='null'}-notification-shard-00-02.18kxt.mongodb.net:27017" daemon [_thread_blocked, id=7232, stack(0x000000e46b900000,0x000000e46ba00000)]
  0x000002abec3b0680 JavaThread "cluster-ClusterId{value='63860a34fe404f1d91d4248d', description='null'}-notification-shard-00-00.18kxt.mongodb.net:27017" daemon [_thread_in_native, id=12544, stack(0x000000e46ba00000,0x000000e46bb00000)]
  0x000002abec3b36a0 JavaThread "cluster-rtt-ClusterId{value='63860a34fe404f1d91d4248d', description='null'}-notification-shard-00-00.18kxt.mongodb.net:27017" daemon [_thread_blocked, id=1648, stack(0x000000e46bb00000,0x000000e46bc00000)]
  0x000002abec3b4eb0 JavaThread "cluster-ClusterId{value='63860a34fe404f1d91d4248d', description='null'}-notification-shard-00-01.18kxt.mongodb.net:27017" daemon [_thread_in_native, id=6056, stack(0x000000e46bc00000,0x000000e46bd00000)]
  0x000002abec3b2830 JavaThread "cluster-rtt-ClusterId{value='63860a34fe404f1d91d4248d', description='null'}-notification-shard-00-01.18kxt.mongodb.net:27017" daemon [_thread_blocked, id=11060, stack(0x000000e46bd00000,0x000000e46be00000)]

Other Threads:
  0x000002abe64131b0 VMThread "VM Thread" [stack: 0x000000e469e00000,0x000000e469f00000] [id=9264] _threads_hazard_ptr=0x000002abf1d937e0
  0x000002abe76f78a0 WatcherThread [stack: 0x000000e46b100000,0x000000e46b200000] [id=9688]
  0x000002abca4ca840 GCTaskThread "GC Thread#0" [stack: 0x000000e469900000,0x000000e469a00000] [id=8084]
  0x000002abe73fd650 GCTaskThread "GC Thread#1" [stack: 0x000000e46ad00000,0x000000e46ae00000] [id=3300]
  0x000002abe732f420 GCTaskThread "GC Thread#2" [stack: 0x000000e46ae00000,0x000000e46af00000] [id=3988]
  0x000002abe71f43f0 GCTaskThread "GC Thread#3" [stack: 0x000000e46af00000,0x000000e46b000000] [id=11204]
  0x000002abca593c20 ConcurrentGCThread "G1 Main Marker" [stack: 0x000000e469a00000,0x000000e469b00000] [id=4896]
  0x000002abca4cd550 ConcurrentGCThread "G1 Conc#0" [stack: 0x000000e469b00000,0x000000e469c00000] [id=8328]
  0x000002abca5ceb90 ConcurrentGCThread "G1 Refine#0" [stack: 0x000000e469c00000,0x000000e469d00000] [id=12520]
  0x000002abe599a750 ConcurrentGCThread "G1 Service" [stack: 0x000000e469d00000,0x000000e469e00000] [id=456]

Threads with active compile tasks:
C2 CompilerThread0    41493 11707   !   4       org.springframework.util.ReflectionUtils::doWithLocalMethods (89 bytes)
C2 CompilerThread1    41493 11724       4       java.lang.PublicMethods$MethodList::getMostSpecific (63 bytes)

VM state: synchronizing (normal execution)

VM Mutex/Monitor currently owned by a thread:  ([mutex/lock_event])
[0x000002abca525cd0] Threads_lock - owner thread: 0x000002abe64131b0
[0x000002abca525580] Heap_lock - owner thread: 0x000002abca593c20

Heap address: 0x0000000081c00000, size: 2020 MB, Compressed Oops mode: 32-bit

CDS archive(s) not mapped
Compressed class space mapped at: 0x0000000100000000-0x0000000140000000, reserved size: 1073741824
Narrow klass base: 0x0000000000000000, Narrow klass shift: 3, Narrow klass range: 0x140000000

GC Precious Log:
 CPUs: 4 total, 4 available
 Memory: 8073M
 Large Page Support: Disabled
 NUMA Support: Disabled
 Compressed Oops: Enabled (32-bit)
 Heap Region Size: 1M
 Heap Min Capacity: 8M
 Heap Initial Capacity: 128M
 Heap Max Capacity: 2020M
 Pre-touch: Disabled
 Parallel Workers: 4
 Concurrent Workers: 1
 Concurrent Refinement Workers: 4
 Periodic GC: Disabled

Heap:
 garbage-first heap   total 177152K, used 98258K [0x0000000081c00000, 0x0000000100000000)
  region size 1024K, 14 young (14336K), 6 survivors (6144K)
 Metaspace       used 98922K, committed 99584K, reserved 1138688K
  class space    used 12707K, committed 13056K, reserved 1048576K

Heap Regions: E=young(eden), S=young(survivor), O=old, HS=humongous(starts), HC=humongous(continues), CS=collection set, F=free, OA=open archive, CA=closed archive, TAMS=top-at-mark-start (previous, next)
|   0|0x0000000081c00000, 0x0000000081d00000, 0x0000000081d00000|100%|HS|  |TAMS 0x0000000081d00000, 0x0000000081c00000| Complete 
|   1|0x0000000081d00000, 0x0000000081e00000, 0x0000000081e00000|100%| O|  |TAMS 0x0000000081e00000, 0x0000000081d00000| Untracked 
|   2|0x0000000081e00000, 0x0000000081f00000, 0x0000000081f00000|100%| O|  |TAMS 0x0000000081f00000, 0x0000000081e00000| Untracked 
|   3|0x0000000081f00000, 0x0000000082000000, 0x0000000082000000|100%| O|  |TAMS 0x0000000082000000, 0x0000000081f00000| Untracked 
|   4|0x0000000082000000, 0x0000000082100000, 0x0000000082100000|100%| O|  |TAMS 0x0000000082100000, 0x0000000082000000| Untracked 
|   5|0x0000000082100000, 0x0000000082200000, 0x0000000082200000|100%| O|  |TAMS 0x0000000082200000, 0x0000000082100000| Untracked 
|   6|0x0000000082200000, 0x0000000082300000, 0x0000000082300000|100%| O|  |TAMS 0x0000000082300000, 0x0000000082200000| Untracked 
|   7|0x0000000082300000, 0x0000000082400000, 0x0000000082400000|100%| O|  |TAMS 0x0000000082400000, 0x0000000082300000| Untracked 
|   8|0x0000000082400000, 0x0000000082500000, 0x0000000082500000|100%| O|  |TAMS 0x0000000082500000, 0x0000000082400000| Untracked 
|   9|0x0000000082500000, 0x0000000082600000, 0x0000000082600000|100%| O|  |TAMS 0x0000000082600000, 0x0000000082500000| Untracked 
|  10|0x0000000082600000, 0x0000000082700000, 0x0000000082700000|100%| O|  |TAMS 0x0000000082700000, 0x0000000082600000| Untracked 
|  11|0x0000000082700000, 0x0000000082800000, 0x0000000082800000|100%| O|  |TAMS 0x0000000082800000, 0x0000000082700000| Untracked 
|  12|0x0000000082800000, 0x0000000082900000, 0x0000000082900000|100%| O|  |TAMS 0x0000000082900000, 0x0000000082800000| Untracked 
|  13|0x0000000082900000, 0x0000000082a00000, 0x0000000082a00000|100%| O|  |TAMS 0x0000000082a00000, 0x0000000082900000| Untracked 
|  14|0x0000000082a00000, 0x0000000082b00000, 0x0000000082b00000|100%| O|  |TAMS 0x0000000082b00000, 0x0000000082a00000| Untracked 
|  15|0x0000000082b00000, 0x0000000082c00000, 0x0000000082c00000|100%| O|  |TAMS 0x0000000082c00000, 0x0000000082b00000| Untracked 
|  16|0x0000000082c00000, 0x0000000082d00000, 0x0000000082d00000|100%| O|  |TAMS 0x0000000082d00000, 0x0000000082c00000| Untracked 
|  17|0x0000000082d00000, 0x0000000082e00000, 0x0000000082e00000|100%| O|  |TAMS 0x0000000082e00000, 0x0000000082d00000| Updating 
|  18|0x0000000082e00000, 0x0000000082f00000, 0x0000000082f00000|100%| O|  |TAMS 0x0000000082f00000, 0x0000000082e00000| Untracked 
|  19|0x0000000082f00000, 0x0000000083000000, 0x0000000083000000|100%| O|  |TAMS 0x0000000083000000, 0x0000000082f00000| Untracked 
|  20|0x0000000083000000, 0x0000000083100000, 0x0000000083100000|100%| O|  |TAMS 0x0000000083100000, 0x0000000083000000| Untracked 
|  21|0x0000000083100000, 0x0000000083200000, 0x0000000083200000|100%| O|  |TAMS 0x0000000083200000, 0x0000000083100000| Updating 
|  22|0x0000000083200000, 0x0000000083300000, 0x0000000083300000|100%| O|  |TAMS 0x0000000083300000, 0x0000000083200000| Updating 
|  23|0x0000000083300000, 0x0000000083400000, 0x0000000083400000|100%| O|  |TAMS 0x0000000083400000, 0x0000000083300000| Updating 
|  24|0x0000000083400000, 0x0000000083500000, 0x0000000083500000|100%| O|  |TAMS 0x0000000083500000, 0x0000000083400000| Updating 
|  25|0x0000000083500000, 0x0000000083600000, 0x0000000083600000|100%| O|  |TAMS 0x0000000083600000, 0x0000000083500000| Updating 
|  26|0x0000000083600000, 0x0000000083700000, 0x0000000083700000|100%| O|  |TAMS 0x0000000083700000, 0x0000000083600000| Updating 
|  27|0x0000000083700000, 0x0000000083800000, 0x0000000083800000|100%| O|  |TAMS 0x0000000083800000, 0x0000000083700000| Updating 
|  28|0x0000000083800000, 0x0000000083900000, 0x0000000083900000|100%| O|  |TAMS 0x0000000083900000, 0x0000000083800000| Untracked 
|  29|0x0000000083900000, 0x0000000083a00000, 0x0000000083a00000|100%| O|  |TAMS 0x0000000083a00000, 0x0000000083900000| Updating 
|  30|0x0000000083a00000, 0x0000000083a4ce00, 0x0000000083b00000| 30%| O|  |TAMS 0x0000000083a4ce00, 0x0000000083a00000| Updating 
|  31|0x0000000083b00000, 0x0000000083c00000, 0x0000000083c00000|100%| O|  |TAMS 0x0000000083c00000, 0x0000000083b00000| Untracked 
|  32|0x0000000083c00000, 0x0000000083d00000, 0x0000000083d00000|100%| O|  |TAMS 0x0000000083d00000, 0x0000000083c00000| Untracked 
|  33|0x0000000083d00000, 0x0000000083e00000, 0x0000000083e00000|100%| O|  |TAMS 0x0000000083e00000, 0x0000000083d00000| Untracked 
|  34|0x0000000083e00000, 0x0000000083f00000, 0x0000000083f00000|100%| O|  |TAMS 0x0000000083f00000, 0x0000000083e00000| Updating 
|  35|0x0000000083f00000, 0x0000000084000000, 0x0000000084000000|100%| O|  |TAMS 0x0000000084000000, 0x0000000083f00000| Untracked 
|  36|0x0000000084000000, 0x0000000084100000, 0x0000000084100000|100%| O|  |TAMS 0x0000000084100000, 0x0000000084000000| Untracked 
|  37|0x0000000084100000, 0x0000000084200000, 0x0000000084200000|100%| O|  |TAMS 0x0000000084200000, 0x0000000084100000| Updating 
|  38|0x0000000084200000, 0x0000000084300000, 0x0000000084300000|100%| O|  |TAMS 0x0000000084300000, 0x0000000084200000| Untracked 
|  39|0x0000000084300000, 0x0000000084400000, 0x0000000084400000|100%| O|  |TAMS 0x0000000084400000, 0x0000000084300000| Updating 
|  40|0x0000000084400000, 0x0000000084500000, 0x0000000084500000|100%| O|  |TAMS 0x0000000084500000, 0x0000000084400000| Untracked 
|  41|0x0000000084500000, 0x0000000084600000, 0x0000000084600000|100%| O|  |TAMS 0x0000000084600000, 0x0000000084500000| Untracked 
|  42|0x0000000084600000, 0x0000000084700000, 0x0000000084700000|100%| O|  |TAMS 0x0000000084700000, 0x0000000084600000| Untracked 
|  43|0x0000000084700000, 0x0000000084800000, 0x0000000084800000|100%| O|  |TAMS 0x0000000084800000, 0x0000000084700000| Untracked 
|  44|0x0000000084800000, 0x0000000084900000, 0x0000000084900000|100%| O|  |TAMS 0x0000000084900000, 0x0000000084800000| Untracked 
|  45|0x0000000084900000, 0x0000000084a00000, 0x0000000084a00000|100%| O|  |TAMS 0x0000000084a00000, 0x0000000084900000| Untracked 
|  46|0x0000000084a00000, 0x0000000084b00000, 0x0000000084b00000|100%| O|  |TAMS 0x0000000084b00000, 0x0000000084a00000| Untracked 
|  47|0x0000000084b00000, 0x0000000084c00000, 0x0000000084c00000|100%| O|  |TAMS 0x0000000084c00000, 0x0000000084b00000| Untracked 
|  48|0x0000000084c00000, 0x0000000084d00000, 0x0000000084d00000|100%| O|  |TAMS 0x0000000084d00000, 0x0000000084c00000| Untracked 
|  49|0x0000000084d00000, 0x0000000084e00000, 0x0000000084e00000|100%| O|  |TAMS 0x0000000084e00000, 0x0000000084d00000| Untracked 
|  50|0x0000000084e00000, 0x0000000084f00000, 0x0000000084f00000|100%| O|  |TAMS 0x0000000084f00000, 0x0000000084e00000| Updating 
|  51|0x0000000084f00000, 0x0000000085000000, 0x0000000085000000|100%| O|  |TAMS 0x0000000085000000, 0x0000000084f00000| Updating 
|  52|0x0000000085000000, 0x0000000085100000, 0x0000000085100000|100%| O|  |TAMS 0x0000000085100000, 0x0000000085000000| Updating 
|  53|0x0000000085100000, 0x0000000085200000, 0x0000000085200000|100%| O|  |TAMS 0x0000000085200000, 0x0000000085100000| Updating 
|  54|0x0000000085200000, 0x0000000085300000, 0x0000000085300000|100%| O|  |TAMS 0x0000000085300000, 0x0000000085200000| Untracked 
|  55|0x0000000085300000, 0x0000000085400000, 0x0000000085400000|100%| O|  |TAMS 0x0000000085400000, 0x0000000085300000| Untracked 
|  56|0x0000000085400000, 0x0000000085500000, 0x0000000085500000|100%| O|  |TAMS 0x0000000085500000, 0x0000000085400000| Untracked 
|  57|0x0000000085500000, 0x0000000085600000, 0x0000000085600000|100%| O|  |TAMS 0x0000000085600000, 0x0000000085500000| Untracked 
|  58|0x0000000085600000, 0x0000000085700000, 0x0000000085700000|100%| O|  |TAMS 0x0000000085700000, 0x0000000085600000| Untracked 
|  59|0x0000000085700000, 0x0000000085800000, 0x0000000085800000|100%| O|  |TAMS 0x0000000085800000, 0x0000000085700000| Untracked 
|  60|0x0000000085800000, 0x0000000085900000, 0x0000000085900000|100%| O|  |TAMS 0x0000000085900000, 0x0000000085800000| Untracked 
|  61|0x0000000085900000, 0x0000000085a00000, 0x0000000085a00000|100%| O|  |TAMS 0x0000000085a00000, 0x0000000085900000| Untracked 
|  62|0x0000000085a00000, 0x0000000085b00000, 0x0000000085b00000|100%| O|  |TAMS 0x0000000085b00000, 0x0000000085a00000| Updating 
|  63|0x0000000085b00000, 0x0000000085c00000, 0x0000000085c00000|100%| O|  |TAMS 0x0000000085c00000, 0x0000000085b00000| Untracked 
|  64|0x0000000085c00000, 0x0000000085d00000, 0x0000000085d00000|100%| O|  |TAMS 0x0000000085d00000, 0x0000000085c00000| Untracked 
|  65|0x0000000085d00000, 0x0000000085e00000, 0x0000000085e00000|100%| O|  |TAMS 0x0000000085e00000, 0x0000000085d00000| Untracked 
|  66|0x0000000085e00000, 0x0000000085f00000, 0x0000000085f00000|100%| O|  |TAMS 0x0000000085f00000, 0x0000000085e00000| Untracked 
|  67|0x0000000085f00000, 0x0000000086000000, 0x0000000086000000|100%| O|  |TAMS 0x0000000086000000, 0x0000000085f00000| Untracked 
|  68|0x0000000086000000, 0x0000000086100000, 0x0000000086100000|100%| O|  |TAMS 0x0000000086100000, 0x0000000086000000| Untracked 
|  69|0x0000000086100000, 0x0000000086200000, 0x0000000086200000|100%| O|  |TAMS 0x0000000086200000, 0x0000000086100000| Untracked 
|  70|0x0000000086200000, 0x0000000086300000, 0x0000000086300000|100%| O|  |TAMS 0x0000000086300000, 0x0000000086200000| Untracked 
|  71|0x0000000086300000, 0x0000000086400000, 0x0000000086400000|100%| O|  |TAMS 0x0000000086400000, 0x0000000086300000| Untracked 
|  72|0x0000000086400000, 0x0000000086500000, 0x0000000086500000|100%| O|  |TAMS 0x0000000086500000, 0x0000000086400000| Untracked 
|  73|0x0000000086500000, 0x0000000086600000, 0x0000000086600000|100%| O|  |TAMS 0x0000000086600000, 0x0000000086500000| Untracked 
|  74|0x0000000086600000, 0x0000000086700000, 0x0000000086700000|100%| O|  |TAMS 0x0000000086700000, 0x0000000086600000| Untracked 
|  75|0x0000000086700000, 0x0000000086800000, 0x0000000086800000|100%| O|  |TAMS 0x0000000086800000, 0x0000000086700000| Untracked 
|  76|0x0000000086800000, 0x0000000086900000, 0x0000000086900000|100%| O|  |TAMS 0x0000000086900000, 0x0000000086800000| Updating 
|  77|0x0000000086900000, 0x0000000086a00000, 0x0000000086a00000|100%| O|  |TAMS 0x0000000086a00000, 0x0000000086900000| Untracked 
|  78|0x0000000086a00000, 0x0000000086b00000, 0x0000000086b00000|100%| O|  |TAMS 0x0000000086b00000, 0x0000000086a00000| Untracked 
|  79|0x0000000086b00000, 0x0000000086c00000, 0x0000000086c00000|100%| O|  |TAMS 0x0000000086c00000, 0x0000000086b00000| Updating 
|  80|0x0000000086c00000, 0x0000000086d00000, 0x0000000086d00000|100%| O|  |TAMS 0x0000000086c00000, 0x0000000086c00000| Untracked 
|  81|0x0000000086d00000, 0x0000000086e00000, 0x0000000086e00000|100%| O|  |TAMS 0x0000000086d00000, 0x0000000086d00000| Untracked 
|  82|0x0000000086e00000, 0x0000000086f00000, 0x0000000086f00000|100%| O|  |TAMS 0x0000000086e00000, 0x0000000086e00000| Untracked 
|  83|0x0000000086f00000, 0x0000000086fa7c00, 0x0000000087000000| 65%| O|  |TAMS 0x0000000086f00000, 0x0000000086f00000| Updating 
|  84|0x0000000087000000, 0x0000000087000000, 0x0000000087100000|  0%| F|  |TAMS 0x0000000087000000, 0x0000000087000000| Untracked 
|  85|0x0000000087100000, 0x0000000087100000, 0x0000000087200000|  0%| F|  |TAMS 0x0000000087100000, 0x0000000087100000| Untracked 
|  86|0x0000000087200000, 0x0000000087200000, 0x0000000087300000|  0%| F|  |TAMS 0x0000000087200000, 0x0000000087200000| Untracked 
|  87|0x0000000087300000, 0x0000000087300000, 0x0000000087400000|  0%| F|  |TAMS 0x0000000087300000, 0x0000000087300000| Untracked 
|  88|0x0000000087400000, 0x0000000087400000, 0x0000000087500000|  0%| F|  |TAMS 0x0000000087400000, 0x0000000087400000| Untracked 
|  89|0x0000000087500000, 0x0000000087500000, 0x0000000087600000|  0%| F|  |TAMS 0x0000000087500000, 0x0000000087500000| Untracked 
|  90|0x0000000087600000, 0x0000000087600000, 0x0000000087700000|  0%| F|  |TAMS 0x0000000087600000, 0x0000000087600000| Untracked 
|  91|0x0000000087700000, 0x0000000087700000, 0x0000000087800000|  0%| F|  |TAMS 0x0000000087700000, 0x0000000087700000| Untracked 
|  92|0x0000000087800000, 0x0000000087800000, 0x0000000087900000|  0%| F|  |TAMS 0x0000000087800000, 0x0000000087800000| Untracked 
|  93|0x0000000087900000, 0x0000000087900000, 0x0000000087a00000|  0%| F|  |TAMS 0x0000000087900000, 0x0000000087900000| Untracked 
|  94|0x0000000087a00000, 0x0000000087a00000, 0x0000000087b00000|  0%| F|  |TAMS 0x0000000087a00000, 0x0000000087a00000| Untracked 
|  95|0x0000000087b00000, 0x0000000087b00000, 0x0000000087c00000|  0%| F|  |TAMS 0x0000000087b00000, 0x0000000087b00000| Untracked 
|  96|0x0000000087c00000, 0x0000000087c00000, 0x0000000087d00000|  0%| F|  |TAMS 0x0000000087c00000, 0x0000000087c00000| Untracked 
|  97|0x0000000087d00000, 0x0000000087d00000, 0x0000000087e00000|  0%| F|  |TAMS 0x0000000087d00000, 0x0000000087d00000| Untracked 
|  98|0x0000000087e00000, 0x0000000087e00000, 0x0000000087f00000|  0%| F|  |TAMS 0x0000000087e00000, 0x0000000087e00000| Untracked 
|  99|0x0000000087f00000, 0x0000000087f00000, 0x0000000088000000|  0%| F|  |TAMS 0x0000000087f00000, 0x0000000087f00000| Untracked 
| 100|0x0000000088000000, 0x0000000088000000, 0x0000000088100000|  0%| F|  |TAMS 0x0000000088000000, 0x0000000088000000| Untracked 
| 101|0x0000000088100000, 0x0000000088200000, 0x0000000088200000|100%| S|CS|TAMS 0x0000000088100000, 0x0000000088100000| Complete 
| 102|0x0000000088200000, 0x0000000088300000, 0x0000000088300000|100%| S|CS|TAMS 0x0000000088200000, 0x0000000088200000| Complete 
| 103|0x0000000088300000, 0x0000000088300000, 0x0000000088400000|  0%| F|  |TAMS 0x0000000088300000, 0x0000000088300000| Untracked 
| 104|0x0000000088400000, 0x0000000088400000, 0x0000000088500000|  0%| F|  |TAMS 0x0000000088400000, 0x0000000088400000| Untracked 
| 105|0x0000000088500000, 0x0000000088500000, 0x0000000088600000|  0%| F|  |TAMS 0x0000000088500000, 0x0000000088500000| Untracked 
| 106|0x0000000088600000, 0x0000000088600000, 0x0000000088700000|  0%| F|  |TAMS 0x0000000088600000, 0x0000000088600000| Untracked 
| 107|0x0000000088700000, 0x0000000088800000, 0x0000000088800000|100%| S|CS|TAMS 0x0000000088700000, 0x0000000088700000| Complete 
| 108|0x0000000088800000, 0x0000000088900000, 0x0000000088900000|100%| S|CS|TAMS 0x0000000088800000, 0x0000000088800000| Complete 
| 109|0x0000000088900000, 0x0000000088a00000, 0x0000000088a00000|100%| S|CS|TAMS 0x0000000088900000, 0x0000000088900000| Complete 
| 110|0x0000000088a00000, 0x0000000088a00000, 0x0000000088b00000|  0%| F|  |TAMS 0x0000000088a00000, 0x0000000088a00000| Untracked 
| 111|0x0000000088b00000, 0x0000000088b00000, 0x0000000088c00000|  0%| F|  |TAMS 0x0000000088b00000, 0x0000000088b00000| Untracked 
| 112|0x0000000088c00000, 0x0000000088c00000, 0x0000000088d00000|  0%| F|  |TAMS 0x0000000088c00000, 0x0000000088c00000| Untracked 
| 113|0x0000000088d00000, 0x0000000088e00000, 0x0000000088e00000|100%| S|CS|TAMS 0x0000000088d00000, 0x0000000088d00000| Complete 
| 114|0x0000000088e00000, 0x0000000088e00000, 0x0000000088f00000|  0%| F|  |TAMS 0x0000000088e00000, 0x0000000088e00000| Untracked 
| 115|0x0000000088f00000, 0x0000000088f00000, 0x0000000089000000|  0%| F|  |TAMS 0x0000000088f00000, 0x0000000088f00000| Untracked 
| 116|0x0000000089000000, 0x0000000089000000, 0x0000000089100000|  0%| F|  |TAMS 0x0000000089000000, 0x0000000089000000| Untracked 
| 117|0x0000000089100000, 0x0000000089100000, 0x0000000089200000|  0%| F|  |TAMS 0x0000000089100000, 0x0000000089100000| Untracked 
| 118|0x0000000089200000, 0x0000000089200000, 0x0000000089300000|  0%| F|  |TAMS 0x0000000089200000, 0x0000000089200000| Untracked 
| 119|0x0000000089300000, 0x0000000089300000, 0x0000000089400000|  0%| F|  |TAMS 0x0000000089300000, 0x0000000089300000| Untracked 
| 120|0x0000000089400000, 0x0000000089400000, 0x0000000089500000|  0%| F|  |TAMS 0x0000000089400000, 0x0000000089400000| Untracked 
| 121|0x0000000089500000, 0x0000000089500000, 0x0000000089600000|  0%| F|  |TAMS 0x0000000089500000, 0x0000000089500000| Untracked 
| 122|0x0000000089600000, 0x0000000089600000, 0x0000000089700000|  0%| F|  |TAMS 0x0000000089600000, 0x0000000089600000| Untracked 
| 123|0x0000000089700000, 0x0000000089700000, 0x0000000089800000|  0%| F|  |TAMS 0x0000000089700000, 0x0000000089700000| Untracked 
| 124|0x0000000089800000, 0x0000000089800000, 0x0000000089900000|  0%| F|  |TAMS 0x0000000089800000, 0x0000000089800000| Untracked 
| 125|0x0000000089900000, 0x0000000089900000, 0x0000000089a00000|  0%| F|  |TAMS 0x0000000089900000, 0x0000000089900000| Untracked 
| 126|0x0000000089a00000, 0x0000000089a00000, 0x0000000089b00000|  0%| F|  |TAMS 0x0000000089a00000, 0x0000000089a00000| Untracked 
| 127|0x0000000089b00000, 0x0000000089b00000, 0x0000000089c00000|  0%| F|  |TAMS 0x0000000089b00000, 0x0000000089b00000| Untracked 
| 128|0x0000000089c00000, 0x0000000089c00000, 0x0000000089d00000|  0%| F|  |TAMS 0x0000000089c00000, 0x0000000089c00000| Untracked 
| 129|0x0000000089d00000, 0x0000000089d00000, 0x0000000089e00000|  0%| F|  |TAMS 0x0000000089d00000, 0x0000000089d00000| Untracked 
| 130|0x0000000089e00000, 0x0000000089e00000, 0x0000000089f00000|  0%| F|  |TAMS 0x0000000089e00000, 0x0000000089e00000| Untracked 
| 131|0x0000000089f00000, 0x0000000089f00000, 0x000000008a000000|  0%| F|  |TAMS 0x0000000089f00000, 0x0000000089f00000| Untracked 
| 132|0x000000008a000000, 0x000000008a000000, 0x000000008a100000|  0%| F|  |TAMS 0x000000008a000000, 0x000000008a000000| Untracked 
| 133|0x000000008a100000, 0x000000008a100000, 0x000000008a200000|  0%| F|  |TAMS 0x000000008a100000, 0x000000008a100000| Untracked 
| 134|0x000000008a200000, 0x000000008a200000, 0x000000008a300000|  0%| F|  |TAMS 0x000000008a200000, 0x000000008a200000| Untracked 
| 135|0x000000008a300000, 0x000000008a300000, 0x000000008a400000|  0%| F|  |TAMS 0x000000008a300000, 0x000000008a300000| Untracked 
| 136|0x000000008a400000, 0x000000008a400000, 0x000000008a500000|  0%| F|  |TAMS 0x000000008a400000, 0x000000008a400000| Untracked 
| 137|0x000000008a500000, 0x000000008a500000, 0x000000008a600000|  0%| F|  |TAMS 0x000000008a500000, 0x000000008a500000| Untracked 
| 138|0x000000008a600000, 0x000000008a600000, 0x000000008a700000|  0%| F|  |TAMS 0x000000008a600000, 0x000000008a600000| Untracked 
| 139|0x000000008a700000, 0x000000008a700000, 0x000000008a800000|  0%| F|  |TAMS 0x000000008a700000, 0x000000008a700000| Untracked 
| 140|0x000000008a800000, 0x000000008a800000, 0x000000008a900000|  0%| F|  |TAMS 0x000000008a800000, 0x000000008a800000| Untracked 
| 141|0x000000008a900000, 0x000000008a900000, 0x000000008aa00000|  0%| F|  |TAMS 0x000000008a900000, 0x000000008a900000| Untracked 
| 142|0x000000008aa00000, 0x000000008aa00000, 0x000000008ab00000|  0%| F|  |TAMS 0x000000008aa00000, 0x000000008aa00000| Untracked 
| 143|0x000000008ab00000, 0x000000008ab00000, 0x000000008ac00000|  0%| F|  |TAMS 0x000000008ab00000, 0x000000008ab00000| Untracked 
| 144|0x000000008ac00000, 0x000000008ac00000, 0x000000008ad00000|  0%| F|  |TAMS 0x000000008ac00000, 0x000000008ac00000| Untracked 
| 145|0x000000008ad00000, 0x000000008ad00000, 0x000000008ae00000|  0%| F|  |TAMS 0x000000008ad00000, 0x000000008ad00000| Untracked 
| 146|0x000000008ae00000, 0x000000008ae00000, 0x000000008af00000|  0%| F|  |TAMS 0x000000008ae00000, 0x000000008ae00000| Untracked 
| 147|0x000000008af00000, 0x000000008af00000, 0x000000008b000000|  0%| F|  |TAMS 0x000000008af00000, 0x000000008af00000| Untracked 
| 148|0x000000008b000000, 0x000000008b000000, 0x000000008b100000|  0%| F|  |TAMS 0x000000008b000000, 0x000000008b000000| Untracked 
| 149|0x000000008b100000, 0x000000008b100000, 0x000000008b200000|  0%| F|  |TAMS 0x000000008b100000, 0x000000008b100000| Untracked 
| 150|0x000000008b200000, 0x000000008b200000, 0x000000008b300000|  0%| F|  |TAMS 0x000000008b200000, 0x000000008b200000| Untracked 
| 151|0x000000008b300000, 0x000000008b300000, 0x000000008b400000|  0%| F|  |TAMS 0x000000008b300000, 0x000000008b300000| Untracked 
| 152|0x000000008b400000, 0x000000008b400000, 0x000000008b500000|  0%| F|  |TAMS 0x000000008b400000, 0x000000008b400000| Untracked 
| 153|0x000000008b500000, 0x000000008b500000, 0x000000008b600000|  0%| F|  |TAMS 0x000000008b500000, 0x000000008b500000| Untracked 
| 154|0x000000008b600000, 0x000000008b600000, 0x000000008b700000|  0%| F|  |TAMS 0x000000008b600000, 0x000000008b600000| Untracked 
| 155|0x000000008b700000, 0x000000008b700000, 0x000000008b800000|  0%| F|  |TAMS 0x000000008b700000, 0x000000008b700000| Untracked 
| 156|0x000000008b800000, 0x000000008b800000, 0x000000008b900000|  0%| F|  |TAMS 0x000000008b800000, 0x000000008b800000| Untracked 
| 157|0x000000008b900000, 0x000000008b900000, 0x000000008ba00000|  0%| F|  |TAMS 0x000000008b900000, 0x000000008b900000| Untracked 
| 158|0x000000008ba00000, 0x000000008ba00000, 0x000000008bb00000|  0%| F|  |TAMS 0x000000008ba00000, 0x000000008ba00000| Untracked 
| 159|0x000000008bb00000, 0x000000008bb00000, 0x000000008bc00000|  0%| F|  |TAMS 0x000000008bb00000, 0x000000008bb00000| Untracked 
| 160|0x000000008bc00000, 0x000000008bc00000, 0x000000008bd00000|  0%| F|  |TAMS 0x000000008bc00000, 0x000000008bc00000| Untracked 
| 161|0x000000008bd00000, 0x000000008bd00000, 0x000000008be00000|  0%| F|  |TAMS 0x000000008bd00000, 0x000000008bd00000| Untracked 
| 162|0x000000008be00000, 0x000000008be00000, 0x000000008bf00000|  0%| F|  |TAMS 0x000000008be00000, 0x000000008be00000| Untracked 
| 163|0x000000008bf00000, 0x000000008bf00000, 0x000000008c000000|  0%| F|  |TAMS 0x000000008bf00000, 0x000000008bf00000| Untracked 
| 164|0x000000008c000000, 0x000000008c000000, 0x000000008c100000|  0%| F|  |TAMS 0x000000008c000000, 0x000000008c000000| Untracked 
| 165|0x000000008c100000, 0x000000008c200000, 0x000000008c200000|100%| E|  |TAMS 0x000000008c100000, 0x000000008c100000| Complete 
| 166|0x000000008c200000, 0x000000008c300000, 0x000000008c300000|100%| E|CS|TAMS 0x000000008c200000, 0x000000008c200000| Complete 
| 167|0x000000008c300000, 0x000000008c400000, 0x000000008c400000|100%| E|CS|TAMS 0x000000008c300000, 0x000000008c300000| Complete 
| 168|0x000000008c400000, 0x000000008c500000, 0x000000008c500000|100%| E|CS|TAMS 0x000000008c400000, 0x000000008c400000| Complete 
| 169|0x000000008c500000, 0x000000008c600000, 0x000000008c600000|100%| E|CS|TAMS 0x000000008c500000, 0x000000008c500000| Complete 
| 170|0x000000008c600000, 0x000000008c700000, 0x000000008c700000|100%| E|CS|TAMS 0x000000008c600000, 0x000000008c600000| Complete 
| 171|0x000000008c700000, 0x000000008c800000, 0x000000008c800000|100%| E|CS|TAMS 0x000000008c700000, 0x000000008c700000| Complete 
| 172|0x000000008c800000, 0x000000008c900000, 0x000000008c900000|100%| E|CS|TAMS 0x000000008c800000, 0x000000008c800000| Complete 

Card table byte_map: [0x000002abdedb0000,0x000002abdf1b0000] _byte_map_base: 0x000002abde9a2000

Marking Bits (Prev, Next): (CMBitMap*) 0x000002abca4cad60, (CMBitMap*) 0x000002abca4cada0
 Prev Bits: [0x000002abdf5b0000, 0x000002abe1540000)
 Next Bits: [0x000002abe1540000, 0x000002abe34d0000)

Polling page: 0x000002abca3c0000

Metaspace:

Usage:
  Non-class:     84.19 MB used.
      Class:     12.41 MB used.
       Both:     96.60 MB used.

Virtual space:
  Non-class space:       88.00 MB reserved,      84.50 MB ( 96%) committed,  11 nodes.
      Class space:        1.00 GB reserved,      12.75 MB (  1%) committed,  1 nodes.
             Both:        1.09 GB reserved,      97.25 MB (  9%) committed. 

Chunk freelists:
   Non-Class:  3.13 MB
       Class:  3.28 MB
        Both:  6.42 MB

MaxMetaspaceSize: unlimited
CompressedClassSpaceSize: 1.00 GB
Initial GC threshold: 21.00 MB
Current GC threshold: 162.12 MB
CDS: off
MetaspaceReclaimPolicy: balanced
 - commit_granule_bytes: 65536.
 - commit_granule_words: 8192.
 - virtual_space_node_default_size: 1048576.
 - enlarge_chunks_in_place: 1.
 - new_chunks_are_fully_committed: 0.
 - uncommit_free_chunks: 1.
 - use_allocation_guard: 0.
 - handle_deallocations: 1.


Internal statistics:

num_allocs_failed_limit: 9.
num_arena_births: 1090.
num_arena_deaths: 2.
num_vsnodes_births: 12.
num_vsnodes_deaths: 0.
num_space_committed: 1556.
num_space_uncommitted: 0.
num_chunks_returned_to_freelist: 12.
num_chunks_taken_from_freelist: 4533.
num_chunk_merges: 6.
num_chunk_splits: 2945.
num_chunks_enlarged: 2037.
num_purges: 2.
num_inconsistent_stats: 0.

CodeHeap 'non-profiled nmethods': size=120000Kb used=8023Kb max_used=8023Kb free=111976Kb
 bounds [0x000002abd6e50000, 0x000002abd7630000, 0x000002abde380000]
CodeHeap 'profiled nmethods': size=120000Kb used=18366Kb max_used=18366Kb free=101633Kb
 bounds [0x000002abcf920000, 0x000002abd0b20000, 0x000002abd6e50000]
CodeHeap 'non-nmethods': size=5760Kb used=1417Kb max_used=1486Kb free=4342Kb
 bounds [0x000002abcf380000, 0x000002abcf5f0000, 0x000002abcf920000]
 total_blobs=10278 nmethods=9624 adapters=563
 compilation: enabled
              stopped_count=0, restarted_count=0
 full_count=0

Compilation events (20 events):
Event: 39.763 Thread 0x000002abe64853f0 11719       3       org.springframework.core.io.support.ResourceArrayPropertyEditor::<init> (8 bytes)
Event: 39.764 Thread 0x000002abe64853f0 nmethod 11719 0x000002abd0b01910 code [0x000002abd0b01ae0, 0x000002abd0b02008]
Event: 39.767 Thread 0x000002abe643afe0 nmethod 11706 0x000002abd7617490 code [0x000002abd7617660, 0x000002abd76182c8]
Event: 39.768 Thread 0x000002abe643afe0 11707   !   4       org.springframework.util.ReflectionUtils::doWithLocalMethods (89 bytes)
Event: 39.786 Thread 0x000002abe64853f0 11720   !   3       org.springframework.beans.factory.support.ConstructorResolver::instantiate (73 bytes)
Event: 39.788 Thread 0x000002abe64853f0 nmethod 11720 0x000002abd0b02210 code [0x000002abd0b02460, 0x000002abd0b02e68]
Event: 39.835 Thread 0x000002abe64853f0 11721       3       java.beans.Introspector::makeQualifiedMethodName (50 bytes)
Event: 39.836 Thread 0x000002abe64853f0 nmethod 11721 0x000002abd0b03390 code [0x000002abd0b035c0, 0x000002abd0b03c78]
Event: 39.913 Thread 0x000002abe903b950 nmethod 11674 0x000002abd7618710 code [0x000002abd7618c40, 0x000002abd761e270]
Event: 39.914 Thread 0x000002abe903b950 11722       4       org.springframework.core.ResolvableType::getNested (121 bytes)
Event: 39.930 Thread 0x000002abe64853f0 11723   !   3       com.sun.beans.introspect.ClassInfo::getMethods (47 bytes)
Event: 39.930 Thread 0x000002abe64853f0 nmethod 11723 0x000002abd0b03f90 code [0x000002abd0b04140, 0x000002abd0b04488]
Event: 39.939 Thread 0x000002abe64853f0 11725       3       org.springframework.core.annotation.MergedAnnotationPredicates$$Lambda$825/0x0000000100708838::test (12 bytes)
Event: 39.940 Thread 0x000002abe64853f0 nmethod 11725 0x000002abd0b04590 code [0x000002abd0b04780, 0x000002abd0b04be8]
Event: 39.942 Thread 0x000002abe64853f0 11727       3       org.springframework.asm.MethodWriter::putFrame (549 bytes)
Event: 39.944 Thread 0x000002abe64853f0 nmethod 11727 0x000002abd0b04d90 code [0x000002abd0b051e0, 0x000002abd0b06d18]
Event: 39.945 Thread 0x000002abe64853f0 11728       3       org.springframework.asm.Frame::execute (2305 bytes)
Event: 39.953 Thread 0x000002abe64853f0 nmethod 11728 0x000002abd0b07990 code [0x000002abd0b08900, 0x000002abd0b0f398]
Event: 39.954 Thread 0x000002abe64853f0 11729       3       org.springframework.asm.Frame::accept (264 bytes)
Event: 39.955 Thread 0x000002abe64853f0 nmethod 11729 0x000002abd0b11110 code [0x000002abd0b11340, 0x000002abd0b11cb8]

GC Heap History (20 events):
Event: 25.566 GC heap before
{Heap before GC invocations=27 (full 0):
 garbage-first heap   total 147456K, used 117171K [0x0000000081c00000, 0x0000000100000000)
  region size 1024K, 75 young (76800K), 11 survivors (11264K)
 Metaspace       used 73690K, committed 74176K, reserved 1114112K
  class space    used 9294K, committed 9536K, reserved 1048576K
}
Event: 25.586 GC heap after
{Heap after GC invocations=28 (full 0):
 garbage-first heap   total 147456K, used 57124K [0x0000000081c00000, 0x0000000100000000)
  region size 1024K, 5 young (5120K), 5 survivors (5120K)
 Metaspace       used 73690K, committed 74176K, reserved 1114112K
  class space    used 9294K, committed 9536K, reserved 1048576K
}
Event: 26.929 GC heap before
{Heap before GC invocations=28 (full 0):
 garbage-first heap   total 147456K, used 118564K [0x0000000081c00000, 0x0000000100000000)
  region size 1024K, 65 young (66560K), 5 survivors (5120K)
 Metaspace       used 75189K, committed 75648K, reserved 1122304K
  class space    used 9441K, committed 9664K, reserved 1048576K
}
Event: 26.949 GC heap after
{Heap after GC invocations=29 (full 0):
 garbage-first heap   total 147456K, used 63247K [0x0000000081c00000, 0x0000000100000000)
  region size 1024K, 9 young (9216K), 9 survivors (9216K)
 Metaspace       used 75189K, committed 75648K, reserved 1122304K
  class space    used 9441K, committed 9664K, reserved 1048576K
}
Event: 28.040 GC heap before
{Heap before GC invocations=29 (full 0):
 garbage-first heap   total 147456K, used 118543K [0x0000000081c00000, 0x0000000100000000)
  region size 1024K, 63 young (64512K), 9 survivors (9216K)
 Metaspace       used 77791K, committed 78336K, reserved 1122304K
  class space    used 9860K, committed 10112K, reserved 1048576K
}
Event: 28.058 GC heap after
{Heap after GC invocations=30 (full 0):
 garbage-first heap   total 177152K, used 66093K [0x0000000081c00000, 0x0000000100000000)
  region size 1024K, 3 young (3072K), 3 survivors (3072K)
 Metaspace       used 77791K, committed 78336K, reserved 1122304K
  class space    used 9860K, committed 10112K, reserved 1048576K
}
Event: 29.678 GC heap before
{Heap before GC invocations=30 (full 0):
 garbage-first heap   total 177152K, used 142893K [0x0000000081c00000, 0x0000000100000000)
  region size 1024K, 78 young (79872K), 3 survivors (3072K)
 Metaspace       used 80988K, committed 81536K, reserved 1122304K
  class space    used 10284K, committed 10560K, reserved 1048576K
}
Event: 29.694 GC heap after
{Heap after GC invocations=31 (full 0):
 garbage-first heap   total 177152K, used 67444K [0x0000000081c00000, 0x0000000100000000)
  region size 1024K, 4 young (4096K), 4 survivors (4096K)
 Metaspace       used 80988K, committed 81536K, reserved 1122304K
  class space    used 10284K, committed 10560K, reserved 1048576K
}
Event: 31.393 GC heap before
{Heap before GC invocations=31 (full 0):
 garbage-first heap   total 177152K, used 144244K [0x0000000081c00000, 0x0000000100000000)
  region size 1024K, 80 young (81920K), 4 survivors (4096K)
 Metaspace       used 82652K, committed 83136K, reserved 1122304K
  class space    used 10382K, committed 10624K, reserved 1048576K
}
Event: 31.407 GC heap after
{Heap after GC invocations=32 (full 0):
 garbage-first heap   total 177152K, used 72351K [0x0000000081c00000, 0x0000000100000000)
  region size 1024K, 9 young (9216K), 9 survivors (9216K)
 Metaspace       used 82652K, committed 83136K, reserved 1122304K
  class space    used 10382K, committed 10624K, reserved 1048576K
}
Event: 33.307 GC heap before
{Heap before GC invocations=32 (full 0):
 garbage-first heap   total 177152K, used 145055K [0x0000000081c00000, 0x0000000100000000)
  region size 1024K, 80 young (81920K), 9 survivors (9216K)
 Metaspace       used 84514K, committed 85120K, reserved 1130496K
  class space    used 10595K, committed 10944K, reserved 1048576K
}
Event: 33.328 GC heap after
{Heap after GC invocations=33 (full 0):
 garbage-first heap   total 177152K, used 77559K [0x0000000081c00000, 0x0000000100000000)
  region size 1024K, 10 young (10240K), 10 survivors (10240K)
 Metaspace       used 84514K, committed 85120K, reserved 1130496K
  class space    used 10595K, committed 10944K, reserved 1048576K
}
Event: 35.084 GC heap before
{Heap before GC invocations=33 (full 0):
 garbage-first heap   total 177152K, used 145143K [0x0000000081c00000, 0x0000000100000000)
  region size 1024K, 76 young (77824K), 10 survivors (10240K)
 Metaspace       used 87215K, committed 87872K, reserved 1130496K
  class space    used 11000K, committed 11328K, reserved 1048576K
}
Event: 35.103 GC heap after
{Heap after GC invocations=34 (full 0):
 garbage-first heap   total 177152K, used 80767K [0x0000000081c00000, 0x0000000100000000)
  region size 1024K, 9 young (9216K), 9 survivors (9216K)
 Metaspace       used 87215K, committed 87872K, reserved 1130496K
  class space    used 11000K, committed 11328K, reserved 1048576K
}
Event: 37.073 GC heap before
{Heap before GC invocations=34 (full 0):
 garbage-first heap   total 177152K, used 144255K [0x0000000081c00000, 0x0000000100000000)
  region size 1024K, 72 young (73728K), 9 survivors (9216K)
 Metaspace       used 90276K, committed 90880K, reserved 1130496K
  class space    used 11450K, committed 11776K, reserved 1048576K
}
Event: 37.091 GC heap after
{Heap after GC invocations=35 (full 0):
 garbage-first heap   total 177152K, used 85292K [0x0000000081c00000, 0x0000000100000000)
  region size 1024K, 8 young (8192K), 8 survivors (8192K)
 Metaspace       used 90276K, committed 90880K, reserved 1130496K
  class space    used 11450K, committed 11776K, reserved 1048576K
}
Event: 38.307 GC heap before
{Heap before GC invocations=35 (full 0):
 garbage-first heap   total 177152K, used 146732K [0x0000000081c00000, 0x0000000100000000)
  region size 1024K, 68 young (69632K), 8 survivors (8192K)
 Metaspace       used 96481K, committed 97152K, reserved 1138688K
  class space    used 12349K, committed 12672K, reserved 1048576K
}
Event: 38.323 GC heap after
{Heap after GC invocations=36 (full 0):
 garbage-first heap   total 177152K, used 87687K [0x0000000081c00000, 0x0000000100000000)
  region size 1024K, 7 young (7168K), 7 survivors (7168K)
 Metaspace       used 96481K, committed 97152K, reserved 1138688K
  class space    used 12349K, committed 12672K, reserved 1048576K
}
Event: 39.562 GC heap before
{Heap before GC invocations=36 (full 0):
 garbage-first heap   total 177152K, used 148103K [0x0000000081c00000, 0x0000000100000000)
  region size 1024K, 66 young (67584K), 7 survivors (7168K)
 Metaspace       used 98815K, committed 99520K, reserved 1138688K
  class space    used 12685K, committed 13056K, reserved 1048576K
}
Event: 39.580 GC heap after
{Heap after GC invocations=37 (full 0):
 garbage-first heap   total 177152K, used 91090K [0x0000000081c00000, 0x0000000100000000)
  region size 1024K, 6 young (6144K), 6 survivors (6144K)
 Metaspace       used 98815K, committed 99520K, reserved 1138688K
  class space    used 12685K, committed 13056K, reserved 1048576K
}

Deoptimization events (20 events):
Event: 39.938 Thread 0x000002abca529ae0 DEOPT PACKING pc=0x000002abd72138f8 sp=0x000000e4698faa50
Event: 39.938 Thread 0x000002abca529ae0 DEOPT UNPACKING pc=0x000002abcf3d23a3 sp=0x000000e4698fa918 mode 2
Event: 39.938 Thread 0x000002abca529ae0 DEOPT PACKING pc=0x000002abd70fcfd4 sp=0x000000e4698fb440
Event: 39.938 Thread 0x000002abca529ae0 DEOPT UNPACKING pc=0x000002abcf3d2b43 sp=0x000000e4698fa8b8 mode 1
Event: 39.938 Thread 0x000002abca529ae0 DEOPT PACKING pc=0x000002abd0a903dc sp=0x000000e4698fb480
Event: 39.938 Thread 0x000002abca529ae0 DEOPT UNPACKING pc=0x000002abcf3d2b43 sp=0x000000e4698fa9d0 mode 1
Event: 39.938 Thread 0x000002abca529ae0 DEOPT PACKING pc=0x000002abd6fcbe50 sp=0x000000e4698fb4c0
Event: 39.938 Thread 0x000002abca529ae0 DEOPT UNPACKING pc=0x000002abcf3d2b43 sp=0x000000e4698fa960 mode 1
Event: 39.940 Thread 0x000002abca529ae0 Uncommon trap: trap_request=0xffffffbe fr.pc=0x000002abd73818cc relative=0x00000000000044cc
Event: 39.940 Thread 0x000002abca529ae0 Uncommon trap: reason=profile_predicate action=maybe_recompile pc=0x000002abd73818cc method=org.springframework.core.annotation.TypeMappedAnnotation.asMap(Ljava/util/function/Function;[Lorg/springframework/core/annotation/MergedAnnotation$Adapt;)Ljava/uti
Event: 39.940 Thread 0x000002abca529ae0 DEOPT PACKING pc=0x000002abd73818cc sp=0x000000e4698fb6f0
Event: 39.940 Thread 0x000002abca529ae0 DEOPT UNPACKING pc=0x000002abcf3d23a3 sp=0x000000e4698fb580 mode 2
Event: 39.941 Thread 0x000002abca529ae0 Uncommon trap: trap_request=0xffffff45 fr.pc=0x000002abd70308ac relative=0x000000000000720c
Event: 39.941 Thread 0x000002abca529ae0 Uncommon trap: reason=unstable_if action=reinterpret pc=0x000002abd70308ac method=org.springframework.asm.Frame.execute(IILorg/springframework/asm/Symbol;Lorg/springframework/asm/SymbolTable;)V @ 1 c2
Event: 39.941 Thread 0x000002abca529ae0 DEOPT PACKING pc=0x000002abd70308ac sp=0x000000e4698fada0
Event: 39.941 Thread 0x000002abca529ae0 DEOPT UNPACKING pc=0x000002abcf3d23a3 sp=0x000000e4698fad78 mode 2
Event: 39.942 Thread 0x000002abca529ae0 Uncommon trap: trap_request=0xffffff45 fr.pc=0x000002abd7523b7c relative=0x0000000000000a1c
Event: 39.942 Thread 0x000002abca529ae0 Uncommon trap: reason=unstable_if action=reinterpret pc=0x000002abd7523b7c method=org.springframework.asm.Frame.accept(Lorg/springframework/asm/MethodWriter;)V @ 32 c2
Event: 39.942 Thread 0x000002abca529ae0 DEOPT PACKING pc=0x000002abd7523b7c sp=0x000000e4698faf00
Event: 39.942 Thread 0x000002abca529ae0 DEOPT UNPACKING pc=0x000002abcf3d23a3 sp=0x000000e4698faec0 mode 2

Classes unloaded (1 events):
Event: 39.858 Thread 0x000002abe64131b0 Unloading class 0x0000000100670000 'net/bytebuddy/mirror/AccessibleObject'

Classes redefined (0 events):
No events

Internal exceptions (20 events):
Event: 39.799 Thread 0x000002abca529ae0 Exception <a 'java/lang/ClassNotFoundException'{0x000000008c333b98}: java/lang/ObjectCustomizer> (0x000000008c333b98) 
thrown [s\src\hotspot\share\classfile\systemDictionary.cpp, line 256]
Event: 39.802 Thread 0x000002abca529ae0 Exception <a 'java/lang/ClassNotFoundException'{0x000000008c341c28}: org/springframework/boot/actuate/web/mappings/servlet/FiltersMappingDescriptionProviderCustomizer> (0x000000008c341c28) 
thrown [s\src\hotspot\share\classfile\systemDictionary.cpp, line 256]
Event: 39.806 Thread 0x000002abca529ae0 Exception <a 'java/lang/ClassNotFoundException'{0x000000008c3599d0}: org/springframework/boot/actuate/web/mappings/MappingDescriptionProviderCustomizer> (0x000000008c3599d0) 
thrown [s\src\hotspot\share\classfile\systemDictionary.cpp, line 256]
Event: 39.810 Thread 0x000002abca529ae0 Exception <a 'java/lang/ClassNotFoundException'{0x000000008c36b2b8}: java/lang/ObjectCustomizer> (0x000000008c36b2b8) 
thrown [s\src\hotspot\share\classfile\systemDictionary.cpp, line 256]
Event: 39.814 Thread 0x000002abca529ae0 Exception <a 'java/lang/ClassNotFoundException'{0x000000008c3796c8}: org/springframework/boot/actuate/autoconfigure/web/mappings/MappingsEndpointAutoConfigurationCustomizer> (0x000000008c3796c8) 
thrown [s\src\hotspot\share\classfile\systemDictionary.cpp, line 256]
Event: 39.817 Thread 0x000002abca529ae0 Exception <a 'java/lang/ClassNotFoundException'{0x000000008c38aa68}: java/lang/ObjectCustomizer> (0x000000008c38aa68) 
thrown [s\src\hotspot\share\classfile\systemDictionary.cpp, line 256]
Event: 39.821 Thread 0x000002abca529ae0 Exception <a 'java/lang/ClassNotFoundException'{0x000000008c398b18}: org/springframework/boot/autoconfigure/aop/AopAutoConfiguration$ClassProxyingConfigurationCustomizer> (0x000000008c398b18) 
thrown [s\src\hotspot\share\classfile\systemDictionary.cpp, line 256]
Event: 39.822 Thread 0x000002abca529ae0 Exception <a 'java/lang/ClassNotFoundException'{0x000000008c3a2208}: java/lang/ObjectCustomizer> (0x000000008c3a2208) 
thrown [s\src\hotspot\share\classfile\systemDictionary.cpp, line 256]
Event: 39.825 Thread 0x000002abca529ae0 Exception <a 'java/lang/ClassNotFoundException'{0x000000008c3af798}: org/springframework/boot/autoconfigure/aop/AopAutoConfigurationCustomizer> (0x000000008c3af798) 
thrown [s\src\hotspot\share\classfile\systemDictionary.cpp, line 256]
Event: 39.827 Thread 0x000002abca529ae0 Exception <a 'java/lang/ClassNotFoundException'{0x000000008c3ba280}: java/lang/ObjectCustomizer> (0x000000008c3ba280) 
thrown [s\src\hotspot\share\classfile\systemDictionary.cpp, line 256]
Event: 39.832 Thread 0x000002abca529ae0 Exception <a 'java/lang/ClassNotFoundException'{0x000000008c3c7960}: org/springframework/boot/autoconfigure/batch/BatchAutoConfigurationCustomizer> (0x000000008c3c7960) 
thrown [s\src\hotspot\share\classfile\systemDictionary.cpp, line 256]
Event: 39.835 Thread 0x000002abca529ae0 Exception <a 'java/lang/ClassNotFoundException'{0x000000008c3e4398}: java/lang/ObjectCustomizer> (0x000000008c3e4398) 
thrown [s\src\hotspot\share\classfile\systemDictionary.cpp, line 256]
Event: 39.840 Thread 0x000002abca529ae0 Exception <a 'java/lang/ClassNotFoundException'{0x000000008c3f1d88}: org/springframework/boot/autoconfigure/batch/JobExecutionExitCodeGeneratorCustomizer> (0x000000008c3f1d88) 
thrown [s\src\hotspot\share\classfile\systemDictionary.cpp, line 256]
Event: 39.842 Thread 0x000002abca529ae0 Exception <a 'java/lang/ClassNotFoundException'{0x000000008c3ff6e0}: org/springframework/context/ApplicationListenerCustomizer> (0x000000008c3ff6e0) 
thrown [s\src\hotspot\share\classfile\systemDictionary.cpp, line 256]
Event: 39.843 Thread 0x000002abca529ae0 Exception <a 'java/lang/ClassNotFoundException'{0x000000008c202bc0}: java/util/EventListenerCustomizer> (0x000000008c202bc0) 
thrown [s\src\hotspot\share\classfile\systemDictionary.cpp, line 256]
Event: 39.845 Thread 0x000002abca529ae0 Exception <a 'java/lang/ClassNotFoundException'{0x000000008c20c180}: org/springframework/boot/ExitCodeGeneratorCustomizer> (0x000000008c20c180) 
thrown [s\src\hotspot\share\classfile\systemDictionary.cpp, line 256]
Event: 39.890 Thread 0x000002abca529ae0 Exception <a 'java/lang/ClassNotFoundException'{0x000000008c27f8e0}: java/lang/ObjectCustomizer> (0x000000008c27f8e0) 
thrown [s\src\hotspot\share\classfile\systemDictionary.cpp, line 256]
Event: 39.929 Thread 0x000002abca529ae0 Exception <a 'java/lang/ClassNotFoundException'{0x000000008c28d0c8}: org/springframework/batch/core/launch/support/SimpleJobOperatorCustomizer> (0x000000008c28d0c8) 
thrown [s\src\hotspot\share\classfile\systemDictionary.cpp, line 256]
Event: 39.934 Thread 0x000002abca529ae0 Exception <a 'java/lang/ClassNotFoundException'{0x000000008c2acaf0}: org/springframework/batch/core/launch/JobOperatorCustomizer> (0x000000008c2acaf0) 
thrown [s\src\hotspot\share\classfile\systemDictionary.cpp, line 256]
Event: 39.938 Thread 0x000002abca529ae0 Exception <a 'java/lang/ClassNotFoundException'{0x000000008c2c0e58}: org/springframework/beans/factory/InitializingBeanCustomizer> (0x000000008c2c0e58) 
thrown [s\src\hotspot\share\classfile\systemDictionary.cpp, line 256]

VM Operations (20 events):
Event: 37.793 Executing VM operation: ICBufferFull
Event: 37.793 Executing VM operation: ICBufferFull done
Event: 38.279 Executing VM operation: HandshakeAllThreads
Event: 38.279 Executing VM operation: HandshakeAllThreads done
Event: 38.280 Executing VM operation: HandshakeAllThreads
Event: 38.280 Executing VM operation: HandshakeAllThreads done
Event: 38.307 Executing VM operation: G1CollectForAllocation
Event: 38.323 Executing VM operation: G1CollectForAllocation done
Event: 38.323 Executing VM operation: Cleanup
Event: 38.324 Executing VM operation: Cleanup done
Event: 38.624 Executing VM operation: ICBufferFull
Event: 38.624 Executing VM operation: ICBufferFull done
Event: 39.562 Executing VM operation: G1CollectForAllocation
Event: 39.580 Executing VM operation: G1CollectForAllocation done
Event: 39.582 Executing VM operation: Cleanup
Event: 39.584 Executing VM operation: Cleanup done
Event: 39.856 Executing VM operation: G1Concurrent
Event: 39.877 Executing VM operation: G1Concurrent done
Event: 39.891 Executing VM operation: Cleanup
Event: 39.892 Executing VM operation: Cleanup done

Events (20 events):
Event: 39.822 loading class java/lang/ObjectCustomizer
Event: 39.822 loading class java/lang/ObjectCustomizer done
Event: 39.822 loading class java/lang/ObjectCustomizer
Event: 39.822 loading class java/lang/ObjectCustomizer done
Event: 39.826 loading class java/lang/ObjectCustomizer
Event: 39.826 loading class java/lang/ObjectCustomizer done
Event: 39.827 loading class java/lang/ObjectCustomizer
Event: 39.827 loading class java/lang/ObjectCustomizer done
Event: 39.835 loading class java/lang/ObjectCustomizer
Event: 39.835 loading class java/lang/ObjectCustomizer done
Event: 39.835 loading class java/lang/ObjectCustomizer
Event: 39.835 loading class java/lang/ObjectCustomizer done
Event: 39.843 loading class java/util/EventListenerCustomizer
Event: 39.843 loading class java/util/EventListenerCustomizer done
Event: 39.843 loading class java/util/EventListenerCustomizer
Event: 39.843 loading class java/util/EventListenerCustomizer done
Event: 39.889 loading class java/lang/ObjectCustomizer
Event: 39.889 loading class java/lang/ObjectCustomizer done
Event: 39.890 loading class java/lang/ObjectCustomizer
Event: 39.890 loading class java/lang/ObjectCustomizer done


Dynamic libraries:
0x00007ff63ade0000 - 0x00007ff63adee000 	C:\Users\BUYPC\Desktop\sts-4.16.0.RELEASE\plugins\org.eclipse.justj.openjdk.hotspot.jre.full.win32.x86_64_17.0.4.v20220903-1038\jre\bin\javaw.exe
0x00007ff90df50000 - 0x00007ff90e148000 	C:\Windows\SYSTEM32\ntdll.dll
0x00007ff8edc50000 - 0x00007ff8edc67000 	C:\Program Files\Avast Software\Avast\aswhook.dll
0x00007ff90d160000 - 0x00007ff90d21f000 	C:\Windows\System32\KERNEL32.DLL
0x00007ff90b980000 - 0x00007ff90bc52000 	C:\Windows\System32\KERNELBASE.dll
0x00007ff90b720000 - 0x00007ff90b820000 	C:\Windows\System32\ucrtbase.dll
0x00007ff8e9cc0000 - 0x00007ff8e9cd8000 	C:\Users\BUYPC\Desktop\sts-4.16.0.RELEASE\plugins\org.eclipse.justj.openjdk.hotspot.jre.full.win32.x86_64_17.0.4.v20220903-1038\jre\bin\jli.dll
0x00007ff8fd7e0000 - 0x00007ff8fd7f9000 	C:\Users\BUYPC\Desktop\sts-4.16.0.RELEASE\plugins\org.eclipse.justj.openjdk.hotspot.jre.full.win32.x86_64_17.0.4.v20220903-1038\jre\bin\VCRUNTIME140.dll
0x00007ff90ccf0000 - 0x00007ff90ce8d000 	C:\Windows\System32\USER32.dll
0x00007ff90b6f0000 - 0x00007ff90b712000 	C:\Windows\System32\win32u.dll
0x00007ff8f80c0000 - 0x00007ff8f835a000 	C:\Windows\WinSxS\amd64_microsoft.windows.common-controls_6595b64144ccf1df_6.0.19041.1110_none_60b5254171f9507e\COMCTL32.dll
0x00007ff90cc60000 - 0x00007ff90cc8b000 	C:\Windows\System32\GDI32.dll
0x00007ff90d3c0000 - 0x00007ff90d45e000 	C:\Windows\System32\msvcrt.dll
0x00007ff90be90000 - 0x00007ff90bf9f000 	C:\Windows\System32\gdi32full.dll
0x00007ff90bcf0000 - 0x00007ff90bd8d000 	C:\Windows\System32\msvcp_win.dll
0x00007ff90cfb0000 - 0x00007ff90cfe2000 	C:\Windows\System32\IMM32.DLL
0x00007ff907980000 - 0x00007ff90798c000 	C:\Users\BUYPC\Desktop\sts-4.16.0.RELEASE\plugins\org.eclipse.justj.openjdk.hotspot.jre.full.win32.x86_64_17.0.4.v20220903-1038\jre\bin\vcruntime140_1.dll
0x00007ff8f3b40000 - 0x00007ff8f3bd1000 	C:\Users\BUYPC\Desktop\sts-4.16.0.RELEASE\plugins\org.eclipse.justj.openjdk.hotspot.jre.full.win32.x86_64_17.0.4.v20220903-1038\jre\bin\msvcp140.dll
0x00007ff8da0c0000 - 0x00007ff8dad06000 	C:\Users\BUYPC\Desktop\sts-4.16.0.RELEASE\plugins\org.eclipse.justj.openjdk.hotspot.jre.full.win32.x86_64_17.0.4.v20220903-1038\jre\bin\server\jvm.dll
0x00007ff90c1b0000 - 0x00007ff90c25e000 	C:\Windows\System32\ADVAPI32.dll
0x00007ff90d050000 - 0x00007ff90d0ec000 	C:\Windows\System32\sechost.dll
0x00007ff90d230000 - 0x00007ff90d355000 	C:\Windows\System32\RPCRT4.dll
0x00007ff90cae0000 - 0x00007ff90cae8000 	C:\Windows\System32\PSAPI.DLL
0x00007ff8fbc90000 - 0x00007ff8fbc99000 	C:\Windows\SYSTEM32\WSOCK32.dll
0x00007ff90d0f0000 - 0x00007ff90d15b000 	C:\Windows\System32\WS2_32.dll
0x00007ff8f5520000 - 0x00007ff8f5547000 	C:\Windows\SYSTEM32\WINMM.dll
0x00007ff902a10000 - 0x00007ff902a1a000 	C:\Windows\SYSTEM32\VERSION.dll
0x00007ff9096b0000 - 0x00007ff9096c2000 	C:\Windows\SYSTEM32\kernel.appcore.dll
0x00007ff907650000 - 0x00007ff90765a000 	C:\Users\BUYPC\Desktop\sts-4.16.0.RELEASE\plugins\org.eclipse.justj.openjdk.hotspot.jre.full.win32.x86_64_17.0.4.v20220903-1038\jre\bin\jimage.dll
0x00007ff902150000 - 0x00007ff902334000 	C:\Windows\SYSTEM32\DBGHELP.DLL
0x00007ff901fc0000 - 0x00007ff901fec000 	C:\Windows\SYSTEM32\dbgcore.DLL
0x00007ff90bc60000 - 0x00007ff90bce2000 	C:\Windows\System32\bcryptPrimitives.dll
0x00007ff8f7cd0000 - 0x00007ff8f7d0b000 	C:\Users\BUYPC\Desktop\sts-4.16.0.RELEASE\plugins\org.eclipse.justj.openjdk.hotspot.jre.full.win32.x86_64_17.0.4.v20220903-1038\jre\bin\jdwp.dll
0x00007ff907970000 - 0x00007ff90797e000 	C:\Users\BUYPC\Desktop\sts-4.16.0.RELEASE\plugins\org.eclipse.justj.openjdk.hotspot.jre.full.win32.x86_64_17.0.4.v20220903-1038\jre\bin\instrument.dll
0x00007ff8e9c90000 - 0x00007ff8e9cb5000 	C:\Users\BUYPC\Desktop\sts-4.16.0.RELEASE\plugins\org.eclipse.justj.openjdk.hotspot.jre.full.win32.x86_64_17.0.4.v20220903-1038\jre\bin\java.dll
0x00007ff8e0e00000 - 0x00007ff8e0e18000 	C:\Users\BUYPC\Desktop\sts-4.16.0.RELEASE\plugins\org.eclipse.justj.openjdk.hotspot.jre.full.win32.x86_64_17.0.4.v20220903-1038\jre\bin\zip.dll
0x00007ff90d610000 - 0x00007ff90dd53000 	C:\Windows\System32\SHELL32.dll
0x00007ff9096d0000 - 0x00007ff909e62000 	C:\Windows\SYSTEM32\windows.storage.dll
0x00007ff90c6d0000 - 0x00007ff90ca24000 	C:\Windows\System32\combase.dll
0x00007ff90aef0000 - 0x00007ff90af20000 	C:\Windows\SYSTEM32\Wldp.dll
0x00007ff90ca30000 - 0x00007ff90cadd000 	C:\Windows\System32\SHCORE.dll
0x00007ff90cc90000 - 0x00007ff90cce5000 	C:\Windows\System32\shlwapi.dll
0x00007ff90b590000 - 0x00007ff90b5af000 	C:\Windows\SYSTEM32\profapi.dll
0x00007ff907700000 - 0x00007ff90770c000 	C:\Users\BUYPC\Desktop\sts-4.16.0.RELEASE\plugins\org.eclipse.justj.openjdk.hotspot.jre.full.win32.x86_64_17.0.4.v20220903-1038\jre\bin\dt_socket.dll
0x00007ff90a9e0000 - 0x00007ff90aa1b000 	C:\Windows\SYSTEM32\IPHLPAPI.DLL
0x00007ff90acd0000 - 0x00007ff90ad3a000 	C:\Windows\system32\mswsock.dll
0x00007ff90aa30000 - 0x00007ff90aafa000 	C:\Windows\SYSTEM32\DNSAPI.dll
0x00007ff90cb80000 - 0x00007ff90cb88000 	C:\Windows\System32\NSI.dll
0x00007ff902570000 - 0x00007ff90257a000 	C:\Windows\System32\rasadhlp.dll
0x00007ff8fd500000 - 0x00007ff8fd580000 	C:\Windows\System32\fwpuclnt.dll
0x00007ff90b650000 - 0x00007ff90b677000 	C:\Windows\System32\bcrypt.dll
0x00007ff8e0de0000 - 0x00007ff8e0df9000 	C:\Users\BUYPC\Desktop\sts-4.16.0.RELEASE\plugins\org.eclipse.justj.openjdk.hotspot.jre.full.win32.x86_64_17.0.4.v20220903-1038\jre\bin\net.dll
0x00007ff8fd580000 - 0x00007ff8fd68c000 	C:\Windows\SYSTEM32\WINHTTP.dll
0x00007ff8e0380000 - 0x00007ff8e0395000 	C:\Users\BUYPC\Desktop\sts-4.16.0.RELEASE\plugins\org.eclipse.justj.openjdk.hotspot.jre.full.win32.x86_64_17.0.4.v20220903-1038\jre\bin\nio.dll
0x00007ff8f76e0000 - 0x00007ff8f76f0000 	C:\Users\BUYPC\Desktop\sts-4.16.0.RELEASE\plugins\org.eclipse.justj.openjdk.hotspot.jre.full.win32.x86_64_17.0.4.v20220903-1038\jre\bin\verify.dll
0x00007ff902390000 - 0x00007ff9023a7000 	C:\Windows\SYSTEM32\dhcpcsvc6.DLL
0x00007ff9028d0000 - 0x00007ff9028ed000 	C:\Windows\SYSTEM32\dhcpcsvc.DLL
0x00007ff90b280000 - 0x00007ff90b298000 	C:\Windows\SYSTEM32\CRYPTSP.dll
0x00007ff90a610000 - 0x00007ff90a644000 	C:\Windows\system32\rsaenh.dll
0x00007ff90b510000 - 0x00007ff90b53e000 	C:\Windows\SYSTEM32\USERENV.dll
0x00007ff90ae60000 - 0x00007ff90ae6c000 	C:\Windows\SYSTEM32\CRYPTBASE.dll
0x00007ff906550000 - 0x00007ff906559000 	C:\Users\BUYPC\Desktop\sts-4.16.0.RELEASE\plugins\org.eclipse.justj.openjdk.hotspot.jre.full.win32.x86_64_17.0.4.v20220903-1038\jre\bin\management.dll
0x00007ff905ca0000 - 0x00007ff905cab000 	C:\Users\BUYPC\Desktop\sts-4.16.0.RELEASE\plugins\org.eclipse.justj.openjdk.hotspot.jre.full.win32.x86_64_17.0.4.v20220903-1038\jre\bin\management_ext.dll
0x00007ff8f0ab0000 - 0x00007ff8f0ac7000 	C:\Windows\system32\napinsp.dll
0x00007ff8f0a90000 - 0x00007ff8f0aab000 	C:\Windows\system32\pnrpnsp.dll
0x00007ff904e50000 - 0x00007ff904e65000 	C:\Windows\system32\wshbth.dll
0x00007ff906960000 - 0x00007ff90697d000 	C:\Windows\system32\NLAapi.dll
0x00007ff8f09c0000 - 0x00007ff8f09d2000 	C:\Windows\System32\winrnr.dll
0x00007ff907990000 - 0x00007ff90799e000 	C:\Users\BUYPC\Desktop\sts-4.16.0.RELEASE\plugins\org.eclipse.justj.openjdk.hotspot.jre.full.win32.x86_64_17.0.4.v20220903-1038\jre\bin\sunmscapi.dll
0x00007ff90b820000 - 0x00007ff90b976000 	C:\Windows\System32\CRYPT32.dll
0x00007ff90af60000 - 0x00007ff90af87000 	C:\Windows\SYSTEM32\ncrypt.dll
0x00007ff90af20000 - 0x00007ff90af5b000 	C:\Windows\SYSTEM32\NTASN1.dll

dbghelp: loaded successfully - version: 4.0.5 - missing functions: none
symbol engine: initialized successfully - sym options: 0x614 - pdb path: .;C:\Users\BUYPC\Desktop\sts-4.16.0.RELEASE\plugins\org.eclipse.justj.openjdk.hotspot.jre.full.win32.x86_64_17.0.4.v20220903-1038\jre\bin;C:\Windows\SYSTEM32;C:\Program Files\Avast Software\Avast;C:\Windows\WinSxS\amd64_microsoft.windows.common-controls_6595b64144ccf1df_6.0.19041.1110_none_60b5254171f9507e;C:\Users\BUYPC\Desktop\sts-4.16.0.RELEASE\plugins\org.eclipse.justj.openjdk.hotspot.jre.full.win32.x86_64_17.0.4.v20220903-1038\jre\bin\server

VM Arguments:
jvm_args: -XX:+ShowCodeDetailsInExceptionMessages -agentlib:jdwp=transport=dt_socket,suspend=y,address=localhost:55612 -ea -javaagent:C:\Users\BUYPC\Desktop\sts-4.16.0.RELEASE\configuration\org.eclipse.osgi\268\0\.cp\lib\javaagent-shaded.jar -Dfile.encoding=UTF-8 
java_command: org.eclipse.jdt.internal.junit.runner.RemoteTestRunner -version 3 -port 55611 -testLoaderClass org.eclipse.jdt.internal.junit5.runner.JUnit5TestLoader -loaderpluginname org.eclipse.jdt.junit5.runtime -test com.yuzee.app.controller.CourseControllerTest:updateBasiCourse
java_class_path (initial): C:\Users\BUYPC\Desktop\yuzee-backend-institute-api\target\test-classes;C:\Users\BUYPC\Desktop\yuzee-backend-institute-api\target\classes;C:\Users\BUYPC\.m2\repository\org\apache\commons\commons-lang3\3.11\commons-lang3-3.11.jar;C:\Users\BUYPC\.m2\repository\org\projectlombok\lombok\1.18.20\lombok-1.18.20.jar;C:\Users\BUYPC\.m2\repository\junit\junit\4.12\junit-4.12.jar;C:\Users\BUYPC\.m2\repository\org\hamcrest\hamcrest-core\2.2\hamcrest-core-2.2.jar;C:\Users\BUYPC\.m2\repository\org\springframework\boot\spring-boot-starter-web\2.4.5\spring-boot-starter-web-2.4.5.jar;C:\Users\BUYPC\.m2\repository\org\springframework\boot\spring-boot-starter\2.4.5\spring-boot-starter-2.4.5.jar;C:\Users\BUYPC\.m2\repository\org\springframework\boot\spring-boot-starter-logging\2.4.5\spring-boot-starter-logging-2.4.5.jar;C:\Users\BUYPC\.m2\repository\ch\qos\logback\logback-classic\1.2.3\logback-classic-1.2.3.jar;C:\Users\BUYPC\.m2\repository\ch\qos\logback\logback-core\1.2.3\logback-core-1.2.3.jar;C:\Users\BUYPC\.m2\repository\org\apache\logging\log4j\log4j-to-slf4j\2.13.3\log4j-to-slf4j-2.13.3.jar;C:\Users\BUYPC\.m2\repository\org\apache\logging\log4j\log4j-api\2.13.3\log4j-api-2.13.3.jar;C:\Users\BUYPC\.m2\repository\org\slf4j\jul-to-slf4j\1.7.30\jul-to-slf4j-1.7.30.jar;C:\Users\BUYPC\.m2\repository\org\yaml\snakeyaml\1.27\snakeyaml-1.27.jar;C:\Users\BUYPC\.m2\repository\org\springframework\boot\spring-boot-starter-json\2.4.5\spring-boot-starter-json-2.4.5.jar;C:\Users\BUYPC\.m2\repository\com\fasterxml\jackson\datatype\jackson-datatype-jdk8\2.11.4\jackson-datatype-jdk8-2.11.4.jar;C:\Users\BUYPC\.m2\repository\com\fasterxml\jackson\datatype\jackson-datatype-jsr310\2.11.4\jackson-datatype-jsr310-2.11.4.jar;C:\Users\BUYPC\.m2\repository\com\fasterxml\jackson\module\jackson-module-parameter-names\2.11.4\jackson-module-parameter-names-2.11.4.jar;C:\Users\BUYPC\.m2\repository\org\springframework\spring-web\5.3.6\spring-web-5.3.6.jar;C:\Users\BUYPC\.m2\repositor
Launcher Type: SUN_STANDARD

[Global flags]
     intx CICompilerCount                          = 3                                         {product} {ergonomic}
     uint ConcGCThreads                            = 1                                         {product} {ergonomic}
     uint G1ConcRefinementThreads                  = 4                                         {product} {ergonomic}
   size_t G1HeapRegionSize                         = 1048576                                   {product} {ergonomic}
    uintx GCDrainStackTargetSize                   = 64                                        {product} {ergonomic}
   size_t InitialHeapSize                          = 134217728                                 {product} {ergonomic}
   size_t MarkStackSize                            = 4194304                                   {product} {ergonomic}
   size_t MaxHeapSize                              = 2118123520                                {product} {ergonomic}
   size_t MaxNewSize                               = 1270874112                                {product} {ergonomic}
   size_t MinHeapDeltaBytes                        = 1048576                                   {product} {ergonomic}
   size_t MinHeapSize                              = 8388608                                   {product} {ergonomic}
    uintx NonNMethodCodeHeapSize                   = 5832780                                {pd product} {ergonomic}
    uintx NonProfiledCodeHeapSize                  = 122912730                              {pd product} {ergonomic}
    uintx ProfiledCodeHeapSize                     = 122912730                              {pd product} {ergonomic}
    uintx ReservedCodeCacheSize                    = 251658240                              {pd product} {ergonomic}
     bool SegmentedCodeCache                       = true                                      {product} {ergonomic}
     bool ShowCodeDetailsInExceptionMessages       = true                                   {manageable} {command line}
   size_t SoftMaxHeapSize                          = 2118123520                             {manageable} {ergonomic}
     bool UseCompressedClassPointers               = true                           {product lp64_product} {ergonomic}
     bool UseCompressedOops                        = true                           {product lp64_product} {ergonomic}
     bool UseG1GC                                  = true                                      {product} {ergonomic}
     bool UseLargePagesIndividualAllocation        = false                                  {pd product} {ergonomic}

Logging:
Log output configuration:
 #0: stdout all=warning uptime,level,tags
 #1: stderr all=off uptime,level,tags

Environment Variables:
JAVA_HOME=C:\Program Files\Java\jdk-17.0.2
PATH=C:\Users\BUYPC\Desktop\sts-4.16.0.RELEASE\plugins\org.eclipse.justj.openjdk.hotspot.jre.full.win32.x86_64_17.0.4.v20220903-1038\jre\bin;C:/Users/BUYPC/Desktop/sts-4.16.0.RELEASE//plugins/org.eclipse.justj.openjdk.hotspot.jre.full.win32.x86_64_17.0.4.v20220903-1038/jre/bin/server;C:/Users/BUYPC/Desktop/sts-4.16.0.RELEASE//plugins/org.eclipse.justj.openjdk.hotspot.jre.full.win32.x86_64_17.0.4.v20220903-1038/jre/bin;C:\Program Files\Common Files\Oracle\Java\javapath;C:\Program Files\Java\jdk-16.0.2\bin;C:\Windows\system32;C:\Windows;C:\Windows\System32\Wbem;C:\Windows\System32\WindowsPowerShell\v1.0\;C:\Windows\System32\OpenSSH\;C:\Users\BUYPC\Desktop\apache-maven-3.8.4-bin\apache-maven-3.8.4\bin;C:\Program Files\Git\cmd;C:\Program Files\nodejs\;C:\ProgramData\Microsoft\Windows\Start Menu\Programs\MySQL\MySQL Server 8.0;C:\Users\BUYPC\Downloads\sonarqube-8.9.9.56886\sonarqube-8.9.9.56886\bin;;C:\Program Files\Docker\Docker\resources\bin;C:\Program Files\MySQL\MySQL Shell 8.0\bin\;C:\Users\BUYPC\AppData\Local\Microsoft\WindowsApps;C:\Users\BUYPC\AppData\Roaming\npm;C:\Users\BUYPC\AppData\Local\Programs\Microsoft VS Code\bin;C:\Users\BUYPC\Desktop\;C:\Users\BUYPC\Desktop\sts-4.16.0.RELEASE;
USERNAME=BUYPC
OS=Windows_NT
PROCESSOR_IDENTIFIER=Intel64 Family 6 Model 42 Stepping 7, GenuineIntel
TMP=C:\Users\BUYPC\AppData\Local\Temp
TEMP=C:\Users\BUYPC\AppData\Local\Temp



---------------  S Y S T E M  ---------------

OS:
 Windows 10 , 64 bit Build 19041 (10.0.19041.2251)
OS uptime: 0 days 6:39 hours
Hyper-V role detected

CPU: total 4 (initial active 4) (2 cores per cpu, 2 threads per core) family 6 model 42 stepping 7 microcode 0x2f, cx8, cmov, fxsr, ht, mmx, sse, sse2, sse3, ssse3, sse4.1, sse4.2, popcnt, tsc, tscinvbit, avx, aes, clmul, vzeroupper, clflush, hv

Memory: 4k page, system-wide physical 8073M (718M free)
TotalPageFile size 12937M (AvailPageFile size 2446M)
current process WorkingSet (physical memory assigned to process): 550M, peak: 565M
current process commit charge ("private bytes"): 573M, peak: 590M

vm_info: OpenJDK 64-Bit Server VM (17.0.4.1+1) for windows-amd64 JRE (17.0.4.1+1), built on Aug 17 2022 07:42:43 by "temurin" with MS VC++ 16.7 (VS2019)

END.
