#
# A fatal error has been detected by the Java Runtime Environment:
#
#  EXCEPTION_ACCESS_VIOLATION (0xc0000005) at pc=0x000000003727c5ac, pid=7724, tid=6848
#
# JRE version: OpenJDK Runtime Environment Temurin-17.0.4.1+1 (17.0.4.1+1) (build 17.0.4.1+1)
# Java VM: OpenJDK 64-Bit Server VM Temurin-17.0.4.1+1 (17.0.4.1+1, mixed mode, tiered, compressed oops, compressed class ptrs, g1 gc, windows-amd64)
# Problematic frame:
# C  0x000000003727c5ac
#
# No core dump will be written. Minidumps are not enabled by default on client versions of Windows
#
# If you would like to submit a bug report, please visit:
#   https://github.com/adoptium/adoptium-support/issues
#

---------------  S U M M A R Y ------------

Command Line: -XX:+ShowCodeDetailsInExceptionMessages -agentlib:jdwp=transport=dt_socket,suspend=y,address=localhost:50769 -ea -javaagent:C:\Users\BUYPC\Desktop\sts-4.16.0.RELEASE\configuration\org.eclipse.osgi\268\0\.cp\lib\javaagent-shaded.jar -Dfile.encoding=UTF-8 org.eclipse.jdt.internal.junit.runner.RemoteTestRunner -version 3 -port 50768 -testLoaderClass org.eclipse.jdt.internal.junit5.runner.JUnit5TestLoader -loaderpluginname org.eclipse.jdt.junit5.runtime -test com.yuzee.app.controller.InstituteServiceControllerTest:addInstituteService

Host: Intel(R) Core(TM) i7-2640M CPU @ 2.80GHz, 4 cores, 7G,  Windows 10 , 64 bit Build 19041 (10.0.19041.2251)
Time: Tue Nov 29 06:29:35 2022 Pacific Standard Time elapsed time: 37.319216 seconds (0d 0h 0m 37s)

---------------  T H R E A D  ---------------

Current thread (0x00000172e87131a0):  JavaThread "C2 CompilerThread1" daemon [_thread_in_native, id=6848, stack(0x0000002eb5c00000,0x0000002eb5d00000)]


Current CompileTask:
C2:  37319 9970       4       org.springframework.cache.interceptor.AbstractFallbackCacheOperationSource::getCacheOperations (152 bytes)

Stack: [0x0000002eb5c00000,0x0000002eb5d00000],  sp=0x0000002eb5cfbd28,  free space=1007k
Native frames: (J=compiled Java code, j=interpreted, Vv=VM code, C=native code)
C  0x000000003727c5ac


siginfo: EXCEPTION_ACCESS_VIOLATION (0xc0000005), data execution prevention violation at address 0x000000003727c5ac


Register to memory mapping:

RIP=0x000000003727c5ac is an unknown value
RAX=0x00007ff8da9ee6a8 jvm.dll
RBX=0x0000000000000266 is an unknown value
RCX=0x00000172f108f3d8 points into unknown readable memory: 0x00007ff8da9ee6a8 | a8 e6 9e da f8 7f 00 00
RDX=0x000000000000106a is an unknown value
RSP=0x0000002eb5cfbd28 is pointing into the stack for thread: 0x00000172e87131a0
RBP=0x000000000000001b is an unknown value
RSI=0x00000172ea5e5028 points into unknown readable memory: 0x00007ff8da9da280 | 80 a2 9d da f8 7f 00 00
RDI=0x0000002eb5cfc380 is pointing into the stack for thread: 0x00000172e87131a0
R8 =0x00000172eb45a050 points into unknown readable memory: 0x0000000000000000 | 00 00 00 00 00 00 00 00
R9 =0x00000172ea5e5028 points into unknown readable memory: 0x00007ff8da9da280 | 80 a2 9d da f8 7f 00 00
R10=0x0000000000000008 is an unknown value
R11=0x0000000000000001 is an unknown value
R12=0x00000172ef79d080 points into unknown readable memory: 0x00000172e84dfa40 | 40 fa 4d e8 72 01 00 00
R13=0x00000172ef79e630 points into unknown readable memory: 0x00000172e84dfa40 | 40 fa 4d e8 72 01 00 00
R14=0x00000172f108f3d8 points into unknown readable memory: 0x00007ff8da9ee6a8 | a8 e6 9e da f8 7f 00 00
R15=0x00000172ef79d080 points into unknown readable memory: 0x00000172e84dfa40 | 40 fa 4d e8 72 01 00 00


Registers:
RAX=0x00007ff8da9ee6a8, RBX=0x0000000000000266, RCX=0x00000172f108f3d8, RDX=0x000000000000106a
RSP=0x0000002eb5cfbd28, RBP=0x000000000000001b, RSI=0x00000172ea5e5028, RDI=0x0000002eb5cfc380
R8 =0x00000172eb45a050, R9 =0x00000172ea5e5028, R10=0x0000000000000008, R11=0x0000000000000001
R12=0x00000172ef79d080, R13=0x00000172ef79e630, R14=0x00000172f108f3d8, R15=0x00000172ef79d080
RIP=0x000000003727c5ac, EFLAGS=0x0000000000010246

Top of Stack: (sp=0x0000002eb5cfbd28)
0x0000002eb5cfbd28:   00007ff8da760dfd 0000000000000266
0x0000002eb5cfbd38:   00000172ef79d080 00000172f462d6a0
0x0000002eb5cfbd48:   00000172ea5e5028 00000172ef79e630
0x0000002eb5cfbd58:   00000172ef79d080 0000000000000267
0x0000002eb5cfbd68:   0000000000000266 00000172ef79d080
0x0000002eb5cfbd78:   00000172ea5e5028 00000172f108f3d8
0x0000002eb5cfbd88:   00007ff800000020 00000172f4965300
0x0000002eb5cfbd98:   000000000000106a 000000000000015f
0x0000002eb5cfbda8:   00000172f0a340a8 00000172f4bf8fe0
0x0000002eb5cfbdb8:   00000172e9111090 00000172e91143c0
0x0000002eb5cfbdc8:   00000172e84d2770 00000172e85933a0
0x0000002eb5cfbdd8:   00000172e8593370 00000172e84dfa40
0x0000002eb5cfbde8:   00000172e9111040 00000172e9111090
0x0000002eb5cfbdf8:   00000172e9119028 00000000004f7120
0x0000002eb5cfbe08:   0000000000000000 0000000000000000
0x0000002eb5cfbe18:   00000000000037d6 000000000000752f 

Instructions: (pc=0x000000003727c5ac)
0x000000003727c4ac:   ?? ?? ?? ?? ?? ?? ?? ?? ?? ?? ?? ?? ?? ?? ?? ??
0x000000003727c4bc:   ?? ?? ?? ?? ?? ?? ?? ?? ?? ?? ?? ?? ?? ?? ?? ??
0x000000003727c4cc:   ?? ?? ?? ?? ?? ?? ?? ?? ?? ?? ?? ?? ?? ?? ?? ??
0x000000003727c4dc:   ?? ?? ?? ?? ?? ?? ?? ?? ?? ?? ?? ?? ?? ?? ?? ??
0x000000003727c4ec:   ?? ?? ?? ?? ?? ?? ?? ?? ?? ?? ?? ?? ?? ?? ?? ??
0x000000003727c4fc:   ?? ?? ?? ?? ?? ?? ?? ?? ?? ?? ?? ?? ?? ?? ?? ??
0x000000003727c50c:   ?? ?? ?? ?? ?? ?? ?? ?? ?? ?? ?? ?? ?? ?? ?? ??
0x000000003727c51c:   ?? ?? ?? ?? ?? ?? ?? ?? ?? ?? ?? ?? ?? ?? ?? ??
0x000000003727c52c:   ?? ?? ?? ?? ?? ?? ?? ?? ?? ?? ?? ?? ?? ?? ?? ??
0x000000003727c53c:   ?? ?? ?? ?? ?? ?? ?? ?? ?? ?? ?? ?? ?? ?? ?? ??
0x000000003727c54c:   ?? ?? ?? ?? ?? ?? ?? ?? ?? ?? ?? ?? ?? ?? ?? ??
0x000000003727c55c:   ?? ?? ?? ?? ?? ?? ?? ?? ?? ?? ?? ?? ?? ?? ?? ??
0x000000003727c56c:   ?? ?? ?? ?? ?? ?? ?? ?? ?? ?? ?? ?? ?? ?? ?? ??
0x000000003727c57c:   ?? ?? ?? ?? ?? ?? ?? ?? ?? ?? ?? ?? ?? ?? ?? ??
0x000000003727c58c:   ?? ?? ?? ?? ?? ?? ?? ?? ?? ?? ?? ?? ?? ?? ?? ??
0x000000003727c59c:   ?? ?? ?? ?? ?? ?? ?? ?? ?? ?? ?? ?? ?? ?? ?? ??
0x000000003727c5ac:   ?? ?? ?? ?? ?? ?? ?? ?? ?? ?? ?? ?? ?? ?? ?? ??
0x000000003727c5bc:   ?? ?? ?? ?? ?? ?? ?? ?? ?? ?? ?? ?? ?? ?? ?? ??
0x000000003727c5cc:   ?? ?? ?? ?? ?? ?? ?? ?? ?? ?? ?? ?? ?? ?? ?? ??
0x000000003727c5dc:   ?? ?? ?? ?? ?? ?? ?? ?? ?? ?? ?? ?? ?? ?? ?? ??
0x000000003727c5ec:   ?? ?? ?? ?? ?? ?? ?? ?? ?? ?? ?? ?? ?? ?? ?? ??
0x000000003727c5fc:   ?? ?? ?? ?? ?? ?? ?? ?? ?? ?? ?? ?? ?? ?? ?? ??
0x000000003727c60c:   ?? ?? ?? ?? ?? ?? ?? ?? ?? ?? ?? ?? ?? ?? ?? ??
0x000000003727c61c:   ?? ?? ?? ?? ?? ?? ?? ?? ?? ?? ?? ?? ?? ?? ?? ??
0x000000003727c62c:   ?? ?? ?? ?? ?? ?? ?? ?? ?? ?? ?? ?? ?? ?? ?? ??
0x000000003727c63c:   ?? ?? ?? ?? ?? ?? ?? ?? ?? ?? ?? ?? ?? ?? ?? ??
0x000000003727c64c:   ?? ?? ?? ?? ?? ?? ?? ?? ?? ?? ?? ?? ?? ?? ?? ??
0x000000003727c65c:   ?? ?? ?? ?? ?? ?? ?? ?? ?? ?? ?? ?? ?? ?? ?? ??
0x000000003727c66c:   ?? ?? ?? ?? ?? ?? ?? ?? ?? ?? ?? ?? ?? ?? ?? ??
0x000000003727c67c:   ?? ?? ?? ?? ?? ?? ?? ?? ?? ?? ?? ?? ?? ?? ?? ??
0x000000003727c68c:   ?? ?? ?? ?? ?? ?? ?? ?? ?? ?? ?? ?? ?? ?? ?? ??
0x000000003727c69c:   ?? ?? ?? ?? ?? ?? ?? ?? ?? ?? ?? ?? ?? ?? ?? ?? 


Stack slot to memory mapping:
stack at sp + 0 slots: 0x00007ff8da760dfd jvm.dll
stack at sp + 1 slots: 0x0000000000000266 is an unknown value
stack at sp + 2 slots: 0x00000172ef79d080 points into unknown readable memory: 0x00000172e84dfa40 | 40 fa 4d e8 72 01 00 00
stack at sp + 3 slots: 0x00000172f462d6a0 points into unknown readable memory: 0x00007ff8da9d5628 | 28 56 9d da f8 7f 00 00
stack at sp + 4 slots: 0x00000172ea5e5028 points into unknown readable memory: 0x00007ff8da9da280 | 80 a2 9d da f8 7f 00 00
stack at sp + 5 slots: 0x00000172ef79e630 points into unknown readable memory: 0x00000172e84dfa40 | 40 fa 4d e8 72 01 00 00
stack at sp + 6 slots: 0x00000172ef79d080 points into unknown readable memory: 0x00000172e84dfa40 | 40 fa 4d e8 72 01 00 00
stack at sp + 7 slots: 0x0000000000000267 is an unknown value


---------------  P R O C E S S  ---------------

Threads class SMR info:
_java_thread_list=0x00000172ec133480, length=28, elements={
0x00000172cd722e00, 0x00000172e7813260, 0x00000172e7814350, 0x00000172e6e052d0,
0x00000172e6e090a0, 0x00000172e6e09a50, 0x00000172e6e0a400, 0x00000172e6e0c1a0,
0x00000172e6e0e550, 0x00000172e78ad2e0, 0x00000172e6d81e60, 0x00000172e7b82ca0,
0x00000172e7b83d30, 0x00000172e7b845b0, 0x00000172e87131a0, 0x00000172e8f7b670,
0x00000172e80a6a70, 0x00000172f159dcd0, 0x00000172f1598fd0, 0x00000172f1598160,
0x00000172f159c990, 0x00000172f159d330, 0x00000172f159c4c0, 0x00000172f159b180,
0x00000172f159b650, 0x00000172f159bff0, 0x00000172f1599e40, 0x00000172f159e1a0
}

Java Threads: ( => current thread )
  0x00000172cd722e00 JavaThread "main" [_thread_in_native, id=11680, stack(0x0000002eb4300000,0x0000002eb4400000)]
  0x00000172e7813260 JavaThread "Reference Handler" daemon [_thread_blocked, id=6056, stack(0x0000002eb4a00000,0x0000002eb4b00000)]
  0x00000172e7814350 JavaThread "Finalizer" daemon [_thread_blocked, id=13256, stack(0x0000002eb4b00000,0x0000002eb4c00000)]
  0x00000172e6e052d0 JavaThread "Signal Dispatcher" daemon [_thread_blocked, id=3344, stack(0x0000002eb4c00000,0x0000002eb4d00000)]
  0x00000172e6e090a0 JavaThread "Attach Listener" daemon [_thread_blocked, id=3756, stack(0x0000002eb4d00000,0x0000002eb4e00000)]
  0x00000172e6e09a50 JavaThread "Service Thread" daemon [_thread_blocked, id=11384, stack(0x0000002eb4e00000,0x0000002eb4f00000)]
  0x00000172e6e0a400 JavaThread "Monitor Deflation Thread" daemon [_thread_blocked, id=11364, stack(0x0000002eb4f00000,0x0000002eb5000000)]
  0x00000172e6e0c1a0 JavaThread "C2 CompilerThread0" daemon [_thread_in_native, id=5592, stack(0x0000002eb5000000,0x0000002eb5100000)]
  0x00000172e6e0e550 JavaThread "C1 CompilerThread0" daemon [_thread_blocked, id=3252, stack(0x0000002eb5100000,0x0000002eb5200000)]
  0x00000172e78ad2e0 JavaThread "Sweeper thread" daemon [_thread_blocked, id=9272, stack(0x0000002eb5200000,0x0000002eb5300000)]
  0x00000172e6d81e60 JavaThread "Common-Cleaner" daemon [_thread_blocked, id=8520, stack(0x0000002eb5300000,0x0000002eb5400000)]
  0x00000172e7b82ca0 JavaThread "JDWP Transport Listener: dt_socket" daemon [_thread_blocked, id=10696, stack(0x0000002eb5500000,0x0000002eb5600000)]
  0x00000172e7b83d30 JavaThread "JDWP Event Helper Thread" daemon [_thread_blocked, id=856, stack(0x0000002eb5600000,0x0000002eb5700000)]
  0x00000172e7b845b0 JavaThread "JDWP Command Reader" daemon [_thread_in_native, id=10672, stack(0x0000002eb5700000,0x0000002eb5800000)]
=>0x00000172e87131a0 JavaThread "C2 CompilerThread1" daemon [_thread_in_native, id=6848, stack(0x0000002eb5c00000,0x0000002eb5d00000)]
  0x00000172e8f7b670 JavaThread "Notification Thread" daemon [_thread_blocked, id=6216, stack(0x0000002eb5d00000,0x0000002eb5e00000)]
  0x00000172e80a6a70 JavaThread "ReaderThread" [_thread_in_native, id=12916, stack(0x0000002eb5f00000,0x0000002eb6000000)]
  0x00000172f159dcd0 JavaThread "Catalina-utility-1" [_thread_blocked, id=1624, stack(0x0000002eb6000000,0x0000002eb6100000)]
  0x00000172f1598fd0 JavaThread "Catalina-utility-2" [_thread_blocked, id=12676, stack(0x0000002eb6100000,0x0000002eb6200000)]
  0x00000172f1598160 JavaThread "container-0" [_thread_blocked, id=8808, stack(0x0000002eb6200000,0x0000002eb6300000)]
  0x00000172f159c990 JavaThread "Thread-5" daemon [_thread_in_native, id=1160, stack(0x0000002eb6300000,0x0000002eb6400000)]
  0x00000172f159d330 JavaThread "cluster-ClusterId{value='638617406d5f6f413261a44c', description='null'}-srv-notification.18kxt.mongodb.net" daemon [_thread_blocked, id=13272, stack(0x0000002eb6400000,0x0000002eb6500000)]
  0x00000172f159c4c0 JavaThread "cluster-ClusterId{value='638617406d5f6f413261a44c', description='null'}-notification-shard-00-02.18kxt.mongodb.net:27017" daemon [_thread_in_native, id=8712, stack(0x0000002eb6500000,0x0000002eb6600000)]
  0x00000172f159b180 JavaThread "cluster-rtt-ClusterId{value='638617406d5f6f413261a44c', description='null'}-notification-shard-00-02.18kxt.mongodb.net:27017" daemon [_thread_blocked, id=11240, stack(0x0000002eb6600000,0x0000002eb6700000)]
  0x00000172f159b650 JavaThread "cluster-ClusterId{value='638617406d5f6f413261a44c', description='null'}-notification-shard-00-00.18kxt.mongodb.net:27017" daemon [_thread_in_native, id=5308, stack(0x0000002eb6700000,0x0000002eb6800000)]
  0x00000172f159bff0 JavaThread "cluster-rtt-ClusterId{value='638617406d5f6f413261a44c', description='null'}-notification-shard-00-00.18kxt.mongodb.net:27017" daemon [_thread_blocked, id=13092, stack(0x0000002eb6800000,0x0000002eb6900000)]
  0x00000172f1599e40 JavaThread "cluster-ClusterId{value='638617406d5f6f413261a44c', description='null'}-notification-shard-00-01.18kxt.mongodb.net:27017" daemon [_thread_in_native, id=12544, stack(0x0000002eb6900000,0x0000002eb6a00000)]
  0x00000172f159e1a0 JavaThread "cluster-rtt-ClusterId{value='638617406d5f6f413261a44c', description='null'}-notification-shard-00-01.18kxt.mongodb.net:27017" daemon [_thread_blocked, id=11420, stack(0x0000002eb6a00000,0x0000002eb6b00000)]

Other Threads:
  0x00000172e6df57c0 VMThread "VM Thread" [stack: 0x0000002eb4900000,0x0000002eb4a00000] [id=6548]
  0x00000172cd79f800 WatcherThread [stack: 0x0000002eb5e00000,0x0000002eb5f00000] [id=12552]
  0x00000172cd77d1f0 GCTaskThread "GC Thread#0" [stack: 0x0000002eb4400000,0x0000002eb4500000] [id=872]
  0x00000172e7bd3080 GCTaskThread "GC Thread#1" [stack: 0x0000002eb5800000,0x0000002eb5900000] [id=11324]
  0x00000172e86a4750 GCTaskThread "GC Thread#2" [stack: 0x0000002eb5900000,0x0000002eb5a00000] [id=10384]
  0x00000172e84d5740 GCTaskThread "GC Thread#3" [stack: 0x0000002eb5a00000,0x0000002eb5b00000] [id=12736]
  0x00000172cd78edc0 ConcurrentGCThread "G1 Main Marker" [stack: 0x0000002eb4500000,0x0000002eb4600000] [id=632]
  0x00000172cd78f7d0 ConcurrentGCThread "G1 Conc#0" [stack: 0x0000002eb4600000,0x0000002eb4700000] [id=11620]
  0x00000172e6c530e0 ConcurrentGCThread "G1 Refine#0" [stack: 0x0000002eb4700000,0x0000002eb4800000] [id=9132]
  0x00000172e8672df0 ConcurrentGCThread "G1 Refine#1" [stack: 0x0000002eb5b00000,0x0000002eb5c00000] [id=11440]
  0x00000172e6c54110 ConcurrentGCThread "G1 Service" [stack: 0x0000002eb4800000,0x0000002eb4900000] [id=11888]

Threads with active compile tasks:
C2 CompilerThread0    37742 10391       4       org.springframework.core.ResolvableType::as (86 bytes)
C2 CompilerThread1    37742 9970       4       org.springframework.cache.interceptor.AbstractFallbackCacheOperationSource::getCacheOperations (152 bytes)

VM state: not at safepoint (normal execution)

VM Mutex/Monitor currently owned by a thread: None

Heap address: 0x0000000081c00000, size: 2020 MB, Compressed Oops mode: 32-bit

CDS archive(s) not mapped
Compressed class space mapped at: 0x0000000100000000-0x0000000140000000, reserved size: 1073741824
Narrow klass base: 0x0000000000000000, Narrow klass shift: 3, Narrow klass range: 0x140000000

GC Precious Log:
 CPUs: 4 total, 4 available
 Memory: 8073M
 Large Page Support: Disabled
 NUMA Support: Disabled
 Compressed Oops: Enabled (32-bit)
 Heap Region Size: 1M
 Heap Min Capacity: 8M
 Heap Initial Capacity: 128M
 Heap Max Capacity: 2020M
 Pre-touch: Disabled
 Parallel Workers: 4
 Concurrent Workers: 1
 Concurrent Refinement Workers: 4
 Periodic GC: Disabled

Heap:
 garbage-first heap   total 272384K, used 134430K [0x0000000081c00000, 0x0000000100000000)
  region size 1024K, 64 young (65536K), 7 survivors (7168K)
 Metaspace       used 86263K, committed 86912K, reserved 1130496K
  class space    used 10860K, committed 11200K, reserved 1048576K

Heap Regions: E=young(eden), S=young(survivor), O=old, HS=humongous(starts), HC=humongous(continues), CS=collection set, F=free, OA=open archive, CA=closed archive, TAMS=top-at-mark-start (previous, next)
|   0|0x0000000081c00000, 0x0000000081d00000, 0x0000000081d00000|100%|HS|  |TAMS 0x0000000081d00000, 0x0000000081c00000| Complete 
|   1|0x0000000081d00000, 0x0000000081e00000, 0x0000000081e00000|100%| O|  |TAMS 0x0000000081e00000, 0x0000000081d00000| Untracked 
|   2|0x0000000081e00000, 0x0000000081f00000, 0x0000000081f00000|100%| O|  |TAMS 0x0000000081f00000, 0x0000000081e00000| Untracked 
|   3|0x0000000081f00000, 0x0000000082000000, 0x0000000082000000|100%| O|  |TAMS 0x0000000082000000, 0x0000000081f00000| Untracked 
|   4|0x0000000082000000, 0x0000000082100000, 0x0000000082100000|100%| O|  |TAMS 0x0000000082100000, 0x0000000082000000| Untracked 
|   5|0x0000000082100000, 0x0000000082200000, 0x0000000082200000|100%| O|  |TAMS 0x0000000082200000, 0x0000000082100000| Untracked 
|   6|0x0000000082200000, 0x0000000082300000, 0x0000000082300000|100%| O|  |TAMS 0x0000000082300000, 0x0000000082200000| Untracked 
|   7|0x0000000082300000, 0x0000000082400000, 0x0000000082400000|100%| O|  |TAMS 0x0000000082400000, 0x0000000082300000| Untracked 
|   8|0x0000000082400000, 0x0000000082500000, 0x0000000082500000|100%| O|  |TAMS 0x0000000082500000, 0x0000000082400000| Untracked 
|   9|0x0000000082500000, 0x0000000082600000, 0x0000000082600000|100%| O|  |TAMS 0x0000000082600000, 0x0000000082500000| Untracked 
|  10|0x0000000082600000, 0x0000000082700000, 0x0000000082700000|100%| O|  |TAMS 0x0000000082700000, 0x0000000082600000| Untracked 
|  11|0x0000000082700000, 0x0000000082800000, 0x0000000082800000|100%| O|  |TAMS 0x0000000082800000, 0x0000000082700000| Untracked 
|  12|0x0000000082800000, 0x0000000082893400, 0x0000000082900000| 57%| O|  |TAMS 0x0000000082893400, 0x0000000082800000| Untracked 
|  13|0x0000000082900000, 0x0000000082a00000, 0x0000000082a00000|100%| O|  |TAMS 0x0000000082a00000, 0x0000000082900000| Untracked 
|  14|0x0000000082a00000, 0x0000000082b00000, 0x0000000082b00000|100%| O|  |TAMS 0x0000000082b00000, 0x0000000082a00000| Untracked 
|  15|0x0000000082b00000, 0x0000000082c00000, 0x0000000082c00000|100%| O|  |TAMS 0x0000000082c00000, 0x0000000082b00000| Untracked 
|  16|0x0000000082c00000, 0x0000000082d00000, 0x0000000082d00000|100%| O|  |TAMS 0x0000000082d00000, 0x0000000082c00000| Untracked 
|  17|0x0000000082d00000, 0x0000000082e00000, 0x0000000082e00000|100%| O|  |TAMS 0x0000000082e00000, 0x0000000082d00000| Untracked 
|  18|0x0000000082e00000, 0x0000000082f00000, 0x0000000082f00000|100%| O|  |TAMS 0x0000000082f00000, 0x0000000082e00000| Untracked 
|  19|0x0000000082f00000, 0x0000000083000000, 0x0000000083000000|100%| O|  |TAMS 0x0000000083000000, 0x0000000082f00000| Untracked 
|  20|0x0000000083000000, 0x0000000083100000, 0x0000000083100000|100%| O|  |TAMS 0x0000000083100000, 0x0000000083000000| Untracked 
|  21|0x0000000083100000, 0x0000000083200000, 0x0000000083200000|100%| O|  |TAMS 0x0000000083200000, 0x0000000083100000| Untracked 
|  22|0x0000000083200000, 0x0000000083300000, 0x0000000083300000|100%| O|  |TAMS 0x0000000083300000, 0x0000000083200000| Untracked 
|  23|0x0000000083300000, 0x0000000083400000, 0x0000000083400000|100%| O|  |TAMS 0x0000000083400000, 0x0000000083300000| Untracked 
|  24|0x0000000083400000, 0x0000000083500000, 0x0000000083500000|100%| O|  |TAMS 0x0000000083400000, 0x0000000083400000| Untracked 
|  25|0x0000000083500000, 0x0000000083600000, 0x0000000083600000|100%| O|  |TAMS 0x0000000083600000, 0x0000000083500000| Untracked 
|  26|0x0000000083600000, 0x0000000083700000, 0x0000000083700000|100%| O|  |TAMS 0x0000000083700000, 0x0000000083600000| Untracked 
|  27|0x0000000083700000, 0x0000000083800000, 0x0000000083800000|100%| O|  |TAMS 0x0000000083700000, 0x0000000083700000| Untracked 
|  28|0x0000000083800000, 0x0000000083900000, 0x0000000083900000|100%| O|  |TAMS 0x0000000083900000, 0x0000000083800000| Untracked 
|  29|0x0000000083900000, 0x0000000083a00000, 0x0000000083a00000|100%| O|  |TAMS 0x0000000083a00000, 0x0000000083900000| Untracked 
|  30|0x0000000083a00000, 0x0000000083b00000, 0x0000000083b00000|100%| O|  |TAMS 0x0000000083b00000, 0x0000000083a00000| Untracked 
|  31|0x0000000083b00000, 0x0000000083c00000, 0x0000000083c00000|100%| O|  |TAMS 0x0000000083c00000, 0x0000000083b00000| Untracked 
|  32|0x0000000083c00000, 0x0000000083d00000, 0x0000000083d00000|100%| O|  |TAMS 0x0000000083d00000, 0x0000000083c00000| Untracked 
|  33|0x0000000083d00000, 0x0000000083e00000, 0x0000000083e00000|100%| O|  |TAMS 0x0000000083e00000, 0x0000000083d00000| Untracked 
|  34|0x0000000083e00000, 0x0000000083f00000, 0x0000000083f00000|100%| O|  |TAMS 0x0000000083f00000, 0x0000000083e00000| Untracked 
|  35|0x0000000083f00000, 0x0000000084000000, 0x0000000084000000|100%| O|  |TAMS 0x0000000084000000, 0x0000000083f00000| Untracked 
|  36|0x0000000084000000, 0x0000000084100000, 0x0000000084100000|100%| O|  |TAMS 0x0000000084100000, 0x0000000084000000| Untracked 
|  37|0x0000000084100000, 0x0000000084200000, 0x0000000084200000|100%| O|  |TAMS 0x0000000084200000, 0x0000000084100000| Untracked 
|  38|0x0000000084200000, 0x0000000084300000, 0x0000000084300000|100%| O|  |TAMS 0x0000000084300000, 0x0000000084200000| Untracked 
|  39|0x0000000084300000, 0x0000000084400000, 0x0000000084400000|100%| O|  |TAMS 0x0000000084400000, 0x0000000084300000| Untracked 
|  40|0x0000000084400000, 0x00000000844c2200, 0x0000000084500000| 75%| O|  |TAMS 0x00000000844c2200, 0x0000000084400000| Untracked 
|  41|0x0000000084500000, 0x0000000084600000, 0x0000000084600000|100%| O|  |TAMS 0x0000000084500000, 0x0000000084500000| Untracked 
|  42|0x0000000084600000, 0x0000000084700000, 0x0000000084700000|100%| O|  |TAMS 0x0000000084600000, 0x0000000084600000| Untracked 
|  43|0x0000000084700000, 0x0000000084800000, 0x0000000084800000|100%| O|  |TAMS 0x0000000084700000, 0x0000000084700000| Untracked 
|  44|0x0000000084800000, 0x0000000084900000, 0x0000000084900000|100%| O|  |TAMS 0x0000000084800000, 0x0000000084800000| Untracked 
|  45|0x0000000084900000, 0x0000000084a00000, 0x0000000084a00000|100%| O|  |TAMS 0x0000000084900000, 0x0000000084900000| Untracked 
|  46|0x0000000084a00000, 0x0000000084b00000, 0x0000000084b00000|100%| O|  |TAMS 0x0000000084a00000, 0x0000000084a00000| Untracked 
|  47|0x0000000084b00000, 0x0000000084c00000, 0x0000000084c00000|100%| O|  |TAMS 0x0000000084b00000, 0x0000000084b00000| Untracked 
|  48|0x0000000084c00000, 0x0000000084d00000, 0x0000000084d00000|100%| O|  |TAMS 0x0000000084c00000, 0x0000000084c00000| Untracked 
|  49|0x0000000084d00000, 0x0000000084e00000, 0x0000000084e00000|100%| O|  |TAMS 0x0000000084d00000, 0x0000000084d00000| Untracked 
|  50|0x0000000084e00000, 0x0000000084f00000, 0x0000000084f00000|100%| O|  |TAMS 0x0000000084e00000, 0x0000000084e00000| Untracked 
|  51|0x0000000084f00000, 0x0000000085000000, 0x0000000085000000|100%| O|  |TAMS 0x0000000084f00000, 0x0000000084f00000| Untracked 
|  52|0x0000000085000000, 0x0000000085100000, 0x0000000085100000|100%| O|  |TAMS 0x0000000085000000, 0x0000000085000000| Untracked 
|  53|0x0000000085100000, 0x0000000085200000, 0x0000000085200000|100%| O|  |TAMS 0x0000000085100000, 0x0000000085100000| Untracked 
|  54|0x0000000085200000, 0x0000000085300000, 0x0000000085300000|100%| O|  |TAMS 0x0000000085200000, 0x0000000085200000| Untracked 
|  55|0x0000000085300000, 0x0000000085400000, 0x0000000085400000|100%| O|  |TAMS 0x0000000085300000, 0x0000000085300000| Untracked 
|  56|0x0000000085400000, 0x0000000085500000, 0x0000000085500000|100%| O|  |TAMS 0x0000000085400000, 0x0000000085400000| Untracked 
|  57|0x0000000085500000, 0x0000000085600000, 0x0000000085600000|100%| O|  |TAMS 0x0000000085500000, 0x0000000085500000| Untracked 
|  58|0x0000000085600000, 0x0000000085700000, 0x0000000085700000|100%| O|  |TAMS 0x0000000085600000, 0x0000000085600000| Untracked 
|  59|0x0000000085700000, 0x0000000085800000, 0x0000000085800000|100%| O|  |TAMS 0x0000000085700000, 0x0000000085700000| Untracked 
|  60|0x0000000085800000, 0x0000000085900000, 0x0000000085900000|100%| O|  |TAMS 0x0000000085800000, 0x0000000085800000| Untracked 
|  61|0x0000000085900000, 0x0000000085a00000, 0x0000000085a00000|100%| O|  |TAMS 0x0000000085900000, 0x0000000085900000| Untracked 
|  62|0x0000000085a00000, 0x0000000085b00000, 0x0000000085b00000|100%| O|  |TAMS 0x0000000085a00000, 0x0000000085a00000| Untracked 
|  63|0x0000000085b00000, 0x0000000085c00000, 0x0000000085c00000|100%| O|  |TAMS 0x0000000085b00000, 0x0000000085b00000| Untracked 
|  64|0x0000000085c00000, 0x0000000085d00000, 0x0000000085d00000|100%| O|  |TAMS 0x0000000085c00000, 0x0000000085c00000| Untracked 
|  65|0x0000000085d00000, 0x0000000085e00000, 0x0000000085e00000|100%| O|  |TAMS 0x0000000085d00000, 0x0000000085d00000| Untracked 
|  66|0x0000000085e00000, 0x0000000085f00000, 0x0000000085f00000|100%| O|  |TAMS 0x0000000085e00000, 0x0000000085e00000| Untracked 
|  67|0x0000000085f00000, 0x0000000086000000, 0x0000000086000000|100%| O|  |TAMS 0x0000000085f00000, 0x0000000085f00000| Untracked 
|  68|0x0000000086000000, 0x00000000860f5e00, 0x0000000086100000| 96%| O|  |TAMS 0x0000000086000000, 0x0000000086000000| Untracked 
|  69|0x0000000086100000, 0x0000000086100000, 0x0000000086200000|  0%| F|  |TAMS 0x0000000086100000, 0x0000000086100000| Untracked 
|  70|0x0000000086200000, 0x0000000086200000, 0x0000000086300000|  0%| F|  |TAMS 0x0000000086200000, 0x0000000086200000| Untracked 
|  71|0x0000000086300000, 0x0000000086300000, 0x0000000086400000|  0%| F|  |TAMS 0x0000000086300000, 0x0000000086300000| Untracked 
|  72|0x0000000086400000, 0x0000000086400000, 0x0000000086500000|  0%| F|  |TAMS 0x0000000086400000, 0x0000000086400000| Untracked 
|  73|0x0000000086500000, 0x0000000086500000, 0x0000000086600000|  0%| F|  |TAMS 0x0000000086500000, 0x0000000086500000| Untracked 
|  74|0x0000000086600000, 0x0000000086600000, 0x0000000086700000|  0%| F|  |TAMS 0x0000000086600000, 0x0000000086600000| Untracked 
|  75|0x0000000086700000, 0x0000000086700000, 0x0000000086800000|  0%| F|  |TAMS 0x0000000086700000, 0x0000000086700000| Untracked 
|  76|0x0000000086800000, 0x0000000086800000, 0x0000000086900000|  0%| F|  |TAMS 0x0000000086800000, 0x0000000086800000| Untracked 
|  77|0x0000000086900000, 0x0000000086900000, 0x0000000086a00000|  0%| F|  |TAMS 0x0000000086900000, 0x0000000086900000| Untracked 
|  78|0x0000000086a00000, 0x0000000086a00000, 0x0000000086b00000|  0%| F|  |TAMS 0x0000000086a00000, 0x0000000086a00000| Untracked 
|  79|0x0000000086b00000, 0x0000000086b00000, 0x0000000086c00000|  0%| F|  |TAMS 0x0000000086b00000, 0x0000000086b00000| Untracked 
|  80|0x0000000086c00000, 0x0000000086c00000, 0x0000000086d00000|  0%| F|  |TAMS 0x0000000086c00000, 0x0000000086c00000| Untracked 
|  81|0x0000000086d00000, 0x0000000086d00000, 0x0000000086e00000|  0%| F|  |TAMS 0x0000000086d00000, 0x0000000086d00000| Untracked 
|  82|0x0000000086e00000, 0x0000000086e00000, 0x0000000086f00000|  0%| F|  |TAMS 0x0000000086e00000, 0x0000000086e00000| Untracked 
|  83|0x0000000086f00000, 0x0000000086f00000, 0x0000000087000000|  0%| F|  |TAMS 0x0000000086f00000, 0x0000000086f00000| Untracked 
|  84|0x0000000087000000, 0x0000000087000000, 0x0000000087100000|  0%| F|  |TAMS 0x0000000087000000, 0x0000000087000000| Untracked 
|  85|0x0000000087100000, 0x0000000087100000, 0x0000000087200000|  0%| F|  |TAMS 0x0000000087100000, 0x0000000087100000| Untracked 
|  86|0x0000000087200000, 0x00000000872fc528, 0x0000000087300000| 98%| S|CS|TAMS 0x0000000087200000, 0x0000000087200000| Complete 
|  87|0x0000000087300000, 0x0000000087400000, 0x0000000087400000|100%| S|CS|TAMS 0x0000000087300000, 0x0000000087300000| Complete 
|  88|0x0000000087400000, 0x0000000087500000, 0x0000000087500000|100%| S|CS|TAMS 0x0000000087400000, 0x0000000087400000| Complete 
|  89|0x0000000087500000, 0x0000000087500000, 0x0000000087600000|  0%| F|  |TAMS 0x0000000087500000, 0x0000000087500000| Untracked 
|  90|0x0000000087600000, 0x0000000087600000, 0x0000000087700000|  0%| F|  |TAMS 0x0000000087600000, 0x0000000087600000| Untracked 
|  91|0x0000000087700000, 0x0000000087700000, 0x0000000087800000|  0%| F|  |TAMS 0x0000000087700000, 0x0000000087700000| Untracked 
|  92|0x0000000087800000, 0x0000000087900000, 0x0000000087900000|100%| S|CS|TAMS 0x0000000087800000, 0x0000000087800000| Complete 
|  93|0x0000000087900000, 0x0000000087900000, 0x0000000087a00000|  0%| F|  |TAMS 0x0000000087900000, 0x0000000087900000| Untracked 
|  94|0x0000000087a00000, 0x0000000087a00000, 0x0000000087b00000|  0%| F|  |TAMS 0x0000000087a00000, 0x0000000087a00000| Untracked 
|  95|0x0000000087b00000, 0x0000000087c00000, 0x0000000087c00000|100%| S|CS|TAMS 0x0000000087b00000, 0x0000000087b00000| Complete 
|  96|0x0000000087c00000, 0x0000000087d00000, 0x0000000087d00000|100%| S|CS|TAMS 0x0000000087c00000, 0x0000000087c00000| Complete 
|  97|0x0000000087d00000, 0x0000000087e00000, 0x0000000087e00000|100%| S|CS|TAMS 0x0000000087d00000, 0x0000000087d00000| Complete 
|  98|0x0000000087e00000, 0x0000000087e00000, 0x0000000087f00000|  0%| F|  |TAMS 0x0000000087e00000, 0x0000000087e00000| Untracked 
|  99|0x0000000087f00000, 0x0000000087f00000, 0x0000000088000000|  0%| F|  |TAMS 0x0000000087f00000, 0x0000000087f00000| Untracked 
| 100|0x0000000088000000, 0x0000000088000000, 0x0000000088100000|  0%| F|  |TAMS 0x0000000088000000, 0x0000000088000000| Untracked 
| 101|0x0000000088100000, 0x0000000088100000, 0x0000000088200000|  0%| F|  |TAMS 0x0000000088100000, 0x0000000088100000| Untracked 
| 102|0x0000000088200000, 0x0000000088200000, 0x0000000088300000|  0%| F|  |TAMS 0x0000000088200000, 0x0000000088200000| Untracked 
| 103|0x0000000088300000, 0x0000000088300000, 0x0000000088400000|  0%| F|  |TAMS 0x0000000088300000, 0x0000000088300000| Untracked 
| 104|0x0000000088400000, 0x0000000088400000, 0x0000000088500000|  0%| F|  |TAMS 0x0000000088400000, 0x0000000088400000| Untracked 
| 105|0x0000000088500000, 0x0000000088500000, 0x0000000088600000|  0%| F|  |TAMS 0x0000000088500000, 0x0000000088500000| Untracked 
| 106|0x0000000088600000, 0x0000000088600000, 0x0000000088700000|  0%| F|  |TAMS 0x0000000088600000, 0x0000000088600000| Untracked 
| 107|0x0000000088700000, 0x0000000088700000, 0x0000000088800000|  0%| F|  |TAMS 0x0000000088700000, 0x0000000088700000| Untracked 
| 108|0x0000000088800000, 0x0000000088800000, 0x0000000088900000|  0%| F|  |TAMS 0x0000000088800000, 0x0000000088800000| Untracked 
| 109|0x0000000088900000, 0x0000000088900000, 0x0000000088a00000|  0%| F|  |TAMS 0x0000000088900000, 0x0000000088900000| Untracked 
| 110|0x0000000088a00000, 0x0000000088a00000, 0x0000000088b00000|  0%| F|  |TAMS 0x0000000088a00000, 0x0000000088a00000| Untracked 
| 111|0x0000000088b00000, 0x0000000088b00000, 0x0000000088c00000|  0%| F|  |TAMS 0x0000000088b00000, 0x0000000088b00000| Untracked 
| 112|0x0000000088c00000, 0x0000000088c00000, 0x0000000088d00000|  0%| F|  |TAMS 0x0000000088c00000, 0x0000000088c00000| Untracked 
| 113|0x0000000088d00000, 0x0000000088d00000, 0x0000000088e00000|  0%| F|  |TAMS 0x0000000088d00000, 0x0000000088d00000| Untracked 
| 114|0x0000000088e00000, 0x0000000088e00000, 0x0000000088f00000|  0%| F|  |TAMS 0x0000000088e00000, 0x0000000088e00000| Untracked 
| 115|0x0000000088f00000, 0x0000000088f00000, 0x0000000089000000|  0%| F|  |TAMS 0x0000000088f00000, 0x0000000088f00000| Untracked 
| 116|0x0000000089000000, 0x0000000089000000, 0x0000000089100000|  0%| F|  |TAMS 0x0000000089000000, 0x0000000089000000| Untracked 
| 117|0x0000000089100000, 0x0000000089100000, 0x0000000089200000|  0%| F|  |TAMS 0x0000000089100000, 0x0000000089100000| Untracked 
| 118|0x0000000089200000, 0x0000000089200000, 0x0000000089300000|  0%| F|  |TAMS 0x0000000089200000, 0x0000000089200000| Untracked 
| 119|0x0000000089300000, 0x0000000089300000, 0x0000000089400000|  0%| F|  |TAMS 0x0000000089300000, 0x0000000089300000| Untracked 
| 120|0x0000000089400000, 0x0000000089400000, 0x0000000089500000|  0%| F|  |TAMS 0x0000000089400000, 0x0000000089400000| Untracked 
| 121|0x0000000089500000, 0x0000000089500000, 0x0000000089600000|  0%| F|  |TAMS 0x0000000089500000, 0x0000000089500000| Untracked 
| 122|0x0000000089600000, 0x0000000089600000, 0x0000000089700000|  0%| F|  |TAMS 0x0000000089600000, 0x0000000089600000| Untracked 
| 123|0x0000000089700000, 0x0000000089700000, 0x0000000089800000|  0%| F|  |TAMS 0x0000000089700000, 0x0000000089700000| Untracked 
| 124|0x0000000089800000, 0x0000000089800000, 0x0000000089900000|  0%| F|  |TAMS 0x0000000089800000, 0x0000000089800000| Untracked 
| 125|0x0000000089900000, 0x0000000089900000, 0x0000000089a00000|  0%| F|  |TAMS 0x0000000089900000, 0x0000000089900000| Untracked 
| 126|0x0000000089a00000, 0x0000000089a00000, 0x0000000089b00000|  0%| F|  |TAMS 0x0000000089a00000, 0x0000000089a00000| Untracked 
| 127|0x0000000089b00000, 0x0000000089b00000, 0x0000000089c00000|  0%| F|  |TAMS 0x0000000089b00000, 0x0000000089b00000| Untracked 
| 128|0x0000000089c00000, 0x0000000089c00000, 0x0000000089d00000|  0%| F|  |TAMS 0x0000000089c00000, 0x0000000089c00000| Untracked 
| 129|0x0000000089d00000, 0x0000000089d00000, 0x0000000089e00000|  0%| F|  |TAMS 0x0000000089d00000, 0x0000000089d00000| Untracked 
| 130|0x0000000089e00000, 0x0000000089e00000, 0x0000000089f00000|  0%| F|  |TAMS 0x0000000089e00000, 0x0000000089e00000| Untracked 
| 131|0x0000000089f00000, 0x0000000089f00000, 0x000000008a000000|  0%| F|  |TAMS 0x0000000089f00000, 0x0000000089f00000| Untracked 
| 132|0x000000008a000000, 0x000000008a000000, 0x000000008a100000|  0%| F|  |TAMS 0x000000008a000000, 0x000000008a000000| Untracked 
| 133|0x000000008a100000, 0x000000008a100000, 0x000000008a200000|  0%| F|  |TAMS 0x000000008a100000, 0x000000008a100000| Untracked 
| 134|0x000000008a200000, 0x000000008a200000, 0x000000008a300000|  0%| F|  |TAMS 0x000000008a200000, 0x000000008a200000| Untracked 
| 135|0x000000008a300000, 0x000000008a300000, 0x000000008a400000|  0%| F|  |TAMS 0x000000008a300000, 0x000000008a300000| Untracked 
| 136|0x000000008a400000, 0x000000008a400000, 0x000000008a500000|  0%| F|  |TAMS 0x000000008a400000, 0x000000008a400000| Untracked 
| 137|0x000000008a500000, 0x000000008a500000, 0x000000008a600000|  0%| F|  |TAMS 0x000000008a500000, 0x000000008a500000| Untracked 
| 138|0x000000008a600000, 0x000000008a600000, 0x000000008a700000|  0%| F|  |TAMS 0x000000008a600000, 0x000000008a600000| Untracked 
| 139|0x000000008a700000, 0x000000008a700000, 0x000000008a800000|  0%| F|  |TAMS 0x000000008a700000, 0x000000008a700000| Untracked 
| 140|0x000000008a800000, 0x000000008a800000, 0x000000008a900000|  0%| F|  |TAMS 0x000000008a800000, 0x000000008a800000| Untracked 
| 141|0x000000008a900000, 0x000000008a900000, 0x000000008aa00000|  0%| F|  |TAMS 0x000000008a900000, 0x000000008a900000| Untracked 
| 142|0x000000008aa00000, 0x000000008aa00000, 0x000000008ab00000|  0%| F|  |TAMS 0x000000008aa00000, 0x000000008aa00000| Untracked 
| 143|0x000000008ab00000, 0x000000008ab00000, 0x000000008ac00000|  0%| F|  |TAMS 0x000000008ab00000, 0x000000008ab00000| Untracked 
| 144|0x000000008ac00000, 0x000000008ac00000, 0x000000008ad00000|  0%| F|  |TAMS 0x000000008ac00000, 0x000000008ac00000| Untracked 
| 145|0x000000008ad00000, 0x000000008ad00000, 0x000000008ae00000|  0%| F|  |TAMS 0x000000008ad00000, 0x000000008ad00000| Untracked 
| 146|0x000000008ae00000, 0x000000008ae00000, 0x000000008af00000|  0%| F|  |TAMS 0x000000008ae00000, 0x000000008ae00000| Untracked 
| 147|0x000000008af00000, 0x000000008af00000, 0x000000008b000000|  0%| F|  |TAMS 0x000000008af00000, 0x000000008af00000| Untracked 
| 148|0x000000008b000000, 0x000000008b000000, 0x000000008b100000|  0%| F|  |TAMS 0x000000008b000000, 0x000000008b000000| Untracked 
| 149|0x000000008b100000, 0x000000008b100000, 0x000000008b200000|  0%| F|  |TAMS 0x000000008b100000, 0x000000008b100000| Untracked 
| 150|0x000000008b200000, 0x000000008b200000, 0x000000008b300000|  0%| F|  |TAMS 0x000000008b200000, 0x000000008b200000| Untracked 
| 151|0x000000008b300000, 0x000000008b300000, 0x000000008b400000|  0%| F|  |TAMS 0x000000008b300000, 0x000000008b300000| Untracked 
| 152|0x000000008b400000, 0x000000008b400000, 0x000000008b500000|  0%| F|  |TAMS 0x000000008b400000, 0x000000008b400000| Untracked 
| 153|0x000000008b500000, 0x000000008b500000, 0x000000008b600000|  0%| F|  |TAMS 0x000000008b500000, 0x000000008b500000| Untracked 
| 154|0x000000008b600000, 0x000000008b600000, 0x000000008b700000|  0%| F|  |TAMS 0x000000008b600000, 0x000000008b600000| Untracked 
| 155|0x000000008b700000, 0x000000008b700000, 0x000000008b800000|  0%| F|  |TAMS 0x000000008b700000, 0x000000008b700000| Untracked 
| 156|0x000000008b800000, 0x000000008b800000, 0x000000008b900000|  0%| F|  |TAMS 0x000000008b800000, 0x000000008b800000| Untracked 
| 157|0x000000008b900000, 0x000000008b900000, 0x000000008ba00000|  0%| F|  |TAMS 0x000000008b900000, 0x000000008b900000| Untracked 
| 158|0x000000008ba00000, 0x000000008ba00000, 0x000000008bb00000|  0%| F|  |TAMS 0x000000008ba00000, 0x000000008ba00000| Untracked 
| 159|0x000000008bb00000, 0x000000008bb00000, 0x000000008bc00000|  0%| F|  |TAMS 0x000000008bb00000, 0x000000008bb00000| Untracked 
| 160|0x000000008bc00000, 0x000000008bc00000, 0x000000008bd00000|  0%| F|  |TAMS 0x000000008bc00000, 0x000000008bc00000| Untracked 
| 161|0x000000008bd00000, 0x000000008bd00000, 0x000000008be00000|  0%| F|  |TAMS 0x000000008bd00000, 0x000000008bd00000| Untracked 
| 162|0x000000008be00000, 0x000000008be00000, 0x000000008bf00000|  0%| F|  |TAMS 0x000000008be00000, 0x000000008be00000| Untracked 
| 163|0x000000008bf00000, 0x000000008bf00000, 0x000000008c000000|  0%| F|  |TAMS 0x000000008bf00000, 0x000000008bf00000| Untracked 
| 164|0x000000008c000000, 0x000000008c000000, 0x000000008c100000|  0%| F|  |TAMS 0x000000008c000000, 0x000000008c000000| Untracked 
| 165|0x000000008c100000, 0x000000008c100000, 0x000000008c200000|  0%| F|  |TAMS 0x000000008c100000, 0x000000008c100000| Untracked 
| 166|0x000000008c200000, 0x000000008c200000, 0x000000008c300000|  0%| F|  |TAMS 0x000000008c200000, 0x000000008c200000| Untracked 
| 167|0x000000008c300000, 0x000000008c300000, 0x000000008c400000|  0%| F|  |TAMS 0x000000008c300000, 0x000000008c300000| Untracked 
| 168|0x000000008c400000, 0x000000008c400000, 0x000000008c500000|  0%| F|  |TAMS 0x000000008c400000, 0x000000008c400000| Untracked 
| 169|0x000000008c500000, 0x000000008c500000, 0x000000008c600000|  0%| F|  |TAMS 0x000000008c500000, 0x000000008c500000| Untracked 
| 170|0x000000008c600000, 0x000000008c600000, 0x000000008c700000|  0%| F|  |TAMS 0x000000008c600000, 0x000000008c600000| Untracked 
| 171|0x000000008c700000, 0x000000008c700000, 0x000000008c800000|  0%| F|  |TAMS 0x000000008c700000, 0x000000008c700000| Untracked 
| 172|0x000000008c800000, 0x000000008c800000, 0x000000008c900000|  0%| F|  |TAMS 0x000000008c800000, 0x000000008c800000| Untracked 
| 173|0x000000008c900000, 0x000000008c900000, 0x000000008ca00000|  0%| F|  |TAMS 0x000000008c900000, 0x000000008c900000| Untracked 
| 174|0x000000008ca00000, 0x000000008ca00000, 0x000000008cb00000|  0%| F|  |TAMS 0x000000008ca00000, 0x000000008ca00000| Untracked 
| 175|0x000000008cb00000, 0x000000008cb00000, 0x000000008cc00000|  0%| F|  |TAMS 0x000000008cb00000, 0x000000008cb00000| Untracked 
| 176|0x000000008cc00000, 0x000000008cc00000, 0x000000008cd00000|  0%| F|  |TAMS 0x000000008cc00000, 0x000000008cc00000| Untracked 
| 177|0x000000008cd00000, 0x000000008cd00000, 0x000000008ce00000|  0%| F|  |TAMS 0x000000008cd00000, 0x000000008cd00000| Untracked 
| 178|0x000000008ce00000, 0x000000008ce00000, 0x000000008cf00000|  0%| F|  |TAMS 0x000000008ce00000, 0x000000008ce00000| Untracked 
| 179|0x000000008cf00000, 0x000000008cf00000, 0x000000008d000000|  0%| F|  |TAMS 0x000000008cf00000, 0x000000008cf00000| Untracked 
| 180|0x000000008d000000, 0x000000008d000000, 0x000000008d100000|  0%| F|  |TAMS 0x000000008d000000, 0x000000008d000000| Untracked 
| 181|0x000000008d100000, 0x000000008d100000, 0x000000008d200000|  0%| F|  |TAMS 0x000000008d100000, 0x000000008d100000| Untracked 
| 182|0x000000008d200000, 0x000000008d200000, 0x000000008d300000|  0%| F|  |TAMS 0x000000008d200000, 0x000000008d200000| Untracked 
| 183|0x000000008d300000, 0x000000008d300000, 0x000000008d400000|  0%| F|  |TAMS 0x000000008d300000, 0x000000008d300000| Untracked 
| 184|0x000000008d400000, 0x000000008d400000, 0x000000008d500000|  0%| F|  |TAMS 0x000000008d400000, 0x000000008d400000| Untracked 
| 185|0x000000008d500000, 0x000000008d500000, 0x000000008d600000|  0%| F|  |TAMS 0x000000008d500000, 0x000000008d500000| Untracked 
| 186|0x000000008d600000, 0x000000008d600000, 0x000000008d700000|  0%| F|  |TAMS 0x000000008d600000, 0x000000008d600000| Untracked 
| 187|0x000000008d700000, 0x000000008d700000, 0x000000008d800000|  0%| F|  |TAMS 0x000000008d700000, 0x000000008d700000| Untracked 
| 188|0x000000008d800000, 0x000000008d800000, 0x000000008d900000|  0%| F|  |TAMS 0x000000008d800000, 0x000000008d800000| Untracked 
| 189|0x000000008d900000, 0x000000008d900000, 0x000000008da00000|  0%| F|  |TAMS 0x000000008d900000, 0x000000008d900000| Untracked 
| 190|0x000000008da00000, 0x000000008da00000, 0x000000008db00000|  0%| F|  |TAMS 0x000000008da00000, 0x000000008da00000| Untracked 
| 191|0x000000008db00000, 0x000000008db00000, 0x000000008dc00000|  0%| F|  |TAMS 0x000000008db00000, 0x000000008db00000| Untracked 
| 192|0x000000008dc00000, 0x000000008dc00000, 0x000000008dd00000|  0%| F|  |TAMS 0x000000008dc00000, 0x000000008dc00000| Untracked 
| 193|0x000000008dd00000, 0x000000008dd00000, 0x000000008de00000|  0%| F|  |TAMS 0x000000008dd00000, 0x000000008dd00000| Untracked 
| 194|0x000000008de00000, 0x000000008de00000, 0x000000008df00000|  0%| F|  |TAMS 0x000000008de00000, 0x000000008de00000| Untracked 
| 195|0x000000008df00000, 0x000000008df00000, 0x000000008e000000|  0%| F|  |TAMS 0x000000008df00000, 0x000000008df00000| Untracked 
| 196|0x000000008e000000, 0x000000008e000000, 0x000000008e100000|  0%| F|  |TAMS 0x000000008e000000, 0x000000008e000000| Untracked 
| 197|0x000000008e100000, 0x000000008e100000, 0x000000008e200000|  0%| F|  |TAMS 0x000000008e100000, 0x000000008e100000| Untracked 
| 198|0x000000008e200000, 0x000000008e200000, 0x000000008e300000|  0%| F|  |TAMS 0x000000008e200000, 0x000000008e200000| Untracked 
| 199|0x000000008e300000, 0x000000008e300000, 0x000000008e400000|  0%| F|  |TAMS 0x000000008e300000, 0x000000008e300000| Untracked 
| 200|0x000000008e400000, 0x000000008e400000, 0x000000008e500000|  0%| F|  |TAMS 0x000000008e400000, 0x000000008e400000| Untracked 
| 201|0x000000008e500000, 0x000000008e500000, 0x000000008e600000|  0%| F|  |TAMS 0x000000008e500000, 0x000000008e500000| Untracked 
| 202|0x000000008e600000, 0x000000008e600000, 0x000000008e700000|  0%| F|  |TAMS 0x000000008e600000, 0x000000008e600000| Untracked 
| 203|0x000000008e700000, 0x000000008e700000, 0x000000008e800000|  0%| F|  |TAMS 0x000000008e700000, 0x000000008e700000| Untracked 
| 204|0x000000008e800000, 0x000000008e800000, 0x000000008e900000|  0%| F|  |TAMS 0x000000008e800000, 0x000000008e800000| Untracked 
| 205|0x000000008e900000, 0x000000008e900000, 0x000000008ea00000|  0%| F|  |TAMS 0x000000008e900000, 0x000000008e900000| Untracked 
| 206|0x000000008ea00000, 0x000000008ea00000, 0x000000008eb00000|  0%| F|  |TAMS 0x000000008ea00000, 0x000000008ea00000| Untracked 
| 207|0x000000008eb00000, 0x000000008eb00000, 0x000000008ec00000|  0%| F|  |TAMS 0x000000008eb00000, 0x000000008eb00000| Untracked 
| 208|0x000000008ec00000, 0x000000008ed00000, 0x000000008ed00000|100%| E|  |TAMS 0x000000008ec00000, 0x000000008ec00000| Complete 
| 209|0x000000008ed00000, 0x000000008ee00000, 0x000000008ee00000|100%| E|CS|TAMS 0x000000008ed00000, 0x000000008ed00000| Complete 
| 210|0x000000008ee00000, 0x000000008ef00000, 0x000000008ef00000|100%| E|CS|TAMS 0x000000008ee00000, 0x000000008ee00000| Complete 
| 211|0x000000008ef00000, 0x000000008f000000, 0x000000008f000000|100%| E|CS|TAMS 0x000000008ef00000, 0x000000008ef00000| Complete 
| 212|0x000000008f000000, 0x000000008f100000, 0x000000008f100000|100%| E|CS|TAMS 0x000000008f000000, 0x000000008f000000| Complete 
| 213|0x000000008f100000, 0x000000008f200000, 0x000000008f200000|100%| E|CS|TAMS 0x000000008f100000, 0x000000008f100000| Complete 
| 214|0x000000008f200000, 0x000000008f300000, 0x000000008f300000|100%| E|CS|TAMS 0x000000008f200000, 0x000000008f200000| Complete 
| 215|0x000000008f300000, 0x000000008f400000, 0x000000008f400000|100%| E|CS|TAMS 0x000000008f300000, 0x000000008f300000| Complete 
| 216|0x000000008f400000, 0x000000008f500000, 0x000000008f500000|100%| E|CS|TAMS 0x000000008f400000, 0x000000008f400000| Complete 
| 217|0x000000008f500000, 0x000000008f600000, 0x000000008f600000|100%| E|CS|TAMS 0x000000008f500000, 0x000000008f500000| Complete 
| 218|0x000000008f600000, 0x000000008f700000, 0x000000008f700000|100%| E|CS|TAMS 0x000000008f600000, 0x000000008f600000| Complete 
| 219|0x000000008f700000, 0x000000008f800000, 0x000000008f800000|100%| E|CS|TAMS 0x000000008f700000, 0x000000008f700000| Complete 
| 220|0x000000008f800000, 0x000000008f900000, 0x000000008f900000|100%| E|CS|TAMS 0x000000008f800000, 0x000000008f800000| Complete 
| 221|0x000000008f900000, 0x000000008fa00000, 0x000000008fa00000|100%| E|CS|TAMS 0x000000008f900000, 0x000000008f900000| Complete 
| 222|0x000000008fa00000, 0x000000008fb00000, 0x000000008fb00000|100%| E|CS|TAMS 0x000000008fa00000, 0x000000008fa00000| Complete 
| 223|0x000000008fb00000, 0x000000008fc00000, 0x000000008fc00000|100%| E|CS|TAMS 0x000000008fb00000, 0x000000008fb00000| Complete 
| 224|0x000000008fc00000, 0x000000008fd00000, 0x000000008fd00000|100%| E|CS|TAMS 0x000000008fc00000, 0x000000008fc00000| Complete 
| 225|0x000000008fd00000, 0x000000008fe00000, 0x000000008fe00000|100%| E|CS|TAMS 0x000000008fd00000, 0x000000008fd00000| Complete 
| 226|0x000000008fe00000, 0x000000008ff00000, 0x000000008ff00000|100%| E|CS|TAMS 0x000000008fe00000, 0x000000008fe00000| Complete 
| 227|0x000000008ff00000, 0x0000000090000000, 0x0000000090000000|100%| E|CS|TAMS 0x000000008ff00000, 0x000000008ff00000| Complete 
| 228|0x0000000090000000, 0x0000000090100000, 0x0000000090100000|100%| E|CS|TAMS 0x0000000090000000, 0x0000000090000000| Complete 
| 229|0x0000000090100000, 0x0000000090200000, 0x0000000090200000|100%| E|CS|TAMS 0x0000000090100000, 0x0000000090100000| Complete 
| 230|0x0000000090200000, 0x0000000090300000, 0x0000000090300000|100%| E|CS|TAMS 0x0000000090200000, 0x0000000090200000| Complete 
| 231|0x0000000090300000, 0x0000000090400000, 0x0000000090400000|100%| E|CS|TAMS 0x0000000090300000, 0x0000000090300000| Complete 
| 232|0x0000000090400000, 0x0000000090500000, 0x0000000090500000|100%| E|CS|TAMS 0x0000000090400000, 0x0000000090400000| Complete 
| 233|0x0000000090500000, 0x0000000090600000, 0x0000000090600000|100%| E|CS|TAMS 0x0000000090500000, 0x0000000090500000| Complete 
| 234|0x0000000090600000, 0x0000000090700000, 0x0000000090700000|100%| E|CS|TAMS 0x0000000090600000, 0x0000000090600000| Complete 
| 235|0x0000000090700000, 0x0000000090800000, 0x0000000090800000|100%| E|CS|TAMS 0x0000000090700000, 0x0000000090700000| Complete 
| 236|0x0000000090800000, 0x0000000090900000, 0x0000000090900000|100%| E|CS|TAMS 0x0000000090800000, 0x0000000090800000| Complete 
| 237|0x0000000090900000, 0x0000000090a00000, 0x0000000090a00000|100%| E|CS|TAMS 0x0000000090900000, 0x0000000090900000| Complete 
| 238|0x0000000090a00000, 0x0000000090b00000, 0x0000000090b00000|100%| E|CS|TAMS 0x0000000090a00000, 0x0000000090a00000| Complete 
| 239|0x0000000090b00000, 0x0000000090c00000, 0x0000000090c00000|100%| E|CS|TAMS 0x0000000090b00000, 0x0000000090b00000| Complete 
| 240|0x0000000090c00000, 0x0000000090d00000, 0x0000000090d00000|100%| E|CS|TAMS 0x0000000090c00000, 0x0000000090c00000| Complete 
| 241|0x0000000090d00000, 0x0000000090e00000, 0x0000000090e00000|100%| E|CS|TAMS 0x0000000090d00000, 0x0000000090d00000| Complete 
| 242|0x0000000090e00000, 0x0000000090f00000, 0x0000000090f00000|100%| E|CS|TAMS 0x0000000090e00000, 0x0000000090e00000| Complete 
| 243|0x0000000090f00000, 0x0000000091000000, 0x0000000091000000|100%| E|CS|TAMS 0x0000000090f00000, 0x0000000090f00000| Complete 
| 244|0x0000000091000000, 0x0000000091100000, 0x0000000091100000|100%| E|CS|TAMS 0x0000000091000000, 0x0000000091000000| Complete 
| 245|0x0000000091100000, 0x0000000091200000, 0x0000000091200000|100%| E|CS|TAMS 0x0000000091100000, 0x0000000091100000| Complete 
| 246|0x0000000091200000, 0x0000000091300000, 0x0000000091300000|100%| E|CS|TAMS 0x0000000091200000, 0x0000000091200000| Complete 
| 247|0x0000000091300000, 0x0000000091400000, 0x0000000091400000|100%| E|CS|TAMS 0x0000000091300000, 0x0000000091300000| Complete 
| 248|0x0000000091400000, 0x0000000091500000, 0x0000000091500000|100%| E|CS|TAMS 0x0000000091400000, 0x0000000091400000| Complete 
| 249|0x0000000091500000, 0x0000000091600000, 0x0000000091600000|100%| E|CS|TAMS 0x0000000091500000, 0x0000000091500000| Complete 
| 250|0x0000000091600000, 0x0000000091700000, 0x0000000091700000|100%| E|CS|TAMS 0x0000000091600000, 0x0000000091600000| Complete 
| 251|0x0000000091700000, 0x0000000091800000, 0x0000000091800000|100%| E|CS|TAMS 0x0000000091700000, 0x0000000091700000| Complete 
| 252|0x0000000091800000, 0x0000000091900000, 0x0000000091900000|100%| E|CS|TAMS 0x0000000091800000, 0x0000000091800000| Complete 
| 253|0x0000000091900000, 0x0000000091a00000, 0x0000000091a00000|100%| E|CS|TAMS 0x0000000091900000, 0x0000000091900000| Complete 
| 254|0x0000000091a00000, 0x0000000091b00000, 0x0000000091b00000|100%| E|CS|TAMS 0x0000000091a00000, 0x0000000091a00000| Complete 
| 255|0x0000000091b00000, 0x0000000091c00000, 0x0000000091c00000|100%| E|CS|TAMS 0x0000000091b00000, 0x0000000091b00000| Complete 
| 256|0x0000000091c00000, 0x0000000091d00000, 0x0000000091d00000|100%| E|CS|TAMS 0x0000000091c00000, 0x0000000091c00000| Complete 
| 257|0x0000000091d00000, 0x0000000091e00000, 0x0000000091e00000|100%| E|CS|TAMS 0x0000000091d00000, 0x0000000091d00000| Complete 
| 258|0x0000000091e00000, 0x0000000091f00000, 0x0000000091f00000|100%| E|CS|TAMS 0x0000000091e00000, 0x0000000091e00000| Complete 
| 259|0x0000000091f00000, 0x0000000092000000, 0x0000000092000000|100%| E|CS|TAMS 0x0000000091f00000, 0x0000000091f00000| Complete 
| 260|0x0000000092000000, 0x0000000092100000, 0x0000000092100000|100%| E|CS|TAMS 0x0000000092000000, 0x0000000092000000| Complete 
| 261|0x0000000092100000, 0x0000000092200000, 0x0000000092200000|100%| E|CS|TAMS 0x0000000092100000, 0x0000000092100000| Complete 
| 262|0x0000000092200000, 0x0000000092300000, 0x0000000092300000|100%| E|CS|TAMS 0x0000000092200000, 0x0000000092200000| Complete 
| 263|0x0000000092300000, 0x0000000092400000, 0x0000000092400000|100%| E|CS|TAMS 0x0000000092300000, 0x0000000092300000| Complete 
| 264|0x0000000092400000, 0x0000000092500000, 0x0000000092500000|100%| E|CS|TAMS 0x0000000092400000, 0x0000000092400000| Complete 
| 265|0x0000000092500000, 0x0000000092600000, 0x0000000092600000|100%| E|CS|TAMS 0x0000000092500000, 0x0000000092500000| Complete 

Card table byte_map: [0x00000172e01c0000,0x00000172e05c0000] _byte_map_base: 0x00000172dfdb2000

Marking Bits (Prev, Next): (CMBitMap*) 0x00000172cd77e810, (CMBitMap*) 0x00000172cd77e850
 Prev Bits: [0x00000172e09c0000, 0x00000172e2950000)
 Next Bits: [0x00000172e2950000, 0x00000172e48e0000)

Polling page: 0x00000172cb580000

Metaspace:

Usage:
  Non-class:     73.69 MB used.
      Class:     10.62 MB used.
       Both:     84.31 MB used.

Virtual space:
  Non-class space:       80.00 MB reserved,      74.00 MB ( 92%) committed,  10 nodes.
      Class space:        1.00 GB reserved,      10.94 MB (  1%) committed,  1 nodes.
             Both:        1.08 GB reserved,      84.94 MB (  8%) committed. 

Chunk freelists:
   Non-Class:  1.64 MB
       Class:  1.08 MB
        Both:  2.72 MB

MaxMetaspaceSize: unlimited
CompressedClassSpaceSize: 1.00 GB
Initial GC threshold: 21.00 MB
Current GC threshold: 98.12 MB
CDS: off
MetaspaceReclaimPolicy: balanced
 - commit_granule_bytes: 65536.
 - commit_granule_words: 8192.
 - virtual_space_node_default_size: 1048576.
 - enlarge_chunks_in_place: 1.
 - new_chunks_are_fully_committed: 0.
 - uncommit_free_chunks: 1.
 - use_allocation_guard: 0.
 - handle_deallocations: 1.


Internal statistics:

num_allocs_failed_limit: 6.
num_arena_births: 954.
num_arena_deaths: 2.
num_vsnodes_births: 11.
num_vsnodes_deaths: 0.
num_space_committed: 1359.
num_space_uncommitted: 0.
num_chunks_returned_to_freelist: 9.
num_chunks_taken_from_freelist: 4015.
num_chunk_merges: 3.
num_chunk_splits: 2591.
num_chunks_enlarged: 1780.
num_purges: 2.
num_inconsistent_stats: 0.

CodeHeap 'non-profiled nmethods': size=120000Kb used=6139Kb max_used=7081Kb free=113860Kb
 bounds [0x00000172d8890000, 0x00000172d8f80000, 0x00000172dfdc0000]
CodeHeap 'profiled nmethods': size=120000Kb used=16024Kb max_used=17727Kb free=103975Kb
 bounds [0x00000172d1360000, 0x00000172d24b0000, 0x00000172d8890000]
CodeHeap 'non-nmethods': size=5760Kb used=1345Kb max_used=1451Kb free=4414Kb
 bounds [0x00000172d0dc0000, 0x00000172d1030000, 0x00000172d1360000]
 total_blobs=8976 nmethods=8391 adapters=496
 compilation: enabled
              stopped_count=0, restarted_count=0
 full_count=0

Compilation events (20 events):
Event: 37.046 Thread 0x00000172e6e0e550 10378       2       org.springframework.core.MethodParameter::<init> (35 bytes)
Event: 37.048 Thread 0x00000172e6e0e550 nmethod 10378 0x00000172d1593c10 code [0x00000172d1593e00, 0x00000172d15942a8]
Event: 37.057 Thread 0x00000172e6e0e550 10379   !   2       jdk.proxy2.$Proxy70::annotationType (29 bytes)
Event: 37.057 Thread 0x00000172e6e0e550 nmethod 10379 0x00000172d1371a90 code [0x00000172d1371c60, 0x00000172d1371f18]
Event: 37.121 Thread 0x00000172e6e0e550 10380       3       java.util.HashMap::valuesToArray (81 bytes)
Event: 37.121 Thread 0x00000172e6e0e550 nmethod 10380 0x00000172d144ee10 code [0x00000172d144efe0, 0x00000172d144f498]
Event: 37.125 Thread 0x00000172e6e0e550 10382       2       org.springframework.core.annotation.TypeMappedAnnotations::from (24 bytes)
Event: 37.125 Thread 0x00000172e6e0e550 nmethod 10382 0x00000172d1427490 code [0x00000172d1427640, 0x00000172d1427838]
Event: 37.153 Thread 0x00000172e6e0e550 10383       2       org.springframework.core.annotation.AnnotationTypeMappings::isAlreadyMapped (38 bytes)
Event: 37.154 Thread 0x00000172e6e0e550 nmethod 10383 0x00000172d17b0210 code [0x00000172d17b03c0, 0x00000172d17b05c8]
Event: 37.180 Thread 0x00000172e6e0e550 10386   !   2       jdk.proxy2.$Proxy103::annotationType (29 bytes)
Event: 37.180 Thread 0x00000172e6e0e550 nmethod 10386 0x00000172d14b1610 code [0x00000172d14b17e0, 0x00000172d14b1a98]
Event: 37.192 Thread 0x00000172e6e0e550 10387       2       ch.qos.logback.core.pattern.LiteralConverter::convert (5 bytes)
Event: 37.193 Thread 0x00000172e6e0e550 nmethod 10387 0x00000172d151fe90 code [0x00000172d1520020, 0x00000172d1520138]
Event: 37.270 Thread 0x00000172e6e0e550 10388       2       org.springframework.web.method.HandlerMethod::initDescription (92 bytes)
Event: 37.272 Thread 0x00000172e6e0e550 nmethod 10388 0x00000172d1537f10 code [0x00000172d1538160, 0x00000172d1538688]
Event: 37.272 Thread 0x00000172e6e0e550 10389       2       org.springframework.cache.annotation.AnnotationCacheOperationSource::findCacheOperations (11 bytes)
Event: 37.273 Thread 0x00000172e6e0e550 nmethod 10389 0x00000172d1387e10 code [0x00000172d1387fc0, 0x00000172d1388178]
Event: 37.273 Thread 0x00000172e6e0e550 10390       2       org.springframework.cache.annotation.AnnotationCacheOperationSource$$Lambda$823/0x00000001006f6bc8::<init> (10 bytes)
Event: 37.273 Thread 0x00000172e6e0e550 nmethod 10390 0x00000172d1543890 code [0x00000172d1543a20, 0x00000172d1543b78]

GC Heap History (20 events):
Event: 23.789 GC heap before
{Heap before GC invocations=38 (full 0):
 garbage-first heap   total 147456K, used 47815K [0x0000000081c00000, 0x0000000100000000)
  region size 1024K, 8 young (8192K), 7 survivors (7168K)
 Metaspace       used 66171K, committed 66560K, reserved 1114112K
  class space    used 8377K, committed 8576K, reserved 1048576K
}
Event: 23.798 GC heap after
{Heap after GC invocations=39 (full 0):
 garbage-first heap   total 147456K, used 47201K [0x0000000081c00000, 0x0000000100000000)
  region size 1024K, 1 young (1024K), 1 survivors (1024K)
 Metaspace       used 66171K, committed 66560K, reserved 1114112K
  class space    used 8377K, committed 8576K, reserved 1048576K
}
Event: 25.119 GC heap before
{Heap before GC invocations=39 (full 0):
 garbage-first heap   total 147456K, used 104545K [0x0000000081c00000, 0x0000000100000000)
  region size 1024K, 57 young (58368K), 1 survivors (1024K)
 Metaspace       used 69684K, committed 70080K, reserved 1114112K
  class space    used 8809K, committed 8960K, reserved 1048576K
}
Event: 25.131 GC heap after
{Heap after GC invocations=40 (full 0):
 garbage-first heap   total 147456K, used 52671K [0x0000000081c00000, 0x0000000100000000)
  region size 1024K, 7 young (7168K), 7 survivors (7168K)
 Metaspace       used 69684K, committed 70080K, reserved 1114112K
  class space    used 8809K, committed 8960K, reserved 1048576K
}
Event: 26.776 GC heap before
{Heap before GC invocations=40 (full 0):
 garbage-first heap   total 147456K, used 105919K [0x0000000081c00000, 0x0000000100000000)
  region size 1024K, 60 young (61440K), 7 survivors (7168K)
 Metaspace       used 72641K, committed 73152K, reserved 1114112K
  class space    used 9161K, committed 9408K, reserved 1048576K
}
Event: 26.793 GC heap after
{Heap after GC invocations=41 (full 0):
 garbage-first heap   total 147456K, used 56350K [0x0000000081c00000, 0x0000000100000000)
  region size 1024K, 4 young (4096K), 4 survivors (4096K)
 Metaspace       used 72641K, committed 73152K, reserved 1114112K
  class space    used 9161K, committed 9408K, reserved 1048576K
}
Event: 28.069 GC heap before
{Heap before GC invocations=41 (full 0):
 garbage-first heap   total 147456K, used 110622K [0x0000000081c00000, 0x0000000100000000)
  region size 1024K, 57 young (58368K), 4 survivors (4096K)
 Metaspace       used 74458K, committed 74944K, reserved 1114112K
  class space    used 9373K, committed 9600K, reserved 1048576K
}
Event: 28.080 GC heap after
{Heap after GC invocations=42 (full 0):
 garbage-first heap   total 147456K, used 60069K [0x0000000081c00000, 0x0000000100000000)
  region size 1024K, 8 young (8192K), 8 survivors (8192K)
 Metaspace       used 74458K, committed 74944K, reserved 1114112K
  class space    used 9373K, committed 9600K, reserved 1048576K
}
Event: 29.582 GC heap before
{Heap before GC invocations=42 (full 0):
 garbage-first heap   total 147456K, used 113317K [0x0000000081c00000, 0x0000000100000000)
  region size 1024K, 60 young (61440K), 8 survivors (8192K)
 Metaspace       used 75993K, committed 76480K, reserved 1122304K
  class space    used 9535K, committed 9792K, reserved 1048576K
}
Event: 29.602 GC heap after
{Heap after GC invocations=43 (full 0):
 garbage-first heap   total 147456K, used 64441K [0x0000000081c00000, 0x0000000100000000)
  region size 1024K, 8 young (8192K), 8 survivors (8192K)
 Metaspace       used 75993K, committed 76480K, reserved 1122304K
  class space    used 9535K, committed 9792K, reserved 1048576K
}
Event: 31.030 GC heap before
{Heap before GC invocations=43 (full 0):
 garbage-first heap   total 147456K, used 114617K [0x0000000081c00000, 0x0000000100000000)
  region size 1024K, 57 young (58368K), 8 survivors (8192K)
 Metaspace       used 79042K, committed 79488K, reserved 1122304K
  class space    used 10082K, committed 10304K, reserved 1048576K
}
Event: 31.046 GC heap after
{Heap after GC invocations=44 (full 0):
 garbage-first heap   total 147456K, used 65599K [0x0000000081c00000, 0x0000000100000000)
  region size 1024K, 1 young (1024K), 1 survivors (1024K)
 Metaspace       used 79042K, committed 79488K, reserved 1122304K
  class space    used 10082K, committed 10304K, reserved 1048576K
}
Event: 32.280 GC heap before
{Heap before GC invocations=44 (full 0):
 garbage-first heap   total 147456K, used 117823K [0x0000000081c00000, 0x0000000100000000)
  region size 1024K, 52 young (53248K), 1 survivors (1024K)
 Metaspace       used 80664K, committed 81216K, reserved 1122304K
  class space    used 10248K, committed 10496K, reserved 1048576K
}
Event: 32.288 GC heap after
{Heap after GC invocations=45 (full 0):
 garbage-first heap   total 147456K, used 66870K [0x0000000081c00000, 0x0000000100000000)
  region size 1024K, 3 young (3072K), 3 survivors (3072K)
 Metaspace       used 80664K, committed 81216K, reserved 1122304K
  class space    used 10248K, committed 10496K, reserved 1048576K
}
Event: 33.536 GC heap before
{Heap before GC invocations=45 (full 0):
 garbage-first heap   total 147456K, used 119094K [0x0000000081c00000, 0x0000000100000000)
  region size 1024K, 54 young (55296K), 3 survivors (3072K)
 Metaspace       used 81848K, committed 82368K, reserved 1122304K
  class space    used 10320K, committed 10560K, reserved 1048576K
}
Event: 33.545 GC heap after
{Heap after GC invocations=46 (full 0):
 garbage-first heap   total 147456K, used 69915K [0x0000000081c00000, 0x0000000100000000)
  region size 1024K, 6 young (6144K), 6 survivors (6144K)
 Metaspace       used 81848K, committed 82368K, reserved 1122304K
  class space    used 10320K, committed 10560K, reserved 1048576K
}
Event: 34.535 GC heap before
{Heap before GC invocations=46 (full 0):
 garbage-first heap   total 147456K, used 120091K [0x0000000081c00000, 0x0000000100000000)
  region size 1024K, 55 young (56320K), 6 survivors (6144K)
 Metaspace       used 82803K, committed 83328K, reserved 1122304K
  class space    used 10377K, committed 10624K, reserved 1048576K
}
Event: 34.552 GC heap after
{Heap after GC invocations=47 (full 0):
 garbage-first heap   total 147456K, used 73559K [0x0000000081c00000, 0x0000000100000000)
  region size 1024K, 7 young (7168K), 7 survivors (7168K)
 Metaspace       used 82803K, committed 83328K, reserved 1122304K
  class space    used 10377K, committed 10624K, reserved 1048576K
}
Event: 35.976 GC heap before
{Heap before GC invocations=47 (full 0):
 garbage-first heap   total 147456K, used 120663K [0x0000000081c00000, 0x0000000100000000)
  region size 1024K, 53 young (54272K), 7 survivors (7168K)
 Metaspace       used 84217K, committed 84800K, reserved 1130496K
  class space    used 10556K, committed 10880K, reserved 1048576K
}
Event: 35.996 GC heap after
{Heap after GC invocations=48 (full 0):
 garbage-first heap   total 272384K, used 77086K [0x0000000081c00000, 0x0000000100000000)
  region size 1024K, 7 young (7168K), 7 survivors (7168K)
 Metaspace       used 84217K, committed 84800K, reserved 1130496K
  class space    used 10556K, committed 10880K, reserved 1048576K
}

Deoptimization events (20 events):
Event: 37.280 Thread 0x00000172cd722e00 Uncommon trap: trap_request=0xffffff97 fr.pc=0x00000172d8be8c50 relative=0x0000000000002530
Event: 37.280 Thread 0x00000172cd722e00 Uncommon trap: reason=unhandled action=none pc=0x00000172d8be8c50 method=java.lang.Class.getMethod(Ljava/lang/String;[Ljava/lang/Class;)Ljava/lang/reflect/Method; @ 49 c2
Event: 37.280 Thread 0x00000172cd722e00 DEOPT PACKING pc=0x00000172d8be8c50 sp=0x0000002eb43fa8f0
Event: 37.280 Thread 0x00000172cd722e00 DEOPT UNPACKING pc=0x00000172d0e123a3 sp=0x0000002eb43fa950 mode 2
Event: 37.282 Thread 0x00000172cd722e00 DEOPT PACKING pc=0x00000172d2357204 sp=0x0000002eb43fa1d0
Event: 37.282 Thread 0x00000172cd722e00 DEOPT UNPACKING pc=0x00000172d0e12b43 sp=0x0000002eb43f9738 mode 1
Event: 37.282 Thread 0x00000172cd722e00 DEOPT PACKING pc=0x00000172d2357204 sp=0x0000002eb43fa1d0
Event: 37.282 Thread 0x00000172cd722e00 DEOPT UNPACKING pc=0x00000172d0e12b43 sp=0x0000002eb43f9738 mode 1
Event: 37.282 Thread 0x00000172cd722e00 Uncommon trap: trap_request=0xffffff97 fr.pc=0x00000172d8c26ff8 relative=0x0000000000000138
Event: 37.282 Thread 0x00000172cd722e00 Uncommon trap: reason=unhandled action=none pc=0x00000172d8c26ff8 method=jdk.internal.loader.BuiltinClassLoader.loadClass(Ljava/lang/String;Z)Ljava/lang/Class; @ 19 c2
Event: 37.282 Thread 0x00000172cd722e00 DEOPT PACKING pc=0x00000172d8c26ff8 sp=0x0000002eb43f8e10
Event: 37.282 Thread 0x00000172cd722e00 DEOPT UNPACKING pc=0x00000172d0e123a3 sp=0x0000002eb43f8cd8 mode 2
Event: 37.283 Thread 0x00000172cd722e00 DEOPT PACKING pc=0x00000172d8a9bed4 sp=0x0000002eb43f9800
Event: 37.283 Thread 0x00000172cd722e00 DEOPT UNPACKING pc=0x00000172d0e12b43 sp=0x0000002eb43f8c78 mode 1
Event: 37.283 Thread 0x00000172cd722e00 DEOPT PACKING pc=0x00000172d1fc1bcc sp=0x0000002eb43f9840
Event: 37.283 Thread 0x00000172cd722e00 DEOPT UNPACKING pc=0x00000172d0e12b43 sp=0x0000002eb43f8d88 mode 1
Event: 37.283 Thread 0x00000172cd722e00 DEOPT PACKING pc=0x00000172d176ecec sp=0x0000002eb43f9840
Event: 37.283 Thread 0x00000172cd722e00 DEOPT UNPACKING pc=0x00000172d0e12b43 sp=0x0000002eb43f8d10 mode 1
Event: 37.283 Thread 0x00000172cd722e00 DEOPT PACKING pc=0x00000172d1fb7874 sp=0x0000002eb43f9930
Event: 37.283 Thread 0x00000172cd722e00 DEOPT UNPACKING pc=0x00000172d0e12b43 sp=0x0000002eb43f8e90 mode 1

Classes unloaded (1 events):
Event: 19.580 Thread 0x00000172e6df57c0 Unloading class 0x000000010066c000 'net/bytebuddy/mirror/AccessibleObject'

Classes redefined (0 events):
No events

Internal exceptions (20 events):
Event: 37.201 Thread 0x00000172cd722e00 Exception <a 'java/lang/ClassNotFoundException'{0x00000000901e7a68}: org/springframework/context/support/ApplicationObjectSupportCustomizer> (0x00000000901e7a68) 
thrown [s\src\hotspot\share\classfile\systemDictionary.cpp, line 256]
Event: 37.204 Thread 0x00000172cd722e00 Exception <a 'java/lang/ClassNotFoundException'{0x00000000901f50b0}: org/springframework/web/context/support/WebApplicationObjectSupportCustomizer> (0x00000000901f50b0) 
thrown [s\src\hotspot\share\classfile\systemDictionary.cpp, line 256]
Event: 37.207 Thread 0x00000172cd722e00 Exception <a 'java/lang/ClassNotFoundException'{0x0000000090001808}: org/springframework/web/servlet/handler/AbstractHandlerMappingCustomizer> (0x0000000090001808) 
thrown [s\src\hotspot\share\classfile\systemDictionary.cpp, line 256]
Event: 37.210 Thread 0x00000172cd722e00 Exception <a 'java/lang/ClassNotFoundException'{0x000000009001bf20}: org/springframework/web/servlet/handler/AbstractHandlerMethodMappingCustomizer> (0x000000009001bf20) 
thrown [s\src\hotspot\share\classfile\systemDictionary.cpp, line 256]
Event: 37.213 Thread 0x00000172cd722e00 Exception <a 'java/lang/ClassNotFoundException'{0x00000000900310c8}: org/springframework/web/servlet/mvc/method/RequestMappingInfoHandlerMappingCustomizer> (0x00000000900310c8) 
thrown [s\src\hotspot\share\classfile\systemDictionary.cpp, line 256]
Event: 37.216 Thread 0x00000172cd722e00 Exception <a 'java/lang/ClassNotFoundException'{0x0000000090040528}: org/springframework/boot/actuate/endpoint/web/servlet/AbstractWebMvcEndpointHandlerMappingCustomizer> (0x0000000090040528) 
thrown [s\src\hotspot\share\classfile\systemDictionary.cpp, line 256]
Event: 37.219 Thread 0x00000172cd722e00 Exception <a 'java/lang/ClassNotFoundException'{0x0000000090053040}: org/springframework/boot/actuate/endpoint/web/servlet/WebMvcEndpointHandlerMappingCustomizer> (0x0000000090053040) 
thrown [s\src\hotspot\share\classfile\systemDictionary.cpp, line 256]
Event: 37.223 Thread 0x00000172cd722e00 Exception <a 'java/lang/ClassNotFoundException'{0x0000000090078948}: org/springframework/beans/factory/InitializingBeanCustomizer> (0x0000000090078948) 
thrown [s\src\hotspot\share\classfile\systemDictionary.cpp, line 256]
Event: 37.226 Thread 0x00000172cd722e00 Exception <a 'java/lang/ClassNotFoundException'{0x0000000090083578}: org/springframework/web/servlet/handler/MatchableHandlerMappingCustomizer> (0x0000000090083578) 
thrown [s\src\hotspot\share\classfile\systemDictionary.cpp, line 256]
Event: 37.229 Thread 0x00000172cd722e00 Exception <a 'java/lang/ClassNotFoundException'{0x000000009008e560}: org/springframework/web/servlet/HandlerMappingCustomizer> (0x000000009008e560) 
thrown [s\src\hotspot\share\classfile\systemDictionary.cpp, line 256]
Event: 37.232 Thread 0x00000172cd722e00 Exception <a 'java/lang/ClassNotFoundException'{0x0000000090098f50}: org/springframework/beans/factory/InitializingBeanCustomizer> (0x0000000090098f50) 
thrown [s\src\hotspot\share\classfile\systemDictionary.cpp, line 256]
Event: 37.234 Thread 0x00000172cd722e00 Exception <a 'java/lang/ClassNotFoundException'{0x00000000900a3100}: org/springframework/web/servlet/HandlerMappingCustomizer> (0x00000000900a3100) 
thrown [s\src\hotspot\share\classfile\systemDictionary.cpp, line 256]
Event: 37.237 Thread 0x00000172cd722e00 Exception <a 'java/lang/ClassNotFoundException'{0x00000000900ad1d8}: org/springframework/core/OrderedCustomizer> (0x00000000900ad1d8) 
thrown [s\src\hotspot\share\classfile\systemDictionary.cpp, line 256]
Event: 37.240 Thread 0x00000172cd722e00 Exception <a 'java/lang/ClassNotFoundException'{0x00000000900b7748}: org/springframework/beans/factory/BeanNameAwareCustomizer> (0x00000000900b7748) 
thrown [s\src\hotspot\share\classfile\systemDictionary.cpp, line 256]
Event: 37.243 Thread 0x00000172cd722e00 Exception <a 'java/lang/ClassNotFoundException'{0x00000000900c1c50}: org/springframework/beans/factory/AwareCustomizer> (0x00000000900c1c50) 
thrown [s\src\hotspot\share\classfile\systemDictionary.cpp, line 256]
Event: 37.245 Thread 0x00000172cd722e00 Exception <a 'java/lang/ClassNotFoundException'{0x00000000900cb688}: org/springframework/web/context/ServletContextAwareCustomizer> (0x00000000900cb688) 
thrown [s\src\hotspot\share\classfile\systemDictionary.cpp, line 256]
Event: 37.248 Thread 0x00000172cd722e00 Exception <a 'java/lang/ClassNotFoundException'{0x00000000900d5c08}: org/springframework/beans/factory/AwareCustomizer> (0x00000000900d5c08) 
thrown [s\src\hotspot\share\classfile\systemDictionary.cpp, line 256]
Event: 37.251 Thread 0x00000172cd722e00 Exception <a 'java/lang/ClassNotFoundException'{0x00000000900df640}: org/springframework/context/ApplicationContextAwareCustomizer> (0x00000000900df640) 
thrown [s\src\hotspot\share\classfile\systemDictionary.cpp, line 256]
Event: 37.254 Thread 0x00000172cd722e00 Exception <a 'java/lang/ClassNotFoundException'{0x00000000900ea270}: org/springframework/beans/factory/AwareCustomizer> (0x00000000900ea270) 
thrown [s\src\hotspot\share\classfile\systemDictionary.cpp, line 256]
Event: 37.283 Thread 0x00000172cd722e00 Exception <a 'java/lang/ClassNotFoundException'{0x000000008fe41f40}: java/lang/ObjectCustomizer> (0x000000008fe41f40) 
thrown [s\src\hotspot\share\classfile\systemDictionary.cpp, line 256]

VM Operations (20 events):
Event: 36.124 Executing VM operation: HandshakeAllThreads
Event: 36.124 Executing VM operation: HandshakeAllThreads done
Event: 36.230 Executing VM operation: HandshakeAllThreads
Event: 36.231 Executing VM operation: HandshakeAllThreads done
Event: 36.250 Executing VM operation: HandshakeAllThreads
Event: 36.250 Executing VM operation: HandshakeAllThreads done
Event: 36.284 Executing VM operation: HandshakeAllThreads
Event: 36.284 Executing VM operation: HandshakeAllThreads done
Event: 36.284 Executing VM operation: HandshakeAllThreads
Event: 36.284 Executing VM operation: HandshakeAllThreads done
Event: 36.682 Executing VM operation: HandshakeAllThreads
Event: 36.682 Executing VM operation: HandshakeAllThreads done
Event: 36.742 Executing VM operation: HandshakeAllThreads
Event: 36.742 Executing VM operation: HandshakeAllThreads done
Event: 37.065 Executing VM operation: ICBufferFull
Event: 37.065 Executing VM operation: ICBufferFull done
Event: 37.188 Executing VM operation: HandshakeAllThreads
Event: 37.188 Executing VM operation: HandshakeAllThreads done
Event: 37.191 Executing VM operation: HandshakeAllThreads
Event: 37.191 Executing VM operation: HandshakeAllThreads done

Events (20 events):
Event: 37.148 loading class java/lang/ObjectCustomizer
Event: 37.148 loading class java/lang/ObjectCustomizer done
Event: 37.149 loading class java/lang/ObjectCustomizer
Event: 37.149 loading class java/lang/ObjectCustomizer done
Event: 37.157 loading class java/lang/ObjectCustomizer
Event: 37.157 loading class java/lang/ObjectCustomizer done
Event: 37.158 loading class java/lang/ObjectCustomizer
Event: 37.158 loading class java/lang/ObjectCustomizer done
Event: 37.165 loading class java/lang/ObjectCustomizer
Event: 37.165 loading class java/lang/ObjectCustomizer done
Event: 37.165 loading class java/lang/ObjectCustomizer
Event: 37.165 loading class java/lang/ObjectCustomizer done
Event: 37.196 loading class java/lang/ObjectCustomizer
Event: 37.196 loading class java/lang/ObjectCustomizer done
Event: 37.197 loading class java/lang/ObjectCustomizer
Event: 37.197 loading class java/lang/ObjectCustomizer done
Event: 37.282 loading class java/lang/ObjectCustomizer
Event: 37.282 loading class java/lang/ObjectCustomizer done
Event: 37.283 loading class java/lang/ObjectCustomizer
Event: 37.283 loading class java/lang/ObjectCustomizer done


Dynamic libraries:
0x00007ff63ade0000 - 0x00007ff63adee000 	C:\Users\BUYPC\Desktop\sts-4.16.0.RELEASE\plugins\org.eclipse.justj.openjdk.hotspot.jre.full.win32.x86_64_17.0.4.v20220903-1038\jre\bin\javaw.exe
0x00007ff90df50000 - 0x00007ff90e148000 	C:\Windows\SYSTEM32\ntdll.dll
0x00007ff8edc50000 - 0x00007ff8edc67000 	C:\Program Files\Avast Software\Avast\aswhook.dll
0x00007ff90d160000 - 0x00007ff90d21f000 	C:\Windows\System32\KERNEL32.DLL
0x00007ff90b980000 - 0x00007ff90bc52000 	C:\Windows\System32\KERNELBASE.dll
0x00007ff90b720000 - 0x00007ff90b820000 	C:\Windows\System32\ucrtbase.dll
0x00007ff8e9cc0000 - 0x00007ff8e9cd8000 	C:\Users\BUYPC\Desktop\sts-4.16.0.RELEASE\plugins\org.eclipse.justj.openjdk.hotspot.jre.full.win32.x86_64_17.0.4.v20220903-1038\jre\bin\jli.dll
0x00007ff90ccf0000 - 0x00007ff90ce8d000 	C:\Windows\System32\USER32.dll
0x00007ff90b6f0000 - 0x00007ff90b712000 	C:\Windows\System32\win32u.dll
0x00007ff90cc60000 - 0x00007ff90cc8b000 	C:\Windows\System32\GDI32.dll
0x00007ff90be90000 - 0x00007ff90bf9f000 	C:\Windows\System32\gdi32full.dll
0x00007ff90bcf0000 - 0x00007ff90bd8d000 	C:\Windows\System32\msvcp_win.dll
0x00007ff8f7d90000 - 0x00007ff8f7da9000 	C:\Users\BUYPC\Desktop\sts-4.16.0.RELEASE\plugins\org.eclipse.justj.openjdk.hotspot.jre.full.win32.x86_64_17.0.4.v20220903-1038\jre\bin\VCRUNTIME140.dll
0x00007ff8f80c0000 - 0x00007ff8f835a000 	C:\Windows\WinSxS\amd64_microsoft.windows.common-controls_6595b64144ccf1df_6.0.19041.1110_none_60b5254171f9507e\COMCTL32.dll
0x00007ff90d3c0000 - 0x00007ff90d45e000 	C:\Windows\System32\msvcrt.dll
0x00007ff90cfb0000 - 0x00007ff90cfe2000 	C:\Windows\System32\IMM32.DLL
0x00007ff907980000 - 0x00007ff90798c000 	C:\Users\BUYPC\Desktop\sts-4.16.0.RELEASE\plugins\org.eclipse.justj.openjdk.hotspot.jre.full.win32.x86_64_17.0.4.v20220903-1038\jre\bin\vcruntime140_1.dll
0x00007ff8f3b40000 - 0x00007ff8f3bd1000 	C:\Users\BUYPC\Desktop\sts-4.16.0.RELEASE\plugins\org.eclipse.justj.openjdk.hotspot.jre.full.win32.x86_64_17.0.4.v20220903-1038\jre\bin\msvcp140.dll
0x00007ff8da0c0000 - 0x00007ff8dad06000 	C:\Users\BUYPC\Desktop\sts-4.16.0.RELEASE\plugins\org.eclipse.justj.openjdk.hotspot.jre.full.win32.x86_64_17.0.4.v20220903-1038\jre\bin\server\jvm.dll
0x00007ff90c1b0000 - 0x00007ff90c25e000 	C:\Windows\System32\ADVAPI32.dll
0x00007ff90d050000 - 0x00007ff90d0ec000 	C:\Windows\System32\sechost.dll
0x00007ff90d230000 - 0x00007ff90d355000 	C:\Windows\System32\RPCRT4.dll
0x00007ff90cae0000 - 0x00007ff90cae8000 	C:\Windows\System32\PSAPI.DLL
0x00007ff8fbc90000 - 0x00007ff8fbc99000 	C:\Windows\SYSTEM32\WSOCK32.dll
0x00007ff90d0f0000 - 0x00007ff90d15b000 	C:\Windows\System32\WS2_32.dll
0x00007ff8f5520000 - 0x00007ff8f5547000 	C:\Windows\SYSTEM32\WINMM.dll
0x00007ff902a10000 - 0x00007ff902a1a000 	C:\Windows\SYSTEM32\VERSION.dll
0x00007ff9096b0000 - 0x00007ff9096c2000 	C:\Windows\SYSTEM32\kernel.appcore.dll
0x00007ff907650000 - 0x00007ff90765a000 	C:\Users\BUYPC\Desktop\sts-4.16.0.RELEASE\plugins\org.eclipse.justj.openjdk.hotspot.jre.full.win32.x86_64_17.0.4.v20220903-1038\jre\bin\jimage.dll
0x00007ff902150000 - 0x00007ff902334000 	C:\Windows\SYSTEM32\DBGHELP.DLL
0x00007ff901fc0000 - 0x00007ff901fec000 	C:\Windows\SYSTEM32\dbgcore.DLL
0x00007ff90bc60000 - 0x00007ff90bce2000 	C:\Windows\System32\bcryptPrimitives.dll
0x00007ff8fd7c0000 - 0x00007ff8fd7fb000 	C:\Users\BUYPC\Desktop\sts-4.16.0.RELEASE\plugins\org.eclipse.justj.openjdk.hotspot.jre.full.win32.x86_64_17.0.4.v20220903-1038\jre\bin\jdwp.dll
0x00007ff907970000 - 0x00007ff90797e000 	C:\Users\BUYPC\Desktop\sts-4.16.0.RELEASE\plugins\org.eclipse.justj.openjdk.hotspot.jre.full.win32.x86_64_17.0.4.v20220903-1038\jre\bin\instrument.dll
0x00007ff8e9c90000 - 0x00007ff8e9cb5000 	C:\Users\BUYPC\Desktop\sts-4.16.0.RELEASE\plugins\org.eclipse.justj.openjdk.hotspot.jre.full.win32.x86_64_17.0.4.v20220903-1038\jre\bin\java.dll
0x00007ff8e0e00000 - 0x00007ff8e0e18000 	C:\Users\BUYPC\Desktop\sts-4.16.0.RELEASE\plugins\org.eclipse.justj.openjdk.hotspot.jre.full.win32.x86_64_17.0.4.v20220903-1038\jre\bin\zip.dll
0x00007ff90d610000 - 0x00007ff90dd53000 	C:\Windows\System32\SHELL32.dll
0x00007ff9096d0000 - 0x00007ff909e62000 	C:\Windows\SYSTEM32\windows.storage.dll
0x00007ff90c6d0000 - 0x00007ff90ca24000 	C:\Windows\System32\combase.dll
0x00007ff90aef0000 - 0x00007ff90af20000 	C:\Windows\SYSTEM32\Wldp.dll
0x00007ff90ca30000 - 0x00007ff90cadd000 	C:\Windows\System32\SHCORE.dll
0x00007ff90cc90000 - 0x00007ff90cce5000 	C:\Windows\System32\shlwapi.dll
0x00007ff90b590000 - 0x00007ff90b5af000 	C:\Windows\SYSTEM32\profapi.dll
0x00007ff9069d0000 - 0x00007ff9069dc000 	C:\Users\BUYPC\Desktop\sts-4.16.0.RELEASE\plugins\org.eclipse.justj.openjdk.hotspot.jre.full.win32.x86_64_17.0.4.v20220903-1038\jre\bin\dt_socket.dll
0x00007ff90a9e0000 - 0x00007ff90aa1b000 	C:\Windows\SYSTEM32\IPHLPAPI.DLL
0x00007ff90acd0000 - 0x00007ff90ad3a000 	C:\Windows\system32\mswsock.dll
0x00007ff90aa30000 - 0x00007ff90aafa000 	C:\Windows\SYSTEM32\DNSAPI.dll
0x00007ff90cb80000 - 0x00007ff90cb88000 	C:\Windows\System32\NSI.dll
0x00007ff902570000 - 0x00007ff90257a000 	C:\Windows\System32\rasadhlp.dll
0x00007ff8fd500000 - 0x00007ff8fd580000 	C:\Windows\System32\fwpuclnt.dll
0x00007ff90b650000 - 0x00007ff90b677000 	C:\Windows\System32\bcrypt.dll
0x00007ff8e0de0000 - 0x00007ff8e0df9000 	C:\Users\BUYPC\Desktop\sts-4.16.0.RELEASE\plugins\org.eclipse.justj.openjdk.hotspot.jre.full.win32.x86_64_17.0.4.v20220903-1038\jre\bin\net.dll
0x00007ff8fd580000 - 0x00007ff8fd68c000 	C:\Windows\SYSTEM32\WINHTTP.dll
0x00007ff8e0380000 - 0x00007ff8e0395000 	C:\Users\BUYPC\Desktop\sts-4.16.0.RELEASE\plugins\org.eclipse.justj.openjdk.hotspot.jre.full.win32.x86_64_17.0.4.v20220903-1038\jre\bin\nio.dll
0x00007ff8f76e0000 - 0x00007ff8f76f0000 	C:\Users\BUYPC\Desktop\sts-4.16.0.RELEASE\plugins\org.eclipse.justj.openjdk.hotspot.jre.full.win32.x86_64_17.0.4.v20220903-1038\jre\bin\verify.dll
0x00007ff902390000 - 0x00007ff9023a7000 	C:\Windows\SYSTEM32\dhcpcsvc6.DLL
0x00007ff9028d0000 - 0x00007ff9028ed000 	C:\Windows\SYSTEM32\dhcpcsvc.DLL
0x00007ff90b280000 - 0x00007ff90b298000 	C:\Windows\SYSTEM32\CRYPTSP.dll
0x00007ff90a610000 - 0x00007ff90a644000 	C:\Windows\system32\rsaenh.dll
0x00007ff90b510000 - 0x00007ff90b53e000 	C:\Windows\SYSTEM32\USERENV.dll
0x00007ff90ae60000 - 0x00007ff90ae6c000 	C:\Windows\SYSTEM32\CRYPTBASE.dll
0x00007ff906550000 - 0x00007ff906559000 	C:\Users\BUYPC\Desktop\sts-4.16.0.RELEASE\plugins\org.eclipse.justj.openjdk.hotspot.jre.full.win32.x86_64_17.0.4.v20220903-1038\jre\bin\management.dll
0x00007ff906230000 - 0x00007ff90623b000 	C:\Users\BUYPC\Desktop\sts-4.16.0.RELEASE\plugins\org.eclipse.justj.openjdk.hotspot.jre.full.win32.x86_64_17.0.4.v20220903-1038\jre\bin\management_ext.dll
0x00007ff8f0ab0000 - 0x00007ff8f0ac7000 	C:\Windows\system32\napinsp.dll
0x00007ff8f0a90000 - 0x00007ff8f0aab000 	C:\Windows\system32\pnrpnsp.dll
0x00007ff904e50000 - 0x00007ff904e65000 	C:\Windows\system32\wshbth.dll
0x00007ff906960000 - 0x00007ff90697d000 	C:\Windows\system32\NLAapi.dll
0x00007ff8f09c0000 - 0x00007ff8f09d2000 	C:\Windows\System32\winrnr.dll
0x00007ff907990000 - 0x00007ff90799e000 	C:\Users\BUYPC\Desktop\sts-4.16.0.RELEASE\plugins\org.eclipse.justj.openjdk.hotspot.jre.full.win32.x86_64_17.0.4.v20220903-1038\jre\bin\sunmscapi.dll
0x00007ff90b820000 - 0x00007ff90b976000 	C:\Windows\System32\CRYPT32.dll
0x00007ff90af60000 - 0x00007ff90af87000 	C:\Windows\SYSTEM32\ncrypt.dll
0x00007ff90af20000 - 0x00007ff90af5b000 	C:\Windows\SYSTEM32\NTASN1.dll

dbghelp: loaded successfully - version: 4.0.5 - missing functions: none
symbol engine: initialized successfully - sym options: 0x614 - pdb path: .;C:\Users\BUYPC\Desktop\sts-4.16.0.RELEASE\plugins\org.eclipse.justj.openjdk.hotspot.jre.full.win32.x86_64_17.0.4.v20220903-1038\jre\bin;C:\Windows\SYSTEM32;C:\Program Files\Avast Software\Avast;C:\Windows\WinSxS\amd64_microsoft.windows.common-controls_6595b64144ccf1df_6.0.19041.1110_none_60b5254171f9507e;C:\Users\BUYPC\Desktop\sts-4.16.0.RELEASE\plugins\org.eclipse.justj.openjdk.hotspot.jre.full.win32.x86_64_17.0.4.v20220903-1038\jre\bin\server

VM Arguments:
jvm_args: -XX:+ShowCodeDetailsInExceptionMessages -agentlib:jdwp=transport=dt_socket,suspend=y,address=localhost:50769 -ea -javaagent:C:\Users\BUYPC\Desktop\sts-4.16.0.RELEASE\configuration\org.eclipse.osgi\268\0\.cp\lib\javaagent-shaded.jar -Dfile.encoding=UTF-8 
java_command: org.eclipse.jdt.internal.junit.runner.RemoteTestRunner -version 3 -port 50768 -testLoaderClass org.eclipse.jdt.internal.junit5.runner.JUnit5TestLoader -loaderpluginname org.eclipse.jdt.junit5.runtime -test com.yuzee.app.controller.InstituteServiceControllerTest:addInstituteService
java_class_path (initial): C:\Users\BUYPC\Desktop\yuzee-backend-institute-api\target\test-classes;C:\Users\BUYPC\Desktop\yuzee-backend-institute-api\target\classes;C:\Users\BUYPC\.m2\repository\org\apache\commons\commons-lang3\3.11\commons-lang3-3.11.jar;C:\Users\BUYPC\.m2\repository\org\projectlombok\lombok\1.18.20\lombok-1.18.20.jar;C:\Users\BUYPC\.m2\repository\junit\junit\4.12\junit-4.12.jar;C:\Users\BUYPC\.m2\repository\org\hamcrest\hamcrest-core\2.2\hamcrest-core-2.2.jar;C:\Users\BUYPC\.m2\repository\org\springframework\boot\spring-boot-starter-web\2.4.5\spring-boot-starter-web-2.4.5.jar;C:\Users\BUYPC\.m2\repository\org\springframework\boot\spring-boot-starter\2.4.5\spring-boot-starter-2.4.5.jar;C:\Users\BUYPC\.m2\repository\org\springframework\boot\spring-boot-starter-logging\2.4.5\spring-boot-starter-logging-2.4.5.jar;C:\Users\BUYPC\.m2\repository\ch\qos\logback\logback-classic\1.2.3\logback-classic-1.2.3.jar;C:\Users\BUYPC\.m2\repository\ch\qos\logback\logback-core\1.2.3\logback-core-1.2.3.jar;C:\Users\BUYPC\.m2\repository\org\apache\logging\log4j\log4j-to-slf4j\2.13.3\log4j-to-slf4j-2.13.3.jar;C:\Users\BUYPC\.m2\repository\org\apache\logging\log4j\log4j-api\2.13.3\log4j-api-2.13.3.jar;C:\Users\BUYPC\.m2\repository\org\slf4j\jul-to-slf4j\1.7.30\jul-to-slf4j-1.7.30.jar;C:\Users\BUYPC\.m2\repository\org\yaml\snakeyaml\1.27\snakeyaml-1.27.jar;C:\Users\BUYPC\.m2\repository\org\springframework\boot\spring-boot-starter-json\2.4.5\spring-boot-starter-json-2.4.5.jar;C:\Users\BUYPC\.m2\repository\com\fasterxml\jackson\datatype\jackson-datatype-jdk8\2.11.4\jackson-datatype-jdk8-2.11.4.jar;C:\Users\BUYPC\.m2\repository\com\fasterxml\jackson\datatype\jackson-datatype-jsr310\2.11.4\jackson-datatype-jsr310-2.11.4.jar;C:\Users\BUYPC\.m2\repository\com\fasterxml\jackson\module\jackson-module-parameter-names\2.11.4\jackson-module-parameter-names-2.11.4.jar;C:\Users\BUYPC\.m2\repository\org\springframework\spring-web\5.3.6\spring-web-5.3.6.jar;C:\Users\BUYPC\.m2\repositor
Launcher Type: SUN_STANDARD

[Global flags]
     intx CICompilerCount                          = 3                                         {product} {ergonomic}
     uint ConcGCThreads                            = 1                                         {product} {ergonomic}
     uint G1ConcRefinementThreads                  = 4                                         {product} {ergonomic}
   size_t G1HeapRegionSize                         = 1048576                                   {product} {ergonomic}
    uintx GCDrainStackTargetSize                   = 64                                        {product} {ergonomic}
   size_t InitialHeapSize                          = 134217728                                 {product} {ergonomic}
   size_t MarkStackSize                            = 4194304                                   {product} {ergonomic}
   size_t MaxHeapSize                              = 2118123520                                {product} {ergonomic}
   size_t MaxNewSize                               = 1270874112                                {product} {ergonomic}
   size_t MinHeapDeltaBytes                        = 1048576                                   {product} {ergonomic}
   size_t MinHeapSize                              = 8388608                                   {product} {ergonomic}
    uintx NonNMethodCodeHeapSize                   = 5832780                                {pd product} {ergonomic}
    uintx NonProfiledCodeHeapSize                  = 122912730                              {pd product} {ergonomic}
    uintx ProfiledCodeHeapSize                     = 122912730                              {pd product} {ergonomic}
    uintx ReservedCodeCacheSize                    = 251658240                              {pd product} {ergonomic}
     bool SegmentedCodeCache                       = true                                      {product} {ergonomic}
     bool ShowCodeDetailsInExceptionMessages       = true                                   {manageable} {command line}
   size_t SoftMaxHeapSize                          = 2118123520                             {manageable} {ergonomic}
     bool UseCompressedClassPointers               = true                           {product lp64_product} {ergonomic}
     bool UseCompressedOops                        = true                           {product lp64_product} {ergonomic}
     bool UseG1GC                                  = true                                      {product} {ergonomic}
     bool UseLargePagesIndividualAllocation        = false                                  {pd product} {ergonomic}

Logging:
Log output configuration:
 #0: stdout all=warning uptime,level,tags
 #1: stderr all=off uptime,level,tags

Environment Variables:
JAVA_HOME=C:\Program Files\Java\jdk-17.0.2
PATH=C:\Users\BUYPC\Desktop\sts-4.16.0.RELEASE\plugins\org.eclipse.justj.openjdk.hotspot.jre.full.win32.x86_64_17.0.4.v20220903-1038\jre\bin;C:/Users/BUYPC/Desktop/sts-4.16.0.RELEASE//plugins/org.eclipse.justj.openjdk.hotspot.jre.full.win32.x86_64_17.0.4.v20220903-1038/jre/bin/server;C:/Users/BUYPC/Desktop/sts-4.16.0.RELEASE//plugins/org.eclipse.justj.openjdk.hotspot.jre.full.win32.x86_64_17.0.4.v20220903-1038/jre/bin;C:\Program Files\Common Files\Oracle\Java\javapath;C:\Program Files\Java\jdk-16.0.2\bin;C:\Windows\system32;C:\Windows;C:\Windows\System32\Wbem;C:\Windows\System32\WindowsPowerShell\v1.0\;C:\Windows\System32\OpenSSH\;C:\Users\BUYPC\Desktop\apache-maven-3.8.4-bin\apache-maven-3.8.4\bin;C:\Program Files\Git\cmd;C:\Program Files\nodejs\;C:\ProgramData\Microsoft\Windows\Start Menu\Programs\MySQL\MySQL Server 8.0;C:\Users\BUYPC\Downloads\sonarqube-8.9.9.56886\sonarqube-8.9.9.56886\bin;;C:\Program Files\Docker\Docker\resources\bin;C:\Program Files\MySQL\MySQL Shell 8.0\bin\;C:\Users\BUYPC\AppData\Local\Microsoft\WindowsApps;C:\Users\BUYPC\AppData\Roaming\npm;C:\Users\BUYPC\AppData\Local\Programs\Microsoft VS Code\bin;C:\Users\BUYPC\Desktop\;C:\Users\BUYPC\Desktop\sts-4.16.0.RELEASE;
USERNAME=BUYPC
OS=Windows_NT
PROCESSOR_IDENTIFIER=Intel64 Family 6 Model 42 Stepping 7, GenuineIntel
TMP=C:\Users\BUYPC\AppData\Local\Temp
TEMP=C:\Users\BUYPC\AppData\Local\Temp



---------------  S Y S T E M  ---------------

OS:
 Windows 10 , 64 bit Build 19041 (10.0.19041.2251)
OS uptime: 0 days 7:35 hours
Hyper-V role detected

CPU: total 4 (initial active 4) (2 cores per cpu, 2 threads per core) family 6 model 42 stepping 7 microcode 0x2f, cx8, cmov, fxsr, ht, mmx, sse, sse2, sse3, ssse3, sse4.1, sse4.2, popcnt, tsc, tscinvbit, avx, aes, clmul, vzeroupper, clflush, hv

Memory: 4k page, system-wide physical 8073M (845M free)
TotalPageFile size 12937M (AvailPageFile size 2608M)
current process WorkingSet (physical memory assigned to process): 459M, peak: 463M
current process commit charge ("private bytes"): 553M, peak: 582M

vm_info: OpenJDK 64-Bit Server VM (17.0.4.1+1) for windows-amd64 JRE (17.0.4.1+1), built on Aug 17 2022 07:42:43 by "temurin" with MS VC++ 16.7 (VS2019)

END.
