#
# A fatal error has been detected by the Java Runtime Environment:
#
#  Internal Error (node.cpp:2300), pid=364, tid=1220
#  Error: ShouldNotCall()
#
# JRE version: OpenJDK Runtime Environment Temurin-17.0.4.1+1 (17.0.4.1+1) (build 17.0.4.1+1)
# Java VM: OpenJDK 64-Bit Server VM Temurin-17.0.4.1+1 (17.0.4.1+1, mixed mode, tiered, compressed oops, compressed class ptrs, g1 gc, windows-amd64)
# No core dump will be written. Minidumps are not enabled by default on client versions of Windows
#
# If you would like to submit a bug report, please visit:
#   https://github.com/adoptium/adoptium-support/issues
#

---------------  S U M M A R Y ------------

Command Line: -XX:+ShowCodeDetailsInExceptionMessages -agentlib:jdwp=transport=dt_socket,suspend=y,address=localhost:65108 -ea -javaagent:C:\Users\BUYPC\Desktop\sts-4.16.0.RELEASE\configuration\org.eclipse.osgi\268\0\.cp\lib\javaagent-shaded.jar -Dfile.encoding=UTF-8 org.eclipse.jdt.internal.junit.runner.RemoteTestRunner -version 3 -port 65107 -testLoaderClass org.eclipse.jdt.internal.junit5.runner.JUnit5TestLoader -loaderpluginname org.eclipse.jdt.junit5.runtime -test com.yuzee.app.controller.InstituteServiceControllerTest:getInstituteServiceById

Host: Intel(R) Core(TM) i7-2640M CPU @ 2.80GHz, 4 cores, 7G,  Windows 10 , 64 bit Build 19041 (10.0.19041.2251)
Time: Thu Dec  1 12:52:26 2022 Pacific Standard Time elapsed time: 39.067093 seconds (0d 0h 0m 39s)

---------------  T H R E A D  ---------------

Current thread (0x0000017ac445d1c0):  JavaThread "C2 CompilerThread0" daemon [_thread_in_native, id=1220, stack(0x000000644d000000,0x000000644d100000)]


Current CompileTask:
C2:  39067 9794       4       org.springframework.beans.factory.support.AbstractBeanFactory::isTypeMatch (614 bytes)

Stack: [0x000000644d000000,0x000000644d100000]
Native frames: (J=compiled Java code, j=interpreted, Vv=VM code, C=native code)
V  [jvm.dll+0x67731a]
V  [jvm.dll+0x832284]
V  [jvm.dll+0x833a2e]
V  [jvm.dll+0x834047]
V  [jvm.dll+0x2456ac]
V  [jvm.dll+0x2455c3]
V  [jvm.dll+0x655915]
V  [jvm.dll+0x1fc97c]
V  [jvm.dll+0x1bbb25]
V  [jvm.dll+0x2187d9]
V  [jvm.dll+0x217aa1]
V  [jvm.dll+0x1a3f8d]
V  [jvm.dll+0x227498]
V  [jvm.dll+0x2255e5]
V  [jvm.dll+0x7e7e9b]
V  [jvm.dll+0x7e240a]
V  [jvm.dll+0x6761a5]
C  [ucrtbase.dll+0x21bb2]
C  [KERNEL32.DLL+0x174b4]
C  [ntdll.dll+0x526a1]


---------------  P R O C E S S  ---------------

Threads class SMR info:
_java_thread_list=0x0000017acd219d40, length=28, elements={
0x0000017aaa1f9510, 0x0000017ac38d3e20, 0x0000017ac38a7fe0, 0x0000017ac44354d0,
0x0000017ac44392a0, 0x0000017ac4439c50, 0x0000017ac443a6d0, 0x0000017ac445d1c0,
0x0000017ac44643a0, 0x0000017ac44c6030, 0x0000017ac46d0840, 0x0000017ac479d9d0,
0x0000017ac479f470, 0x0000017ac479f960, 0x0000017ac5ba4420, 0x0000017ac5fec500,
0x0000017ac4e2d680, 0x0000017acab83f30, 0x0000017ac88c4630, 0x0000017ac6cbc550,
0x0000017acae03a60, 0x0000017ac79e7140, 0x0000017ac962f920, 0x0000017aca9027d0,
0x0000017aca6bccd0, 0x0000017aca6bd1a0, 0x0000017aca6bd670, 0x0000017aca81b0b0
}

Java Threads: ( => current thread )
  0x0000017aaa1f9510 JavaThread "main" [_thread_in_Java, id=6672, stack(0x000000644c300000,0x000000644c400000)]
  0x0000017ac38d3e20 JavaThread "Reference Handler" daemon [_thread_blocked, id=9488, stack(0x000000644ca00000,0x000000644cb00000)]
  0x0000017ac38a7fe0 JavaThread "Finalizer" daemon [_thread_blocked, id=7084, stack(0x000000644cb00000,0x000000644cc00000)]
  0x0000017ac44354d0 JavaThread "Signal Dispatcher" daemon [_thread_blocked, id=10576, stack(0x000000644cc00000,0x000000644cd00000)]
  0x0000017ac44392a0 JavaThread "Attach Listener" daemon [_thread_blocked, id=8500, stack(0x000000644cd00000,0x000000644ce00000)]
  0x0000017ac4439c50 JavaThread "Service Thread" daemon [_thread_blocked, id=7508, stack(0x000000644ce00000,0x000000644cf00000)]
  0x0000017ac443a6d0 JavaThread "Monitor Deflation Thread" daemon [_thread_blocked, id=3164, stack(0x000000644cf00000,0x000000644d000000)]
=>0x0000017ac445d1c0 JavaThread "C2 CompilerThread0" daemon [_thread_in_native, id=1220, stack(0x000000644d000000,0x000000644d100000)]
  0x0000017ac44643a0 JavaThread "C1 CompilerThread0" daemon [_thread_in_vm, id=8284, stack(0x000000644d100000,0x000000644d200000)]
  0x0000017ac44c6030 JavaThread "Sweeper thread" daemon [_thread_blocked, id=6076, stack(0x000000644d200000,0x000000644d300000)]
  0x0000017ac46d0840 JavaThread "Common-Cleaner" daemon [_thread_blocked, id=9564, stack(0x000000644d300000,0x000000644d400000)]
  0x0000017ac479d9d0 JavaThread "JDWP Transport Listener: dt_socket" daemon [_thread_blocked, id=10596, stack(0x000000644d400000,0x000000644d500000)]
  0x0000017ac479f470 JavaThread "JDWP Event Helper Thread" daemon [_thread_blocked, id=8604, stack(0x000000644d500000,0x000000644d600000)]
  0x0000017ac479f960 JavaThread "JDWP Command Reader" daemon [_thread_in_native, id=3784, stack(0x000000644d600000,0x000000644d700000)]
  0x0000017ac5ba4420 JavaThread "Notification Thread" daemon [_thread_blocked, id=3548, stack(0x000000644db00000,0x000000644dc00000)]
  0x0000017ac5fec500 JavaThread "ReaderThread" [_thread_in_native, id=8916, stack(0x000000644dd00000,0x000000644de00000)]
  0x0000017ac4e2d680 JavaThread "Catalina-utility-1" [_thread_blocked, id=4892, stack(0x000000644de00000,0x000000644df00000)]
  0x0000017acab83f30 JavaThread "Catalina-utility-2" [_thread_blocked, id=9908, stack(0x000000644df00000,0x000000644e000000)]
  0x0000017ac88c4630 JavaThread "container-0" [_thread_blocked, id=11224, stack(0x000000644e000000,0x000000644e100000)]
  0x0000017ac6cbc550 JavaThread "Thread-5" daemon [_thread_in_native, id=8920, stack(0x000000644e100000,0x000000644e200000)]
  0x0000017acae03a60 JavaThread "cluster-ClusterId{value='638913fff7c454028b6c30ae', description='null'}-srv-notification.18kxt.mongodb.net" daemon [_thread_blocked, id=10232, stack(0x000000644e200000,0x000000644e300000)]
  0x0000017ac79e7140 JavaThread "cluster-ClusterId{value='638913fff7c454028b6c30ae', description='null'}-notification-shard-00-02.18kxt.mongodb.net:27017" daemon [_thread_in_native, id=10632, stack(0x000000644e300000,0x000000644e400000)]
  0x0000017ac962f920 JavaThread "cluster-rtt-ClusterId{value='638913fff7c454028b6c30ae', description='null'}-notification-shard-00-02.18kxt.mongodb.net:27017" daemon [_thread_blocked, id=9980, stack(0x000000644e400000,0x000000644e500000)]
  0x0000017aca9027d0 JavaThread "cluster-ClusterId{value='638913fff7c454028b6c30ae', description='null'}-notification-shard-00-00.18kxt.mongodb.net:27017" daemon [_thread_in_native, id=10012, stack(0x000000644e500000,0x000000644e600000)]
  0x0000017aca6bccd0 JavaThread "cluster-rtt-ClusterId{value='638913fff7c454028b6c30ae', description='null'}-notification-shard-00-00.18kxt.mongodb.net:27017" daemon [_thread_blocked, id=9044, stack(0x000000644e600000,0x000000644e700000)]
  0x0000017aca6bd1a0 JavaThread "cluster-ClusterId{value='638913fff7c454028b6c30ae', description='null'}-notification-shard-00-01.18kxt.mongodb.net:27017" daemon [_thread_in_native, id=4796, stack(0x000000644e700000,0x000000644e800000)]
  0x0000017aca6bd670 JavaThread "cluster-rtt-ClusterId{value='638913fff7c454028b6c30ae', description='null'}-notification-shard-00-01.18kxt.mongodb.net:27017" daemon [_thread_blocked, id=7172, stack(0x000000644e800000,0x000000644e900000)]
  0x0000017aca81b0b0 JavaThread "C2 CompilerThread1" daemon [_thread_in_native, id=10556, stack(0x000000644d700000,0x000000644d800000)]

Other Threads:
  0x0000017ac38ce890 VMThread "VM Thread" [stack: 0x000000644c900000,0x000000644ca00000] [id=1736]
  0x0000017aaa268c20 WatcherThread [stack: 0x000000644dc00000,0x000000644dd00000] [id=4720]
  0x0000017aa81deb90 GCTaskThread "GC Thread#0" [stack: 0x000000644c400000,0x000000644c500000] [id=10984]
  0x0000017ac5800bf0 GCTaskThread "GC Thread#1" [stack: 0x000000644d800000,0x000000644d900000] [id=9780]
  0x0000017ac5176f00 GCTaskThread "GC Thread#2" [stack: 0x000000644d900000,0x000000644da00000] [id=8408]
  0x0000017ac4b5b050 GCTaskThread "GC Thread#3" [stack: 0x000000644da00000,0x000000644db00000] [id=6052]
  0x0000017aaa25fd80 ConcurrentGCThread "G1 Main Marker" [stack: 0x000000644c500000,0x000000644c600000] [id=10000]
  0x0000017aaa2617a0 ConcurrentGCThread "G1 Conc#0" [stack: 0x000000644c600000,0x000000644c700000] [id=4888]
  0x0000017aaa29e100 ConcurrentGCThread "G1 Refine#0" [stack: 0x000000644c700000,0x000000644c800000] [id=10296]
  0x0000017aaa29eb20 ConcurrentGCThread "G1 Service" [stack: 0x000000644c800000,0x000000644c900000] [id=4016]

Threads with active compile tasks:
C2 CompilerThread0    39289 9794       4       org.springframework.beans.factory.support.AbstractBeanFactory::isTypeMatch (614 bytes)
C2 CompilerThread1    39289 9706       4       org.springframework.core.annotation.AnnotatedElementUtils::findMergedAnnotationAttributes (24 bytes)

VM state: not at safepoint (normal execution)

VM Mutex/Monitor currently owned by a thread: None

Heap address: 0x0000000081c00000, size: 2020 MB, Compressed Oops mode: 32-bit

CDS archive(s) not mapped
Compressed class space mapped at: 0x0000000100000000-0x0000000140000000, reserved size: 1073741824
Narrow klass base: 0x0000000000000000, Narrow klass shift: 3, Narrow klass range: 0x140000000

GC Precious Log:
 CPUs: 4 total, 4 available
 Memory: 8073M
 Large Page Support: Disabled
 NUMA Support: Disabled
 Compressed Oops: Enabled (32-bit)
 Heap Region Size: 1M
 Heap Min Capacity: 8M
 Heap Initial Capacity: 128M
 Heap Max Capacity: 2020M
 Pre-touch: Disabled
 Parallel Workers: 4
 Concurrent Workers: 1
 Concurrent Refinement Workers: 4
 Periodic GC: Disabled

Heap:
 garbage-first heap   total 151552K, used 90901K [0x0000000081c00000, 0x0000000100000000)
  region size 1024K, 29 young (29696K), 4 survivors (4096K)
 Metaspace       used 81579K, committed 82112K, reserved 1122304K
  class space    used 10295K, committed 10560K, reserved 1048576K

Heap Regions: E=young(eden), S=young(survivor), O=old, HS=humongous(starts), HC=humongous(continues), CS=collection set, F=free, OA=open archive, CA=closed archive, TAMS=top-at-mark-start (previous, next)
|   0|0x0000000081c00000, 0x0000000081d00000, 0x0000000081d00000|100%|HS|  |TAMS 0x0000000081d00000, 0x0000000081c00000| Complete 
|   1|0x0000000081d00000, 0x0000000081e00000, 0x0000000081e00000|100%| O|  |TAMS 0x0000000081e00000, 0x0000000081d00000| Untracked 
|   2|0x0000000081e00000, 0x0000000081f00000, 0x0000000081f00000|100%| O|  |TAMS 0x0000000081f00000, 0x0000000081e00000| Untracked 
|   3|0x0000000081f00000, 0x0000000082000000, 0x0000000082000000|100%| O|  |TAMS 0x0000000082000000, 0x0000000081f00000| Untracked 
|   4|0x0000000082000000, 0x0000000082100000, 0x0000000082100000|100%| O|  |TAMS 0x0000000082100000, 0x0000000082000000| Untracked 
|   5|0x0000000082100000, 0x0000000082200000, 0x0000000082200000|100%| O|  |TAMS 0x0000000082200000, 0x0000000082100000| Untracked 
|   6|0x0000000082200000, 0x0000000082300000, 0x0000000082300000|100%| O|  |TAMS 0x0000000082300000, 0x0000000082200000| Untracked 
|   7|0x0000000082300000, 0x0000000082400000, 0x0000000082400000|100%| O|  |TAMS 0x0000000082400000, 0x0000000082300000| Untracked 
|   8|0x0000000082400000, 0x0000000082500000, 0x0000000082500000|100%| O|  |TAMS 0x0000000082500000, 0x0000000082400000| Untracked 
|   9|0x0000000082500000, 0x0000000082600000, 0x0000000082600000|100%| O|  |TAMS 0x0000000082600000, 0x0000000082500000| Untracked 
|  10|0x0000000082600000, 0x0000000082700000, 0x0000000082700000|100%| O|  |TAMS 0x0000000082700000, 0x0000000082600000| Untracked 
|  11|0x0000000082700000, 0x0000000082800000, 0x0000000082800000|100%| O|  |TAMS 0x0000000082800000, 0x0000000082700000| Untracked 
|  12|0x0000000082800000, 0x0000000082900000, 0x0000000082900000|100%| O|  |TAMS 0x0000000082800000, 0x0000000082800000| Untracked 
|  13|0x0000000082900000, 0x0000000082a00000, 0x0000000082a00000|100%| O|  |TAMS 0x0000000082a00000, 0x0000000082900000| Untracked 
|  14|0x0000000082a00000, 0x0000000082b00000, 0x0000000082b00000|100%| O|  |TAMS 0x0000000082b00000, 0x0000000082a00000| Untracked 
|  15|0x0000000082b00000, 0x0000000082c00000, 0x0000000082c00000|100%| O|  |TAMS 0x0000000082c00000, 0x0000000082b00000| Untracked 
|  16|0x0000000082c00000, 0x0000000082d00000, 0x0000000082d00000|100%| O|  |TAMS 0x0000000082d00000, 0x0000000082c00000| Untracked 
|  17|0x0000000082d00000, 0x0000000082e00000, 0x0000000082e00000|100%| O|  |TAMS 0x0000000082e00000, 0x0000000082d00000| Untracked 
|  18|0x0000000082e00000, 0x0000000082f00000, 0x0000000082f00000|100%| O|  |TAMS 0x0000000082f00000, 0x0000000082e00000| Untracked 
|  19|0x0000000082f00000, 0x0000000083000000, 0x0000000083000000|100%| O|  |TAMS 0x0000000083000000, 0x0000000082f00000| Untracked 
|  20|0x0000000083000000, 0x0000000083100000, 0x0000000083100000|100%| O|  |TAMS 0x0000000083100000, 0x0000000083000000| Untracked 
|  21|0x0000000083100000, 0x0000000083200000, 0x0000000083200000|100%| O|  |TAMS 0x0000000083200000, 0x0000000083100000| Untracked 
|  22|0x0000000083200000, 0x0000000083300000, 0x0000000083300000|100%| O|  |TAMS 0x0000000083300000, 0x0000000083200000| Untracked 
|  23|0x0000000083300000, 0x0000000083400000, 0x0000000083400000|100%| O|  |TAMS 0x0000000083400000, 0x0000000083300000| Untracked 
|  24|0x0000000083400000, 0x0000000083500000, 0x0000000083500000|100%| O|  |TAMS 0x0000000083500000, 0x0000000083400000| Untracked 
|  25|0x0000000083500000, 0x0000000083600000, 0x0000000083600000|100%| O|  |TAMS 0x0000000083600000, 0x0000000083500000| Untracked 
|  26|0x0000000083600000, 0x0000000083700000, 0x0000000083700000|100%| O|  |TAMS 0x0000000083700000, 0x0000000083600000| Untracked 
|  27|0x0000000083700000, 0x0000000083800000, 0x0000000083800000|100%| O|  |TAMS 0x0000000083800000, 0x0000000083700000| Untracked 
|  28|0x0000000083800000, 0x0000000083900000, 0x0000000083900000|100%| O|  |TAMS 0x0000000083900000, 0x0000000083800000| Untracked 
|  29|0x0000000083900000, 0x0000000083a00000, 0x0000000083a00000|100%| O|  |TAMS 0x0000000083a00000, 0x0000000083900000| Untracked 
|  30|0x0000000083a00000, 0x0000000083b00000, 0x0000000083b00000|100%| O|  |TAMS 0x0000000083b00000, 0x0000000083a00000| Untracked 
|  31|0x0000000083b00000, 0x0000000083c00000, 0x0000000083c00000|100%| O|  |TAMS 0x0000000083c00000, 0x0000000083b00000| Untracked 
|  32|0x0000000083c00000, 0x0000000083d00000, 0x0000000083d00000|100%| O|  |TAMS 0x0000000083d00000, 0x0000000083c00000| Untracked 
|  33|0x0000000083d00000, 0x0000000083e00000, 0x0000000083e00000|100%| O|  |TAMS 0x0000000083e00000, 0x0000000083d00000| Untracked 
|  34|0x0000000083e00000, 0x0000000083f00000, 0x0000000083f00000|100%| O|  |TAMS 0x0000000083f00000, 0x0000000083e00000| Untracked 
|  35|0x0000000083f00000, 0x0000000084000000, 0x0000000084000000|100%| O|  |TAMS 0x0000000084000000, 0x0000000083f00000| Untracked 
|  36|0x0000000084000000, 0x0000000084100000, 0x0000000084100000|100%| O|  |TAMS 0x0000000084100000, 0x0000000084000000| Untracked 
|  37|0x0000000084100000, 0x0000000084200000, 0x0000000084200000|100%| O|  |TAMS 0x0000000084200000, 0x0000000084100000| Untracked 
|  38|0x0000000084200000, 0x0000000084300000, 0x0000000084300000|100%| O|  |TAMS 0x0000000084300000, 0x0000000084200000| Untracked 
|  39|0x0000000084300000, 0x0000000084400000, 0x0000000084400000|100%| O|  |TAMS 0x0000000084400000, 0x0000000084300000| Untracked 
|  40|0x0000000084400000, 0x0000000084500000, 0x0000000084500000|100%| O|  |TAMS 0x0000000084500000, 0x0000000084400000| Untracked 
|  41|0x0000000084500000, 0x0000000084600000, 0x0000000084600000|100%| O|  |TAMS 0x000000008454de00, 0x0000000084500000| Untracked 
|  42|0x0000000084600000, 0x0000000084700000, 0x0000000084700000|100%| O|  |TAMS 0x0000000084600000, 0x0000000084600000| Untracked 
|  43|0x0000000084700000, 0x0000000084800000, 0x0000000084800000|100%| O|  |TAMS 0x0000000084700000, 0x0000000084700000| Untracked 
|  44|0x0000000084800000, 0x0000000084900000, 0x0000000084900000|100%| O|  |TAMS 0x0000000084800000, 0x0000000084800000| Untracked 
|  45|0x0000000084900000, 0x0000000084a00000, 0x0000000084a00000|100%| O|  |TAMS 0x0000000084900000, 0x0000000084900000| Untracked 
|  46|0x0000000084a00000, 0x0000000084b00000, 0x0000000084b00000|100%| O|  |TAMS 0x0000000084a00000, 0x0000000084a00000| Untracked 
|  47|0x0000000084b00000, 0x0000000084c00000, 0x0000000084c00000|100%| O|  |TAMS 0x0000000084b00000, 0x0000000084b00000| Untracked 
|  48|0x0000000084c00000, 0x0000000084d00000, 0x0000000084d00000|100%| O|  |TAMS 0x0000000084c00000, 0x0000000084c00000| Untracked 
|  49|0x0000000084d00000, 0x0000000084e00000, 0x0000000084e00000|100%| O|  |TAMS 0x0000000084d00000, 0x0000000084d00000| Untracked 
|  50|0x0000000084e00000, 0x0000000084f00000, 0x0000000084f00000|100%| O|  |TAMS 0x0000000084e00000, 0x0000000084e00000| Untracked 
|  51|0x0000000084f00000, 0x0000000085000000, 0x0000000085000000|100%| O|  |TAMS 0x0000000084f00000, 0x0000000084f00000| Untracked 
|  52|0x0000000085000000, 0x0000000085100000, 0x0000000085100000|100%| O|  |TAMS 0x0000000085000000, 0x0000000085000000| Untracked 
|  53|0x0000000085100000, 0x0000000085200000, 0x0000000085200000|100%| O|  |TAMS 0x0000000085100000, 0x0000000085100000| Untracked 
|  54|0x0000000085200000, 0x0000000085300000, 0x0000000085300000|100%| O|  |TAMS 0x0000000085200000, 0x0000000085200000| Untracked 
|  55|0x0000000085300000, 0x0000000085400000, 0x0000000085400000|100%| O|  |TAMS 0x0000000085300000, 0x0000000085300000| Untracked 
|  56|0x0000000085400000, 0x0000000085500000, 0x0000000085500000|100%| O|  |TAMS 0x0000000085400000, 0x0000000085400000| Untracked 
|  57|0x0000000085500000, 0x0000000085600000, 0x0000000085600000|100%| O|  |TAMS 0x0000000085500000, 0x0000000085500000| Untracked 
|  58|0x0000000085600000, 0x0000000085700000, 0x0000000085700000|100%| O|  |TAMS 0x0000000085600000, 0x0000000085600000| Untracked 
|  59|0x0000000085700000, 0x0000000085800000, 0x0000000085800000|100%| O|  |TAMS 0x0000000085700000, 0x0000000085700000| Untracked 
|  60|0x0000000085800000, 0x0000000085900000, 0x0000000085900000|100%| O|  |TAMS 0x0000000085800000, 0x0000000085800000| Untracked 
|  61|0x0000000085900000, 0x00000000859a6000, 0x0000000085a00000| 64%| O|  |TAMS 0x0000000085900000, 0x0000000085900000| Untracked 
|  62|0x0000000085a00000, 0x0000000085a00000, 0x0000000085b00000|  0%| F|  |TAMS 0x0000000085a00000, 0x0000000085a00000| Untracked 
|  63|0x0000000085b00000, 0x0000000085b00000, 0x0000000085c00000|  0%| F|  |TAMS 0x0000000085b00000, 0x0000000085b00000| Untracked 
|  64|0x0000000085c00000, 0x0000000085c00000, 0x0000000085d00000|  0%| F|  |TAMS 0x0000000085c00000, 0x0000000085c00000| Untracked 
|  65|0x0000000085d00000, 0x0000000085d00000, 0x0000000085e00000|  0%| F|  |TAMS 0x0000000085d00000, 0x0000000085d00000| Untracked 
|  66|0x0000000085e00000, 0x0000000085e00000, 0x0000000085f00000|  0%| F|  |TAMS 0x0000000085e00000, 0x0000000085e00000| Untracked 
|  67|0x0000000085f00000, 0x0000000085f00000, 0x0000000086000000|  0%| F|  |TAMS 0x0000000085f00000, 0x0000000085f00000| Untracked 
|  68|0x0000000086000000, 0x0000000086000000, 0x0000000086100000|  0%| F|  |TAMS 0x0000000086000000, 0x0000000086000000| Untracked 
|  69|0x0000000086100000, 0x0000000086100000, 0x0000000086200000|  0%| F|  |TAMS 0x0000000086100000, 0x0000000086100000| Untracked 
|  70|0x0000000086200000, 0x0000000086200000, 0x0000000086300000|  0%| F|  |TAMS 0x0000000086200000, 0x0000000086200000| Untracked 
|  71|0x0000000086300000, 0x0000000086300000, 0x0000000086400000|  0%| F|  |TAMS 0x0000000086300000, 0x0000000086300000| Untracked 
|  72|0x0000000086400000, 0x0000000086400000, 0x0000000086500000|  0%| F|  |TAMS 0x0000000086400000, 0x0000000086400000| Untracked 
|  73|0x0000000086500000, 0x0000000086500000, 0x0000000086600000|  0%| F|  |TAMS 0x0000000086500000, 0x0000000086500000| Untracked 
|  74|0x0000000086600000, 0x0000000086600000, 0x0000000086700000|  0%| F|  |TAMS 0x0000000086600000, 0x0000000086600000| Untracked 
|  75|0x0000000086700000, 0x0000000086700000, 0x0000000086800000|  0%| F|  |TAMS 0x0000000086700000, 0x0000000086700000| Untracked 
|  76|0x0000000086800000, 0x0000000086800000, 0x0000000086900000|  0%| F|  |TAMS 0x0000000086800000, 0x0000000086800000| Untracked 
|  77|0x0000000086900000, 0x0000000086900000, 0x0000000086a00000|  0%| F|  |TAMS 0x0000000086900000, 0x0000000086900000| Untracked 
|  78|0x0000000086a00000, 0x0000000086a00000, 0x0000000086b00000|  0%| F|  |TAMS 0x0000000086a00000, 0x0000000086a00000| Untracked 
|  79|0x0000000086b00000, 0x0000000086b00000, 0x0000000086c00000|  0%| F|  |TAMS 0x0000000086b00000, 0x0000000086b00000| Untracked 
|  80|0x0000000086c00000, 0x0000000086c00000, 0x0000000086d00000|  0%| F|  |TAMS 0x0000000086c00000, 0x0000000086c00000| Untracked 
|  81|0x0000000086d00000, 0x0000000086d00000, 0x0000000086e00000|  0%| F|  |TAMS 0x0000000086d00000, 0x0000000086d00000| Untracked 
|  82|0x0000000086e00000, 0x0000000086e00000, 0x0000000086f00000|  0%| F|  |TAMS 0x0000000086e00000, 0x0000000086e00000| Untracked 
|  83|0x0000000086f00000, 0x0000000086f00000, 0x0000000087000000|  0%| F|  |TAMS 0x0000000086f00000, 0x0000000086f00000| Untracked 
|  84|0x0000000087000000, 0x0000000087000000, 0x0000000087100000|  0%| F|  |TAMS 0x0000000087000000, 0x0000000087000000| Untracked 
|  85|0x0000000087100000, 0x000000008711f418, 0x0000000087200000| 12%| S|CS|TAMS 0x0000000087100000, 0x0000000087100000| Complete 
|  86|0x0000000087200000, 0x0000000087300000, 0x0000000087300000|100%| S|CS|TAMS 0x0000000087200000, 0x0000000087200000| Complete 
|  87|0x0000000087300000, 0x0000000087400000, 0x0000000087400000|100%| S|CS|TAMS 0x0000000087300000, 0x0000000087300000| Complete 
|  88|0x0000000087400000, 0x0000000087500000, 0x0000000087500000|100%| S|CS|TAMS 0x0000000087400000, 0x0000000087400000| Complete 
|  89|0x0000000087500000, 0x0000000087500000, 0x0000000087600000|  0%| F|  |TAMS 0x0000000087500000, 0x0000000087500000| Untracked 
|  90|0x0000000087600000, 0x0000000087600000, 0x0000000087700000|  0%| F|  |TAMS 0x0000000087600000, 0x0000000087600000| Untracked 
|  91|0x0000000087700000, 0x0000000087700000, 0x0000000087800000|  0%| F|  |TAMS 0x0000000087700000, 0x0000000087700000| Untracked 
|  92|0x0000000087800000, 0x0000000087800000, 0x0000000087900000|  0%| F|  |TAMS 0x0000000087800000, 0x0000000087800000| Untracked 
|  93|0x0000000087900000, 0x0000000087900000, 0x0000000087a00000|  0%| F|  |TAMS 0x0000000087900000, 0x0000000087900000| Untracked 
|  94|0x0000000087a00000, 0x0000000087a00000, 0x0000000087b00000|  0%| F|  |TAMS 0x0000000087a00000, 0x0000000087a00000| Untracked 
|  95|0x0000000087b00000, 0x0000000087b00000, 0x0000000087c00000|  0%| F|  |TAMS 0x0000000087b00000, 0x0000000087b00000| Untracked 
|  96|0x0000000087c00000, 0x0000000087c00000, 0x0000000087d00000|  0%| F|  |TAMS 0x0000000087c00000, 0x0000000087c00000| Untracked 
|  97|0x0000000087d00000, 0x0000000087d00000, 0x0000000087e00000|  0%| F|  |TAMS 0x0000000087d00000, 0x0000000087d00000| Untracked 
|  98|0x0000000087e00000, 0x0000000087e00000, 0x0000000087f00000|  0%| F|  |TAMS 0x0000000087e00000, 0x0000000087e00000| Untracked 
|  99|0x0000000087f00000, 0x0000000087f00000, 0x0000000088000000|  0%| F|  |TAMS 0x0000000087f00000, 0x0000000087f00000| Untracked 
| 100|0x0000000088000000, 0x0000000088000000, 0x0000000088100000|  0%| F|  |TAMS 0x0000000088000000, 0x0000000088000000| Untracked 
| 101|0x0000000088100000, 0x0000000088100000, 0x0000000088200000|  0%| F|  |TAMS 0x0000000088100000, 0x0000000088100000| Untracked 
| 102|0x0000000088200000, 0x0000000088200000, 0x0000000088300000|  0%| F|  |TAMS 0x0000000088200000, 0x0000000088200000| Untracked 
| 103|0x0000000088300000, 0x0000000088300000, 0x0000000088400000|  0%| F|  |TAMS 0x0000000088300000, 0x0000000088300000| Untracked 
| 104|0x0000000088400000, 0x0000000088400000, 0x0000000088500000|  0%| F|  |TAMS 0x0000000088400000, 0x0000000088400000| Untracked 
| 105|0x0000000088500000, 0x0000000088500000, 0x0000000088600000|  0%| F|  |TAMS 0x0000000088500000, 0x0000000088500000| Untracked 
| 106|0x0000000088600000, 0x0000000088600000, 0x0000000088700000|  0%| F|  |TAMS 0x0000000088600000, 0x0000000088600000| Untracked 
| 107|0x0000000088700000, 0x0000000088700000, 0x0000000088800000|  0%| F|  |TAMS 0x0000000088700000, 0x0000000088700000| Untracked 
| 108|0x0000000088800000, 0x0000000088800000, 0x0000000088900000|  0%| F|  |TAMS 0x0000000088800000, 0x0000000088800000| Untracked 
| 109|0x0000000088900000, 0x0000000088900000, 0x0000000088a00000|  0%| F|  |TAMS 0x0000000088900000, 0x0000000088900000| Untracked 
| 110|0x0000000088a00000, 0x0000000088a00000, 0x0000000088b00000|  0%| F|  |TAMS 0x0000000088a00000, 0x0000000088a00000| Untracked 
| 111|0x0000000088b00000, 0x0000000088b00000, 0x0000000088c00000|  0%| F|  |TAMS 0x0000000088b00000, 0x0000000088b00000| Untracked 
| 112|0x0000000088c00000, 0x0000000088c00000, 0x0000000088d00000|  0%| F|  |TAMS 0x0000000088c00000, 0x0000000088c00000| Untracked 
| 113|0x0000000088d00000, 0x0000000088d00000, 0x0000000088e00000|  0%| F|  |TAMS 0x0000000088d00000, 0x0000000088d00000| Untracked 
| 114|0x0000000088e00000, 0x0000000088e00000, 0x0000000088f00000|  0%| F|  |TAMS 0x0000000088e00000, 0x0000000088e00000| Untracked 
| 115|0x0000000088f00000, 0x0000000088f00000, 0x0000000089000000|  0%| F|  |TAMS 0x0000000088f00000, 0x0000000088f00000| Untracked 
| 116|0x0000000089000000, 0x0000000089000000, 0x0000000089100000|  0%| F|  |TAMS 0x0000000089000000, 0x0000000089000000| Untracked 
| 117|0x0000000089100000, 0x0000000089100000, 0x0000000089200000|  0%| F|  |TAMS 0x0000000089100000, 0x0000000089100000| Untracked 
| 118|0x0000000089200000, 0x0000000089200000, 0x0000000089300000|  0%| F|  |TAMS 0x0000000089200000, 0x0000000089200000| Untracked 
| 119|0x0000000089300000, 0x0000000089300000, 0x0000000089400000|  0%| F|  |TAMS 0x0000000089300000, 0x0000000089300000| Untracked 
| 120|0x0000000089400000, 0x0000000089400000, 0x0000000089500000|  0%| F|  |TAMS 0x0000000089400000, 0x0000000089400000| Untracked 
| 121|0x0000000089500000, 0x0000000089500000, 0x0000000089600000|  0%| F|  |TAMS 0x0000000089500000, 0x0000000089500000| Untracked 
| 122|0x0000000089600000, 0x0000000089600000, 0x0000000089700000|  0%| F|  |TAMS 0x0000000089600000, 0x0000000089600000| Untracked 
| 123|0x0000000089700000, 0x0000000089800000, 0x0000000089800000|100%| E|  |TAMS 0x0000000089700000, 0x0000000089700000| Complete 
| 124|0x0000000089800000, 0x0000000089900000, 0x0000000089900000|100%| E|CS|TAMS 0x0000000089800000, 0x0000000089800000| Complete 
| 125|0x0000000089900000, 0x0000000089a00000, 0x0000000089a00000|100%| E|CS|TAMS 0x0000000089900000, 0x0000000089900000| Complete 
| 126|0x0000000089a00000, 0x0000000089b00000, 0x0000000089b00000|100%| E|CS|TAMS 0x0000000089a00000, 0x0000000089a00000| Complete 
| 127|0x0000000089b00000, 0x0000000089c00000, 0x0000000089c00000|100%| E|CS|TAMS 0x0000000089b00000, 0x0000000089b00000| Complete 
| 128|0x0000000089c00000, 0x0000000089d00000, 0x0000000089d00000|100%| E|CS|TAMS 0x0000000089c00000, 0x0000000089c00000| Complete 
| 129|0x0000000089d00000, 0x0000000089e00000, 0x0000000089e00000|100%| E|CS|TAMS 0x0000000089d00000, 0x0000000089d00000| Complete 
| 130|0x0000000089e00000, 0x0000000089f00000, 0x0000000089f00000|100%| E|CS|TAMS 0x0000000089e00000, 0x0000000089e00000| Complete 
| 131|0x0000000089f00000, 0x000000008a000000, 0x000000008a000000|100%| E|CS|TAMS 0x0000000089f00000, 0x0000000089f00000| Complete 
| 132|0x000000008a000000, 0x000000008a100000, 0x000000008a100000|100%| E|CS|TAMS 0x000000008a000000, 0x000000008a000000| Complete 
| 133|0x000000008a100000, 0x000000008a200000, 0x000000008a200000|100%| E|CS|TAMS 0x000000008a100000, 0x000000008a100000| Complete 
| 134|0x000000008a200000, 0x000000008a300000, 0x000000008a300000|100%| E|CS|TAMS 0x000000008a200000, 0x000000008a200000| Complete 
| 135|0x000000008a300000, 0x000000008a400000, 0x000000008a400000|100%| E|CS|TAMS 0x000000008a300000, 0x000000008a300000| Complete 
| 136|0x000000008a400000, 0x000000008a500000, 0x000000008a500000|100%| E|CS|TAMS 0x000000008a400000, 0x000000008a400000| Complete 
| 137|0x000000008a500000, 0x000000008a600000, 0x000000008a600000|100%| E|CS|TAMS 0x000000008a500000, 0x000000008a500000| Complete 
| 138|0x000000008a600000, 0x000000008a700000, 0x000000008a700000|100%| E|CS|TAMS 0x000000008a600000, 0x000000008a600000| Complete 
| 139|0x000000008a700000, 0x000000008a800000, 0x000000008a800000|100%| E|CS|TAMS 0x000000008a700000, 0x000000008a700000| Complete 
| 140|0x000000008a800000, 0x000000008a900000, 0x000000008a900000|100%| E|CS|TAMS 0x000000008a800000, 0x000000008a800000| Complete 
| 141|0x000000008a900000, 0x000000008aa00000, 0x000000008aa00000|100%| E|CS|TAMS 0x000000008a900000, 0x000000008a900000| Complete 
| 142|0x000000008aa00000, 0x000000008ab00000, 0x000000008ab00000|100%| E|CS|TAMS 0x000000008aa00000, 0x000000008aa00000| Complete 
| 143|0x000000008ab00000, 0x000000008ac00000, 0x000000008ac00000|100%| E|CS|TAMS 0x000000008ab00000, 0x000000008ab00000| Complete 
| 144|0x000000008ac00000, 0x000000008ad00000, 0x000000008ad00000|100%| E|CS|TAMS 0x000000008ac00000, 0x000000008ac00000| Complete 
| 145|0x000000008ad00000, 0x000000008ae00000, 0x000000008ae00000|100%| E|CS|TAMS 0x000000008ad00000, 0x000000008ad00000| Complete 
| 146|0x000000008ae00000, 0x000000008af00000, 0x000000008af00000|100%| E|CS|TAMS 0x000000008ae00000, 0x000000008ae00000| Complete 
| 147|0x000000008af00000, 0x000000008b000000, 0x000000008b000000|100%| E|CS|TAMS 0x000000008af00000, 0x000000008af00000| Complete 

Card table byte_map: [0x0000017abcc90000,0x0000017abd090000] _byte_map_base: 0x0000017abc882000

Marking Bits (Prev, Next): (CMBitMap*) 0x0000017aaa24efa0, (CMBitMap*) 0x0000017aaa24ef60
 Prev Bits: [0x0000017abf420000, 0x0000017ac13b0000)
 Next Bits: [0x0000017abd490000, 0x0000017abf420000)

Polling page: 0x0000017aa8090000

Metaspace:

Usage:
  Non-class:     69.62 MB used.
      Class:     10.05 MB used.
       Both:     79.67 MB used.

Virtual space:
  Non-class space:       72.00 MB reserved,      69.88 MB ( 97%) committed,  9 nodes.
      Class space:        1.00 GB reserved,      10.31 MB (  1%) committed,  1 nodes.
             Both:        1.07 GB reserved,      80.19 MB (  7%) committed. 

Chunk freelists:
   Non-Class:  320.00 KB
       Class:  1.60 MB
        Both:  1.92 MB

MaxMetaspaceSize: unlimited
CompressedClassSpaceSize: 1.00 GB
Initial GC threshold: 21.00 MB
Current GC threshold: 103.44 MB
CDS: off
MetaspaceReclaimPolicy: balanced
 - commit_granule_bytes: 65536.
 - commit_granule_words: 8192.
 - virtual_space_node_default_size: 1048576.
 - enlarge_chunks_in_place: 1.
 - new_chunks_are_fully_committed: 0.
 - uncommit_free_chunks: 1.
 - use_allocation_guard: 0.
 - handle_deallocations: 1.


Internal statistics:

num_allocs_failed_limit: 6.
num_arena_births: 814.
num_arena_deaths: 2.
num_vsnodes_births: 10.
num_vsnodes_deaths: 0.
num_space_committed: 1283.
num_space_uncommitted: 0.
num_chunks_returned_to_freelist: 9.
num_chunks_taken_from_freelist: 3602.
num_chunk_merges: 3.
num_chunk_splits: 2348.
num_chunks_enlarged: 1657.
num_purges: 2.
num_inconsistent_stats: 0.

CodeHeap 'non-profiled nmethods': size=120000Kb used=6092Kb max_used=6893Kb free=113907Kb
 bounds [0x0000017ab5360000, 0x0000017ab5a40000, 0x0000017abc890000]
CodeHeap 'profiled nmethods': size=120000Kb used=16001Kb max_used=16047Kb free=103998Kb
 bounds [0x0000017aade30000, 0x0000017aaede0000, 0x0000017ab5360000]
CodeHeap 'non-nmethods': size=5760Kb used=1343Kb max_used=1418Kb free=4416Kb
 bounds [0x0000017aad890000, 0x0000017aadb00000, 0x0000017aade30000]
 total_blobs=8622 nmethods=8045 adapters=488
 compilation: enabled
              stopped_count=0, restarted_count=0
 full_count=0

Compilation events (20 events):
Event: 39.037 Thread 0x0000017ac44643a0 9882       1       org.springframework.transaction.interceptor.DefaultTransactionAttribute::setQualifier (6 bytes)
Event: 39.037 Thread 0x0000017ac44643a0 nmethod 9882 0x0000017ab59c4990 code [0x0000017ab59c4b20, 0x0000017ab59c4c38]
Event: 39.037 Thread 0x0000017ac44643a0 9883       1       org.springframework.transaction.interceptor.DefaultTransactionAttribute::setLabels (6 bytes)
Event: 39.037 Thread 0x0000017ac44643a0 nmethod 9883 0x0000017ab59c4610 code [0x0000017ab59c47a0, 0x0000017ab59c48b8]
Event: 39.037 Thread 0x0000017ac44643a0 9884       1       org.springframework.transaction.interceptor.RuleBasedTransactionAttribute::setRollbackRules (6 bytes)
Event: 39.037 Thread 0x0000017ac44643a0 nmethod 9884 0x0000017ab575c510 code [0x0000017ab575c6a0, 0x0000017ab575c7b8]
Event: 39.039 Thread 0x0000017ac44643a0 9886 %     3       org.springframework.asm.Type::getArgumentsAndReturnSizes @ 10 (140 bytes)
Event: 39.042 Thread 0x0000017aca81b0b0 nmethod 9864 0x0000017ab542e790 code [0x0000017ab542e960, 0x0000017ab542f3c8]
Event: 39.042 Thread 0x0000017aca81b0b0 9805       4       java.util.Spliterators$IteratorSpliterator::<init> (39 bytes)
Event: 39.043 Thread 0x0000017ac44643a0 nmethod 9886% 0x0000017aae2e0e10 code [0x0000017aae2e1240, 0x0000017aae2e31f8]
Event: 39.044 Thread 0x0000017ac44643a0 9887       2       org.springframework.cglib.core.CodeEmitter::arraylength (11 bytes)
Event: 39.044 Thread 0x0000017ac44643a0 nmethod 9887 0x0000017aae2e0a10 code [0x0000017aae2e0ba0, 0x0000017aae2e0ce8]
Event: 39.044 Thread 0x0000017aca81b0b0 nmethod 9805 0x0000017ab575c110 code [0x0000017ab575c280, 0x0000017ab575c458]
Event: 39.045 Thread 0x0000017aca81b0b0 9806       4       java.util.LinkedHashSet::spliterator (7 bytes)
Event: 39.046 Thread 0x0000017aca81b0b0 nmethod 9806 0x0000017ab575bd90 code [0x0000017ab575bf20, 0x0000017ab575c018]
Event: 39.046 Thread 0x0000017aca81b0b0 9789       4       org.springframework.core.annotation.AnnotationFilter::matches (13 bytes)
Event: 39.059 Thread 0x0000017aca81b0b0 nmethod 9789 0x0000017ab5946510 code [0x0000017ab59466c0, 0x0000017ab5946b88]
Event: 39.059 Thread 0x0000017aca81b0b0 9750       4       java.util.HashSet::size (8 bytes)
Event: 39.060 Thread 0x0000017aca81b0b0 nmethod 9750 0x0000017ab575ba90 code [0x0000017ab575bc00, 0x0000017ab575bc98]
Event: 39.060 Thread 0x0000017aca81b0b0 9848       4       java.lang.reflect.Field::hashCode (19 bytes)

GC Heap History (20 events):
Event: 27.442 GC heap before
{Heap before GC invocations=37 (full 0):
 garbage-first heap   total 75776K, used 42432K [0x0000000081c00000, 0x0000000100000000)
  region size 1024K, 3 young (3072K), 2 survivors (2048K)
 Metaspace       used 61232K, committed 61632K, reserved 1105920K
  class space    used 7675K, committed 7872K, reserved 1048576K
}
Event: 27.446 GC heap after
{Heap after GC invocations=38 (full 0):
 garbage-first heap   total 75776K, used 41584K [0x0000000081c00000, 0x0000000100000000)
  region size 1024K, 1 young (1024K), 1 survivors (1024K)
 Metaspace       used 61232K, committed 61632K, reserved 1105920K
  class space    used 7675K, committed 7872K, reserved 1048576K
}
Event: 28.956 GC heap before
{Heap before GC invocations=38 (full 0):
 garbage-first heap   total 75776K, used 62064K [0x0000000081c00000, 0x0000000100000000)
  region size 1024K, 21 young (21504K), 1 survivors (1024K)
 Metaspace       used 63079K, committed 63488K, reserved 1105920K
  class space    used 7922K, committed 8128K, reserved 1048576K
}
Event: 28.959 GC heap after
{Heap after GC invocations=39 (full 0):
 garbage-first heap   total 75776K, used 42073K [0x0000000081c00000, 0x0000000100000000)
  region size 1024K, 1 young (1024K), 1 survivors (1024K)
 Metaspace       used 63079K, committed 63488K, reserved 1105920K
  class space    used 7922K, committed 8128K, reserved 1048576K
}
Event: 29.710 GC heap before
{Heap before GC invocations=40 (full 0):
 garbage-first heap   total 75776K, used 62553K [0x0000000081c00000, 0x0000000100000000)
  region size 1024K, 21 young (21504K), 1 survivors (1024K)
 Metaspace       used 65102K, committed 65536K, reserved 1114112K
  class space    used 8239K, committed 8448K, reserved 1048576K
}
Event: 29.715 GC heap after
{Heap after GC invocations=41 (full 0):
 garbage-first heap   total 75776K, used 43138K [0x0000000081c00000, 0x0000000100000000)
  region size 1024K, 2 young (2048K), 2 survivors (2048K)
 Metaspace       used 65102K, committed 65536K, reserved 1114112K
  class space    used 8239K, committed 8448K, reserved 1048576K
}
Event: 30.226 GC heap before
{Heap before GC invocations=41 (full 0):
 garbage-first heap   total 75776K, used 62594K [0x0000000081c00000, 0x0000000100000000)
  region size 1024K, 21 young (21504K), 2 survivors (2048K)
 Metaspace       used 66853K, committed 67264K, reserved 1114112K
  class space    used 8452K, committed 8640K, reserved 1048576K
}
Event: 30.232 GC heap after
{Heap after GC invocations=42 (full 0):
 garbage-first heap   total 75776K, used 45198K [0x0000000081c00000, 0x0000000100000000)
  region size 1024K, 3 young (3072K), 3 survivors (3072K)
 Metaspace       used 66853K, committed 67264K, reserved 1114112K
  class space    used 8452K, committed 8640K, reserved 1048576K
}
Event: 30.908 GC heap before
{Heap before GC invocations=42 (full 0):
 garbage-first heap   total 75776K, used 61582K [0x0000000081c00000, 0x0000000100000000)
  region size 1024K, 20 young (20480K), 3 survivors (3072K)
 Metaspace       used 67935K, committed 68352K, reserved 1114112K
  class space    used 8573K, committed 8768K, reserved 1048576K
}
Event: 30.917 GC heap after
{Heap after GC invocations=43 (full 0):
 garbage-first heap   total 151552K, used 47527K [0x0000000081c00000, 0x0000000100000000)
  region size 1024K, 3 young (3072K), 3 survivors (3072K)
 Metaspace       used 67935K, committed 68352K, reserved 1114112K
  class space    used 8573K, committed 8768K, reserved 1048576K
}
Event: 32.957 GC heap before
{Heap before GC invocations=43 (full 0):
 garbage-first heap   total 151552K, used 117159K [0x0000000081c00000, 0x0000000100000000)
  region size 1024K, 72 young (73728K), 3 survivors (3072K)
 Metaspace       used 72037K, committed 72512K, reserved 1114112K
  class space    used 9113K, committed 9344K, reserved 1048576K
}
Event: 32.972 GC heap after
{Heap after GC invocations=44 (full 0):
 garbage-first heap   total 151552K, used 53725K [0x0000000081c00000, 0x0000000100000000)
  region size 1024K, 9 young (9216K), 9 survivors (9216K)
 Metaspace       used 72037K, committed 72512K, reserved 1114112K
  class space    used 9113K, committed 9344K, reserved 1048576K
}
Event: 34.565 GC heap before
{Heap before GC invocations=44 (full 0):
 garbage-first heap   total 151552K, used 116189K [0x0000000081c00000, 0x0000000100000000)
  region size 1024K, 70 young (71680K), 9 survivors (9216K)
 Metaspace       used 74045K, committed 74496K, reserved 1122304K
  class space    used 9337K, committed 9536K, reserved 1048576K
}
Event: 34.581 GC heap after
{Heap after GC invocations=45 (full 0):
 garbage-first heap   total 151552K, used 57220K [0x0000000081c00000, 0x0000000100000000)
  region size 1024K, 4 young (4096K), 4 survivors (4096K)
 Metaspace       used 74045K, committed 74496K, reserved 1122304K
  class space    used 9337K, committed 9536K, reserved 1048576K
}
Event: 35.941 GC heap before
{Heap before GC invocations=45 (full 0):
 garbage-first heap   total 151552K, used 119684K [0x0000000081c00000, 0x0000000100000000)
  region size 1024K, 65 young (66560K), 4 survivors (4096K)
 Metaspace       used 75843K, committed 76288K, reserved 1122304K
  class space    used 9510K, committed 9728K, reserved 1048576K
}
Event: 35.960 GC heap after
{Heap after GC invocations=46 (full 0):
 garbage-first heap   total 151552K, used 63054K [0x0000000081c00000, 0x0000000100000000)
  region size 1024K, 9 young (9216K), 9 survivors (9216K)
 Metaspace       used 75843K, committed 76288K, reserved 1122304K
  class space    used 9510K, committed 9728K, reserved 1048576K
}
Event: 37.135 GC heap before
{Heap before GC invocations=46 (full 0):
 garbage-first heap   total 151552K, used 121422K [0x0000000081c00000, 0x0000000100000000)
  region size 1024K, 66 young (67584K), 9 survivors (9216K)
 Metaspace       used 79214K, committed 79744K, reserved 1122304K
  class space    used 10082K, committed 10304K, reserved 1048576K
}
Event: 37.148 GC heap after
{Heap after GC invocations=47 (full 0):
 garbage-first heap   total 151552K, used 64953K [0x0000000081c00000, 0x0000000100000000)
  region size 1024K, 2 young (2048K), 2 survivors (2048K)
 Metaspace       used 79214K, committed 79744K, reserved 1122304K
  class space    used 10082K, committed 10304K, reserved 1048576K
}
Event: 38.718 GC heap before
{Heap before GC invocations=47 (full 0):
 garbage-first heap   total 151552K, used 123321K [0x0000000081c00000, 0x0000000100000000)
  region size 1024K, 59 young (60416K), 2 survivors (2048K)
 Metaspace       used 80976K, committed 81536K, reserved 1122304K
  class space    used 10258K, committed 10496K, reserved 1048576K
}
Event: 38.724 GC heap after
{Heap after GC invocations=48 (full 0):
 garbage-first heap   total 151552K, used 66325K [0x0000000081c00000, 0x0000000100000000)
  region size 1024K, 4 young (4096K), 4 survivors (4096K)
 Metaspace       used 80976K, committed 81536K, reserved 1122304K
  class space    used 10258K, committed 10496K, reserved 1048576K
}

Deoptimization events (20 events):
Event: 39.024 Thread 0x0000017aaa1f9510 DEOPT PACKING pc=0x0000017ab59f67c8 sp=0x000000644c3f8c40
Event: 39.024 Thread 0x0000017aaa1f9510 DEOPT UNPACKING pc=0x0000017aad8e2b43 sp=0x000000644c3f8240 mode 1
Event: 39.024 Thread 0x0000017aaa1f9510 Uncommon trap: trap_request=0xffffff97 fr.pc=0x0000017ab56ad538 relative=0x0000000000001078
Event: 39.024 Thread 0x0000017aaa1f9510 Uncommon trap: reason=unhandled action=none pc=0x0000017ab56ad538 method=java.lang.Class.getMethod(Ljava/lang/String;[Ljava/lang/Class;)Ljava/lang/reflect/Method; @ 49 c2
Event: 39.024 Thread 0x0000017aaa1f9510 DEOPT PACKING pc=0x0000017ab56ad538 sp=0x000000644c3f8b70
Event: 39.024 Thread 0x0000017aaa1f9510 DEOPT UNPACKING pc=0x0000017aad8e23a3 sp=0x000000644c3f8b88 mode 2
Event: 39.025 Thread 0x0000017aaa1f9510 DEOPT PACKING pc=0x0000017ab59f67c8 sp=0x000000644c3f8c40
Event: 39.025 Thread 0x0000017aaa1f9510 DEOPT UNPACKING pc=0x0000017aad8e2b43 sp=0x000000644c3f8240 mode 1
Event: 39.025 Thread 0x0000017aaa1f9510 Uncommon trap: trap_request=0xffffff97 fr.pc=0x0000017ab56ad538 relative=0x0000000000001078
Event: 39.025 Thread 0x0000017aaa1f9510 Uncommon trap: reason=unhandled action=none pc=0x0000017ab56ad538 method=java.lang.Class.getMethod(Ljava/lang/String;[Ljava/lang/Class;)Ljava/lang/reflect/Method; @ 49 c2
Event: 39.025 Thread 0x0000017aaa1f9510 DEOPT PACKING pc=0x0000017ab56ad538 sp=0x000000644c3f8b70
Event: 39.025 Thread 0x0000017aaa1f9510 DEOPT UNPACKING pc=0x0000017aad8e23a3 sp=0x000000644c3f8b88 mode 2
Event: 39.025 Thread 0x0000017aaa1f9510 DEOPT PACKING pc=0x0000017ab59f67c8 sp=0x000000644c3f8c40
Event: 39.025 Thread 0x0000017aaa1f9510 DEOPT UNPACKING pc=0x0000017aad8e2b43 sp=0x000000644c3f8240 mode 1
Event: 39.025 Thread 0x0000017aaa1f9510 Uncommon trap: trap_request=0xffffff97 fr.pc=0x0000017ab56ad538 relative=0x0000000000001078
Event: 39.025 Thread 0x0000017aaa1f9510 Uncommon trap: reason=unhandled action=none pc=0x0000017ab56ad538 method=java.lang.Class.getMethod(Ljava/lang/String;[Ljava/lang/Class;)Ljava/lang/reflect/Method; @ 49 c2
Event: 39.025 Thread 0x0000017aaa1f9510 DEOPT PACKING pc=0x0000017ab56ad538 sp=0x000000644c3f8b70
Event: 39.025 Thread 0x0000017aaa1f9510 DEOPT UNPACKING pc=0x0000017aad8e23a3 sp=0x000000644c3f8b88 mode 2
Event: 39.025 Thread 0x0000017aaa1f9510 DEOPT PACKING pc=0x0000017ab59f67c8 sp=0x000000644c3f8c40
Event: 39.025 Thread 0x0000017aaa1f9510 DEOPT UNPACKING pc=0x0000017aad8e2b43 sp=0x000000644c3f8240 mode 1

Classes unloaded (1 events):
Event: 20.934 Thread 0x0000017ac38ce890 Unloading class 0x000000010066c000 'net/bytebuddy/mirror/AccessibleObject'

Classes redefined (0 events):
No events

Internal exceptions (20 events):
Event: 38.863 Thread 0x0000017aaa1f9510 Exception <a 'java/lang/ClassNotFoundException'{0x000000008aa655e8}: org/springframework/beans/factory/BeanNameAwareCustomizer> (0x000000008aa655e8) 
thrown [s\src\hotspot\share\classfile\systemDictionary.cpp, line 256]
Event: 38.866 Thread 0x0000017aaa1f9510 Exception <a 'java/lang/ClassNotFoundException'{0x000000008aa702e8}: org/springframework/beans/factory/AwareCustomizer> (0x000000008aa702e8) 
thrown [s\src\hotspot\share\classfile\systemDictionary.cpp, line 256]
Event: 38.868 Thread 0x0000017aaa1f9510 Exception <a 'java/lang/ClassNotFoundException'{0x000000008aa7a5e0}: org/springframework/beans/factory/InitializingBeanCustomizer> (0x000000008aa7a5e0) 
thrown [s\src\hotspot\share\classfile\systemDictionary.cpp, line 256]
Event: 38.874 Thread 0x0000017aaa1f9510 Exception <a 'java/lang/ClassNotFoundException'{0x000000008aad51d8}: java/lang/ObjectCustomizer> (0x000000008aad51d8) 
thrown [s\src\hotspot\share\classfile\systemDictionary.cpp, line 256]
Event: 38.878 Thread 0x0000017aaa1f9510 Exception <a 'java/lang/ClassNotFoundException'{0x000000008aae26c0}: com/yuzee/app/jobs/ElasticCourseExportBatchConfigCustomizer> (0x000000008aae26c0) 
thrown [s\src\hotspot\share\classfile\systemDictionary.cpp, line 256]
Event: 38.881 Thread 0x0000017aaa1f9510 Exception <a 'java/lang/ClassNotFoundException'{0x000000008aaf2ba8}: com/yuzee/app/jobs/ElasticCourseExportBatchConfig$$EnhancerBySpringCGLIB$$cd89bfccCustomizer> (0x000000008aaf2ba8) 
thrown [s\src\hotspot\share\classfile\systemDictionary.cpp, line 256]
Event: 38.884 Thread 0x0000017aaa1f9510 Exception <a 'java/lang/ClassNotFoundException'{0x000000008a9082c0}: org/springframework/context/annotation/ConfigurationClassEnhancer$EnhancedConfigurationCustomizer> (0x000000008a9082c0) 
thrown [s\src\hotspot\share\classfile\systemDictionary.cpp, line 256]
Event: 38.886 Thread 0x0000017aaa1f9510 Exception <a 'java/lang/ClassNotFoundException'{0x000000008a912678}: org/springframework/beans/factory/BeanFactoryAwareCustomizer> (0x000000008a912678) 
thrown [s\src\hotspot\share\classfile\systemDictionary.cpp, line 256]
Event: 38.889 Thread 0x0000017aaa1f9510 Exception <a 'java/lang/ClassNotFoundException'{0x000000008a91dd48}: org/springframework/beans/factory/AwareCustomizer> (0x000000008a91dd48) 
thrown [s\src\hotspot\share\classfile\systemDictionary.cpp, line 256]
Event: 38.919 Thread 0x0000017aaa1f9510 Exception <a 'java/lang/ClassNotFoundException'{0x000000008a8e49c8}: java/lang/ObjectCustomizer> (0x000000008a8e49c8) 
thrown [s\src\hotspot\share\classfile\systemDictionary.cpp, line 256]
Event: 38.922 Thread 0x0000017aaa1f9510 Exception <a 'java/lang/ClassNotFoundException'{0x000000008a8f2618}: com/yuzee/app/jobs/ElasticCourseExportItemWriterCustomizer> (0x000000008a8f2618) 
thrown [s\src\hotspot\share\classfile\systemDictionary.cpp, line 256]
Event: 38.926 Thread 0x0000017aaa1f9510 Exception <a 'java/lang/ClassNotFoundException'{0x000000008a700170}: org/springframework/batch/item/ItemWriterCustomizer> (0x000000008a700170) 
thrown [s\src\hotspot\share\classfile\systemDictionary.cpp, line 256]
Event: 38.930 Thread 0x0000017aaa1f9510 Exception <a 'java/lang/ClassNotFoundException'{0x000000008a71b498}: java/lang/ObjectCustomizer> (0x000000008a71b498) 
thrown [s\src\hotspot\share\classfile\systemDictionary.cpp, line 256]
Event: 38.934 Thread 0x0000017aaa1f9510 Exception <a 'java/lang/ClassNotFoundException'{0x000000008a7291f8}: com/yuzee/app/jobs/ElasticCourseExportItemProcessorCustomizer> (0x000000008a7291f8) 
thrown [s\src\hotspot\share\classfile\systemDictionary.cpp, line 256]
Event: 38.941 Thread 0x0000017aaa1f9510 Exception <a 'java/lang/ClassNotFoundException'{0x000000008a736928}: org/springframework/batch/item/ItemProcessorCustomizer> (0x000000008a736928) 
thrown [s\src\hotspot\share\classfile\systemDictionary.cpp, line 256]
Event: 38.962 Thread 0x0000017aaa1f9510 Exception <a 'java/lang/ClassNotFoundException'{0x000000008a7db460}: java/lang/ObjectCustomizer> (0x000000008a7db460) 
thrown [s\src\hotspot\share\classfile\systemDictionary.cpp, line 256]
Event: 38.968 Thread 0x0000017aaa1f9510 Exception <a 'java/lang/ClassNotFoundException'{0x000000008a7e86c8}: com/yuzee/app/processor/ReadableIdProcessorCustomizer> (0x000000008a7e86c8) 
thrown [s\src\hotspot\share\classfile\systemDictionary.cpp, line 256]
Event: 38.989 Thread 0x0000017aaa1f9510 Exception <a 'java/lang/ClassNotFoundException'{0x000000008a69afb0}: java/lang/ObjectCustomizer> (0x000000008a69afb0) 
thrown [s\src\hotspot\share\classfile\systemDictionary.cpp, line 256]
Event: 38.993 Thread 0x0000017aaa1f9510 Exception <a 'java/lang/ClassNotFoundException'{0x000000008a6a81f8}: com/yuzee/app/dao/impl/CourseIntakeDaoImplCustomizer> (0x000000008a6a81f8) 
thrown [s\src\hotspot\share\classfile\systemDictionary.cpp, line 256]
Event: 38.995 Thread 0x0000017aaa1f9510 Exception <a 'java/lang/ClassNotFoundException'{0x000000008a6b3f08}: com/yuzee/app/dao/CourseIntakeDaoCustomizer> (0x000000008a6b3f08) 
thrown [s\src\hotspot\share\classfile\systemDictionary.cpp, line 256]

VM Operations (20 events):
Event: 36.184 Executing VM operation: HandshakeAllThreads
Event: 36.184 Executing VM operation: HandshakeAllThreads done
Event: 36.235 Executing VM operation: HandshakeAllThreads
Event: 36.235 Executing VM operation: HandshakeAllThreads done
Event: 36.567 Executing VM operation: ICBufferFull
Event: 36.567 Executing VM operation: ICBufferFull done
Event: 36.875 Executing VM operation: HandshakeAllThreads
Event: 36.875 Executing VM operation: HandshakeAllThreads done
Event: 36.990 Executing VM operation: ICBufferFull
Event: 36.990 Executing VM operation: ICBufferFull done
Event: 37.135 Executing VM operation: G1CollectForAllocation
Event: 37.148 Executing VM operation: G1CollectForAllocation done
Event: 37.778 Executing VM operation: ICBufferFull
Event: 37.779 Executing VM operation: ICBufferFull done
Event: 37.833 Executing VM operation: HandshakeAllThreads
Event: 37.833 Executing VM operation: HandshakeAllThreads done
Event: 38.002 Executing VM operation: HandshakeAllThreads
Event: 38.008 Executing VM operation: HandshakeAllThreads done
Event: 38.718 Executing VM operation: G1CollectForAllocation
Event: 38.725 Executing VM operation: G1CollectForAllocation done

Events (20 events):
Event: 38.874 loading class java/lang/ObjectCustomizer
Event: 38.874 loading class java/lang/ObjectCustomizer done
Event: 38.874 loading class java/lang/ObjectCustomizer
Event: 38.874 loading class java/lang/ObjectCustomizer done
Event: 38.919 loading class java/lang/ObjectCustomizer
Event: 38.919 loading class java/lang/ObjectCustomizer done
Event: 38.919 loading class java/lang/ObjectCustomizer
Event: 38.919 loading class java/lang/ObjectCustomizer done
Event: 38.929 loading class java/lang/ObjectCustomizer
Event: 38.929 loading class java/lang/ObjectCustomizer done
Event: 38.930 loading class java/lang/ObjectCustomizer
Event: 38.930 loading class java/lang/ObjectCustomizer done
Event: 38.962 loading class java/lang/ObjectCustomizer
Event: 38.962 loading class java/lang/ObjectCustomizer done
Event: 38.962 loading class java/lang/ObjectCustomizer
Event: 38.962 loading class java/lang/ObjectCustomizer done
Event: 38.989 loading class java/lang/ObjectCustomizer
Event: 38.989 loading class java/lang/ObjectCustomizer done
Event: 38.989 loading class java/lang/ObjectCustomizer
Event: 38.989 loading class java/lang/ObjectCustomizer done


Dynamic libraries:
0x00007ff79ef80000 - 0x00007ff79ef8e000 	C:\Users\BUYPC\Desktop\sts-4.16.0.RELEASE\plugins\org.eclipse.justj.openjdk.hotspot.jre.full.win32.x86_64_17.0.4.v20220903-1038\jre\bin\javaw.exe
0x00007ffacc030000 - 0x00007ffacc228000 	C:\Windows\SYSTEM32\ntdll.dll
0x00007ffaace40000 - 0x00007ffaace57000 	C:\Program Files\Avast Software\Avast\aswhook.dll
0x00007ffacb590000 - 0x00007ffacb64f000 	C:\Windows\System32\KERNEL32.DLL
0x00007ffac9c10000 - 0x00007ffac9ee2000 	C:\Windows\System32\KERNELBASE.dll
0x00007ffac97d0000 - 0x00007ffac98d0000 	C:\Windows\System32\ucrtbase.dll
0x00007ffab5da0000 - 0x00007ffab5db9000 	C:\Users\BUYPC\Desktop\sts-4.16.0.RELEASE\plugins\org.eclipse.justj.openjdk.hotspot.jre.full.win32.x86_64_17.0.4.v20220903-1038\jre\bin\VCRUNTIME140.dll
0x00007ffab5b50000 - 0x00007ffab5b68000 	C:\Users\BUYPC\Desktop\sts-4.16.0.RELEASE\plugins\org.eclipse.justj.openjdk.hotspot.jre.full.win32.x86_64_17.0.4.v20220903-1038\jre\bin\jli.dll
0x00007ffacac90000 - 0x00007ffacae2d000 	C:\Windows\System32\USER32.dll
0x00007ffab42d0000 - 0x00007ffab456a000 	C:\Windows\WinSxS\amd64_microsoft.windows.common-controls_6595b64144ccf1df_6.0.19041.1110_none_60b5254171f9507e\COMCTL32.dll
0x00007ffac98d0000 - 0x00007ffac98f2000 	C:\Windows\System32\win32u.dll
0x00007ffaca780000 - 0x00007ffaca81e000 	C:\Windows\System32\msvcrt.dll
0x00007ffaca150000 - 0x00007ffaca17b000 	C:\Windows\System32\GDI32.dll
0x00007ffac9b00000 - 0x00007ffac9c0f000 	C:\Windows\System32\gdi32full.dll
0x00007ffac9730000 - 0x00007ffac97cd000 	C:\Windows\System32\msvcp_win.dll
0x00007ffaca230000 - 0x00007ffaca262000 	C:\Windows\System32\IMM32.DLL
0x00007ffab5d90000 - 0x00007ffab5d9c000 	C:\Users\BUYPC\Desktop\sts-4.16.0.RELEASE\plugins\org.eclipse.justj.openjdk.hotspot.jre.full.win32.x86_64_17.0.4.v20220903-1038\jre\bin\vcruntime140_1.dll
0x00007ffab4840000 - 0x00007ffab48d1000 	C:\Users\BUYPC\Desktop\sts-4.16.0.RELEASE\plugins\org.eclipse.justj.openjdk.hotspot.jre.full.win32.x86_64_17.0.4.v20220903-1038\jre\bin\msvcp140.dll
0x00007ffa97570000 - 0x00007ffa981b6000 	C:\Users\BUYPC\Desktop\sts-4.16.0.RELEASE\plugins\org.eclipse.justj.openjdk.hotspot.jre.full.win32.x86_64_17.0.4.v20220903-1038\jre\bin\server\jvm.dll
0x00007ffaca180000 - 0x00007ffaca22e000 	C:\Windows\System32\ADVAPI32.dll
0x00007ffacbf50000 - 0x00007ffacbfec000 	C:\Windows\System32\sechost.dll
0x00007ffacbbb0000 - 0x00007ffacbcd5000 	C:\Windows\System32\RPCRT4.dll
0x00007ffacbcf0000 - 0x00007ffacbcf8000 	C:\Windows\System32\PSAPI.DLL
0x00007ffac1a40000 - 0x00007ffac1a4a000 	C:\Windows\SYSTEM32\VERSION.dll
0x00007ffabcc10000 - 0x00007ffabcc19000 	C:\Windows\SYSTEM32\WSOCK32.dll
0x00007ffab7130000 - 0x00007ffab7157000 	C:\Windows\SYSTEM32\WINMM.dll
0x00007ffaca320000 - 0x00007ffaca38b000 	C:\Windows\System32\ws2_32.DLL
0x00007ffac7f40000 - 0x00007ffac7f52000 	C:\Windows\SYSTEM32\kernel.appcore.dll
0x00007ffac5ba0000 - 0x00007ffac5baa000 	C:\Users\BUYPC\Desktop\sts-4.16.0.RELEASE\plugins\org.eclipse.justj.openjdk.hotspot.jre.full.win32.x86_64_17.0.4.v20220903-1038\jre\bin\jimage.dll
0x00007ffac1500000 - 0x00007ffac16e4000 	C:\Windows\SYSTEM32\DBGHELP.DLL
0x00007ffac1470000 - 0x00007ffac149c000 	C:\Windows\SYSTEM32\dbgcore.DLL
0x00007ffac9ef0000 - 0x00007ffac9f72000 	C:\Windows\System32\bcryptPrimitives.dll
0x00007ffab4800000 - 0x00007ffab483b000 	C:\Users\BUYPC\Desktop\sts-4.16.0.RELEASE\plugins\org.eclipse.justj.openjdk.hotspot.jre.full.win32.x86_64_17.0.4.v20220903-1038\jre\bin\jdwp.dll
0x00007ffac5b90000 - 0x00007ffac5b9e000 	C:\Users\BUYPC\Desktop\sts-4.16.0.RELEASE\plugins\org.eclipse.justj.openjdk.hotspot.jre.full.win32.x86_64_17.0.4.v20220903-1038\jre\bin\instrument.dll
0x00007ffab5b20000 - 0x00007ffab5b45000 	C:\Users\BUYPC\Desktop\sts-4.16.0.RELEASE\plugins\org.eclipse.justj.openjdk.hotspot.jre.full.win32.x86_64_17.0.4.v20220903-1038\jre\bin\java.dll
0x00007ffab5ab0000 - 0x00007ffab5ac8000 	C:\Users\BUYPC\Desktop\sts-4.16.0.RELEASE\plugins\org.eclipse.justj.openjdk.hotspot.jre.full.win32.x86_64_17.0.4.v20220903-1038\jre\bin\zip.dll
0x00007ffacae30000 - 0x00007ffacb573000 	C:\Windows\System32\SHELL32.dll
0x00007ffac7790000 - 0x00007ffac7f22000 	C:\Windows\SYSTEM32\windows.storage.dll
0x00007ffaca420000 - 0x00007ffaca774000 	C:\Windows\System32\combase.dll
0x00007ffac8fd0000 - 0x00007ffac9000000 	C:\Windows\SYSTEM32\Wldp.dll
0x00007ffacb650000 - 0x00007ffacb6fd000 	C:\Windows\System32\SHCORE.dll
0x00007ffacbaf0000 - 0x00007ffacbb45000 	C:\Windows\System32\shlwapi.dll
0x00007ffac9670000 - 0x00007ffac968f000 	C:\Windows\SYSTEM32\profapi.dll
0x00007ffab5dd0000 - 0x00007ffab5ddc000 	C:\Users\BUYPC\Desktop\sts-4.16.0.RELEASE\plugins\org.eclipse.justj.openjdk.hotspot.jre.full.win32.x86_64_17.0.4.v20220903-1038\jre\bin\dt_socket.dll
0x00007ffac8ac0000 - 0x00007ffac8afb000 	C:\Windows\SYSTEM32\IPHLPAPI.DLL
0x00007ffac8db0000 - 0x00007ffac8e1a000 	C:\Windows\system32\mswsock.dll
0x00007ffac8b10000 - 0x00007ffac8bda000 	C:\Windows\SYSTEM32\DNSAPI.dll
0x00007ffacbce0000 - 0x00007ffacbce8000 	C:\Windows\System32\NSI.dll
0x00007ffabdba0000 - 0x00007ffabdbaa000 	C:\Windows\System32\rasadhlp.dll
0x00007ffabdc10000 - 0x00007ffabdc90000 	C:\Windows\System32\fwpuclnt.dll
0x00007ffac9900000 - 0x00007ffac9927000 	C:\Windows\System32\bcrypt.dll
0x00007ffab58e0000 - 0x00007ffab58f9000 	C:\Users\BUYPC\Desktop\sts-4.16.0.RELEASE\plugins\org.eclipse.justj.openjdk.hotspot.jre.full.win32.x86_64_17.0.4.v20220903-1038\jre\bin\net.dll
0x00007ffabd7a0000 - 0x00007ffabd8ac000 	C:\Windows\SYSTEM32\WINHTTP.dll
0x00007ffab58c0000 - 0x00007ffab58d5000 	C:\Users\BUYPC\Desktop\sts-4.16.0.RELEASE\plugins\org.eclipse.justj.openjdk.hotspot.jre.full.win32.x86_64_17.0.4.v20220903-1038\jre\bin\nio.dll
0x00007ffac4f20000 - 0x00007ffac4f30000 	C:\Users\BUYPC\Desktop\sts-4.16.0.RELEASE\plugins\org.eclipse.justj.openjdk.hotspot.jre.full.win32.x86_64_17.0.4.v20220903-1038\jre\bin\verify.dll
0x00007ffac0620000 - 0x00007ffac0637000 	C:\Windows\SYSTEM32\dhcpcsvc6.DLL
0x00007ffac0730000 - 0x00007ffac074d000 	C:\Windows\SYSTEM32\dhcpcsvc.DLL
0x00007ffac93d0000 - 0x00007ffac93e8000 	C:\Windows\SYSTEM32\CRYPTSP.dll
0x00007ffac86f0000 - 0x00007ffac8724000 	C:\Windows\system32\rsaenh.dll
0x00007ffac9630000 - 0x00007ffac965e000 	C:\Windows\SYSTEM32\USERENV.dll
0x00007ffac8f40000 - 0x00007ffac8f4c000 	C:\Windows\SYSTEM32\CRYPTBASE.dll
0x00007ffac5bb0000 - 0x00007ffac5bb9000 	C:\Users\BUYPC\Desktop\sts-4.16.0.RELEASE\plugins\org.eclipse.justj.openjdk.hotspot.jre.full.win32.x86_64_17.0.4.v20220903-1038\jre\bin\management.dll
0x00007ffab7090000 - 0x00007ffab709b000 	C:\Users\BUYPC\Desktop\sts-4.16.0.RELEASE\plugins\org.eclipse.justj.openjdk.hotspot.jre.full.win32.x86_64_17.0.4.v20220903-1038\jre\bin\management_ext.dll
0x00007ffab0bf0000 - 0x00007ffab0c07000 	C:\Windows\system32\napinsp.dll
0x00007ffab0bd0000 - 0x00007ffab0beb000 	C:\Windows\system32\pnrpnsp.dll
0x00007ffac3240000 - 0x00007ffac3255000 	C:\Windows\system32\wshbth.dll
0x00007ffac4f00000 - 0x00007ffac4f1d000 	C:\Windows\system32\NLAapi.dll
0x00007ffab0780000 - 0x00007ffab0792000 	C:\Windows\System32\winrnr.dll
0x00007ffac2540000 - 0x00007ffac254e000 	C:\Users\BUYPC\Desktop\sts-4.16.0.RELEASE\plugins\org.eclipse.justj.openjdk.hotspot.jre.full.win32.x86_64_17.0.4.v20220903-1038\jre\bin\sunmscapi.dll
0x00007ffac99a0000 - 0x00007ffac9af6000 	C:\Windows\System32\CRYPT32.dll
0x00007ffac9040000 - 0x00007ffac9067000 	C:\Windows\SYSTEM32\ncrypt.dll
0x00007ffac9000000 - 0x00007ffac903b000 	C:\Windows\SYSTEM32\NTASN1.dll

dbghelp: loaded successfully - version: 4.0.5 - missing functions: none
symbol engine: initialized successfully - sym options: 0x614 - pdb path: .;C:\Users\BUYPC\Desktop\sts-4.16.0.RELEASE\plugins\org.eclipse.justj.openjdk.hotspot.jre.full.win32.x86_64_17.0.4.v20220903-1038\jre\bin;C:\Windows\SYSTEM32;C:\Program Files\Avast Software\Avast;C:\Windows\WinSxS\amd64_microsoft.windows.common-controls_6595b64144ccf1df_6.0.19041.1110_none_60b5254171f9507e;C:\Users\BUYPC\Desktop\sts-4.16.0.RELEASE\plugins\org.eclipse.justj.openjdk.hotspot.jre.full.win32.x86_64_17.0.4.v20220903-1038\jre\bin\server

VM Arguments:
jvm_args: -XX:+ShowCodeDetailsInExceptionMessages -agentlib:jdwp=transport=dt_socket,suspend=y,address=localhost:65108 -ea -javaagent:C:\Users\BUYPC\Desktop\sts-4.16.0.RELEASE\configuration\org.eclipse.osgi\268\0\.cp\lib\javaagent-shaded.jar -Dfile.encoding=UTF-8 
java_command: org.eclipse.jdt.internal.junit.runner.RemoteTestRunner -version 3 -port 65107 -testLoaderClass org.eclipse.jdt.internal.junit5.runner.JUnit5TestLoader -loaderpluginname org.eclipse.jdt.junit5.runtime -test com.yuzee.app.controller.InstituteServiceControllerTest:getInstituteServiceById
java_class_path (initial): C:\Users\BUYPC\Desktop\yuzee-backend-institute-api\target\test-classes;C:\Users\BUYPC\Desktop\yuzee-backend-institute-api\target\classes;C:\Users\BUYPC\.m2\repository\org\apache\commons\commons-lang3\3.11\commons-lang3-3.11.jar;C:\Users\BUYPC\.m2\repository\org\projectlombok\lombok\1.18.20\lombok-1.18.20.jar;C:\Users\BUYPC\.m2\repository\junit\junit\4.12\junit-4.12.jar;C:\Users\BUYPC\.m2\repository\org\hamcrest\hamcrest-core\2.2\hamcrest-core-2.2.jar;C:\Users\BUYPC\.m2\repository\org\springframework\boot\spring-boot-starter-web\2.4.5\spring-boot-starter-web-2.4.5.jar;C:\Users\BUYPC\.m2\repository\org\springframework\boot\spring-boot-starter\2.4.5\spring-boot-starter-2.4.5.jar;C:\Users\BUYPC\.m2\repository\org\springframework\boot\spring-boot-starter-logging\2.4.5\spring-boot-starter-logging-2.4.5.jar;C:\Users\BUYPC\.m2\repository\ch\qos\logback\logback-classic\1.2.3\logback-classic-1.2.3.jar;C:\Users\BUYPC\.m2\repository\ch\qos\logback\logback-core\1.2.3\logback-core-1.2.3.jar;C:\Users\BUYPC\.m2\repository\org\apache\logging\log4j\log4j-to-slf4j\2.13.3\log4j-to-slf4j-2.13.3.jar;C:\Users\BUYPC\.m2\repository\org\apache\logging\log4j\log4j-api\2.13.3\log4j-api-2.13.3.jar;C:\Users\BUYPC\.m2\repository\org\slf4j\jul-to-slf4j\1.7.30\jul-to-slf4j-1.7.30.jar;C:\Users\BUYPC\.m2\repository\org\yaml\snakeyaml\1.27\snakeyaml-1.27.jar;C:\Users\BUYPC\.m2\repository\org\springframework\boot\spring-boot-starter-json\2.4.5\spring-boot-starter-json-2.4.5.jar;C:\Users\BUYPC\.m2\repository\com\fasterxml\jackson\datatype\jackson-datatype-jdk8\2.11.4\jackson-datatype-jdk8-2.11.4.jar;C:\Users\BUYPC\.m2\repository\com\fasterxml\jackson\datatype\jackson-datatype-jsr310\2.11.4\jackson-datatype-jsr310-2.11.4.jar;C:\Users\BUYPC\.m2\repository\com\fasterxml\jackson\module\jackson-module-parameter-names\2.11.4\jackson-module-parameter-names-2.11.4.jar;C:\Users\BUYPC\.m2\repository\org\springframework\spring-web\5.3.6\spring-web-5.3.6.jar;C:\Users\BUYPC\.m2\repositor
Launcher Type: SUN_STANDARD

[Global flags]
     intx CICompilerCount                          = 3                                         {product} {ergonomic}
     uint ConcGCThreads                            = 1                                         {product} {ergonomic}
     uint G1ConcRefinementThreads                  = 4                                         {product} {ergonomic}
   size_t G1HeapRegionSize                         = 1048576                                   {product} {ergonomic}
    uintx GCDrainStackTargetSize                   = 64                                        {product} {ergonomic}
   size_t InitialHeapSize                          = 134217728                                 {product} {ergonomic}
   size_t MarkStackSize                            = 4194304                                   {product} {ergonomic}
   size_t MaxHeapSize                              = 2118123520                                {product} {ergonomic}
   size_t MaxNewSize                               = 1270874112                                {product} {ergonomic}
   size_t MinHeapDeltaBytes                        = 1048576                                   {product} {ergonomic}
   size_t MinHeapSize                              = 8388608                                   {product} {ergonomic}
    uintx NonNMethodCodeHeapSize                   = 5832780                                {pd product} {ergonomic}
    uintx NonProfiledCodeHeapSize                  = 122912730                              {pd product} {ergonomic}
    uintx ProfiledCodeHeapSize                     = 122912730                              {pd product} {ergonomic}
    uintx ReservedCodeCacheSize                    = 251658240                              {pd product} {ergonomic}
     bool SegmentedCodeCache                       = true                                      {product} {ergonomic}
     bool ShowCodeDetailsInExceptionMessages       = true                                   {manageable} {command line}
   size_t SoftMaxHeapSize                          = 2118123520                             {manageable} {ergonomic}
     bool UseCompressedClassPointers               = true                           {product lp64_product} {ergonomic}
     bool UseCompressedOops                        = true                           {product lp64_product} {ergonomic}
     bool UseG1GC                                  = true                                      {product} {ergonomic}
     bool UseLargePagesIndividualAllocation        = false                                  {pd product} {ergonomic}

Logging:
Log output configuration:
 #0: stdout all=warning uptime,level,tags
 #1: stderr all=off uptime,level,tags

Environment Variables:
JAVA_HOME=C:\Program Files\Java\jdk-17.0.2
PATH=C:\Users\BUYPC\Desktop\sts-4.16.0.RELEASE\plugins\org.eclipse.justj.openjdk.hotspot.jre.full.win32.x86_64_17.0.4.v20220903-1038\jre\bin;C:/Users/BUYPC/Desktop/sts-4.16.0.RELEASE//plugins/org.eclipse.justj.openjdk.hotspot.jre.full.win32.x86_64_17.0.4.v20220903-1038/jre/bin/server;C:/Users/BUYPC/Desktop/sts-4.16.0.RELEASE//plugins/org.eclipse.justj.openjdk.hotspot.jre.full.win32.x86_64_17.0.4.v20220903-1038/jre/bin;C:\Program Files\Common Files\Oracle\Java\javapath;C:\Program Files\Java\jdk-16.0.2\bin;C:\Windows\system32;C:\Windows;C:\Windows\System32\Wbem;C:\Windows\System32\WindowsPowerShell\v1.0\;C:\Windows\System32\OpenSSH\;C:\Users\BUYPC\Desktop\apache-maven-3.8.4-bin\apache-maven-3.8.4\bin;C:\Program Files\Git\cmd;C:\Program Files\nodejs\;C:\ProgramData\Microsoft\Windows\Start Menu\Programs\MySQL\MySQL Server 8.0;C:\Users\BUYPC\Downloads\sonarqube-8.9.9.56886\sonarqube-8.9.9.56886\bin;;C:\Program Files\Docker\Docker\resources\bin;C:\Program Files\MySQL\MySQL Shell 8.0\bin\;C:\Users\BUYPC\AppData\Local\Microsoft\WindowsApps;C:\Users\BUYPC\AppData\Roaming\npm;C:\Users\BUYPC\AppData\Local\Programs\Microsoft VS Code\bin;C:\Users\BUYPC\Desktop\;C:\Users\BUYPC\Desktop\sts-4.16.0.RELEASE;
USERNAME=BUYPC
OS=Windows_NT
PROCESSOR_IDENTIFIER=Intel64 Family 6 Model 42 Stepping 7, GenuineIntel
TMP=C:\Users\BUYPC\AppData\Local\Temp
TEMP=C:\Users\BUYPC\AppData\Local\Temp



---------------  S Y S T E M  ---------------

OS:
 Windows 10 , 64 bit Build 19041 (10.0.19041.2251)
OS uptime: 0 days 2:46 hours
Hyper-V role detected

CPU: total 4 (initial active 4) (2 cores per cpu, 2 threads per core) family 6 model 42 stepping 7 microcode 0x2f, cx8, cmov, fxsr, ht, mmx, sse, sse2, sse3, ssse3, sse4.1, sse4.2, popcnt, tsc, tscinvbit, avx, aes, clmul, vzeroupper, clflush, hv

Memory: 4k page, system-wide physical 8073M (691M free)
TotalPageFile size 13193M (AvailPageFile size 4087M)
current process WorkingSet (physical memory assigned to process): 389M, peak: 397M
current process commit charge ("private bytes"): 414M, peak: 423M

vm_info: OpenJDK 64-Bit Server VM (17.0.4.1+1) for windows-amd64 JRE (17.0.4.1+1), built on Aug 17 2022 07:42:43 by "temurin" with MS VC++ 16.7 (VS2019)

END.
