#
# A fatal error has been detected by the Java Runtime Environment:
#
#  EXCEPTION_ACCESS_VIOLATION (0xc0000005) at pc=0x00007ffc39b6ccc1, pid=9380, tid=4372
#
# JRE version: Java(TM) SE Runtime Environment (17.0.2+8) (build 17.0.2+8-LTS-86)
# Java VM: Java HotSpot(TM) 64-Bit Server VM (17.0.2+8-LTS-86, mixed mode, emulated-client, sharing, tiered, compressed oops, compressed class ptrs, g1 gc, windows-amd64)
# Problematic frame:
# V  [jvm.dll+0x1accc1]
#
# No core dump will be written. Minidumps are not enabled by default on client versions of Windows
#
# If you would like to submit a bug report, please visit:
#   https://bugreport.java.com/bugreport/crash.jsp
#

---------------  S U M M A R Y ------------

Command Line: -XX:+ShowCodeDetailsInExceptionMessages -agentlib:jdwp=transport=dt_socket,suspend=y,address=localhost:50609 -Dcom.sun.management.jmxremote -Dcom.sun.management.jmxremote.port=50606 -Dcom.sun.management.jmxremote.authenticate=false -Dcom.sun.management.jmxremote.ssl=false -Djava.rmi.server.hostname=localhost -Dspring.jmx.enabled=true -Dspring.application.admin.enabled=true -XX:TieredStopAtLevel=1 -Dspring.boot.project.name=yuzeeapp -javaagent:C:\Users\BUYPC\Desktop\sts-4.16.0.RELEASE\configuration\org.eclipse.osgi\268\0\.cp\lib\javaagent-shaded.jar -Dfile.encoding=UTF-8 com.yuzee.app.YuzeeApplication --spring.output.ansi.enabled=always

Host: Intel(R) Core(TM) i7-2640M CPU @ 2.80GHz, 4 cores, 7G,  Windows 10 , 64 bit Build 19041 (10.0.19041.1889)
Time: Wed Nov  2 08:40:49 2022 Pacific Daylight Time elapsed time: 2.349014 seconds (0d 0h 0m 2s)

---------------  T H R E A D  ---------------

Current thread (0x00000244bc90de40):  GCTaskThread "GC Thread#2" [stack: 0x000000e6ba600000,0x000000e6ba700000] [id=4372]

Stack: [0x000000e6ba600000,0x000000e6ba700000],  sp=0x000000e6ba6ffad8,  free space=1022k
Native frames: (J=compiled Java code, j=interpreted, Vv=VM code, C=native code)
V  [jvm.dll+0x1accc1]


siginfo: EXCEPTION_ACCESS_VIOLATION (0xc0000005), reading address 0x0000000000000100


Register to memory mapping:

RIP=0x00007ffc39b6ccc1 jvm.dll
RAX=0x0 is NULL
RBX=0x0000000000000001 is an unknown value
RCX=0x000000080014c8c0 is pointing into metadata
RDX=
[error occurred during error reporting (printing register info), id 0xc0000005, EXCEPTION_ACCESS_VIOLATION (0xc0000005) at pc=0x00007ffc39c8f346]

Registers:
RAX=0x0000000000000000, RBX=0x0000000000000001, RCX=0x000000080014c8c0, RDX=0x0000000088f213d0
RSP=0x000000e6ba6ffad8, RBP=0x0000000000000005, RSI=0x0000000085d53b10, RDI=0x0000000088f213d0
R8 =0x0000000000000000, R9 =0x000000080014c8c0, R10=0x0000000088f213d0, R11=0x00000244a9c97d70
R12=0x0000000000000002, R13=0x000000e6ba6ffce0, R14=0x00000244bcbde2e0, R15=0x000000080014c8c0
RIP=0x00007ffc39b6ccc1, EFLAGS=0x0000000000010246

Top of Stack: (sp=0x000000e6ba6ffad8)
0x000000e6ba6ffad8:   00007ffc39cc272c 0000000000000000
0x000000e6ba6ffae8:   0000000088f212b8 0000000000000001
0x000000e6ba6ffaf8:   00000244bcbde460 000000080014cbf8
0x000000e6ba6ffb08:   0000000000000005 0000000000000001
0x000000e6ba6ffb18:   00000244bb11c590 0000000085d53af0
0x000000e6ba6ffb28:   00007ffc39cc2b3b 0000000000000000
0x000000e6ba6ffb38:   0000000000000000 0000000000000000
0x000000e6ba6ffb48:   000000e6ba6ffce0 0000000000000002
0x000000e6ba6ffb58:   00000244bcbde2e0 0000000085d53b10
0x000000e6ba6ffb68:   0000000000000005 0000000085d53b11
0x000000e6ba6ffb78:   00007ffc39cc3840 00000244bcbd0000
0x000000e6ba6ffb88:   0000000000000001 0000000000000008
0x000000e6ba6ffb98:   0000000000000001 0000000000000003
0x000000e6ba6ffba8:   00000244bcbde2e0 00000000000025ba
0x000000e6ba6ffbb8:   0000000085fb3c88 00000244a9c90160
0x000000e6ba6ffbc8:   00007ffc39cc33f8 0000027100000005 

Instructions: (pc=0x00007ffc39b6ccc1)
0x00007ffc39b6cbc1:   74 32 0f 10 83 f0 02 00 00 48 8b 07 48 8d 54 24
0x00007ffc39b6cbd1:   20 48 8b cf 0f 29 44 24 20 ff 50 40 33 c0 48 89
0x00007ffc39b6cbe1:   44 24 20 48 89 44 24 28 0f 10 44 24 20 0f 11 83
0x00007ffc39b6cbf1:   f0 02 00 00 48 8b 5c 24 40 48 83 c4 30 5f c3 48
0x00007ffc39b6cc01:   8b 49 40 48 8b 01 48 ff 60 28 cc cc cc cc cc 80
0x00007ffc39b6cc11:   3d 8c dd 93 00 00 48 8b c1 74 1b 8b 51 08 8b 0d
0x00007ffc39b6cc21:   93 66 8d 00 48 d3 e2 48 8b c8 48 03 15 7e 66 8d
0x00007ffc39b6cc31:   00 e9 19 00 00 00 48 8b 51 08 48 8b c8 e9 0d 00
0x00007ffc39b6cc41:   00 00 cc cc cc cc cc cc cc cc cc cc cc cc cc 4c
0x00007ffc39b6cc51:   8b ca 48 8b d1 45 8b 41 08 45 85 c0 7e 0e 41 f6
0x00007ffc39b6cc61:   c0 01 75 56 41 c1 f8 03 41 8b c0 c3 79 4c 80 3d
0x00007ffc39b6cc71:   2d dd 93 00 00 b8 0c 00 00 00 b9 10 00 00 00 0f
0x00007ffc39b6cc81:   45 c8 8b 05 4b 75 8d 00 ff c8 4c 63 c8 48 63 14
0x00007ffc39b6cc91:   11 41 8b c8 83 e1 3f 48 d3 e2 41 8b c8 48 c1 f9
0x00007ffc39b6cca1:   10 0f b6 c1 49 8d 0c 11 49 f7 d1 48 03 c1 49 c1
0x00007ffc39b6ccb1:   e9 03 48 c1 e8 03 41 23 c1 c3 49 8b 01 49 8b c9
0x00007ffc39b6ccc1:   48 ff a0 00 01 00 00 cc cc cc cc cc cc cc cc 48
0x00007ffc39b6ccd1:   83 ec 38 0f 10 02 48 8b 49 40 48 8d 54 24 20 0f
0x00007ffc39b6cce1:   29 44 24 20 e8 56 f2 ff ff 48 83 c4 38 c3 cc 48
0x00007ffc39b6ccf1:   83 ec 38 0f 10 02 48 8b 01 48 8d 54 24 20 0f 29
0x00007ffc39b6cd01:   44 24 20 ff 50 38 48 83 c4 38 c3 cc cc cc cc 48
0x00007ffc39b6cd11:   89 5c 24 08 55 56 57 41 54 41 55 41 56 41 57 48
0x00007ffc39b6cd21:   8d 6c 24 e0 48 81 ec 20 01 00 00 48 8b 05 85 62
0x00007ffc39b6cd31:   90 00 48 33 c4 48 89 45 10 48 8b 05 cf d4 92 00
0x00007ffc39b6cd41:   45 33 ed 4c 8b b5 80 00 00 00 4c 8b fa 48 8b bd
0x00007ffc39b6cd51:   88 00 00 00 4d 8b c6 49 8b d6 49 8b f1 48 8b 48
0x00007ffc39b6cd61:   40 48 8b 59 40 49 8b cf c7 45 c0 ff ff ff ff 44
0x00007ffc39b6cd71:   89 6d d4 4c 89 6d d8 44 88 6d e0 c7 45 e8 ff ff
0x00007ffc39b6cd81:   ff ff 44 89 6d fc 4c 89 6d 00 44 88 6d 08 e8 7c
0x00007ffc39b6cd91:   fb f3 ff 41 b1 01 4c 8d 45 e8 41 8d 55 04 49 8b
0x00007ffc39b6cda1:   cf e8 f9 12 f2 ff 48 8b 05 1a 14 7a 00 4c 8d 25
0x00007ffc39b6cdb1:   0b 02 69 00 48 89 44 24 30 4c 8d 44 24 70 0f b6 


Stack slot to memory mapping:
stack at sp + 0 slots: 0x00007ffc39cc272c jvm.dll
stack at sp + 1 slots: 0x0 is NULL
stack at sp + 2 slots: 0x0000000088f212b8 is an oop: java.lang.String 
{0x0000000088f212b8} - klass: 'java/lang/String'
 - string: "javax.servlet"
stack at sp + 3 slots: 0x0000000000000001 is an unknown value
stack at sp + 4 slots: 0x00000244bcbde460 points into unknown readable memory: 0x00007ffc3a2b5490 | 90 54 2b 3a fc 7f 00 00
stack at sp + 5 slots: 0x000000080014cbf8 is pointing into metadata
stack at sp + 6 slots: 0x0000000000000005 is an unknown value
stack at sp + 7 slots: 0x0000000000000001 is an unknown value


---------------  P R O C E S S  ---------------

Threads class SMR info:
_java_thread_list=0x00000244bd12c0e0, length=25, elements={
0x00000244a9c7ecc0, 0x00000244bb27adb0, 0x00000244bb27c550, 0x00000244bb28be50,
0x00000244bb28cbd0, 0x00000244bb290c50, 0x00000244bb299980, 0x00000244bb2baaa0,
0x00000244bb2bbf50, 0x00000244bb266740, 0x00000244bbd9bdd0, 0x00000244bbe00f80,
0x00000244bbe03c40, 0x00000244bbe05ef0, 0x00000244bc677050, 0x00000244bcb18330,
0x00000244bcbf1ea0, 0x00000244bcc31750, 0x00000244bcc2ce10, 0x00000244bceb1880,
0x00000244bcf31880, 0x00000244bcf27ca0, 0x00000244bcf3c1d0, 0x00000244bd0e9a90,
0x00000244bd0e9f60
}

Java Threads: ( => current thread )
  0x00000244a9c7ecc0 JavaThread "main" [_thread_blocked, id=13432, stack(0x000000e6b9000000,0x000000e6b9100000)]
  0x00000244bb27adb0 JavaThread "Reference Handler" daemon [_thread_blocked, id=9336, stack(0x000000e6b9700000,0x000000e6b9800000)]
  0x00000244bb27c550 JavaThread "Finalizer" daemon [_thread_blocked, id=15088, stack(0x000000e6b9800000,0x000000e6b9900000)]
  0x00000244bb28be50 JavaThread "Signal Dispatcher" daemon [_thread_blocked, id=6320, stack(0x000000e6b9900000,0x000000e6b9a00000)]
  0x00000244bb28cbd0 JavaThread "Attach Listener" daemon [_thread_blocked, id=7796, stack(0x000000e6b9a00000,0x000000e6b9b00000)]
  0x00000244bb290c50 JavaThread "Service Thread" daemon [_thread_blocked, id=3820, stack(0x000000e6b9b00000,0x000000e6b9c00000)]
  0x00000244bb299980 JavaThread "Monitor Deflation Thread" daemon [_thread_blocked, id=5164, stack(0x000000e6b9c00000,0x000000e6b9d00000)]
  0x00000244bb2baaa0 JavaThread "C1 CompilerThread0" daemon [_thread_blocked, id=6600, stack(0x000000e6b9d00000,0x000000e6b9e00000)]
  0x00000244bb2bbf50 JavaThread "Sweeper thread" daemon [_thread_blocked, id=6428, stack(0x000000e6b9e00000,0x000000e6b9f00000)]
  0x00000244bb266740 JavaThread "Common-Cleaner" daemon [_thread_blocked, id=9668, stack(0x000000e6b9f00000,0x000000e6ba000000)]
  0x00000244bbd9bdd0 JavaThread "C1 CompilerThread1" daemon [_thread_blocked, id=11188, stack(0x000000e6ba000000,0x000000e6ba100000)]
  0x00000244bbe00f80 JavaThread "JDWP Transport Listener: dt_socket" daemon [_thread_blocked, id=15280, stack(0x000000e6ba100000,0x000000e6ba200000)]
  0x00000244bbe03c40 JavaThread "JDWP Event Helper Thread" daemon [_thread_blocked, id=11648, stack(0x000000e6ba200000,0x000000e6ba300000)]
  0x00000244bbe05ef0 JavaThread "JDWP Command Reader" daemon [_thread_blocked, id=7620, stack(0x000000e6ba300000,0x000000e6ba400000)]
  0x00000244bc677050 JavaThread "C1 CompilerThread2" daemon [_thread_blocked, id=13992, stack(0x000000e6ba400000,0x000000e6ba500000)]
  0x00000244bcb18330 JavaThread "Notification Thread" daemon [_thread_blocked, id=9712, stack(0x000000e6ba800000,0x000000e6ba900000)]
  0x00000244bcbf1ea0 JavaThread "RMI TCP Accept-0" daemon [_thread_in_native, id=11272, stack(0x000000e6ba900000,0x000000e6baa00000)]
  0x00000244bcc31750 JavaThread "RMI TCP Accept-50606" daemon [_thread_in_native, id=13788, stack(0x000000e6baa00000,0x000000e6bab00000)]
  0x00000244bcc2ce10 JavaThread "RMI TCP Accept-0" daemon [_thread_in_native, id=3604, stack(0x000000e6bab00000,0x000000e6bac00000)]
  0x00000244bceb1880 JavaThread "RMI TCP Connection(1)-127.0.0.1" daemon [_thread_in_native, id=5676, stack(0x000000e6bad00000,0x000000e6bae00000)]
  0x00000244bcf31880 JavaThread "RMI Scheduler(0)" daemon [_thread_blocked, id=12904, stack(0x000000e6bae00000,0x000000e6baf00000)]
  0x00000244bcf27ca0 JavaThread "RMI TCP Connection(2)-127.0.0.1" daemon [_thread_in_native, id=10060, stack(0x000000e6baf00000,0x000000e6bb000000)]
  0x00000244bcf3c1d0 JavaThread "JMX server connection timeout 24" daemon [_thread_blocked, id=11960, stack(0x000000e6bb000000,0x000000e6bb100000)]
  0x00000244bd0e9a90 JavaThread "Thread-0" [_thread_blocked, id=8796, stack(0x000000e6bb100000,0x000000e6bb200000)]
  0x00000244bd0e9f60 JavaThread "restartedMain" [_thread_blocked, id=13572, stack(0x000000e6bb200000,0x000000e6bb300000)]

Other Threads:
  0x00000244bb274340 VMThread "VM Thread" [stack: 0x000000e6b9600000,0x000000e6b9700000] [id=4900]
  0x00000244bcc2d9b0 WatcherThread [stack: 0x000000e6bac00000,0x000000e6bad00000] [id=1332]
  0x00000244a9cbb440 GCTaskThread "GC Thread#0" [stack: 0x000000e6b9100000,0x000000e6b9200000] [id=8032]
  0x00000244bc90db90 GCTaskThread "GC Thread#1" [stack: 0x000000e6ba500000,0x000000e6ba600000] [id=1604]
=>0x00000244bc90de40 GCTaskThread "GC Thread#2" [stack: 0x000000e6ba600000,0x000000e6ba700000] [id=4372]
  0x00000244bc921610 GCTaskThread "GC Thread#3" [stack: 0x000000e6ba700000,0x000000e6ba800000] [id=15304]
  0x00000244a9cce790 ConcurrentGCThread "G1 Main Marker" [stack: 0x000000e6b9200000,0x000000e6b9300000] [id=3056]
  0x00000244a9ccf0b0 ConcurrentGCThread "G1 Conc#0" [stack: 0x000000e6b9300000,0x000000e6b9400000] [id=3536]
  0x00000244a9d2e890 ConcurrentGCThread "G1 Refine#0" [stack: 0x000000e6b9400000,0x000000e6b9500000] [id=9564]
  0x00000244bb12d390 ConcurrentGCThread "G1 Service" [stack: 0x000000e6b9500000,0x000000e6b9600000] [id=9396]

Threads with active compile tasks:

VM state: at safepoint (normal execution)

VM Mutex/Monitor currently owned by a thread:  ([mutex/lock_event])
[0x00000244a9c79810] Threads_lock - owner thread: 0x00000244bb274340
[0x00000244a9c79300] Heap_lock - owner thread: 0x00000244bd0e9f60

Heap address: 0x0000000081c00000, size: 2020 MB, Compressed Oops mode: 32-bit

CDS archive(s) mapped at: [0x0000000800000000-0x0000000800bc0000-0x0000000800bc0000), size 12320768, SharedBaseAddress: 0x0000000800000000, ArchiveRelocationMode: 0.
Compressed class space mapped at: 0x0000000800c00000-0x0000000840c00000, reserved size: 1073741824
Narrow klass base: 0x0000000800000000, Narrow klass shift: 0, Narrow klass range: 0x100000000

GC Precious Log:
 CPUs: 4 total, 4 available
 Memory: 8073M
 Large Page Support: Disabled
 NUMA Support: Disabled
 Compressed Oops: Enabled (32-bit)
 Heap Region Size: 1M
 Heap Min Capacity: 8M
 Heap Initial Capacity: 128M
 Heap Max Capacity: 2020M
 Pre-touch: Disabled
 Parallel Workers: 4
 Concurrent Workers: 1
 Concurrent Refinement Workers: 4
 Periodic GC: Disabled

Heap:
 garbage-first heap   total 131072K, used 74529K [0x0000000081c00000, 0x0000000100000000)
  region size 1024K, 62 young (63488K), 4 survivors (4096K)
 Metaspace       used 13114K, committed 13376K, reserved 1064960K
  class space    used 1675K, committed 1792K, reserved 1048576K

Heap Regions: E=young(eden), S=young(survivor), O=old, HS=humongous(starts), HC=humongous(continues), CS=collection set, F=free, OA=open archive, CA=closed archive, TAMS=top-at-mark-start (previous, next)
|   0|0x0000000081c00000, 0x0000000081d00000, 0x0000000081d00000|100%|HS|  |TAMS 0x0000000081c00000, 0x0000000081c00000| Complete 
|   1|0x0000000081d00000, 0x0000000081e00000, 0x0000000081e00000|100%|HS|  |TAMS 0x0000000081d00000, 0x0000000081d00000| Complete 
|   2|0x0000000081e00000, 0x0000000081f00000, 0x0000000081f00000|100%| O|  |TAMS 0x0000000081e00000, 0x0000000081e00000| Untracked 
|   3|0x0000000081f00000, 0x0000000082000000, 0x0000000082000000|100%| O|  |TAMS 0x0000000081f00000, 0x0000000081f00000| Untracked 
|   4|0x0000000082000000, 0x0000000082100000, 0x0000000082100000|100%| O|  |TAMS 0x0000000082000000, 0x0000000082000000| Untracked 
|   5|0x0000000082100000, 0x0000000082200000, 0x0000000082200000|100%| O|  |TAMS 0x0000000082100000, 0x0000000082100000| Untracked 
|   6|0x0000000082200000, 0x0000000082300000, 0x0000000082300000|100%| O|  |TAMS 0x0000000082200000, 0x0000000082200000| Untracked 
|   7|0x0000000082300000, 0x0000000082400000, 0x0000000082400000|100%| O|  |TAMS 0x0000000082300000, 0x0000000082300000| Untracked 
|   8|0x0000000082400000, 0x0000000082500000, 0x0000000082500000|100%| O|  |TAMS 0x0000000082400000, 0x0000000082400000| Untracked 
|   9|0x0000000082500000, 0x0000000082600000, 0x0000000082600000|100%| O|  |TAMS 0x0000000082500000, 0x0000000082500000| Untracked 
|  10|0x0000000082600000, 0x0000000082700000, 0x0000000082700000|100%| O|  |TAMS 0x0000000082600000, 0x0000000082600000| Untracked 
|  11|0x0000000082700000, 0x0000000082800000, 0x0000000082800000|100%| O|  |TAMS 0x0000000082700000, 0x0000000082700000| Untracked 
|  12|0x0000000082800000, 0x0000000082900000, 0x0000000082900000|100%| O|  |TAMS 0x0000000082800000, 0x0000000082800000| Untracked 
|  13|0x0000000082900000, 0x00000000829e4000, 0x0000000082a00000| 89%| O|  |TAMS 0x0000000082900000, 0x0000000082900000| Untracked 
|  14|0x0000000082a00000, 0x0000000082a00000, 0x0000000082b00000|  0%| F|  |TAMS 0x0000000082a00000, 0x0000000082a00000| Untracked 
|  15|0x0000000082b00000, 0x0000000082b00000, 0x0000000082c00000|  0%| F|  |TAMS 0x0000000082b00000, 0x0000000082b00000| Untracked 
|  16|0x0000000082c00000, 0x0000000082c00000, 0x0000000082d00000|  0%| F|  |TAMS 0x0000000082c00000, 0x0000000082c00000| Untracked 
|  17|0x0000000082d00000, 0x0000000082d00000, 0x0000000082e00000|  0%| F|  |TAMS 0x0000000082d00000, 0x0000000082d00000| Untracked 
|  18|0x0000000082e00000, 0x0000000082e00000, 0x0000000082f00000|  0%| F|  |TAMS 0x0000000082e00000, 0x0000000082e00000| Untracked 
|  19|0x0000000082f00000, 0x0000000082f00000, 0x0000000083000000|  0%| F|  |TAMS 0x0000000082f00000, 0x0000000082f00000| Untracked 
|  20|0x0000000083000000, 0x0000000083000000, 0x0000000083100000|  0%| F|  |TAMS 0x0000000083000000, 0x0000000083000000| Untracked 
|  21|0x0000000083100000, 0x0000000083100000, 0x0000000083200000|  0%| F|  |TAMS 0x0000000083100000, 0x0000000083100000| Untracked 
|  22|0x0000000083200000, 0x0000000083200000, 0x0000000083300000|  0%| F|  |TAMS 0x0000000083200000, 0x0000000083200000| Untracked 
|  23|0x0000000083300000, 0x0000000083300000, 0x0000000083400000|  0%| F|  |TAMS 0x0000000083300000, 0x0000000083300000| Untracked 
|  24|0x0000000083400000, 0x0000000083400000, 0x0000000083500000|  0%| F|  |TAMS 0x0000000083400000, 0x0000000083400000| Untracked 
|  25|0x0000000083500000, 0x0000000083500000, 0x0000000083600000|  0%| F|  |TAMS 0x0000000083500000, 0x0000000083500000| Untracked 
|  26|0x0000000083600000, 0x0000000083600000, 0x0000000083700000|  0%| F|  |TAMS 0x0000000083600000, 0x0000000083600000| Untracked 
|  27|0x0000000083700000, 0x0000000083700000, 0x0000000083800000|  0%| F|  |TAMS 0x0000000083700000, 0x0000000083700000| Untracked 
|  28|0x0000000083800000, 0x0000000083800000, 0x0000000083900000|  0%| F|  |TAMS 0x0000000083800000, 0x0000000083800000| Untracked 
|  29|0x0000000083900000, 0x0000000083900000, 0x0000000083a00000|  0%| F|  |TAMS 0x0000000083900000, 0x0000000083900000| Untracked 
|  30|0x0000000083a00000, 0x0000000083a00000, 0x0000000083b00000|  0%| F|  |TAMS 0x0000000083a00000, 0x0000000083a00000| Untracked 
|  31|0x0000000083b00000, 0x0000000083b00000, 0x0000000083c00000|  0%| F|  |TAMS 0x0000000083b00000, 0x0000000083b00000| Untracked 
|  32|0x0000000083c00000, 0x0000000083c00000, 0x0000000083d00000|  0%| F|  |TAMS 0x0000000083c00000, 0x0000000083c00000| Untracked 
|  33|0x0000000083d00000, 0x0000000083d00000, 0x0000000083e00000|  0%| F|  |TAMS 0x0000000083d00000, 0x0000000083d00000| Untracked 
|  34|0x0000000083e00000, 0x0000000083e00000, 0x0000000083f00000|  0%| F|  |TAMS 0x0000000083e00000, 0x0000000083e00000| Untracked 
|  35|0x0000000083f00000, 0x0000000083f00000, 0x0000000084000000|  0%| F|  |TAMS 0x0000000083f00000, 0x0000000083f00000| Untracked 
|  36|0x0000000084000000, 0x0000000084000000, 0x0000000084100000|  0%| F|  |TAMS 0x0000000084000000, 0x0000000084000000| Untracked 
|  37|0x0000000084100000, 0x0000000084100000, 0x0000000084200000|  0%| F|  |TAMS 0x0000000084100000, 0x0000000084100000| Untracked 
|  38|0x0000000084200000, 0x0000000084200000, 0x0000000084300000|  0%| F|  |TAMS 0x0000000084200000, 0x0000000084200000| Untracked 
|  39|0x0000000084300000, 0x0000000084300000, 0x0000000084400000|  0%| F|  |TAMS 0x0000000084300000, 0x0000000084300000| Untracked 
|  40|0x0000000084400000, 0x0000000084400000, 0x0000000084500000|  0%| F|  |TAMS 0x0000000084400000, 0x0000000084400000| Untracked 
|  41|0x0000000084500000, 0x0000000084500000, 0x0000000084600000|  0%| F|  |TAMS 0x0000000084500000, 0x0000000084500000| Untracked 
|  42|0x0000000084600000, 0x0000000084600000, 0x0000000084700000|  0%| F|  |TAMS 0x0000000084600000, 0x0000000084600000| Untracked 
|  43|0x0000000084700000, 0x0000000084700000, 0x0000000084800000|  0%| F|  |TAMS 0x0000000084700000, 0x0000000084700000| Untracked 
|  44|0x0000000084800000, 0x0000000084800000, 0x0000000084900000|  0%| F|  |TAMS 0x0000000084800000, 0x0000000084800000| Untracked 
|  45|0x0000000084900000, 0x0000000084900000, 0x0000000084a00000|  0%| F|  |TAMS 0x0000000084900000, 0x0000000084900000| Untracked 
|  46|0x0000000084a00000, 0x0000000084a00000, 0x0000000084b00000|  0%| F|  |TAMS 0x0000000084a00000, 0x0000000084a00000| Untracked 
|  47|0x0000000084b00000, 0x0000000084b00000, 0x0000000084c00000|  0%| F|  |TAMS 0x0000000084b00000, 0x0000000084b00000| Untracked 
|  48|0x0000000084c00000, 0x0000000084c00000, 0x0000000084d00000|  0%| F|  |TAMS 0x0000000084c00000, 0x0000000084c00000| Untracked 
|  49|0x0000000084d00000, 0x0000000084d00000, 0x0000000084e00000|  0%| F|  |TAMS 0x0000000084d00000, 0x0000000084d00000| Untracked 
|  50|0x0000000084e00000, 0x0000000084e00000, 0x0000000084f00000|  0%| F|  |TAMS 0x0000000084e00000, 0x0000000084e00000| Untracked 
|  51|0x0000000084f00000, 0x0000000084f00000, 0x0000000085000000|  0%| F|  |TAMS 0x0000000084f00000, 0x0000000084f00000| Untracked 
|  52|0x0000000085000000, 0x0000000085000000, 0x0000000085100000|  0%| F|  |TAMS 0x0000000085000000, 0x0000000085000000| Untracked 
|  53|0x0000000085100000, 0x0000000085100000, 0x0000000085200000|  0%| F|  |TAMS 0x0000000085100000, 0x0000000085100000| Untracked 
|  54|0x0000000085200000, 0x0000000085200000, 0x0000000085300000|  0%| F|  |TAMS 0x0000000085200000, 0x0000000085200000| Untracked 
|  55|0x0000000085300000, 0x0000000085300000, 0x0000000085400000|  0%| F|  |TAMS 0x0000000085300000, 0x0000000085300000| Untracked 
|  56|0x0000000085400000, 0x0000000085400000, 0x0000000085500000|  0%| F|  |TAMS 0x0000000085400000, 0x0000000085400000| Untracked 
|  57|0x0000000085500000, 0x0000000085500000, 0x0000000085600000|  0%| F|  |TAMS 0x0000000085500000, 0x0000000085500000| Untracked 
|  58|0x0000000085600000, 0x0000000085600000, 0x0000000085700000|  0%| F|  |TAMS 0x0000000085600000, 0x0000000085600000| Untracked 
|  59|0x0000000085700000, 0x0000000085700000, 0x0000000085800000|  0%| F|  |TAMS 0x0000000085700000, 0x0000000085700000| Untracked 
|  60|0x0000000085800000, 0x0000000085800000, 0x0000000085900000|  0%| F|  |TAMS 0x0000000085800000, 0x0000000085800000| Untracked 
|  61|0x0000000085900000, 0x0000000085900000, 0x0000000085a00000|  0%| F|  |TAMS 0x0000000085900000, 0x0000000085900000| Untracked 
|  62|0x0000000085a00000, 0x0000000085a00000, 0x0000000085b00000|  0%| F|  |TAMS 0x0000000085a00000, 0x0000000085a00000| Untracked 
|  63|0x0000000085b00000, 0x0000000085b00000, 0x0000000085c00000|  0%| F|  |TAMS 0x0000000085b00000, 0x0000000085b00000| Untracked 
|  64|0x0000000085c00000, 0x0000000085c00000, 0x0000000085d00000|  0%| F|  |TAMS 0x0000000085c00000, 0x0000000085c00000| Untracked 
|  65|0x0000000085d00000, 0x0000000085d5d7b0, 0x0000000085e00000| 36%| S|  |TAMS 0x0000000085d00000, 0x0000000085d00000| Complete 
|  66|0x0000000085e00000, 0x0000000085f00000, 0x0000000085f00000|100%| S|  |TAMS 0x0000000085e00000, 0x0000000085e00000| Complete 
|  67|0x0000000085f00000, 0x0000000086000000, 0x0000000086000000|100%| S|  |TAMS 0x0000000085f00000, 0x0000000085f00000| Complete 
|  68|0x0000000086000000, 0x0000000086100000, 0x0000000086100000|100%| S|  |TAMS 0x0000000086000000, 0x0000000086000000| Complete 
|  69|0x0000000086100000, 0x0000000086200000, 0x0000000086200000|100%| E|CS|TAMS 0x0000000086100000, 0x0000000086100000| Complete 
|  70|0x0000000086200000, 0x0000000086300000, 0x0000000086300000|100%| E|CS|TAMS 0x0000000086200000, 0x0000000086200000| Complete 
|  71|0x0000000086300000, 0x0000000086400000, 0x0000000086400000|100%| E|CS|TAMS 0x0000000086300000, 0x0000000086300000| Complete 
|  72|0x0000000086400000, 0x0000000086500000, 0x0000000086500000|100%| E|CS|TAMS 0x0000000086400000, 0x0000000086400000| Complete 
|  73|0x0000000086500000, 0x0000000086600000, 0x0000000086600000|100%| E|CS|TAMS 0x0000000086500000, 0x0000000086500000| Complete 
|  74|0x0000000086600000, 0x0000000086700000, 0x0000000086700000|100%| E|CS|TAMS 0x0000000086600000, 0x0000000086600000| Complete 
|  75|0x0000000086700000, 0x0000000086800000, 0x0000000086800000|100%| E|CS|TAMS 0x0000000086700000, 0x0000000086700000| Complete 
|  76|0x0000000086800000, 0x0000000086900000, 0x0000000086900000|100%| E|CS|TAMS 0x0000000086800000, 0x0000000086800000| Complete 
|  77|0x0000000086900000, 0x0000000086a00000, 0x0000000086a00000|100%| E|CS|TAMS 0x0000000086900000, 0x0000000086900000| Complete 
|  78|0x0000000086a00000, 0x0000000086b00000, 0x0000000086b00000|100%| E|CS|TAMS 0x0000000086a00000, 0x0000000086a00000| Complete 
|  79|0x0000000086b00000, 0x0000000086c00000, 0x0000000086c00000|100%| E|CS|TAMS 0x0000000086b00000, 0x0000000086b00000| Complete 
|  80|0x0000000086c00000, 0x0000000086d00000, 0x0000000086d00000|100%| E|CS|TAMS 0x0000000086c00000, 0x0000000086c00000| Complete 
|  81|0x0000000086d00000, 0x0000000086e00000, 0x0000000086e00000|100%| E|CS|TAMS 0x0000000086d00000, 0x0000000086d00000| Complete 
|  82|0x0000000086e00000, 0x0000000086f00000, 0x0000000086f00000|100%| E|CS|TAMS 0x0000000086e00000, 0x0000000086e00000| Complete 
|  83|0x0000000086f00000, 0x0000000087000000, 0x0000000087000000|100%| E|CS|TAMS 0x0000000086f00000, 0x0000000086f00000| Complete 
|  84|0x0000000087000000, 0x0000000087100000, 0x0000000087100000|100%| E|CS|TAMS 0x0000000087000000, 0x0000000087000000| Complete 
|  85|0x0000000087100000, 0x0000000087200000, 0x0000000087200000|100%| E|CS|TAMS 0x0000000087100000, 0x0000000087100000| Complete 
|  86|0x0000000087200000, 0x0000000087300000, 0x0000000087300000|100%| E|CS|TAMS 0x0000000087200000, 0x0000000087200000| Complete 
|  87|0x0000000087300000, 0x0000000087400000, 0x0000000087400000|100%| E|CS|TAMS 0x0000000087300000, 0x0000000087300000| Complete 
|  88|0x0000000087400000, 0x0000000087500000, 0x0000000087500000|100%| E|CS|TAMS 0x0000000087400000, 0x0000000087400000| Complete 
|  89|0x0000000087500000, 0x0000000087600000, 0x0000000087600000|100%| E|CS|TAMS 0x0000000087500000, 0x0000000087500000| Complete 
|  90|0x0000000087600000, 0x0000000087700000, 0x0000000087700000|100%| E|CS|TAMS 0x0000000087600000, 0x0000000087600000| Complete 
|  91|0x0000000087700000, 0x0000000087800000, 0x0000000087800000|100%| E|CS|TAMS 0x0000000087700000, 0x0000000087700000| Complete 
|  92|0x0000000087800000, 0x0000000087900000, 0x0000000087900000|100%| E|CS|TAMS 0x0000000087800000, 0x0000000087800000| Complete 
|  93|0x0000000087900000, 0x0000000087a00000, 0x0000000087a00000|100%| E|CS|TAMS 0x0000000087900000, 0x0000000087900000| Complete 
|  94|0x0000000087a00000, 0x0000000087b00000, 0x0000000087b00000|100%| E|CS|TAMS 0x0000000087a00000, 0x0000000087a00000| Complete 
|  95|0x0000000087b00000, 0x0000000087c00000, 0x0000000087c00000|100%| E|CS|TAMS 0x0000000087b00000, 0x0000000087b00000| Complete 
|  96|0x0000000087c00000, 0x0000000087d00000, 0x0000000087d00000|100%| E|CS|TAMS 0x0000000087c00000, 0x0000000087c00000| Complete 
|  97|0x0000000087d00000, 0x0000000087e00000, 0x0000000087e00000|100%| E|CS|TAMS 0x0000000087d00000, 0x0000000087d00000| Complete 
|  98|0x0000000087e00000, 0x0000000087f00000, 0x0000000087f00000|100%| E|CS|TAMS 0x0000000087e00000, 0x0000000087e00000| Complete 
|  99|0x0000000087f00000, 0x0000000088000000, 0x0000000088000000|100%| E|CS|TAMS 0x0000000087f00000, 0x0000000087f00000| Complete 
| 100|0x0000000088000000, 0x0000000088100000, 0x0000000088100000|100%| E|CS|TAMS 0x0000000088000000, 0x0000000088000000| Complete 
| 101|0x0000000088100000, 0x0000000088200000, 0x0000000088200000|100%| E|CS|TAMS 0x0000000088100000, 0x0000000088100000| Complete 
| 102|0x0000000088200000, 0x0000000088300000, 0x0000000088300000|100%| E|CS|TAMS 0x0000000088200000, 0x0000000088200000| Complete 
| 103|0x0000000088300000, 0x0000000088400000, 0x0000000088400000|100%| E|CS|TAMS 0x0000000088300000, 0x0000000088300000| Complete 
| 104|0x0000000088400000, 0x0000000088500000, 0x0000000088500000|100%| E|CS|TAMS 0x0000000088400000, 0x0000000088400000| Complete 
| 105|0x0000000088500000, 0x0000000088600000, 0x0000000088600000|100%| E|CS|TAMS 0x0000000088500000, 0x0000000088500000| Complete 
| 106|0x0000000088600000, 0x0000000088700000, 0x0000000088700000|100%| E|CS|TAMS 0x0000000088600000, 0x0000000088600000| Complete 
| 107|0x0000000088700000, 0x0000000088800000, 0x0000000088800000|100%| E|CS|TAMS 0x0000000088700000, 0x0000000088700000| Complete 
| 108|0x0000000088800000, 0x0000000088900000, 0x0000000088900000|100%| E|CS|TAMS 0x0000000088800000, 0x0000000088800000| Complete 
| 109|0x0000000088900000, 0x0000000088a00000, 0x0000000088a00000|100%| E|CS|TAMS 0x0000000088900000, 0x0000000088900000| Complete 
| 110|0x0000000088a00000, 0x0000000088b00000, 0x0000000088b00000|100%| E|CS|TAMS 0x0000000088a00000, 0x0000000088a00000| Complete 
| 111|0x0000000088b00000, 0x0000000088be4500, 0x0000000088c00000| 89%| E|CS|TAMS 0x0000000088b00000, 0x0000000088b00000| Complete 
| 112|0x0000000088c00000, 0x0000000088d00000, 0x0000000088d00000|100%| E|CS|TAMS 0x0000000088c00000, 0x0000000088c00000| Complete 
| 113|0x0000000088d00000, 0x0000000088e00000, 0x0000000088e00000|100%| E|CS|TAMS 0x0000000088d00000, 0x0000000088d00000| Complete 
| 114|0x0000000088e00000, 0x0000000088f00000, 0x0000000088f00000|100%| E|CS|TAMS 0x0000000088e00000, 0x0000000088e00000| Complete 
| 115|0x0000000088f00000, 0x0000000089000000, 0x0000000089000000|100%| E|CS|TAMS 0x0000000088f00000, 0x0000000088f00000| Complete 
| 116|0x0000000089000000, 0x0000000089100000, 0x0000000089100000|100%| E|CS|TAMS 0x0000000089000000, 0x0000000089000000| Complete 
| 117|0x0000000089100000, 0x0000000089200000, 0x0000000089200000|100%| E|CS|TAMS 0x0000000089100000, 0x0000000089100000| Complete 
| 118|0x0000000089200000, 0x0000000089300000, 0x0000000089300000|100%| E|CS|TAMS 0x0000000089200000, 0x0000000089200000| Complete 
| 119|0x0000000089300000, 0x0000000089400000, 0x0000000089400000|100%| E|CS|TAMS 0x0000000089300000, 0x0000000089300000| Complete 
| 120|0x0000000089400000, 0x0000000089500000, 0x0000000089500000|100%| E|CS|TAMS 0x0000000089400000, 0x0000000089400000| Complete 
| 121|0x0000000089500000, 0x0000000089600000, 0x0000000089600000|100%| E|CS|TAMS 0x0000000089500000, 0x0000000089500000| Complete 
| 122|0x0000000089600000, 0x0000000089700000, 0x0000000089700000|100%| E|CS|TAMS 0x0000000089600000, 0x0000000089600000| Complete 
| 123|0x0000000089700000, 0x0000000089800000, 0x0000000089800000|100%| E|CS|TAMS 0x0000000089700000, 0x0000000089700000| Complete 
| 124|0x0000000089800000, 0x0000000089900000, 0x0000000089900000|100%| E|CS|TAMS 0x0000000089800000, 0x0000000089800000| Complete 
| 125|0x0000000089900000, 0x0000000089a00000, 0x0000000089a00000|100%| E|CS|TAMS 0x0000000089900000, 0x0000000089900000| Complete 
| 126|0x0000000089a00000, 0x0000000089b00000, 0x0000000089b00000|100%| E|CS|TAMS 0x0000000089a00000, 0x0000000089a00000| Complete 
| 127|0x0000000089b00000, 0x0000000089c00000, 0x0000000089c00000|100%| E|CS|TAMS 0x0000000089b00000, 0x0000000089b00000| Complete 

Card table byte_map: [0x00000244b48b0000,0x00000244b4cb0000] _byte_map_base: 0x00000244b44a2000

Marking Bits (Prev, Next): (CMBitMap*) 0x00000244a9cbb960, (CMBitMap*) 0x00000244a9cbb9a0
 Prev Bits: [0x00000244b50b0000, 0x00000244b7040000)
 Next Bits: [0x00000244b7040000, 0x00000244b8fd0000)

Polling page: 0x00000244a7bf0000

Metaspace:

Usage:
  Non-class:     11.17 MB used.
      Class:      1.64 MB used.
       Both:     12.81 MB used.

Virtual space:
  Non-class space:       16.00 MB reserved,      11.31 MB ( 71%) committed,  2 nodes.
      Class space:        1.00 GB reserved,       1.75 MB ( <1%) committed,  1 nodes.
             Both:        1.02 GB reserved,      13.06 MB (  1%) committed. 

Chunk freelists:
   Non-Class:  736.00 KB
       Class:  2.19 MB
        Both:  2.91 MB

MaxMetaspaceSize: unlimited
CompressedClassSpaceSize: 1.00 GB
Initial GC threshold: 21.00 MB
Current GC threshold: 21.00 MB
CDS: on
MetaspaceReclaimPolicy: balanced
 - commit_granule_bytes: 65536.
 - commit_granule_words: 8192.
 - virtual_space_node_default_size: 1048576.
 - enlarge_chunks_in_place: 1.
 - new_chunks_are_fully_committed: 0.
 - uncommit_free_chunks: 1.
 - use_allocation_guard: 0.
 - handle_deallocations: 1.


Internal statistics:

num_allocs_failed_limit: 0.
num_arena_births: 214.
num_arena_deaths: 0.
num_vsnodes_births: 3.
num_vsnodes_deaths: 0.
num_space_committed: 209.
num_space_uncommitted: 0.
num_chunks_returned_to_freelist: 0.
num_chunks_taken_from_freelist: 497.
num_chunk_merges: 0.
num_chunk_splits: 307.
num_chunks_enlarged: 189.
num_purges: 0.
num_inconsistent_stats: 0.

CodeCache: size=49152Kb used=5802Kb max_used=5802Kb free=43349Kb
 bounds [0x00000244b14b0000, 0x00000244b1a60000, 0x00000244b44b0000]
 total_blobs=2569 nmethods=2092 adapters=402
 compilation: enabled
              stopped_count=0, restarted_count=0
 full_count=0

Compilation events (20 events):
Event: 2.241 Thread 0x00000244bb2baaa0 nmethod 2077 0x00000244b1a56510 code [0x00000244b1a567a0, 0x00000244b1a57328]
Event: 2.241 Thread 0x00000244bc677050 nmethod 2083 0x00000244b1a57a90 code [0x00000244b1a57c40, 0x00000244b1a57f48]
Event: 2.241 Thread 0x00000244bc677050 2084       1       org.springframework.boot.context.properties.source.ConfigurationPropertyName$ElementsParser::<init> (9 bytes)
Event: 2.241 Thread 0x00000244bc677050 nmethod 2084 0x00000244b1a58090 code [0x00000244b1a58220, 0x00000244b1a58328]
Event: 2.241 Thread 0x00000244bc677050 2085       1       org.springframework.boot.context.properties.source.ConfigurationPropertyName::fastElementEquals (69 bytes)
Event: 2.242 Thread 0x00000244bc677050 nmethod 2085 0x00000244b1a58410 code [0x00000244b1a585e0, 0x00000244b1a58838]
Event: 2.242 Thread 0x00000244bbd9bdd0 2086       1       java.util.stream.MatchOps$BooleanTerminalSink::getAndClearState (5 bytes)
Event: 2.242 Thread 0x00000244bbd9bdd0 nmethod 2086 0x00000244b1a58a10 code [0x00000244b1a58ba0, 0x00000244b1a58c78]
Event: 2.242 Thread 0x00000244bc677050 2087       1       java.util.stream.Sink::begin (1 bytes)
Event: 2.242 Thread 0x00000244bc677050 nmethod 2087 0x00000244b1a58d10 code [0x00000244b1a58ea0, 0x00000244b1a58f58]
Event: 2.242 Thread 0x00000244bc677050 2088       1       java.util.stream.AbstractPipeline::copyIntoWithCancel (46 bytes)
Event: 2.243 Thread 0x00000244bbd9bdd0 2089       1       java.lang.invoke.DirectMethodHandle$Holder::newInvokeSpecial (24 bytes)
Event: 2.243 Thread 0x00000244bb2baaa0 2090       1       org.springframework.boot.context.properties.source.ConfigurationPropertyName::adapt (53 bytes)
Event: 2.243 Thread 0x00000244bc677050 nmethod 2088 0x00000244b1a59010 code [0x00000244b1a591e0, 0x00000244b1a59398]
Event: 2.243 Thread 0x00000244bbd9bdd0 nmethod 2089 0x00000244b1a59510 code [0x00000244b1a596c0, 0x00000244b1a59888]
Event: 2.243 Thread 0x00000244bb2baaa0 nmethod 2090 0x00000244b1a59a10 code [0x00000244b1a59c00, 0x00000244b1a5a098]
Event: 2.243 Thread 0x00000244bbd9bdd0 2091       1       org.springframework.core.env.PropertySource::getSource (5 bytes)
Event: 2.244 Thread 0x00000244bbd9bdd0 nmethod 2091 0x00000244b1a5a290 code [0x00000244b1a5a420, 0x00000244b1a5a4f8]
Event: 2.244 Thread 0x00000244bc677050 2092       1       org.springframework.boot.context.properties.source.ConfigurationPropertyName$Elements::get (49 bytes)
Event: 2.244 Thread 0x00000244bc677050 nmethod 2092 0x00000244b1a5a590 code [0x00000244b1a5a740, 0x00000244b1a5a908]

GC Heap History (7 events):
Event: 0.740 GC heap before
{Heap before GC invocations=0 (full 0):
 garbage-first heap   total 131072K, used 14336K [0x0000000081c00000, 0x0000000100000000)
  region size 1024K, 13 young (13312K), 0 survivors (0K)
 Metaspace       used 292K, committed 512K, reserved 1056768K
  class space    used 18K, committed 128K, reserved 1048576K
}
Event: 0.747 GC heap after
{Heap after GC invocations=1 (full 0):
 garbage-first heap   total 131072K, used 10194K [0x0000000081c00000, 0x0000000100000000)
  region size 1024K, 2 young (2048K), 2 survivors (2048K)
 Metaspace       used 292K, committed 512K, reserved 1056768K
  class space    used 18K, committed 128K, reserved 1048576K
}
Event: 1.076 GC heap before
{Heap before GC invocations=1 (full 0):
 garbage-first heap   total 131072K, used 17362K [0x0000000081c00000, 0x0000000100000000)
  region size 1024K, 10 young (10240K), 2 survivors (2048K)
 Metaspace       used 3943K, committed 4096K, reserved 1056768K
  class space    used 441K, committed 512K, reserved 1048576K
}
Event: 1.082 GC heap after
{Heap after GC invocations=2 (full 0):
 garbage-first heap   total 131072K, used 14236K [0x0000000081c00000, 0x0000000100000000)
  region size 1024K, 2 young (2048K), 2 survivors (2048K)
 Metaspace       used 3943K, committed 4096K, reserved 1056768K
  class space    used 441K, committed 512K, reserved 1048576K
}
Event: 1.522 GC heap before
{Heap before GC invocations=2 (full 0):
 garbage-first heap   total 131072K, used 28572K [0x0000000081c00000, 0x0000000100000000)
  region size 1024K, 16 young (16384K), 2 survivors (2048K)
 Metaspace       used 8196K, committed 8320K, reserved 1056768K
  class space    used 964K, committed 1024K, reserved 1048576K
}
Event: 1.526 GC heap after
{Heap after GC invocations=3 (full 0):
 garbage-first heap   total 131072K, used 15137K [0x0000000081c00000, 0x0000000100000000)
  region size 1024K, 1 young (1024K), 1 survivors (1024K)
 Metaspace       used 8196K, committed 8320K, reserved 1056768K
  class space    used 964K, committed 1024K, reserved 1048576K
}
Event: 2.245 GC heap before
{Heap before GC invocations=3 (full 0):
 garbage-first heap   total 131072K, used 73505K [0x0000000081c00000, 0x0000000100000000)
  region size 1024K, 59 young (60416K), 1 survivors (1024K)
 Metaspace       used 13114K, committed 13376K, reserved 1064960K
  class space    used 1675K, committed 1792K, reserved 1048576K
}

Deoptimization events (20 events):
Event: 2.189 Thread 0x00000244bd0e9f60 DEOPT PACKING pc=0x00000244b18c54d4 sp=0x000000e6bb2fdd80
Event: 2.189 Thread 0x00000244bd0e9f60 DEOPT UNPACKING pc=0x00000244b1502b43 sp=0x000000e6bb2fd270 mode 1
Event: 2.190 Thread 0x00000244bd0e9f60 DEOPT PACKING pc=0x00000244b19295dc sp=0x000000e6bb2fc780
Event: 2.190 Thread 0x00000244bd0e9f60 DEOPT UNPACKING pc=0x00000244b1502b43 sp=0x000000e6bb2fbc18 mode 1
Event: 2.190 Thread 0x00000244bd0e9f60 DEOPT PACKING pc=0x00000244b19284fc sp=0x000000e6bb2fc850
Event: 2.190 Thread 0x00000244bd0e9f60 DEOPT UNPACKING pc=0x00000244b1502b43 sp=0x000000e6bb2fbd08 mode 1
Event: 2.190 Thread 0x00000244bd0e9f60 DEOPT PACKING pc=0x00000244b18c54d4 sp=0x000000e6bb2fd230
Event: 2.190 Thread 0x00000244bd0e9f60 DEOPT UNPACKING pc=0x00000244b1502b43 sp=0x000000e6bb2fc720 mode 1
Event: 2.190 Thread 0x00000244bd0e9f60 DEOPT PACKING pc=0x00000244b19284fc sp=0x000000e6bb2fd3a0
Event: 2.190 Thread 0x00000244bd0e9f60 DEOPT UNPACKING pc=0x00000244b1502b43 sp=0x000000e6bb2fc858 mode 1
Event: 2.190 Thread 0x00000244bd0e9f60 DEOPT PACKING pc=0x00000244b18c54d4 sp=0x000000e6bb2fdd80
Event: 2.190 Thread 0x00000244bd0e9f60 DEOPT UNPACKING pc=0x00000244b1502b43 sp=0x000000e6bb2fd270 mode 1
Event: 2.218 Thread 0x00000244bd0e9f60 DEOPT PACKING pc=0x00000244b1a34c34 sp=0x000000e6bb2fd490
Event: 2.218 Thread 0x00000244bd0e9f60 DEOPT UNPACKING pc=0x00000244b1502b43 sp=0x000000e6bb2fc958 mode 1
Event: 2.218 Thread 0x00000244bd0e9f60 DEOPT PACKING pc=0x00000244b1a36174 sp=0x000000e6bb2fd590
Event: 2.218 Thread 0x00000244bd0e9f60 DEOPT UNPACKING pc=0x00000244b1502b43 sp=0x000000e6bb2fca78 mode 1
Event: 2.242 Thread 0x00000244bd0e9f60 DEOPT PACKING pc=0x00000244b1a34c34 sp=0x000000e6bb2fd6e0
Event: 2.242 Thread 0x00000244bd0e9f60 DEOPT UNPACKING pc=0x00000244b1502b43 sp=0x000000e6bb2fcba8 mode 1
Event: 2.242 Thread 0x00000244bd0e9f60 DEOPT PACKING pc=0x00000244b1a36174 sp=0x000000e6bb2fd7e0
Event: 2.242 Thread 0x00000244bd0e9f60 DEOPT UNPACKING pc=0x00000244b1502b43 sp=0x000000e6bb2fccc8 mode 1

Classes unloaded (0 events):
No events

Classes redefined (0 events):
No events

Internal exceptions (20 events):
Event: 1.500 Thread 0x00000244bcf27ca0 Exception <a 'java/lang/NoSuchMethodError'{0x0000000088d82510}: static [B.<clinit>()V> (0x0000000088d82510) 
thrown [t:\workspace\open\src\hotspot\share\prims\jni.cpp, line 1107]
Event: 1.510 Thread 0x00000244bcf27ca0 Exception <a 'java/lang/ClassNotFoundException'{0x0000000088c0afa0}: javax/management/remote/rmi/RMIConnectionImpl_Skel> (0x0000000088c0afa0) 
thrown [t:\workspace\open\src\hotspot\share\classfile\systemDictionary.cpp, line 256]
Event: 1.512 Thread 0x00000244bcf3c1d0 Exception <a 'java/lang/NoSuchMethodError'{0x0000000088c2fa50}: 'java.lang.Object java.lang.invoke.Invokers$Holder.linkToTargetMethod(java.lang.Object, long, java.lang.Object)'> (0x0000000088c2fa50) 
thrown [t:\workspace\open\src\hotspot\share\interpreter\linkResolver.cpp, line 766]
Event: 1.521 Thread 0x00000244bcf27ca0 Exception <a 'java/lang/reflect/InvocationTargetException'{0x0000000088cb0600}> (0x0000000088cb0600) 
thrown [t:\workspace\open\src\hotspot\share\runtime\reflection.cpp, line 1121]
Event: 1.530 Thread 0x00000244bcf27ca0 Exception <a 'java/lang/NoSuchMethodError'{0x0000000089b22418}: static [Ljava/lang/StackTraceElement;.<clinit>()V> (0x0000000089b22418) 
thrown [t:\workspace\open\src\hotspot\share\prims\jni.cpp, line 1107]
Event: 1.721 Thread 0x00000244a9c7ecc0 Exception <a 'java/lang/NoSuchMethodError'{0x0000000088eef428}: 'java.lang.Object java.lang.invoke.DirectMethodHandle$Holder.invokeSpecialIFC(java.lang.Object, java.lang.Object, java.lang.Object, java.lang.Object)'> (0x0000000088eef428) 
thrown [t:\workspace\open\src\hotspot\share\interpreter\linkResolver.cpp, line 766]
Event: 1.737 Thread 0x00000244a9c7ecc0 Exception <a 'java/lang/NoSuchMethodError'{0x0000000088c40e28}: 'int java.lang.invoke.DirectMethodHandle$Holder.invokeStaticInit(java.lang.Object, java.lang.Object)'> (0x0000000088c40e28) 
thrown [t:\workspace\open\src\hotspot\share\interpreter\linkResolver.cpp, line 766]
Event: 1.757 Thread 0x00000244a9c7ecc0 Exception <a 'java/lang/NoSuchMethodError'{0x0000000088966b70}: 'int java.lang.invoke.DirectMethodHandle$Holder.invokeVirtual(java.lang.Object, java.lang.Object, java.lang.Object)'> (0x0000000088966b70) 
thrown [t:\workspace\open\src\hotspot\share\interpreter\linkResolver.cpp, line 766]
Event: 1.758 Thread 0x00000244a9c7ecc0 Exception <a 'java/lang/NoSuchMethodError'{0x0000000088971898}: 'void java.lang.invoke.DirectMethodHandle$Holder.invokeInterface(java.lang.Object, java.lang.Object, java.lang.Object)'> (0x0000000088971898) 
thrown [t:\workspace\open\src\hotspot\share\interpreter\linkResolver.cpp, line 766]
Event: 1.759 Thread 0x00000244a9c7ecc0 Exception <a 'java/lang/IncompatibleClassChangeError'{0x0000000088974c58}: Found class java.lang.Object, but interface was expected> (0x0000000088974c58) 
thrown [t:\workspace\open\src\hotspot\share\interpreter\linkResolver.cpp, line 833]
Event: 1.801 Thread 0x00000244a9c7ecc0 Exception <a 'java/lang/NoSuchMethodError'{0x000000008852f530}: 'int java.lang.invoke.DirectMethodHandle$Holder.invokeStaticInit(java.lang.Object, java.lang.Object, java.lang.Object)'> (0x000000008852f530) 
thrown [t:\workspace\open\src\hotspot\share\interpreter\linkResolver.cpp, line 766]
Event: 1.806 Thread 0x00000244a9c7ecc0 Exception <a 'java/lang/NoSuchMethodError'{0x0000000088582138}: 'java.lang.Object java.lang.invoke.DirectMethodHandle$Holder.invokeVirtual(java.lang.Object, java.lang.Object, java.lang.Object)'> (0x0000000088582138) 
thrown [t:\workspace\open\src\hotspot\share\interpreter\linkResolver.cpp, line 766]
Event: 1.810 Thread 0x00000244a9c7ecc0 Exception <a 'java/lang/NoSuchMethodError'{0x00000000885edf30}: 'java.lang.Object java.lang.invoke.DirectMethodHandle$Holder.newInvokeSpecial(java.lang.Object, java.lang.Object, java.lang.Object, java.lang.Object, java.lang.Object)'> (0x00000000885edf30) 
thrown [t:\workspace\open\src\hotspot\share\interpreter\linkResolver.cpp, line 766]
Event: 2.035 Thread 0x00000244bcf27ca0 Exception <a 'java/lang/reflect/InvocationTargetException'{0x0000000089bf6868}> (0x0000000089bf6868) 
thrown [t:\workspace\open\src\hotspot\share\runtime\reflection.cpp, line 1121]
Event: 2.037 Thread 0x00000244bd0e9f60 Exception <a 'sun/nio/fs/WindowsException'{0x00000000872756b8}> (0x00000000872756b8) 
thrown [t:\workspace\open\src\hotspot\share\prims\jni.cpp, line 516]
Event: 2.166 Thread 0x00000244bd0e9f60 Exception <a 'java/lang/NoSuchMethodError'{0x00000000867ad578}: 'void java.lang.invoke.DirectMethodHandle$Holder.invokeStatic(java.lang.Object, java.lang.Object, java.lang.Object, java.lang.Object)'> (0x00000000867ad578) 
thrown [t:\workspace\open\src\hotspot\share\interpreter\linkResolver.cpp, line 766]
Event: 2.191 Thread 0x00000244bd0e9f60 Exception <a 'java/lang/NoSuchMethodError'{0x00000000865289c8}: 'int java.lang.invoke.DirectMethodHandle$Holder.invokeStatic(java.lang.Object, java.lang.Object, java.lang.Object, java.lang.Object)'> (0x00000000865289c8) 
thrown [t:\workspace\open\src\hotspot\share\interpreter\linkResolver.cpp, line 766]
Event: 2.192 Thread 0x00000244bd0e9f60 Exception <a 'java/lang/NoSuchMethodError'{0x000000008652c348}: 'java.lang.Object java.lang.invoke.Invokers$Holder.invokeExact_MT(java.lang.Object, java.lang.Object, java.lang.Object, java.lang.Object, java.lang.Object, java.lang.Object)'> (0x000000008652c348) 
thrown [t:\workspace\open\src\hotspot\share\interpreter\linkResolver.cpp, line 766]
Event: 2.195 Thread 0x00000244bd0e9f60 Exception <a 'java/lang/NoSuchMethodError'{0x000000008654b598}: 'java.lang.Object java.lang.invoke.DirectMethodHandle$Holder.invokeInterface(java.lang.Object, java.lang.Object, java.lang.Object)'> (0x000000008654b598) 
thrown [t:\workspace\open\src\hotspot\share\interpreter\linkResolver.cpp, line 766]
Event: 2.195 Thread 0x00000244bd0e9f60 Exception <a 'java/lang/IncompatibleClassChangeError'{0x000000008654ec60}: Found class java.lang.Object, but interface was expected> (0x000000008654ec60) 
thrown [t:\workspace\open\src\hotspot\share\interpreter\linkResolver.cpp, line 833]

VM Operations (20 events):
Event: 1.082 Executing VM operation: G1CollectForAllocation done
Event: 1.122 Executing VM operation: HandshakeAllThreads
Event: 1.122 Executing VM operation: HandshakeAllThreads done
Event: 1.146 Executing VM operation: HandshakeAllThreads
Event: 1.146 Executing VM operation: HandshakeAllThreads done
Event: 1.303 Executing VM operation: HandshakeAllThreads
Event: 1.303 Executing VM operation: HandshakeAllThreads done
Event: 1.509 Executing VM operation: HandshakeAllThreads
Event: 1.509 Executing VM operation: HandshakeAllThreads done
Event: 1.522 Executing VM operation: G1CollectForAllocation
Event: 1.526 Executing VM operation: G1CollectForAllocation done
Event: 1.708 Executing VM operation: HandshakeAllThreads
Event: 1.708 Executing VM operation: HandshakeAllThreads done
Event: 1.855 Executing VM operation: HandshakeAllThreads
Event: 1.855 Executing VM operation: HandshakeAllThreads done
Event: 2.038 Executing VM operation: HandshakeAllThreads
Event: 2.038 Executing VM operation: HandshakeAllThreads done
Event: 2.140 Executing VM operation: HandshakeAllThreads
Event: 2.140 Executing VM operation: HandshakeAllThreads done
Event: 2.245 Executing VM operation: G1CollectForAllocation

Events (20 events):
Event: 2.183 loading class java/util/stream/MatchOps$BooleanTerminalSink
Event: 2.183 loading class java/util/stream/MatchOps$BooleanTerminalSink done
Event: 2.184 loading class java/util/stream/MatchOps$2MatchSink
Event: 2.184 loading class java/util/stream/MatchOps$2MatchSink done
Event: 2.192 loading class java/util/Collections$ReverseComparator
Event: 2.192 loading class java/util/Collections$ReverseComparator done
Event: 2.192 loading class java/util/Comparators$NaturalOrderComparator
Event: 2.193 loading class java/util/Comparators$NaturalOrderComparator done
Event: 2.193 loading class java/util/Collections$ReverseComparator2
Event: 2.193 loading class java/util/Collections$ReverseComparator2 done
Event: 2.203 loading class java/util/Collections$UnmodifiableMap$UnmodifiableEntrySet
Event: 2.203 loading class java/util/Collections$UnmodifiableMap$UnmodifiableEntrySet done
Event: 2.203 loading class java/util/Collections$UnmodifiableMap$UnmodifiableEntrySet$1
Event: 2.204 loading class java/util/Collections$UnmodifiableMap$UnmodifiableEntrySet$1 done
Event: 2.204 loading class java/util/Collections$UnmodifiableMap$UnmodifiableEntrySet$UnmodifiableEntry
Event: 2.204 loading class java/util/Collections$UnmodifiableMap$UnmodifiableEntrySet$UnmodifiableEntry done
Event: 2.234 loading class java/beans/PropertyEditorSupport
Event: 2.234 loading class java/beans/PropertyEditor
Event: 2.234 loading class java/beans/PropertyEditor done
Event: 2.234 loading class java/beans/PropertyEditorSupport done


Dynamic libraries:
0x00007ff6d16d0000 - 0x00007ff6d16e0000 	C:\Program Files\Java\jdk-17.0.2\bin\javaw.exe
0x00007ffc70c10000 - 0x00007ffc70e08000 	C:\Windows\SYSTEM32\ntdll.dll
0x00007ffc68760000 - 0x00007ffc68777000 	C:\Program Files\Avast Software\Avast\aswhook.dll
0x00007ffc6ec70000 - 0x00007ffc6ed2d000 	C:\Windows\System32\KERNEL32.DLL
0x00007ffc6e620000 - 0x00007ffc6e8f2000 	C:\Windows\System32\KERNELBASE.dll
0x00007ffc6e420000 - 0x00007ffc6e520000 	C:\Windows\System32\ucrtbase.dll
0x00007ffc66db0000 - 0x00007ffc66dca000 	C:\Program Files\Java\jdk-17.0.2\bin\VCRUNTIME140.dll
0x00007ffc6bae0000 - 0x00007ffc6baf8000 	C:\Program Files\Java\jdk-17.0.2\bin\jli.dll
0x00007ffc6ff00000 - 0x00007ffc6ffae000 	C:\Windows\System32\ADVAPI32.dll
0x00007ffc705c0000 - 0x00007ffc7065e000 	C:\Windows\System32\msvcrt.dll
0x00007ffc70210000 - 0x00007ffc702ac000 	C:\Windows\System32\sechost.dll
0x00007ffc6fd00000 - 0x00007ffc6fe25000 	C:\Windows\System32\RPCRT4.dll
0x00007ffc70370000 - 0x00007ffc7050d000 	C:\Windows\System32\USER32.dll
0x00007ffc6e3f0000 - 0x00007ffc6e412000 	C:\Windows\System32\win32u.dll
0x00007ffc57ea0000 - 0x00007ffc5813a000 	C:\Windows\WinSxS\amd64_microsoft.windows.common-controls_6595b64144ccf1df_6.0.19041.1110_none_60b5254171f9507e\COMCTL32.dll
0x00007ffc700b0000 - 0x00007ffc700db000 	C:\Windows\System32\GDI32.dll
0x00007ffc6ead0000 - 0x00007ffc6ebdf000 	C:\Windows\System32\gdi32full.dll
0x00007ffc6e350000 - 0x00007ffc6e3ed000 	C:\Windows\System32\msvcp_win.dll
0x00007ffc655b0000 - 0x00007ffc655ba000 	C:\Windows\SYSTEM32\VERSION.dll
0x00007ffc70590000 - 0x00007ffc705c0000 	C:\Windows\System32\IMM32.DLL
0x00007ffc6bad0000 - 0x00007ffc6badc000 	C:\Program Files\Java\jdk-17.0.2\bin\vcruntime140_1.dll
0x00007ffc4e6e0000 - 0x00007ffc4e76d000 	C:\Program Files\Java\jdk-17.0.2\bin\msvcp140.dll
0x00007ffc399c0000 - 0x00007ffc3a581000 	C:\Program Files\Java\jdk-17.0.2\bin\server\jvm.dll
0x00007ffc70010000 - 0x00007ffc70018000 	C:\Windows\System32\PSAPI.DLL
0x00007ffc5f9b0000 - 0x00007ffc5f9b9000 	C:\Windows\SYSTEM32\WSOCK32.dll
0x00007ffc59b30000 - 0x00007ffc59b57000 	C:\Windows\SYSTEM32\WINMM.dll
0x00007ffc6fe90000 - 0x00007ffc6fefb000 	C:\Windows\System32\WS2_32.dll
0x00007ffc6c3c0000 - 0x00007ffc6c3d2000 	C:\Windows\SYSTEM32\kernel.appcore.dll
0x00007ffc69840000 - 0x00007ffc6984a000 	C:\Program Files\Java\jdk-17.0.2\bin\jimage.dll
0x00007ffc633a0000 - 0x00007ffc63584000 	C:\Windows\SYSTEM32\DBGHELP.DLL
0x00007ffc63300000 - 0x00007ffc6332c000 	C:\Windows\SYSTEM32\dbgcore.DLL
0x00007ffc6ebe0000 - 0x00007ffc6ec62000 	C:\Windows\System32\bcryptPrimitives.dll
0x00007ffc537f0000 - 0x00007ffc5382b000 	C:\Program Files\Java\jdk-17.0.2\bin\jdwp.dll
0x00007ffc678f0000 - 0x00007ffc678fe000 	C:\Program Files\Java\jdk-17.0.2\bin\instrument.dll
0x00007ffc66d80000 - 0x00007ffc66da5000 	C:\Program Files\Java\jdk-17.0.2\bin\java.dll
0x00007ffc3edb0000 - 0x00007ffc3ee86000 	C:\Program Files\Java\jdk-17.0.2\bin\jsvml.dll
0x00007ffc6f490000 - 0x00007ffc6fbd3000 	C:\Windows\System32\SHELL32.dll
0x00007ffc6c3e0000 - 0x00007ffc6cb71000 	C:\Windows\SYSTEM32\windows.storage.dll
0x00007ffc70810000 - 0x00007ffc70b64000 	C:\Windows\System32\combase.dll
0x00007ffc6dca0000 - 0x00007ffc6dcd0000 	C:\Windows\SYSTEM32\Wldp.dll
0x00007ffc702c0000 - 0x00007ffc7036d000 	C:\Windows\System32\SHCORE.dll
0x00007ffc70b70000 - 0x00007ffc70bc5000 	C:\Windows\System32\shlwapi.dll
0x00007ffc6e260000 - 0x00007ffc6e27f000 	C:\Windows\SYSTEM32\profapi.dll
0x00007ffc65570000 - 0x00007ffc6557c000 	C:\Program Files\Java\jdk-17.0.2\bin\dt_socket.dll
0x00007ffc6d6f0000 - 0x00007ffc6d72b000 	C:\Windows\SYSTEM32\IPHLPAPI.DLL
0x00007ffc6da00000 - 0x00007ffc6da6a000 	C:\Windows\system32\mswsock.dll
0x00007ffc6d740000 - 0x00007ffc6d80a000 	C:\Windows\SYSTEM32\DNSAPI.dll
0x00007ffc702b0000 - 0x00007ffc702b8000 	C:\Windows\System32\NSI.dll
0x00007ffc66780000 - 0x00007ffc6678a000 	C:\Windows\System32\rasadhlp.dll
0x00007ffc60640000 - 0x00007ffc606c0000 	C:\Windows\System32\fwpuclnt.dll
0x00007ffc6e320000 - 0x00007ffc6e347000 	C:\Windows\System32\bcrypt.dll
0x00007ffc65550000 - 0x00007ffc65568000 	C:\Program Files\Java\jdk-17.0.2\bin\zip.dll
0x00007ffc64610000 - 0x00007ffc64629000 	C:\Program Files\Java\jdk-17.0.2\bin\net.dll
0x00007ffc60740000 - 0x00007ffc6084d000 	C:\Windows\SYSTEM32\WINHTTP.dll
0x00007ffc63be0000 - 0x00007ffc63bf6000 	C:\Program Files\Java\jdk-17.0.2\bin\nio.dll
0x00007ffc5e960000 - 0x00007ffc5e969000 	C:\Program Files\Java\jdk-17.0.2\bin\management.dll
0x00007ffc57dd0000 - 0x00007ffc57ddb000 	C:\Program Files\Java\jdk-17.0.2\bin\management_ext.dll
0x00007ffc56780000 - 0x00007ffc56797000 	C:\Windows\system32\napinsp.dll
0x00007ffc565f0000 - 0x00007ffc5660b000 	C:\Windows\system32\pnrpnsp.dll
0x00007ffc68780000 - 0x00007ffc68795000 	C:\Windows\system32\wshbth.dll
0x00007ffc68f40000 - 0x00007ffc68f5d000 	C:\Windows\system32\NLAapi.dll
0x00007ffc565d0000 - 0x00007ffc565e2000 	C:\Windows\System32\winrnr.dll
0x00007ffc6dbf0000 - 0x00007ffc6dc08000 	C:\Windows\SYSTEM32\CRYPTSP.dll
0x00007ffc6d320000 - 0x00007ffc6d354000 	C:\Windows\system32\rsaenh.dll
0x00007ffc6e220000 - 0x00007ffc6e24e000 	C:\Windows\SYSTEM32\USERENV.dll
0x00007ffc6dc10000 - 0x00007ffc6dc1c000 	C:\Windows\SYSTEM32\CRYPTBASE.dll
0x00007ffc669f0000 - 0x00007ffc66a07000 	C:\Windows\SYSTEM32\dhcpcsvc6.DLL
0x00007ffc67260000 - 0x00007ffc6727d000 	C:\Windows\SYSTEM32\dhcpcsvc.DLL
0x00007ffc579a0000 - 0x00007ffc579b0000 	C:\Program Files\Java\jdk-17.0.2\bin\verify.dll

dbghelp: loaded successfully - version: 4.0.5 - missing functions: none
symbol engine: initialized successfully - sym options: 0x614 - pdb path: .;C:\Program Files\Java\jdk-17.0.2\bin;C:\Windows\SYSTEM32;C:\Program Files\Avast Software\Avast;C:\Windows\WinSxS\amd64_microsoft.windows.common-controls_6595b64144ccf1df_6.0.19041.1110_none_60b5254171f9507e;C:\Program Files\Java\jdk-17.0.2\bin\server

VM Arguments:
jvm_args: -XX:+ShowCodeDetailsInExceptionMessages -agentlib:jdwp=transport=dt_socket,suspend=y,address=localhost:50609 -Dcom.sun.management.jmxremote -Dcom.sun.management.jmxremote.port=50606 -Dcom.sun.management.jmxremote.authenticate=false -Dcom.sun.management.jmxremote.ssl=false -Djava.rmi.server.hostname=localhost -Dspring.jmx.enabled=true -Dspring.application.admin.enabled=true -XX:TieredStopAtLevel=1 -Dspring.boot.project.name=yuzeeapp -javaagent:C:\Users\BUYPC\Desktop\sts-4.16.0.RELEASE\configuration\org.eclipse.osgi\268\0\.cp\lib\javaagent-shaded.jar -Dfile.encoding=UTF-8 
java_command: com.yuzee.app.YuzeeApplication --spring.output.ansi.enabled=always
java_class_path (initial): C:\Users\BUYPC\Desktop\yuzee-backend-institute-api\target\classes;C:\Users\BUYPC\.m2\repository\org\apache\commons\commons-lang3\3.11\commons-lang3-3.11.jar;C:\Users\BUYPC\.m2\repository\org\projectlombok\lombok\1.18.20\lombok-1.18.20.jar;C:\Users\BUYPC\.m2\repository\junit\junit\4.12\junit-4.12.jar;C:\Users\BUYPC\.m2\repository\org\hamcrest\hamcrest-core\2.2\hamcrest-core-2.2.jar;C:\Users\BUYPC\.m2\repository\org\springframework\boot\spring-boot-starter-web\2.4.5\spring-boot-starter-web-2.4.5.jar;C:\Users\BUYPC\.m2\repository\org\springframework\boot\spring-boot-starter\2.4.5\spring-boot-starter-2.4.5.jar;C:\Users\BUYPC\.m2\repository\org\springframework\boot\spring-boot-starter-logging\2.4.5\spring-boot-starter-logging-2.4.5.jar;C:\Users\BUYPC\.m2\repository\ch\qos\logback\logback-classic\1.2.3\logback-classic-1.2.3.jar;C:\Users\BUYPC\.m2\repository\ch\qos\logback\logback-core\1.2.3\logback-core-1.2.3.jar;C:\Users\BUYPC\.m2\repository\org\apache\logging\log4j\log4j-to-slf4j\2.13.3\log4j-to-slf4j-2.13.3.jar;C:\Users\BUYPC\.m2\repository\org\apache\logging\log4j\log4j-api\2.13.3\log4j-api-2.13.3.jar;C:\Users\BUYPC\.m2\repository\org\slf4j\jul-to-slf4j\1.7.30\jul-to-slf4j-1.7.30.jar;C:\Users\BUYPC\.m2\repository\org\yaml\snakeyaml\1.27\snakeyaml-1.27.jar;C:\Users\BUYPC\.m2\repository\org\springframework\boot\spring-boot-starter-json\2.4.5\spring-boot-starter-json-2.4.5.jar;C:\Users\BUYPC\.m2\repository\com\fasterxml\jackson\datatype\jackson-datatype-jdk8\2.11.4\jackson-datatype-jdk8-2.11.4.jar;C:\Users\BUYPC\.m2\repository\com\fasterxml\jackson\datatype\jackson-datatype-jsr310\2.11.4\jackson-datatype-jsr310-2.11.4.jar;C:\Users\BUYPC\.m2\repository\com\fasterxml\jackson\module\jackson-module-parameter-names\2.11.4\jackson-module-parameter-names-2.11.4.jar;C:\Users\BUYPC\.m2\repository\org\springframework\spring-web\5.3.6\spring-web-5.3.6.jar;C:\Users\BUYPC\.m2\repository\org\springframework\spring-beans\5.3.6\spring-beans-5.3.6.jar;C:\User
Launcher Type: SUN_STANDARD

[Global flags]
     intx CICompilerCount                          = 3                                         {product} {ergonomic}
     uint ConcGCThreads                            = 1                                         {product} {ergonomic}
     uint G1ConcRefinementThreads                  = 4                                         {product} {ergonomic}
   size_t G1HeapRegionSize                         = 1048576                                   {product} {ergonomic}
    uintx GCDrainStackTargetSize                   = 64                                        {product} {ergonomic}
   size_t InitialHeapSize                          = 134217728                                 {product} {ergonomic}
     bool ManagementServer                         = true                                      {product} {command line}
   size_t MarkStackSize                            = 4194304                                   {product} {ergonomic}
   size_t MaxHeapSize                              = 2118123520                                {product} {ergonomic}
   size_t MaxNewSize                               = 1270874112                                {product} {ergonomic}
   size_t MinHeapDeltaBytes                        = 1048576                                   {product} {ergonomic}
   size_t MinHeapSize                              = 8388608                                   {product} {ergonomic}
    uintx NonProfiledCodeHeapSize                  = 0                                      {pd product} {ergonomic}
     bool ProfileInterpreter                       = false                                  {pd product} {command line}
    uintx ProfiledCodeHeapSize                     = 0                                      {pd product} {ergonomic}
     bool ShowCodeDetailsInExceptionMessages       = true                                   {manageable} {command line}
   size_t SoftMaxHeapSize                          = 2118123520                             {manageable} {ergonomic}
     intx TieredStopAtLevel                        = 1                                         {product} {command line}
     bool UseCompressedClassPointers               = true                           {product lp64_product} {ergonomic}
     bool UseCompressedOops                        = true                           {product lp64_product} {ergonomic}
     bool UseG1GC                                  = true                                      {product} {ergonomic}
     bool UseLargePagesIndividualAllocation        = false                                  {pd product} {ergonomic}

Logging:
Log output configuration:
 #0: stdout all=warning uptime,level,tags
 #1: stderr all=off uptime,level,tags

Environment Variables:
JAVA_HOME=C:\Program Files\Java\jdk-17.0.2
PATH=C:/Users/BUYPC/Desktop/sts-4.16.0.RELEASE//plugins/org.eclipse.justj.openjdk.hotspot.jre.full.win32.x86_64_17.0.4.v20220903-1038/jre/bin/server;C:/Users/BUYPC/Desktop/sts-4.16.0.RELEASE//plugins/org.eclipse.justj.openjdk.hotspot.jre.full.win32.x86_64_17.0.4.v20220903-1038/jre/bin;C:\Program Files\Common Files\Oracle\Java\javapath;C:\Program Files\Java\jdk-16.0.2\bin;C:\Windows\system32;C:\Windows;C:\Windows\System32\Wbem;C:\Windows\System32\WindowsPowerShell\v1.0\;C:\Windows\System32\OpenSSH\;C:\Users\BUYPC\Desktop\apache-maven-3.8.4-bin\apache-maven-3.8.4\bin;C:\Program Files\Git\cmd;C:\Program Files\nodejs\;C:\ProgramData\Microsoft\Windows\Start Menu\Programs\MySQL\MySQL Server 8.0;C:\Users\BUYPC\Downloads\sonarqube-8.9.9.56886\sonarqube-8.9.9.56886\bin;C:\Program Files\MySQL\MySQL Shell 8.0\bin\;C:\Users\BUYPC\AppData\Local\Microsoft\WindowsApps;C:\Users\BUYPC\AppData\Roaming\npm;C:\Users\BUYPC\AppData\Local\Programs\Microsoft VS Code\bin;C:\Users\BUYPC\Desktop\;C:\Users\BUYPC\Desktop\sts-4.16.0.RELEASE;
USERNAME=BUYPC
OS=Windows_NT
PROCESSOR_IDENTIFIER=Intel64 Family 6 Model 42 Stepping 7, GenuineIntel



---------------  S Y S T E M  ---------------

OS:
 Windows 10 , 64 bit Build 19041 (10.0.19041.1889)
OS uptime: 3 days 22:21 hours

CPU: total 4 (initial active 4) (2 cores per cpu, 2 threads per core) family 6 model 42 stepping 7 microcode 0x2f, cx8, cmov, fxsr, ht, mmx, sse, sse2, sse3, ssse3, sse4.1, sse4.2, popcnt, tsc, tscinvbit, avx, aes, clmul, vzeroupper, clflush

Memory: 4k page, system-wide physical 8073M (1253M free)
TotalPageFile size 14729M (AvailPageFile size 5234M)
current process WorkingSet (physical memory assigned to process): 138M, peak: 138M
current process commit charge ("private bytes"): 232M, peak: 232M

vm_info: Java HotSpot(TM) 64-Bit Server VM (17.0.2+8-LTS-86) for windows-amd64 JRE (17.0.2+8-LTS-86), built on Dec  7 2021 21:51:03 by "mach5one" with MS VC++ 16.8 / 16.9 (VS2019)

END.
