#
# A fatal error has been detected by the Java Runtime Environment:
#
#  EXCEPTION_ACCESS_VIOLATION (0xc0000005) at pc=0xffffffffffffffff, pid=15204, tid=12008
#
# JRE version: OpenJDK Runtime Environment Temurin-17.0.4.1+1 (17.0.4.1+1) (build 17.0.4.1+1)
# Java VM: OpenJDK 64-Bit Server VM Temurin-17.0.4.1+1 (17.0.4.1+1, mixed mode, tiered, compressed oops, compressed class ptrs, g1 gc, windows-amd64)
# Problematic frame:
# C  0xffffffffffffffff
#
# No core dump will be written. Minidumps are not enabled by default on client versions of Windows
#
# If you would like to submit a bug report, please visit:
#   https://github.com/adoptium/adoptium-support/issues
#

---------------  S U M M A R Y ------------

Command Line: -XX:+ShowCodeDetailsInExceptionMessages -agentlib:jdwp=transport=dt_socket,suspend=y,address=localhost:59402 -ea -javaagent:C:\Users\BUYPC\Desktop\sts-4.16.0.RELEASE\configuration\org.eclipse.osgi\268\0\.cp\lib\javaagent-shaded.jar -Dfile.encoding=UTF-8 org.eclipse.jdt.internal.junit.runner.RemoteTestRunner -version 3 -port 59400 -testLoaderClass org.eclipse.jdt.internal.junit5.runner.JUnit5TestLoader -loaderpluginname org.eclipse.jdt.junit5.runtime -test testController.TestInstituteController:changeInstituteStatus

Host: Intel(R) Core(TM) i7-2640M CPU @ 2.80GHz, 4 cores, 7G,  Windows 10 , 64 bit Build 19041 (10.0.19041.2251)
Time: Mon Nov 21 00:31:29 2022 Pacific Standard Time elapsed time: 29.035619 seconds (0d 0h 0m 29s)

---------------  T H R E A D  ---------------

Current thread (0x000001d67e7a3ef0):  GCTaskThread "GC Thread#2" [stack: 0x0000002c78500000,0x0000002c78600000] [id=12008]

Stack: [0x0000002c78500000,0x0000002c78600000],  sp=0x0000002c785ff7b8,  free space=1021k
Native frames: (J=compiled Java code, j=interpreted, Vv=VM code, C=native code)
C  0xffffffffffffffff


siginfo: EXCEPTION_ACCESS_VIOLATION (0xc0000005), data execution prevention violation at address 0xffffffffffffffff


Register to memory mapping:

RIP=0xffffffffffffffff is an unknown value
RAX=0x00000000000001d6 is an unknown value
RBX=0x0000000000000039 is an unknown value
RCX=0x000001d67f17c870 points into unknown readable memory: 0x00007ff8e4917320 | 20 73 91 e4 f8 7f 00 00
RDX=0x000000008606b3d0 points into unknown readable memory: 0x000000008606b3d3 | d3 b3 06 86 00 00 00 00
RSP=0x0000002c785ff7b8 points into unknown readable memory: 0x00007ff8e42c6a9c | 9c 6a 2c e4 f8 7f 00 00
RBP=0x000001d67f17c6f0 points into unknown readable memory: 0x00007ff8e4917368 | 68 73 91 e4 f8 7f 00 00
RSI=0x000000008606b3d0 points into unknown readable memory: 0x000000008606b3d3 | d3 b3 06 86 00 00 00 00
RDI=0x0000000000000007 is an unknown value
R8 =0x0000000100041358 is pointing into metadata
R9 =0x00007ff8e4abdfb8 jvm.dll
R10=0x0000000000000002 is an unknown value
R11=0x0000002c785ff5b0 points into unknown readable memory: 0x0000000000000000 | 00 00 00 00 00 00 00 00
R12=0x000000000fb000cd is an unknown value
R13=0x000000008606b3d0 points into unknown readable memory: 0x000000008606b3d3 | d3 b3 06 86 00 00 00 00
R14=0x0000000100041358 is pointing into metadata
R15=0x0 is NULL


Registers:
RAX=0x00000000000001d6, RBX=0x0000000000000039, RCX=0x000001d67f17c870, RDX=0x000000008606b3d0
RSP=0x0000002c785ff7b8, RBP=0x000001d67f17c6f0, RSI=0x000000008606b3d0, RDI=0x0000000000000007
R8 =0x0000000100041358, R9 =0x00007ff8e4abdfb8, R10=0x0000000000000002, R11=0x0000002c785ff5b0
R12=0x000000000fb000cd, R13=0x000000008606b3d0, R14=0x0000000100041358, R15=0x0000000000000000
RIP=0xffffffffffffffff, EFLAGS=0x0000000000010202

Top of Stack: (sp=0x0000002c785ff7b8)
0x0000002c785ff7b8:   00007ff8e42c6a9c 0000000000000039
0x0000002c785ff7c8:   000001d67f17c6f0 000000008606b3d0
0x0000002c785ff7d8:   000001d67f17c870 0000000084db4798
0x0000002c785ff7e8:   0000000100041358 000001d67f17c6f0
0x0000002c785ff7f8:   0000002c785ff888 0000000000000001
0x0000002c785ff808:   00007ff8e42c6358 0000000000000001
0x0000002c785ff818:   0000000000000000 0000000100041358
0x0000002c785ff828:   0000000100018170 000001d600000007
0x0000002c785ff838:   00007ff800000000 000001d67f170001
0x0000002c785ff848:   0000002c785f0100 0000000000000000
0x0000002c785ff858:   0000000000000039 000001d66402fbe0
0x0000002c785ff868:   00007ff8e42c4b8d 0000000000004a46
0x0000002c785ff878:   0000000081f00000 000001d67f17c870
0x0000002c785ff888:   0000000000000000 0000000000000040
0x0000002c785ff898:   000001d663fa7830 0000002c785ffb80
0x0000002c785ff8a8:   000001d67f17c6f0 0000000084db4774 

Instructions: (pc=0xffffffffffffffff)
0xfffffffffffffeff:   


Stack slot to memory mapping:
stack at sp + 0 slots: 0x00007ff8e42c6a9c jvm.dll
stack at sp + 1 slots: 0x0000000000000039 is an unknown value
stack at sp + 2 slots: 0x000001d67f17c6f0 points into unknown readable memory: 0x00007ff8e4917368 | 68 73 91 e4 f8 7f 00 00
stack at sp + 3 slots: 0x000000008606b3d0 points into unknown readable memory: 0x000000008606b3d3 | d3 b3 06 86 00 00 00 00
stack at sp + 4 slots: 0x000001d67f17c870 points into unknown readable memory: 0x00007ff8e4917320 | 20 73 91 e4 f8 7f 00 00
stack at sp + 5 slots: 
[error occurred during error reporting (inspecting top of stack), id 0xc0000005, EXCEPTION_ACCESS_VIOLATION (0xc0000005) at pc=0x00007ff8e429263a]


---------------  P R O C E S S  ---------------

Threads class SMR info:
_java_thread_list=0x000001d607202d30, length=18, elements={
0x000001d663f99b50, 0x000001d67d67e290, 0x000001d67d6549e0, 0x000001d67e0314d0,
0x000001d67e033e90, 0x000001d67e034840, 0x000001d67e0351f0, 0x000001d67e036ee0,
0x000001d67e0a40b0, 0x000001d67e0a7260, 0x000001d67e2cf580, 0x000001d67e3562a0,
0x000001d67e3b1b10, 0x000001d67e3b2000, 0x000001d67f4f6cc0, 0x000001d67f49e660,
0x000001d67f174a60, 0x000001d67f382f60
}

Java Threads: ( => current thread )
  0x000001d663f99b50 JavaThread "main" [_thread_blocked, id=2620, stack(0x0000002c76f00000,0x0000002c77000000)]
  0x000001d67d67e290 JavaThread "Reference Handler" daemon [_thread_blocked, id=9948, stack(0x0000002c77600000,0x0000002c77700000)]
  0x000001d67d6549e0 JavaThread "Finalizer" daemon [_thread_blocked, id=13784, stack(0x0000002c77700000,0x0000002c77800000)]
  0x000001d67e0314d0 JavaThread "Signal Dispatcher" daemon [_thread_blocked, id=14960, stack(0x0000002c77800000,0x0000002c77900000)]
  0x000001d67e033e90 JavaThread "Attach Listener" daemon [_thread_blocked, id=13460, stack(0x0000002c77900000,0x0000002c77a00000)]
  0x000001d67e034840 JavaThread "Service Thread" daemon [_thread_blocked, id=6136, stack(0x0000002c77a00000,0x0000002c77b00000)]
  0x000001d67e0351f0 JavaThread "Monitor Deflation Thread" daemon [_thread_blocked, id=11048, stack(0x0000002c77b00000,0x0000002c77c00000)]
  0x000001d67e036ee0 JavaThread "C2 CompilerThread0" daemon [_thread_blocked, id=12096, stack(0x0000002c77c00000,0x0000002c77d00000)]
  0x000001d67e0a40b0 JavaThread "C1 CompilerThread0" daemon [_thread_blocked, id=13092, stack(0x0000002c77d00000,0x0000002c77e00000)]
  0x000001d67e0a7260 JavaThread "Sweeper thread" daemon [_thread_blocked, id=9540, stack(0x0000002c77e00000,0x0000002c77f00000)]
  0x000001d67e2cf580 JavaThread "Common-Cleaner" daemon [_thread_blocked, id=8344, stack(0x0000002c77f00000,0x0000002c78000000)]
  0x000001d67e3562a0 JavaThread "JDWP Transport Listener: dt_socket" daemon [_thread_blocked, id=14460, stack(0x0000002c78000000,0x0000002c78100000)]
  0x000001d67e3b1b10 JavaThread "JDWP Event Helper Thread" daemon [_thread_blocked, id=7328, stack(0x0000002c78100000,0x0000002c78200000)]
  0x000001d67e3b2000 JavaThread "JDWP Command Reader" daemon [_thread_in_native, id=10736, stack(0x0000002c78200000,0x0000002c78300000)]
  0x000001d67f4f6cc0 JavaThread "Notification Thread" daemon [_thread_blocked, id=10264, stack(0x0000002c78700000,0x0000002c78800000)]
  0x000001d67f49e660 JavaThread "ReaderThread" [_thread_in_native, id=13980, stack(0x0000002c78900000,0x0000002c78a00000)]
  0x000001d67f174a60 JavaThread "C2 CompilerThread1" daemon [_thread_blocked, id=8184, stack(0x0000002c78300000,0x0000002c78400000)]
  0x000001d67f382f60 JavaThread "mysql-cj-abandoned-connection-cleanup" daemon [_thread_blocked, id=14724, stack(0x0000002c78a00000,0x0000002c78b00000)]

Other Threads:
  0x000001d67d66fb30 VMThread "VM Thread" [stack: 0x0000002c77500000,0x0000002c77600000] [id=12800]
  0x000001d67ef30040 WatcherThread [stack: 0x0000002c78800000,0x0000002c78900000] [id=13012]
  0x000001d663ff4260 GCTaskThread "GC Thread#0" [stack: 0x0000002c77000000,0x0000002c77100000] [id=6776]
  0x000001d67ee6f400 GCTaskThread "GC Thread#1" [stack: 0x0000002c78400000,0x0000002c78500000] [id=7028]
=>0x000001d67e7a3ef0 GCTaskThread "GC Thread#2" [stack: 0x0000002c78500000,0x0000002c78600000] [id=12008]
  0x000001d67ee17e90 GCTaskThread "GC Thread#3" [stack: 0x0000002c78600000,0x0000002c78700000] [id=11772]
  0x000001d664004cc0 ConcurrentGCThread "G1 Main Marker" [stack: 0x0000002c77100000,0x0000002c77200000] [id=14732]
  0x000001d664005570 ConcurrentGCThread "G1 Conc#0" [stack: 0x0000002c77200000,0x0000002c77300000] [id=14584]
  0x000001d67d4c30e0 ConcurrentGCThread "G1 Refine#0" [stack: 0x0000002c77300000,0x0000002c77400000] [id=4808]
  0x000001d67d4c39a0 ConcurrentGCThread "G1 Service" [stack: 0x0000002c77400000,0x0000002c77500000] [id=3844]

Threads with active compile tasks:

VM state: at safepoint (normal execution)

VM Mutex/Monitor currently owned by a thread:  ([mutex/lock_event])
[0x000001d663f946a0] Threads_lock - owner thread: 0x000001d67d66fb30
[0x000001d663f94460] Heap_lock - owner thread: 0x000001d663f99b50

Heap address: 0x0000000081c00000, size: 2020 MB, Compressed Oops mode: 32-bit

CDS archive(s) not mapped
Compressed class space mapped at: 0x0000000100000000-0x0000000140000000, reserved size: 1073741824
Narrow klass base: 0x0000000000000000, Narrow klass shift: 3, Narrow klass range: 0x140000000

GC Precious Log:
 CPUs: 4 total, 4 available
 Memory: 8073M
 Large Page Support: Disabled
 NUMA Support: Disabled
 Compressed Oops: Enabled (32-bit)
 Heap Region Size: 1M
 Heap Min Capacity: 8M
 Heap Initial Capacity: 128M
 Heap Max Capacity: 2020M
 Pre-touch: Disabled
 Parallel Workers: 4
 Concurrent Workers: 1
 Concurrent Refinement Workers: 4
 Periodic GC: Disabled

Heap:
 garbage-first heap   total 114688K, used 97423K [0x0000000081c00000, 0x0000000100000000)
  region size 1024K, 47 young (48128K), 4 survivors (4096K)
 Metaspace       used 53778K, committed 54144K, reserved 1097728K
  class space    used 6646K, committed 6848K, reserved 1048576K

Heap Regions: E=young(eden), S=young(survivor), O=old, HS=humongous(starts), HC=humongous(continues), CS=collection set, F=free, OA=open archive, CA=closed archive, TAMS=top-at-mark-start (previous, next)
|   0|0x0000000081c00000, 0x0000000081d00000, 0x0000000081d00000|100%|HS|  |TAMS 0x0000000081d00000, 0x0000000081c00000| Complete 
|   1|0x0000000081d00000, 0x0000000081e00000, 0x0000000081e00000|100%|HC|  |TAMS 0x0000000081e00000, 0x0000000081d00000| Complete 
|   2|0x0000000081e00000, 0x0000000081f00000, 0x0000000081f00000|100%|HS|  |TAMS 0x0000000081f00000, 0x0000000081e00000| Complete 
|   3|0x0000000081f00000, 0x0000000082000000, 0x0000000082000000|100%|HS|  |TAMS 0x0000000082000000, 0x0000000081f00000| Complete 
|   4|0x0000000082000000, 0x0000000082100000, 0x0000000082100000|100%| O|  |TAMS 0x0000000082100000, 0x0000000082000000| Untracked 
|   5|0x0000000082100000, 0x0000000082200000, 0x0000000082200000|100%| O|  |TAMS 0x0000000082200000, 0x0000000082100000| Untracked 
|   6|0x0000000082200000, 0x0000000082300000, 0x0000000082300000|100%| O|  |TAMS 0x0000000082300000, 0x0000000082200000| Untracked 
|   7|0x0000000082300000, 0x0000000082400000, 0x0000000082400000|100%| O|  |TAMS 0x0000000082400000, 0x0000000082300000| Untracked 
|   8|0x0000000082400000, 0x0000000082500000, 0x0000000082500000|100%| O|  |TAMS 0x0000000082500000, 0x0000000082400000| Untracked 
|   9|0x0000000082500000, 0x0000000082600000, 0x0000000082600000|100%| O|  |TAMS 0x0000000082600000, 0x0000000082500000| Untracked 
|  10|0x0000000082600000, 0x0000000082700000, 0x0000000082700000|100%| O|  |TAMS 0x0000000082700000, 0x0000000082600000| Untracked 
|  11|0x0000000082700000, 0x0000000082800000, 0x0000000082800000|100%| O|  |TAMS 0x0000000082800000, 0x0000000082700000| Untracked 
|  12|0x0000000082800000, 0x0000000082900000, 0x0000000082900000|100%| O|  |TAMS 0x0000000082900000, 0x0000000082800000| Untracked 
|  13|0x0000000082900000, 0x0000000082a00000, 0x0000000082a00000|100%| O|  |TAMS 0x0000000082a00000, 0x0000000082900000| Untracked 
|  14|0x0000000082a00000, 0x0000000082b00000, 0x0000000082b00000|100%| O|  |TAMS 0x0000000082b00000, 0x0000000082a00000| Untracked 
|  15|0x0000000082b00000, 0x0000000082c00000, 0x0000000082c00000|100%| O|  |TAMS 0x0000000082c00000, 0x0000000082b00000| Untracked 
|  16|0x0000000082c00000, 0x0000000082d00000, 0x0000000082d00000|100%| O|  |TAMS 0x0000000082d00000, 0x0000000082c00000| Untracked 
|  17|0x0000000082d00000, 0x0000000082dd9200, 0x0000000082e00000| 84%| O|  |TAMS 0x0000000082dd9200, 0x0000000082d00000| Untracked 
|  18|0x0000000082e00000, 0x0000000082f00000, 0x0000000082f00000|100%| O|  |TAMS 0x0000000082f00000, 0x0000000082e00000| Untracked 
|  19|0x0000000082f00000, 0x0000000083000000, 0x0000000083000000|100%| O|  |TAMS 0x0000000083000000, 0x0000000082f00000| Untracked 
|  20|0x0000000083000000, 0x0000000083100000, 0x0000000083100000|100%| O|  |TAMS 0x0000000083100000, 0x0000000083000000| Untracked 
|  21|0x0000000083100000, 0x0000000083200000, 0x0000000083200000|100%| O|  |TAMS 0x0000000083200000, 0x0000000083100000| Untracked 
|  22|0x0000000083200000, 0x0000000083300000, 0x0000000083300000|100%| O|  |TAMS 0x0000000083300000, 0x0000000083200000| Untracked 
|  23|0x0000000083300000, 0x0000000083400000, 0x0000000083400000|100%| O|  |TAMS 0x0000000083400000, 0x0000000083300000| Untracked 
|  24|0x0000000083400000, 0x0000000083500000, 0x0000000083500000|100%| O|  |TAMS 0x0000000083500000, 0x0000000083400000| Untracked 
|  25|0x0000000083500000, 0x0000000083600000, 0x0000000083600000|100%| O|  |TAMS 0x0000000083600000, 0x0000000083500000| Untracked 
|  26|0x0000000083600000, 0x0000000083700000, 0x0000000083700000|100%| O|  |TAMS 0x0000000083700000, 0x0000000083600000| Untracked 
|  27|0x0000000083700000, 0x0000000083800000, 0x0000000083800000|100%| O|  |TAMS 0x0000000083800000, 0x0000000083700000| Untracked 
|  28|0x0000000083800000, 0x0000000083900000, 0x0000000083900000|100%| O|  |TAMS 0x0000000083900000, 0x0000000083800000| Untracked 
|  29|0x0000000083900000, 0x0000000083a00000, 0x0000000083a00000|100%| O|  |TAMS 0x0000000083a00000, 0x0000000083900000| Untracked 
|  30|0x0000000083a00000, 0x0000000083b00000, 0x0000000083b00000|100%| O|  |TAMS 0x0000000083b00000, 0x0000000083a00000| Untracked 
|  31|0x0000000083b00000, 0x0000000083ba2c30, 0x0000000083c00000| 63%| O|  |TAMS 0x0000000083b00000, 0x0000000083b00000| Untracked 
|  32|0x0000000083c00000, 0x0000000083d00000, 0x0000000083d00000|100%| O|  |TAMS 0x0000000083d00000, 0x0000000083c00000| Untracked 
|  33|0x0000000083d00000, 0x0000000083e00000, 0x0000000083e00000|100%| O|  |TAMS 0x0000000083e00000, 0x0000000083d00000| Untracked 
|  34|0x0000000083e00000, 0x0000000083f00000, 0x0000000083f00000|100%| O|  |TAMS 0x0000000083f00000, 0x0000000083e00000| Untracked 
|  35|0x0000000083f00000, 0x0000000084000000, 0x0000000084000000|100%| O|  |TAMS 0x0000000084000000, 0x0000000083f00000| Untracked 
|  36|0x0000000084000000, 0x0000000084100000, 0x0000000084100000|100%| O|  |TAMS 0x0000000084100000, 0x0000000084000000| Untracked 
|  37|0x0000000084100000, 0x0000000084200000, 0x0000000084200000|100%| O|  |TAMS 0x0000000084200000, 0x0000000084100000| Untracked 
|  38|0x0000000084200000, 0x0000000084300000, 0x0000000084300000|100%| O|  |TAMS 0x0000000084300000, 0x0000000084200000| Untracked 
|  39|0x0000000084300000, 0x0000000084400000, 0x0000000084400000|100%| O|  |TAMS 0x0000000084400000, 0x0000000084300000| Untracked 
|  40|0x0000000084400000, 0x0000000084500000, 0x0000000084500000|100%| O|  |TAMS 0x0000000084500000, 0x0000000084400000| Untracked 
|  41|0x0000000084500000, 0x0000000084600000, 0x0000000084600000|100%| O|  |TAMS 0x0000000084600000, 0x0000000084500000| Untracked 
|  42|0x0000000084600000, 0x0000000084700000, 0x0000000084700000|100%| O|  |TAMS 0x0000000084700000, 0x0000000084600000| Untracked 
|  43|0x0000000084700000, 0x0000000084800000, 0x0000000084800000|100%| O|  |TAMS 0x0000000084714e00, 0x0000000084700000| Untracked 
|  44|0x0000000084800000, 0x0000000084900000, 0x0000000084900000|100%| O|  |TAMS 0x0000000084800000, 0x0000000084800000| Untracked 
|  45|0x0000000084900000, 0x0000000084a00000, 0x0000000084a00000|100%| O|  |TAMS 0x0000000084900000, 0x0000000084900000| Untracked 
|  46|0x0000000084a00000, 0x0000000084b00000, 0x0000000084b00000|100%| O|  |TAMS 0x0000000084a00000, 0x0000000084a00000| Untracked 
|  47|0x0000000084b00000, 0x0000000084c00000, 0x0000000084c00000|100%| O|  |TAMS 0x0000000084b00000, 0x0000000084b00000| Untracked 
|  48|0x0000000084c00000, 0x0000000084d00000, 0x0000000084d00000|100%| O|  |TAMS 0x0000000084c00000, 0x0000000084c00000| Untracked 
|  49|0x0000000084d00000, 0x0000000084e00000, 0x0000000084e00000|100%| O|  |TAMS 0x0000000084d00000, 0x0000000084d00000| Untracked 
|  50|0x0000000084e00000, 0x0000000084e00000, 0x0000000084f00000|  0%| F|  |TAMS 0x0000000084e00000, 0x0000000084e00000| Untracked 
|  51|0x0000000084f00000, 0x0000000084f00000, 0x0000000085000000|  0%| F|  |TAMS 0x0000000084f00000, 0x0000000084f00000| Untracked 
|  52|0x0000000085000000, 0x0000000085000000, 0x0000000085100000|  0%| F|  |TAMS 0x0000000085000000, 0x0000000085000000| Untracked 
|  53|0x0000000085100000, 0x0000000085100000, 0x0000000085200000|  0%| F|  |TAMS 0x0000000085100000, 0x0000000085100000| Untracked 
|  54|0x0000000085200000, 0x0000000085200000, 0x0000000085300000|  0%| F|  |TAMS 0x0000000085200000, 0x0000000085200000| Untracked 
|  55|0x0000000085300000, 0x0000000085300000, 0x0000000085400000|  0%| F|  |TAMS 0x0000000085300000, 0x0000000085300000| Untracked 
|  56|0x0000000085400000, 0x0000000085400000, 0x0000000085500000|  0%| F|  |TAMS 0x0000000085400000, 0x0000000085400000| Untracked 
|  57|0x0000000085500000, 0x0000000085500000, 0x0000000085600000|  0%| F|  |TAMS 0x0000000085500000, 0x0000000085500000| Untracked 
|  58|0x0000000085600000, 0x0000000085600000, 0x0000000085700000|  0%| F|  |TAMS 0x0000000085600000, 0x0000000085600000| Untracked 
|  59|0x0000000085700000, 0x0000000085700000, 0x0000000085800000|  0%| F|  |TAMS 0x0000000085700000, 0x0000000085700000| Untracked 
|  60|0x0000000085800000, 0x0000000085800000, 0x0000000085900000|  0%| F|  |TAMS 0x0000000085800000, 0x0000000085800000| Untracked 
|  61|0x0000000085900000, 0x00000000859d2ac8, 0x0000000085a00000| 82%| S|  |TAMS 0x0000000085900000, 0x0000000085900000| Complete 
|  62|0x0000000085a00000, 0x0000000085b00000, 0x0000000085b00000|100%| S|  |TAMS 0x0000000085a00000, 0x0000000085a00000| Complete 
|  63|0x0000000085b00000, 0x0000000085c00000, 0x0000000085c00000|100%| S|  |TAMS 0x0000000085b00000, 0x0000000085b00000| Complete 
|  64|0x0000000085c00000, 0x0000000085d00000, 0x0000000085d00000|100%| S|  |TAMS 0x0000000085c00000, 0x0000000085c00000| Complete 
|  65|0x0000000085d00000, 0x0000000085db3560, 0x0000000085e00000| 70%| E|CS|TAMS 0x0000000085d00000, 0x0000000085d00000| Complete 
|  66|0x0000000085e00000, 0x0000000085f00000, 0x0000000085f00000|100%| E|CS|TAMS 0x0000000085e00000, 0x0000000085e00000| Complete 
|  67|0x0000000085f00000, 0x0000000086000000, 0x0000000086000000|100%| E|CS|TAMS 0x0000000085f00000, 0x0000000085f00000| Complete 
|  68|0x0000000086000000, 0x0000000086100000, 0x0000000086100000|100%| E|CS|TAMS 0x0000000086000000, 0x0000000086000000| Complete 
|  69|0x0000000086100000, 0x0000000086200000, 0x0000000086200000|100%| E|CS|TAMS 0x0000000086100000, 0x0000000086100000| Complete 
|  70|0x0000000086200000, 0x0000000086300000, 0x0000000086300000|100%| E|CS|TAMS 0x0000000086200000, 0x0000000086200000| Complete 
|  71|0x0000000086300000, 0x0000000086400000, 0x0000000086400000|100%| E|CS|TAMS 0x0000000086300000, 0x0000000086300000| Complete 
|  72|0x0000000086400000, 0x0000000086500000, 0x0000000086500000|100%| E|CS|TAMS 0x0000000086400000, 0x0000000086400000| Complete 
|  73|0x0000000086500000, 0x0000000086600000, 0x0000000086600000|100%| E|CS|TAMS 0x0000000086500000, 0x0000000086500000| Complete 
|  74|0x0000000086600000, 0x0000000086700000, 0x0000000086700000|100%| E|CS|TAMS 0x0000000086600000, 0x0000000086600000| Complete 
|  75|0x0000000086700000, 0x0000000086800000, 0x0000000086800000|100%| E|CS|TAMS 0x0000000086700000, 0x0000000086700000| Complete 
|  76|0x0000000086800000, 0x0000000086900000, 0x0000000086900000|100%| E|CS|TAMS 0x0000000086800000, 0x0000000086800000| Complete 
|  77|0x0000000086900000, 0x0000000086a00000, 0x0000000086a00000|100%| E|CS|TAMS 0x0000000086900000, 0x0000000086900000| Complete 
|  78|0x0000000086a00000, 0x0000000086b00000, 0x0000000086b00000|100%| E|CS|TAMS 0x0000000086a00000, 0x0000000086a00000| Complete 
|  79|0x0000000086b00000, 0x0000000086c00000, 0x0000000086c00000|100%| E|CS|TAMS 0x0000000086b00000, 0x0000000086b00000| Complete 
|  80|0x0000000086c00000, 0x0000000086d00000, 0x0000000086d00000|100%| E|CS|TAMS 0x0000000086c00000, 0x0000000086c00000| Complete 
|  81|0x0000000086d00000, 0x0000000086e00000, 0x0000000086e00000|100%| E|CS|TAMS 0x0000000086d00000, 0x0000000086d00000| Complete 
|  82|0x0000000086e00000, 0x0000000086f00000, 0x0000000086f00000|100%| E|CS|TAMS 0x0000000086e00000, 0x0000000086e00000| Complete 
|  83|0x0000000086f00000, 0x0000000087000000, 0x0000000087000000|100%| E|CS|TAMS 0x0000000086f00000, 0x0000000086f00000| Complete 
|  84|0x0000000087000000, 0x0000000087100000, 0x0000000087100000|100%| E|CS|TAMS 0x0000000087000000, 0x0000000087000000| Complete 
|  85|0x0000000087100000, 0x0000000087200000, 0x0000000087200000|100%| E|CS|TAMS 0x0000000087100000, 0x0000000087100000| Complete 
|  86|0x0000000087200000, 0x0000000087300000, 0x0000000087300000|100%| E|CS|TAMS 0x0000000087200000, 0x0000000087200000| Complete 
|  87|0x0000000087300000, 0x0000000087400000, 0x0000000087400000|100%| E|CS|TAMS 0x0000000087300000, 0x0000000087300000| Complete 
|  88|0x0000000087400000, 0x0000000087500000, 0x0000000087500000|100%| E|CS|TAMS 0x0000000087400000, 0x0000000087400000| Complete 
|  89|0x0000000087500000, 0x0000000087600000, 0x0000000087600000|100%| E|CS|TAMS 0x0000000087500000, 0x0000000087500000| Complete 
|  90|0x0000000087600000, 0x0000000087700000, 0x0000000087700000|100%| E|CS|TAMS 0x0000000087600000, 0x0000000087600000| Complete 
|  91|0x0000000087700000, 0x0000000087800000, 0x0000000087800000|100%| E|CS|TAMS 0x0000000087700000, 0x0000000087700000| Complete 
|  92|0x0000000087800000, 0x0000000087900000, 0x0000000087900000|100%| E|CS|TAMS 0x0000000087800000, 0x0000000087800000| Complete 
|  93|0x0000000087900000, 0x0000000087a00000, 0x0000000087a00000|100%| E|CS|TAMS 0x0000000087900000, 0x0000000087900000| Complete 
|  94|0x0000000087a00000, 0x0000000087b00000, 0x0000000087b00000|100%| E|CS|TAMS 0x0000000087a00000, 0x0000000087a00000| Complete 
|  95|0x0000000087b00000, 0x0000000087c00000, 0x0000000087c00000|100%| E|CS|TAMS 0x0000000087b00000, 0x0000000087b00000| Complete 
|  96|0x0000000087c00000, 0x0000000087d00000, 0x0000000087d00000|100%| E|CS|TAMS 0x0000000087c00000, 0x0000000087c00000| Complete 
|  97|0x0000000087d00000, 0x0000000087e00000, 0x0000000087e00000|100%| E|CS|TAMS 0x0000000087d00000, 0x0000000087d00000| Complete 
|  98|0x0000000087e00000, 0x0000000087f00000, 0x0000000087f00000|100%| E|CS|TAMS 0x0000000087e00000, 0x0000000087e00000| Complete 
|  99|0x0000000087f00000, 0x0000000088000000, 0x0000000088000000|100%| E|CS|TAMS 0x0000000087f00000, 0x0000000087f00000| Complete 
| 100|0x0000000088000000, 0x0000000088100000, 0x0000000088100000|100%| E|CS|TAMS 0x0000000088000000, 0x0000000088000000| Complete 
| 101|0x0000000088100000, 0x0000000088200000, 0x0000000088200000|100%| E|CS|TAMS 0x0000000088100000, 0x0000000088100000| Complete 
| 102|0x0000000088200000, 0x0000000088300000, 0x0000000088300000|100%| E|CS|TAMS 0x0000000088200000, 0x0000000088200000| Complete 
| 103|0x0000000088300000, 0x0000000088400000, 0x0000000088400000|100%| E|CS|TAMS 0x0000000088300000, 0x0000000088300000| Complete 
| 104|0x0000000088400000, 0x0000000088500000, 0x0000000088500000|100%| E|CS|TAMS 0x0000000088400000, 0x0000000088400000| Complete 
| 105|0x0000000088500000, 0x0000000088600000, 0x0000000088600000|100%| E|CS|TAMS 0x0000000088500000, 0x0000000088500000| Complete 
| 106|0x0000000088600000, 0x0000000088700000, 0x0000000088700000|100%| E|CS|TAMS 0x0000000088600000, 0x0000000088600000| Complete 
| 107|0x0000000088700000, 0x0000000088800000, 0x0000000088800000|100%| E|CS|TAMS 0x0000000088700000, 0x0000000088700000| Complete 
| 108|0x0000000088800000, 0x0000000088900000, 0x0000000088900000|100%| E|CS|TAMS 0x0000000088800000, 0x0000000088800000| Complete 
| 109|0x0000000088900000, 0x0000000088a00000, 0x0000000088a00000|100%| E|CS|TAMS 0x0000000088900000, 0x0000000088900000| Complete 
| 110|0x0000000088a00000, 0x0000000088b00000, 0x0000000088b00000|100%| E|CS|TAMS 0x0000000088a00000, 0x0000000088a00000| Complete 
| 127|0x0000000089b00000, 0x0000000089c00000, 0x0000000089c00000|100%| E|CS|TAMS 0x0000000089b00000, 0x0000000089b00000| Complete 

Card table byte_map: [0x000001d676a30000,0x000001d676e30000] _byte_map_base: 0x000001d676622000

Marking Bits (Prev, Next): (CMBitMap*) 0x000001d663ff4750, (CMBitMap*) 0x000001d663ff4710
 Prev Bits: [0x000001d6791c0000, 0x000001d67b150000)
 Next Bits: [0x000001d677230000, 0x000001d6791c0000)

Polling page: 0x000001d663740000

Metaspace:

Usage:
  Non-class:     46.03 MB used.
      Class:      6.49 MB used.
       Both:     52.52 MB used.

Virtual space:
  Non-class space:       48.00 MB reserved,      46.19 MB ( 96%) committed,  6 nodes.
      Class space:        1.00 GB reserved,       6.69 MB ( <1%) committed,  1 nodes.
             Both:        1.05 GB reserved,      52.88 MB (  5%) committed. 

Chunk freelists:
   Non-Class:  1.01 MB
       Class:  1.37 MB
        Both:  2.38 MB

MaxMetaspaceSize: unlimited
CompressedClassSpaceSize: 1.00 GB
Initial GC threshold: 21.00 MB
Current GC threshold: 88.06 MB
CDS: off
MetaspaceReclaimPolicy: balanced
 - commit_granule_bytes: 65536.
 - commit_granule_words: 8192.
 - virtual_space_node_default_size: 1048576.
 - enlarge_chunks_in_place: 1.
 - new_chunks_are_fully_committed: 0.
 - uncommit_free_chunks: 1.
 - use_allocation_guard: 0.
 - handle_deallocations: 1.


Internal statistics:

num_allocs_failed_limit: 6.
num_arena_births: 384.
num_arena_deaths: 2.
num_vsnodes_births: 7.
num_vsnodes_deaths: 0.
num_space_committed: 846.
num_space_uncommitted: 0.
num_chunks_returned_to_freelist: 9.
num_chunks_taken_from_freelist: 2000.
num_chunk_merges: 6.
num_chunk_splits: 1378.
num_chunks_enlarged: 1054.
num_purges: 2.
num_inconsistent_stats: 0.

CodeHeap 'non-profiled nmethods': size=120000Kb used=5464Kb max_used=5464Kb free=114535Kb
 bounds [0x000001d66f100000, 0x000001d66f660000, 0x000001d676630000]
CodeHeap 'profiled nmethods': size=120000Kb used=11864Kb max_used=11864Kb free=108135Kb
 bounds [0x000001d667bd0000, 0x000001d668770000, 0x000001d66f100000]
CodeHeap 'non-nmethods': size=5760Kb used=1291Kb max_used=1383Kb free=4468Kb
 bounds [0x000001d667630000, 0x000001d6678a0000, 0x000001d667bd0000]
 total_blobs=6019 nmethods=5499 adapters=431
 compilation: enabled
              stopped_count=0, restarted_count=0
 full_count=0

Compilation events (20 events):
Event: 28.643 Thread 0x000001d67e036ee0 nmethod 6273 0x000001d66f63f690 code [0x000001d66f63f860, 0x000001d66f640078]
Event: 28.644 Thread 0x000001d67e036ee0 6278       4       java.lang.String::toCharArray (25 bytes)
Event: 28.646 Thread 0x000001d67e036ee0 nmethod 6278 0x000001d66f640490 code [0x000001d66f640620, 0x000001d66f640808]
Event: 28.646 Thread 0x000001d67e036ee0 6272   !   4       org.springframework.core.type.classreading.CachingMetadataReaderFactory::getMetadataReader (115 bytes)
Event: 28.779 Thread 0x000001d67e036ee0 nmethod 6272 0x000001d66f640990 code [0x000001d66f640c80, 0x000001d66f643410]
Event: 28.779 Thread 0x000001d67e036ee0 6281   !   4       org.springframework.asm.ClassReader::readStream (167 bytes)
Event: 28.799 Thread 0x000001d67e036ee0 nmethod 6281 0x000001d66f644b10 code [0x000001d66f644cc0, 0x000001d66f645598]
Event: 28.799 Thread 0x000001d67e036ee0 6274       4       java.io.ByteArrayOutputStream::<init> (43 bytes)
Event: 28.802 Thread 0x000001d67e036ee0 nmethod 6274 0x000001d66f645d90 code [0x000001d66f645f20, 0x000001d66f646198]
Event: 28.802 Thread 0x000001d67e036ee0 6279       4       org.springframework.core.type.classreading.SimpleAnnotationMetadataReadingVisitor::visitEnd (72 bytes)
Event: 28.832 Thread 0x000001d67f174a60 nmethod 6271 0x000001d66f646290 code [0x000001d66f646680, 0x000001d66f64c7b8]
Event: 28.835 Thread 0x000001d67f174a60 6282       4       org.springframework.core.type.classreading.SimpleAnnotationMetadata::<init> (56 bytes)
Event: 28.849 Thread 0x000001d67f174a60 nmethod 6282 0x000001d66f64f710 code [0x000001d66f64f880, 0x000001d66f64ff58]
Event: 28.849 Thread 0x000001d67f174a60 6277       4       java.util.HashMap::remove (26 bytes)
Event: 28.869 Thread 0x000001d67f174a60 nmethod 6277 0x000001d66f650010 code [0x000001d66f6501e0, 0x000001d66f650a98]
Event: 28.869 Thread 0x000001d67f174a60 6275   !   4       sun.net.www.protocol.jar.JarURLConnection$JarURLInputStream::close (51 bytes)
Event: 28.880 Thread 0x000001d67e036ee0 nmethod 6279 0x000001d66f650f10 code [0x000001d66f651180, 0x000001d66f652af8]
Event: 28.888 Thread 0x000001d67e036ee0 6283       4       java.nio.file.attribute.FileTime::<init> (21 bytes)
Event: 28.893 Thread 0x000001d67e036ee0 nmethod 6283 0x000001d66f653910 code [0x000001d66f653a80, 0x000001d66f653cb8]
Event: 28.926 Thread 0x000001d67f174a60 nmethod 6275 0x000001d66f653d10 code [0x000001d66f653f80, 0x000001d66f655480]

GC Heap History (20 events):
Event: 22.466 GC heap after
{Heap after GC invocations=23 (full 0):
 garbage-first heap   total 95232K, used 49843K [0x0000000081c00000, 0x0000000100000000)
  region size 1024K, 3 young (3072K), 3 survivors (3072K)
 Metaspace       used 53751K, committed 54080K, reserved 1097728K
  class space    used 6620K, committed 6784K, reserved 1048576K
}
Event: 23.068 GC heap before
{Heap before GC invocations=24 (full 0):
 garbage-first heap   total 95232K, used 77491K [0x0000000081c00000, 0x0000000100000000)
  region size 1024K, 30 young (30720K), 3 survivors (3072K)
 Metaspace       used 53740K, committed 54080K, reserved 1097728K
  class space    used 6620K, committed 6784K, reserved 1048576K
}
Event: 23.075 GC heap after
{Heap after GC invocations=25 (full 0):
 garbage-first heap   total 95232K, used 50535K [0x0000000081c00000, 0x0000000100000000)
  region size 1024K, 1 young (1024K), 1 survivors (1024K)
 Metaspace       used 53740K, committed 54080K, reserved 1097728K
  class space    used 6620K, committed 6784K, reserved 1048576K
}
Event: 23.118 GC heap before
{Heap before GC invocations=25 (full 0):
 garbage-first heap   total 95232K, used 52583K [0x0000000081c00000, 0x0000000100000000)
  region size 1024K, 4 young (4096K), 1 survivors (1024K)
 Metaspace       used 53740K, committed 54080K, reserved 1097728K
  class space    used 6620K, committed 6784K, reserved 1048576K
}
Event: 23.121 GC heap after
{Heap after GC invocations=26 (full 0):
 garbage-first heap   total 114688K, used 49860K [0x0000000081c00000, 0x0000000100000000)
  region size 1024K, 1 young (1024K), 1 survivors (1024K)
 Metaspace       used 53740K, committed 54080K, reserved 1097728K
  class space    used 6620K, committed 6784K, reserved 1048576K
}
Event: 23.653 GC heap before
{Heap before GC invocations=26 (full 0):
 garbage-first heap   total 114688K, used 92868K [0x0000000081c00000, 0x0000000100000000)
  region size 1024K, 43 young (44032K), 1 survivors (1024K)
 Metaspace       used 53740K, committed 54080K, reserved 1097728K
  class space    used 6620K, committed 6784K, reserved 1048576K
}
Event: 23.656 GC heap after
{Heap after GC invocations=27 (full 0):
 garbage-first heap   total 114688K, used 50478K [0x0000000081c00000, 0x0000000100000000)
  region size 1024K, 1 young (1024K), 1 survivors (1024K)
 Metaspace       used 53740K, committed 54080K, reserved 1097728K
  class space    used 6620K, committed 6784K, reserved 1048576K
}
Event: 24.239 GC heap before
{Heap before GC invocations=27 (full 0):
 garbage-first heap   total 114688K, used 94510K [0x0000000081c00000, 0x0000000100000000)
  region size 1024K, 44 young (45056K), 1 survivors (1024K)
 Metaspace       used 53740K, committed 54080K, reserved 1097728K
  class space    used 6620K, committed 6784K, reserved 1048576K
}
Event: 24.243 GC heap after
{Heap after GC invocations=28 (full 0):
 garbage-first heap   total 114688K, used 50905K [0x0000000081c00000, 0x0000000100000000)
  region size 1024K, 2 young (2048K), 2 survivors (2048K)
 Metaspace       used 53740K, committed 54080K, reserved 1097728K
  class space    used 6620K, committed 6784K, reserved 1048576K
}
Event: 25.047 GC heap before
{Heap before GC invocations=28 (full 0):
 garbage-first heap   total 114688K, used 94937K [0x0000000081c00000, 0x0000000100000000)
  region size 1024K, 45 young (46080K), 2 survivors (2048K)
 Metaspace       used 53761K, committed 54080K, reserved 1097728K
  class space    used 6639K, committed 6784K, reserved 1048576K
}
Event: 25.051 GC heap after
{Heap after GC invocations=29 (full 0):
 garbage-first heap   total 114688K, used 51650K [0x0000000081c00000, 0x0000000100000000)
  region size 1024K, 2 young (2048K), 2 survivors (2048K)
 Metaspace       used 53761K, committed 54080K, reserved 1097728K
  class space    used 6639K, committed 6784K, reserved 1048576K
}
Event: 25.825 GC heap before
{Heap before GC invocations=29 (full 0):
 garbage-first heap   total 114688K, used 96706K [0x0000000081c00000, 0x0000000100000000)
  region size 1024K, 46 young (47104K), 2 survivors (2048K)
 Metaspace       used 53765K, committed 54080K, reserved 1097728K
  class space    used 6641K, committed 6784K, reserved 1048576K
}
Event: 25.829 GC heap after
{Heap after GC invocations=30 (full 0):
 garbage-first heap   total 114688K, used 52264K [0x0000000081c00000, 0x0000000100000000)
  region size 1024K, 3 young (3072K), 3 survivors (3072K)
 Metaspace       used 53765K, committed 54080K, reserved 1097728K
  class space    used 6641K, committed 6784K, reserved 1048576K
}
Event: 26.245 GC heap before
{Heap before GC invocations=30 (full 0):
 garbage-first heap   total 114688K, used 96296K [0x0000000081c00000, 0x0000000100000000)
  region size 1024K, 46 young (47104K), 3 survivors (3072K)
 Metaspace       used 53766K, committed 54080K, reserved 1097728K
  class space    used 6642K, committed 6784K, reserved 1048576K
}
Event: 26.249 GC heap after
{Heap after GC invocations=31 (full 0):
 garbage-first heap   total 114688K, used 52097K [0x0000000081c00000, 0x0000000100000000)
  region size 1024K, 3 young (3072K), 3 survivors (3072K)
 Metaspace       used 53766K, committed 54080K, reserved 1097728K
  class space    used 6642K, committed 6784K, reserved 1048576K
}
Event: 27.084 GC heap before
{Heap before GC invocations=31 (full 0):
 garbage-first heap   total 114688K, used 97153K [0x0000000081c00000, 0x0000000100000000)
  region size 1024K, 47 young (48128K), 3 survivors (3072K)
 Metaspace       used 53766K, committed 54080K, reserved 1097728K
  class space    used 6642K, committed 6784K, reserved 1048576K
}
Event: 27.088 GC heap after
{Heap after GC invocations=32 (full 0):
 garbage-first heap   total 114688K, used 52911K [0x0000000081c00000, 0x0000000100000000)
  region size 1024K, 4 young (4096K), 4 survivors (4096K)
 Metaspace       used 53766K, committed 54080K, reserved 1097728K
  class space    used 6642K, committed 6784K, reserved 1048576K
}
Event: 28.045 GC heap before
{Heap before GC invocations=32 (full 0):
 garbage-first heap   total 114688K, used 96943K [0x0000000081c00000, 0x0000000100000000)
  region size 1024K, 47 young (48128K), 4 survivors (4096K)
 Metaspace       used 53766K, committed 54080K, reserved 1097728K
  class space    used 6642K, committed 6784K, reserved 1048576K
}
Event: 28.050 GC heap after
{Heap after GC invocations=33 (full 0):
 garbage-first heap   total 114688K, used 53391K [0x0000000081c00000, 0x0000000100000000)
  region size 1024K, 4 young (4096K), 4 survivors (4096K)
 Metaspace       used 53766K, committed 54080K, reserved 1097728K
  class space    used 6642K, committed 6784K, reserved 1048576K
}
Event: 28.928 GC heap before
{Heap before GC invocations=33 (full 0):
 garbage-first heap   total 114688K, used 97423K [0x0000000081c00000, 0x0000000100000000)
  region size 1024K, 47 young (48128K), 4 survivors (4096K)
 Metaspace       used 53778K, committed 54144K, reserved 1097728K
  class space    used 6646K, committed 6848K, reserved 1048576K
}

Deoptimization events (20 events):
Event: 28.290 Thread 0x000001d663f99b50 DEOPT PACKING pc=0x000001d66f224678 sp=0x0000002c76ff8b70
Event: 28.290 Thread 0x000001d663f99b50 DEOPT UNPACKING pc=0x000001d6676823a3 sp=0x0000002c76ff8a38 mode 2
Event: 28.290 Thread 0x000001d663f99b50 DEOPT PACKING pc=0x000001d66f356b54 sp=0x0000002c76ff9560
Event: 28.290 Thread 0x000001d663f99b50 DEOPT UNPACKING pc=0x000001d667682b43 sp=0x0000002c76ff89f0 mode 1
Event: 28.293 Thread 0x000001d663f99b50 Uncommon trap: trap_request=0xffffff97 fr.pc=0x000001d66f224678 relative=0x0000000000000138
Event: 28.293 Thread 0x000001d663f99b50 Uncommon trap: reason=unhandled action=none pc=0x000001d66f224678 method=jdk.internal.loader.BuiltinClassLoader.loadClass(Ljava/lang/String;Z)Ljava/lang/Class; @ 19 c2
Event: 28.293 Thread 0x000001d663f99b50 DEOPT PACKING pc=0x000001d66f224678 sp=0x0000002c76ff8b60
Event: 28.293 Thread 0x000001d663f99b50 DEOPT UNPACKING pc=0x000001d6676823a3 sp=0x0000002c76ff8a28 mode 2
Event: 28.293 Thread 0x000001d663f99b50 DEOPT PACKING pc=0x000001d66f356b54 sp=0x0000002c76ff9550
Event: 28.293 Thread 0x000001d663f99b50 DEOPT UNPACKING pc=0x000001d667682b43 sp=0x0000002c76ff89c8 mode 1
Event: 28.293 Thread 0x000001d663f99b50 DEOPT PACKING pc=0x000001d668366a94 sp=0x0000002c76ff9590
Event: 28.293 Thread 0x000001d663f99b50 DEOPT UNPACKING pc=0x000001d667682b43 sp=0x0000002c76ff8ae8 mode 1
Event: 28.294 Thread 0x000001d663f99b50 Uncommon trap: trap_request=0xffffff97 fr.pc=0x000001d66f224678 relative=0x0000000000000138
Event: 28.294 Thread 0x000001d663f99b50 Uncommon trap: reason=unhandled action=none pc=0x000001d66f224678 method=jdk.internal.loader.BuiltinClassLoader.loadClass(Ljava/lang/String;Z)Ljava/lang/Class; @ 19 c2
Event: 28.294 Thread 0x000001d663f99b50 DEOPT PACKING pc=0x000001d66f224678 sp=0x0000002c76ff8bd0
Event: 28.294 Thread 0x000001d663f99b50 DEOPT UNPACKING pc=0x000001d6676823a3 sp=0x0000002c76ff8a98 mode 2
Event: 28.294 Thread 0x000001d663f99b50 DEOPT PACKING pc=0x000001d66f356b54 sp=0x0000002c76ff95c0
Event: 28.294 Thread 0x000001d663f99b50 DEOPT UNPACKING pc=0x000001d667682b43 sp=0x0000002c76ff8a50 mode 1
Event: 28.294 Thread 0x000001d663f99b50 DEOPT PACKING pc=0x000001d668373b44 sp=0x0000002c76ff96c0
Event: 28.294 Thread 0x000001d663f99b50 DEOPT UNPACKING pc=0x000001d667682b43 sp=0x0000002c76ff8bc8 mode 1

Classes unloaded (1 events):
Event: 22.574 Thread 0x000001d67d66fb30 Unloading class 0x00000001005dc000 'net/bytebuddy/mirror/AccessibleObject'

Classes redefined (0 events):
No events

Internal exceptions (20 events):
Event: 21.182 Thread 0x000001d663f99b50 Exception <a 'java/lang/ClassNotFoundException'{0x0000000085fa4d88}: org/springframework/beans/factory/BeanFactoryAwareCustomizer> (0x0000000085fa4d88) 
thrown [s\src\hotspot\share\classfile\systemDictionary.cpp, line 256]
Event: 21.185 Thread 0x000001d663f99b50 Exception <a 'java/lang/ClassNotFoundException'{0x0000000085fb02d0}: org/springframework/beans/factory/AwareCustomizer> (0x0000000085fb02d0) 
thrown [s\src\hotspot\share\classfile\systemDictionary.cpp, line 256]
Event: 21.243 Thread 0x000001d663f99b50 Exception <a 'java/lang/ClassNotFoundException'{0x0000000085dc4240}: java/lang/ObjectCustomizer> (0x0000000085dc4240) 
thrown [s\src\hotspot\share\classfile\systemDictionary.cpp, line 256]
Event: 21.255 Thread 0x000001d663f99b50 Exception <a 'java/lang/ClassNotFoundException'{0x0000000085dd2450}: org/springframework/jdbc/datasource/AbstractDataSourceCustomizer> (0x0000000085dd2450) 
thrown [s\src\hotspot\share\classfile\systemDictionary.cpp, line 256]
Event: 21.259 Thread 0x000001d663f99b50 Exception <a 'java/lang/ClassNotFoundException'{0x0000000085de4df0}: org/springframework/jdbc/datasource/AbstractDriverBasedDataSourceCustomizer> (0x0000000085de4df0) 
thrown [s\src\hotspot\share\classfile\systemDictionary.cpp, line 256]
Event: 21.267 Thread 0x000001d663f99b50 Exception <a 'java/lang/ClassNotFoundException'{0x0000000085dfce98}: org/springframework/jdbc/datasource/DriverManagerDataSourceCustomizer> (0x0000000085dfce98) 
thrown [s\src\hotspot\share\classfile\systemDictionary.cpp, line 256]
Event: 21.271 Thread 0x000001d663f99b50 Exception <a 'java/lang/ClassNotFoundException'{0x0000000085c09f68}: javax/sql/DataSourceCustomizer> (0x0000000085c09f68) 
thrown [s\src\hotspot\share\classfile\systemDictionary.cpp, line 256]
Event: 21.273 Thread 0x000001d663f99b50 Exception <a 'java/lang/ClassNotFoundException'{0x0000000085c139f0}: javax/sql/CommonDataSourceCustomizer> (0x0000000085c139f0) 
thrown [s\src\hotspot\share\classfile\systemDictionary.cpp, line 256]
Event: 21.294 Thread 0x000001d663f99b50 Exception <a 'java/lang/ClassNotFoundException'{0x0000000085c1c970}: java/sql/WrapperCustomizer> (0x0000000085c1c970) 
thrown [s\src\hotspot\share\classfile\systemDictionary.cpp, line 256]
Event: 21.325 Thread 0x000001d663f99b50 Exception <a 'java/lang/ClassNotFoundException'{0x0000000085ce9010}: java/lang/ObjectCustomizer> (0x0000000085ce9010) 
thrown [s\src\hotspot\share\classfile\systemDictionary.cpp, line 256]
Event: 21.329 Thread 0x000001d663f99b50 Exception <a 'java/lang/ClassNotFoundException'{0x0000000085cf6db8}: org/springframework/orm/hibernate5/HibernateExceptionTranslatorCustomizer> (0x0000000085cf6db8) 
thrown [s\src\hotspot\share\classfile\systemDictionary.cpp, line 256]
Event: 21.333 Thread 0x000001d663f99b50 Exception <a 'java/lang/ClassNotFoundException'{0x0000000085b046d0}: org/springframework/orm/hibernate5/LocalSessionFactoryBeanCustomizer> (0x0000000085b046d0) 
thrown [s\src\hotspot\share\classfile\systemDictionary.cpp, line 256]
Event: 21.341 Thread 0x000001d663f99b50 Exception <a 'java/lang/ClassNotFoundException'{0x0000000085b56110}: org/springframework/beans/factory/FactoryBeanCustomizer> (0x0000000085b56110) 
thrown [s\src\hotspot\share\classfile\systemDictionary.cpp, line 256]
Event: 21.345 Thread 0x000001d663f99b50 Exception <a 'java/lang/ClassNotFoundException'{0x0000000085b645b8}: org/springframework/context/ResourceLoaderAwareCustomizer> (0x0000000085b645b8) 
thrown [s\src\hotspot\share\classfile\systemDictionary.cpp, line 256]
Event: 21.348 Thread 0x000001d663f99b50 Exception <a 'java/lang/ClassNotFoundException'{0x0000000085b6f438}: org/springframework/beans/factory/AwareCustomizer> (0x0000000085b6f438) 
thrown [s\src\hotspot\share\classfile\systemDictionary.cpp, line 256]
Event: 21.351 Thread 0x000001d663f99b50 Exception <a 'java/lang/ClassNotFoundException'{0x0000000085b79850}: org/springframework/beans/factory/BeanFactoryAwareCustomizer> (0x0000000085b79850) 
thrown [s\src\hotspot\share\classfile\systemDictionary.cpp, line 256]
Event: 21.354 Thread 0x000001d663f99b50 Exception <a 'java/lang/ClassNotFoundException'{0x0000000085b85088}: org/springframework/beans/factory/AwareCustomizer> (0x0000000085b85088) 
thrown [s\src\hotspot\share\classfile\systemDictionary.cpp, line 256]
Event: 21.357 Thread 0x000001d663f99b50 Exception <a 'java/lang/ClassNotFoundException'{0x0000000085b8f4a0}: org/springframework/beans/factory/InitializingBeanCustomizer> (0x0000000085b8f4a0) 
thrown [s\src\hotspot\share\classfile\systemDictionary.cpp, line 256]
Event: 21.360 Thread 0x000001d663f99b50 Exception <a 'java/lang/ClassNotFoundException'{0x0000000085b9a060}: org/springframework/beans/factory/DisposableBeanCustomizer> (0x0000000085b9a060) 
thrown [s\src\hotspot\share\classfile\systemDictionary.cpp, line 256]
Event: 21.362 Thread 0x000001d663f99b50 Exception <a 'java/lang/ClassNotFoundException'{0x0000000085ba5130}: org/springframework/dao/support/PersistenceExceptionTranslatorCustomizer> (0x0000000085ba5130) 
thrown [s\src\hotspot\share\classfile\systemDictionary.cpp, line 256]

VM Operations (20 events):
Event: 22.631 Executing VM operation: G1Concurrent done
Event: 23.067 Executing VM operation: G1CollectForAllocation
Event: 23.075 Executing VM operation: G1CollectForAllocation done
Event: 23.118 Executing VM operation: G1CollectForAllocation
Event: 23.121 Executing VM operation: G1CollectForAllocation done
Event: 23.653 Executing VM operation: G1CollectForAllocation
Event: 23.656 Executing VM operation: G1CollectForAllocation done
Event: 24.239 Executing VM operation: G1CollectForAllocation
Event: 24.243 Executing VM operation: G1CollectForAllocation done
Event: 25.047 Executing VM operation: G1CollectForAllocation
Event: 25.051 Executing VM operation: G1CollectForAllocation done
Event: 25.825 Executing VM operation: G1CollectForAllocation
Event: 25.829 Executing VM operation: G1CollectForAllocation done
Event: 26.245 Executing VM operation: G1CollectForAllocation
Event: 26.249 Executing VM operation: G1CollectForAllocation done
Event: 27.084 Executing VM operation: G1CollectForAllocation
Event: 27.088 Executing VM operation: G1CollectForAllocation done
Event: 28.045 Executing VM operation: G1CollectForAllocation
Event: 28.050 Executing VM operation: G1CollectForAllocation done
Event: 28.928 Executing VM operation: G1CollectForAllocation

Events (20 events):
Event: 21.109 loading class java/lang/ObjectCustomizer done
Event: 21.132 loading class java/lang/ObjectCustomizer
Event: 21.132 loading class java/lang/ObjectCustomizer done
Event: 21.132 loading class java/lang/ObjectCustomizer
Event: 21.132 loading class java/lang/ObjectCustomizer done
Event: 21.169 loading class java/lang/ObjectCustomizer
Event: 21.169 loading class java/lang/ObjectCustomizer done
Event: 21.170 loading class java/lang/ObjectCustomizer
Event: 21.170 loading class java/lang/ObjectCustomizer done
Event: 21.227 Thread 0x000001d67f382f60 Thread added: 0x000001d67f382f60
Event: 21.234 loading class java/lang/ObjectCustomizer
Event: 21.234 loading class java/lang/ObjectCustomizer done
Event: 21.243 loading class java/lang/ObjectCustomizer
Event: 21.243 loading class java/lang/ObjectCustomizer done
Event: 21.325 loading class java/lang/ObjectCustomizer
Event: 21.325 loading class java/lang/ObjectCustomizer done
Event: 21.325 loading class java/lang/ObjectCustomizer
Event: 21.325 loading class java/lang/ObjectCustomizer done
Event: 21.455 loading class java/util/ServiceLoader$ProviderSpliterator
Event: 21.456 loading class java/util/ServiceLoader$ProviderSpliterator done


Dynamic libraries:
0x00007ff73a1f0000 - 0x00007ff73a1fe000 	C:\Users\BUYPC\Desktop\sts-4.16.0.RELEASE\plugins\org.eclipse.justj.openjdk.hotspot.jre.full.win32.x86_64_17.0.4.v20220903-1038\jre\bin\javaw.exe
0x00007ff937170000 - 0x00007ff937368000 	C:\Windows\SYSTEM32\ntdll.dll
0x00007ff92de80000 - 0x00007ff92de97000 	C:\Program Files\Avast Software\Avast\aswhook.dll
0x00007ff935c60000 - 0x00007ff935d1f000 	C:\Windows\System32\KERNEL32.DLL
0x00007ff934d70000 - 0x00007ff935042000 	C:\Windows\System32\KERNELBASE.dll
0x00007ff934a40000 - 0x00007ff934b40000 	C:\Windows\System32\ucrtbase.dll
0x00007ff9303d0000 - 0x00007ff9303e9000 	C:\Users\BUYPC\Desktop\sts-4.16.0.RELEASE\plugins\org.eclipse.justj.openjdk.hotspot.jre.full.win32.x86_64_17.0.4.v20220903-1038\jre\bin\VCRUNTIME140.dll
0x00007ff9207a0000 - 0x00007ff9207b8000 	C:\Users\BUYPC\Desktop\sts-4.16.0.RELEASE\plugins\org.eclipse.justj.openjdk.hotspot.jre.full.win32.x86_64_17.0.4.v20220903-1038\jre\bin\jli.dll
0x00007ff935df0000 - 0x00007ff935f8d000 	C:\Windows\System32\USER32.dll
0x00007ff935050000 - 0x00007ff935072000 	C:\Windows\System32\win32u.dll
0x00007ff935f90000 - 0x00007ff935fbb000 	C:\Windows\System32\GDI32.dll
0x00007ff91bbe0000 - 0x00007ff91be7a000 	C:\Windows\WinSxS\amd64_microsoft.windows.common-controls_6595b64144ccf1df_6.0.19041.1110_none_60b5254171f9507e\COMCTL32.dll
0x00007ff934930000 - 0x00007ff934a3f000 	C:\Windows\System32\gdi32full.dll
0x00007ff934ca0000 - 0x00007ff934d3d000 	C:\Windows\System32\msvcp_win.dll
0x00007ff935380000 - 0x00007ff93541e000 	C:\Windows\System32\msvcrt.dll
0x00007ff9354d0000 - 0x00007ff935502000 	C:\Windows\System32\IMM32.DLL
0x00007ff9303c0000 - 0x00007ff9303cc000 	C:\Users\BUYPC\Desktop\sts-4.16.0.RELEASE\plugins\org.eclipse.justj.openjdk.hotspot.jre.full.win32.x86_64_17.0.4.v20220903-1038\jre\bin\vcruntime140_1.dll
0x00007ff91fee0000 - 0x00007ff91ff71000 	C:\Users\BUYPC\Desktop\sts-4.16.0.RELEASE\plugins\org.eclipse.justj.openjdk.hotspot.jre.full.win32.x86_64_17.0.4.v20220903-1038\jre\bin\msvcp140.dll
0x00007ff8e3fc0000 - 0x00007ff8e4c06000 	C:\Users\BUYPC\Desktop\sts-4.16.0.RELEASE\plugins\org.eclipse.justj.openjdk.hotspot.jre.full.win32.x86_64_17.0.4.v20220903-1038\jre\bin\server\jvm.dll
0x00007ff936d70000 - 0x00007ff936e1e000 	C:\Windows\System32\ADVAPI32.dll
0x00007ff936cd0000 - 0x00007ff936d6c000 	C:\Windows\System32\sechost.dll
0x00007ff935250000 - 0x00007ff935375000 	C:\Windows\System32\RPCRT4.dll
0x00007ff936ed0000 - 0x00007ff936ed8000 	C:\Windows\System32\PSAPI.DLL
0x00007ff9244a0000 - 0x00007ff9244a9000 	C:\Windows\SYSTEM32\WSOCK32.dll
0x00007ff91f0f0000 - 0x00007ff91f117000 	C:\Windows\SYSTEM32\WINMM.dll
0x00007ff936ae0000 - 0x00007ff936b4b000 	C:\Windows\System32\WS2_32.dll
0x00007ff92c6b0000 - 0x00007ff92c6ba000 	C:\Windows\SYSTEM32\VERSION.dll
0x00007ff933080000 - 0x00007ff933092000 	C:\Windows\SYSTEM32\kernel.appcore.dll
0x00007ff92cef0000 - 0x00007ff92cefa000 	C:\Users\BUYPC\Desktop\sts-4.16.0.RELEASE\plugins\org.eclipse.justj.openjdk.hotspot.jre.full.win32.x86_64_17.0.4.v20220903-1038\jre\bin\jimage.dll
0x00007ff92bbc0000 - 0x00007ff92bda4000 	C:\Windows\SYSTEM32\DBGHELP.DLL
0x00007ff92b9b0000 - 0x00007ff92b9dc000 	C:\Windows\SYSTEM32\dbgcore.DLL
0x00007ff935080000 - 0x00007ff935102000 	C:\Windows\System32\bcryptPrimitives.dll
0x00007ff920bd0000 - 0x00007ff920c0b000 	C:\Users\BUYPC\Desktop\sts-4.16.0.RELEASE\plugins\org.eclipse.justj.openjdk.hotspot.jre.full.win32.x86_64_17.0.4.v20220903-1038\jre\bin\jdwp.dll
0x00007ff9312c0000 - 0x00007ff9312ce000 	C:\Users\BUYPC\Desktop\sts-4.16.0.RELEASE\plugins\org.eclipse.justj.openjdk.hotspot.jre.full.win32.x86_64_17.0.4.v20220903-1038\jre\bin\instrument.dll
0x00007ff9093f0000 - 0x00007ff909415000 	C:\Users\BUYPC\Desktop\sts-4.16.0.RELEASE\plugins\org.eclipse.justj.openjdk.hotspot.jre.full.win32.x86_64_17.0.4.v20220903-1038\jre\bin\java.dll
0x00007ff920300000 - 0x00007ff920318000 	C:\Users\BUYPC\Desktop\sts-4.16.0.RELEASE\plugins\org.eclipse.justj.openjdk.hotspot.jre.full.win32.x86_64_17.0.4.v20220903-1038\jre\bin\zip.dll
0x00007ff935510000 - 0x00007ff935c53000 	C:\Windows\System32\SHELL32.dll
0x00007ff9328a0000 - 0x00007ff933032000 	C:\Windows\SYSTEM32\windows.storage.dll
0x00007ff9365a0000 - 0x00007ff9368f4000 	C:\Windows\System32\combase.dll
0x00007ff934110000 - 0x00007ff934140000 	C:\Windows\SYSTEM32\Wldp.dll
0x00007ff935420000 - 0x00007ff9354cd000 	C:\Windows\System32\SHCORE.dll
0x00007ff936bb0000 - 0x00007ff936c05000 	C:\Windows\System32\shlwapi.dll
0x00007ff9347b0000 - 0x00007ff9347cf000 	C:\Windows\SYSTEM32\profapi.dll
0x00007ff92df10000 - 0x00007ff92df1c000 	C:\Users\BUYPC\Desktop\sts-4.16.0.RELEASE\plugins\org.eclipse.justj.openjdk.hotspot.jre.full.win32.x86_64_17.0.4.v20220903-1038\jre\bin\dt_socket.dll
0x00007ff933c00000 - 0x00007ff933c3b000 	C:\Windows\SYSTEM32\IPHLPAPI.DLL
0x00007ff933ef0000 - 0x00007ff933f5a000 	C:\Windows\system32\mswsock.dll
0x00007ff933c50000 - 0x00007ff933d1a000 	C:\Windows\SYSTEM32\DNSAPI.dll
0x00007ff936ad0000 - 0x00007ff936ad8000 	C:\Windows\System32\NSI.dll
0x00007ff928120000 - 0x00007ff92812a000 	C:\Windows\System32\rasadhlp.dll
0x00007ff925e20000 - 0x00007ff925ea0000 	C:\Windows\System32\fwpuclnt.dll
0x00007ff934d40000 - 0x00007ff934d67000 	C:\Windows\System32\bcrypt.dll
0x00007ff91ed00000 - 0x00007ff91ed19000 	C:\Users\BUYPC\Desktop\sts-4.16.0.RELEASE\plugins\org.eclipse.justj.openjdk.hotspot.jre.full.win32.x86_64_17.0.4.v20220903-1038\jre\bin\net.dll
0x00007ff929da0000 - 0x00007ff929eac000 	C:\Windows\SYSTEM32\WINHTTP.dll
0x00007ff91c6c0000 - 0x00007ff91c6d5000 	C:\Users\BUYPC\Desktop\sts-4.16.0.RELEASE\plugins\org.eclipse.justj.openjdk.hotspot.jre.full.win32.x86_64_17.0.4.v20220903-1038\jre\bin\nio.dll
0x00007ff92dee0000 - 0x00007ff92def0000 	C:\Users\BUYPC\Desktop\sts-4.16.0.RELEASE\plugins\org.eclipse.justj.openjdk.hotspot.jre.full.win32.x86_64_17.0.4.v20220903-1038\jre\bin\verify.dll
0x00007ff92d910000 - 0x00007ff92d927000 	C:\Windows\SYSTEM32\dhcpcsvc6.DLL
0x00007ff92da20000 - 0x00007ff92da3d000 	C:\Windows\SYSTEM32\dhcpcsvc.DLL
0x00007ff934500000 - 0x00007ff934518000 	C:\Windows\SYSTEM32\CRYPTSP.dll
0x00007ff933830000 - 0x00007ff933864000 	C:\Windows\system32\rsaenh.dll
0x00007ff934770000 - 0x00007ff93479e000 	C:\Windows\SYSTEM32\USERENV.dll
0x00007ff934080000 - 0x00007ff93408c000 	C:\Windows\SYSTEM32\CRYPTBASE.dll
0x00007ff92df50000 - 0x00007ff92df59000 	C:\Users\BUYPC\Desktop\sts-4.16.0.RELEASE\plugins\org.eclipse.justj.openjdk.hotspot.jre.full.win32.x86_64_17.0.4.v20220903-1038\jre\bin\management.dll
0x00007ff92d040000 - 0x00007ff92d04b000 	C:\Users\BUYPC\Desktop\sts-4.16.0.RELEASE\plugins\org.eclipse.justj.openjdk.hotspot.jre.full.win32.x86_64_17.0.4.v20220903-1038\jre\bin\management_ext.dll
0x00007ff91f5e0000 - 0x00007ff91f5f7000 	C:\Windows\system32\napinsp.dll
0x00007ff91fa10000 - 0x00007ff91fa2b000 	C:\Windows\system32\pnrpnsp.dll
0x00007ff92e470000 - 0x00007ff92e485000 	C:\Windows\system32\wshbth.dll
0x00007ff92dc30000 - 0x00007ff92dc4d000 	C:\Windows\system32\NLAapi.dll
0x00007ff92dcd0000 - 0x00007ff92dce2000 	C:\Windows\System32\winrnr.dll

dbghelp: loaded successfully - version: 4.0.5 - missing functions: none
symbol engine: initialized successfully - sym options: 0x614 - pdb path: .;C:\Users\BUYPC\Desktop\sts-4.16.0.RELEASE\plugins\org.eclipse.justj.openjdk.hotspot.jre.full.win32.x86_64_17.0.4.v20220903-1038\jre\bin;C:\Windows\SYSTEM32;C:\Program Files\Avast Software\Avast;C:\Windows\WinSxS\amd64_microsoft.windows.common-controls_6595b64144ccf1df_6.0.19041.1110_none_60b5254171f9507e;C:\Users\BUYPC\Desktop\sts-4.16.0.RELEASE\plugins\org.eclipse.justj.openjdk.hotspot.jre.full.win32.x86_64_17.0.4.v20220903-1038\jre\bin\server

VM Arguments:
jvm_args: -XX:+ShowCodeDetailsInExceptionMessages -agentlib:jdwp=transport=dt_socket,suspend=y,address=localhost:59402 -ea -javaagent:C:\Users\BUYPC\Desktop\sts-4.16.0.RELEASE\configuration\org.eclipse.osgi\268\0\.cp\lib\javaagent-shaded.jar -Dfile.encoding=UTF-8 
java_command: org.eclipse.jdt.internal.junit.runner.RemoteTestRunner -version 3 -port 59400 -testLoaderClass org.eclipse.jdt.internal.junit5.runner.JUnit5TestLoader -loaderpluginname org.eclipse.jdt.junit5.runtime -test testController.TestInstituteController:changeInstituteStatus
java_class_path (initial): C:\Users\BUYPC\Desktop\yuzee-backend-institute-api\target\test-classes;C:\Users\BUYPC\Desktop\yuzee-backend-institute-api\target\classes;C:\Users\BUYPC\.m2\repository\org\testcontainers\testcontainers\1.15.0\testcontainers-1.15.0.jar;C:\Users\BUYPC\.m2\repository\org\apache\commons\commons-lang3\3.11\commons-lang3-3.11.jar;C:\Users\BUYPC\.m2\repository\org\projectlombok\lombok\1.18.20\lombok-1.18.20.jar;C:\Users\BUYPC\.m2\repository\junit\junit\4.12\junit-4.12.jar;C:\Users\BUYPC\.m2\repository\org\hamcrest\hamcrest-core\2.2\hamcrest-core-2.2.jar;C:\Users\BUYPC\.m2\repository\org\springframework\boot\spring-boot-starter-web\2.4.5\spring-boot-starter-web-2.4.5.jar;C:\Users\BUYPC\.m2\repository\org\springframework\boot\spring-boot-starter\2.4.5\spring-boot-starter-2.4.5.jar;C:\Users\BUYPC\.m2\repository\org\springframework\boot\spring-boot-starter-logging\2.4.5\spring-boot-starter-logging-2.4.5.jar;C:\Users\BUYPC\.m2\repository\ch\qos\logback\logback-classic\1.2.3\logback-classic-1.2.3.jar;C:\Users\BUYPC\.m2\repository\ch\qos\logback\logback-core\1.2.3\logback-core-1.2.3.jar;C:\Users\BUYPC\.m2\repository\org\apache\logging\log4j\log4j-to-slf4j\2.13.3\log4j-to-slf4j-2.13.3.jar;C:\Users\BUYPC\.m2\repository\org\apache\logging\log4j\log4j-api\2.13.3\log4j-api-2.13.3.jar;C:\Users\BUYPC\.m2\repository\org\slf4j\jul-to-slf4j\1.7.30\jul-to-slf4j-1.7.30.jar;C:\Users\BUYPC\.m2\repository\org\yaml\snakeyaml\1.27\snakeyaml-1.27.jar;C:\Users\BUYPC\.m2\repository\org\springframework\boot\spring-boot-starter-json\2.4.5\spring-boot-starter-json-2.4.5.jar;C:\Users\BUYPC\.m2\repository\com\fasterxml\jackson\datatype\jackson-datatype-jdk8\2.11.4\jackson-datatype-jdk8-2.11.4.jar;C:\Users\BUYPC\.m2\repository\com\fasterxml\jackson\datatype\jackson-datatype-jsr310\2.11.4\jackson-datatype-jsr310-2.11.4.jar;C:\Users\BUYPC\.m2\repository\com\fasterxml\jackson\module\jackson-module-parameter-names\2.11.4\jackson-module-parameter-names-2.11.4.jar;C:\Users\BUYPC\.m2\
Launcher Type: SUN_STANDARD

[Global flags]
     intx CICompilerCount                          = 3                                         {product} {ergonomic}
     uint ConcGCThreads                            = 1                                         {product} {ergonomic}
     uint G1ConcRefinementThreads                  = 4                                         {product} {ergonomic}
   size_t G1HeapRegionSize                         = 1048576                                   {product} {ergonomic}
    uintx GCDrainStackTargetSize                   = 64                                        {product} {ergonomic}
   size_t InitialHeapSize                          = 134217728                                 {product} {ergonomic}
   size_t MarkStackSize                            = 4194304                                   {product} {ergonomic}
   size_t MaxHeapSize                              = 2118123520                                {product} {ergonomic}
   size_t MaxNewSize                               = 1270874112                                {product} {ergonomic}
   size_t MinHeapDeltaBytes                        = 1048576                                   {product} {ergonomic}
   size_t MinHeapSize                              = 8388608                                   {product} {ergonomic}
    uintx NonNMethodCodeHeapSize                   = 5832780                                {pd product} {ergonomic}
    uintx NonProfiledCodeHeapSize                  = 122912730                              {pd product} {ergonomic}
    uintx ProfiledCodeHeapSize                     = 122912730                              {pd product} {ergonomic}
    uintx ReservedCodeCacheSize                    = 251658240                              {pd product} {ergonomic}
     bool SegmentedCodeCache                       = true                                      {product} {ergonomic}
     bool ShowCodeDetailsInExceptionMessages       = true                                   {manageable} {command line}
   size_t SoftMaxHeapSize                          = 2118123520                             {manageable} {ergonomic}
     bool UseCompressedClassPointers               = true                           {product lp64_product} {ergonomic}
     bool UseCompressedOops                        = true                           {product lp64_product} {ergonomic}
     bool UseG1GC                                  = true                                      {product} {ergonomic}
     bool UseLargePagesIndividualAllocation        = false                                  {pd product} {ergonomic}

Logging:
Log output configuration:
 #0: stdout all=warning uptime,level,tags
 #1: stderr all=off uptime,level,tags

Environment Variables:
JAVA_HOME=C:\Program Files\Java\jdk-17.0.2
PATH=C:\Users\BUYPC\Desktop\sts-4.16.0.RELEASE\plugins\org.eclipse.justj.openjdk.hotspot.jre.full.win32.x86_64_17.0.4.v20220903-1038\jre\bin;C:/Users/BUYPC/Desktop/sts-4.16.0.RELEASE//plugins/org.eclipse.justj.openjdk.hotspot.jre.full.win32.x86_64_17.0.4.v20220903-1038/jre/bin/server;C:/Users/BUYPC/Desktop/sts-4.16.0.RELEASE//plugins/org.eclipse.justj.openjdk.hotspot.jre.full.win32.x86_64_17.0.4.v20220903-1038/jre/bin;C:\Program Files\Common Files\Oracle\Java\javapath;C:\Program Files\Java\jdk-16.0.2\bin;C:\Windows\system32;C:\Windows;C:\Windows\System32\Wbem;C:\Windows\System32\WindowsPowerShell\v1.0\;C:\Windows\System32\OpenSSH\;C:\Users\BUYPC\Desktop\apache-maven-3.8.4-bin\apache-maven-3.8.4\bin;C:\Program Files\Git\cmd;C:\Program Files\nodejs\;C:\ProgramData\Microsoft\Windows\Start Menu\Programs\MySQL\MySQL Server 8.0;C:\Users\BUYPC\Downloads\sonarqube-8.9.9.56886\sonarqube-8.9.9.56886\bin;;C:\Program Files\Docker\Docker\resources\bin;C:\Program Files\MySQL\MySQL Shell 8.0\bin\;C:\Users\BUYPC\AppData\Local\Microsoft\WindowsApps;C:\Users\BUYPC\AppData\Roaming\npm;C:\Users\BUYPC\AppData\Local\Programs\Microsoft VS Code\bin;C:\Users\BUYPC\Desktop\;C:\Users\BUYPC\Desktop\sts-4.16.0.RELEASE;
USERNAME=BUYPC
OS=Windows_NT
PROCESSOR_IDENTIFIER=Intel64 Family 6 Model 42 Stepping 7, GenuineIntel
TMP=C:\Users\BUYPC\AppData\Local\Temp
TEMP=C:\Users\BUYPC\AppData\Local\Temp



---------------  S Y S T E M  ---------------

OS:
 Windows 10 , 64 bit Build 19041 (10.0.19041.2251)
OS uptime: 1 days 21:56 hours
Hyper-V role detected

CPU: total 4 (initial active 4) (2 cores per cpu, 2 threads per core) family 6 model 42 stepping 7 microcode 0x2f, cx8, cmov, fxsr, ht, mmx, sse, sse2, sse3, ssse3, sse4.1, sse4.2, popcnt, tsc, tscinvbit, avx, aes, clmul, vzeroupper, clflush, hv

Memory: 4k page, system-wide physical 8073M (804M free)
TotalPageFile size 14473M (AvailPageFile size 4721M)
current process WorkingSet (physical memory assigned to process): 335M, peak: 376M
current process commit charge ("private bytes"): 387M, peak: 422M

vm_info: OpenJDK 64-Bit Server VM (17.0.4.1+1) for windows-amd64 JRE (17.0.4.1+1), built on Aug 17 2022 07:42:43 by "temurin" with MS VC++ 16.7 (VS2019)

END.
