#
# A fatal error has been detected by the Java Runtime Environment:
#
#  EXCEPTION_ACCESS_VIOLATION (0xc0000005) at pc=0x00007ff886094544, pid=6276, tid=6248
#
# JRE version: OpenJDK Runtime Environment Temurin-17.0.4.1+1 (17.0.4.1+1) (build 17.0.4.1+1)
# Java VM: OpenJDK 64-Bit Server VM Temurin-17.0.4.1+1 (17.0.4.1+1, mixed mode, tiered, compressed oops, compressed class ptrs, g1 gc, windows-amd64)
# Problematic frame:
# V  [jvm.dll+0x964544]
#
# No core dump will be written. Minidumps are not enabled by default on client versions of Windows
#
# If you would like to submit a bug report, please visit:
#   https://github.com/adoptium/adoptium-support/issues
#

---------------  S U M M A R Y ------------

Command Line: -XX:+ShowCodeDetailsInExceptionMessages -agentlib:jdwp=transport=dt_socket,suspend=y,address=localhost:63576 -ea -javaagent:C:\Users\BUYPC\Desktop\sts-4.16.0.RELEASE\configuration\org.eclipse.osgi\268\0\.cp\lib\javaagent-shaded.jar -Dfile.encoding=UTF-8 org.eclipse.jdt.internal.junit.runner.RemoteTestRunner -version 3 -port 63575 -testLoaderClass org.eclipse.jdt.internal.junit5.runner.JUnit5TestLoader -loaderpluginname org.eclipse.jdt.junit5.runtime -test testController.TestInstituteController:changeInstituteStatus

Host: Intel(R) Core(TM) i7-2640M CPU @ 2.80GHz, 4 cores, 7G,  Windows 10 , 64 bit Build 19041 (10.0.19041.2251)
Time: Tue Nov 22 23:56:55 2022 Pacific Standard Time elapsed time: 1.679389 seconds (0d 0h 0m 1s)

---------------  T H R E A D  ---------------

Current thread (0x000002c683377fa0):  GCTaskThread "GC Thread#1" [stack: 0x000000db85f00000,0x000000db86000000] [id=6248]

Stack: [0x000000db85f00000,0x000000db86000000],  sp=0x000000db85fff2c8,  free space=1020k
Native frames: (J=compiled Java code, j=interpreted, Vv=VM code, C=native code)
V  [jvm.dll+0x964544]


siginfo: EXCEPTION_ACCESS_VIOLATION (0xc0000005), data execution prevention violation at address 0x00007ff886094544


Register to memory mapping:

RIP=0x00007ff886094544 jvm.dll
RAX=0x00000000000002c6 is an unknown value
RBX=0x0000000000000001 is an unknown value
RCX=0x000002c68393ede0 points into unknown readable memory: 0x00007ff886087320 | 20 73 08 86 f8 7f 00 00
RDX=0x00000000897643d0 points into unknown readable memory: 0x00000000897643d3 | d3 43 76 89 00 00 00 00
RSP=0x000000db85fff2c8 points into unknown readable memory: 0x00007ff885a36a9c | 9c 6a a3 85 f8 7f 00 00
RBP=0x000002c68393ec60 points into unknown readable memory: 0x00007ff886087368 | 68 73 08 86 f8 7f 00 00
RSI=0x00000000897643d0 points into unknown readable memory: 0x00000000897643d3 | d3 43 76 89 00 00 00 00
RDI=0x0 is NULL
R8 =0x0000000100060db0 is pointing into metadata
R9 =0x00007ff88622dfb8 jvm.dll
R10=0x0000000000000002 is an unknown value
R11=0x000000db85fff0c0 points into unknown readable memory: 0x00007ff886094544 | 44 45 09 86 f8 7f 00 00
R12=0xffffffffea000000 is an unknown value
R13=0x00000000897643d0 points into unknown readable memory: 0x00000000897643d3 | d3 43 76 89 00 00 00 00
R14=0x0000000100060db0 is pointing into metadata
R15=0x0 is NULL


Registers:
RAX=0x00000000000002c6, RBX=0x0000000000000001, RCX=0x000002c68393ede0, RDX=0x00000000897643d0
RSP=0x000000db85fff2c8, RBP=0x000002c68393ec60, RSI=0x00000000897643d0, RDI=0x0000000000000000
R8 =0x0000000100060db0, R9 =0x00007ff88622dfb8, R10=0x0000000000000002, R11=0x000000db85fff0c0
R12=0xffffffffea000000, R13=0x00000000897643d0, R14=0x0000000100060db0, R15=0x0000000000000000
RIP=0x00007ff886094544, EFLAGS=0x0000000000010202

Top of Stack: (sp=0x000000db85fff2c8)
0x000000db85fff2c8:   00007ff885a36a9c 0000000000000001
0x000000db85fff2d8:   000002c68393ec60 00000000897643d0
0x000000db85fff2e8:   000002c68393ede0 00000000829967f8
0x000000db85fff2f8:   0000000100060db0 000002c68393ec60
0x000000db85fff308:   000000db85fff398 0000000000000001
0x000000db85fff318:   00007ff885a36358 0000000000000001
0x000000db85fff328:   0000000000000000 0000000100060db0
0x000000db85fff338:   0000000000000000 0000000000000000
0x000000db85fff348:   00007ff800000000 0000000089780001
0x000000db85fff358:   0000000000000100 0000000000000000
0x000000db85fff368:   0000000000000001 000002c6ff891220
0x000000db85fff378:   00007ff885a34af9 0000000000000001
0x000000db85fff388:   0000000000000001 000002c68393ede0
0x000000db85fff398:   0000000000000000 0000000000000040
0x000000db85fff3a8:   00000000000003d8 000002c6ffac3358
0x000000db85fff3b8:   000002c68393ec60 0000000082996258 

Instructions: (pc=0x00007ff886094544)
0x00007ff886094444:   4e 47 00 00 53 74 61 63 6b 20 44 65 70 74 68 00
0x00007ff886094454:   00 00 00 00 73 74 61 63 6b 64 65 70 74 68 00 00
0x00007ff886094464:   32 30 00 00 4e 75 6d 62 65 72 20 6f 66 20 67 6c
0x00007ff886094474:   6f 62 61 6c 20 62 75 66 66 65 72 73 2c 00 00 00
0x00007ff886094484:   00 00 00 00 67 6c 6f 62 61 6c 62 75 66 66 65 72
0x00007ff886094494:   63 6f 75 6e 74 00 00 00 35 31 32 6b 00 00 00 00
0x00007ff8860944a4:   00 00 00 00 4d 45 4d 4f 52 59 20 53 49 5a 45 00
0x00007ff8860944b4:   00 00 00 00 53 69 7a 65 20 6f 66 20 61 20 67 6c
0x00007ff8860944c4:   6f 62 61 6c 20 62 75 66 66 65 72 73 2c 00 00 00
0x00007ff8860944d4:   00 00 00 00 67 6c 6f 62 61 6c 62 75 66 66 65 72
0x00007ff8860944e4:   73 69 7a 65 00 00 00 00 38 6b 00 00 53 69 7a 65
0x00007ff8860944f4:   20 6f 66 20 61 20 74 68 72 65 61 64 20 62 75 66
0x00007ff886094504:   66 65 72 00 74 68 72 65 61 64 5f 62 75 66 66 65
0x00007ff886094514:   72 5f 73 69 7a 65 00 00 31 30 6d 00 4f 76 65 72
0x00007ff886094524:   61 6c 6c 20 6d 65 6d 6f 72 79 20 73 69 7a 65 2c
0x00007ff886094534:   20 00 00 00 6d 65 6d 6f 72 79 73 69 7a 65 00 00
0x00007ff886094544:   31 32 6d 00 53 69 7a 65 20 6f 66 20 61 6e 20 69
0x00007ff886094554:   6e 64 69 76 69 64 75 61 6c 20 64 69 73 6b 20 63
0x00007ff886094564:   68 75 6e 6b 00 00 00 00 00 00 00 00 6d 61 78 63
0x00007ff886094574:   68 75 6e 6b 73 69 7a 65 00 00 00 00 41 63 74 69
0x00007ff886094584:   76 61 74 65 20 54 68 72 65 61 64 20 73 61 6d 70
0x00007ff886094594:   6c 69 6e 67 00 00 00 00 00 00 00 00 73 61 6d 70
0x00007ff8860945a4:   6c 65 74 68 72 65 61 64 73 00 00 00 4f 70 74 69
0x00007ff8860945b4:   6f 6e 73 3a 00 00 00 00 00 00 00 00 20 20 67 6c
0x00007ff8860945c4:   6f 62 61 6c 62 75 66 66 65 72 63 6f 75 6e 74 20
0x00007ff8860945d4:   20 28 4f 70 74 69 6f 6e 61 6c 29 20 4e 75 6d 62
0x00007ff8860945e4:   65 72 20 6f 66 20 67 6c 6f 62 61 6c 20 62 75 66
0x00007ff8860945f4:   66 65 72 73 2e 20 54 68 69 73 20 6f 70 74 69 6f
0x00007ff886094604:   6e 20 69 73 20 61 20 6c 65 67 61 63 79 00 00 00
0x00007ff886094614:   00 00 00 00 00 00 00 00 00 00 00 00 20 20 20 20
0x00007ff886094624:   20 20 20 20 20 20 20 20 20 20 20 20 20 20 20 20
0x00007ff886094634:   20 6f 70 74 69 6f 6e 3a 20 63 68 61 6e 67 65 20 


Stack slot to memory mapping:
stack at sp + 0 slots: 0x00007ff885a36a9c jvm.dll
stack at sp + 1 slots: 0x0000000000000001 is an unknown value
stack at sp + 2 slots: 0x000002c68393ec60 points into unknown readable memory: 0x00007ff886087368 | 68 73 08 86 f8 7f 00 00
stack at sp + 3 slots: 0x00000000897643d0 points into unknown readable memory: 0x00000000897643d3 | d3 43 76 89 00 00 00 00
stack at sp + 4 slots: 0x000002c68393ede0 points into unknown readable memory: 0x00007ff886087320 | 20 73 08 86 f8 7f 00 00
stack at sp + 5 slots: 0x00000000829967f8 points into unknown readable memory: 0x0000000000000000 | 00 00 00 00 00 00 00 00
stack at sp + 6 slots: 0x0000000100060db0 is pointing into metadata
stack at sp + 7 slots: 0x000002c68393ec60 points into unknown readable memory: 0x00007ff886087368 | 68 73 08 86 f8 7f 00 00


---------------  P R O C E S S  ---------------

Threads class SMR info:
_java_thread_list=0x000002c6835e8780, length=16, elements={
0x000002c6e83771f0, 0x000002c6ffa2df90, 0x000002c6ffa2f950, 0x000002c6ffa59460,
0x000002c6ffa94030, 0x000002c6ffa949e0, 0x000002c6ffa95390, 0x000002c6ffa97130,
0x000002c6ffa5cf80, 0x000002c6ffb02fb0, 0x000002c6ffbc3fc0, 0x000002c6ffe20a00,
0x000002c6ffe29c90, 0x000002c6ffe2a180, 0x000002c6ffe18710, 0x000002c683c978e0
}

Java Threads: ( => current thread )
  0x000002c6e83771f0 JavaThread "main" [_thread_blocked, id=8544, stack(0x000000db84900000,0x000000db84a00000)]
  0x000002c6ffa2df90 JavaThread "Reference Handler" daemon [_thread_blocked, id=12560, stack(0x000000db85000000,0x000000db85100000)]
  0x000002c6ffa2f950 JavaThread "Finalizer" daemon [_thread_blocked, id=5156, stack(0x000000db85100000,0x000000db85200000)]
  0x000002c6ffa59460 JavaThread "Signal Dispatcher" daemon [_thread_blocked, id=7484, stack(0x000000db85200000,0x000000db85300000)]
  0x000002c6ffa94030 JavaThread "Attach Listener" daemon [_thread_blocked, id=8960, stack(0x000000db85300000,0x000000db85400000)]
  0x000002c6ffa949e0 JavaThread "Service Thread" daemon [_thread_blocked, id=14984, stack(0x000000db85400000,0x000000db85500000)]
  0x000002c6ffa95390 JavaThread "Monitor Deflation Thread" daemon [_thread_blocked, id=13180, stack(0x000000db85500000,0x000000db85600000)]
  0x000002c6ffa97130 JavaThread "C2 CompilerThread0" daemon [_thread_blocked, id=10368, stack(0x000000db85600000,0x000000db85700000)]
  0x000002c6ffa5cf80 JavaThread "C1 CompilerThread0" daemon [_thread_blocked, id=10176, stack(0x000000db85700000,0x000000db85800000)]
  0x000002c6ffb02fb0 JavaThread "Sweeper thread" daemon [_thread_blocked, id=14728, stack(0x000000db85800000,0x000000db85900000)]
  0x000002c6ffbc3fc0 JavaThread "Common-Cleaner" daemon [_thread_blocked, id=13648, stack(0x000000db85900000,0x000000db85a00000)]
  0x000002c6ffe20a00 JavaThread "JDWP Transport Listener: dt_socket" daemon [_thread_blocked, id=11912, stack(0x000000db85b00000,0x000000db85c00000)]
  0x000002c6ffe29c90 JavaThread "JDWP Event Helper Thread" daemon [_thread_blocked, id=2124, stack(0x000000db85c00000,0x000000db85d00000)]
  0x000002c6ffe2a180 JavaThread "JDWP Command Reader" daemon [_thread_in_native, id=13404, stack(0x000000db85d00000,0x000000db85e00000)]
  0x000002c6ffe18710 JavaThread "C2 CompilerThread1" daemon [_thread_blocked, id=5664, stack(0x000000db85e00000,0x000000db85f00000)]
  0x000002c683c978e0 JavaThread "Notification Thread" daemon [_thread_blocked, id=9032, stack(0x000000db86200000,0x000000db86300000)]

Other Threads:
  0x000002c6ff9ecb70 VMThread "VM Thread" [stack: 0x000000db84f00000,0x000000db85000000] [id=1496]
  0x000002c6837839a0 WatcherThread [stack: 0x000000db86300000,0x000000db86400000] [id=9852]
  0x000002c6e83d17d0 GCTaskThread "GC Thread#0" [stack: 0x000000db84a00000,0x000000db84b00000] [id=14268]
=>0x000002c683377fa0 GCTaskThread "GC Thread#1" [stack: 0x000000db85f00000,0x000000db86000000] [id=6248]
  0x000002c68384ac80 GCTaskThread "GC Thread#2" [stack: 0x000000db86000000,0x000000db86100000] [id=12412]
  0x000002c6834fcdc0 GCTaskThread "GC Thread#3" [stack: 0x000000db86100000,0x000000db86200000] [id=8828]
  0x000002c6e83e33a0 ConcurrentGCThread "G1 Main Marker" [stack: 0x000000db84b00000,0x000000db84c00000] [id=7508]
  0x000002c6e83e3db0 ConcurrentGCThread "G1 Conc#0" [stack: 0x000000db84c00000,0x000000db84d00000] [id=9748]
  0x000002c6ff8a30e0 ConcurrentGCThread "G1 Refine#0" [stack: 0x000000db84d00000,0x000000db84e00000] [id=1924]
  0x000002c6ff8a3b00 ConcurrentGCThread "G1 Service" [stack: 0x000000db84e00000,0x000000db84f00000] [id=13856]

Threads with active compile tasks:
C2 CompilerThread0     1816  742       4       java.lang.StringLatin1::replace (198 bytes)
C1 CompilerThread0     1816  760   !   3       jdk.internal.loader.URLClassPath$FileLoader::getResource (164 bytes)
C2 CompilerThread1     1816  718  s!   4       jdk.internal.loader.URLClassPath::getLoader (194 bytes)

VM state: at safepoint (normal execution)

VM Mutex/Monitor currently owned by a thread:  ([mutex/lock_event])
[0x000002c6e8373500] Threads_lock - owner thread: 0x000002c6ff9ecb70
[0x000002c6e8373110] Heap_lock - owner thread: 0x000002c6e83771f0

Heap address: 0x0000000081c00000, size: 2020 MB, Compressed Oops mode: 32-bit

CDS archive(s) not mapped
Compressed class space mapped at: 0x0000000100000000-0x0000000140000000, reserved size: 1073741824
Narrow klass base: 0x0000000000000000, Narrow klass shift: 3, Narrow klass range: 0x140000000

GC Precious Log:
 CPUs: 4 total, 4 available
 Memory: 8073M
 Large Page Support: Disabled
 NUMA Support: Disabled
 Compressed Oops: Enabled (32-bit)
 Heap Region Size: 1M
 Heap Min Capacity: 8M
 Heap Initial Capacity: 128M
 Heap Max Capacity: 2020M
 Pre-touch: Disabled
 Parallel Workers: 4
 Concurrent Workers: 1
 Concurrent Refinement Workers: 4
 Periodic GC: Disabled

Heap:
 garbage-first heap   total 131072K, used 21494K [0x0000000081c00000, 0x0000000100000000)
  region size 1024K, 10 young (10240K), 2 survivors (2048K)
 Metaspace       used 9731K, committed 9856K, reserved 1064960K
  class space    used 827K, committed 896K, reserved 1048576K

Heap Regions: E=young(eden), S=young(survivor), O=old, HS=humongous(starts), HC=humongous(continues), CS=collection set, F=free, OA=open archive, CA=closed archive, TAMS=top-at-mark-start (previous, next)
|   0|0x0000000081c00000, 0x0000000081d00000, 0x0000000081d00000|100%|HS|  |TAMS 0x0000000081c00000, 0x0000000081c00000| Complete 
|   1|0x0000000081d00000, 0x0000000081e00000, 0x0000000081e00000|100%|HC|  |TAMS 0x0000000081d00000, 0x0000000081d00000| Complete 
|   2|0x0000000081e00000, 0x0000000081f00000, 0x0000000081f00000|100%|HS|  |TAMS 0x0000000081e00000, 0x0000000081e00000| Complete 
|   3|0x0000000081f00000, 0x0000000082000000, 0x0000000082000000|100%|HS|  |TAMS 0x0000000081f00000, 0x0000000081f00000| Complete 
|   4|0x0000000082000000, 0x0000000082100000, 0x0000000082100000|100%| O|  |TAMS 0x0000000082000000, 0x0000000082000000| Untracked 
|   5|0x0000000082100000, 0x0000000082200000, 0x0000000082200000|100%| O|  |TAMS 0x0000000082100000, 0x0000000082100000| Untracked 
|   6|0x0000000082200000, 0x0000000082300000, 0x0000000082300000|100%| O|  |TAMS 0x0000000082200000, 0x0000000082200000| Untracked 
|   7|0x0000000082300000, 0x0000000082400000, 0x0000000082400000|100%| O|  |TAMS 0x0000000082300000, 0x0000000082300000| Untracked 
|   8|0x0000000082400000, 0x0000000082500000, 0x0000000082500000|100%| O|  |TAMS 0x0000000082400000, 0x0000000082400000| Untracked 
|   9|0x0000000082500000, 0x0000000082600000, 0x0000000082600000|100%| O|  |TAMS 0x0000000082500000, 0x0000000082500000| Untracked 
|  10|0x0000000082600000, 0x0000000082700000, 0x0000000082700000|100%| O|  |TAMS 0x0000000082600000, 0x0000000082600000| Untracked 
|  11|0x0000000082700000, 0x0000000082800000, 0x0000000082800000|100%| O|  |TAMS 0x0000000082700000, 0x0000000082700000| Untracked 
|  12|0x0000000082800000, 0x0000000082900000, 0x0000000082900000|100%| O|  |TAMS 0x0000000082800000, 0x0000000082800000| Untracked 
|  13|0x0000000082900000, 0x0000000082a00000, 0x0000000082a00000|100%| O|  |TAMS 0x0000000082900000, 0x0000000082900000| Untracked 
|  14|0x0000000082a00000, 0x0000000082adeaa0, 0x0000000082b00000| 86%| O|  |TAMS 0x0000000082a00000, 0x0000000082a00000| Untracked 
|  15|0x0000000082b00000, 0x0000000082b00000, 0x0000000082c00000|  0%| F|  |TAMS 0x0000000082b00000, 0x0000000082b00000| Untracked 
|  16|0x0000000082c00000, 0x0000000082c00000, 0x0000000082d00000|  0%| F|  |TAMS 0x0000000082c00000, 0x0000000082c00000| Untracked 
|  17|0x0000000082d00000, 0x0000000082d00000, 0x0000000082e00000|  0%| F|  |TAMS 0x0000000082d00000, 0x0000000082d00000| Untracked 
|  18|0x0000000082e00000, 0x0000000082e00000, 0x0000000082f00000|  0%| F|  |TAMS 0x0000000082e00000, 0x0000000082e00000| Untracked 
|  19|0x0000000082f00000, 0x0000000082f00000, 0x0000000083000000|  0%| F|  |TAMS 0x0000000082f00000, 0x0000000082f00000| Untracked 
|  20|0x0000000083000000, 0x0000000083000000, 0x0000000083100000|  0%| F|  |TAMS 0x0000000083000000, 0x0000000083000000| Untracked 
|  21|0x0000000083100000, 0x0000000083100000, 0x0000000083200000|  0%| F|  |TAMS 0x0000000083100000, 0x0000000083100000| Untracked 
|  22|0x0000000083200000, 0x0000000083200000, 0x0000000083300000|  0%| F|  |TAMS 0x0000000083200000, 0x0000000083200000| Untracked 
|  23|0x0000000083300000, 0x0000000083300000, 0x0000000083400000|  0%| F|  |TAMS 0x0000000083300000, 0x0000000083300000| Untracked 
|  24|0x0000000083400000, 0x0000000083400000, 0x0000000083500000|  0%| F|  |TAMS 0x0000000083400000, 0x0000000083400000| Untracked 
|  25|0x0000000083500000, 0x0000000083500000, 0x0000000083600000|  0%| F|  |TAMS 0x0000000083500000, 0x0000000083500000| Untracked 
|  26|0x0000000083600000, 0x0000000083600000, 0x0000000083700000|  0%| F|  |TAMS 0x0000000083600000, 0x0000000083600000| Untracked 
|  27|0x0000000083700000, 0x0000000083700000, 0x0000000083800000|  0%| F|  |TAMS 0x0000000083700000, 0x0000000083700000| Untracked 
|  28|0x0000000083800000, 0x0000000083800000, 0x0000000083900000|  0%| F|  |TAMS 0x0000000083800000, 0x0000000083800000| Untracked 
|  29|0x0000000083900000, 0x0000000083900000, 0x0000000083a00000|  0%| F|  |TAMS 0x0000000083900000, 0x0000000083900000| Untracked 
|  30|0x0000000083a00000, 0x0000000083a00000, 0x0000000083b00000|  0%| F|  |TAMS 0x0000000083a00000, 0x0000000083a00000| Untracked 
|  31|0x0000000083b00000, 0x0000000083b00000, 0x0000000083c00000|  0%| F|  |TAMS 0x0000000083b00000, 0x0000000083b00000| Untracked 
|  32|0x0000000083c00000, 0x0000000083c00000, 0x0000000083d00000|  0%| F|  |TAMS 0x0000000083c00000, 0x0000000083c00000| Untracked 
|  33|0x0000000083d00000, 0x0000000083d00000, 0x0000000083e00000|  0%| F|  |TAMS 0x0000000083d00000, 0x0000000083d00000| Untracked 
|  34|0x0000000083e00000, 0x0000000083e00000, 0x0000000083f00000|  0%| F|  |TAMS 0x0000000083e00000, 0x0000000083e00000| Untracked 
|  35|0x0000000083f00000, 0x0000000083f00000, 0x0000000084000000|  0%| F|  |TAMS 0x0000000083f00000, 0x0000000083f00000| Untracked 
|  36|0x0000000084000000, 0x0000000084000000, 0x0000000084100000|  0%| F|  |TAMS 0x0000000084000000, 0x0000000084000000| Untracked 
|  37|0x0000000084100000, 0x0000000084100000, 0x0000000084200000|  0%| F|  |TAMS 0x0000000084100000, 0x0000000084100000| Untracked 
|  38|0x0000000084200000, 0x0000000084200000, 0x0000000084300000|  0%| F|  |TAMS 0x0000000084200000, 0x0000000084200000| Untracked 
|  39|0x0000000084300000, 0x0000000084300000, 0x0000000084400000|  0%| F|  |TAMS 0x0000000084300000, 0x0000000084300000| Untracked 
|  40|0x0000000084400000, 0x0000000084400000, 0x0000000084500000|  0%| F|  |TAMS 0x0000000084400000, 0x0000000084400000| Untracked 
|  41|0x0000000084500000, 0x0000000084500000, 0x0000000084600000|  0%| F|  |TAMS 0x0000000084500000, 0x0000000084500000| Untracked 
|  42|0x0000000084600000, 0x0000000084600000, 0x0000000084700000|  0%| F|  |TAMS 0x0000000084600000, 0x0000000084600000| Untracked 
|  43|0x0000000084700000, 0x0000000084700000, 0x0000000084800000|  0%| F|  |TAMS 0x0000000084700000, 0x0000000084700000| Untracked 
|  44|0x0000000084800000, 0x0000000084800000, 0x0000000084900000|  0%| F|  |TAMS 0x0000000084800000, 0x0000000084800000| Untracked 
|  45|0x0000000084900000, 0x0000000084900000, 0x0000000084a00000|  0%| F|  |TAMS 0x0000000084900000, 0x0000000084900000| Untracked 
|  46|0x0000000084a00000, 0x0000000084a00000, 0x0000000084b00000|  0%| F|  |TAMS 0x0000000084a00000, 0x0000000084a00000| Untracked 
|  47|0x0000000084b00000, 0x0000000084b00000, 0x0000000084c00000|  0%| F|  |TAMS 0x0000000084b00000, 0x0000000084b00000| Untracked 
|  48|0x0000000084c00000, 0x0000000084c00000, 0x0000000084d00000|  0%| F|  |TAMS 0x0000000084c00000, 0x0000000084c00000| Untracked 
|  49|0x0000000084d00000, 0x0000000084d00000, 0x0000000084e00000|  0%| F|  |TAMS 0x0000000084d00000, 0x0000000084d00000| Untracked 
|  50|0x0000000084e00000, 0x0000000084e00000, 0x0000000084f00000|  0%| F|  |TAMS 0x0000000084e00000, 0x0000000084e00000| Untracked 
|  51|0x0000000084f00000, 0x0000000084f00000, 0x0000000085000000|  0%| F|  |TAMS 0x0000000084f00000, 0x0000000084f00000| Untracked 
|  52|0x0000000085000000, 0x0000000085000000, 0x0000000085100000|  0%| F|  |TAMS 0x0000000085000000, 0x0000000085000000| Untracked 
|  53|0x0000000085100000, 0x0000000085100000, 0x0000000085200000|  0%| F|  |TAMS 0x0000000085100000, 0x0000000085100000| Untracked 
|  54|0x0000000085200000, 0x0000000085200000, 0x0000000085300000|  0%| F|  |TAMS 0x0000000085200000, 0x0000000085200000| Untracked 
|  55|0x0000000085300000, 0x0000000085300000, 0x0000000085400000|  0%| F|  |TAMS 0x0000000085300000, 0x0000000085300000| Untracked 
|  56|0x0000000085400000, 0x0000000085400000, 0x0000000085500000|  0%| F|  |TAMS 0x0000000085400000, 0x0000000085400000| Untracked 
|  57|0x0000000085500000, 0x0000000085500000, 0x0000000085600000|  0%| F|  |TAMS 0x0000000085500000, 0x0000000085500000| Untracked 
|  58|0x0000000085600000, 0x0000000085600000, 0x0000000085700000|  0%| F|  |TAMS 0x0000000085600000, 0x0000000085600000| Untracked 
|  59|0x0000000085700000, 0x0000000085700000, 0x0000000085800000|  0%| F|  |TAMS 0x0000000085700000, 0x0000000085700000| Untracked 
|  60|0x0000000085800000, 0x0000000085800000, 0x0000000085900000|  0%| F|  |TAMS 0x0000000085800000, 0x0000000085800000| Untracked 
|  61|0x0000000085900000, 0x0000000085900000, 0x0000000085a00000|  0%| F|  |TAMS 0x0000000085900000, 0x0000000085900000| Untracked 
|  62|0x0000000085a00000, 0x0000000085a00000, 0x0000000085b00000|  0%| F|  |TAMS 0x0000000085a00000, 0x0000000085a00000| Untracked 
|  63|0x0000000085b00000, 0x0000000085b00000, 0x0000000085c00000|  0%| F|  |TAMS 0x0000000085b00000, 0x0000000085b00000| Untracked 
|  64|0x0000000085c00000, 0x0000000085c00000, 0x0000000085d00000|  0%| F|  |TAMS 0x0000000085c00000, 0x0000000085c00000| Untracked 
|  65|0x0000000085d00000, 0x0000000085d00000, 0x0000000085e00000|  0%| F|  |TAMS 0x0000000085d00000, 0x0000000085d00000| Untracked 
|  66|0x0000000085e00000, 0x0000000085e00000, 0x0000000085f00000|  0%| F|  |TAMS 0x0000000085e00000, 0x0000000085e00000| Untracked 
|  67|0x0000000085f00000, 0x0000000085f00000, 0x0000000086000000|  0%| F|  |TAMS 0x0000000085f00000, 0x0000000085f00000| Untracked 
|  68|0x0000000086000000, 0x0000000086000000, 0x0000000086100000|  0%| F|  |TAMS 0x0000000086000000, 0x0000000086000000| Untracked 
|  69|0x0000000086100000, 0x0000000086100000, 0x0000000086200000|  0%| F|  |TAMS 0x0000000086100000, 0x0000000086100000| Untracked 
|  70|0x0000000086200000, 0x0000000086200000, 0x0000000086300000|  0%| F|  |TAMS 0x0000000086200000, 0x0000000086200000| Untracked 
|  71|0x0000000086300000, 0x0000000086300000, 0x0000000086400000|  0%| F|  |TAMS 0x0000000086300000, 0x0000000086300000| Untracked 
|  72|0x0000000086400000, 0x0000000086400000, 0x0000000086500000|  0%| F|  |TAMS 0x0000000086400000, 0x0000000086400000| Untracked 
|  73|0x0000000086500000, 0x0000000086500000, 0x0000000086600000|  0%| F|  |TAMS 0x0000000086500000, 0x0000000086500000| Untracked 
|  74|0x0000000086600000, 0x0000000086600000, 0x0000000086700000|  0%| F|  |TAMS 0x0000000086600000, 0x0000000086600000| Untracked 
|  75|0x0000000086700000, 0x0000000086700000, 0x0000000086800000|  0%| F|  |TAMS 0x0000000086700000, 0x0000000086700000| Untracked 
|  76|0x0000000086800000, 0x0000000086800000, 0x0000000086900000|  0%| F|  |TAMS 0x0000000086800000, 0x0000000086800000| Untracked 
|  77|0x0000000086900000, 0x0000000086900000, 0x0000000086a00000|  0%| F|  |TAMS 0x0000000086900000, 0x0000000086900000| Untracked 
|  78|0x0000000086a00000, 0x0000000086a00000, 0x0000000086b00000|  0%| F|  |TAMS 0x0000000086a00000, 0x0000000086a00000| Untracked 
|  79|0x0000000086b00000, 0x0000000086b00000, 0x0000000086c00000|  0%| F|  |TAMS 0x0000000086b00000, 0x0000000086b00000| Untracked 
|  80|0x0000000086c00000, 0x0000000086c00000, 0x0000000086d00000|  0%| F|  |TAMS 0x0000000086c00000, 0x0000000086c00000| Untracked 
|  81|0x0000000086d00000, 0x0000000086d00000, 0x0000000086e00000|  0%| F|  |TAMS 0x0000000086d00000, 0x0000000086d00000| Untracked 
|  82|0x0000000086e00000, 0x0000000086e00000, 0x0000000086f00000|  0%| F|  |TAMS 0x0000000086e00000, 0x0000000086e00000| Untracked 
|  83|0x0000000086f00000, 0x0000000086f00000, 0x0000000087000000|  0%| F|  |TAMS 0x0000000086f00000, 0x0000000086f00000| Untracked 
|  84|0x0000000087000000, 0x0000000087000000, 0x0000000087100000|  0%| F|  |TAMS 0x0000000087000000, 0x0000000087000000| Untracked 
|  85|0x0000000087100000, 0x0000000087100000, 0x0000000087200000|  0%| F|  |TAMS 0x0000000087100000, 0x0000000087100000| Untracked 
|  86|0x0000000087200000, 0x0000000087200000, 0x0000000087300000|  0%| F|  |TAMS 0x0000000087200000, 0x0000000087200000| Untracked 
|  87|0x0000000087300000, 0x0000000087300000, 0x0000000087400000|  0%| F|  |TAMS 0x0000000087300000, 0x0000000087300000| Untracked 
|  88|0x0000000087400000, 0x0000000087400000, 0x0000000087500000|  0%| F|  |TAMS 0x0000000087400000, 0x0000000087400000| Untracked 
|  89|0x0000000087500000, 0x0000000087500000, 0x0000000087600000|  0%| F|  |TAMS 0x0000000087500000, 0x0000000087500000| Untracked 
|  90|0x0000000087600000, 0x0000000087600000, 0x0000000087700000|  0%| F|  |TAMS 0x0000000087600000, 0x0000000087600000| Untracked 
|  91|0x0000000087700000, 0x0000000087700000, 0x0000000087800000|  0%| F|  |TAMS 0x0000000087700000, 0x0000000087700000| Untracked 
|  92|0x0000000087800000, 0x0000000087800000, 0x0000000087900000|  0%| F|  |TAMS 0x0000000087800000, 0x0000000087800000| Untracked 
|  93|0x0000000087900000, 0x0000000087900000, 0x0000000087a00000|  0%| F|  |TAMS 0x0000000087900000, 0x0000000087900000| Untracked 
|  94|0x0000000087a00000, 0x0000000087a00000, 0x0000000087b00000|  0%| F|  |TAMS 0x0000000087a00000, 0x0000000087a00000| Untracked 
|  95|0x0000000087b00000, 0x0000000087b00000, 0x0000000087c00000|  0%| F|  |TAMS 0x0000000087b00000, 0x0000000087b00000| Untracked 
|  96|0x0000000087c00000, 0x0000000087c00000, 0x0000000087d00000|  0%| F|  |TAMS 0x0000000087c00000, 0x0000000087c00000| Untracked 
|  97|0x0000000087d00000, 0x0000000087d00000, 0x0000000087e00000|  0%| F|  |TAMS 0x0000000087d00000, 0x0000000087d00000| Untracked 
|  98|0x0000000087e00000, 0x0000000087e00000, 0x0000000087f00000|  0%| F|  |TAMS 0x0000000087e00000, 0x0000000087e00000| Untracked 
|  99|0x0000000087f00000, 0x0000000087f00000, 0x0000000088000000|  0%| F|  |TAMS 0x0000000087f00000, 0x0000000087f00000| Untracked 
| 100|0x0000000088000000, 0x0000000088000000, 0x0000000088100000|  0%| F|  |TAMS 0x0000000088000000, 0x0000000088000000| Untracked 
| 101|0x0000000088100000, 0x0000000088100000, 0x0000000088200000|  0%| F|  |TAMS 0x0000000088100000, 0x0000000088100000| Untracked 
| 102|0x0000000088200000, 0x0000000088200000, 0x0000000088300000|  0%| F|  |TAMS 0x0000000088200000, 0x0000000088200000| Untracked 
| 103|0x0000000088300000, 0x0000000088300000, 0x0000000088400000|  0%| F|  |TAMS 0x0000000088300000, 0x0000000088300000| Untracked 
| 104|0x0000000088400000, 0x0000000088400000, 0x0000000088500000|  0%| F|  |TAMS 0x0000000088400000, 0x0000000088400000| Untracked 
| 105|0x0000000088500000, 0x0000000088500000, 0x0000000088600000|  0%| F|  |TAMS 0x0000000088500000, 0x0000000088500000| Untracked 
| 106|0x0000000088600000, 0x0000000088600000, 0x0000000088700000|  0%| F|  |TAMS 0x0000000088600000, 0x0000000088600000| Untracked 
| 107|0x0000000088700000, 0x0000000088700000, 0x0000000088800000|  0%| F|  |TAMS 0x0000000088700000, 0x0000000088700000| Untracked 
| 108|0x0000000088800000, 0x0000000088800000, 0x0000000088900000|  0%| F|  |TAMS 0x0000000088800000, 0x0000000088800000| Untracked 
| 109|0x0000000088900000, 0x0000000088900000, 0x0000000088a00000|  0%| F|  |TAMS 0x0000000088900000, 0x0000000088900000| Untracked 
| 110|0x0000000088a00000, 0x0000000088a00000, 0x0000000088b00000|  0%| F|  |TAMS 0x0000000088a00000, 0x0000000088a00000| Untracked 
| 111|0x0000000088b00000, 0x0000000088b00000, 0x0000000088c00000|  0%| F|  |TAMS 0x0000000088b00000, 0x0000000088b00000| Untracked 
| 112|0x0000000088c00000, 0x0000000088c00000, 0x0000000088d00000|  0%| F|  |TAMS 0x0000000088c00000, 0x0000000088c00000| Untracked 
| 113|0x0000000088d00000, 0x0000000088e00000, 0x0000000088e00000|100%| E|CS|TAMS 0x0000000088d00000, 0x0000000088d00000| Complete 
| 114|0x0000000088e00000, 0x0000000088f00000, 0x0000000088f00000|100%| E|CS|TAMS 0x0000000088e00000, 0x0000000088e00000| Complete 
| 115|0x0000000088f00000, 0x0000000088f00000, 0x0000000089000000|  0%| F|  |TAMS 0x0000000088f00000, 0x0000000088f00000| Untracked 
| 116|0x0000000089000000, 0x0000000089000000, 0x0000000089100000|  0%| F|  |TAMS 0x0000000089000000, 0x0000000089000000| Untracked 
| 117|0x0000000089100000, 0x0000000089100000, 0x0000000089200000|  0%| F|  |TAMS 0x0000000089100000, 0x0000000089100000| Untracked 
| 118|0x0000000089200000, 0x0000000089300000, 0x0000000089300000|100%| S|  |TAMS 0x0000000089200000, 0x0000000089200000| Complete 
| 119|0x0000000089300000, 0x0000000089400000, 0x0000000089400000|100%| S|  |TAMS 0x0000000089300000, 0x0000000089300000| Complete 
| 120|0x0000000089400000, 0x0000000089500000, 0x0000000089500000|100%| E|CS|TAMS 0x0000000089400000, 0x0000000089400000| Complete 
| 121|0x0000000089500000, 0x0000000089600000, 0x0000000089600000|100%| E|CS|TAMS 0x0000000089500000, 0x0000000089500000| Complete 
| 122|0x0000000089600000, 0x0000000089700000, 0x0000000089700000|100%| E|CS|TAMS 0x0000000089600000, 0x0000000089600000| Complete 
| 123|0x0000000089700000, 0x0000000089800000, 0x0000000089800000|100%| E|CS|TAMS 0x0000000089700000, 0x0000000089700000| Complete 
| 124|0x0000000089800000, 0x0000000089900000, 0x0000000089900000|100%| E|CS|TAMS 0x0000000089800000, 0x0000000089800000| Complete 
| 125|0x0000000089900000, 0x0000000089a00000, 0x0000000089a00000|100%| E|CS|TAMS 0x0000000089900000, 0x0000000089900000| Complete 
| 126|0x0000000089a00000, 0x0000000089b00000, 0x0000000089b00000|100%| E|CS|TAMS 0x0000000089a00000, 0x0000000089a00000| Complete 
| 127|0x0000000089b00000, 0x0000000089c00000, 0x0000000089c00000|100%| E|CS|TAMS 0x0000000089b00000, 0x0000000089b00000| Complete 

Card table byte_map: [0x000002c6fae10000,0x000002c6fb210000] _byte_map_base: 0x000002c6faa02000

Marking Bits (Prev, Next): (CMBitMap*) 0x000002c6e83d2df0, (CMBitMap*) 0x000002c6e83d2e30
 Prev Bits: [0x000002c6fb610000, 0x000002c6fd5a0000)
 Next Bits: [0x000002c6fd5a0000, 0x000002c6ff530000)

Polling page: 0x000002c6e6320000

Metaspace:

Usage:
  Non-class:      8.70 MB used.
      Class:    827.02 KB used.
       Both:      9.50 MB used.

Virtual space:
  Non-class space:       16.00 MB reserved,       8.75 MB ( 55%) committed,  2 nodes.
      Class space:        1.00 GB reserved,     896.00 KB ( <1%) committed,  1 nodes.
             Both:        1.02 GB reserved,       9.62 MB ( <1%) committed. 

Chunk freelists:
   Non-Class:  2.70 MB
       Class:  2.97 MB
        Both:  5.67 MB

MaxMetaspaceSize: unlimited
CompressedClassSpaceSize: 1.00 GB
Initial GC threshold: 21.00 MB
Current GC threshold: 21.00 MB
CDS: off
MetaspaceReclaimPolicy: balanced
 - commit_granule_bytes: 65536.
 - commit_granule_words: 8192.
 - virtual_space_node_default_size: 1048576.
 - enlarge_chunks_in_place: 1.
 - new_chunks_are_fully_committed: 0.
 - uncommit_free_chunks: 1.
 - use_allocation_guard: 0.
 - handle_deallocations: 1.


Internal statistics:

num_allocs_failed_limit: 0.
num_arena_births: 8.
num_arena_deaths: 0.
num_vsnodes_births: 3.
num_vsnodes_deaths: 0.
num_space_committed: 154.
num_space_uncommitted: 0.
num_chunks_returned_to_freelist: 0.
num_chunks_taken_from_freelist: 48.
num_chunk_merges: 0.
num_chunk_splits: 22.
num_chunks_enlarged: 16.
num_purges: 0.
num_inconsistent_stats: 0.

CodeHeap 'non-profiled nmethods': size=120000Kb used=308Kb max_used=308Kb free=119691Kb
 bounds [0x000002c6f34e0000, 0x000002c6f3750000, 0x000002c6faa10000]
CodeHeap 'profiled nmethods': size=120000Kb used=1365Kb max_used=1365Kb free=118634Kb
 bounds [0x000002c6ebfb0000, 0x000002c6ec220000, 0x000002c6f34e0000]
CodeHeap 'non-nmethods': size=5760Kb used=1198Kb max_used=1228Kb free=4561Kb
 bounds [0x000002c6eba10000, 0x000002c6ebc80000, 0x000002c6ebfb0000]
 total_blobs=1164 nmethods=749 adapters=328
 compilation: enabled
              stopped_count=0, restarted_count=0
 full_count=0

Compilation events (20 events):
Event: 1.561 Thread 0x000002c6ffa5cf80 nmethod 746 0x000002c6ec0f2890 code [0x000002c6ec0f3a40, 0x000002c6ec0fe3a8]
Event: 1.562 Thread 0x000002c6ffa5cf80  751       3       org.eclipse.jdt.launching.internal.org.objectweb.asm.SymbolTable$Entry::<init> (17 bytes)
Event: 1.562 Thread 0x000002c6ffa5cf80 nmethod 751 0x000002c6ec102a10 code [0x000002c6ec102bc0, 0x000002c6ec102d68]
Event: 1.562 Thread 0x000002c6ffa5cf80  755       3       org.eclipse.jdt.launching.internal.org.objectweb.asm.SymbolTable::addConstantUtf8 (20 bytes)
Event: 1.562 Thread 0x000002c6ffa5cf80 nmethod 755 0x000002c6ec102e10 code [0x000002c6ec102fe0, 0x000002c6ec103288]
Event: 1.562 Thread 0x000002c6ffa5cf80  747       3       sun.net.www.protocol.file.Handler::parseURL (18 bytes)
Event: 1.562 Thread 0x000002c6ffa5cf80 nmethod 747 0x000002c6ec103410 code [0x000002c6ec1035c0, 0x000002c6ec103778]
Event: 1.563 Thread 0x000002c6ffa5cf80  749       3       java.lang.String::getChars (54 bytes)
Event: 1.563 Thread 0x000002c6ffa5cf80 nmethod 749 0x000002c6ec103890 code [0x000002c6ec103a80, 0x000002c6ec103f18]
Event: 1.563 Thread 0x000002c6ffa5cf80  750       3       java.lang.StringLatin1::getChars (12 bytes)
Event: 1.563 Thread 0x000002c6ffa5cf80 nmethod 750 0x000002c6ec104110 code [0x000002c6ec1042a0, 0x000002c6ec1043e8]
Event: 1.563 Thread 0x000002c6ffa5cf80  748   !   3       java.net.URL::set (114 bytes)
Event: 1.565 Thread 0x000002c6ffa5cf80 nmethod 748 0x000002c6ec104490 code [0x000002c6ec1046e0, 0x000002c6ec105278]
Event: 1.565 Thread 0x000002c6ffa5cf80  754       1       org.eclipse.jdt.launching.internal.org.objectweb.asm.SymbolTable::getMajorVersion (5 bytes)
Event: 1.565 Thread 0x000002c6ffa5cf80 nmethod 754 0x000002c6f352c990 code [0x000002c6f352cb20, 0x000002c6f352cbf8]
Event: 1.565 Thread 0x000002c6ffa5cf80  756       1       org.eclipse.jdt.launching.internal.org.objectweb.asm.SymbolTable::getSource (5 bytes)
Event: 1.565 Thread 0x000002c6ffa5cf80 nmethod 756 0x000002c6f352cc90 code [0x000002c6f352ce20, 0x000002c6f352cef8]
Event: 1.565 Thread 0x000002c6ffa5cf80  752       1       java.security.ProtectionDomain::getCodeSource (5 bytes)
Event: 1.565 Thread 0x000002c6ffa5cf80 nmethod 752 0x000002c6f352cf90 code [0x000002c6f352d120, 0x000002c6f352d1f8]
Event: 1.566 Thread 0x000002c6ffa5cf80  760   !   3       jdk.internal.loader.URLClassPath$FileLoader::getResource (164 bytes)

GC Heap History (3 events):
Event: 1.184 GC heap before
{Heap before GC invocations=0 (full 0):
 garbage-first heap   total 131072K, used 16384K [0x0000000081c00000, 0x0000000100000000)
  region size 1024K, 13 young (13312K), 0 survivors (0K)
 Metaspace       used 6368K, committed 6464K, reserved 1056768K
  class space    used 510K, committed 512K, reserved 1048576K
}
Event: 1.194 GC heap after
{Heap after GC invocations=1 (full 0):
 garbage-first heap   total 131072K, used 13302K [0x0000000081c00000, 0x0000000100000000)
  region size 1024K, 2 young (2048K), 2 survivors (2048K)
 Metaspace       used 6368K, committed 6464K, reserved 1056768K
  class space    used 510K, committed 512K, reserved 1048576K
}
Event: 1.567 GC heap before
{Heap before GC invocations=1 (full 0):
 garbage-first heap   total 131072K, used 20470K [0x0000000081c00000, 0x0000000100000000)
  region size 1024K, 10 young (10240K), 2 survivors (2048K)
 Metaspace       used 9731K, committed 9856K, reserved 1064960K
  class space    used 827K, committed 896K, reserved 1048576K
}

Deoptimization events (20 events):
Event: 1.499 Thread 0x000002c6e83771f0 DEOPT PACKING pc=0x000002c6ec0c2f2c sp=0x000000db849fbad0
Event: 1.499 Thread 0x000002c6e83771f0 DEOPT UNPACKING pc=0x000002c6eba62b43 sp=0x000000db849faf38 mode 0
Event: 1.499 Thread 0x000002c6e83771f0 DEOPT PACKING pc=0x000002c6ec0c2f2c sp=0x000000db849fbad0
Event: 1.499 Thread 0x000002c6e83771f0 DEOPT UNPACKING pc=0x000002c6eba62b43 sp=0x000000db849faf38 mode 0
Event: 1.505 Thread 0x000002c6e83771f0 DEOPT PACKING pc=0x000002c6ec0c2e54 sp=0x000000db849f8000
Event: 1.505 Thread 0x000002c6e83771f0 DEOPT UNPACKING pc=0x000002c6eba62b43 sp=0x000000db849f7468 mode 0
Event: 1.510 Thread 0x000002c6e83771f0 DEOPT PACKING pc=0x000002c6ec0c2e54 sp=0x000000db849fba00
Event: 1.510 Thread 0x000002c6e83771f0 DEOPT UNPACKING pc=0x000002c6eba62b43 sp=0x000000db849fae68 mode 0
Event: 1.516 Thread 0x000002c6e83771f0 DEOPT PACKING pc=0x000002c6ec0c2e54 sp=0x000000db849fbad0
Event: 1.516 Thread 0x000002c6e83771f0 DEOPT UNPACKING pc=0x000002c6eba62b43 sp=0x000000db849faf38 mode 0
Event: 1.525 Thread 0x000002c6e83771f0 DEOPT PACKING pc=0x000002c6ec0c2f2c sp=0x000000db849f7c70
Event: 1.525 Thread 0x000002c6e83771f0 DEOPT UNPACKING pc=0x000002c6eba62b43 sp=0x000000db849f70d8 mode 0
Event: 1.526 Thread 0x000002c6e83771f0 DEOPT PACKING pc=0x000002c6ec0c2f2c sp=0x000000db849f7c70
Event: 1.526 Thread 0x000002c6e83771f0 DEOPT UNPACKING pc=0x000002c6eba62b43 sp=0x000000db849f70d8 mode 0
Event: 1.526 Thread 0x000002c6e83771f0 DEOPT PACKING pc=0x000002c6ec0c2f2c sp=0x000000db849f7c70
Event: 1.526 Thread 0x000002c6e83771f0 DEOPT UNPACKING pc=0x000002c6eba62b43 sp=0x000000db849f70d8 mode 0
Event: 1.526 Thread 0x000002c6e83771f0 DEOPT PACKING pc=0x000002c6ec0c2f2c sp=0x000000db849f7c70
Event: 1.526 Thread 0x000002c6e83771f0 DEOPT UNPACKING pc=0x000002c6eba62b43 sp=0x000000db849f70d8 mode 0
Event: 1.528 Thread 0x000002c6e83771f0 DEOPT PACKING pc=0x000002c6ec0c2f2c sp=0x000000db849f7c70
Event: 1.528 Thread 0x000002c6e83771f0 DEOPT UNPACKING pc=0x000002c6eba62b43 sp=0x000000db849f70d8 mode 0

Classes unloaded (0 events):
No events

Classes redefined (0 events):
No events

Internal exceptions (0 events):
No events

VM Operations (13 events):
Event: 0.758 Executing VM operation: HandshakeAllThreads
Event: 0.758 Executing VM operation: HandshakeAllThreads done
Event: 0.794 Executing VM operation: ChangeBreakpoints
Event: 0.794 Executing VM operation: ChangeBreakpoints done
Event: 0.879 Executing VM operation: ChangeBreakpoints
Event: 0.879 Executing VM operation: ChangeBreakpoints done
Event: 0.945 Executing VM operation: HandshakeAllThreads
Event: 0.945 Executing VM operation: HandshakeAllThreads done
Event: 1.183 Executing VM operation: G1CollectForAllocation
Event: 1.194 Executing VM operation: G1CollectForAllocation done
Event: 1.287 Executing VM operation: HandshakeAllThreads
Event: 1.287 Executing VM operation: HandshakeAllThreads done
Event: 1.567 Executing VM operation: G1CollectForAllocation

Events (20 events):
Event: 1.479 loading class jdk/internal/reflect/Label
Event: 1.479 loading class jdk/internal/reflect/Label done
Event: 1.479 loading class jdk/internal/reflect/Label$PatchInfo
Event: 1.479 loading class jdk/internal/reflect/Label$PatchInfo done
Event: 1.479 loading class jdk/internal/reflect/MethodAccessorGenerator$1
Event: 1.479 loading class jdk/internal/reflect/MethodAccessorGenerator$1 done
Event: 1.479 loading class jdk/internal/reflect/ClassDefiner
Event: 1.479 loading class jdk/internal/reflect/ClassDefiner done
Event: 1.479 loading class jdk/internal/reflect/ClassDefiner$1
Event: 1.479 loading class jdk/internal/reflect/ClassDefiner$1 done
Event: 1.479 loading class jdk/internal/reflect/BootstrapConstructorAccessorImpl
Event: 1.479 loading class jdk/internal/reflect/BootstrapConstructorAccessorImpl done
Event: 1.528 loading class java/lang/IllegalStateException
Event: 1.528 loading class java/lang/IllegalStateException done
Event: 1.534 loading class java/io/StringWriter
Event: 1.534 loading class java/io/StringWriter done
Event: 1.538 loading class java/lang/InterruptedException
Event: 1.538 loading class java/lang/InterruptedException done
Event: 1.539 loading class java/io/UnsupportedEncodingException
Event: 1.539 loading class java/io/UnsupportedEncodingException done


Dynamic libraries:
0x00007ff770e40000 - 0x00007ff770e4e000 	C:\Users\BUYPC\Desktop\sts-4.16.0.RELEASE\plugins\org.eclipse.justj.openjdk.hotspot.jre.full.win32.x86_64_17.0.4.v20220903-1038\jre\bin\javaw.exe
0x00007ff8b6450000 - 0x00007ff8b6648000 	C:\Windows\SYSTEM32\ntdll.dll
0x00007ff8af440000 - 0x00007ff8af457000 	C:\Program Files\Avast Software\Avast\aswhook.dll
0x00007ff8b5790000 - 0x00007ff8b584f000 	C:\Windows\System32\KERNEL32.DLL
0x00007ff8b3ed0000 - 0x00007ff8b41a2000 	C:\Windows\System32\KERNELBASE.dll
0x00007ff8b3cb0000 - 0x00007ff8b3db0000 	C:\Windows\System32\ucrtbase.dll
0x00007ff8a38b0000 - 0x00007ff8a38c8000 	C:\Users\BUYPC\Desktop\sts-4.16.0.RELEASE\plugins\org.eclipse.justj.openjdk.hotspot.jre.full.win32.x86_64_17.0.4.v20220903-1038\jre\bin\jli.dll
0x00007ff8b5430000 - 0x00007ff8b55cd000 	C:\Windows\System32\USER32.dll
0x00007ff8b42f0000 - 0x00007ff8b4312000 	C:\Windows\System32\win32u.dll
0x00007ff8b4790000 - 0x00007ff8b47bb000 	C:\Windows\System32\GDI32.dll
0x00007ff8b41b0000 - 0x00007ff8b42bf000 	C:\Windows\System32\gdi32full.dll
0x00007ff8b4320000 - 0x00007ff8b43bd000 	C:\Windows\System32\msvcp_win.dll
0x00007ff89aed0000 - 0x00007ff89aee9000 	C:\Users\BUYPC\Desktop\sts-4.16.0.RELEASE\plugins\org.eclipse.justj.openjdk.hotspot.jre.full.win32.x86_64_17.0.4.v20220903-1038\jre\bin\VCRUNTIME140.dll
0x00007ff89fe80000 - 0x00007ff8a011a000 	C:\Windows\WinSxS\amd64_microsoft.windows.common-controls_6595b64144ccf1df_6.0.19041.1110_none_60b5254171f9507e\COMCTL32.dll
0x00007ff8b6370000 - 0x00007ff8b640e000 	C:\Windows\System32\msvcrt.dll
0x00007ff8b6330000 - 0x00007ff8b6362000 	C:\Windows\System32\IMM32.DLL
0x00007ff8a6490000 - 0x00007ff8a649c000 	C:\Users\BUYPC\Desktop\sts-4.16.0.RELEASE\plugins\org.eclipse.justj.openjdk.hotspot.jre.full.win32.x86_64_17.0.4.v20220903-1038\jre\bin\vcruntime140_1.dll
0x00007ff898330000 - 0x00007ff8983c1000 	C:\Users\BUYPC\Desktop\sts-4.16.0.RELEASE\plugins\org.eclipse.justj.openjdk.hotspot.jre.full.win32.x86_64_17.0.4.v20220903-1038\jre\bin\msvcp140.dll
0x00007ff885730000 - 0x00007ff886376000 	C:\Users\BUYPC\Desktop\sts-4.16.0.RELEASE\plugins\org.eclipse.justj.openjdk.hotspot.jre.full.win32.x86_64_17.0.4.v20220903-1038\jre\bin\server\jvm.dll
0x00007ff8b6150000 - 0x00007ff8b61fe000 	C:\Windows\System32\ADVAPI32.dll
0x00007ff8b4820000 - 0x00007ff8b48bc000 	C:\Windows\System32\sechost.dll
0x00007ff8b6200000 - 0x00007ff8b6325000 	C:\Windows\System32\RPCRT4.dll
0x00007ff8b5780000 - 0x00007ff8b5788000 	C:\Windows\System32\PSAPI.DLL
0x00007ff8a44d0000 - 0x00007ff8a44d9000 	C:\Windows\SYSTEM32\WSOCK32.dll
0x00007ff8b44a0000 - 0x00007ff8b450b000 	C:\Windows\System32\WS2_32.dll
0x00007ff8ae0c0000 - 0x00007ff8ae0e7000 	C:\Windows\SYSTEM32\WINMM.dll
0x00007ff8abd90000 - 0x00007ff8abd9a000 	C:\Windows\SYSTEM32\VERSION.dll
0x00007ff8b2350000 - 0x00007ff8b2362000 	C:\Windows\SYSTEM32\kernel.appcore.dll
0x00007ff8af460000 - 0x00007ff8af46a000 	C:\Users\BUYPC\Desktop\sts-4.16.0.RELEASE\plugins\org.eclipse.justj.openjdk.hotspot.jre.full.win32.x86_64_17.0.4.v20220903-1038\jre\bin\jimage.dll
0x00007ff8aa530000 - 0x00007ff8aa714000 	C:\Windows\SYSTEM32\DBGHELP.DLL
0x00007ff8aa500000 - 0x00007ff8aa52c000 	C:\Windows\SYSTEM32\dbgcore.DLL
0x00007ff8b4410000 - 0x00007ff8b4492000 	C:\Windows\System32\bcryptPrimitives.dll
0x00007ff89ad20000 - 0x00007ff89ad5b000 	C:\Users\BUYPC\Desktop\sts-4.16.0.RELEASE\plugins\org.eclipse.justj.openjdk.hotspot.jre.full.win32.x86_64_17.0.4.v20220903-1038\jre\bin\jdwp.dll
0x00007ff8af1f0000 - 0x00007ff8af1fe000 	C:\Users\BUYPC\Desktop\sts-4.16.0.RELEASE\plugins\org.eclipse.justj.openjdk.hotspot.jre.full.win32.x86_64_17.0.4.v20220903-1038\jre\bin\instrument.dll
0x00007ff89c610000 - 0x00007ff89c635000 	C:\Users\BUYPC\Desktop\sts-4.16.0.RELEASE\plugins\org.eclipse.justj.openjdk.hotspot.jre.full.win32.x86_64_17.0.4.v20220903-1038\jre\bin\java.dll
0x00007ff8a0f50000 - 0x00007ff8a0f68000 	C:\Users\BUYPC\Desktop\sts-4.16.0.RELEASE\plugins\org.eclipse.justj.openjdk.hotspot.jre.full.win32.x86_64_17.0.4.v20220903-1038\jre\bin\zip.dll
0x00007ff8b49a0000 - 0x00007ff8b50e3000 	C:\Windows\System32\SHELL32.dll
0x00007ff8b1bb0000 - 0x00007ff8b2342000 	C:\Windows\SYSTEM32\windows.storage.dll
0x00007ff8b5970000 - 0x00007ff8b5cc4000 	C:\Windows\System32\combase.dll
0x00007ff8b33f0000 - 0x00007ff8b3420000 	C:\Windows\SYSTEM32\Wldp.dll
0x00007ff8b4510000 - 0x00007ff8b45bd000 	C:\Windows\System32\SHCORE.dll
0x00007ff8b47c0000 - 0x00007ff8b4815000 	C:\Windows\System32\shlwapi.dll
0x00007ff8b3a90000 - 0x00007ff8b3aaf000 	C:\Windows\SYSTEM32\profapi.dll
0x00007ff8aefd0000 - 0x00007ff8aefdc000 	C:\Users\BUYPC\Desktop\sts-4.16.0.RELEASE\plugins\org.eclipse.justj.openjdk.hotspot.jre.full.win32.x86_64_17.0.4.v20220903-1038\jre\bin\dt_socket.dll
0x00007ff8b2ee0000 - 0x00007ff8b2f1b000 	C:\Windows\SYSTEM32\IPHLPAPI.DLL
0x00007ff8b31d0000 - 0x00007ff8b323a000 	C:\Windows\system32\mswsock.dll
0x00007ff8b2f30000 - 0x00007ff8b2ffa000 	C:\Windows\SYSTEM32\DNSAPI.dll
0x00007ff8b5940000 - 0x00007ff8b5948000 	C:\Windows\System32\NSI.dll
0x00007ff8a50a0000 - 0x00007ff8a50aa000 	C:\Windows\System32\rasadhlp.dll
0x00007ff8a5750000 - 0x00007ff8a57d0000 	C:\Windows\System32\fwpuclnt.dll
0x00007ff8b42c0000 - 0x00007ff8b42e7000 	C:\Windows\System32\bcrypt.dll
0x00007ff89c2d0000 - 0x00007ff89c2e9000 	C:\Users\BUYPC\Desktop\sts-4.16.0.RELEASE\plugins\org.eclipse.justj.openjdk.hotspot.jre.full.win32.x86_64_17.0.4.v20220903-1038\jre\bin\net.dll
0x00007ff8a5910000 - 0x00007ff8a5a1c000 	C:\Windows\SYSTEM32\WINHTTP.dll
0x00007ff89bd30000 - 0x00007ff89bd45000 	C:\Users\BUYPC\Desktop\sts-4.16.0.RELEASE\plugins\org.eclipse.justj.openjdk.hotspot.jre.full.win32.x86_64_17.0.4.v20220903-1038\jre\bin\nio.dll
0x00007ff8af1b0000 - 0x00007ff8af1c0000 	C:\Users\BUYPC\Desktop\sts-4.16.0.RELEASE\plugins\org.eclipse.justj.openjdk.hotspot.jre.full.win32.x86_64_17.0.4.v20220903-1038\jre\bin\verify.dll

dbghelp: loaded successfully - version: 4.0.5 - missing functions: none
symbol engine: initialized successfully - sym options: 0x614 - pdb path: .;C:\Users\BUYPC\Desktop\sts-4.16.0.RELEASE\plugins\org.eclipse.justj.openjdk.hotspot.jre.full.win32.x86_64_17.0.4.v20220903-1038\jre\bin;C:\Windows\SYSTEM32;C:\Program Files\Avast Software\Avast;C:\Windows\WinSxS\amd64_microsoft.windows.common-controls_6595b64144ccf1df_6.0.19041.1110_none_60b5254171f9507e;C:\Users\BUYPC\Desktop\sts-4.16.0.RELEASE\plugins\org.eclipse.justj.openjdk.hotspot.jre.full.win32.x86_64_17.0.4.v20220903-1038\jre\bin\server

VM Arguments:
jvm_args: -XX:+ShowCodeDetailsInExceptionMessages -agentlib:jdwp=transport=dt_socket,suspend=y,address=localhost:63576 -ea -javaagent:C:\Users\BUYPC\Desktop\sts-4.16.0.RELEASE\configuration\org.eclipse.osgi\268\0\.cp\lib\javaagent-shaded.jar -Dfile.encoding=UTF-8 
java_command: org.eclipse.jdt.internal.junit.runner.RemoteTestRunner -version 3 -port 63575 -testLoaderClass org.eclipse.jdt.internal.junit5.runner.JUnit5TestLoader -loaderpluginname org.eclipse.jdt.junit5.runtime -test testController.TestInstituteController:changeInstituteStatus
java_class_path (initial): C:\Users\BUYPC\Desktop\yuzee-backend-institute-api\target\test-classes;C:\Users\BUYPC\Desktop\yuzee-backend-institute-api\target\classes;C:\Users\BUYPC\.m2\repository\org\testcontainers\testcontainers\1.15.0\testcontainers-1.15.0.jar;C:\Users\BUYPC\.m2\repository\org\apache\commons\commons-lang3\3.11\commons-lang3-3.11.jar;C:\Users\BUYPC\.m2\repository\org\projectlombok\lombok\1.18.20\lombok-1.18.20.jar;C:\Users\BUYPC\.m2\repository\junit\junit\4.12\junit-4.12.jar;C:\Users\BUYPC\.m2\repository\org\hamcrest\hamcrest-core\2.2\hamcrest-core-2.2.jar;C:\Users\BUYPC\.m2\repository\org\springframework\boot\spring-boot-starter-web\2.4.5\spring-boot-starter-web-2.4.5.jar;C:\Users\BUYPC\.m2\repository\org\springframework\boot\spring-boot-starter\2.4.5\spring-boot-starter-2.4.5.jar;C:\Users\BUYPC\.m2\repository\org\springframework\boot\spring-boot-starter-logging\2.4.5\spring-boot-starter-logging-2.4.5.jar;C:\Users\BUYPC\.m2\repository\ch\qos\logback\logback-classic\1.2.3\logback-classic-1.2.3.jar;C:\Users\BUYPC\.m2\repository\ch\qos\logback\logback-core\1.2.3\logback-core-1.2.3.jar;C:\Users\BUYPC\.m2\repository\org\apache\logging\log4j\log4j-to-slf4j\2.13.3\log4j-to-slf4j-2.13.3.jar;C:\Users\BUYPC\.m2\repository\org\apache\logging\log4j\log4j-api\2.13.3\log4j-api-2.13.3.jar;C:\Users\BUYPC\.m2\repository\org\slf4j\jul-to-slf4j\1.7.30\jul-to-slf4j-1.7.30.jar;C:\Users\BUYPC\.m2\repository\org\yaml\snakeyaml\1.27\snakeyaml-1.27.jar;C:\Users\BUYPC\.m2\repository\org\springframework\boot\spring-boot-starter-json\2.4.5\spring-boot-starter-json-2.4.5.jar;C:\Users\BUYPC\.m2\repository\com\fasterxml\jackson\datatype\jackson-datatype-jdk8\2.11.4\jackson-datatype-jdk8-2.11.4.jar;C:\Users\BUYPC\.m2\repository\com\fasterxml\jackson\datatype\jackson-datatype-jsr310\2.11.4\jackson-datatype-jsr310-2.11.4.jar;C:\Users\BUYPC\.m2\repository\com\fasterxml\jackson\module\jackson-module-parameter-names\2.11.4\jackson-module-parameter-names-2.11.4.jar;C:\Users\BUYPC\.m2\
Launcher Type: SUN_STANDARD

[Global flags]
     intx CICompilerCount                          = 3                                         {product} {ergonomic}
     uint ConcGCThreads                            = 1                                         {product} {ergonomic}
     uint G1ConcRefinementThreads                  = 4                                         {product} {ergonomic}
   size_t G1HeapRegionSize                         = 1048576                                   {product} {ergonomic}
    uintx GCDrainStackTargetSize                   = 64                                        {product} {ergonomic}
   size_t InitialHeapSize                          = 134217728                                 {product} {ergonomic}
   size_t MarkStackSize                            = 4194304                                   {product} {ergonomic}
   size_t MaxHeapSize                              = 2118123520                                {product} {ergonomic}
   size_t MaxNewSize                               = 1270874112                                {product} {ergonomic}
   size_t MinHeapDeltaBytes                        = 1048576                                   {product} {ergonomic}
   size_t MinHeapSize                              = 8388608                                   {product} {ergonomic}
    uintx NonNMethodCodeHeapSize                   = 5832780                                {pd product} {ergonomic}
    uintx NonProfiledCodeHeapSize                  = 122912730                              {pd product} {ergonomic}
    uintx ProfiledCodeHeapSize                     = 122912730                              {pd product} {ergonomic}
    uintx ReservedCodeCacheSize                    = 251658240                              {pd product} {ergonomic}
     bool SegmentedCodeCache                       = true                                      {product} {ergonomic}
     bool ShowCodeDetailsInExceptionMessages       = true                                   {manageable} {command line}
   size_t SoftMaxHeapSize                          = 2118123520                             {manageable} {ergonomic}
     bool UseCompressedClassPointers               = true                           {product lp64_product} {ergonomic}
     bool UseCompressedOops                        = true                           {product lp64_product} {ergonomic}
     bool UseG1GC                                  = true                                      {product} {ergonomic}
     bool UseLargePagesIndividualAllocation        = false                                  {pd product} {ergonomic}

Logging:
Log output configuration:
 #0: stdout all=warning uptime,level,tags
 #1: stderr all=off uptime,level,tags

Environment Variables:
JAVA_HOME=C:\Program Files\Java\jdk-17.0.2
PATH=C:\Users\BUYPC\Desktop\sts-4.16.0.RELEASE\plugins\org.eclipse.justj.openjdk.hotspot.jre.full.win32.x86_64_17.0.4.v20220903-1038\jre\bin;C:/Users/BUYPC/Desktop/sts-4.16.0.RELEASE//plugins/org.eclipse.justj.openjdk.hotspot.jre.full.win32.x86_64_17.0.4.v20220903-1038/jre/bin/server;C:/Users/BUYPC/Desktop/sts-4.16.0.RELEASE//plugins/org.eclipse.justj.openjdk.hotspot.jre.full.win32.x86_64_17.0.4.v20220903-1038/jre/bin;C:\Program Files\Common Files\Oracle\Java\javapath;C:\Program Files\Java\jdk-16.0.2\bin;C:\Windows\system32;C:\Windows;C:\Windows\System32\Wbem;C:\Windows\System32\WindowsPowerShell\v1.0\;C:\Windows\System32\OpenSSH\;C:\Users\BUYPC\Desktop\apache-maven-3.8.4-bin\apache-maven-3.8.4\bin;C:\Program Files\Git\cmd;C:\Program Files\nodejs\;C:\ProgramData\Microsoft\Windows\Start Menu\Programs\MySQL\MySQL Server 8.0;C:\Users\BUYPC\Downloads\sonarqube-8.9.9.56886\sonarqube-8.9.9.56886\bin;;C:\Program Files\Docker\Docker\resources\bin;C:\Program Files\MySQL\MySQL Shell 8.0\bin\;C:\Users\BUYPC\AppData\Local\Microsoft\WindowsApps;C:\Users\BUYPC\AppData\Roaming\npm;C:\Users\BUYPC\AppData\Local\Programs\Microsoft VS Code\bin;C:\Users\BUYPC\Desktop\;C:\Users\BUYPC\Desktop\sts-4.16.0.RELEASE;
USERNAME=BUYPC
OS=Windows_NT
PROCESSOR_IDENTIFIER=Intel64 Family 6 Model 42 Stepping 7, GenuineIntel
TMP=C:\Users\BUYPC\AppData\Local\Temp
TEMP=C:\Users\BUYPC\AppData\Local\Temp



---------------  S Y S T E M  ---------------

OS:
 Windows 10 , 64 bit Build 19041 (10.0.19041.2251)
OS uptime: 1 days 13:15 hours
Hyper-V role detected

CPU: total 4 (initial active 4) (2 cores per cpu, 2 threads per core) family 6 model 42 stepping 7 microcode 0x2f, cx8, cmov, fxsr, ht, mmx, sse, sse2, sse3, ssse3, sse4.1, sse4.2, popcnt, tsc, tscinvbit, avx, aes, clmul, vzeroupper, clflush, hv

Memory: 4k page, system-wide physical 8073M (603M free)
TotalPageFile size 14473M (AvailPageFile size 5649M)
current process WorkingSet (physical memory assigned to process): 88M, peak: 88M
current process commit charge ("private bytes"): 224M, peak: 224M

vm_info: OpenJDK 64-Bit Server VM (17.0.4.1+1) for windows-amd64 JRE (17.0.4.1+1), built on Aug 17 2022 07:42:43 by "temurin" with MS VC++ 16.7 (VS2019)

END.
