#
# A fatal error has been detected by the Java Runtime Environment:
#
#  EXCEPTION_ACCESS_VIOLATION (0xc0000005) at pc=0x00007ff8858ee76f, pid=9272, tid=11928
#
# JRE version: OpenJDK Runtime Environment Temurin-17.0.4.1+1 (17.0.4.1+1) (build 17.0.4.1+1)
# Java VM: OpenJDK 64-Bit Server VM Temurin-17.0.4.1+1 (17.0.4.1+1, mixed mode, tiered, compressed oops, compressed class ptrs, g1 gc, windows-amd64)
# Problematic frame:
# V  [jvm.dll+0x1be76f]
#
# No core dump will be written. Minidumps are not enabled by default on client versions of Windows
#
# If you would like to submit a bug report, please visit:
#   https://github.com/adoptium/adoptium-support/issues
#

---------------  S U M M A R Y ------------

Command Line: -XX:+ShowCodeDetailsInExceptionMessages -agentlib:jdwp=transport=dt_socket,suspend=y,address=localhost:63569 -ea -javaagent:C:\Users\BUYPC\Desktop\sts-4.16.0.RELEASE\configuration\org.eclipse.osgi\268\0\.cp\lib\javaagent-shaded.jar -Dfile.encoding=UTF-8 org.eclipse.jdt.internal.junit.runner.RemoteTestRunner -version 3 -port 63568 -testLoaderClass org.eclipse.jdt.internal.junit5.runner.JUnit5TestLoader -loaderpluginname org.eclipse.jdt.junit5.runtime -test testController.TestInstituteController:changeInstituteStatus

Host: Intel(R) Core(TM) i7-2640M CPU @ 2.80GHz, 4 cores, 7G,  Windows 10 , 64 bit Build 19041 (10.0.19041.2251)
Time: Tue Nov 22 23:56:34 2022 Pacific Standard Time elapsed time: 21.605574 seconds (0d 0h 0m 21s)

---------------  T H R E A D  ---------------

Current thread (0x00000230dc44a1a0):  JavaThread "C2 CompilerThread1" daemon [_thread_in_native, id=11928, stack(0x0000009269f00000,0x000000926a000000)]


Current CompileTask:
C2:  21605 6132   !   4       java.lang.reflect.Executable::declaredAnnotations (85 bytes)

Stack: [0x0000009269f00000,0x000000926a000000],  sp=0x0000009269ffb890,  free space=1006k
Native frames: (J=compiled Java code, j=interpreted, Vv=VM code, C=native code)
V  [jvm.dll+0x1be76f]
V  [jvm.dll+0x1bbd5c]
V  [jvm.dll+0x2187d9]
V  [jvm.dll+0x217aa1]
V  [jvm.dll+0x1a3f8d]
V  [jvm.dll+0x227498]
V  [jvm.dll+0x2255e5]
V  [jvm.dll+0x7e7e9b]
V  [jvm.dll+0x7e240a]
V  [jvm.dll+0x6761a5]
C  [ucrtbase.dll+0x21bb2]
C  [KERNEL32.DLL+0x174b4]
C  [ntdll.dll+0x526a1]


siginfo: EXCEPTION_ACCESS_VIOLATION (0xc0000005), reading address 0x0000000000000028


Register to memory mapping:

RIP=0x00007ff8858ee76f jvm.dll
RAX=0x00000230e9978080 points into unknown readable memory: 0x0000000000000000 | 00 00 00 00 00 00 00 00
RBX=0x0000000000000003 is an unknown value
RCX=0x0 is NULL
RDX=0x0000000000000003 is an unknown value
RSP=0x0000009269ffb890 is pointing into the stack for thread: 0x00000230dc44a1a0
RBP=0x00000230daf57a20 points into unknown readable memory: 0x00007ff88604a280 | 80 a2 04 86 f8 7f 00 00
RSI=0x0000009269ffbd90 is pointing into the stack for thread: 0x00000230dc44a1a0
RDI=0x00000230e43cfa00 points into unknown readable memory: 0x0000000000000000 | 00 00 00 00 00 00 00 00
R8 =0x00000000ffffffff is an unallocated location in the heap
R9 =0x0000000000000001 is an unknown value
R10=0x000000000000000a is an unknown value
R11=0x3333333333333333 is an unknown value
R12=0x0000000000000002 is an unknown value
R13=0x0000000000000010 is an unknown value
R14=0x00000230e60623c0 points into unknown readable memory: 0x00007ff88605e7a8 | a8 e7 05 86 f8 7f 00 00
R15=0x00000230e6ac6ef0 points into unknown readable memory: 0x0001000105555455 | 55 54 55 05 01 00 01 00


Registers:
RAX=0x00000230e9978080, RBX=0x0000000000000003, RCX=0x0000000000000000, RDX=0x0000000000000003
RSP=0x0000009269ffb890, RBP=0x00000230daf57a20, RSI=0x0000009269ffbd90, RDI=0x00000230e43cfa00
R8 =0x00000000ffffffff, R9 =0x0000000000000001, R10=0x000000000000000a, R11=0x3333333333333333
R12=0x0000000000000002, R13=0x0000000000000010, R14=0x00000230e60623c0, R15=0x00000230e6ac6ef0
RIP=0x00007ff8858ee76f, EFLAGS=0x0000000000010287

Top of Stack: (sp=0x0000009269ffb890)
0x0000009269ffb890:   0000000000000003 00000230e68335b8
0x0000009269ffb8a0:   0000000000000260 00000230e3494650
0x0000009269ffb8b0:   0000017100000039 00007ff800000102
0x0000009269ffb8c0:   00000230daf57a20 00000000000001a0
0x0000009269ffb8d0:   0000000000000000 0000000000000000
0x0000009269ffb8e0:   000000000023a7f0 00000230d9b15560
0x0000009269ffb8f0:   00000230d9b15570 00000230bd9d7c10
0x0000009269ffb900:   00000000000003d8 0000009269ffba30
0x0000009269ffb910:   0000000000000000 0000009269ffbe70
0x0000009269ffb920:   0000009269ffbd90 00007ff8858ebd5c
0x0000009269ffb930:   0000009269ffbd90 0000009269ffba01
0x0000009269ffb940:   0000009269ffbe01 00000000ffffffff
0x0000009269ffb950:   0000000000000000 0000009269ffba10
0x0000009269ffb960:   0000000000000006 00000230d9b15560
0x0000009269ffb970:   00000230e620fac0 00000230e6211810
0x0000009269ffb980:   00000230e6217aa8 0000000000997c80 

Instructions: (pc=0x00007ff8858ee76f)
0x00007ff8858ee66f:   ab a4 00 00 00 66 89 83 9c 00 00 00 eb 64 b8 08
0x00007ff8858ee67f:   00 00 00 66 44 89 ab a4 00 00 00 66 89 83 9c 00
0x00007ff8858ee68f:   00 00 eb 4e b8 10 00 00 00 66 44 89 ab a4 00 00
0x00007ff8858ee69f:   00 66 89 83 9c 00 00 00 eb 38 49 8b cf e8 3f 77
0x00007ff8858ee6af:   50 00 81 8b a8 00 00 00 40 02 00 00 66 89 83 9c
0x00007ff8858ee6bf:   00 00 00 66 89 83 a4 00 00 00 eb 16 ba cf 03 00
0x00007ff8858ee6cf:   00 48 8d 0d c9 03 77 00 e8 f4 6e 08 00 e8 af 87
0x00007ff8858ee6df:   4b 00 48 8b 6c 24 30 48 8b b4 24 a0 00 00 00 44
0x00007ff8858ee6ef:   0f b6 8c 24 a8 00 00 00 41 b8 ff ff ff ff 41 8b
0x00007ff8858ee6ff:   5e 18 89 5c 24 28 44 89 84 24 b8 00 00 00 45 84
0x00007ff8858ee70f:   c9 74 38 49 8b 06 49 8b ce ff 90 b0 00 00 00 89
0x00007ff8858ee71f:   84 24 b8 00 00 00 44 8b c0 83 f8 ff 74 14 8b d0
0x00007ff8858ee72f:   49 8b ce e8 c9 75 3d 00 44 8b c0 89 84 24 b8 00
0x00007ff8858ee73f:   00 00 44 0f b6 8c 24 a8 00 00 00 44 3b e3 0f 83
0x00007ff8858ee74f:   1b 02 00 00 41 8b c4 4c 8d 2c c5 00 00 00 00 66
0x00007ff8858ee75f:   90 49 8b 46 08 4a 8b 0c 28 48 8b 86 08 01 00 00
0x00007ff8858ee76f:   48 63 51 28 8b 1c 90 85 db 0f 84 c7 01 00 00 45
0x00007ff8858ee77f:   84 c9 74 11 45 3b c4 75 0c 49 8b 06 49 8b ce ff
0x00007ff8858ee78f:   90 e0 00 00 00 80 bc 24 b0 00 00 00 00 74 13 80
0x00007ff8858ee79f:   be 18 01 00 00 00 74 0a 45 3b 66 3c 0f 83 94 01
0x00007ff8858ee7af:   00 00 48 8b 46 70 41 8b d4 48 69 fb b0 00 00 00
0x00007ff8858ee7bf:   49 8b ce 48 03 78 20 49 8b 06 ff 90 80 00 00 00
0x00007ff8858ee7cf:   80 bc 24 a8 00 00 00 00 4c 8b f8 75 2c 49 8b 4e
0x00007ff8858ee7df:   08 f2 0f 10 4d 08 f2 0f 59 ce 4a 8b 14 29 48 8b
0x00007ff8858ee7ef:   4e 48 44 8b 42 28 48 8b 51 78 4a 8b 0c c2 f2 0f
0x00007ff8858ee7ff:   10 41 08 66 0f 2f c1 77 57 8b 97 90 00 00 00 8b
0x00007ff8858ee80f:   87 94 00 00 00 3b d0 77 25 0f 1f 84 00 00 00 00
0x00007ff8858ee81f:   00 8b ca ff c2 49 8b 04 cf 48 21 44 cf 38 8b 87
0x00007ff8858ee82f:   94 00 00 00 3b d0 76 e9 8b 97 90 00 00 00 41 8b
0x00007ff8858ee83f:   4f 58 3b d1 73 0c 8b 87 94 00 00 00 89 8f 90 00
0x00007ff8858ee84f:   00 00 41 8b 4f 5c 3b c1 76 06 89 8f 94 00 00 00
0x00007ff8858ee85f:   49 8b 46 08 4a 8b 0c 28 48 8b 01 ff 50 68 8b c8 


Stack slot to memory mapping:
stack at sp + 0 slots: 0x0000000000000003 is an unknown value
stack at sp + 1 slots: 0x00000230e68335b8 points into unknown readable memory: 0x00007ff885fe9588 | 88 95 fe 85 f8 7f 00 00
stack at sp + 2 slots: 0x0000000000000260 is an unknown value
stack at sp + 3 slots: 0x00000230e3494650 points into unknown readable memory: 0x00007ff88604a280 | 80 a2 04 86 f8 7f 00 00
stack at sp + 4 slots: 0x0000017100000039 is an unknown value
stack at sp + 5 slots: 0x00007ff800000102 is an unknown value
stack at sp + 6 slots: 0x00000230daf57a20 points into unknown readable memory: 0x00007ff88604a280 | 80 a2 04 86 f8 7f 00 00
stack at sp + 7 slots: 0x00000000000001a0 is an unknown value


---------------  P R O C E S S  ---------------

Threads class SMR info:
_java_thread_list=0x00000230dc5461d0, length=18, elements={
0x00000230bd9383d0, 0x00000230d8f592d0, 0x00000230d8f4a9e0, 0x00000230d98354d0,
0x00000230d9839000, 0x00000230d983a150, 0x00000230d983d5e0, 0x00000230d98426c0,
0x00000230d9844820, 0x00000230d98460a0, 0x00000230d9949d50, 0x00000230d9b7dea0,
0x00000230d9b9ed30, 0x00000230d9ba1940, 0x00000230d9be4c70, 0x00000230daf29510,
0x00000230dc44a1a0, 0x00000230daf2a850
}

Java Threads: ( => current thread )
  0x00000230bd9383d0 JavaThread "main" [_thread_in_Java, id=6504, stack(0x0000009268b00000,0x0000009268c00000)]
  0x00000230d8f592d0 JavaThread "Reference Handler" daemon [_thread_blocked, id=11396, stack(0x0000009269200000,0x0000009269300000)]
  0x00000230d8f4a9e0 JavaThread "Finalizer" daemon [_thread_blocked, id=8156, stack(0x0000009269300000,0x0000009269400000)]
  0x00000230d98354d0 JavaThread "Signal Dispatcher" daemon [_thread_blocked, id=4524, stack(0x0000009269400000,0x0000009269500000)]
  0x00000230d9839000 JavaThread "Attach Listener" daemon [_thread_blocked, id=3080, stack(0x0000009269500000,0x0000009269600000)]
  0x00000230d983a150 JavaThread "Service Thread" daemon [_thread_blocked, id=11936, stack(0x0000009269600000,0x0000009269700000)]
  0x00000230d983d5e0 JavaThread "Monitor Deflation Thread" daemon [_thread_blocked, id=9952, stack(0x0000009269700000,0x0000009269800000)]
  0x00000230d98426c0 JavaThread "C2 CompilerThread0" daemon [_thread_in_native, id=15088, stack(0x0000009269800000,0x0000009269900000)]
  0x00000230d9844820 JavaThread "C1 CompilerThread0" daemon [_thread_blocked, id=6936, stack(0x0000009269900000,0x0000009269a00000)]
  0x00000230d98460a0 JavaThread "Sweeper thread" daemon [_thread_blocked, id=13720, stack(0x0000009269a00000,0x0000009269b00000)]
  0x00000230d9949d50 JavaThread "Common-Cleaner" daemon [_thread_blocked, id=14368, stack(0x0000009269b00000,0x0000009269c00000)]
  0x00000230d9b7dea0 JavaThread "JDWP Transport Listener: dt_socket" daemon [_thread_blocked, id=14648, stack(0x0000009269c00000,0x0000009269d00000)]
  0x00000230d9b9ed30 JavaThread "JDWP Event Helper Thread" daemon [_thread_blocked, id=12224, stack(0x0000009269d00000,0x0000009269e00000)]
  0x00000230d9ba1940 JavaThread "JDWP Command Reader" daemon [_thread_in_native, id=8732, stack(0x0000009269e00000,0x0000009269f00000)]
  0x00000230d9be4c70 JavaThread "Notification Thread" daemon [_thread_blocked, id=14624, stack(0x000000926a300000,0x000000926a400000)]
  0x00000230daf29510 JavaThread "ReaderThread" [_thread_in_native, id=3420, stack(0x000000926a500000,0x000000926a600000)]
=>0x00000230dc44a1a0 JavaThread "C2 CompilerThread1" daemon [_thread_in_native, id=11928, stack(0x0000009269f00000,0x000000926a000000)]
  0x00000230daf2a850 JavaThread "mysql-cj-abandoned-connection-cleanup" daemon [_thread_blocked, id=14452, stack(0x000000926a600000,0x000000926a700000)]

Other Threads:
  0x00000230d8f70630 VMThread "VM Thread" [stack: 0x0000009269100000,0x0000009269200000] [id=5844]
  0x00000230dad045d0 WatcherThread [stack: 0x000000926a400000,0x000000926a500000] [id=4732]
  0x00000230bd9929b0 GCTaskThread "GC Thread#0" [stack: 0x0000009268c00000,0x0000009268d00000] [id=2228]
  0x00000230da9b6b10 GCTaskThread "GC Thread#1" [stack: 0x000000926a000000,0x000000926a100000] [id=256]
  0x00000230da0475e0 GCTaskThread "GC Thread#2" [stack: 0x000000926a100000,0x000000926a200000] [id=14264]
  0x00000230da259150 GCTaskThread "GC Thread#3" [stack: 0x000000926a200000,0x000000926a300000] [id=13412]
  0x00000230bd9a4580 ConcurrentGCThread "G1 Main Marker" [stack: 0x0000009268d00000,0x0000009268e00000] [id=4768]
  0x00000230bd9a4f90 ConcurrentGCThread "G1 Conc#0" [stack: 0x0000009268e00000,0x0000009268f00000] [id=9956]
  0x00000230d8dc30e0 ConcurrentGCThread "G1 Refine#0" [stack: 0x0000009268f00000,0x0000009269000000] [id=6408]
  0x00000230d8dc3b00 ConcurrentGCThread "G1 Service" [stack: 0x0000009269000000,0x0000009269100000] [id=15128]

Threads with active compile tasks:
C2 CompilerThread0    21984 6137       4       org.springframework.core.type.classreading.SimpleMethodMetadataReadingVisitor::visitEnd (64 bytes)
C2 CompilerThread1    21984 6132   !   4       java.lang.reflect.Executable::declaredAnnotations (85 bytes)

VM state: not at safepoint (normal execution)

VM Mutex/Monitor currently owned by a thread: None

Heap address: 0x0000000081c00000, size: 2020 MB, Compressed Oops mode: 32-bit

CDS archive(s) not mapped
Compressed class space mapped at: 0x0000000100000000-0x0000000140000000, reserved size: 1073741824
Narrow klass base: 0x0000000000000000, Narrow klass shift: 3, Narrow klass range: 0x140000000

GC Precious Log:
 CPUs: 4 total, 4 available
 Memory: 8073M
 Large Page Support: Disabled
 NUMA Support: Disabled
 Compressed Oops: Enabled (32-bit)
 Heap Region Size: 1M
 Heap Min Capacity: 8M
 Heap Initial Capacity: 128M
 Heap Max Capacity: 2020M
 Pre-touch: Disabled
 Parallel Workers: 4
 Concurrent Workers: 1
 Concurrent Refinement Workers: 4
 Periodic GC: Disabled

Heap:
 garbage-first heap   total 111616K, used 57634K [0x0000000081c00000, 0x0000000100000000)
  region size 1024K, 11 young (11264K), 2 survivors (2048K)
 Metaspace       used 53725K, committed 54080K, reserved 1097728K
  class space    used 6635K, committed 6784K, reserved 1048576K

Heap Regions: E=young(eden), S=young(survivor), O=old, HS=humongous(starts), HC=humongous(continues), CS=collection set, F=free, OA=open archive, CA=closed archive, TAMS=top-at-mark-start (previous, next)
|   0|0x0000000081c00000, 0x0000000081d00000, 0x0000000081d00000|100%|HS|  |TAMS 0x0000000081d00000, 0x0000000081c00000| Complete 
|   1|0x0000000081d00000, 0x0000000081e00000, 0x0000000081e00000|100%|HC|  |TAMS 0x0000000081e00000, 0x0000000081d00000| Complete 
|   2|0x0000000081e00000, 0x0000000081f00000, 0x0000000081f00000|100%|HS|  |TAMS 0x0000000081f00000, 0x0000000081e00000| Complete 
|   3|0x0000000081f00000, 0x0000000082000000, 0x0000000082000000|100%|HS|  |TAMS 0x0000000082000000, 0x0000000081f00000| Complete 
|   4|0x0000000082000000, 0x0000000082100000, 0x0000000082100000|100%| O|  |TAMS 0x0000000082100000, 0x0000000082000000| Untracked 
|   5|0x0000000082100000, 0x0000000082200000, 0x0000000082200000|100%| O|  |TAMS 0x0000000082200000, 0x0000000082100000| Untracked 
|   6|0x0000000082200000, 0x0000000082300000, 0x0000000082300000|100%| O|  |TAMS 0x0000000082300000, 0x0000000082200000| Untracked 
|   7|0x0000000082300000, 0x0000000082400000, 0x0000000082400000|100%| O|  |TAMS 0x0000000082400000, 0x0000000082300000| Untracked 
|   8|0x0000000082400000, 0x0000000082500000, 0x0000000082500000|100%| O|  |TAMS 0x0000000082500000, 0x0000000082400000| Untracked 
|   9|0x0000000082500000, 0x0000000082600000, 0x0000000082600000|100%| O|  |TAMS 0x0000000082600000, 0x0000000082500000| Untracked 
|  10|0x0000000082600000, 0x0000000082700000, 0x0000000082700000|100%| O|  |TAMS 0x0000000082700000, 0x0000000082600000| Untracked 
|  11|0x0000000082700000, 0x0000000082800000, 0x0000000082800000|100%| O|  |TAMS 0x0000000082800000, 0x0000000082700000| Untracked 
|  12|0x0000000082800000, 0x0000000082900000, 0x0000000082900000|100%| O|  |TAMS 0x0000000082900000, 0x0000000082800000| Untracked 
|  13|0x0000000082900000, 0x0000000082a00000, 0x0000000082a00000|100%| O|  |TAMS 0x0000000082a00000, 0x0000000082900000| Untracked 
|  14|0x0000000082a00000, 0x0000000082b00000, 0x0000000082b00000|100%| O|  |TAMS 0x0000000082b00000, 0x0000000082a00000| Untracked 
|  15|0x0000000082b00000, 0x0000000082c00000, 0x0000000082c00000|100%| O|  |TAMS 0x0000000082c00000, 0x0000000082b00000| Untracked 
|  16|0x0000000082c00000, 0x0000000082cf4800, 0x0000000082d00000| 95%| O|  |TAMS 0x0000000082cf4800, 0x0000000082c00000| Untracked 
|  17|0x0000000082d00000, 0x0000000082e00000, 0x0000000082e00000|100%| O|  |TAMS 0x0000000082e00000, 0x0000000082d00000| Untracked 
|  18|0x0000000082e00000, 0x0000000082f00000, 0x0000000082f00000|100%| O|  |TAMS 0x0000000082f00000, 0x0000000082e00000| Untracked 
|  19|0x0000000082f00000, 0x0000000083000000, 0x0000000083000000|100%| O|  |TAMS 0x0000000083000000, 0x0000000082f00000| Untracked 
|  20|0x0000000083000000, 0x0000000083100000, 0x0000000083100000|100%| O|  |TAMS 0x0000000083100000, 0x0000000083000000| Untracked 
|  21|0x0000000083100000, 0x0000000083200000, 0x0000000083200000|100%| O|  |TAMS 0x0000000083200000, 0x0000000083100000| Untracked 
|  22|0x0000000083200000, 0x0000000083300000, 0x0000000083300000|100%| O|  |TAMS 0x0000000083300000, 0x0000000083200000| Untracked 
|  23|0x0000000083300000, 0x0000000083400000, 0x0000000083400000|100%| O|  |TAMS 0x0000000083400000, 0x0000000083300000| Untracked 
|  24|0x0000000083400000, 0x0000000083500000, 0x0000000083500000|100%| O|  |TAMS 0x0000000083500000, 0x0000000083400000| Untracked 
|  25|0x0000000083500000, 0x0000000083600000, 0x0000000083600000|100%| O|  |TAMS 0x0000000083600000, 0x0000000083500000| Untracked 
|  26|0x0000000083600000, 0x0000000083700000, 0x0000000083700000|100%| O|  |TAMS 0x0000000083700000, 0x0000000083600000| Untracked 
|  27|0x0000000083700000, 0x0000000083800000, 0x0000000083800000|100%| O|  |TAMS 0x0000000083800000, 0x0000000083700000| Untracked 
|  28|0x0000000083800000, 0x0000000083900000, 0x0000000083900000|100%| O|  |TAMS 0x0000000083900000, 0x0000000083800000| Untracked 
|  29|0x0000000083900000, 0x0000000083a00000, 0x0000000083a00000|100%| O|  |TAMS 0x0000000083a00000, 0x0000000083900000| Untracked 
|  30|0x0000000083a00000, 0x0000000083a00000, 0x0000000083b00000|  0%| F|  |TAMS 0x0000000083a00000, 0x0000000083a00000| Untracked 
|  31|0x0000000083b00000, 0x0000000083c00000, 0x0000000083c00000|100%| O|  |TAMS 0x0000000083c00000, 0x0000000083b00000| Untracked 
|  32|0x0000000083c00000, 0x0000000083d00000, 0x0000000083d00000|100%| O|  |TAMS 0x0000000083d00000, 0x0000000083c00000| Untracked 
|  33|0x0000000083d00000, 0x0000000083e00000, 0x0000000083e00000|100%| O|  |TAMS 0x0000000083e00000, 0x0000000083d00000| Untracked 
|  34|0x0000000083e00000, 0x0000000083f00000, 0x0000000083f00000|100%| O|  |TAMS 0x0000000083f00000, 0x0000000083e00000| Untracked 
|  35|0x0000000083f00000, 0x0000000084000000, 0x0000000084000000|100%| O|  |TAMS 0x0000000084000000, 0x0000000083f00000| Untracked 
|  36|0x0000000084000000, 0x0000000084100000, 0x0000000084100000|100%| O|  |TAMS 0x0000000084100000, 0x0000000084000000| Untracked 
|  37|0x0000000084100000, 0x0000000084200000, 0x0000000084200000|100%| O|  |TAMS 0x0000000084200000, 0x0000000084100000| Untracked 
|  38|0x0000000084200000, 0x0000000084300000, 0x0000000084300000|100%| O|  |TAMS 0x0000000084300000, 0x0000000084200000| Untracked 
|  39|0x0000000084300000, 0x0000000084400000, 0x0000000084400000|100%| O|  |TAMS 0x0000000084400000, 0x0000000084300000| Untracked 
|  40|0x0000000084400000, 0x0000000084500000, 0x0000000084500000|100%| O|  |TAMS 0x0000000084500000, 0x0000000084400000| Untracked 
|  41|0x0000000084500000, 0x0000000084600000, 0x0000000084600000|100%| O|  |TAMS 0x0000000084600000, 0x0000000084500000| Untracked 
|  42|0x0000000084600000, 0x0000000084700000, 0x0000000084700000|100%| O|  |TAMS 0x0000000084700000, 0x0000000084600000| Untracked 
|  43|0x0000000084700000, 0x0000000084800000, 0x0000000084800000|100%| O|  |TAMS 0x0000000084800000, 0x0000000084700000| Untracked 
|  44|0x0000000084800000, 0x0000000084900000, 0x0000000084900000|100%| O|  |TAMS 0x0000000084900000, 0x0000000084800000| Untracked 
|  45|0x0000000084900000, 0x0000000084a00000, 0x0000000084a00000|100%| O|  |TAMS 0x0000000084900000, 0x0000000084900000| Untracked 
|  46|0x0000000084a00000, 0x0000000084b00000, 0x0000000084b00000|100%| O|  |TAMS 0x0000000084a00000, 0x0000000084a00000| Untracked 
|  47|0x0000000084b00000, 0x0000000084b6ee00, 0x0000000084c00000| 43%| O|  |TAMS 0x0000000084b00000, 0x0000000084b00000| Untracked 
|  48|0x0000000084c00000, 0x0000000084c00000, 0x0000000084d00000|  0%| F|  |TAMS 0x0000000084c00000, 0x0000000084c00000| Untracked 
|  49|0x0000000084d00000, 0x0000000084d00000, 0x0000000084e00000|  0%| F|  |TAMS 0x0000000084d00000, 0x0000000084d00000| Untracked 
|  50|0x0000000084e00000, 0x0000000084e00000, 0x0000000084f00000|  0%| F|  |TAMS 0x0000000084e00000, 0x0000000084e00000| Untracked 
|  51|0x0000000084f00000, 0x0000000084f00000, 0x0000000085000000|  0%| F|  |TAMS 0x0000000084f00000, 0x0000000084f00000| Untracked 
|  52|0x0000000085000000, 0x0000000085000000, 0x0000000085100000|  0%| F|  |TAMS 0x0000000085000000, 0x0000000085000000| Untracked 
|  53|0x0000000085100000, 0x0000000085100000, 0x0000000085200000|  0%| F|  |TAMS 0x0000000085100000, 0x0000000085100000| Untracked 
|  54|0x0000000085200000, 0x0000000085200000, 0x0000000085300000|  0%| F|  |TAMS 0x0000000085200000, 0x0000000085200000| Untracked 
|  55|0x0000000085300000, 0x0000000085300000, 0x0000000085400000|  0%| F|  |TAMS 0x0000000085300000, 0x0000000085300000| Untracked 
|  56|0x0000000085400000, 0x0000000085400000, 0x0000000085500000|  0%| F|  |TAMS 0x0000000085400000, 0x0000000085400000| Untracked 
|  57|0x0000000085500000, 0x0000000085500000, 0x0000000085600000|  0%| F|  |TAMS 0x0000000085500000, 0x0000000085500000| Untracked 
|  58|0x0000000085600000, 0x0000000085600000, 0x0000000085700000|  0%| F|  |TAMS 0x0000000085600000, 0x0000000085600000| Untracked 
|  59|0x0000000085700000, 0x0000000085700000, 0x0000000085800000|  0%| F|  |TAMS 0x0000000085700000, 0x0000000085700000| Untracked 
|  60|0x0000000085800000, 0x0000000085800000, 0x0000000085900000|  0%| F|  |TAMS 0x0000000085800000, 0x0000000085800000| Untracked 
|  61|0x0000000085900000, 0x0000000085900000, 0x0000000085a00000|  0%| F|  |TAMS 0x0000000085900000, 0x0000000085900000| Untracked 
|  62|0x0000000085a00000, 0x0000000085a00000, 0x0000000085b00000|  0%| F|  |TAMS 0x0000000085a00000, 0x0000000085a00000| Untracked 
|  63|0x0000000085b00000, 0x0000000085be52d0, 0x0000000085c00000| 89%| S|CS|TAMS 0x0000000085b00000, 0x0000000085b00000| Complete 
|  64|0x0000000085c00000, 0x0000000085d00000, 0x0000000085d00000|100%| S|CS|TAMS 0x0000000085c00000, 0x0000000085c00000| Complete 
|  65|0x0000000085d00000, 0x0000000085d00000, 0x0000000085e00000|  0%| F|  |TAMS 0x0000000085d00000, 0x0000000085d00000| Untracked 
|  66|0x0000000085e00000, 0x0000000085e00000, 0x0000000085f00000|  0%| F|  |TAMS 0x0000000085e00000, 0x0000000085e00000| Untracked 
|  67|0x0000000085f00000, 0x0000000085f00000, 0x0000000086000000|  0%| F|  |TAMS 0x0000000085f00000, 0x0000000085f00000| Untracked 
|  68|0x0000000086000000, 0x0000000086000000, 0x0000000086100000|  0%| F|  |TAMS 0x0000000086000000, 0x0000000086000000| Untracked 
|  69|0x0000000086100000, 0x0000000086100000, 0x0000000086200000|  0%| F|  |TAMS 0x0000000086100000, 0x0000000086100000| Untracked 
|  70|0x0000000086200000, 0x0000000086200000, 0x0000000086300000|  0%| F|  |TAMS 0x0000000086200000, 0x0000000086200000| Untracked 
|  71|0x0000000086300000, 0x0000000086300000, 0x0000000086400000|  0%| F|  |TAMS 0x0000000086300000, 0x0000000086300000| Untracked 
|  72|0x0000000086400000, 0x0000000086400000, 0x0000000086500000|  0%| F|  |TAMS 0x0000000086400000, 0x0000000086400000| Untracked 
|  73|0x0000000086500000, 0x0000000086500000, 0x0000000086600000|  0%| F|  |TAMS 0x0000000086500000, 0x0000000086500000| Untracked 
|  74|0x0000000086600000, 0x0000000086600000, 0x0000000086700000|  0%| F|  |TAMS 0x0000000086600000, 0x0000000086600000| Untracked 
|  75|0x0000000086700000, 0x0000000086700000, 0x0000000086800000|  0%| F|  |TAMS 0x0000000086700000, 0x0000000086700000| Untracked 
|  76|0x0000000086800000, 0x0000000086800000, 0x0000000086900000|  0%| F|  |TAMS 0x0000000086800000, 0x0000000086800000| Untracked 
|  77|0x0000000086900000, 0x0000000086900000, 0x0000000086a00000|  0%| F|  |TAMS 0x0000000086900000, 0x0000000086900000| Untracked 
|  78|0x0000000086a00000, 0x0000000086a00000, 0x0000000086b00000|  0%| F|  |TAMS 0x0000000086a00000, 0x0000000086a00000| Untracked 
|  79|0x0000000086b00000, 0x0000000086b00000, 0x0000000086c00000|  0%| F|  |TAMS 0x0000000086b00000, 0x0000000086b00000| Untracked 
|  80|0x0000000086c00000, 0x0000000086c00000, 0x0000000086d00000|  0%| F|  |TAMS 0x0000000086c00000, 0x0000000086c00000| Untracked 
|  81|0x0000000086d00000, 0x0000000086d00000, 0x0000000086e00000|  0%| F|  |TAMS 0x0000000086d00000, 0x0000000086d00000| Untracked 
|  82|0x0000000086e00000, 0x0000000086e00000, 0x0000000086f00000|  0%| F|  |TAMS 0x0000000086e00000, 0x0000000086e00000| Untracked 
|  83|0x0000000086f00000, 0x0000000086f00000, 0x0000000087000000|  0%| F|  |TAMS 0x0000000086f00000, 0x0000000086f00000| Untracked 
|  84|0x0000000087000000, 0x0000000087000000, 0x0000000087100000|  0%| F|  |TAMS 0x0000000087000000, 0x0000000087000000| Untracked 
|  85|0x0000000087100000, 0x0000000087100000, 0x0000000087200000|  0%| F|  |TAMS 0x0000000087100000, 0x0000000087100000| Untracked 
|  86|0x0000000087200000, 0x0000000087200000, 0x0000000087300000|  0%| F|  |TAMS 0x0000000087200000, 0x0000000087200000| Untracked 
|  87|0x0000000087300000, 0x0000000087300000, 0x0000000087400000|  0%| F|  |TAMS 0x0000000087300000, 0x0000000087300000| Untracked 
|  88|0x0000000087400000, 0x0000000087400000, 0x0000000087500000|  0%| F|  |TAMS 0x0000000087400000, 0x0000000087400000| Untracked 
|  89|0x0000000087500000, 0x0000000087500000, 0x0000000087600000|  0%| F|  |TAMS 0x0000000087500000, 0x0000000087500000| Untracked 
|  90|0x0000000087600000, 0x0000000087600000, 0x0000000087700000|  0%| F|  |TAMS 0x0000000087600000, 0x0000000087600000| Untracked 
|  91|0x0000000087700000, 0x0000000087700000, 0x0000000087800000|  0%| F|  |TAMS 0x0000000087700000, 0x0000000087700000| Untracked 
|  92|0x0000000087800000, 0x0000000087800000, 0x0000000087900000|  0%| F|  |TAMS 0x0000000087800000, 0x0000000087800000| Untracked 
|  93|0x0000000087900000, 0x0000000087900000, 0x0000000087a00000|  0%| F|  |TAMS 0x0000000087900000, 0x0000000087900000| Untracked 
|  94|0x0000000087a00000, 0x0000000087a00000, 0x0000000087b00000|  0%| F|  |TAMS 0x0000000087a00000, 0x0000000087a00000| Untracked 
|  95|0x0000000087b00000, 0x0000000087b00000, 0x0000000087c00000|  0%| F|  |TAMS 0x0000000087b00000, 0x0000000087b00000| Untracked 
|  96|0x0000000087c00000, 0x0000000087c00000, 0x0000000087d00000|  0%| F|  |TAMS 0x0000000087c00000, 0x0000000087c00000| Untracked 
|  97|0x0000000087d00000, 0x0000000087d00000, 0x0000000087e00000|  0%| F|  |TAMS 0x0000000087d00000, 0x0000000087d00000| Untracked 
|  98|0x0000000087e00000, 0x0000000087e82bd0, 0x0000000087f00000| 51%| E|  |TAMS 0x0000000087e00000, 0x0000000087e00000| Complete 
|  99|0x0000000087f00000, 0x0000000088000000, 0x0000000088000000|100%| E|CS|TAMS 0x0000000087f00000, 0x0000000087f00000| Complete 
| 100|0x0000000088000000, 0x0000000088100000, 0x0000000088100000|100%| E|CS|TAMS 0x0000000088000000, 0x0000000088000000| Complete 
| 101|0x0000000088100000, 0x0000000088200000, 0x0000000088200000|100%| E|CS|TAMS 0x0000000088100000, 0x0000000088100000| Complete 
| 102|0x0000000088200000, 0x0000000088300000, 0x0000000088300000|100%| E|CS|TAMS 0x0000000088200000, 0x0000000088200000| Complete 
| 103|0x0000000088300000, 0x0000000088400000, 0x0000000088400000|100%| E|CS|TAMS 0x0000000088300000, 0x0000000088300000| Complete 
| 104|0x0000000088400000, 0x0000000088500000, 0x0000000088500000|100%| E|CS|TAMS 0x0000000088400000, 0x0000000088400000| Complete 
| 105|0x0000000088500000, 0x0000000088600000, 0x0000000088600000|100%| E|CS|TAMS 0x0000000088500000, 0x0000000088500000| Complete 
| 106|0x0000000088600000, 0x0000000088700000, 0x0000000088700000|100%| E|CS|TAMS 0x0000000088600000, 0x0000000088600000| Complete 
| 107|0x0000000088700000, 0x0000000088800000, 0x0000000088800000|100%| E|CS|TAMS 0x0000000088700000, 0x0000000088700000| Complete 
| 127|0x0000000089b00000, 0x0000000089c00000, 0x0000000089c00000|100%| E|CS|TAMS 0x0000000089b00000, 0x0000000089b00000| Complete 

Card table byte_map: [0x00000230d21d0000,0x00000230d25d0000] _byte_map_base: 0x00000230d1dc2000

Marking Bits (Prev, Next): (CMBitMap*) 0x00000230bd992fc0, (CMBitMap*) 0x00000230bd993000
 Prev Bits: [0x00000230d29d0000, 0x00000230d4960000)
 Next Bits: [0x00000230d4960000, 0x00000230d68f0000)

Polling page: 0x00000230bd9e0000

Metaspace:

Usage:
  Non-class:     45.99 MB used.
      Class:      6.48 MB used.
       Both:     52.47 MB used.

Virtual space:
  Non-class space:       48.00 MB reserved,      46.19 MB ( 96%) committed,  6 nodes.
      Class space:        1.00 GB reserved,       6.62 MB ( <1%) committed,  1 nodes.
             Both:        1.05 GB reserved,      52.81 MB (  5%) committed. 

Chunk freelists:
   Non-Class:  1.48 MB
       Class:  1.39 MB
        Both:  2.87 MB

MaxMetaspaceSize: unlimited
CompressedClassSpaceSize: 1.00 GB
Initial GC threshold: 21.00 MB
Current GC threshold: 88.06 MB
CDS: off
MetaspaceReclaimPolicy: balanced
 - commit_granule_bytes: 65536.
 - commit_granule_words: 8192.
 - virtual_space_node_default_size: 1048576.
 - enlarge_chunks_in_place: 1.
 - new_chunks_are_fully_committed: 0.
 - uncommit_free_chunks: 1.
 - use_allocation_guard: 0.
 - handle_deallocations: 1.


Internal statistics:

num_allocs_failed_limit: 6.
num_arena_births: 378.
num_arena_deaths: 2.
num_vsnodes_births: 7.
num_vsnodes_deaths: 0.
num_space_committed: 845.
num_space_uncommitted: 0.
num_chunks_returned_to_freelist: 9.
num_chunks_taken_from_freelist: 1997.
num_chunk_merges: 6.
num_chunk_splits: 1370.
num_chunks_enlarged: 1044.
num_purges: 2.
num_inconsistent_stats: 0.

CodeHeap 'non-profiled nmethods': size=120000Kb used=4613Kb max_used=4613Kb free=115386Kb
 bounds [0x00000230ca270000, 0x00000230ca700000, 0x00000230d17a0000]
CodeHeap 'profiled nmethods': size=120000Kb used=11903Kb max_used=11903Kb free=108096Kb
 bounds [0x00000230c2d40000, 0x00000230c38f0000, 0x00000230ca270000]
CodeHeap 'non-nmethods': size=5760Kb used=1289Kb max_used=1367Kb free=4470Kb
 bounds [0x00000230c27a0000, 0x00000230c2a10000, 0x00000230c2d40000]
 total_blobs=5974 nmethods=5453 adapters=431
 compilation: enabled
              stopped_count=0, restarted_count=0
 full_count=0

Compilation events (20 events):
Event: 20.720 Thread 0x00000230d98426c0 nmethod 6117 0x00000230ca6cda10 code [0x00000230ca6cdb80, 0x00000230ca6cdbf8]
Event: 20.720 Thread 0x00000230d98426c0 6115       4       sun.nio.fs.WindowsPath::getFileSystem (5 bytes)
Event: 20.721 Thread 0x00000230d98426c0 nmethod 6115 0x00000230ca6cdd10 code [0x00000230ca6cde80, 0x00000230ca6cdef8]
Event: 20.721 Thread 0x00000230d98426c0 6113       4       org.springframework.core.io.DefaultResourceLoader::getClassLoader (18 bytes)
Event: 20.723 Thread 0x00000230d98426c0 nmethod 6113 0x00000230ca6ce010 code [0x00000230ca6ce180, 0x00000230ca6ce278]
Event: 20.723 Thread 0x00000230d98426c0 6123       4       java.util.WeakHashMap::keySet (25 bytes)
Event: 20.725 Thread 0x00000230d98426c0 nmethod 6123 0x00000230ca6ce390 code [0x00000230ca6ce520, 0x00000230ca6ce6d8]
Event: 20.725 Thread 0x00000230d98426c0 6124       4       java.util.jar.JarFile::<init> (95 bytes)
Event: 20.743 Thread 0x00000230d9844820 6127   !   3       jdk.internal.reflect.GeneratedConstructorAccessor2::newInstance (53 bytes)
Event: 20.744 Thread 0x00000230d9844820 nmethod 6127 0x00000230c38cc110 code [0x00000230c38cc360, 0x00000230c38ccbe8]
Event: 20.803 Thread 0x00000230dc44a1a0 nmethod 6102 0x00000230ca6ce810 code [0x00000230ca6ceac0, 0x00000230ca6d2390]
Event: 20.803 Thread 0x00000230dc44a1a0 6128       4       java.util.jar.JarFile::getEntry (35 bytes)
Event: 20.825 Thread 0x00000230dc44a1a0 nmethod 6128 0x00000230ca6d3b10 code [0x00000230ca6d3d20, 0x00000230ca6d4a80]
Event: 20.825 Thread 0x00000230dc44a1a0 6130       4       sun.nio.fs.WindowsFileSystem::getPath (106 bytes)
Event: 20.832 Thread 0x00000230dc44a1a0 nmethod 6130 0x00000230ca6d5010 code [0x00000230ca6d51a0, 0x00000230ca6d5668]
Event: 20.832 Thread 0x00000230dc44a1a0 6132   !   4       java.lang.reflect.Executable::declaredAnnotations (85 bytes)
Event: 21.035 Thread 0x00000230d9844820 6136       3       org.springframework.asm.ClassReader::readMethod (1055 bytes)
Event: 21.043 Thread 0x00000230d9844820 nmethod 6136 0x00000230c38cd090 code [0x00000230c38cd7e0, 0x00000230c38d1fa8]
Event: 21.136 Thread 0x00000230d9844820 6138       3       org.springframework.asm.ClassReader::accept (1401 bytes)
Event: 21.149 Thread 0x00000230d9844820 nmethod 6138 0x00000230c38d3f10 code [0x00000230c38d4aa0, 0x00000230c38dc008]

GC Heap History (20 events):
Event: 17.432 GC heap before
{Heap before GC invocations=18 (full 0):
 garbage-first heap   total 91136K, used 76496K [0x0000000081c00000, 0x0000000100000000)
  region size 1024K, 42 young (43008K), 4 survivors (4096K)
 Metaspace       used 52092K, committed 52480K, reserved 1097728K
  class space    used 6432K, committed 6592K, reserved 1048576K
}
Event: 17.443 GC heap after
{Heap after GC invocations=19 (full 0):
 garbage-first heap   total 91136K, used 39092K [0x0000000081c00000, 0x0000000100000000)
  region size 1024K, 5 young (5120K), 5 survivors (5120K)
 Metaspace       used 52092K, committed 52480K, reserved 1097728K
  class space    used 6432K, committed 6592K, reserved 1048576K
}
Event: 18.144 GC heap before
{Heap before GC invocations=19 (full 0):
 garbage-first heap   total 91136K, used 73908K [0x0000000081c00000, 0x0000000100000000)
  region size 1024K, 40 young (40960K), 5 survivors (5120K)
 Metaspace       used 53708K, committed 54080K, reserved 1097728K
  class space    used 6613K, committed 6784K, reserved 1048576K
}
Event: 18.154 GC heap after
{Heap after GC invocations=20 (full 0):
 garbage-first heap   total 91136K, used 41173K [0x0000000081c00000, 0x0000000100000000)
  region size 1024K, 5 young (5120K), 5 survivors (5120K)
 Metaspace       used 53708K, committed 54080K, reserved 1097728K
  class space    used 6613K, committed 6784K, reserved 1048576K
}
Event: 18.381 GC heap before
{Heap before GC invocations=20 (full 0):
 garbage-first heap   total 91136K, used 75989K [0x0000000081c00000, 0x0000000100000000)
  region size 1024K, 39 young (39936K), 5 survivors (5120K)
 Metaspace       used 53708K, committed 54080K, reserved 1097728K
  class space    used 6613K, committed 6784K, reserved 1048576K
}
Event: 18.390 GC heap after
{Heap after GC invocations=21 (full 0):
 garbage-first heap   total 91136K, used 43851K [0x0000000081c00000, 0x0000000100000000)
  region size 1024K, 5 young (5120K), 5 survivors (5120K)
 Metaspace       used 53708K, committed 54080K, reserved 1097728K
  class space    used 6613K, committed 6784K, reserved 1048576K
}
Event: 18.513 GC heap before
{Heap before GC invocations=21 (full 0):
 garbage-first heap   total 91136K, used 74571K [0x0000000081c00000, 0x0000000100000000)
  region size 1024K, 35 young (35840K), 5 survivors (5120K)
 Metaspace       used 53708K, committed 54080K, reserved 1097728K
  class space    used 6613K, committed 6784K, reserved 1048576K
}
Event: 18.519 GC heap after
{Heap after GC invocations=22 (full 0):
 garbage-first heap   total 91136K, used 46574K [0x0000000081c00000, 0x0000000100000000)
  region size 1024K, 3 young (3072K), 3 survivors (3072K)
 Metaspace       used 53708K, committed 54080K, reserved 1097728K
  class space    used 6613K, committed 6784K, reserved 1048576K
}
Event: 18.892 GC heap before
{Heap before GC invocations=22 (full 0):
 garbage-first heap   total 91136K, used 75246K [0x0000000081c00000, 0x0000000100000000)
  region size 1024K, 31 young (31744K), 3 survivors (3072K)
 Metaspace       used 53710K, committed 54080K, reserved 1097728K
  class space    used 6613K, committed 6784K, reserved 1048576K
}
Event: 18.897 GC heap after
{Heap after GC invocations=23 (full 0):
 garbage-first heap   total 91136K, used 47988K [0x0000000081c00000, 0x0000000100000000)
  region size 1024K, 2 young (2048K), 2 survivors (2048K)
 Metaspace       used 53710K, committed 54080K, reserved 1097728K
  class space    used 6613K, committed 6784K, reserved 1048576K
}
Event: 19.502 GC heap before
{Heap before GC invocations=24 (full 0):
 garbage-first heap   total 91136K, used 75636K [0x0000000081c00000, 0x0000000100000000)
  region size 1024K, 29 young (29696K), 2 survivors (2048K)
 Metaspace       used 53699K, committed 54080K, reserved 1097728K
  class space    used 6613K, committed 6784K, reserved 1048576K
}
Event: 19.507 GC heap after
{Heap after GC invocations=25 (full 0):
 garbage-first heap   total 91136K, used 48304K [0x0000000081c00000, 0x0000000100000000)
  region size 1024K, 3 young (3072K), 3 survivors (3072K)
 Metaspace       used 53699K, committed 54080K, reserved 1097728K
  class space    used 6613K, committed 6784K, reserved 1048576K
}
Event: 19.904 GC heap before
{Heap before GC invocations=25 (full 0):
 garbage-first heap   total 91136K, used 74928K [0x0000000081c00000, 0x0000000100000000)
  region size 1024K, 29 young (29696K), 3 survivors (3072K)
 Metaspace       used 53699K, committed 54080K, reserved 1097728K
  class space    used 6613K, committed 6784K, reserved 1048576K
}
Event: 19.911 GC heap after
{Heap after GC invocations=26 (full 0):
 garbage-first heap   total 111616K, used 48405K [0x0000000081c00000, 0x0000000100000000)
  region size 1024K, 3 young (3072K), 3 survivors (3072K)
 Metaspace       used 53699K, committed 54080K, reserved 1097728K
  class space    used 6613K, committed 6784K, reserved 1048576K
}
Event: 20.576 GC heap before
{Heap before GC invocations=27 (full 0):
 garbage-first heap   total 111616K, used 92308K [0x0000000081c00000, 0x0000000100000000)
  region size 1024K, 46 young (47104K), 3 survivors (3072K)
 Metaspace       used 53699K, committed 54080K, reserved 1097728K
  class space    used 6613K, committed 6784K, reserved 1048576K
}
Event: 20.580 GC heap after
{Heap after GC invocations=28 (full 0):
 garbage-first heap   total 111616K, used 48917K [0x0000000081c00000, 0x0000000100000000)
  region size 1024K, 3 young (3072K), 3 survivors (3072K)
 Metaspace       used 53699K, committed 54080K, reserved 1097728K
  class space    used 6613K, committed 6784K, reserved 1048576K
}
Event: 20.619 GC heap before
{Heap before GC invocations=28 (full 0):
 garbage-first heap   total 111616K, used 50965K [0x0000000081c00000, 0x0000000100000000)
  region size 1024K, 5 young (5120K), 3 survivors (3072K)
 Metaspace       used 53699K, committed 54080K, reserved 1097728K
  class space    used 6613K, committed 6784K, reserved 1048576K
}
Event: 20.624 GC heap after
{Heap after GC invocations=29 (full 0):
 garbage-first heap   total 111616K, used 48000K [0x0000000081c00000, 0x0000000100000000)
  region size 1024K, 1 young (1024K), 1 survivors (1024K)
 Metaspace       used 53699K, committed 54080K, reserved 1097728K
  class space    used 6613K, committed 6784K, reserved 1048576K
}
Event: 21.285 GC heap before
{Heap before GC invocations=29 (full 0):
 garbage-first heap   total 111616K, used 94080K [0x0000000081c00000, 0x0000000100000000)
  region size 1024K, 46 young (47104K), 1 survivors (1024K)
 Metaspace       used 53721K, committed 54080K, reserved 1097728K
  class space    used 6633K, committed 6784K, reserved 1048576K
}
Event: 21.287 GC heap after
{Heap after GC invocations=30 (full 0):
 garbage-first heap   total 111616K, used 48832K [0x0000000081c00000, 0x0000000100000000)
  region size 1024K, 2 young (2048K), 2 survivors (2048K)
 Metaspace       used 53721K, committed 54080K, reserved 1097728K
  class space    used 6633K, committed 6784K, reserved 1048576K
}

Deoptimization events (20 events):
Event: 20.973 Thread 0x00000230bd9383d0 DEOPT PACKING pc=0x00000230c2fadd64 sp=0x0000009268bf8c70
Event: 20.973 Thread 0x00000230bd9383d0 DEOPT UNPACKING pc=0x00000230c27f2b43 sp=0x0000009268bf8108 mode 1
Event: 20.973 Thread 0x00000230bd9383d0 DEOPT PACKING pc=0x00000230c2fad254 sp=0x0000009268bf8d40
Event: 20.973 Thread 0x00000230bd9383d0 DEOPT UNPACKING pc=0x00000230c27f2b43 sp=0x0000009268bf81f8 mode 1
Event: 20.973 Thread 0x00000230bd9383d0 DEOPT PACKING pc=0x00000230ca54463c sp=0x0000009268bf9730
Event: 20.973 Thread 0x00000230bd9383d0 DEOPT UNPACKING pc=0x00000230c27f2b43 sp=0x0000009268bf8b58 mode 1
Event: 20.974 Thread 0x00000230bd9383d0 DEOPT PACKING pc=0x00000230c2fadd64 sp=0x0000009268bf8c00
Event: 20.974 Thread 0x00000230bd9383d0 DEOPT UNPACKING pc=0x00000230c27f2b43 sp=0x0000009268bf8098 mode 1
Event: 20.974 Thread 0x00000230bd9383d0 DEOPT PACKING pc=0x00000230c2fad254 sp=0x0000009268bf8cd0
Event: 20.974 Thread 0x00000230bd9383d0 DEOPT UNPACKING pc=0x00000230c27f2b43 sp=0x0000009268bf8188 mode 1
Event: 20.974 Thread 0x00000230bd9383d0 DEOPT PACKING pc=0x00000230ca4e6dd4 sp=0x0000009268bf96c0
Event: 20.974 Thread 0x00000230bd9383d0 DEOPT UNPACKING pc=0x00000230c27f2b43 sp=0x0000009268bf8b50 mode 1
Event: 21.020 Thread 0x00000230bd9383d0 Uncommon trap: trap_request=0xffffff45 fr.pc=0x00000230ca675ab8 relative=0x00000000000079d8
Event: 21.020 Thread 0x00000230bd9383d0 Uncommon trap: reason=unstable_if action=reinterpret pc=0x00000230ca675ab8 method=org.springframework.asm.ClassReader.readMethod(Lorg/springframework/asm/ClassVisitor;Lorg/springframework/asm/Context;I)I @ 330 c2
Event: 21.020 Thread 0x00000230bd9383d0 DEOPT PACKING pc=0x00000230ca675ab8 sp=0x0000009268bf9850
Event: 21.020 Thread 0x00000230bd9383d0 DEOPT UNPACKING pc=0x00000230c27f23a3 sp=0x0000009268bf98b8 mode 2
Event: 21.115 Thread 0x00000230bd9383d0 Uncommon trap: trap_request=0xffffff45 fr.pc=0x00000230ca6bd474 relative=0x000000000000ab14
Event: 21.115 Thread 0x00000230bd9383d0 Uncommon trap: reason=unstable_if action=reinterpret pc=0x00000230ca6bd474 method=org.springframework.asm.ClassReader.accept(Lorg/springframework/asm/ClassVisitor;[Lorg/springframework/asm/Attribute;I)V @ 420 c2
Event: 21.115 Thread 0x00000230bd9383d0 DEOPT PACKING pc=0x00000230ca6bd474 sp=0x0000009268bf9a10
Event: 21.115 Thread 0x00000230bd9383d0 DEOPT UNPACKING pc=0x00000230c27f23a3 sp=0x0000009268bf9a08 mode 2

Classes unloaded (1 events):
Event: 19.005 Thread 0x00000230d8f70630 Unloading class 0x00000001005d8000 'net/bytebuddy/mirror/AccessibleObject'

Classes redefined (0 events):
No events

Internal exceptions (20 events):
Event: 17.599 Thread 0x00000230bd9383d0 Exception <a 'java/lang/ClassNotFoundException'{0x000000008707b898}: org/springframework/beans/factory/BeanFactoryAwareCustomizer> (0x000000008707b898) 
thrown [s\src\hotspot\share\classfile\systemDictionary.cpp, line 256]
Event: 17.601 Thread 0x00000230bd9383d0 Exception <a 'java/lang/ClassNotFoundException'{0x0000000087087058}: org/springframework/beans/factory/AwareCustomizer> (0x0000000087087058) 
thrown [s\src\hotspot\share\classfile\systemDictionary.cpp, line 256]
Event: 17.656 Thread 0x00000230bd9383d0 Exception <a 'java/lang/ClassNotFoundException'{0x0000000086e9bbb0}: java/lang/ObjectCustomizer> (0x0000000086e9bbb0) 
thrown [s\src\hotspot\share\classfile\systemDictionary.cpp, line 256]
Event: 17.659 Thread 0x00000230bd9383d0 Exception <a 'java/lang/ClassNotFoundException'{0x0000000086ea9dc0}: org/springframework/jdbc/datasource/AbstractDataSourceCustomizer> (0x0000000086ea9dc0) 
thrown [s\src\hotspot\share\classfile\systemDictionary.cpp, line 256]
Event: 17.671 Thread 0x00000230bd9383d0 Exception <a 'java/lang/ClassNotFoundException'{0x0000000086ebc760}: org/springframework/jdbc/datasource/AbstractDriverBasedDataSourceCustomizer> (0x0000000086ebc760) 
thrown [s\src\hotspot\share\classfile\systemDictionary.cpp, line 256]
Event: 17.681 Thread 0x00000230bd9383d0 Exception <a 'java/lang/ClassNotFoundException'{0x0000000086ed4808}: org/springframework/jdbc/datasource/DriverManagerDataSourceCustomizer> (0x0000000086ed4808) 
thrown [s\src\hotspot\share\classfile\systemDictionary.cpp, line 256]
Event: 17.682 Thread 0x00000230bd9383d0 Exception <a 'java/lang/ClassNotFoundException'{0x0000000086ee0e98}: javax/sql/DataSourceCustomizer> (0x0000000086ee0e98) 
thrown [s\src\hotspot\share\classfile\systemDictionary.cpp, line 256]
Event: 17.684 Thread 0x00000230bd9383d0 Exception <a 'java/lang/ClassNotFoundException'{0x0000000086eea920}: javax/sql/CommonDataSourceCustomizer> (0x0000000086eea920) 
thrown [s\src\hotspot\share\classfile\systemDictionary.cpp, line 256]
Event: 17.685 Thread 0x00000230bd9383d0 Exception <a 'java/lang/ClassNotFoundException'{0x0000000086ef38a0}: java/sql/WrapperCustomizer> (0x0000000086ef38a0) 
thrown [s\src\hotspot\share\classfile\systemDictionary.cpp, line 256]
Event: 17.708 Thread 0x00000230bd9383d0 Exception <a 'java/lang/ClassNotFoundException'{0x0000000086dc3270}: java/lang/ObjectCustomizer> (0x0000000086dc3270) 
thrown [s\src\hotspot\share\classfile\systemDictionary.cpp, line 256]
Event: 17.712 Thread 0x00000230bd9383d0 Exception <a 'java/lang/ClassNotFoundException'{0x0000000086dd1018}: org/springframework/orm/hibernate5/HibernateExceptionTranslatorCustomizer> (0x0000000086dd1018) 
thrown [s\src\hotspot\share\classfile\systemDictionary.cpp, line 256]
Event: 17.716 Thread 0x00000230bd9383d0 Exception <a 'java/lang/ClassNotFoundException'{0x0000000086dde450}: org/springframework/orm/hibernate5/LocalSessionFactoryBeanCustomizer> (0x0000000086dde450) 
thrown [s\src\hotspot\share\classfile\systemDictionary.cpp, line 256]
Event: 17.723 Thread 0x00000230bd9383d0 Exception <a 'java/lang/ClassNotFoundException'{0x0000000086c30398}: org/springframework/beans/factory/FactoryBeanCustomizer> (0x0000000086c30398) 
thrown [s\src\hotspot\share\classfile\systemDictionary.cpp, line 256]
Event: 17.726 Thread 0x00000230bd9383d0 Exception <a 'java/lang/ClassNotFoundException'{0x0000000086c3e840}: org/springframework/context/ResourceLoaderAwareCustomizer> (0x0000000086c3e840) 
thrown [s\src\hotspot\share\classfile\systemDictionary.cpp, line 256]
Event: 17.729 Thread 0x00000230bd9383d0 Exception <a 'java/lang/ClassNotFoundException'{0x0000000086c496c0}: org/springframework/beans/factory/AwareCustomizer> (0x0000000086c496c0) 
thrown [s\src\hotspot\share\classfile\systemDictionary.cpp, line 256]
Event: 17.731 Thread 0x00000230bd9383d0 Exception <a 'java/lang/ClassNotFoundException'{0x0000000086c53ad8}: org/springframework/beans/factory/BeanFactoryAwareCustomizer> (0x0000000086c53ad8) 
thrown [s\src\hotspot\share\classfile\systemDictionary.cpp, line 256]
Event: 17.734 Thread 0x00000230bd9383d0 Exception <a 'java/lang/ClassNotFoundException'{0x0000000086c5f020}: org/springframework/beans/factory/AwareCustomizer> (0x0000000086c5f020) 
thrown [s\src\hotspot\share\classfile\systemDictionary.cpp, line 256]
Event: 17.736 Thread 0x00000230bd9383d0 Exception <a 'java/lang/ClassNotFoundException'{0x0000000086c69438}: org/springframework/beans/factory/InitializingBeanCustomizer> (0x0000000086c69438) 
thrown [s\src\hotspot\share\classfile\systemDictionary.cpp, line 256]
Event: 17.739 Thread 0x00000230bd9383d0 Exception <a 'java/lang/ClassNotFoundException'{0x0000000086c73ff8}: org/springframework/beans/factory/DisposableBeanCustomizer> (0x0000000086c73ff8) 
thrown [s\src\hotspot\share\classfile\systemDictionary.cpp, line 256]
Event: 17.741 Thread 0x00000230bd9383d0 Exception <a 'java/lang/ClassNotFoundException'{0x0000000086c7f0c8}: org/springframework/dao/support/PersistenceExceptionTranslatorCustomizer> (0x0000000086c7f0c8) 
thrown [s\src\hotspot\share\classfile\systemDictionary.cpp, line 256]

VM Operations (20 events):
Event: 18.999 Executing VM operation: G1Concurrent
Event: 19.014 Executing VM operation: G1Concurrent done
Event: 19.047 Executing VM operation: Cleanup
Event: 19.047 Executing VM operation: Cleanup done
Event: 19.054 Executing VM operation: G1Concurrent
Event: 19.075 Executing VM operation: G1Concurrent done
Event: 19.502 Executing VM operation: G1CollectForAllocation
Event: 19.507 Executing VM operation: G1CollectForAllocation done
Event: 19.904 Executing VM operation: G1CollectForAllocation
Event: 19.911 Executing VM operation: G1CollectForAllocation done
Event: 20.006 Executing VM operation: G1Concurrent
Event: 20.011 Executing VM operation: G1Concurrent done
Event: 20.047 Executing VM operation: G1Concurrent
Event: 20.048 Executing VM operation: G1Concurrent done
Event: 20.576 Executing VM operation: G1CollectForAllocation
Event: 20.580 Executing VM operation: G1CollectForAllocation done
Event: 20.619 Executing VM operation: G1CollectForAllocation
Event: 20.624 Executing VM operation: G1CollectForAllocation done
Event: 21.285 Executing VM operation: G1CollectForAllocation
Event: 21.287 Executing VM operation: G1CollectForAllocation done

Events (20 events):
Event: 17.538 loading class java/lang/ObjectCustomizer done
Event: 17.555 loading class java/lang/ObjectCustomizer
Event: 17.555 loading class java/lang/ObjectCustomizer done
Event: 17.556 loading class java/lang/ObjectCustomizer
Event: 17.556 loading class java/lang/ObjectCustomizer done
Event: 17.588 loading class java/lang/ObjectCustomizer
Event: 17.588 loading class java/lang/ObjectCustomizer done
Event: 17.589 loading class java/lang/ObjectCustomizer
Event: 17.589 loading class java/lang/ObjectCustomizer done
Event: 17.649 Thread 0x00000230daf2a850 Thread added: 0x00000230daf2a850
Event: 17.655 loading class java/lang/ObjectCustomizer
Event: 17.655 loading class java/lang/ObjectCustomizer done
Event: 17.656 loading class java/lang/ObjectCustomizer
Event: 17.656 loading class java/lang/ObjectCustomizer done
Event: 17.708 loading class java/lang/ObjectCustomizer
Event: 17.708 loading class java/lang/ObjectCustomizer done
Event: 17.708 loading class java/lang/ObjectCustomizer
Event: 17.708 loading class java/lang/ObjectCustomizer done
Event: 17.819 loading class java/util/ServiceLoader$ProviderSpliterator
Event: 17.819 loading class java/util/ServiceLoader$ProviderSpliterator done


Dynamic libraries:
0x00007ff770e40000 - 0x00007ff770e4e000 	C:\Users\BUYPC\Desktop\sts-4.16.0.RELEASE\plugins\org.eclipse.justj.openjdk.hotspot.jre.full.win32.x86_64_17.0.4.v20220903-1038\jre\bin\javaw.exe
0x00007ff8b6450000 - 0x00007ff8b6648000 	C:\Windows\SYSTEM32\ntdll.dll
0x00007ff8af440000 - 0x00007ff8af457000 	C:\Program Files\Avast Software\Avast\aswhook.dll
0x00007ff8b5790000 - 0x00007ff8b584f000 	C:\Windows\System32\KERNEL32.DLL
0x00007ff8b3ed0000 - 0x00007ff8b41a2000 	C:\Windows\System32\KERNELBASE.dll
0x00007ff8b3cb0000 - 0x00007ff8b3db0000 	C:\Windows\System32\ucrtbase.dll
0x00007ff8a38b0000 - 0x00007ff8a38c8000 	C:\Users\BUYPC\Desktop\sts-4.16.0.RELEASE\plugins\org.eclipse.justj.openjdk.hotspot.jre.full.win32.x86_64_17.0.4.v20220903-1038\jre\bin\jli.dll
0x00007ff89aed0000 - 0x00007ff89aee9000 	C:\Users\BUYPC\Desktop\sts-4.16.0.RELEASE\plugins\org.eclipse.justj.openjdk.hotspot.jre.full.win32.x86_64_17.0.4.v20220903-1038\jre\bin\VCRUNTIME140.dll
0x00007ff8b5430000 - 0x00007ff8b55cd000 	C:\Windows\System32\USER32.dll
0x00007ff8b42f0000 - 0x00007ff8b4312000 	C:\Windows\System32\win32u.dll
0x00007ff8b4790000 - 0x00007ff8b47bb000 	C:\Windows\System32\GDI32.dll
0x00007ff8b41b0000 - 0x00007ff8b42bf000 	C:\Windows\System32\gdi32full.dll
0x00007ff8b4320000 - 0x00007ff8b43bd000 	C:\Windows\System32\msvcp_win.dll
0x00007ff89fe80000 - 0x00007ff8a011a000 	C:\Windows\WinSxS\amd64_microsoft.windows.common-controls_6595b64144ccf1df_6.0.19041.1110_none_60b5254171f9507e\COMCTL32.dll
0x00007ff8b6370000 - 0x00007ff8b640e000 	C:\Windows\System32\msvcrt.dll
0x00007ff8b6330000 - 0x00007ff8b6362000 	C:\Windows\System32\IMM32.DLL
0x00007ff8a6490000 - 0x00007ff8a649c000 	C:\Users\BUYPC\Desktop\sts-4.16.0.RELEASE\plugins\org.eclipse.justj.openjdk.hotspot.jre.full.win32.x86_64_17.0.4.v20220903-1038\jre\bin\vcruntime140_1.dll
0x00007ff898330000 - 0x00007ff8983c1000 	C:\Users\BUYPC\Desktop\sts-4.16.0.RELEASE\plugins\org.eclipse.justj.openjdk.hotspot.jre.full.win32.x86_64_17.0.4.v20220903-1038\jre\bin\msvcp140.dll
0x00007ff885730000 - 0x00007ff886376000 	C:\Users\BUYPC\Desktop\sts-4.16.0.RELEASE\plugins\org.eclipse.justj.openjdk.hotspot.jre.full.win32.x86_64_17.0.4.v20220903-1038\jre\bin\server\jvm.dll
0x00007ff8b6150000 - 0x00007ff8b61fe000 	C:\Windows\System32\ADVAPI32.dll
0x00007ff8b4820000 - 0x00007ff8b48bc000 	C:\Windows\System32\sechost.dll
0x00007ff8b6200000 - 0x00007ff8b6325000 	C:\Windows\System32\RPCRT4.dll
0x00007ff8b5780000 - 0x00007ff8b5788000 	C:\Windows\System32\PSAPI.DLL
0x00007ff8a44d0000 - 0x00007ff8a44d9000 	C:\Windows\SYSTEM32\WSOCK32.dll
0x00007ff8ae0c0000 - 0x00007ff8ae0e7000 	C:\Windows\SYSTEM32\WINMM.dll
0x00007ff8abd90000 - 0x00007ff8abd9a000 	C:\Windows\SYSTEM32\VERSION.dll
0x00007ff8b44a0000 - 0x00007ff8b450b000 	C:\Windows\System32\WS2_32.dll
0x00007ff8b2350000 - 0x00007ff8b2362000 	C:\Windows\SYSTEM32\kernel.appcore.dll
0x00007ff8af460000 - 0x00007ff8af46a000 	C:\Users\BUYPC\Desktop\sts-4.16.0.RELEASE\plugins\org.eclipse.justj.openjdk.hotspot.jre.full.win32.x86_64_17.0.4.v20220903-1038\jre\bin\jimage.dll
0x00007ff8aa530000 - 0x00007ff8aa714000 	C:\Windows\SYSTEM32\DBGHELP.DLL
0x00007ff8aa500000 - 0x00007ff8aa52c000 	C:\Windows\SYSTEM32\dbgcore.DLL
0x00007ff8b4410000 - 0x00007ff8b4492000 	C:\Windows\System32\bcryptPrimitives.dll
0x00007ff89b0f0000 - 0x00007ff89b12b000 	C:\Users\BUYPC\Desktop\sts-4.16.0.RELEASE\plugins\org.eclipse.justj.openjdk.hotspot.jre.full.win32.x86_64_17.0.4.v20220903-1038\jre\bin\jdwp.dll
0x00007ff8af1f0000 - 0x00007ff8af1fe000 	C:\Users\BUYPC\Desktop\sts-4.16.0.RELEASE\plugins\org.eclipse.justj.openjdk.hotspot.jre.full.win32.x86_64_17.0.4.v20220903-1038\jre\bin\instrument.dll
0x00007ff89c610000 - 0x00007ff89c635000 	C:\Users\BUYPC\Desktop\sts-4.16.0.RELEASE\plugins\org.eclipse.justj.openjdk.hotspot.jre.full.win32.x86_64_17.0.4.v20220903-1038\jre\bin\java.dll
0x00007ff8a0f50000 - 0x00007ff8a0f68000 	C:\Users\BUYPC\Desktop\sts-4.16.0.RELEASE\plugins\org.eclipse.justj.openjdk.hotspot.jre.full.win32.x86_64_17.0.4.v20220903-1038\jre\bin\zip.dll
0x00007ff8b49a0000 - 0x00007ff8b50e3000 	C:\Windows\System32\SHELL32.dll
0x00007ff8b1bb0000 - 0x00007ff8b2342000 	C:\Windows\SYSTEM32\windows.storage.dll
0x00007ff8b5970000 - 0x00007ff8b5cc4000 	C:\Windows\System32\combase.dll
0x00007ff8b33f0000 - 0x00007ff8b3420000 	C:\Windows\SYSTEM32\Wldp.dll
0x00007ff8b4510000 - 0x00007ff8b45bd000 	C:\Windows\System32\SHCORE.dll
0x00007ff8b47c0000 - 0x00007ff8b4815000 	C:\Windows\System32\shlwapi.dll
0x00007ff8b3a90000 - 0x00007ff8b3aaf000 	C:\Windows\SYSTEM32\profapi.dll
0x00007ff8aefd0000 - 0x00007ff8aefdc000 	C:\Users\BUYPC\Desktop\sts-4.16.0.RELEASE\plugins\org.eclipse.justj.openjdk.hotspot.jre.full.win32.x86_64_17.0.4.v20220903-1038\jre\bin\dt_socket.dll
0x00007ff8b2ee0000 - 0x00007ff8b2f1b000 	C:\Windows\SYSTEM32\IPHLPAPI.DLL
0x00007ff8b31d0000 - 0x00007ff8b323a000 	C:\Windows\system32\mswsock.dll
0x00007ff8b2f30000 - 0x00007ff8b2ffa000 	C:\Windows\SYSTEM32\DNSAPI.dll
0x00007ff8b5940000 - 0x00007ff8b5948000 	C:\Windows\System32\NSI.dll
0x00007ff8a50a0000 - 0x00007ff8a50aa000 	C:\Windows\System32\rasadhlp.dll
0x00007ff8a5750000 - 0x00007ff8a57d0000 	C:\Windows\System32\fwpuclnt.dll
0x00007ff8b42c0000 - 0x00007ff8b42e7000 	C:\Windows\System32\bcrypt.dll
0x00007ff89c2d0000 - 0x00007ff89c2e9000 	C:\Users\BUYPC\Desktop\sts-4.16.0.RELEASE\plugins\org.eclipse.justj.openjdk.hotspot.jre.full.win32.x86_64_17.0.4.v20220903-1038\jre\bin\net.dll
0x00007ff8a5910000 - 0x00007ff8a5a1c000 	C:\Windows\SYSTEM32\WINHTTP.dll
0x00007ff89bd30000 - 0x00007ff89bd45000 	C:\Users\BUYPC\Desktop\sts-4.16.0.RELEASE\plugins\org.eclipse.justj.openjdk.hotspot.jre.full.win32.x86_64_17.0.4.v20220903-1038\jre\bin\nio.dll
0x00007ff8af1b0000 - 0x00007ff8af1c0000 	C:\Users\BUYPC\Desktop\sts-4.16.0.RELEASE\plugins\org.eclipse.justj.openjdk.hotspot.jre.full.win32.x86_64_17.0.4.v20220903-1038\jre\bin\verify.dll
0x00007ff8abd30000 - 0x00007ff8abd47000 	C:\Windows\SYSTEM32\dhcpcsvc6.DLL
0x00007ff8ac690000 - 0x00007ff8ac6ad000 	C:\Windows\SYSTEM32\dhcpcsvc.DLL
0x00007ff8b37e0000 - 0x00007ff8b37f8000 	C:\Windows\SYSTEM32\CRYPTSP.dll
0x00007ff8b2b10000 - 0x00007ff8b2b44000 	C:\Windows\system32\rsaenh.dll
0x00007ff8b3a50000 - 0x00007ff8b3a7e000 	C:\Windows\SYSTEM32\USERENV.dll
0x00007ff8b3360000 - 0x00007ff8b336c000 	C:\Windows\SYSTEM32\CRYPTBASE.dll
0x00007ff8a64c0000 - 0x00007ff8a64c9000 	C:\Users\BUYPC\Desktop\sts-4.16.0.RELEASE\plugins\org.eclipse.justj.openjdk.hotspot.jre.full.win32.x86_64_17.0.4.v20220903-1038\jre\bin\management.dll
0x00007ff8a64b0000 - 0x00007ff8a64bb000 	C:\Users\BUYPC\Desktop\sts-4.16.0.RELEASE\plugins\org.eclipse.justj.openjdk.hotspot.jre.full.win32.x86_64_17.0.4.v20220903-1038\jre\bin\management_ext.dll
0x00007ff898fa0000 - 0x00007ff898fb7000 	C:\Windows\system32\napinsp.dll
0x00007ff898f00000 - 0x00007ff898f1b000 	C:\Windows\system32\pnrpnsp.dll
0x00007ff8ad7b0000 - 0x00007ff8ad7c5000 	C:\Windows\system32\wshbth.dll
0x00007ff8af0e0000 - 0x00007ff8af0fd000 	C:\Windows\system32\NLAapi.dll
0x00007ff898ee0000 - 0x00007ff898ef2000 	C:\Windows\System32\winrnr.dll

dbghelp: loaded successfully - version: 4.0.5 - missing functions: none
symbol engine: initialized successfully - sym options: 0x614 - pdb path: .;C:\Users\BUYPC\Desktop\sts-4.16.0.RELEASE\plugins\org.eclipse.justj.openjdk.hotspot.jre.full.win32.x86_64_17.0.4.v20220903-1038\jre\bin;C:\Windows\SYSTEM32;C:\Program Files\Avast Software\Avast;C:\Windows\WinSxS\amd64_microsoft.windows.common-controls_6595b64144ccf1df_6.0.19041.1110_none_60b5254171f9507e;C:\Users\BUYPC\Desktop\sts-4.16.0.RELEASE\plugins\org.eclipse.justj.openjdk.hotspot.jre.full.win32.x86_64_17.0.4.v20220903-1038\jre\bin\server

VM Arguments:
jvm_args: -XX:+ShowCodeDetailsInExceptionMessages -agentlib:jdwp=transport=dt_socket,suspend=y,address=localhost:63569 -ea -javaagent:C:\Users\BUYPC\Desktop\sts-4.16.0.RELEASE\configuration\org.eclipse.osgi\268\0\.cp\lib\javaagent-shaded.jar -Dfile.encoding=UTF-8 
java_command: org.eclipse.jdt.internal.junit.runner.RemoteTestRunner -version 3 -port 63568 -testLoaderClass org.eclipse.jdt.internal.junit5.runner.JUnit5TestLoader -loaderpluginname org.eclipse.jdt.junit5.runtime -test testController.TestInstituteController:changeInstituteStatus
java_class_path (initial): C:\Users\BUYPC\Desktop\yuzee-backend-institute-api\target\test-classes;C:\Users\BUYPC\Desktop\yuzee-backend-institute-api\target\classes;C:\Users\BUYPC\.m2\repository\org\testcontainers\testcontainers\1.15.0\testcontainers-1.15.0.jar;C:\Users\BUYPC\.m2\repository\org\apache\commons\commons-lang3\3.11\commons-lang3-3.11.jar;C:\Users\BUYPC\.m2\repository\org\projectlombok\lombok\1.18.20\lombok-1.18.20.jar;C:\Users\BUYPC\.m2\repository\junit\junit\4.12\junit-4.12.jar;C:\Users\BUYPC\.m2\repository\org\hamcrest\hamcrest-core\2.2\hamcrest-core-2.2.jar;C:\Users\BUYPC\.m2\repository\org\springframework\boot\spring-boot-starter-web\2.4.5\spring-boot-starter-web-2.4.5.jar;C:\Users\BUYPC\.m2\repository\org\springframework\boot\spring-boot-starter\2.4.5\spring-boot-starter-2.4.5.jar;C:\Users\BUYPC\.m2\repository\org\springframework\boot\spring-boot-starter-logging\2.4.5\spring-boot-starter-logging-2.4.5.jar;C:\Users\BUYPC\.m2\repository\ch\qos\logback\logback-classic\1.2.3\logback-classic-1.2.3.jar;C:\Users\BUYPC\.m2\repository\ch\qos\logback\logback-core\1.2.3\logback-core-1.2.3.jar;C:\Users\BUYPC\.m2\repository\org\apache\logging\log4j\log4j-to-slf4j\2.13.3\log4j-to-slf4j-2.13.3.jar;C:\Users\BUYPC\.m2\repository\org\apache\logging\log4j\log4j-api\2.13.3\log4j-api-2.13.3.jar;C:\Users\BUYPC\.m2\repository\org\slf4j\jul-to-slf4j\1.7.30\jul-to-slf4j-1.7.30.jar;C:\Users\BUYPC\.m2\repository\org\yaml\snakeyaml\1.27\snakeyaml-1.27.jar;C:\Users\BUYPC\.m2\repository\org\springframework\boot\spring-boot-starter-json\2.4.5\spring-boot-starter-json-2.4.5.jar;C:\Users\BUYPC\.m2\repository\com\fasterxml\jackson\datatype\jackson-datatype-jdk8\2.11.4\jackson-datatype-jdk8-2.11.4.jar;C:\Users\BUYPC\.m2\repository\com\fasterxml\jackson\datatype\jackson-datatype-jsr310\2.11.4\jackson-datatype-jsr310-2.11.4.jar;C:\Users\BUYPC\.m2\repository\com\fasterxml\jackson\module\jackson-module-parameter-names\2.11.4\jackson-module-parameter-names-2.11.4.jar;C:\Users\BUYPC\.m2\
Launcher Type: SUN_STANDARD

[Global flags]
     intx CICompilerCount                          = 3                                         {product} {ergonomic}
     uint ConcGCThreads                            = 1                                         {product} {ergonomic}
     uint G1ConcRefinementThreads                  = 4                                         {product} {ergonomic}
   size_t G1HeapRegionSize                         = 1048576                                   {product} {ergonomic}
    uintx GCDrainStackTargetSize                   = 64                                        {product} {ergonomic}
   size_t InitialHeapSize                          = 134217728                                 {product} {ergonomic}
   size_t MarkStackSize                            = 4194304                                   {product} {ergonomic}
   size_t MaxHeapSize                              = 2118123520                                {product} {ergonomic}
   size_t MaxNewSize                               = 1270874112                                {product} {ergonomic}
   size_t MinHeapDeltaBytes                        = 1048576                                   {product} {ergonomic}
   size_t MinHeapSize                              = 8388608                                   {product} {ergonomic}
    uintx NonNMethodCodeHeapSize                   = 5832780                                {pd product} {ergonomic}
    uintx NonProfiledCodeHeapSize                  = 122912730                              {pd product} {ergonomic}
    uintx ProfiledCodeHeapSize                     = 122912730                              {pd product} {ergonomic}
    uintx ReservedCodeCacheSize                    = 251658240                              {pd product} {ergonomic}
     bool SegmentedCodeCache                       = true                                      {product} {ergonomic}
     bool ShowCodeDetailsInExceptionMessages       = true                                   {manageable} {command line}
   size_t SoftMaxHeapSize                          = 2118123520                             {manageable} {ergonomic}
     bool UseCompressedClassPointers               = true                           {product lp64_product} {ergonomic}
     bool UseCompressedOops                        = true                           {product lp64_product} {ergonomic}
     bool UseG1GC                                  = true                                      {product} {ergonomic}
     bool UseLargePagesIndividualAllocation        = false                                  {pd product} {ergonomic}

Logging:
Log output configuration:
 #0: stdout all=warning uptime,level,tags
 #1: stderr all=off uptime,level,tags

Environment Variables:
JAVA_HOME=C:\Program Files\Java\jdk-17.0.2
PATH=C:\Users\BUYPC\Desktop\sts-4.16.0.RELEASE\plugins\org.eclipse.justj.openjdk.hotspot.jre.full.win32.x86_64_17.0.4.v20220903-1038\jre\bin;C:/Users/BUYPC/Desktop/sts-4.16.0.RELEASE//plugins/org.eclipse.justj.openjdk.hotspot.jre.full.win32.x86_64_17.0.4.v20220903-1038/jre/bin/server;C:/Users/BUYPC/Desktop/sts-4.16.0.RELEASE//plugins/org.eclipse.justj.openjdk.hotspot.jre.full.win32.x86_64_17.0.4.v20220903-1038/jre/bin;C:\Program Files\Common Files\Oracle\Java\javapath;C:\Program Files\Java\jdk-16.0.2\bin;C:\Windows\system32;C:\Windows;C:\Windows\System32\Wbem;C:\Windows\System32\WindowsPowerShell\v1.0\;C:\Windows\System32\OpenSSH\;C:\Users\BUYPC\Desktop\apache-maven-3.8.4-bin\apache-maven-3.8.4\bin;C:\Program Files\Git\cmd;C:\Program Files\nodejs\;C:\ProgramData\Microsoft\Windows\Start Menu\Programs\MySQL\MySQL Server 8.0;C:\Users\BUYPC\Downloads\sonarqube-8.9.9.56886\sonarqube-8.9.9.56886\bin;;C:\Program Files\Docker\Docker\resources\bin;C:\Program Files\MySQL\MySQL Shell 8.0\bin\;C:\Users\BUYPC\AppData\Local\Microsoft\WindowsApps;C:\Users\BUYPC\AppData\Roaming\npm;C:\Users\BUYPC\AppData\Local\Programs\Microsoft VS Code\bin;C:\Users\BUYPC\Desktop\;C:\Users\BUYPC\Desktop\sts-4.16.0.RELEASE;
USERNAME=BUYPC
OS=Windows_NT
PROCESSOR_IDENTIFIER=Intel64 Family 6 Model 42 Stepping 7, GenuineIntel
TMP=C:\Users\BUYPC\AppData\Local\Temp
TEMP=C:\Users\BUYPC\AppData\Local\Temp



---------------  S Y S T E M  ---------------

OS:
 Windows 10 , 64 bit Build 19041 (10.0.19041.2251)
OS uptime: 1 days 13:15 hours
Hyper-V role detected

CPU: total 4 (initial active 4) (2 cores per cpu, 2 threads per core) family 6 model 42 stepping 7 microcode 0x2f, cx8, cmov, fxsr, ht, mmx, sse, sse2, sse3, ssse3, sse4.1, sse4.2, popcnt, tsc, tscinvbit, avx, aes, clmul, vzeroupper, clflush, hv

Memory: 4k page, system-wide physical 8073M (344M free)
TotalPageFile size 14473M (AvailPageFile size 5474M)
current process WorkingSet (physical memory assigned to process): 355M, peak: 384M
current process commit charge ("private bytes"): 391M, peak: 422M

vm_info: OpenJDK 64-Bit Server VM (17.0.4.1+1) for windows-amd64 JRE (17.0.4.1+1), built on Aug 17 2022 07:42:43 by "temurin" with MS VC++ 16.7 (VS2019)

END.
