#
# A fatal error has been detected by the Java Runtime Environment:
#
#  EXCEPTION_ACCESS_VIOLATION (0xc0000005) at pc=0x00007ff87739c9f1, pid=9056, tid=11800
#
# JRE version: OpenJDK Runtime Environment Temurin-17.0.4.1+1 (17.0.4.1+1) (build 17.0.4.1+1)
# Java VM: OpenJDK 64-Bit Server VM Temurin-17.0.4.1+1 (17.0.4.1+1, mixed mode, tiered, compressed oops, compressed class ptrs, g1 gc, windows-amd64)
# Problematic frame:
# V  [jvm.dll+0xc9f1]
#
# No core dump will be written. Minidumps are not enabled by default on client versions of Windows
#
# If you would like to submit a bug report, please visit:
#   https://github.com/adoptium/adoptium-support/issues
#

---------------  S U M M A R Y ------------

Command Line: -XX:+ShowCodeDetailsInExceptionMessages -agentlib:jdwp=transport=dt_socket,suspend=y,address=localhost:53325 -ea -javaagent:C:\Users\BUYPC\Desktop\sts-4.16.0.RELEASE\configuration\org.eclipse.osgi\268\0\.cp\lib\javaagent-shaded.jar -Dfile.encoding=UTF-8 org.eclipse.jdt.internal.junit.runner.RemoteTestRunner -version 3 -port 53309 -testLoaderClass org.eclipse.jdt.internal.junit5.runner.JUnit5TestLoader -loaderpluginname org.eclipse.jdt.junit5.runtime -packageNameFile C:\Users\BUYPC\AppData\Local\Temp\packageNames7500474162315334639.txt

Host: Intel(R) Core(TM) i7-2640M CPU @ 2.80GHz, 4 cores, 7G,  Windows 10 , 64 bit Build 19041 (10.0.19041.2251)
Time: Fri Nov 25 01:48:42 2022 Pacific Standard Time elapsed time: 50.451909 seconds (0d 0h 0m 50s)

---------------  T H R E A D  ---------------

Current thread (0x0000020533fc4410):  GCTaskThread "GC Thread#0" [stack: 0x000000cc71200000,0x000000cc71300000] [id=11800]

Stack: [0x000000cc71200000,0x000000cc71300000],  sp=0x000000cc712ff3f8,  free space=1020k
Native frames: (J=compiled Java code, j=interpreted, Vv=VM code, C=native code)
V  [jvm.dll+0xc9f1]


siginfo: EXCEPTION_ACCESS_VIOLATION (0xc0000005), reading address 0x0000000000000100


Register to memory mapping:

RIP=0x00007ff87739c9f1 jvm.dll
RAX=0x0 is NULL
RBX=0x0000000000000001 is an unknown value
RCX=0x0000000100473550 is pointing into metadata
RDX=
[error occurred during error reporting (printing register info), id 0xc0000005, EXCEPTION_ACCESS_VIOLATION (0xc0000005) at pc=0x00007ff8776626b1]

Registers:
RAX=0x0000000000000000, RBX=0x0000000000000001, RCX=0x0000000100473550, RDX=0x000000008a6f13d0
RSP=0x000000cc712ff3f8, RBP=0x000000cc712ff478, RSI=0x000002054f82c750, RDI=0x000002054f82c750
R8 =0x0000000000000000, R9 =0x0000000100473550, R10=0x000000008a6f13d0, R11=0x0000000000000001
R12=0x000000cc712ff770, R13=0x000000008a6f13d0, R14=0x0000000100473550, R15=0x0000000000000000
RIP=0x00007ff87739c9f1, EFLAGS=0x0000000000010246

Top of Stack: (sp=0x000000cc712ff3f8)
0x000000cc712ff3f8:   00007ff87769624f 0000000000000000
0x000000cc712ff408:   000000cc712ff478 000002054f82c750
0x000000cc712ff418:   000002054f82c8d0 0000000100000001
0x000000cc712ff428:   00007ff800000000 0000000084a50001
0x000000cc712ff438:   0000000100060001 0000020500000000
0x000000cc712ff448:   0000000000000001 0000000000000008
0x000000cc712ff458:   000000cc712ff5c0 0000020533f75d00
0x000000cc712ff468:   00000000837a1400 00000000837a0ff8
0x000000cc712ff478:   0000000000000000 0000000000000040
0x000000cc712ff488:   0000020533f75d00 000000cc712ff770
0x000000cc712ff498:   000002054f82c750 0000000086e01ce8
0x000000cc712ff4a8:   0000000086e01ce9 0000000000001604
0x000000cc712ff4b8:   00007ff8776972e2 0000000000000001
0x000000cc712ff4c8:   0000000000410001 0000000000000001
0x000000cc712ff4d8:   0000000000000001 000000cc712ff560
0x000000cc712ff4e8:   0000000000000000 0000000000000000 

Instructions: (pc=0x00007ff87739c9f1)
0x00007ff87739c8f1:   41 f6 c2 01 75 53 41 c1 fa 03 41 8b c2 c3 79 49
0x00007ff87739c901:   84 c0 b9 10 00 00 00 8b 05 26 19 af 00 41 b8 0c
0x00007ff87739c911:   00 00 00 41 0f 45 c8 ff c8 4c 63 c8 48 63 14 11
0x00007ff87739c921:   41 8b ca 83 e1 3f 48 d3 e2 41 8b ca 48 c1 f9 10
0x00007ff87739c931:   0f b6 c1 49 8d 0c 11 49 f7 d1 48 03 c1 49 c1 e9
0x00007ff87739c941:   03 48 c1 e8 03 41 23 c1 c3 49 8b 00 49 8b c8 48
0x00007ff87739c951:   ff a0 00 01 00 00 cc cc cc cc cc cc cc cc cc 8b
0x00007ff87739c961:   44 24 30 45 03 c9 44 2b 4c 24 28 83 c0 0b 44 03
0x00007ff87739c971:   ca 45 03 c8 41 03 c1 c3 cc cc cc cc cc cc cc 4c
0x00007ff87739c981:   8b ca 48 8b d1 45 8b 41 08 45 85 c0 7e 0e 41 f6
0x00007ff87739c991:   c0 01 75 56 41 c1 f8 03 41 8b c0 c3 79 4c 80 3d
0x00007ff87739c9a1:   b9 c9 b5 00 00 b8 0c 00 00 00 b9 10 00 00 00 0f
0x00007ff87739c9b1:   45 c8 8b 05 7b 18 af 00 ff c8 4c 63 c8 48 63 14
0x00007ff87739c9c1:   11 41 8b c8 83 e1 3f 48 d3 e2 41 8b c8 48 c1 f9
0x00007ff87739c9d1:   10 0f b6 c1 49 8d 0c 11 49 f7 d1 48 03 c1 49 c1
0x00007ff87739c9e1:   e9 03 48 c1 e8 03 41 23 c1 c3 49 8b 01 49 8b c9
0x00007ff87739c9f1:   48 ff a0 00 01 00 00 cc cc cc cc cc cc cc cc 48
0x00007ff87739ca01:   8b 41 08 0f b7 48 2a 0f b7 40 28 83 c0 48 03 c1
0x00007ff87739ca11:   c3 cc cc cc cc cc cc cc cc cc cc cc cc cc cc 48
0x00007ff87739ca21:   89 5c 24 08 57 48 83 ec 20 0f b6 05 7f a6 b9 00
0x00007ff87739ca31:   48 8b fa 48 8b d9 84 c0 74 4f 48 85 15 96 9e b9
0x00007ff87739ca41:   00 74 38 48 8b ca e8 64 6f 85 00 48 8b d0 48 85
0x00007ff87739ca51:   db 74 25 48 85 c0 74 20 48 8b c7 f0 48 0f b1 13
0x00007ff87739ca61:   74 16 48 85 05 6e 9e b9 00 74 0d 48 8b c8 f0 48
0x00007ff87739ca71:   0f b1 13 48 3b c1 75 ea 48 8b fa 48 8b c7 48 8b
0x00007ff87739ca81:   5c 24 30 48 83 c4 20 5f c3 48 85 3d 4f 9e b9 00
0x00007ff87739ca91:   75 33 48 85 ff 75 0f 33 d2 8b c2 48 8b 5c 24 30
0x00007ff87739caa1:   48 83 c4 20 5f c3 48 8b 15 42 9e b9 00 48 23 d7
0x00007ff87739cab1:   48 0b 15 18 9e b9 00 48 8b c2 48 8b 5c 24 30 48
0x00007ff87739cac1:   83 c4 20 5f c3 48 8b cf e8 f2 6d 85 00 48 8b d0
0x00007ff87739cad1:   48 85 db 74 40 48 85 c0 74 3b 4c 8b 05 0e 9e b9
0x00007ff87739cae1:   00 4c 23 c0 4c 0b 05 3c 9e b9 00 74 28 48 8b c7 


Stack slot to memory mapping:
stack at sp + 0 slots: 0x00007ff87769624f jvm.dll
stack at sp + 1 slots: 0x0 is NULL
stack at sp + 2 slots: 0x000000cc712ff478 points into unknown readable memory: 0x0000000000000000 | 00 00 00 00 00 00 00 00
stack at sp + 3 slots: 0x000002054f82c750 points into unknown readable memory: 0x00007ff877ce7368 | 68 73 ce 77 f8 7f 00 00
stack at sp + 4 slots: 0x000002054f82c8d0 points into unknown readable memory: 0x00007ff877ce7320 | 20 73 ce 77 f8 7f 00 00
stack at sp + 5 slots: 0x0000000100000001 is pointing into metadata
stack at sp + 6 slots: 0x00007ff800000000 is an unknown value
stack at sp + 7 slots: 0x0000000084a50001 is pointing into object: java.lang.ref.SoftReference 
{0x0000000084a4ffe0} - klass: 'java/lang/ref/SoftReference'
 - ---- fields (total size 5 words):
 - private 'referent' 'Ljava/lang/Object;' @12  a 'java/lang/Class$ReflectionData'{0x0000000084a50008} (84a50008)
 - volatile 'queue' 'Ljava/lang/ref/ReferenceQueue;' @16  a 'java/lang/ref/ReferenceQueue$Null'{0x00000000824fb2b0} (824fb2b0)
 - volatile 'next' 'Ljava/lang/ref/Reference;' @20  NULL (0)
 - private transient 'discovered' 'Ljava/lang/ref/Reference;' @24  NULL (0)
 - private 'timestamp' 'J' @32  313663491 (12b22003 0)


---------------  P R O C E S S  ---------------

Threads class SMR info:
_java_thread_list=0x000002055200c8a0, length=21, elements={
0x0000020533f66390, 0x000002054d6259a0, 0x000002054d626330, 0x000002054e03a020,
0x000002054e03d910, 0x000002054e03ded0, 0x000002054e03e490, 0x000002054e042e40,
0x000002054d64c020, 0x000002054d64e630, 0x000002054d5c60f0, 0x000002054e380fe0,
0x000002054e3a1320, 0x000002054e3a1810, 0x000002054f958130, 0x000002054f557df0,
0x0000020551ecd710, 0x000002054f268860, 0x000002054f268d30, 0x000002054f26bd50,
0x000002054f26a540
}

Java Threads: ( => current thread )
  0x0000020533f66390 JavaThread "main" [_thread_blocked, id=10096, stack(0x000000cc71100000,0x000000cc71200000)]
  0x000002054d6259a0 JavaThread "Reference Handler" daemon [_thread_blocked, id=6360, stack(0x000000cc71800000,0x000000cc71900000)]
  0x000002054d626330 JavaThread "Finalizer" daemon [_thread_blocked, id=11836, stack(0x000000cc71900000,0x000000cc71a00000)]
  0x000002054e03a020 JavaThread "Signal Dispatcher" daemon [_thread_blocked, id=3788, stack(0x000000cc71a00000,0x000000cc71b00000)]
  0x000002054e03d910 JavaThread "Attach Listener" daemon [_thread_blocked, id=8980, stack(0x000000cc71b00000,0x000000cc71c00000)]
  0x000002054e03ded0 JavaThread "Service Thread" daemon [_thread_blocked, id=15032, stack(0x000000cc71c00000,0x000000cc71d00000)]
  0x000002054e03e490 JavaThread "Monitor Deflation Thread" daemon [_thread_blocked, id=11248, stack(0x000000cc71d00000,0x000000cc71e00000)]
  0x000002054e042e40 JavaThread "C2 CompilerThread0" daemon [_thread_blocked, id=4656, stack(0x000000cc71e00000,0x000000cc71f00000)]
  0x000002054d64c020 JavaThread "C1 CompilerThread0" daemon [_thread_blocked, id=11312, stack(0x000000cc71f00000,0x000000cc72000000)]
  0x000002054d64e630 JavaThread "Sweeper thread" daemon [_thread_blocked, id=6736, stack(0x000000cc72000000,0x000000cc72100000)]
  0x000002054d5c60f0 JavaThread "Common-Cleaner" daemon [_thread_blocked, id=6076, stack(0x000000cc72100000,0x000000cc72200000)]
  0x000002054e380fe0 JavaThread "JDWP Transport Listener: dt_socket" daemon [_thread_blocked, id=11224, stack(0x000000cc72200000,0x000000cc72300000)]
  0x000002054e3a1320 JavaThread "JDWP Event Helper Thread" daemon [_thread_blocked, id=6980, stack(0x000000cc72300000,0x000000cc72400000)]
  0x000002054e3a1810 JavaThread "JDWP Command Reader" daemon [_thread_in_native, id=6416, stack(0x000000cc72400000,0x000000cc72500000)]
  0x000002054f958130 JavaThread "Notification Thread" daemon [_thread_blocked, id=13656, stack(0x000000cc72900000,0x000000cc72a00000)]
  0x000002054f557df0 JavaThread "ReaderThread" [_thread_in_native, id=11044, stack(0x000000cc72800000,0x000000cc72900000)]
  0x0000020551ecd710 JavaThread "C2 CompilerThread1" daemon [_thread_blocked, id=12360, stack(0x000000cc72b00000,0x000000cc72c00000)]
  0x000002054f268860 JavaThread "Catalina-utility-1" [_thread_blocked, id=4972, stack(0x000000cc72f00000,0x000000cc73000000)]
  0x000002054f268d30 JavaThread "Catalina-utility-2" [_thread_blocked, id=13880, stack(0x000000cc73000000,0x000000cc73100000)]
  0x000002054f26bd50 JavaThread "container-0" [_thread_blocked, id=6012, stack(0x000000cc73100000,0x000000cc73200000)]
  0x000002054f26a540 JavaThread "mysql-cj-abandoned-connection-cleanup" daemon [_thread_blocked, id=7544, stack(0x000000cc73200000,0x000000cc73300000)]

Other Threads:
  0x000002054d5e03f0 VMThread "VM Thread" [stack: 0x000000cc71700000,0x000000cc71800000] [id=13904]
  0x000002054f958600 WatcherThread [stack: 0x000000cc72a00000,0x000000cc72b00000] [id=8744]
=>0x0000020533fc4410 GCTaskThread "GC Thread#0" [stack: 0x000000cc71200000,0x000000cc71300000] [id=11800]
  0x000002054f14dbd0 GCTaskThread "GC Thread#1" [stack: 0x000000cc72500000,0x000000cc72600000] [id=6332]
  0x000002054f14de80 GCTaskThread "GC Thread#2" [stack: 0x000000cc72600000,0x000000cc72700000] [id=14044]
  0x000002054e897550 GCTaskThread "GC Thread#3" [stack: 0x000000cc72700000,0x000000cc72800000] [id=3024]
  0x0000020533fd5770 ConcurrentGCThread "G1 Main Marker" [stack: 0x000000cc71300000,0x000000cc71400000] [id=3460]
  0x0000020533fd6180 ConcurrentGCThread "G1 Conc#0" [stack: 0x000000cc71400000,0x000000cc71500000] [id=7508]
  0x000002053400e810 ConcurrentGCThread "G1 Refine#0" [stack: 0x000000cc71500000,0x000000cc71600000] [id=10112]
  0x000002054d4940f0 ConcurrentGCThread "G1 Service" [stack: 0x000000cc71600000,0x000000cc71700000] [id=11672]

Threads with active compile tasks:
C2 CompilerThread0    50599 7268       4       org.springframework.asm.ClassReader::accept (1401 bytes)
C2 CompilerThread1    50599 7278       4       java.net.URLConnection::<init> (62 bytes)

VM state: at safepoint (normal execution)

VM Mutex/Monitor currently owned by a thread:  ([mutex/lock_event])
[0x0000020533f62700] Threads_lock - owner thread: 0x000002054d5e03f0
[0x0000020533f621f0] Heap_lock - owner thread: 0x0000020533f66390

Heap address: 0x0000000081c00000, size: 2020 MB, Compressed Oops mode: 32-bit

CDS archive(s) not mapped
Compressed class space mapped at: 0x0000000100000000-0x0000000140000000, reserved size: 1073741824
Narrow klass base: 0x0000000000000000, Narrow klass shift: 3, Narrow klass range: 0x140000000

GC Precious Log:
 CPUs: 4 total, 4 available
 Memory: 8073M
 Large Page Support: Disabled
 NUMA Support: Disabled
 Compressed Oops: Enabled (32-bit)
 Heap Region Size: 1M
 Heap Min Capacity: 8M
 Heap Initial Capacity: 128M
 Heap Max Capacity: 2020M
 Pre-touch: Disabled
 Parallel Workers: 4
 Concurrent Workers: 1
 Concurrent Refinement Workers: 4
 Periodic GC: Disabled

Heap:
 garbage-first heap   total 160768K, used 131413K [0x0000000081c00000, 0x0000000100000000)
  region size 1024K, 79 young (80896K), 6 survivors (6144K)
 Metaspace       used 69026K, committed 69440K, reserved 1114112K
  class space    used 8522K, committed 8704K, reserved 1048576K

Heap Regions: E=young(eden), S=young(survivor), O=old, HS=humongous(starts), HC=humongous(continues), CS=collection set, F=free, OA=open archive, CA=closed archive, TAMS=top-at-mark-start (previous, next)
|   0|0x0000000081c00000, 0x0000000081d00000, 0x0000000081d00000|100%|HS|  |TAMS 0x0000000081d00000, 0x0000000081c00000| Complete 
|   1|0x0000000081d00000, 0x0000000081e00000, 0x0000000081e00000|100%|HS|  |TAMS 0x0000000081e00000, 0x0000000081d00000| Complete 
|   2|0x0000000081e00000, 0x0000000081f00000, 0x0000000081f00000|100%| O|  |TAMS 0x0000000081f00000, 0x0000000081e00000| Untracked 
|   3|0x0000000081f00000, 0x0000000082000000, 0x0000000082000000|100%| O|  |TAMS 0x0000000082000000, 0x0000000081f00000| Untracked 
|   4|0x0000000082000000, 0x0000000082100000, 0x0000000082100000|100%| O|  |TAMS 0x0000000082100000, 0x0000000082000000| Untracked 
|   5|0x0000000082100000, 0x0000000082200000, 0x0000000082200000|100%| O|  |TAMS 0x0000000082200000, 0x0000000082100000| Untracked 
|   6|0x0000000082200000, 0x0000000082300000, 0x0000000082300000|100%| O|  |TAMS 0x0000000082300000, 0x0000000082200000| Untracked 
|   7|0x0000000082300000, 0x0000000082400000, 0x0000000082400000|100%| O|  |TAMS 0x0000000082400000, 0x0000000082300000| Untracked 
|   8|0x0000000082400000, 0x0000000082500000, 0x0000000082500000|100%| O|  |TAMS 0x0000000082500000, 0x0000000082400000| Untracked 
|   9|0x0000000082500000, 0x0000000082600000, 0x0000000082600000|100%| O|  |TAMS 0x0000000082600000, 0x0000000082500000| Untracked 
|  10|0x0000000082600000, 0x0000000082700000, 0x0000000082700000|100%| O|  |TAMS 0x0000000082700000, 0x0000000082600000| Untracked 
|  11|0x0000000082700000, 0x0000000082800000, 0x0000000082800000|100%| O|  |TAMS 0x0000000082800000, 0x0000000082700000| Untracked 
|  12|0x0000000082800000, 0x0000000082900000, 0x0000000082900000|100%| O|  |TAMS 0x0000000082900000, 0x0000000082800000| Untracked 
|  13|0x0000000082900000, 0x0000000082a00000, 0x0000000082a00000|100%| O|  |TAMS 0x0000000082a00000, 0x0000000082900000| Untracked 
|  14|0x0000000082a00000, 0x0000000082b00000, 0x0000000082b00000|100%| O|  |TAMS 0x0000000082a00000, 0x0000000082a00000| Untracked 
|  15|0x0000000082b00000, 0x0000000082c00000, 0x0000000082c00000|100%| O|  |TAMS 0x0000000082c00000, 0x0000000082b00000| Untracked 
|  16|0x0000000082c00000, 0x0000000082d00000, 0x0000000082d00000|100%| O|  |TAMS 0x0000000082d00000, 0x0000000082c00000| Untracked 
|  17|0x0000000082d00000, 0x0000000082e00000, 0x0000000082e00000|100%| O|  |TAMS 0x0000000082e00000, 0x0000000082d00000| Untracked 
|  18|0x0000000082e00000, 0x0000000082f00000, 0x0000000082f00000|100%| O|  |TAMS 0x0000000082f00000, 0x0000000082e00000| Untracked 
|  19|0x0000000082f00000, 0x0000000083000000, 0x0000000083000000|100%| O|  |TAMS 0x0000000083000000, 0x0000000082f00000| Untracked 
|  20|0x0000000083000000, 0x0000000083100000, 0x0000000083100000|100%| O|  |TAMS 0x0000000083100000, 0x0000000083000000| Untracked 
|  21|0x0000000083100000, 0x0000000083200000, 0x0000000083200000|100%| O|  |TAMS 0x0000000083200000, 0x0000000083100000| Untracked 
|  22|0x0000000083200000, 0x0000000083300000, 0x0000000083300000|100%| O|  |TAMS 0x0000000083300000, 0x0000000083200000| Untracked 
|  23|0x0000000083300000, 0x0000000083400000, 0x0000000083400000|100%| O|  |TAMS 0x0000000083400000, 0x0000000083300000| Untracked 
|  24|0x0000000083400000, 0x0000000083500000, 0x0000000083500000|100%| O|  |TAMS 0x0000000083500000, 0x0000000083400000| Untracked 
|  25|0x0000000083500000, 0x0000000083600000, 0x0000000083600000|100%| O|  |TAMS 0x0000000083600000, 0x0000000083500000| Untracked 
|  26|0x0000000083600000, 0x0000000083700000, 0x0000000083700000|100%| O|  |TAMS 0x0000000083700000, 0x0000000083600000| Untracked 
|  27|0x0000000083700000, 0x0000000083800000, 0x0000000083800000|100%| O|  |TAMS 0x0000000083800000, 0x0000000083700000| Untracked 
|  28|0x0000000083800000, 0x0000000083900000, 0x0000000083900000|100%| O|  |TAMS 0x0000000083900000, 0x0000000083800000| Untracked 
|  29|0x0000000083900000, 0x0000000083a00000, 0x0000000083a00000|100%| O|  |TAMS 0x0000000083a00000, 0x0000000083900000| Untracked 
|  30|0x0000000083a00000, 0x0000000083b00000, 0x0000000083b00000|100%| O|  |TAMS 0x0000000083b00000, 0x0000000083a00000| Untracked 
|  31|0x0000000083b00000, 0x0000000083c00000, 0x0000000083c00000|100%| O|  |TAMS 0x0000000083c00000, 0x0000000083b00000| Untracked 
|  32|0x0000000083c00000, 0x0000000083d00000, 0x0000000083d00000|100%| O|  |TAMS 0x0000000083d00000, 0x0000000083c00000| Untracked 
|  33|0x0000000083d00000, 0x0000000083e00000, 0x0000000083e00000|100%| O|  |TAMS 0x0000000083e00000, 0x0000000083d00000| Untracked 
|  34|0x0000000083e00000, 0x0000000083f00000, 0x0000000083f00000|100%| O|  |TAMS 0x0000000083e00000, 0x0000000083e00000| Untracked 
|  35|0x0000000083f00000, 0x0000000084000000, 0x0000000084000000|100%| O|  |TAMS 0x0000000084000000, 0x0000000083f00000| Untracked 
|  36|0x0000000084000000, 0x0000000084100000, 0x0000000084100000|100%| O|  |TAMS 0x0000000084100000, 0x0000000084000000| Untracked 
|  37|0x0000000084100000, 0x0000000084200000, 0x0000000084200000|100%| O|  |TAMS 0x0000000084200000, 0x0000000084100000| Untracked 
|  38|0x0000000084200000, 0x0000000084300000, 0x0000000084300000|100%| O|  |TAMS 0x0000000084300000, 0x0000000084200000| Untracked 
|  39|0x0000000084300000, 0x0000000084400000, 0x0000000084400000|100%| O|  |TAMS 0x0000000084400000, 0x0000000084300000| Untracked 
|  40|0x0000000084400000, 0x0000000084500000, 0x0000000084500000|100%| O|  |TAMS 0x0000000084500000, 0x0000000084400000| Untracked 
|  41|0x0000000084500000, 0x0000000084600000, 0x0000000084600000|100%| O|  |TAMS 0x0000000084600000, 0x0000000084500000| Untracked 
|  42|0x0000000084600000, 0x0000000084700000, 0x0000000084700000|100%| O|  |TAMS 0x000000008460d200, 0x0000000084600000| Untracked 
|  43|0x0000000084700000, 0x0000000084800000, 0x0000000084800000|100%| O|  |TAMS 0x0000000084700000, 0x0000000084700000| Untracked 
|  44|0x0000000084800000, 0x0000000084900000, 0x0000000084900000|100%| O|  |TAMS 0x0000000084800000, 0x0000000084800000| Untracked 
|  45|0x0000000084900000, 0x0000000084a00000, 0x0000000084a00000|100%| O|  |TAMS 0x0000000084900000, 0x0000000084900000| Untracked 
|  46|0x0000000084a00000, 0x0000000084b00000, 0x0000000084b00000|100%| O|  |TAMS 0x0000000084a00000, 0x0000000084a00000| Untracked 
|  47|0x0000000084b00000, 0x0000000084c00000, 0x0000000084c00000|100%| O|  |TAMS 0x0000000084b00000, 0x0000000084b00000| Untracked 
|  48|0x0000000084c00000, 0x0000000084d00000, 0x0000000084d00000|100%| O|  |TAMS 0x0000000084c00000, 0x0000000084c00000| Untracked 
|  49|0x0000000084d00000, 0x0000000084e00000, 0x0000000084e00000|100%| O|  |TAMS 0x0000000084d00000, 0x0000000084d00000| Untracked 
|  50|0x0000000084e00000, 0x0000000084f00000, 0x0000000084f00000|100%| O|  |TAMS 0x0000000084e00000, 0x0000000084e00000| Untracked 
|  51|0x0000000084f00000, 0x0000000084f00000, 0x0000000085000000|  0%| F|  |TAMS 0x0000000084f00000, 0x0000000084f00000| Untracked 
|  52|0x0000000085000000, 0x0000000085000000, 0x0000000085100000|  0%| F|  |TAMS 0x0000000085000000, 0x0000000085000000| Untracked 
|  53|0x0000000085100000, 0x0000000085100000, 0x0000000085200000|  0%| F|  |TAMS 0x0000000085100000, 0x0000000085100000| Untracked 
|  54|0x0000000085200000, 0x0000000085200000, 0x0000000085300000|  0%| F|  |TAMS 0x0000000085200000, 0x0000000085200000| Untracked 
|  55|0x0000000085300000, 0x0000000085300000, 0x0000000085400000|  0%| F|  |TAMS 0x0000000085300000, 0x0000000085300000| Untracked 
|  56|0x0000000085400000, 0x0000000085400000, 0x0000000085500000|  0%| F|  |TAMS 0x0000000085400000, 0x0000000085400000| Untracked 
|  57|0x0000000085500000, 0x0000000085500000, 0x0000000085600000|  0%| F|  |TAMS 0x0000000085500000, 0x0000000085500000| Untracked 
|  58|0x0000000085600000, 0x0000000085600000, 0x0000000085700000|  0%| F|  |TAMS 0x0000000085600000, 0x0000000085600000| Untracked 
|  59|0x0000000085700000, 0x0000000085700000, 0x0000000085800000|  0%| F|  |TAMS 0x0000000085700000, 0x0000000085700000| Untracked 
|  60|0x0000000085800000, 0x0000000085800000, 0x0000000085900000|  0%| F|  |TAMS 0x0000000085800000, 0x0000000085800000| Untracked 
|  61|0x0000000085900000, 0x0000000085900000, 0x0000000085a00000|  0%| F|  |TAMS 0x0000000085900000, 0x0000000085900000| Untracked 
|  62|0x0000000085a00000, 0x0000000085a00000, 0x0000000085b00000|  0%| F|  |TAMS 0x0000000085a00000, 0x0000000085a00000| Untracked 
|  63|0x0000000085b00000, 0x0000000085b00000, 0x0000000085c00000|  0%| F|  |TAMS 0x0000000085b00000, 0x0000000085b00000| Untracked 
|  64|0x0000000085c00000, 0x0000000085c00000, 0x0000000085d00000|  0%| F|  |TAMS 0x0000000085c00000, 0x0000000085c00000| Untracked 
|  65|0x0000000085d00000, 0x0000000085d00000, 0x0000000085e00000|  0%| F|  |TAMS 0x0000000085d00000, 0x0000000085d00000| Untracked 
|  66|0x0000000085e00000, 0x0000000085e00000, 0x0000000085f00000|  0%| F|  |TAMS 0x0000000085e00000, 0x0000000085e00000| Untracked 
|  67|0x0000000085f00000, 0x0000000085f00000, 0x0000000086000000|  0%| F|  |TAMS 0x0000000085f00000, 0x0000000085f00000| Untracked 
|  68|0x0000000086000000, 0x0000000086000000, 0x0000000086100000|  0%| F|  |TAMS 0x0000000086000000, 0x0000000086000000| Untracked 
|  69|0x0000000086100000, 0x00000000861d6ef0, 0x0000000086200000| 83%| S|  |TAMS 0x0000000086100000, 0x0000000086100000| Complete 
|  70|0x0000000086200000, 0x0000000086300000, 0x0000000086300000|100%| E|CS|TAMS 0x0000000086200000, 0x0000000086200000| Complete 
|  71|0x0000000086300000, 0x0000000086400000, 0x0000000086400000|100%| E|CS|TAMS 0x0000000086300000, 0x0000000086300000| Complete 
|  72|0x0000000086400000, 0x0000000086500000, 0x0000000086500000|100%| E|CS|TAMS 0x0000000086400000, 0x0000000086400000| Complete 
|  73|0x0000000086500000, 0x0000000086600000, 0x0000000086600000|100%| E|CS|TAMS 0x0000000086500000, 0x0000000086500000| Complete 
|  74|0x0000000086600000, 0x0000000086700000, 0x0000000086700000|100%| S|  |TAMS 0x0000000086600000, 0x0000000086600000| Complete 
|  75|0x0000000086700000, 0x0000000086800000, 0x0000000086800000|100%| S|  |TAMS 0x0000000086700000, 0x0000000086700000| Complete 
|  76|0x0000000086800000, 0x0000000086900000, 0x0000000086900000|100%| E|CS|TAMS 0x0000000086800000, 0x0000000086800000| Complete 
|  77|0x0000000086900000, 0x0000000086a00000, 0x0000000086a00000|100%| E|CS|TAMS 0x0000000086900000, 0x0000000086900000| Complete 
|  78|0x0000000086a00000, 0x0000000086b00000, 0x0000000086b00000|100%| E|CS|TAMS 0x0000000086a00000, 0x0000000086a00000| Complete 
|  79|0x0000000086b00000, 0x0000000086c00000, 0x0000000086c00000|100%| E|CS|TAMS 0x0000000086b00000, 0x0000000086b00000| Complete 
|  80|0x0000000086c00000, 0x0000000086d00000, 0x0000000086d00000|100%| E|CS|TAMS 0x0000000086c00000, 0x0000000086c00000| Complete 
|  81|0x0000000086d00000, 0x0000000086e00000, 0x0000000086e00000|100%| S|  |TAMS 0x0000000086d00000, 0x0000000086d00000| Complete 
|  82|0x0000000086e00000, 0x0000000086f00000, 0x0000000086f00000|100%| S|  |TAMS 0x0000000086e00000, 0x0000000086e00000| Complete 
|  83|0x0000000086f00000, 0x0000000087000000, 0x0000000087000000|100%| S|  |TAMS 0x0000000086f00000, 0x0000000086f00000| Complete 
|  84|0x0000000087000000, 0x0000000087100000, 0x0000000087100000|100%| E|CS|TAMS 0x0000000087000000, 0x0000000087000000| Complete 
|  85|0x0000000087100000, 0x0000000087200000, 0x0000000087200000|100%| E|CS|TAMS 0x0000000087100000, 0x0000000087100000| Complete 
|  86|0x0000000087200000, 0x0000000087300000, 0x0000000087300000|100%| E|CS|TAMS 0x0000000087200000, 0x0000000087200000| Complete 
|  87|0x0000000087300000, 0x0000000087400000, 0x0000000087400000|100%| E|CS|TAMS 0x0000000087300000, 0x0000000087300000| Complete 
|  88|0x0000000087400000, 0x0000000087500000, 0x0000000087500000|100%| E|CS|TAMS 0x0000000087400000, 0x0000000087400000| Complete 
|  89|0x0000000087500000, 0x0000000087600000, 0x0000000087600000|100%| E|CS|TAMS 0x0000000087500000, 0x0000000087500000| Complete 
|  90|0x0000000087600000, 0x0000000087700000, 0x0000000087700000|100%| E|CS|TAMS 0x0000000087600000, 0x0000000087600000| Complete 
|  91|0x0000000087700000, 0x0000000087800000, 0x0000000087800000|100%| E|CS|TAMS 0x0000000087700000, 0x0000000087700000| Complete 
|  92|0x0000000087800000, 0x0000000087900000, 0x0000000087900000|100%| E|CS|TAMS 0x0000000087800000, 0x0000000087800000| Complete 
|  93|0x0000000087900000, 0x0000000087a00000, 0x0000000087a00000|100%| E|CS|TAMS 0x0000000087900000, 0x0000000087900000| Complete 
|  94|0x0000000087a00000, 0x0000000087b00000, 0x0000000087b00000|100%| E|CS|TAMS 0x0000000087a00000, 0x0000000087a00000| Complete 
|  95|0x0000000087b00000, 0x0000000087c00000, 0x0000000087c00000|100%| E|CS|TAMS 0x0000000087b00000, 0x0000000087b00000| Complete 
|  96|0x0000000087c00000, 0x0000000087d00000, 0x0000000087d00000|100%| E|CS|TAMS 0x0000000087c00000, 0x0000000087c00000| Complete 
|  97|0x0000000087d00000, 0x0000000087e00000, 0x0000000087e00000|100%| E|CS|TAMS 0x0000000087d00000, 0x0000000087d00000| Complete 
|  98|0x0000000087e00000, 0x0000000087f00000, 0x0000000087f00000|100%| E|CS|TAMS 0x0000000087e00000, 0x0000000087e00000| Complete 
|  99|0x0000000087f00000, 0x0000000088000000, 0x0000000088000000|100%| E|CS|TAMS 0x0000000087f00000, 0x0000000087f00000| Complete 
| 100|0x0000000088000000, 0x0000000088100000, 0x0000000088100000|100%| E|CS|TAMS 0x0000000088000000, 0x0000000088000000| Complete 
| 101|0x0000000088100000, 0x0000000088200000, 0x0000000088200000|100%| E|CS|TAMS 0x0000000088100000, 0x0000000088100000| Complete 
| 102|0x0000000088200000, 0x0000000088300000, 0x0000000088300000|100%| E|CS|TAMS 0x0000000088200000, 0x0000000088200000| Complete 
| 103|0x0000000088300000, 0x0000000088400000, 0x0000000088400000|100%| E|CS|TAMS 0x0000000088300000, 0x0000000088300000| Complete 
| 104|0x0000000088400000, 0x0000000088500000, 0x0000000088500000|100%| E|CS|TAMS 0x0000000088400000, 0x0000000088400000| Complete 
| 105|0x0000000088500000, 0x0000000088600000, 0x0000000088600000|100%| E|CS|TAMS 0x0000000088500000, 0x0000000088500000| Complete 
| 106|0x0000000088600000, 0x0000000088700000, 0x0000000088700000|100%| E|CS|TAMS 0x0000000088600000, 0x0000000088600000| Complete 
| 107|0x0000000088700000, 0x0000000088800000, 0x0000000088800000|100%| E|CS|TAMS 0x0000000088700000, 0x0000000088700000| Complete 
| 108|0x0000000088800000, 0x0000000088900000, 0x0000000088900000|100%| E|CS|TAMS 0x0000000088800000, 0x0000000088800000| Complete 
| 109|0x0000000088900000, 0x0000000088a00000, 0x0000000088a00000|100%| E|CS|TAMS 0x0000000088900000, 0x0000000088900000| Complete 
| 110|0x0000000088a00000, 0x0000000088b00000, 0x0000000088b00000|100%| E|CS|TAMS 0x0000000088a00000, 0x0000000088a00000| Complete 
| 111|0x0000000088b00000, 0x0000000088c00000, 0x0000000088c00000|100%| E|CS|TAMS 0x0000000088b00000, 0x0000000088b00000| Complete 
| 112|0x0000000088c00000, 0x0000000088d00000, 0x0000000088d00000|100%| E|CS|TAMS 0x0000000088c00000, 0x0000000088c00000| Complete 
| 113|0x0000000088d00000, 0x0000000088e00000, 0x0000000088e00000|100%| E|CS|TAMS 0x0000000088d00000, 0x0000000088d00000| Complete 
| 114|0x0000000088e00000, 0x0000000088f00000, 0x0000000088f00000|100%| E|CS|TAMS 0x0000000088e00000, 0x0000000088e00000| Complete 
| 115|0x0000000088f00000, 0x0000000089000000, 0x0000000089000000|100%| E|CS|TAMS 0x0000000088f00000, 0x0000000088f00000| Complete 
| 116|0x0000000089000000, 0x0000000089100000, 0x0000000089100000|100%| E|CS|TAMS 0x0000000089000000, 0x0000000089000000| Complete 
| 117|0x0000000089100000, 0x0000000089200000, 0x0000000089200000|100%| E|CS|TAMS 0x0000000089100000, 0x0000000089100000| Complete 
| 118|0x0000000089200000, 0x0000000089300000, 0x0000000089300000|100%| E|CS|TAMS 0x0000000089200000, 0x0000000089200000| Complete 
| 119|0x0000000089300000, 0x0000000089400000, 0x0000000089400000|100%| E|CS|TAMS 0x0000000089300000, 0x0000000089300000| Complete 
| 120|0x0000000089400000, 0x0000000089500000, 0x0000000089500000|100%| E|CS|TAMS 0x0000000089400000, 0x0000000089400000| Complete 
| 121|0x0000000089500000, 0x0000000089600000, 0x0000000089600000|100%| E|CS|TAMS 0x0000000089500000, 0x0000000089500000| Complete 
| 122|0x0000000089600000, 0x0000000089700000, 0x0000000089700000|100%| E|CS|TAMS 0x0000000089600000, 0x0000000089600000| Complete 
| 123|0x0000000089700000, 0x0000000089800000, 0x0000000089800000|100%| E|CS|TAMS 0x0000000089700000, 0x0000000089700000| Complete 
| 124|0x0000000089800000, 0x0000000089900000, 0x0000000089900000|100%| E|CS|TAMS 0x0000000089800000, 0x0000000089800000| Complete 
| 125|0x0000000089900000, 0x0000000089a00000, 0x0000000089a00000|100%| E|CS|TAMS 0x0000000089900000, 0x0000000089900000| Complete 
| 126|0x0000000089a00000, 0x0000000089b00000, 0x0000000089b00000|100%| E|CS|TAMS 0x0000000089a00000, 0x0000000089a00000| Complete 
| 127|0x0000000089b00000, 0x0000000089c00000, 0x0000000089c00000|100%| E|CS|TAMS 0x0000000089b00000, 0x0000000089b00000| Complete 
| 128|0x0000000089c00000, 0x0000000089d00000, 0x0000000089d00000|100%| E|CS|TAMS 0x0000000089c00000, 0x0000000089c00000| Complete 
| 129|0x0000000089d00000, 0x0000000089e00000, 0x0000000089e00000|100%| E|CS|TAMS 0x0000000089d00000, 0x0000000089d00000| Complete 
| 130|0x0000000089e00000, 0x0000000089f00000, 0x0000000089f00000|100%| E|CS|TAMS 0x0000000089e00000, 0x0000000089e00000| Complete 
| 131|0x0000000089f00000, 0x000000008a000000, 0x000000008a000000|100%| E|CS|TAMS 0x0000000089f00000, 0x0000000089f00000| Complete 
| 132|0x000000008a000000, 0x000000008a100000, 0x000000008a100000|100%| E|CS|TAMS 0x000000008a000000, 0x000000008a000000| Complete 
| 133|0x000000008a100000, 0x000000008a200000, 0x000000008a200000|100%| E|CS|TAMS 0x000000008a100000, 0x000000008a100000| Complete 
| 134|0x000000008a200000, 0x000000008a300000, 0x000000008a300000|100%| E|CS|TAMS 0x000000008a200000, 0x000000008a200000| Complete 
| 135|0x000000008a300000, 0x000000008a400000, 0x000000008a400000|100%| E|CS|TAMS 0x000000008a300000, 0x000000008a300000| Complete 
| 136|0x000000008a400000, 0x000000008a500000, 0x000000008a500000|100%| E|CS|TAMS 0x000000008a400000, 0x000000008a400000| Complete 
| 137|0x000000008a500000, 0x000000008a600000, 0x000000008a600000|100%| E|CS|TAMS 0x000000008a500000, 0x000000008a500000| Complete 
| 138|0x000000008a600000, 0x000000008a700000, 0x000000008a700000|100%| E|CS|TAMS 0x000000008a600000, 0x000000008a600000| Complete 
| 139|0x000000008a700000, 0x000000008a800000, 0x000000008a800000|100%| E|CS|TAMS 0x000000008a700000, 0x000000008a700000| Complete 
| 140|0x000000008a800000, 0x000000008a900000, 0x000000008a900000|100%| E|CS|TAMS 0x000000008a800000, 0x000000008a800000| Complete 
| 141|0x000000008a900000, 0x000000008aa00000, 0x000000008aa00000|100%| E|CS|TAMS 0x000000008a900000, 0x000000008a900000| Complete 
| 142|0x000000008aa00000, 0x000000008ab00000, 0x000000008ab00000|100%| E|CS|TAMS 0x000000008aa00000, 0x000000008aa00000| Complete 
| 143|0x000000008ab00000, 0x000000008ac00000, 0x000000008ac00000|100%| E|CS|TAMS 0x000000008ab00000, 0x000000008ab00000| Complete 
| 144|0x000000008ac00000, 0x000000008ad00000, 0x000000008ad00000|100%| E|CS|TAMS 0x000000008ac00000, 0x000000008ac00000| Complete 
| 145|0x000000008ad00000, 0x000000008ae00000, 0x000000008ae00000|100%| E|CS|TAMS 0x000000008ad00000, 0x000000008ad00000| Complete 
| 146|0x000000008ae00000, 0x000000008af00000, 0x000000008af00000|100%| E|CS|TAMS 0x000000008ae00000, 0x000000008ae00000| Complete 
| 147|0x000000008af00000, 0x000000008b000000, 0x000000008b000000|100%| E|CS|TAMS 0x000000008af00000, 0x000000008af00000| Complete 
| 148|0x000000008b000000, 0x000000008b100000, 0x000000008b100000|100%| E|CS|TAMS 0x000000008b000000, 0x000000008b000000| Complete 
| 149|0x000000008b100000, 0x000000008b200000, 0x000000008b200000|100%| E|CS|TAMS 0x000000008b100000, 0x000000008b100000| Complete 
| 150|0x000000008b200000, 0x000000008b300000, 0x000000008b300000|100%| E|CS|TAMS 0x000000008b200000, 0x000000008b200000| Complete 
| 151|0x000000008b300000, 0x000000008b400000, 0x000000008b400000|100%| E|CS|TAMS 0x000000008b300000, 0x000000008b300000| Complete 
| 152|0x000000008b400000, 0x000000008b500000, 0x000000008b500000|100%| E|CS|TAMS 0x000000008b400000, 0x000000008b400000| Complete 
| 153|0x000000008b500000, 0x000000008b600000, 0x000000008b600000|100%| E|CS|TAMS 0x000000008b500000, 0x000000008b500000| Complete 
| 154|0x000000008b600000, 0x000000008b700000, 0x000000008b700000|100%| E|CS|TAMS 0x000000008b600000, 0x000000008b600000| Complete 
| 155|0x000000008b700000, 0x000000008b800000, 0x000000008b800000|100%| E|CS|TAMS 0x000000008b700000, 0x000000008b700000| Complete 
| 156|0x000000008b800000, 0x000000008b900000, 0x000000008b900000|100%| E|CS|TAMS 0x000000008b800000, 0x000000008b800000| Complete 

Card table byte_map: [0x0000020546a00000,0x0000020546e00000] _byte_map_base: 0x00000205465f2000

Marking Bits (Prev, Next): (CMBitMap*) 0x0000020533fc4a60, (CMBitMap*) 0x0000020533fc4a20
 Prev Bits: [0x0000020549190000, 0x000002054b120000)
 Next Bits: [0x0000020547200000, 0x0000020549190000)

Polling page: 0x0000020531e20000

Metaspace:

Usage:
  Non-class:     59.09 MB used.
      Class:      8.32 MB used.
       Both:     67.41 MB used.

Virtual space:
  Non-class space:       64.00 MB reserved,      59.31 MB ( 93%) committed,  8 nodes.
      Class space:        1.00 GB reserved,       8.50 MB ( <1%) committed,  1 nodes.
             Both:        1.06 GB reserved,      67.81 MB (  6%) committed. 

Chunk freelists:
   Non-Class:  680.00 KB
       Class:  3.50 MB
        Both:  4.17 MB

MaxMetaspaceSize: unlimited
CompressedClassSpaceSize: 1.00 GB
Initial GC threshold: 21.00 MB
Current GC threshold: 94.81 MB
CDS: off
MetaspaceReclaimPolicy: balanced
 - commit_granule_bytes: 65536.
 - commit_granule_words: 8192.
 - virtual_space_node_default_size: 1048576.
 - enlarge_chunks_in_place: 1.
 - new_chunks_are_fully_committed: 0.
 - uncommit_free_chunks: 1.
 - use_allocation_guard: 0.
 - handle_deallocations: 1.


Internal statistics:

num_allocs_failed_limit: 6.
num_arena_births: 522.
num_arena_deaths: 0.
num_vsnodes_births: 9.
num_vsnodes_deaths: 0.
num_space_committed: 1085.
num_space_uncommitted: 0.
num_chunks_returned_to_freelist: 6.
num_chunks_taken_from_freelist: 2734.
num_chunk_merges: 3.
num_chunk_splits: 1876.
num_chunks_enlarged: 1455.
num_purges: 0.
num_inconsistent_stats: 0.

CodeHeap 'non-profiled nmethods': size=120000Kb used=6618Kb max_used=6618Kb free=113381Kb
 bounds [0x000002053f0d0000, 0x000002053f750000, 0x0000020546600000]
CodeHeap 'profiled nmethods': size=120000Kb used=13004Kb max_used=13004Kb free=106995Kb
 bounds [0x0000020537ba0000, 0x0000020538860000, 0x000002053f0d0000]
CodeHeap 'non-nmethods': size=5760Kb used=1301Kb max_used=1391Kb free=4458Kb
 bounds [0x0000020537600000, 0x0000020537870000, 0x0000020537ba0000]
 total_blobs=6655 nmethods=6119 adapters=448
 compilation: enabled
              stopped_count=0, restarted_count=0
 full_count=0

Compilation events (20 events):
Event: 50.175 Thread 0x0000020551ecd710 nmethod 7270 0x000002053f73ec10 code [0x000002053f73eda0, 0x000002053f73ee78]
Event: 50.176 Thread 0x0000020551ecd710 7271   !   4       sun.net.www.ParseUtil::decode (317 bytes)
Event: 50.177 Thread 0x0000020551ecd710 nmethod 7271 0x000002053f73ef90 code [0x000002053f73f100, 0x000002053f73f278]
Event: 50.177 Thread 0x0000020551ecd710 7220       4       java.util.zip.ZipCoder$UTF8ZipCoder::toString (12 bytes)
Event: 50.184 Thread 0x0000020551ecd710 nmethod 7220 0x000002053f73f490 code [0x000002053f73f620, 0x000002053f73fd58]
Event: 50.184 Thread 0x0000020551ecd710 7273       4       java.lang.Math::multiplyExact (74 bytes)
Event: 50.185 Thread 0x0000020551ecd710 nmethod 7273 0x000002053f740190 code [0x000002053f740300, 0x000002053f740478]
Event: 50.185 Thread 0x0000020551ecd710 7275   !   4       sun.nio.fs.WindowsFileAttributes::toFileTime (47 bytes)
Event: 50.188 Thread 0x0000020551ecd710 nmethod 7275 0x000002053f740590 code [0x000002053f740720, 0x000002053f7408a8]
Event: 50.188 Thread 0x0000020551ecd710 7274       4       java.util.zip.ZipFile$ZipFileInflaterInputStream::<init> (14 bytes)
Event: 50.203 Thread 0x0000020551ecd710 nmethod 7274 0x000002053f740a90 code [0x000002053f740c60, 0x000002053f741528]
Event: 50.203 Thread 0x0000020551ecd710 7272   !   4       java.util.zip.ZipFile::getInputStream (275 bytes)
Event: 50.245 Thread 0x000002054d64c020 7279       3       org.springframework.asm.ClassReader::readField (666 bytes)
Event: 50.249 Thread 0x000002054d64c020 nmethod 7279 0x0000020538850b10 code [0x0000020538851060, 0x0000020538853628]
Event: 50.274 Thread 0x0000020551ecd710 nmethod 7272 0x000002053f741a10 code [0x000002053f741c80, 0x000002053f744460]
Event: 50.274 Thread 0x0000020551ecd710 7276   !   4       java.util.zip.ZipFile::getEntry (59 bytes)
Event: 50.278 Thread 0x0000020551ecd710 nmethod 7276 0x000002053f745b10 code [0x000002053f745ca0, 0x000002053f746038]
Event: 50.278 Thread 0x0000020551ecd710 7280       4       sun.nio.fs.NativeBuffers::getNativeBufferFromCache (51 bytes)
Event: 50.286 Thread 0x0000020551ecd710 nmethod 7280 0x000002053f746290 code [0x000002053f746440, 0x000002053f746718]
Event: 50.286 Thread 0x0000020551ecd710 7278       4       java.net.URLConnection::<init> (62 bytes)

GC Heap History (20 events):
Event: 41.229 GC heap after
{Heap after GC invocations=31 (full 0):
 garbage-first heap   total 75776K, used 41461K [0x0000000081c00000, 0x0000000100000000)
  region size 1024K, 3 young (3072K), 3 survivors (3072K)
 Metaspace       used 53625K, committed 53888K, reserved 1097728K
  class space    used 6296K, committed 6400K, reserved 1048576K
}
Event: 41.832 GC heap before
{Heap before GC invocations=32 (full 0):
 garbage-first heap   total 75776K, used 63989K [0x0000000081c00000, 0x0000000100000000)
  region size 1024K, 25 young (25600K), 3 survivors (3072K)
 Metaspace       used 55709K, committed 56000K, reserved 1105920K
  class space    used 6655K, committed 6784K, reserved 1048576K
}
Event: 41.839 GC heap after
{Heap after GC invocations=33 (full 0):
 garbage-first heap   total 75776K, used 42460K [0x0000000081c00000, 0x0000000100000000)
  region size 1024K, 3 young (3072K), 3 survivors (3072K)
 Metaspace       used 55709K, committed 56000K, reserved 1105920K
  class space    used 6655K, committed 6784K, reserved 1048576K
}
Event: 41.876 GC heap before
{Heap before GC invocations=33 (full 0):
 garbage-first heap   total 75776K, used 43484K [0x0000000081c00000, 0x0000000100000000)
  region size 1024K, 4 young (4096K), 3 survivors (3072K)
 Metaspace       used 55824K, committed 56128K, reserved 1105920K
  class space    used 6679K, committed 6848K, reserved 1048576K
}
Event: 41.881 GC heap after
{Heap after GC invocations=34 (full 0):
 garbage-first heap   total 75776K, used 42478K [0x0000000081c00000, 0x0000000100000000)
  region size 1024K, 1 young (1024K), 1 survivors (1024K)
 Metaspace       used 55824K, committed 56128K, reserved 1105920K
  class space    used 6679K, committed 6848K, reserved 1048576K
}
Event: 42.314 GC heap before
{Heap before GC invocations=34 (full 0):
 garbage-first heap   total 75776K, used 62958K [0x0000000081c00000, 0x0000000100000000)
  region size 1024K, 21 young (21504K), 1 survivors (1024K)
 Metaspace       used 57567K, committed 57920K, reserved 1105920K
  class space    used 6984K, committed 7168K, reserved 1048576K
}
Event: 42.316 GC heap after
{Heap after GC invocations=35 (full 0):
 garbage-first heap   total 75776K, used 42546K [0x0000000081c00000, 0x0000000100000000)
  region size 1024K, 1 young (1024K), 1 survivors (1024K)
 Metaspace       used 57567K, committed 57920K, reserved 1105920K
  class space    used 6984K, committed 7168K, reserved 1048576K
}
Event: 42.770 GC heap before
{Heap before GC invocations=36 (full 0):
 garbage-first heap   total 81920K, used 63026K [0x0000000081c00000, 0x0000000100000000)
  region size 1024K, 21 young (21504K), 1 survivors (1024K)
 Metaspace       used 59117K, committed 59520K, reserved 1105920K
  class space    used 7266K, committed 7488K, reserved 1048576K
}
Event: 42.773 GC heap after
{Heap after GC invocations=37 (full 0):
 garbage-first heap   total 81920K, used 42776K [0x0000000081c00000, 0x0000000100000000)
  region size 1024K, 1 young (1024K), 1 survivors (1024K)
 Metaspace       used 59117K, committed 59520K, reserved 1105920K
  class space    used 7266K, committed 7488K, reserved 1048576K
}
Event: 42.857 GC heap before
{Heap before GC invocations=37 (full 0):
 garbage-first heap   total 81920K, used 45848K [0x0000000081c00000, 0x0000000100000000)
  region size 1024K, 4 young (4096K), 1 survivors (1024K)
 Metaspace       used 59320K, committed 59712K, reserved 1105920K
  class space    used 7298K, committed 7488K, reserved 1048576K
}
Event: 42.862 GC heap after
{Heap after GC invocations=38 (full 0):
 garbage-first heap   total 81920K, used 42903K [0x0000000081c00000, 0x0000000100000000)
  region size 1024K, 1 young (1024K), 1 survivors (1024K)
 Metaspace       used 59320K, committed 59712K, reserved 1105920K
  class space    used 7298K, committed 7488K, reserved 1048576K
}
Event: 43.696 GC heap before
{Heap before GC invocations=38 (full 0):
 garbage-first heap   total 81920K, used 69527K [0x0000000081c00000, 0x0000000100000000)
  region size 1024K, 27 young (27648K), 1 survivors (1024K)
 Metaspace       used 61106K, committed 61504K, reserved 1105920K
  class space    used 7526K, committed 7744K, reserved 1048576K
}
Event: 43.701 GC heap after
{Heap after GC invocations=39 (full 0):
 garbage-first heap   total 160768K, used 44186K [0x0000000081c00000, 0x0000000100000000)
  region size 1024K, 3 young (3072K), 3 survivors (3072K)
 Metaspace       used 61106K, committed 61504K, reserved 1105920K
  class space    used 7526K, committed 7744K, reserved 1048576K
}
Event: 46.695 GC heap before
{Heap before GC invocations=39 (full 0):
 garbage-first heap   total 160768K, used 129178K [0x0000000081c00000, 0x0000000100000000)
  region size 1024K, 86 young (88064K), 3 survivors (3072K)
 Metaspace       used 66100K, committed 66496K, reserved 1114112K
  class space    used 8111K, committed 8320K, reserved 1048576K
}
Event: 46.707 GC heap after
{Heap after GC invocations=40 (full 0):
 garbage-first heap   total 160768K, used 47589K [0x0000000081c00000, 0x0000000100000000)
  region size 1024K, 6 young (6144K), 6 survivors (6144K)
 Metaspace       used 66100K, committed 66496K, reserved 1114112K
  class space    used 8111K, committed 8320K, reserved 1048576K
}
Event: 48.786 GC heap before
{Heap before GC invocations=40 (full 0):
 garbage-first heap   total 160768K, used 130533K [0x0000000081c00000, 0x0000000100000000)
  region size 1024K, 87 young (89088K), 6 survivors (6144K)
 Metaspace       used 68669K, committed 69056K, reserved 1114112K
  class space    used 8474K, committed 8640K, reserved 1048576K
}
Event: 48.802 GC heap after
{Heap after GC invocations=41 (full 0):
 garbage-first heap   total 160768K, used 53068K [0x0000000081c00000, 0x0000000100000000)
  region size 1024K, 11 young (11264K), 11 survivors (11264K)
 Metaspace       used 68669K, committed 69056K, reserved 1114112K
  class space    used 8474K, committed 8640K, reserved 1048576K
}
Event: 49.407 GC heap before
{Heap before GC invocations=41 (full 0):
 garbage-first heap   total 160768K, used 130892K [0x0000000081c00000, 0x0000000100000000)
  region size 1024K, 87 young (89088K), 11 survivors (11264K)
 Metaspace       used 69023K, committed 69440K, reserved 1114112K
  class space    used 8522K, committed 8704K, reserved 1048576K
}
Event: 49.422 GC heap after
{Heap after GC invocations=42 (full 0):
 garbage-first heap   total 160768K, used 56661K [0x0000000081c00000, 0x0000000100000000)
  region size 1024K, 9 young (9216K), 9 survivors (9216K)
 Metaspace       used 69023K, committed 69440K, reserved 1114112K
  class space    used 8522K, committed 8704K, reserved 1048576K
}
Event: 50.310 GC heap before
{Heap before GC invocations=42 (full 0):
 garbage-first heap   total 160768K, used 131413K [0x0000000081c00000, 0x0000000100000000)
  region size 1024K, 82 young (83968K), 9 survivors (9216K)
 Metaspace       used 69026K, committed 69440K, reserved 1114112K
  class space    used 8522K, committed 8704K, reserved 1048576K
}

Deoptimization events (20 events):
Event: 49.378 Thread 0x0000020533f66390 DEOPT PACKING pc=0x0000020537d0679d sp=0x000000cc711f9560
Event: 49.378 Thread 0x0000020533f66390 DEOPT UNPACKING pc=0x0000020537652b43 sp=0x000000cc711f8b68 mode 0
Event: 49.387 Thread 0x0000020533f66390 DEOPT PACKING pc=0x0000020538701aae sp=0x000000cc711f94e0
Event: 49.387 Thread 0x0000020533f66390 DEOPT UNPACKING pc=0x0000020537652b43 sp=0x000000cc711f8a10 mode 0
Event: 49.405 Thread 0x0000020533f66390 DEOPT PACKING pc=0x0000020538701aae sp=0x000000cc711f94e0
Event: 49.405 Thread 0x0000020533f66390 DEOPT UNPACKING pc=0x0000020537652b43 sp=0x000000cc711f8a10 mode 0
Event: 49.457 Thread 0x0000020533f66390 DEOPT PACKING pc=0x0000020538701aae sp=0x000000cc711f9250
Event: 49.457 Thread 0x0000020533f66390 DEOPT UNPACKING pc=0x0000020537652b43 sp=0x000000cc711f8780 mode 0
Event: 49.481 Thread 0x0000020533f66390 DEOPT PACKING pc=0x0000020538701aae sp=0x000000cc711f9250
Event: 49.481 Thread 0x0000020533f66390 DEOPT UNPACKING pc=0x0000020537652b43 sp=0x000000cc711f8780 mode 0
Event: 49.502 Thread 0x0000020533f66390 DEOPT PACKING pc=0x0000020538701aae sp=0x000000cc711f9250
Event: 49.502 Thread 0x0000020533f66390 DEOPT UNPACKING pc=0x0000020537652b43 sp=0x000000cc711f8780 mode 0
Event: 49.529 Thread 0x0000020533f66390 DEOPT PACKING pc=0x0000020538701aae sp=0x000000cc711f9250
Event: 49.529 Thread 0x0000020533f66390 DEOPT UNPACKING pc=0x0000020537652b43 sp=0x000000cc711f8780 mode 0
Event: 49.871 Thread 0x0000020533f66390 DEOPT PACKING pc=0x000002053806e8f2 sp=0x000000cc711f96c0
Event: 49.871 Thread 0x0000020533f66390 DEOPT UNPACKING pc=0x0000020537652b43 sp=0x000000cc711f8db0 mode 0
Event: 50.220 Thread 0x0000020533f66390 Uncommon trap: trap_request=0xffffff45 fr.pc=0x000002053f716b64 relative=0x0000000000003c04
Event: 50.220 Thread 0x0000020533f66390 Uncommon trap: reason=unstable_if action=reinterpret pc=0x000002053f716b64 method=org.springframework.asm.ClassReader.readConst(I[C)Ljava/lang/Object; @ 15 c2
Event: 50.220 Thread 0x0000020533f66390 DEOPT PACKING pc=0x000002053f716b64 sp=0x000000cc711f9520
Event: 50.220 Thread 0x0000020533f66390 DEOPT UNPACKING pc=0x00000205376523a3 sp=0x000000cc711f94d8 mode 2

Classes unloaded (0 events):
No events

Classes redefined (0 events):
No events

Internal exceptions (20 events):
Event: 47.996 Thread 0x0000020533f66390 Exception <a 'java/lang/ClassNotFoundException'{0x00000000899283c8}: org/springframework/context/annotation/ConfigurationClassEnhancer$EnhancedConfigurationCustomizer> (0x00000000899283c8) 
thrown [s\src\hotspot\share\classfile\systemDictionary.cpp, line 256]
Event: 47.999 Thread 0x0000020533f66390 Exception <a 'java/lang/ClassNotFoundException'{0x00000000899320a8}: org/springframework/beans/factory/BeanFactoryAwareCustomizer> (0x00000000899320a8) 
thrown [s\src\hotspot\share\classfile\systemDictionary.cpp, line 256]
Event: 48.002 Thread 0x0000020533f66390 Exception <a 'java/lang/ClassNotFoundException'{0x000000008993cdf8}: org/springframework/beans/factory/AwareCustomizer> (0x000000008993cdf8) 
thrown [s\src\hotspot\share\classfile\systemDictionary.cpp, line 256]
Event: 48.007 Thread 0x0000020533f66390 Exception <a 'java/lang/ClassNotFoundException'{0x0000000089956718}: java/lang/ObjectCustomizer> (0x0000000089956718) 
thrown [s\src\hotspot\share\classfile\systemDictionary.cpp, line 256]
Event: 48.010 Thread 0x0000020533f66390 Exception <a 'java/lang/ClassNotFoundException'{0x0000000089963508}: com/yuzee/app/processor/MasterDataImportProcessorCustomizer> (0x0000000089963508) 
thrown [s\src\hotspot\share\classfile\systemDictionary.cpp, line 256]
Event: 48.015 Thread 0x0000020533f66390 Exception <a 'java/lang/ClassNotFoundException'{0x0000000089980ea8}: java/lang/ObjectCustomizer> (0x0000000089980ea8) 
thrown [s\src\hotspot\share\classfile\systemDictionary.cpp, line 256]
Event: 48.018 Thread 0x0000020533f66390 Exception <a 'java/lang/ClassNotFoundException'{0x000000008998e0f0}: com/yuzee/app/dao/impl/InstituteDaoImplCustomizer> (0x000000008998e0f0) 
thrown [s\src\hotspot\share\classfile\systemDictionary.cpp, line 256]
Event: 48.024 Thread 0x0000020533f66390 Exception <a 'java/lang/ClassNotFoundException'{0x00000000899d70e0}: com/yuzee/app/dao/InstituteDaoCustomizer> (0x00000000899d70e0) 
thrown [s\src\hotspot\share\classfile\systemDictionary.cpp, line 256]
Event: 48.076 Thread 0x0000020533f66390 Exception <a 'java/lang/ClassNotFoundException'{0x000000008970e630}: java/lang/ObjectCustomizer> (0x000000008970e630) 
thrown [s\src\hotspot\share\classfile\systemDictionary.cpp, line 256]
Event: 48.079 Thread 0x0000020533f66390 Exception <a 'java/lang/ClassNotFoundException'{0x000000008971c3d8}: org/springframework/orm/hibernate5/HibernateExceptionTranslatorCustomizer> (0x000000008971c3d8) 
thrown [s\src\hotspot\share\classfile\systemDictionary.cpp, line 256]
Event: 48.083 Thread 0x0000020533f66390 Exception <a 'java/lang/ClassNotFoundException'{0x00000000897293d8}: org/springframework/orm/hibernate5/LocalSessionFactoryBeanCustomizer> (0x00000000897293d8) 
thrown [s\src\hotspot\share\classfile\systemDictionary.cpp, line 256]
Event: 48.090 Thread 0x0000020533f66390 Exception <a 'java/lang/ClassNotFoundException'{0x000000008977adc0}: org/springframework/beans/factory/FactoryBeanCustomizer> (0x000000008977adc0) 
thrown [s\src\hotspot\share\classfile\systemDictionary.cpp, line 256]
Event: 48.094 Thread 0x0000020533f66390 Exception <a 'java/lang/ClassNotFoundException'{0x0000000089787cb0}: org/springframework/context/ResourceLoaderAwareCustomizer> (0x0000000089787cb0) 
thrown [s\src\hotspot\share\classfile\systemDictionary.cpp, line 256]
Event: 48.097 Thread 0x0000020533f66390 Exception <a 'java/lang/ClassNotFoundException'{0x0000000089792b30}: org/springframework/beans/factory/AwareCustomizer> (0x0000000089792b30) 
thrown [s\src\hotspot\share\classfile\systemDictionary.cpp, line 256]
Event: 48.100 Thread 0x0000020533f66390 Exception <a 'java/lang/ClassNotFoundException'{0x000000008979cf48}: org/springframework/beans/factory/BeanFactoryAwareCustomizer> (0x000000008979cf48) 
thrown [s\src\hotspot\share\classfile\systemDictionary.cpp, line 256]
Event: 48.102 Thread 0x0000020533f66390 Exception <a 'java/lang/ClassNotFoundException'{0x00000000897a8490}: org/springframework/beans/factory/AwareCustomizer> (0x00000000897a8490) 
thrown [s\src\hotspot\share\classfile\systemDictionary.cpp, line 256]
Event: 48.104 Thread 0x0000020533f66390 Exception <a 'java/lang/ClassNotFoundException'{0x00000000897b28a8}: org/springframework/beans/factory/InitializingBeanCustomizer> (0x00000000897b28a8) 
thrown [s\src\hotspot\share\classfile\systemDictionary.cpp, line 256]
Event: 48.107 Thread 0x0000020533f66390 Exception <a 'java/lang/ClassNotFoundException'{0x00000000897bd468}: org/springframework/beans/factory/DisposableBeanCustomizer> (0x00000000897bd468) 
thrown [s\src\hotspot\share\classfile\systemDictionary.cpp, line 256]
Event: 48.110 Thread 0x0000020533f66390 Exception <a 'java/lang/ClassNotFoundException'{0x00000000897c8538}: org/springframework/dao/support/PersistenceExceptionTranslatorCustomizer> (0x00000000897c8538) 
thrown [s\src\hotspot\share\classfile\systemDictionary.cpp, line 256]
Event: 48.861 Thread 0x000002054f958130 Exception <a 'java/lang/NoSuchMethodError'{0x000000008aa18f48}: 'java.lang.Object java.lang.invoke.DirectMethodHandle$Holder.invokeSpecial(java.lang.Object, java.lang.Object, double, java.lang.Object)'> (0x000000008aa18f48) 
thrown [s\src\hotspot\share\interpreter\linkResolver.cpp, line 759]

VM Operations (20 events):
Event: 46.708 Executing VM operation: Cleanup done
Event: 47.119 Executing VM operation: HandshakeAllThreads
Event: 47.119 Executing VM operation: HandshakeAllThreads done
Event: 47.260 Executing VM operation: HandshakeAllThreads
Event: 47.260 Executing VM operation: HandshakeAllThreads done
Event: 47.678 Executing VM operation: HandshakeAllThreads
Event: 47.678 Executing VM operation: HandshakeAllThreads done
Event: 47.679 Executing VM operation: HandshakeAllThreads
Event: 47.679 Executing VM operation: HandshakeAllThreads done
Event: 47.760 Executing VM operation: HandshakeAllThreads
Event: 47.760 Executing VM operation: HandshakeAllThreads done
Event: 47.760 Executing VM operation: Cleanup
Event: 47.760 Executing VM operation: Cleanup done
Event: 48.766 Executing VM operation: Cleanup
Event: 48.766 Executing VM operation: Cleanup done
Event: 48.786 Executing VM operation: G1CollectForAllocation
Event: 48.802 Executing VM operation: G1CollectForAllocation done
Event: 49.407 Executing VM operation: G1CollectForAllocation
Event: 49.423 Executing VM operation: G1CollectForAllocation done
Event: 50.310 Executing VM operation: G1CollectForAllocation

Events (20 events):
Event: 48.816 loading class javax/management/openmbean/CompositeDataSupport
Event: 48.816 loading class javax/management/openmbean/CompositeDataSupport done
Event: 48.819 loading class com/sun/management/internal/GarbageCollectionNotifInfoCompositeData$1
Event: 48.819 loading class com/sun/management/internal/GarbageCollectionNotifInfoCompositeData$1 done
Event: 48.819 loading class java/util/TreeMap$KeySpliterator
Event: 48.819 loading class java/util/TreeMap$TreeMapSpliterator
Event: 48.820 loading class java/util/TreeMap$TreeMapSpliterator done
Event: 48.820 loading class java/util/TreeMap$KeySpliterator done
Event: 48.820 loading class javax/management/openmbean/ArrayType
Event: 48.821 loading class javax/management/openmbean/ArrayType done
Event: 48.846 loading class java/util/concurrent/atomic/AtomicIntegerFieldUpdater
Event: 48.846 loading class java/util/concurrent/atomic/AtomicIntegerFieldUpdater done
Event: 48.846 loading class java/util/concurrent/atomic/AtomicIntegerFieldUpdater$AtomicIntegerFieldUpdaterImpl
Event: 48.846 loading class java/util/concurrent/atomic/AtomicIntegerFieldUpdater$AtomicIntegerFieldUpdaterImpl done
Event: 48.846 loading class java/util/concurrent/atomic/AtomicIntegerFieldUpdater$AtomicIntegerFieldUpdaterImpl$1
Event: 48.846 loading class java/util/concurrent/atomic/AtomicIntegerFieldUpdater$AtomicIntegerFieldUpdaterImpl$1 done
Event: 48.856 loading class java/util/function/DoubleSupplier
Event: 48.857 loading class java/util/function/DoubleSupplier done
Event: 48.859 loading class java/util/function/LongSupplier
Event: 48.859 loading class java/util/function/LongSupplier done


Dynamic libraries:
0x00007ff654b80000 - 0x00007ff654b8e000 	C:\Users\BUYPC\Desktop\sts-4.16.0.RELEASE\plugins\org.eclipse.justj.openjdk.hotspot.jre.full.win32.x86_64_17.0.4.v20220903-1038\jre\bin\javaw.exe
0x00007ff8b6450000 - 0x00007ff8b6648000 	C:\Windows\SYSTEM32\ntdll.dll
0x00007ff8af440000 - 0x00007ff8af457000 	C:\Program Files\Avast Software\Avast\aswhook.dll
0x00007ff8b5790000 - 0x00007ff8b584f000 	C:\Windows\System32\KERNEL32.DLL
0x00007ff8b3ed0000 - 0x00007ff8b41a2000 	C:\Windows\System32\KERNELBASE.dll
0x00007ff8b3cb0000 - 0x00007ff8b3db0000 	C:\Windows\System32\ucrtbase.dll
0x00007ff89e5b0000 - 0x00007ff89e5c8000 	C:\Users\BUYPC\Desktop\sts-4.16.0.RELEASE\plugins\org.eclipse.justj.openjdk.hotspot.jre.full.win32.x86_64_17.0.4.v20220903-1038\jre\bin\jli.dll
0x00007ff8a5890000 - 0x00007ff8a58a9000 	C:\Users\BUYPC\Desktop\sts-4.16.0.RELEASE\plugins\org.eclipse.justj.openjdk.hotspot.jre.full.win32.x86_64_17.0.4.v20220903-1038\jre\bin\VCRUNTIME140.dll
0x00007ff8b5430000 - 0x00007ff8b55cd000 	C:\Windows\System32\USER32.dll
0x00007ff8b42f0000 - 0x00007ff8b4312000 	C:\Windows\System32\win32u.dll
0x00007ff8b4790000 - 0x00007ff8b47bb000 	C:\Windows\System32\GDI32.dll
0x00007ff8b41b0000 - 0x00007ff8b42bf000 	C:\Windows\System32\gdi32full.dll
0x00007ff89fe80000 - 0x00007ff8a011a000 	C:\Windows\WinSxS\amd64_microsoft.windows.common-controls_6595b64144ccf1df_6.0.19041.1110_none_60b5254171f9507e\COMCTL32.dll
0x00007ff8b4320000 - 0x00007ff8b43bd000 	C:\Windows\System32\msvcp_win.dll
0x00007ff8b6370000 - 0x00007ff8b640e000 	C:\Windows\System32\msvcrt.dll
0x00007ff8b6330000 - 0x00007ff8b6362000 	C:\Windows\System32\IMM32.DLL
0x00007ff8af1e0000 - 0x00007ff8af1ec000 	C:\Users\BUYPC\Desktop\sts-4.16.0.RELEASE\plugins\org.eclipse.justj.openjdk.hotspot.jre.full.win32.x86_64_17.0.4.v20220903-1038\jre\bin\vcruntime140_1.dll
0x00007ff88a3e0000 - 0x00007ff88a471000 	C:\Users\BUYPC\Desktop\sts-4.16.0.RELEASE\plugins\org.eclipse.justj.openjdk.hotspot.jre.full.win32.x86_64_17.0.4.v20220903-1038\jre\bin\msvcp140.dll
0x00007ff877390000 - 0x00007ff877fd6000 	C:\Users\BUYPC\Desktop\sts-4.16.0.RELEASE\plugins\org.eclipse.justj.openjdk.hotspot.jre.full.win32.x86_64_17.0.4.v20220903-1038\jre\bin\server\jvm.dll
0x00007ff8b6150000 - 0x00007ff8b61fe000 	C:\Windows\System32\ADVAPI32.dll
0x00007ff8b4820000 - 0x00007ff8b48bc000 	C:\Windows\System32\sechost.dll
0x00007ff8b6200000 - 0x00007ff8b6325000 	C:\Windows\System32\RPCRT4.dll
0x00007ff8b5780000 - 0x00007ff8b5788000 	C:\Windows\System32\PSAPI.DLL
0x00007ff8ae0c0000 - 0x00007ff8ae0e7000 	C:\Windows\SYSTEM32\WINMM.dll
0x00007ff8a44d0000 - 0x00007ff8a44d9000 	C:\Windows\SYSTEM32\WSOCK32.dll
0x00007ff8abd90000 - 0x00007ff8abd9a000 	C:\Windows\SYSTEM32\VERSION.dll
0x00007ff8b44a0000 - 0x00007ff8b450b000 	C:\Windows\System32\WS2_32.dll
0x00007ff8b2350000 - 0x00007ff8b2362000 	C:\Windows\SYSTEM32\kernel.appcore.dll
0x00007ff8adf10000 - 0x00007ff8adf1a000 	C:\Users\BUYPC\Desktop\sts-4.16.0.RELEASE\plugins\org.eclipse.justj.openjdk.hotspot.jre.full.win32.x86_64_17.0.4.v20220903-1038\jre\bin\jimage.dll
0x00007ff8aa530000 - 0x00007ff8aa714000 	C:\Windows\SYSTEM32\DBGHELP.DLL
0x00007ff8aa500000 - 0x00007ff8aa52c000 	C:\Windows\SYSTEM32\dbgcore.DLL
0x00007ff8b4410000 - 0x00007ff8b4492000 	C:\Windows\System32\bcryptPrimitives.dll
0x00007ff896a10000 - 0x00007ff896a4b000 	C:\Users\BUYPC\Desktop\sts-4.16.0.RELEASE\plugins\org.eclipse.justj.openjdk.hotspot.jre.full.win32.x86_64_17.0.4.v20220903-1038\jre\bin\jdwp.dll
0x00007ff8a56c0000 - 0x00007ff8a56ce000 	C:\Users\BUYPC\Desktop\sts-4.16.0.RELEASE\plugins\org.eclipse.justj.openjdk.hotspot.jre.full.win32.x86_64_17.0.4.v20220903-1038\jre\bin\instrument.dll
0x00007ff897670000 - 0x00007ff897695000 	C:\Users\BUYPC\Desktop\sts-4.16.0.RELEASE\plugins\org.eclipse.justj.openjdk.hotspot.jre.full.win32.x86_64_17.0.4.v20220903-1038\jre\bin\java.dll
0x00007ff89d240000 - 0x00007ff89d258000 	C:\Users\BUYPC\Desktop\sts-4.16.0.RELEASE\plugins\org.eclipse.justj.openjdk.hotspot.jre.full.win32.x86_64_17.0.4.v20220903-1038\jre\bin\zip.dll
0x00007ff8b49a0000 - 0x00007ff8b50e3000 	C:\Windows\System32\SHELL32.dll
0x00007ff8b1bb0000 - 0x00007ff8b2342000 	C:\Windows\SYSTEM32\windows.storage.dll
0x00007ff8b5970000 - 0x00007ff8b5cc4000 	C:\Windows\System32\combase.dll
0x00007ff8b33f0000 - 0x00007ff8b3420000 	C:\Windows\SYSTEM32\Wldp.dll
0x00007ff8b4510000 - 0x00007ff8b45bd000 	C:\Windows\System32\SHCORE.dll
0x00007ff8b47c0000 - 0x00007ff8b4815000 	C:\Windows\System32\shlwapi.dll
0x00007ff8b3a90000 - 0x00007ff8b3aaf000 	C:\Windows\SYSTEM32\profapi.dll
0x00007ff8a58c0000 - 0x00007ff8a58cc000 	C:\Users\BUYPC\Desktop\sts-4.16.0.RELEASE\plugins\org.eclipse.justj.openjdk.hotspot.jre.full.win32.x86_64_17.0.4.v20220903-1038\jre\bin\dt_socket.dll
0x00007ff8b2ee0000 - 0x00007ff8b2f1b000 	C:\Windows\SYSTEM32\IPHLPAPI.DLL
0x00007ff8b31d0000 - 0x00007ff8b323a000 	C:\Windows\system32\mswsock.dll
0x00007ff8b2f30000 - 0x00007ff8b2ffa000 	C:\Windows\SYSTEM32\DNSAPI.dll
0x00007ff8b5940000 - 0x00007ff8b5948000 	C:\Windows\System32\NSI.dll
0x00007ff8a50a0000 - 0x00007ff8a50aa000 	C:\Windows\System32\rasadhlp.dll
0x00007ff8a5750000 - 0x00007ff8a57d0000 	C:\Windows\System32\fwpuclnt.dll
0x00007ff8b42c0000 - 0x00007ff8b42e7000 	C:\Windows\System32\bcrypt.dll
0x00007ff89c2d0000 - 0x00007ff89c2e9000 	C:\Users\BUYPC\Desktop\sts-4.16.0.RELEASE\plugins\org.eclipse.justj.openjdk.hotspot.jre.full.win32.x86_64_17.0.4.v20220903-1038\jre\bin\net.dll
0x00007ff8a5910000 - 0x00007ff8a5a1c000 	C:\Windows\SYSTEM32\WINHTTP.dll
0x00007ff89bf50000 - 0x00007ff89bf65000 	C:\Users\BUYPC\Desktop\sts-4.16.0.RELEASE\plugins\org.eclipse.justj.openjdk.hotspot.jre.full.win32.x86_64_17.0.4.v20220903-1038\jre\bin\nio.dll
0x00007ff8a54f0000 - 0x00007ff8a5500000 	C:\Users\BUYPC\Desktop\sts-4.16.0.RELEASE\plugins\org.eclipse.justj.openjdk.hotspot.jre.full.win32.x86_64_17.0.4.v20220903-1038\jre\bin\verify.dll
0x00007ff8abd30000 - 0x00007ff8abd47000 	C:\Windows\SYSTEM32\dhcpcsvc6.DLL
0x00007ff8ac690000 - 0x00007ff8ac6ad000 	C:\Windows\SYSTEM32\dhcpcsvc.DLL
0x00007ff8b37e0000 - 0x00007ff8b37f8000 	C:\Windows\SYSTEM32\CRYPTSP.dll
0x00007ff8b2b10000 - 0x00007ff8b2b44000 	C:\Windows\system32\rsaenh.dll
0x00007ff8b3a50000 - 0x00007ff8b3a7e000 	C:\Windows\SYSTEM32\USERENV.dll
0x00007ff8b3360000 - 0x00007ff8b336c000 	C:\Windows\SYSTEM32\CRYPTBASE.dll
0x00007ff8ad040000 - 0x00007ff8ad049000 	C:\Users\BUYPC\Desktop\sts-4.16.0.RELEASE\plugins\org.eclipse.justj.openjdk.hotspot.jre.full.win32.x86_64_17.0.4.v20220903-1038\jre\bin\management.dll
0x00007ff8ad030000 - 0x00007ff8ad03b000 	C:\Users\BUYPC\Desktop\sts-4.16.0.RELEASE\plugins\org.eclipse.justj.openjdk.hotspot.jre.full.win32.x86_64_17.0.4.v20220903-1038\jre\bin\management_ext.dll
0x00007ff898fa0000 - 0x00007ff898fb7000 	C:\Windows\system32\napinsp.dll
0x00007ff898f00000 - 0x00007ff898f1b000 	C:\Windows\system32\pnrpnsp.dll
0x00007ff8ad7b0000 - 0x00007ff8ad7c5000 	C:\Windows\system32\wshbth.dll
0x00007ff8af0e0000 - 0x00007ff8af0fd000 	C:\Windows\system32\NLAapi.dll
0x00007ff898ee0000 - 0x00007ff898ef2000 	C:\Windows\System32\winrnr.dll

dbghelp: loaded successfully - version: 4.0.5 - missing functions: none
symbol engine: initialized successfully - sym options: 0x614 - pdb path: .;C:\Users\BUYPC\Desktop\sts-4.16.0.RELEASE\plugins\org.eclipse.justj.openjdk.hotspot.jre.full.win32.x86_64_17.0.4.v20220903-1038\jre\bin;C:\Windows\SYSTEM32;C:\Program Files\Avast Software\Avast;C:\Windows\WinSxS\amd64_microsoft.windows.common-controls_6595b64144ccf1df_6.0.19041.1110_none_60b5254171f9507e;C:\Users\BUYPC\Desktop\sts-4.16.0.RELEASE\plugins\org.eclipse.justj.openjdk.hotspot.jre.full.win32.x86_64_17.0.4.v20220903-1038\jre\bin\server

VM Arguments:
jvm_args: -XX:+ShowCodeDetailsInExceptionMessages -agentlib:jdwp=transport=dt_socket,suspend=y,address=localhost:53325 -ea -javaagent:C:\Users\BUYPC\Desktop\sts-4.16.0.RELEASE\configuration\org.eclipse.osgi\268\0\.cp\lib\javaagent-shaded.jar -Dfile.encoding=UTF-8 
java_command: org.eclipse.jdt.internal.junit.runner.RemoteTestRunner -version 3 -port 53309 -testLoaderClass org.eclipse.jdt.internal.junit5.runner.JUnit5TestLoader -loaderpluginname org.eclipse.jdt.junit5.runtime -packageNameFile C:\Users\BUYPC\AppData\Local\Temp\packageNames7500474162315334639.txt
java_class_path (initial): C:\Users\BUYPC\Desktop\yuzee-backend-institute-api\target\test-classes;C:\Users\BUYPC\Desktop\yuzee-backend-institute-api\target\classes;C:\Users\BUYPC\.m2\repository\org\apache\commons\commons-lang3\3.11\commons-lang3-3.11.jar;C:\Users\BUYPC\.m2\repository\org\projectlombok\lombok\1.18.20\lombok-1.18.20.jar;C:\Users\BUYPC\.m2\repository\junit\junit\4.12\junit-4.12.jar;C:\Users\BUYPC\.m2\repository\org\hamcrest\hamcrest-core\2.2\hamcrest-core-2.2.jar;C:\Users\BUYPC\.m2\repository\org\springframework\boot\spring-boot-starter-web\2.4.5\spring-boot-starter-web-2.4.5.jar;C:\Users\BUYPC\.m2\repository\org\springframework\boot\spring-boot-starter\2.4.5\spring-boot-starter-2.4.5.jar;C:\Users\BUYPC\.m2\repository\org\springframework\boot\spring-boot-starter-logging\2.4.5\spring-boot-starter-logging-2.4.5.jar;C:\Users\BUYPC\.m2\repository\ch\qos\logback\logback-classic\1.2.3\logback-classic-1.2.3.jar;C:\Users\BUYPC\.m2\repository\ch\qos\logback\logback-core\1.2.3\logback-core-1.2.3.jar;C:\Users\BUYPC\.m2\repository\org\apache\logging\log4j\log4j-to-slf4j\2.13.3\log4j-to-slf4j-2.13.3.jar;C:\Users\BUYPC\.m2\repository\org\apache\logging\log4j\log4j-api\2.13.3\log4j-api-2.13.3.jar;C:\Users\BUYPC\.m2\repository\org\slf4j\jul-to-slf4j\1.7.30\jul-to-slf4j-1.7.30.jar;C:\Users\BUYPC\.m2\repository\org\yaml\snakeyaml\1.27\snakeyaml-1.27.jar;C:\Users\BUYPC\.m2\repository\org\springframework\boot\spring-boot-starter-json\2.4.5\spring-boot-starter-json-2.4.5.jar;C:\Users\BUYPC\.m2\repository\com\fasterxml\jackson\datatype\jackson-datatype-jdk8\2.11.4\jackson-datatype-jdk8-2.11.4.jar;C:\Users\BUYPC\.m2\repository\com\fasterxml\jackson\datatype\jackson-datatype-jsr310\2.11.4\jackson-datatype-jsr310-2.11.4.jar;C:\Users\BUYPC\.m2\repository\com\fasterxml\jackson\module\jackson-module-parameter-names\2.11.4\jackson-module-parameter-names-2.11.4.jar;C:\Users\BUYPC\.m2\repository\org\springframework\spring-web\5.3.6\spring-web-5.3.6.jar;C:\Users\BUYPC\.m2\repositor
Launcher Type: SUN_STANDARD

[Global flags]
     intx CICompilerCount                          = 3                                         {product} {ergonomic}
     uint ConcGCThreads                            = 1                                         {product} {ergonomic}
     uint G1ConcRefinementThreads                  = 4                                         {product} {ergonomic}
   size_t G1HeapRegionSize                         = 1048576                                   {product} {ergonomic}
    uintx GCDrainStackTargetSize                   = 64                                        {product} {ergonomic}
   size_t InitialHeapSize                          = 134217728                                 {product} {ergonomic}
   size_t MarkStackSize                            = 4194304                                   {product} {ergonomic}
   size_t MaxHeapSize                              = 2118123520                                {product} {ergonomic}
   size_t MaxNewSize                               = 1270874112                                {product} {ergonomic}
   size_t MinHeapDeltaBytes                        = 1048576                                   {product} {ergonomic}
   size_t MinHeapSize                              = 8388608                                   {product} {ergonomic}
    uintx NonNMethodCodeHeapSize                   = 5832780                                {pd product} {ergonomic}
    uintx NonProfiledCodeHeapSize                  = 122912730                              {pd product} {ergonomic}
    uintx ProfiledCodeHeapSize                     = 122912730                              {pd product} {ergonomic}
    uintx ReservedCodeCacheSize                    = 251658240                              {pd product} {ergonomic}
     bool SegmentedCodeCache                       = true                                      {product} {ergonomic}
     bool ShowCodeDetailsInExceptionMessages       = true                                   {manageable} {command line}
   size_t SoftMaxHeapSize                          = 2118123520                             {manageable} {ergonomic}
     bool UseCompressedClassPointers               = true                           {product lp64_product} {ergonomic}
     bool UseCompressedOops                        = true                           {product lp64_product} {ergonomic}
     bool UseG1GC                                  = true                                      {product} {ergonomic}
     bool UseLargePagesIndividualAllocation        = false                                  {pd product} {ergonomic}

Logging:
Log output configuration:
 #0: stdout all=warning uptime,level,tags
 #1: stderr all=off uptime,level,tags

Environment Variables:
JAVA_HOME=C:\Program Files\Java\jdk-17.0.2
PATH=C:\Users\BUYPC\Desktop\sts-4.16.0.RELEASE\plugins\org.eclipse.justj.openjdk.hotspot.jre.full.win32.x86_64_17.0.4.v20220903-1038\jre\bin;C:/Users/BUYPC/Desktop/sts-4.16.0.RELEASE//plugins/org.eclipse.justj.openjdk.hotspot.jre.full.win32.x86_64_17.0.4.v20220903-1038/jre/bin/server;C:/Users/BUYPC/Desktop/sts-4.16.0.RELEASE//plugins/org.eclipse.justj.openjdk.hotspot.jre.full.win32.x86_64_17.0.4.v20220903-1038/jre/bin;C:\Program Files\Common Files\Oracle\Java\javapath;C:\Program Files\Java\jdk-16.0.2\bin;C:\Windows\system32;C:\Windows;C:\Windows\System32\Wbem;C:\Windows\System32\WindowsPowerShell\v1.0\;C:\Windows\System32\OpenSSH\;C:\Users\BUYPC\Desktop\apache-maven-3.8.4-bin\apache-maven-3.8.4\bin;C:\Program Files\Git\cmd;C:\Program Files\nodejs\;C:\ProgramData\Microsoft\Windows\Start Menu\Programs\MySQL\MySQL Server 8.0;C:\Users\BUYPC\Downloads\sonarqube-8.9.9.56886\sonarqube-8.9.9.56886\bin;;C:\Program Files\Docker\Docker\resources\bin;C:\Program Files\MySQL\MySQL Shell 8.0\bin\;C:\Users\BUYPC\AppData\Local\Microsoft\WindowsApps;C:\Users\BUYPC\AppData\Roaming\npm;C:\Users\BUYPC\AppData\Local\Programs\Microsoft VS Code\bin;C:\Users\BUYPC\Desktop\;C:\Users\BUYPC\Desktop\sts-4.16.0.RELEASE;
USERNAME=BUYPC
OS=Windows_NT
PROCESSOR_IDENTIFIER=Intel64 Family 6 Model 42 Stepping 7, GenuineIntel
TMP=C:\Users\BUYPC\AppData\Local\Temp
TEMP=C:\Users\BUYPC\AppData\Local\Temp



---------------  S Y S T E M  ---------------

OS:
 Windows 10 , 64 bit Build 19041 (10.0.19041.2251)
OS uptime: 3 days 15:07 hours
Hyper-V role detected

CPU: total 4 (initial active 4) (2 cores per cpu, 2 threads per core) family 6 model 42 stepping 7 microcode 0x2f, cx8, cmov, fxsr, ht, mmx, sse, sse2, sse3, ssse3, sse4.1, sse4.2, popcnt, tsc, tscinvbit, avx, aes, clmul, vzeroupper, clflush, hv

Memory: 4k page, system-wide physical 8073M (527M free)
TotalPageFile size 14661M (AvailPageFile size 3143M)
current process WorkingSet (physical memory assigned to process): 444M, peak: 449M
current process commit charge ("private bytes"): 482M, peak: 487M

vm_info: OpenJDK 64-Bit Server VM (17.0.4.1+1) for windows-amd64 JRE (17.0.4.1+1), built on Aug 17 2022 07:42:43 by "temurin" with MS VC++ 16.7 (VS2019)

END.
