#
# A fatal error has been detected by the Java Runtime Environment:
#
#  EXCEPTION_ACCESS_VIOLATION (0xc0000005) at pc=0x00007ffa97a926b1, pid=9900, tid=13008
#
# JRE version: OpenJDK Runtime Environment Temurin-17.0.4.1+1 (17.0.4.1+1) (build 17.0.4.1+1)
# Java VM: OpenJDK 64-Bit Server VM Temurin-17.0.4.1+1 (17.0.4.1+1, mixed mode, tiered, compressed oops, compressed class ptrs, g1 gc, windows-amd64)
# Problematic frame:
# V  [jvm.dll+0x2d26b1]
#
# No core dump will be written. Minidumps are not enabled by default on client versions of Windows
#
# If you would like to submit a bug report, please visit:
#   https://github.com/adoptium/adoptium-support/issues
#

---------------  S U M M A R Y ------------

Command Line: -XX:+ShowCodeDetailsInExceptionMessages -agentlib:jdwp=transport=dt_socket,suspend=y,address=localhost:64909 -ea -javaagent:C:\Users\BUYPC\Desktop\sts-4.16.0.RELEASE\configuration\org.eclipse.osgi\268\0\.cp\lib\javaagent-shaded.jar -Dfile.encoding=UTF-8 org.eclipse.jdt.internal.junit.runner.RemoteTestRunner -version 3 -port 64908 -testLoaderClass org.eclipse.jdt.internal.junit5.runner.JUnit5TestLoader -loaderpluginname org.eclipse.jdt.junit5.runtime -packageNameFile C:\Users\BUYPC\AppData\Local\Temp\packageNames758533605150618105.txt

Host: Intel(R) Core(TM) i7-2640M CPU @ 2.80GHz, 4 cores, 7G,  Windows 10 , 64 bit Build 19041 (10.0.19041.2251)
Time: Fri Dec  2 04:23:31 2022 Pacific Standard Time elapsed time: 69.896077 seconds (0d 0h 1m 9s)

---------------  T H R E A D  ---------------

Current thread (0x000001fbedbfe2a0):  GCTaskThread "GC Thread#1" [stack: 0x0000000efd800000,0x0000000efd900000] [id=13008]

Stack: [0x0000000efd800000,0x0000000efd900000],  sp=0x0000000efd8ff350,  free space=1020k
Native frames: (J=compiled Java code, j=interpreted, Vv=VM code, C=native code)
V  [jvm.dll+0x2d26b1]
V  [jvm.dll+0x2d2a3a]
V  [jvm.dll+0x2d8806]
V  [jvm.dll+0x3116e4]
V  [jvm.dll+0x3126f7]
V  [jvm.dll+0x3146ae]
V  [jvm.dll+0x312d4d]
V  [jvm.dll+0x31426a]
V  [jvm.dll+0x2debc3]
V  [jvm.dll+0x2e05eb]
V  [jvm.dll+0x85f6bb]
V  [jvm.dll+0x85f706]
V  [jvm.dll+0x7e240a]
V  [jvm.dll+0x6761a5]
C  [ucrtbase.dll+0x21bb2]
C  [KERNEL32.DLL+0x174b4]
C  [ntdll.dll+0x526a1]


siginfo: EXCEPTION_ACCESS_VIOLATION (0xc0000005), reading address 0x0000000000000100


Register to memory mapping:

RIP=0x00007ffa97a926b1 jvm.dll
RAX=0x0 is NULL
RBX=
[error occurred during error reporting (printing register info), id 0xc0000005, EXCEPTION_ACCESS_VIOLATION (0xc0000005) at pc=0x00007ffa97a926b1]

Registers:
RAX=0x0000000000000000, RBX=0x00000000890513d0, RCX=0x0000000100040fc0, RDX=0x00000000890513d0
RSP=0x0000000efd8ff350, RBP=0x0000000089054600, RSI=0x000001fbecc860d0, RDI=0x00000000890513d0
R8 =0x0000000100040fc0, R9 =0x00000000890513d0, R10=0x0000000000000000, R11=0x000001fbe622a2a3
R12=0x0000000089054800, R13=0x000001fbd3756d50, R14=0x0000000000000001, R15=0x0000000efd8ff4c0
RIP=0x00007ffa97a926b1, EFLAGS=0x0000000000010246

Top of Stack: (sp=0x0000000efd8ff350)
0x0000000efd8ff350:   0000000000000008 0000000efd8ff4c0
0x0000000efd8ff360:   000001fbd3756d50 0000000089054800
0x0000000efd8ff370:   00000000890511e8 00007ffa97a92a3a
0x0000000efd8ff380:   00000000836907b8 0000000efd8ff3d0
0x0000000efd8ff390:   0000000000000001 000001fbf63a81f0
0x0000000efd8ff3a0:   0000000089051208 00000000882d9051
0x0000000efd8ff3b0:   000001fbecc860d0 0000000089054600
0x0000000efd8ff3c0:   000001fbecc860b0 00007ffa97a98806
0x0000000efd8ff3d0:   0000000089051400 000000008902b580
0x0000000efd8ff3e0:   000000000003a28a 0000000000000000
0x0000000efd8ff3f0:   0000000000000040 00007ffa97ad16e4
0x0000000efd8ff400:   000001fbecc860b0 000001fbd376a7b0
0x0000000efd8ff410:   000001fbecc860b0 0000000000000640
0x0000000efd8ff420:   0000000efd8ff670 0000000089008000
0x0000000efd8ff430:   000001fbf63a81f0 00007ffa97ac4088
0x0000000efd8ff440:   000001fbd15702e0 0000000efd8ff670 

Instructions: (pc=0x00007ffa97a926b1)
0x00007ffa97a925b1:   90 00 00 00 49 8b c1 48 2b 42 08 8b 4a 18 48 8b
0x00007ffa97a925c1:   52 20 48 c1 e8 03 48 d3 e8 4c 8b c0 24 3f 49 c1
0x00007ffa97a925d1:   e8 06 0f b6 c8 4a 8b 04 c2 48 0f a3 c8 72 10 41
0x00007ffa97a925e1:   8b 82 94 00 00 00 83 f8 29 74 04 32 c0 eb 1d b0
0x00007ffa97a925f1:   01 eb 19 48 8b 41 10 4c 3b c8 0f 92 c0 eb 0d 48
0x00007ffa97a92601:   8b 81 98 00 00 00 4c 3b 08 0f 94 c0 84 c0 0f 84
0x00007ffa97a92611:   ac 00 00 00 0f b6 05 43 6d 89 00 84 c0 74 16 45
0x00007ffa97a92621:   8b 41 08 8b 0d ce ac 82 00 49 d3 e0 4c 03 05 bc
0x00007ffa97a92631:   ac 82 00 eb 04 4d 8b 41 08 45 8b 50 08 45 85 d2
0x00007ffa97a92641:   7e 12 41 f6 c2 01 75 5f 41 c1 fa 03 49 63 c2 48
0x00007ffa97a92651:   83 c4 28 c3 79 51 84 c0 ba 0c 00 00 00 8b 05 d0
0x00007ffa97a92661:   bb 82 00 b9 10 00 00 00 0f 45 ca ff c8 4c 63 c0
0x00007ffa97a92671:   41 8b c2 48 c1 f8 10 4a 63 14 09 41 8b ca 83 e1
0x00007ffa97a92681:   3f 48 d3 e2 0f b6 c8 49 8d 04 10 49 f7 d0 48 03
0x00007ffa97a92691:   c8 4d 8b d0 49 c1 ea 03 48 c1 e9 03 44 23 d1 49
0x00007ffa97a926a1:   63 c2 48 83 c4 28 c3 49 8b 00 49 8b d1 49 8b c8
0x00007ffa97a926b1:   ff 90 00 01 00 00 44 8b d0 48 98 48 83 c4 28 c3
0x00007ffa97a926c1:   48 8b 05 a0 d2 8c 00 4d 8b 9a b8 00 00 00 48 89
0x00007ffa97a926d1:   5c 24 30 48 89 74 24 38 48 8b 88 c8 04 00 00 b8
0x00007ffa97a926e1:   08 00 00 00 48 89 7c 24 20 48 8b 99 90 00 00 00
0x00007ffa97a926f1:   8b 7b 18 8b cf 48 8b 73 08 d3 e0 4c 2b de ff c8
0x00007ffa97a92701:   49 c1 eb 03 48 63 c8 4a 8d 14 09 48 f7 d1 48 23
0x00007ffa97a92711:   d1 8b cf 48 2b d6 49 d3 eb 48 c1 ea 03 48 d3 ea
0x00007ffa97a92721:   49 3b d3 73 73 48 8b 5b 20 4c 8b c2 49 c1 e8 06
0x00007ffa97a92731:   0f b6 ca 80 e1 3f 4e 8b 14 c3 49 d3 ea 41 f6 c2
0x00007ffa97a92741:   01 75 58 4d 85 d2 74 11 49 0f bc ca 48 03 ca 48
0x00007ffa97a92751:   8b d1 49 3b cb 73 41 eb 42 49 8d 53 3f 49 ff c0
0x00007ffa97a92761:   48 c1 ea 06 4c 3b c2 73 2f 4a 8d 04 c3 66 90 48
0x00007ffa97a92771:   8b 08 48 85 c9 75 0e 49 ff c0 48 83 c0 08 4c 3b
0x00007ffa97a92781:   c2 72 ec eb 13 48 0f bc c1 49 8b d0 48 c1 e2 06
0x00007ffa97a92791:   48 03 d0 49 3b d3 72 03 49 8b d3 48 8b 5c 24 30
0x00007ffa97a927a1:   8b cf 48 8b 7c 24 20 48 d3 e2 48 c1 e2 03 49 2b 


Stack slot to memory mapping:
stack at sp + 0 slots: 0x0000000000000008 is an unknown value
stack at sp + 1 slots: 0x0000000efd8ff4c0 points into unknown readable memory: 0x00007ffa98118238 | 38 82 11 98 fa 7f 00 00
stack at sp + 2 slots: 0x000001fbd3756d50 points into unknown readable memory: 0x00000000000007e4 | e4 07 00 00 00 00 00 00
stack at sp + 3 slots: 
[error occurred during error reporting (inspecting top of stack), id 0xc0000005, EXCEPTION_ACCESS_VIOLATION (0xc0000005) at pc=0x00007ffa97a926b1]


---------------  P R O C E S S  ---------------

Threads class SMR info:
_java_thread_list=0x000001fbf9548e10, length=53, elements={
0x000001fbd3757ad0, 0x000001fbed813260, 0x000001fbed814550, 0x000001fbed8304c0,
0x000001fbed833aa0, 0x000001fbed834060, 0x000001fbed834620, 0x000001fbed83a3e0,
0x000001fbece5e9f0, 0x000001fbed8abc70, 0x000001fbecdce110, 0x000001fbedbd86d0,
0x000001fbedb6d890, 0x000001fbedb6e110, 0x000001fbef338d20, 0x000001fbee90fe50,
0x000001fbf1935e00, 0x000001fbf1937610, 0x000001fbf60f9bc0, 0x000001fbf60f8880,
0x000001fbf60f8d50, 0x000001fbf60fa090, 0x000001fbf60f9220, 0x000001fbf60f96f0,
0x000001fbf60f7ee0, 0x000001fbf60fb8a0, 0x000001fbf60faf00, 0x000001fbf43b5f30,
0x000001fbf43b8f50, 0x000001fbf43b9420, 0x000001fbf43b7740, 0x000001fbf43b98f0,
0x000001fbf43ba290, 0x000001fbf43bb5d0, 0x000001fbf43bb100, 0x000001fbf43b3d80,
0x000001fbf43b4250, 0x000001fbf43b6da0, 0x000001fbf43b7c10, 0x000001fbf43b80e0,
0x000001fbf1937ae0, 0x000001fbf1934f90, 0x000001fbeeac47c0, 0x000001fbeeac3950,
0x000001fbeeac8650, 0x000001fbeeac2fb0, 0x000001fbeeac1c70, 0x000001fbeeac4c90,
0x000001fbeeac17a0, 0x000001fbeeac3e20, 0x000001fbeeac64a0, 0x000001fbeeac2140,
0x000001fbf9cff7a0
}

Java Threads: ( => current thread )
  0x000001fbd3757ad0 JavaThread "main" [_thread_blocked, id=9800, stack(0x0000000efc300000,0x0000000efc400000)]
  0x000001fbed813260 JavaThread "Reference Handler" daemon [_thread_blocked, id=11036, stack(0x0000000efcb00000,0x0000000efcc00000)]
  0x000001fbed814550 JavaThread "Finalizer" daemon [_thread_blocked, id=11144, stack(0x0000000efcc00000,0x0000000efcd00000)]
  0x000001fbed8304c0 JavaThread "Signal Dispatcher" daemon [_thread_blocked, id=9000, stack(0x0000000efcd00000,0x0000000efce00000)]
  0x000001fbed833aa0 JavaThread "Attach Listener" daemon [_thread_blocked, id=8640, stack(0x0000000efce00000,0x0000000efcf00000)]
  0x000001fbed834060 JavaThread "Service Thread" daemon [_thread_blocked, id=2172, stack(0x0000000efcf00000,0x0000000efd000000)]
  0x000001fbed834620 JavaThread "Monitor Deflation Thread" daemon [_thread_blocked, id=11908, stack(0x0000000efd000000,0x0000000efd100000)]
  0x000001fbed83a3e0 JavaThread "C2 CompilerThread0" daemon [_thread_blocked, id=6192, stack(0x0000000efd100000,0x0000000efd200000)]
  0x000001fbece5e9f0 JavaThread "C1 CompilerThread0" daemon [_thread_blocked, id=6440, stack(0x0000000efd200000,0x0000000efd300000)]
  0x000001fbed8abc70 JavaThread "Sweeper thread" daemon [_thread_blocked, id=12776, stack(0x0000000efd300000,0x0000000efd400000)]
  0x000001fbecdce110 JavaThread "Common-Cleaner" daemon [_thread_blocked, id=3276, stack(0x0000000efd400000,0x0000000efd500000)]
  0x000001fbedbd86d0 JavaThread "JDWP Transport Listener: dt_socket" daemon [_thread_blocked, id=10796, stack(0x0000000efd500000,0x0000000efd600000)]
  0x000001fbedb6d890 JavaThread "JDWP Event Helper Thread" daemon [_thread_blocked, id=12684, stack(0x0000000efd600000,0x0000000efd700000)]
  0x000001fbedb6e110 JavaThread "JDWP Command Reader" daemon [_thread_in_native, id=6328, stack(0x0000000efd700000,0x0000000efd800000)]
  0x000001fbef338d20 JavaThread "Notification Thread" daemon [_thread_blocked, id=12200, stack(0x0000000efdc00000,0x0000000efdd00000)]
  0x000001fbee90fe50 JavaThread "ReaderThread" [_thread_in_native, id=13208, stack(0x0000000efde00000,0x0000000efdf00000)]
  0x000001fbf1935e00 JavaThread "Catalina-utility-1" [_thread_blocked, id=10020, stack(0x0000000efdf00000,0x0000000efe000000)]
  0x000001fbf1937610 JavaThread "Catalina-utility-2" [_thread_blocked, id=1196, stack(0x0000000efe000000,0x0000000efe100000)]
  0x000001fbf60f9bc0 JavaThread "container-0" [_thread_blocked, id=3900, stack(0x0000000efe100000,0x0000000efe200000)]
  0x000001fbf60f8880 JavaThread "Thread-5" daemon [_thread_in_native, id=11728, stack(0x0000000efe200000,0x0000000efe300000)]
  0x000001fbf60f8d50 JavaThread "cluster-ClusterId{value='6389ee145dc42150964edc87', description='null'}-srv-notification.18kxt.mongodb.net" daemon [_thread_blocked, id=12564, stack(0x0000000efe300000,0x0000000efe400000)]
  0x000001fbf60fa090 JavaThread "cluster-ClusterId{value='6389ee145dc42150964edc87', description='null'}-notification-shard-00-02.18kxt.mongodb.net:27017" daemon [_thread_in_native, id=1020, stack(0x0000000efe400000,0x0000000efe500000)]
  0x000001fbf60f9220 JavaThread "cluster-rtt-ClusterId{value='6389ee145dc42150964edc87', description='null'}-notification-shard-00-02.18kxt.mongodb.net:27017" daemon [_thread_blocked, id=9820, stack(0x0000000efe500000,0x0000000efe600000)]
  0x000001fbf60f96f0 JavaThread "cluster-ClusterId{value='6389ee145dc42150964edc87', description='null'}-notification-shard-00-00.18kxt.mongodb.net:27017" daemon [_thread_in_native, id=3840, stack(0x0000000efe600000,0x0000000efe700000)]
  0x000001fbf60f7ee0 JavaThread "cluster-rtt-ClusterId{value='6389ee145dc42150964edc87', description='null'}-notification-shard-00-00.18kxt.mongodb.net:27017" daemon [_thread_blocked, id=11404, stack(0x0000000efe700000,0x0000000efe800000)]
  0x000001fbf60fb8a0 JavaThread "cluster-ClusterId{value='6389ee145dc42150964edc87', description='null'}-notification-shard-00-01.18kxt.mongodb.net:27017" daemon [_thread_in_native, id=12260, stack(0x0000000efe800000,0x0000000efe900000)]
  0x000001fbf60faf00 JavaThread "cluster-rtt-ClusterId{value='6389ee145dc42150964edc87', description='null'}-notification-shard-00-01.18kxt.mongodb.net:27017" daemon [_thread_blocked, id=12472, stack(0x0000000efe900000,0x0000000efea00000)]
  0x000001fbf43b5f30 JavaThread "spring.cloud.inetutils" daemon [_thread_blocked, id=11280, stack(0x0000000efed00000,0x0000000efee00000)]
  0x000001fbf43b8f50 JavaThread "http-nio-0.0.0.0-auto-1-BlockPoller" daemon [_thread_blocked, id=9476, stack(0x0000000efee00000,0x0000000efef00000)]
  0x000001fbf43b9420 JavaThread "http-nio-0.0.0.0-auto-1-exec-1" daemon [_thread_blocked, id=10412, stack(0x0000000efef00000,0x0000000eff000000)]
  0x000001fbf43b7740 JavaThread "http-nio-0.0.0.0-auto-1-exec-2" daemon [_thread_blocked, id=8928, stack(0x0000000eff000000,0x0000000eff100000)]
  0x000001fbf43b98f0 JavaThread "http-nio-0.0.0.0-auto-1-exec-3" daemon [_thread_blocked, id=12556, stack(0x0000000eff100000,0x0000000eff200000)]
  0x000001fbf43ba290 JavaThread "http-nio-0.0.0.0-auto-1-exec-4" daemon [_thread_blocked, id=12064, stack(0x0000000eff200000,0x0000000eff300000)]
  0x000001fbf43bb5d0 JavaThread "http-nio-0.0.0.0-auto-1-exec-5" daemon [_thread_blocked, id=11956, stack(0x0000000eff300000,0x0000000eff400000)]
  0x000001fbf43bb100 JavaThread "http-nio-0.0.0.0-auto-1-exec-6" daemon [_thread_blocked, id=7520, stack(0x0000000eff400000,0x0000000eff500000)]
  0x000001fbf43b3d80 JavaThread "http-nio-0.0.0.0-auto-1-exec-7" daemon [_thread_blocked, id=10432, stack(0x0000000eff500000,0x0000000eff600000)]
  0x000001fbf43b4250 JavaThread "http-nio-0.0.0.0-auto-1-exec-8" daemon [_thread_blocked, id=4816, stack(0x0000000eff600000,0x0000000eff700000)]
  0x000001fbf43b6da0 JavaThread "http-nio-0.0.0.0-auto-1-exec-9" daemon [_thread_blocked, id=11288, stack(0x0000000eff700000,0x0000000eff800000)]
  0x000001fbf43b7c10 JavaThread "http-nio-0.0.0.0-auto-1-exec-10" daemon [_thread_blocked, id=10116, stack(0x0000000eff800000,0x0000000eff900000)]
  0x000001fbf43b80e0 JavaThread "http-nio-0.0.0.0-auto-1-ClientPoller" daemon [_thread_blocked, id=13300, stack(0x0000000eff900000,0x0000000effa00000)]
  0x000001fbf1937ae0 JavaThread "http-nio-0.0.0.0-auto-1-Acceptor" daemon [_thread_in_native, id=11316, stack(0x0000000effa00000,0x0000000effb00000)]
  0x000001fbf1934f90 JavaThread "scheduling-1" [_thread_blocked, id=11988, stack(0x0000000effb00000,0x0000000effc00000)]
  0x000001fbeeac47c0 JavaThread "Catalina-utility-1" [_thread_blocked, id=12760, stack(0x0000000efc200000,0x0000000efc300000)]
  0x000001fbeeac3950 JavaThread "Catalina-utility-2" [_thread_blocked, id=2204, stack(0x0000000efc400000,0x0000000efc500000)]
  0x000001fbeeac8650 JavaThread "container-1" [_thread_blocked, id=11720, stack(0x0000000efdb00000,0x0000000efdc00000)]
  0x000001fbeeac2fb0 JavaThread "cluster-ClusterId{value='6389ee415dc42150964edc88', description='null'}-srv-notification.18kxt.mongodb.net" daemon [_thread_blocked, id=9888, stack(0x0000000effc00000,0x0000000effd00000)]
  0x000001fbeeac1c70 JavaThread "cluster-ClusterId{value='6389ee415dc42150964edc88', description='null'}-notification-shard-00-02.18kxt.mongodb.net:27017" daemon [_thread_in_native, id=8620, stack(0x0000000effd00000,0x0000000effe00000)]
  0x000001fbeeac4c90 JavaThread "cluster-rtt-ClusterId{value='6389ee415dc42150964edc88', description='null'}-notification-shard-00-02.18kxt.mongodb.net:27017" daemon [_thread_blocked, id=3308, stack(0x0000000effe00000,0x0000000efff00000)]
  0x000001fbeeac17a0 JavaThread "cluster-ClusterId{value='6389ee415dc42150964edc88', description='null'}-notification-shard-00-00.18kxt.mongodb.net:27017" daemon [_thread_in_native, id=12060, stack(0x0000000efff00000,0x0000000f00000000)]
  0x000001fbeeac3e20 JavaThread "cluster-rtt-ClusterId{value='6389ee415dc42150964edc88', description='null'}-notification-shard-00-00.18kxt.mongodb.net:27017" daemon [_thread_blocked, id=732, stack(0x0000000e80000000,0x0000000e80100000)]
  0x000001fbeeac64a0 JavaThread "cluster-ClusterId{value='6389ee415dc42150964edc88', description='null'}-notification-shard-00-01.18kxt.mongodb.net:27017" daemon [_thread_in_native, id=4748, stack(0x0000000e80100000,0x0000000e80200000)]
  0x000001fbeeac2140 JavaThread "cluster-rtt-ClusterId{value='6389ee415dc42150964edc88', description='null'}-notification-shard-00-01.18kxt.mongodb.net:27017" daemon [_thread_blocked, id=5488, stack(0x0000000e80200000,0x0000000e80300000)]
  0x000001fbf9cff7a0 JavaThread "C2 CompilerThread1" daemon [_thread_blocked, id=13004, stack(0x0000000e80300000,0x0000000e80400000)]

Other Threads:
  0x000001fbecdebb10 VMThread "VM Thread" [stack: 0x0000000efca00000,0x0000000efcb00000] [id=5928]
  0x000001fbeed2c120 WatcherThread [stack: 0x0000000efdd00000,0x0000000efde00000] [id=9116]
  0x000001fbd16fe820 GCTaskThread "GC Thread#0" [stack: 0x0000000efc500000,0x0000000efc600000] [id=1116]
=>0x000001fbedbfe2a0 GCTaskThread "GC Thread#1" [stack: 0x0000000efd800000,0x0000000efd900000] [id=13008]
  0x000001fbedbfe550 GCTaskThread "GC Thread#2" [stack: 0x0000000efd900000,0x0000000efda00000] [id=7624]
  0x000001fbee182770 GCTaskThread "GC Thread#3" [stack: 0x0000000efda00000,0x0000000efdb00000] [id=12696]
  0x000001fbd37bee40 ConcurrentGCThread "G1 Main Marker" [stack: 0x0000000efc600000,0x0000000efc700000] [id=6108]
  0x000001fbd37bf760 ConcurrentGCThread "G1 Conc#0" [stack: 0x0000000efc700000,0x0000000efc800000] [id=9816]
  0x000001fbd37fecf0 ConcurrentGCThread "G1 Refine#0" [stack: 0x0000000efc800000,0x0000000efc900000] [id=3096]
  0x000001fbecc9a850 ConcurrentGCThread "G1 Service" [stack: 0x0000000efc900000,0x0000000efca00000] [id=4480]

Threads with active compile tasks:
C2 CompilerThread0    70034 14334       4       java.beans.PropertyDescriptor::setWriteMethod0 (49 bytes)
C2 CompilerThread1    70034 14423       4       org.springframework.transaction.annotation.AnnotationTransactionAttributeSource::determineTransactionAttribute (51 bytes)

VM state: at safepoint (normal execution)

VM Mutex/Monitor currently owned by a thread:  ([mutex/lock_event])
[0x000001fbd3744f50] Threads_lock - owner thread: 0x000001fbecdebb10
[0x000001fbd3746b70] Heap_lock - owner thread: 0x000001fbd3757ad0

Heap address: 0x0000000081c00000, size: 2020 MB, Compressed Oops mode: 32-bit

CDS archive(s) not mapped
Compressed class space mapped at: 0x0000000100000000-0x0000000140000000, reserved size: 1073741824
Narrow klass base: 0x0000000000000000, Narrow klass shift: 3, Narrow klass range: 0x140000000

GC Precious Log:
 CPUs: 4 total, 4 available
 Memory: 8073M
 Large Page Support: Disabled
 NUMA Support: Disabled
 Compressed Oops: Enabled (32-bit)
 Heap Region Size: 1M
 Heap Min Capacity: 8M
 Heap Initial Capacity: 128M
 Heap Max Capacity: 2020M
 Pre-touch: Disabled
 Parallel Workers: 4
 Concurrent Workers: 1
 Concurrent Refinement Workers: 4
 Periodic GC: Disabled

Heap:
 garbage-first heap   total 166912K, used 143791K [0x0000000081c00000, 0x0000000100000000)
  region size 1024K, 24 young (24576K), 3 survivors (3072K)
 Metaspace       used 111484K, committed 112320K, reserved 1146880K
  class space    used 14376K, committed 14784K, reserved 1048576K

Heap Regions: E=young(eden), S=young(survivor), O=old, HS=humongous(starts), HC=humongous(continues), CS=collection set, F=free, OA=open archive, CA=closed archive, TAMS=top-at-mark-start (previous, next)
|   0|0x0000000081c00000, 0x0000000081d00000, 0x0000000081d00000|100%|HS|  |TAMS 0x0000000081d00000, 0x0000000081c00000| Complete 
|   1|0x0000000081d00000, 0x0000000081e00000, 0x0000000081e00000|100%| O|  |TAMS 0x0000000081e00000, 0x0000000081d00000| Untracked 
|   2|0x0000000081e00000, 0x0000000081f00000, 0x0000000081f00000|100%| O|  |TAMS 0x0000000081f00000, 0x0000000081e00000| Untracked 
|   3|0x0000000081f00000, 0x0000000082000000, 0x0000000082000000|100%| O|  |TAMS 0x0000000082000000, 0x0000000081f00000| Untracked 
|   4|0x0000000082000000, 0x0000000082100000, 0x0000000082100000|100%| O|  |TAMS 0x0000000082100000, 0x0000000082000000| Untracked 
|   5|0x0000000082100000, 0x0000000082200000, 0x0000000082200000|100%| O|  |TAMS 0x0000000082200000, 0x0000000082100000| Untracked 
|   6|0x0000000082200000, 0x0000000082300000, 0x0000000082300000|100%| O|  |TAMS 0x0000000082300000, 0x0000000082200000| Untracked 
|   7|0x0000000082300000, 0x0000000082400000, 0x0000000082400000|100%| O|  |TAMS 0x0000000082400000, 0x0000000082300000| Untracked 
|   8|0x0000000082400000, 0x0000000082500000, 0x0000000082500000|100%| O|  |TAMS 0x0000000082500000, 0x0000000082400000| Untracked 
|   9|0x0000000082500000, 0x0000000082600000, 0x0000000082600000|100%| O|  |TAMS 0x0000000082600000, 0x0000000082500000| Untracked 
|  10|0x0000000082600000, 0x0000000082700000, 0x0000000082700000|100%| O|  |TAMS 0x0000000082700000, 0x0000000082600000| Untracked 
|  11|0x0000000082700000, 0x0000000082800000, 0x0000000082800000|100%| O|  |TAMS 0x0000000082800000, 0x0000000082700000| Untracked 
|  12|0x0000000082800000, 0x0000000082900000, 0x0000000082900000|100%| O|  |TAMS 0x0000000082900000, 0x0000000082800000| Untracked 
|  13|0x0000000082900000, 0x0000000082a00000, 0x0000000082a00000|100%| O|  |TAMS 0x0000000082a00000, 0x0000000082900000| Untracked 
|  14|0x0000000082a00000, 0x0000000082b00000, 0x0000000082b00000|100%| O|  |TAMS 0x0000000082b00000, 0x0000000082a00000| Untracked 
|  15|0x0000000082b00000, 0x0000000082c00000, 0x0000000082c00000|100%| O|  |TAMS 0x0000000082c00000, 0x0000000082b00000| Untracked 
|  16|0x0000000082c00000, 0x0000000082d00000, 0x0000000082d00000|100%| O|  |TAMS 0x0000000082d00000, 0x0000000082c00000| Untracked 
|  17|0x0000000082d00000, 0x0000000082e00000, 0x0000000082e00000|100%| O|  |TAMS 0x0000000082e00000, 0x0000000082d00000| Untracked 
|  18|0x0000000082e00000, 0x0000000082f00000, 0x0000000082f00000|100%| O|  |TAMS 0x0000000082f00000, 0x0000000082e00000| Untracked 
|  19|0x0000000082f00000, 0x0000000083000000, 0x0000000083000000|100%| O|  |TAMS 0x0000000083000000, 0x0000000082f00000| Untracked 
|  20|0x0000000083000000, 0x0000000083100000, 0x0000000083100000|100%| O|  |TAMS 0x0000000083100000, 0x0000000083000000| Untracked 
|  21|0x0000000083100000, 0x0000000083200000, 0x0000000083200000|100%| O|  |TAMS 0x0000000083200000, 0x0000000083100000| Untracked 
|  22|0x0000000083200000, 0x0000000083300000, 0x0000000083300000|100%| O|  |TAMS 0x0000000083300000, 0x0000000083200000| Untracked 
|  23|0x0000000083300000, 0x0000000083400000, 0x0000000083400000|100%| O|  |TAMS 0x0000000083400000, 0x0000000083300000| Untracked 
|  24|0x0000000083400000, 0x0000000083500000, 0x0000000083500000|100%| O|  |TAMS 0x0000000083500000, 0x0000000083400000| Untracked 
|  25|0x0000000083500000, 0x0000000083600000, 0x0000000083600000|100%| O|  |TAMS 0x0000000083600000, 0x0000000083500000| Untracked 
|  26|0x0000000083600000, 0x0000000083700000, 0x0000000083700000|100%| O|  |TAMS 0x0000000083700000, 0x0000000083600000| Untracked 
|  27|0x0000000083700000, 0x0000000083800000, 0x0000000083800000|100%| O|  |TAMS 0x0000000083800000, 0x0000000083700000| Untracked 
|  28|0x0000000083800000, 0x0000000083900000, 0x0000000083900000|100%| O|  |TAMS 0x0000000083900000, 0x0000000083800000| Untracked 
|  29|0x0000000083900000, 0x0000000083a00000, 0x0000000083a00000|100%| O|  |TAMS 0x0000000083a00000, 0x0000000083900000| Untracked 
|  30|0x0000000083a00000, 0x0000000083b00000, 0x0000000083b00000|100%| O|  |TAMS 0x0000000083b00000, 0x0000000083a00000| Untracked 
|  31|0x0000000083b00000, 0x0000000083c00000, 0x0000000083c00000|100%| O|  |TAMS 0x0000000083c00000, 0x0000000083b00000| Untracked 
|  32|0x0000000083c00000, 0x0000000083d00000, 0x0000000083d00000|100%| O|  |TAMS 0x0000000083d00000, 0x0000000083c00000| Untracked 
|  33|0x0000000083d00000, 0x0000000083e00000, 0x0000000083e00000|100%| O|  |TAMS 0x0000000083e00000, 0x0000000083d00000| Untracked 
|  34|0x0000000083e00000, 0x0000000083f00000, 0x0000000083f00000|100%| O|  |TAMS 0x0000000083f00000, 0x0000000083e00000| Untracked 
|  35|0x0000000083f00000, 0x0000000084000000, 0x0000000084000000|100%| O|  |TAMS 0x0000000084000000, 0x0000000083f00000| Untracked 
|  36|0x0000000084000000, 0x0000000084100000, 0x0000000084100000|100%| O|  |TAMS 0x0000000084100000, 0x0000000084000000| Untracked 
|  37|0x0000000084100000, 0x0000000084200000, 0x0000000084200000|100%| O|  |TAMS 0x0000000084200000, 0x0000000084100000| Untracked 
|  38|0x0000000084200000, 0x0000000084300000, 0x0000000084300000|100%| O|  |TAMS 0x0000000084300000, 0x0000000084200000| Untracked 
|  39|0x0000000084300000, 0x0000000084400000, 0x0000000084400000|100%| O|  |TAMS 0x0000000084400000, 0x0000000084300000| Untracked 
|  40|0x0000000084400000, 0x0000000084500000, 0x0000000084500000|100%| O|  |TAMS 0x0000000084500000, 0x0000000084400000| Untracked 
|  41|0x0000000084500000, 0x0000000084600000, 0x0000000084600000|100%| O|  |TAMS 0x0000000084600000, 0x0000000084500000| Untracked 
|  42|0x0000000084600000, 0x0000000084700000, 0x0000000084700000|100%| O|  |TAMS 0x0000000084700000, 0x0000000084600000| Untracked 
|  43|0x0000000084700000, 0x0000000084800000, 0x0000000084800000|100%| O|  |TAMS 0x0000000084800000, 0x0000000084700000| Untracked 
|  44|0x0000000084800000, 0x0000000084900000, 0x0000000084900000|100%| O|  |TAMS 0x0000000084900000, 0x0000000084800000| Untracked 
|  45|0x0000000084900000, 0x0000000084a00000, 0x0000000084a00000|100%| O|  |TAMS 0x0000000084a00000, 0x0000000084900000| Untracked 
|  46|0x0000000084a00000, 0x0000000084b00000, 0x0000000084b00000|100%| O|  |TAMS 0x0000000084b00000, 0x0000000084a00000| Untracked 
|  47|0x0000000084b00000, 0x0000000084c00000, 0x0000000084c00000|100%| O|  |TAMS 0x0000000084c00000, 0x0000000084b00000| Untracked 
|  48|0x0000000084c00000, 0x0000000084d00000, 0x0000000084d00000|100%| O|  |TAMS 0x0000000084d00000, 0x0000000084c00000| Untracked 
|  49|0x0000000084d00000, 0x0000000084e00000, 0x0000000084e00000|100%| O|  |TAMS 0x0000000084e00000, 0x0000000084d00000| Untracked 
|  50|0x0000000084e00000, 0x0000000084f00000, 0x0000000084f00000|100%| O|  |TAMS 0x0000000084f00000, 0x0000000084e00000| Untracked 
|  51|0x0000000084f00000, 0x0000000085000000, 0x0000000085000000|100%| O|  |TAMS 0x0000000084f00000, 0x0000000084f00000| Untracked 
|  52|0x0000000085000000, 0x0000000085100000, 0x0000000085100000|100%| O|  |TAMS 0x0000000085100000, 0x0000000085000000| Untracked 
|  53|0x0000000085100000, 0x0000000085200000, 0x0000000085200000|100%| O|  |TAMS 0x0000000085200000, 0x0000000085100000| Untracked 
|  54|0x0000000085200000, 0x0000000085300000, 0x0000000085300000|100%| O|  |TAMS 0x0000000085300000, 0x0000000085200000| Untracked 
|  55|0x0000000085300000, 0x0000000085400000, 0x0000000085400000|100%| O|  |TAMS 0x0000000085400000, 0x0000000085300000| Untracked 
|  56|0x0000000085400000, 0x0000000085500000, 0x0000000085500000|100%| O|  |TAMS 0x0000000085500000, 0x0000000085400000| Untracked 
|  57|0x0000000085500000, 0x0000000085600000, 0x0000000085600000|100%| O|  |TAMS 0x0000000085600000, 0x0000000085500000| Untracked 
|  58|0x0000000085600000, 0x0000000085700000, 0x0000000085700000|100%| O|  |TAMS 0x0000000085700000, 0x0000000085600000| Untracked 
|  59|0x0000000085700000, 0x0000000085800000, 0x0000000085800000|100%| O|  |TAMS 0x0000000085800000, 0x0000000085700000| Untracked 
|  60|0x0000000085800000, 0x0000000085900000, 0x0000000085900000|100%| O|  |TAMS 0x0000000085900000, 0x0000000085800000| Untracked 
|  61|0x0000000085900000, 0x0000000085a00000, 0x0000000085a00000|100%| O|  |TAMS 0x0000000085a00000, 0x0000000085900000| Untracked 
|  62|0x0000000085a00000, 0x0000000085b00000, 0x0000000085b00000|100%| O|  |TAMS 0x0000000085b00000, 0x0000000085a00000| Untracked 
|  63|0x0000000085b00000, 0x0000000085c00000, 0x0000000085c00000|100%| O|  |TAMS 0x0000000085c00000, 0x0000000085b00000| Untracked 
|  64|0x0000000085c00000, 0x0000000085d00000, 0x0000000085d00000|100%| O|  |TAMS 0x0000000085d00000, 0x0000000085c00000| Untracked 
|  65|0x0000000085d00000, 0x0000000085e00000, 0x0000000085e00000|100%| O|  |TAMS 0x0000000085e00000, 0x0000000085d00000| Untracked 
|  66|0x0000000085e00000, 0x0000000085f00000, 0x0000000085f00000|100%| O|  |TAMS 0x0000000085f00000, 0x0000000085e00000| Untracked 
|  67|0x0000000085f00000, 0x0000000086000000, 0x0000000086000000|100%| O|  |TAMS 0x0000000086000000, 0x0000000085f00000| Untracked 
|  68|0x0000000086000000, 0x0000000086100000, 0x0000000086100000|100%| O|  |TAMS 0x0000000086100000, 0x0000000086000000| Untracked 
|  69|0x0000000086100000, 0x0000000086200000, 0x0000000086200000|100%| O|  |TAMS 0x0000000086200000, 0x0000000086100000| Untracked 
|  70|0x0000000086200000, 0x0000000086300000, 0x0000000086300000|100%| O|  |TAMS 0x0000000086300000, 0x0000000086200000| Untracked 
|  71|0x0000000086300000, 0x0000000086400000, 0x0000000086400000|100%| O|  |TAMS 0x0000000086300000, 0x0000000086300000| Untracked 
|  72|0x0000000086400000, 0x0000000086500000, 0x0000000086500000|100%| O|  |TAMS 0x0000000086500000, 0x0000000086400000| Untracked 
|  73|0x0000000086500000, 0x0000000086600000, 0x0000000086600000|100%| O|  |TAMS 0x0000000086600000, 0x0000000086500000| Untracked 
|  74|0x0000000086600000, 0x0000000086700000, 0x0000000086700000|100%| O|  |TAMS 0x0000000086700000, 0x0000000086600000| Untracked 
|  75|0x0000000086700000, 0x0000000086800000, 0x0000000086800000|100%| O|  |TAMS 0x0000000086800000, 0x0000000086700000| Untracked 
|  76|0x0000000086800000, 0x0000000086900000, 0x0000000086900000|100%| O|  |TAMS 0x0000000086900000, 0x0000000086800000| Untracked 
|  77|0x0000000086900000, 0x0000000086a00000, 0x0000000086a00000|100%| O|  |TAMS 0x0000000086a00000, 0x0000000086900000| Untracked 
|  78|0x0000000086a00000, 0x0000000086b00000, 0x0000000086b00000|100%| O|  |TAMS 0x0000000086b00000, 0x0000000086a00000| Untracked 
|  79|0x0000000086b00000, 0x0000000086c00000, 0x0000000086c00000|100%| O|  |TAMS 0x0000000086c00000, 0x0000000086b00000| Untracked 
|  80|0x0000000086c00000, 0x0000000086d00000, 0x0000000086d00000|100%| O|  |TAMS 0x0000000086d00000, 0x0000000086c00000| Untracked 
|  81|0x0000000086d00000, 0x0000000086e00000, 0x0000000086e00000|100%| O|  |TAMS 0x0000000086e00000, 0x0000000086d00000| Untracked 
|  82|0x0000000086e00000, 0x0000000086f00000, 0x0000000086f00000|100%| O|  |TAMS 0x0000000086e42400, 0x0000000086e00000| Untracked 
|  83|0x0000000086f00000, 0x0000000087000000, 0x0000000087000000|100%| O|  |TAMS 0x0000000086f00000, 0x0000000086f00000| Untracked 
|  84|0x0000000087000000, 0x0000000087100000, 0x0000000087100000|100%| O|  |TAMS 0x0000000087000000, 0x0000000087000000| Untracked 
|  85|0x0000000087100000, 0x0000000087200000, 0x0000000087200000|100%| O|  |TAMS 0x0000000087100000, 0x0000000087100000| Untracked 
|  86|0x0000000087200000, 0x0000000087300000, 0x0000000087300000|100%| O|  |TAMS 0x0000000087200000, 0x0000000087200000| Untracked 
|  87|0x0000000087300000, 0x0000000087400000, 0x0000000087400000|100%| O|  |TAMS 0x0000000087300000, 0x0000000087300000| Untracked 
|  88|0x0000000087400000, 0x0000000087500000, 0x0000000087500000|100%| O|  |TAMS 0x0000000087400000, 0x0000000087400000| Untracked 
|  89|0x0000000087500000, 0x0000000087600000, 0x0000000087600000|100%| O|  |TAMS 0x0000000087500000, 0x0000000087500000| Untracked 
|  90|0x0000000087600000, 0x0000000087700000, 0x0000000087700000|100%| O|  |TAMS 0x0000000087600000, 0x0000000087600000| Untracked 
|  91|0x0000000087700000, 0x0000000087800000, 0x0000000087800000|100%| O|  |TAMS 0x0000000087700000, 0x0000000087700000| Untracked 
|  92|0x0000000087800000, 0x0000000087900000, 0x0000000087900000|100%| O|  |TAMS 0x0000000087800000, 0x0000000087800000| Untracked 
|  93|0x0000000087900000, 0x0000000087a00000, 0x0000000087a00000|100%| O|  |TAMS 0x0000000087900000, 0x0000000087900000| Untracked 
|  94|0x0000000087a00000, 0x0000000087b00000, 0x0000000087b00000|100%| O|  |TAMS 0x0000000087a00000, 0x0000000087a00000| Untracked 
|  95|0x0000000087b00000, 0x0000000087c00000, 0x0000000087c00000|100%| O|  |TAMS 0x0000000087b00000, 0x0000000087b00000| Untracked 
|  96|0x0000000087c00000, 0x0000000087d00000, 0x0000000087d00000|100%| O|  |TAMS 0x0000000087c00000, 0x0000000087c00000| Untracked 
|  97|0x0000000087d00000, 0x0000000087e00000, 0x0000000087e00000|100%| O|  |TAMS 0x0000000087d00000, 0x0000000087d00000| Untracked 
|  98|0x0000000087e00000, 0x0000000087f00000, 0x0000000087f00000|100%| O|  |TAMS 0x0000000087e00000, 0x0000000087e00000| Untracked 
|  99|0x0000000087f00000, 0x0000000088000000, 0x0000000088000000|100%| O|  |TAMS 0x0000000087f00000, 0x0000000087f00000| Untracked 
| 100|0x0000000088000000, 0x0000000088100000, 0x0000000088100000|100%| O|  |TAMS 0x0000000088000000, 0x0000000088000000| Untracked 
| 101|0x0000000088100000, 0x0000000088200000, 0x0000000088200000|100%| O|  |TAMS 0x0000000088100000, 0x0000000088100000| Untracked 
| 102|0x0000000088200000, 0x0000000088300000, 0x0000000088300000|100%| O|  |TAMS 0x0000000088200000, 0x0000000088200000| Untracked 
| 103|0x0000000088300000, 0x0000000088400000, 0x0000000088400000|100%| O|  |TAMS 0x0000000088300000, 0x0000000088300000| Untracked 
| 104|0x0000000088400000, 0x0000000088500000, 0x0000000088500000|100%| O|  |TAMS 0x0000000088400000, 0x0000000088400000| Untracked 
| 105|0x0000000088500000, 0x0000000088600000, 0x0000000088600000|100%| O|  |TAMS 0x0000000088500000, 0x0000000088500000| Untracked 
| 106|0x0000000088600000, 0x0000000088700000, 0x0000000088700000|100%| O|  |TAMS 0x0000000088600000, 0x0000000088600000| Untracked 
| 107|0x0000000088700000, 0x0000000088800000, 0x0000000088800000|100%| O|  |TAMS 0x0000000088700000, 0x0000000088700000| Untracked 
| 108|0x0000000088800000, 0x0000000088900000, 0x0000000088900000|100%| O|  |TAMS 0x0000000088800000, 0x0000000088800000| Untracked 
| 109|0x0000000088900000, 0x0000000088a00000, 0x0000000088a00000|100%| O|  |TAMS 0x0000000088900000, 0x0000000088900000| Untracked 
| 110|0x0000000088a00000, 0x0000000088b00000, 0x0000000088b00000|100%| O|  |TAMS 0x0000000088a00000, 0x0000000088a00000| Untracked 
| 111|0x0000000088b00000, 0x0000000088c00000, 0x0000000088c00000|100%| O|  |TAMS 0x0000000088b00000, 0x0000000088b00000| Untracked 
| 112|0x0000000088c00000, 0x0000000088d00000, 0x0000000088d00000|100%| O|  |TAMS 0x0000000088c00000, 0x0000000088c00000| Untracked 
| 113|0x0000000088d00000, 0x0000000088e00000, 0x0000000088e00000|100%| O|  |TAMS 0x0000000088d00000, 0x0000000088d00000| Untracked 
| 114|0x0000000088e00000, 0x0000000088f00000, 0x0000000088f00000|100%| O|  |TAMS 0x0000000088e00000, 0x0000000088e00000| Untracked 
| 115|0x0000000088f00000, 0x0000000089000000, 0x0000000089000000|100%| O|  |TAMS 0x0000000088f00000, 0x0000000088f00000| Untracked 
| 116|0x0000000089000000, 0x0000000089100000, 0x0000000089100000|100%| O|  |TAMS 0x0000000089000000, 0x0000000089000000| Untracked 
| 117|0x0000000089100000, 0x00000000891d8c00, 0x0000000089200000| 84%| O|  |TAMS 0x0000000089100000, 0x0000000089100000| Untracked 
| 118|0x0000000089200000, 0x0000000089200000, 0x0000000089300000|  0%| F|  |TAMS 0x0000000089200000, 0x0000000089200000| Untracked 
| 119|0x0000000089300000, 0x0000000089300000, 0x0000000089400000|  0%| F|  |TAMS 0x0000000089300000, 0x0000000089300000| Untracked 
| 120|0x0000000089400000, 0x0000000089400000, 0x0000000089500000|  0%| F|  |TAMS 0x0000000089400000, 0x0000000089400000| Untracked 
| 121|0x0000000089500000, 0x0000000089500000, 0x0000000089600000|  0%| F|  |TAMS 0x0000000089500000, 0x0000000089500000| Untracked 
| 122|0x0000000089600000, 0x0000000089600000, 0x0000000089700000|  0%| F|  |TAMS 0x0000000089600000, 0x0000000089600000| Untracked 
| 123|0x0000000089700000, 0x0000000089700000, 0x0000000089800000|  0%| F|  |TAMS 0x0000000089700000, 0x0000000089700000| Untracked 
| 124|0x0000000089800000, 0x0000000089800000, 0x0000000089900000|  0%| F|  |TAMS 0x0000000089800000, 0x0000000089800000| Untracked 
| 125|0x0000000089900000, 0x0000000089900000, 0x0000000089a00000|  0%| F|  |TAMS 0x0000000089900000, 0x0000000089900000| Untracked 
| 126|0x0000000089a00000, 0x0000000089a00000, 0x0000000089b00000|  0%| F|  |TAMS 0x0000000089a00000, 0x0000000089a00000| Untracked 
| 127|0x0000000089b00000, 0x0000000089b00000, 0x0000000089c00000|  0%| F|  |TAMS 0x0000000089b00000, 0x0000000089b00000| Untracked 
| 128|0x0000000089c00000, 0x0000000089c00000, 0x0000000089d00000|  0%| F|  |TAMS 0x0000000089c00000, 0x0000000089c00000| Untracked 
| 129|0x0000000089d00000, 0x0000000089d00000, 0x0000000089e00000|  0%| F|  |TAMS 0x0000000089d00000, 0x0000000089d00000| Untracked 
| 130|0x0000000089e00000, 0x0000000089e00000, 0x0000000089f00000|  0%| F|  |TAMS 0x0000000089e00000, 0x0000000089e00000| Untracked 
| 131|0x0000000089f00000, 0x0000000089f00000, 0x000000008a000000|  0%| F|  |TAMS 0x0000000089f00000, 0x0000000089f00000| Untracked 
| 132|0x000000008a000000, 0x000000008a000000, 0x000000008a100000|  0%| F|  |TAMS 0x000000008a000000, 0x000000008a000000| Untracked 
| 133|0x000000008a100000, 0x000000008a100000, 0x000000008a200000|  0%| F|  |TAMS 0x000000008a100000, 0x000000008a100000| Untracked 
| 134|0x000000008a200000, 0x000000008a200000, 0x000000008a300000|  0%| F|  |TAMS 0x000000008a200000, 0x000000008a200000| Untracked 
| 135|0x000000008a300000, 0x000000008a300000, 0x000000008a400000|  0%| F|  |TAMS 0x000000008a300000, 0x000000008a300000| Untracked 
| 136|0x000000008a400000, 0x000000008a400000, 0x000000008a500000|  0%| F|  |TAMS 0x000000008a400000, 0x000000008a400000| Untracked 
| 137|0x000000008a500000, 0x000000008a598da0, 0x000000008a600000| 59%| S|  |TAMS 0x000000008a500000, 0x000000008a500000| Complete 
| 138|0x000000008a600000, 0x000000008a700000, 0x000000008a700000|100%| S|  |TAMS 0x000000008a600000, 0x000000008a600000| Complete 
| 139|0x000000008a700000, 0x000000008a7933c0, 0x000000008a800000| 57%| E|CS|TAMS 0x000000008a700000, 0x000000008a700000| Complete 
| 140|0x000000008a800000, 0x000000008a900000, 0x000000008a900000|100%| E|CS|TAMS 0x000000008a800000, 0x000000008a800000| Complete 
| 141|0x000000008a900000, 0x000000008aa00000, 0x000000008aa00000|100%| S|  |TAMS 0x000000008a900000, 0x000000008a900000| Complete 
| 142|0x000000008aa00000, 0x000000008ab00000, 0x000000008ab00000|100%| E|CS|TAMS 0x000000008aa00000, 0x000000008aa00000| Complete 
| 143|0x000000008ab00000, 0x000000008ac00000, 0x000000008ac00000|100%| E|CS|TAMS 0x000000008ab00000, 0x000000008ab00000| Complete 
| 144|0x000000008ac00000, 0x000000008ad00000, 0x000000008ad00000|100%| E|CS|TAMS 0x000000008ac00000, 0x000000008ac00000| Complete 
| 145|0x000000008ad00000, 0x000000008ae00000, 0x000000008ae00000|100%| E|CS|TAMS 0x000000008ad00000, 0x000000008ad00000| Complete 
| 146|0x000000008ae00000, 0x000000008af00000, 0x000000008af00000|100%| E|CS|TAMS 0x000000008ae00000, 0x000000008ae00000| Complete 
| 147|0x000000008af00000, 0x000000008b000000, 0x000000008b000000|100%| E|CS|TAMS 0x000000008af00000, 0x000000008af00000| Complete 
| 148|0x000000008b000000, 0x000000008b100000, 0x000000008b100000|100%| E|CS|TAMS 0x000000008b000000, 0x000000008b000000| Complete 
| 149|0x000000008b100000, 0x000000008b200000, 0x000000008b200000|100%| E|CS|TAMS 0x000000008b100000, 0x000000008b100000| Complete 
| 150|0x000000008b200000, 0x000000008b300000, 0x000000008b300000|100%| E|CS|TAMS 0x000000008b200000, 0x000000008b200000| Complete 
| 151|0x000000008b300000, 0x000000008b400000, 0x000000008b400000|100%| E|CS|TAMS 0x000000008b300000, 0x000000008b300000| Complete 
| 152|0x000000008b400000, 0x000000008b500000, 0x000000008b500000|100%| E|CS|TAMS 0x000000008b400000, 0x000000008b400000| Complete 
| 153|0x000000008b500000, 0x000000008b600000, 0x000000008b600000|100%| E|CS|TAMS 0x000000008b500000, 0x000000008b500000| Complete 
| 154|0x000000008b600000, 0x000000008b700000, 0x000000008b700000|100%| E|CS|TAMS 0x000000008b600000, 0x000000008b600000| Complete 
| 155|0x000000008b700000, 0x000000008b800000, 0x000000008b800000|100%| E|CS|TAMS 0x000000008b700000, 0x000000008b700000| Complete 
| 156|0x000000008b800000, 0x000000008b900000, 0x000000008b900000|100%| E|CS|TAMS 0x000000008b800000, 0x000000008b800000| Complete 
| 157|0x000000008b900000, 0x000000008ba00000, 0x000000008ba00000|100%| E|CS|TAMS 0x000000008b900000, 0x000000008b900000| Complete 
| 158|0x000000008ba00000, 0x000000008bb00000, 0x000000008bb00000|100%| E|CS|TAMS 0x000000008ba00000, 0x000000008ba00000| Complete 
| 159|0x000000008bb00000, 0x000000008bc00000, 0x000000008bc00000|100%| E|CS|TAMS 0x000000008bb00000, 0x000000008bb00000| Complete 
| 160|0x000000008bc00000, 0x000000008bd00000, 0x000000008bd00000|100%| E|CS|TAMS 0x000000008bc00000, 0x000000008bc00000| Complete 
| 161|0x000000008bd00000, 0x000000008be00000, 0x000000008be00000|100%| E|CS|TAMS 0x000000008bd00000, 0x000000008bd00000| Complete 
| 162|0x000000008be00000, 0x000000008bf00000, 0x000000008bf00000|100%| E|CS|TAMS 0x000000008be00000, 0x000000008be00000| Complete 

Card table byte_map: [0x000001fbe61f0000,0x000001fbe65f0000] _byte_map_base: 0x000001fbe5de2000

Marking Bits (Prev, Next): (CMBitMap*) 0x000001fbd37ae890, (CMBitMap*) 0x000001fbd37ae8d0
 Prev Bits: [0x000001fbe69f0000, 0x000001fbe8980000)
 Next Bits: [0x000001fbe8980000, 0x000001fbea910000)

Polling page: 0x000001fbd15e0000

Metaspace:

Usage:
  Non-class:     94.83 MB used.
      Class:     14.04 MB used.
       Both:    108.87 MB used.

Virtual space:
  Non-class space:       96.00 MB reserved,      95.25 MB (>99%) committed,  12 nodes.
      Class space:        1.00 GB reserved,      14.44 MB (  1%) committed,  1 nodes.
             Both:        1.09 GB reserved,     109.69 MB ( 10%) committed. 

Chunk freelists:
   Non-Class:  816.00 KB
       Class:  1.62 MB
        Both:  2.41 MB

MaxMetaspaceSize: unlimited
CompressedClassSpaceSize: 1.00 GB
Initial GC threshold: 21.00 MB
Current GC threshold: 163.25 MB
CDS: off
MetaspaceReclaimPolicy: balanced
 - commit_granule_bytes: 65536.
 - commit_granule_words: 8192.
 - virtual_space_node_default_size: 1048576.
 - enlarge_chunks_in_place: 1.
 - new_chunks_are_fully_committed: 0.
 - uncommit_free_chunks: 1.
 - use_allocation_guard: 0.
 - handle_deallocations: 1.


Internal statistics:

num_allocs_failed_limit: 9.
num_arena_births: 1270.
num_arena_deaths: 2.
num_vsnodes_births: 13.
num_vsnodes_deaths: 0.
num_space_committed: 1755.
num_space_uncommitted: 0.
num_chunks_returned_to_freelist: 12.
num_chunks_taken_from_freelist: 5199.
num_chunk_merges: 6.
num_chunk_splits: 3446.
num_chunks_enlarged: 2414.
num_purges: 2.
num_inconsistent_stats: 0.

CodeHeap 'non-profiled nmethods': size=120000Kb used=10480Kb max_used=10480Kb free=109519Kb
 bounds [0x000001fbde8c0000, 0x000001fbdf300000, 0x000001fbe5df0000]
CodeHeap 'profiled nmethods': size=120000Kb used=22500Kb max_used=22500Kb free=97499Kb
 bounds [0x000001fbd7390000, 0x000001fbd8990000, 0x000001fbde8c0000]
CodeHeap 'non-nmethods': size=5760Kb used=1456Kb max_used=1541Kb free=4303Kb
 bounds [0x000001fbd6df0000, 0x000001fbd7060000, 0x000001fbd7390000]
 total_blobs=12425 nmethods=11703 adapters=632
 compilation: enabled
              stopped_count=0, restarted_count=0
 full_count=0

Compilation events (20 events):
Event: 69.676 Thread 0x000001fbece5e9f0 14433       2       org.springframework.beans.TypeConverterSupport::convertIfNecessary (26 bytes)
Event: 69.677 Thread 0x000001fbece5e9f0 nmethod 14433 0x000001fbd8985e90 code [0x000001fbd8986040, 0x000001fbd8986248]
Event: 69.677 Thread 0x000001fbece5e9f0 14435       2       org.springframework.beans.BeanWrapperImpl::property (29 bytes)
Event: 69.677 Thread 0x000001fbece5e9f0 nmethod 14435 0x000001fbd8986390 code [0x000001fbd8986540, 0x000001fbd8986728]
Event: 69.677 Thread 0x000001fbece5e9f0 14436       2       org.springframework.core.convert.TypeDescriptor::<init> (53 bytes)
Event: 69.678 Thread 0x000001fbece5e9f0 nmethod 14436 0x000001fbd8986890 code [0x000001fbd8986aa0, 0x000001fbd89870a8]
Event: 69.686 Thread 0x000001fbece5e9f0 14437       2       org.springframework.beans.GenericTypeAwarePropertyDescriptor::getWriteMethodForActualAccess (89 bytes)
Event: 69.687 Thread 0x000001fbece5e9f0 nmethod 14437 0x000001fbd8987390 code [0x000001fbd8987600, 0x000001fbd8987b68]
Event: 69.687 Thread 0x000001fbece5e9f0 14438       3       org.springframework.beans.factory.support.AbstractAutowireCapableBeanFactory::applyBeanPostProcessorsBeforeInitialization (61 bytes)
Event: 69.688 Thread 0x000001fbece5e9f0 nmethod 14438 0x000001fbd8987f90 code [0x000001fbd8988180, 0x000001fbd8988878]
Event: 69.697 Thread 0x000001fbece5e9f0 14440       2       org.springframework.beans.factory.support.AbstractAutowireCapableBeanFactory::convertForProperty (51 bytes)
Event: 69.698 Thread 0x000001fbece5e9f0 nmethod 14440 0x000001fbd8988a90 code [0x000001fbd8988c80, 0x000001fbd8988f48]
Event: 69.708 Thread 0x000001fbece5e9f0 14441       2       org.springframework.core.convert.Property::equals (83 bytes)
Event: 69.709 Thread 0x000001fbece5e9f0 nmethod 14441 0x000001fbd8989190 code [0x000001fbd8989360, 0x000001fbd8989658]
Event: 69.710 Thread 0x000001fbece5e9f0 14442       2       java.util.regex.CharPredicates::category (7 bytes)
Event: 69.711 Thread 0x000001fbece5e9f0 nmethod 14442 0x000001fbd8989790 code [0x000001fbd8989920, 0x000001fbd8989a48]
Event: 69.711 Thread 0x000001fbece5e9f0 14443       2       java.util.regex.CharPredicates$$Lambda$1316/0x00000001008f6bb8::<init> (10 bytes)
Event: 69.711 Thread 0x000001fbece5e9f0 nmethod 14443 0x000001fbd8989b90 code [0x000001fbd8989d20, 0x000001fbd8989e38]
Event: 69.712 Thread 0x000001fbece5e9f0 14444       2       java.util.regex.Pattern$CharPredicate::negate (7 bytes)
Event: 69.712 Thread 0x000001fbece5e9f0 nmethod 14444 0x000001fbd8989f10 code [0x000001fbd898a0c0, 0x000001fbd898a268]

GC Heap History (20 events):
Event: 62.661 GC heap after
{Heap after GC invocations=59 (full 0):
 garbage-first heap   total 166912K, used 102479K [0x0000000081c00000, 0x0000000100000000)
  region size 1024K, 6 young (6144K), 6 survivors (6144K)
 Metaspace       used 111174K, committed 111872K, reserved 1146880K
  class space    used 14369K, committed 14720K, reserved 1048576K
}
Event: 63.580 GC heap before
{Heap before GC invocations=59 (full 0):
 garbage-first heap   total 166912K, used 139343K [0x0000000081c00000, 0x0000000100000000)
  region size 1024K, 43 young (44032K), 6 survivors (6144K)
 Metaspace       used 111181K, committed 111872K, reserved 1146880K
  class space    used 14369K, committed 14720K, reserved 1048576K
}
Event: 63.591 GC heap after
{Heap after GC invocations=60 (full 0):
 garbage-first heap   total 166912K, used 105411K [0x0000000081c00000, 0x0000000100000000)
  region size 1024K, 6 young (6144K), 6 survivors (6144K)
 Metaspace       used 111181K, committed 111872K, reserved 1146880K
  class space    used 14369K, committed 14720K, reserved 1048576K
}
Event: 64.111 GC heap before
{Heap before GC invocations=60 (full 0):
 garbage-first heap   total 166912K, used 141251K [0x0000000081c00000, 0x0000000100000000)
  region size 1024K, 41 young (41984K), 6 survivors (6144K)
 Metaspace       used 111194K, committed 111872K, reserved 1146880K
  class space    used 14370K, committed 14720K, reserved 1048576K
}
Event: 64.120 GC heap after
{Heap after GC invocations=61 (full 0):
 garbage-first heap   total 166912K, used 107878K [0x0000000081c00000, 0x0000000100000000)
  region size 1024K, 6 young (6144K), 6 survivors (6144K)
 Metaspace       used 111194K, committed 111872K, reserved 1146880K
  class space    used 14370K, committed 14720K, reserved 1048576K
}
Event: 64.887 GC heap before
{Heap before GC invocations=61 (full 0):
 garbage-first heap   total 166912K, used 140646K [0x0000000081c00000, 0x0000000100000000)
  region size 1024K, 38 young (38912K), 6 survivors (6144K)
 Metaspace       used 111231K, committed 112064K, reserved 1146880K
  class space    used 14374K, committed 14784K, reserved 1048576K
}
Event: 64.895 GC heap after
{Heap after GC invocations=62 (full 0):
 garbage-first heap   total 166912K, used 109661K [0x0000000081c00000, 0x0000000100000000)
  region size 1024K, 5 young (5120K), 5 survivors (5120K)
 Metaspace       used 111231K, committed 112064K, reserved 1146880K
  class space    used 14374K, committed 14784K, reserved 1048576K
}
Event: 65.640 GC heap before
{Heap before GC invocations=62 (full 0):
 garbage-first heap   total 166912K, used 141405K [0x0000000081c00000, 0x0000000100000000)
  region size 1024K, 36 young (36864K), 5 survivors (5120K)
 Metaspace       used 111275K, committed 112064K, reserved 1146880K
  class space    used 14374K, committed 14784K, reserved 1048576K
}
Event: 65.647 GC heap after
{Heap after GC invocations=63 (full 0):
 garbage-first heap   total 166912K, used 111872K [0x0000000081c00000, 0x0000000100000000)
  region size 1024K, 4 young (4096K), 4 survivors (4096K)
 Metaspace       used 111275K, committed 112064K, reserved 1146880K
  class space    used 14374K, committed 14784K, reserved 1048576K
}
Event: 66.560 GC heap before
{Heap before GC invocations=63 (full 0):
 garbage-first heap   total 166912K, used 142592K [0x0000000081c00000, 0x0000000100000000)
  region size 1024K, 34 young (34816K), 4 survivors (4096K)
 Metaspace       used 111301K, committed 112128K, reserved 1146880K
  class space    used 14375K, committed 14784K, reserved 1048576K
}
Event: 66.569 GC heap after
{Heap after GC invocations=64 (full 0):
 garbage-first heap   total 166912K, used 113664K [0x0000000081c00000, 0x0000000100000000)
  region size 1024K, 4 young (4096K), 4 survivors (4096K)
 Metaspace       used 111301K, committed 112128K, reserved 1146880K
  class space    used 14375K, committed 14784K, reserved 1048576K
}
Event: 67.599 GC heap before
{Heap before GC invocations=64 (full 0):
 garbage-first heap   total 166912K, used 143360K [0x0000000081c00000, 0x0000000100000000)
  region size 1024K, 33 young (33792K), 4 survivors (4096K)
 Metaspace       used 111343K, committed 112128K, reserved 1146880K
  class space    used 14375K, committed 14784K, reserved 1048576K
}
Event: 67.607 GC heap after
{Heap after GC invocations=65 (full 0):
 garbage-first heap   total 166912K, used 115295K [0x0000000081c00000, 0x0000000100000000)
  region size 1024K, 4 young (4096K), 4 survivors (4096K)
 Metaspace       used 111343K, committed 112128K, reserved 1146880K
  class space    used 14375K, committed 14784K, reserved 1048576K
}
Event: 68.387 GC heap before
{Heap before GC invocations=65 (full 0):
 garbage-first heap   total 166912K, used 142943K [0x0000000081c00000, 0x0000000100000000)
  region size 1024K, 31 young (31744K), 4 survivors (4096K)
 Metaspace       used 111386K, committed 112192K, reserved 1146880K
  class space    used 14375K, committed 14784K, reserved 1048576K
}
Event: 68.397 GC heap after
{Heap after GC invocations=66 (full 0):
 garbage-first heap   total 166912K, used 117834K [0x0000000081c00000, 0x0000000100000000)
  region size 1024K, 4 young (4096K), 4 survivors (4096K)
 Metaspace       used 111386K, committed 112192K, reserved 1146880K
  class space    used 14375K, committed 14784K, reserved 1048576K
}
Event: 68.911 GC heap before
{Heap before GC invocations=66 (full 0):
 garbage-first heap   total 166912K, used 142410K [0x0000000081c00000, 0x0000000100000000)
  region size 1024K, 28 young (28672K), 4 survivors (4096K)
 Metaspace       used 111455K, committed 112256K, reserved 1146880K
  class space    used 14376K, committed 14784K, reserved 1048576K
}
Event: 68.922 GC heap after
{Heap after GC invocations=67 (full 0):
 garbage-first heap   total 166912K, used 120802K [0x0000000081c00000, 0x0000000100000000)
  region size 1024K, 3 young (3072K), 3 survivors (3072K)
 Metaspace       used 111455K, committed 112256K, reserved 1146880K
  class space    used 14376K, committed 14784K, reserved 1048576K
}
Event: 69.497 GC heap before
{Heap before GC invocations=67 (full 0):
 garbage-first heap   total 166912K, used 143330K [0x0000000081c00000, 0x0000000100000000)
  region size 1024K, 25 young (25600K), 3 survivors (3072K)
 Metaspace       used 111472K, committed 112256K, reserved 1146880K
  class space    used 14376K, committed 14784K, reserved 1048576K
}
Event: 69.506 GC heap after
{Heap after GC invocations=68 (full 0):
 garbage-first heap   total 166912K, used 122287K [0x0000000081c00000, 0x0000000100000000)
  region size 1024K, 2 young (2048K), 2 survivors (2048K)
 Metaspace       used 111472K, committed 112256K, reserved 1146880K
  class space    used 14376K, committed 14784K, reserved 1048576K
}
Event: 69.718 GC heap before
{Heap before GC invocations=68 (full 0):
 garbage-first heap   total 166912K, used 143791K [0x0000000081c00000, 0x0000000100000000)
  region size 1024K, 23 young (23552K), 2 survivors (2048K)
 Metaspace       used 111484K, committed 112320K, reserved 1146880K
  class space    used 14376K, committed 14784K, reserved 1048576K
}

Deoptimization events (20 events):
Event: 69.686 Thread 0x000001fbd3757ad0 DEOPT PACKING pc=0x000001fbd8077ad6 sp=0x0000000efc3f94b0
Event: 69.686 Thread 0x000001fbd3757ad0 DEOPT UNPACKING pc=0x000001fbd6e42b43 sp=0x0000000efc3f8960 mode 0
Event: 69.690 Thread 0x000001fbd3757ad0 Uncommon trap: trap_request=0xffffff97 fr.pc=0x000001fbdec73578 relative=0x0000000000000138
Event: 69.690 Thread 0x000001fbd3757ad0 Uncommon trap: reason=unhandled action=none pc=0x000001fbdec73578 method=jdk.internal.loader.BuiltinClassLoader.loadClass(Ljava/lang/String;Z)Ljava/lang/Class; @ 19 c2
Event: 69.690 Thread 0x000001fbd3757ad0 DEOPT PACKING pc=0x000001fbdec73578 sp=0x0000000efc3f71b0
Event: 69.690 Thread 0x000001fbd3757ad0 DEOPT UNPACKING pc=0x000001fbd6e423a3 sp=0x0000000efc3f7078 mode 2
Event: 69.690 Thread 0x000001fbd3757ad0 DEOPT PACKING pc=0x000001fbdeb48b54 sp=0x0000000efc3f7ba0
Event: 69.690 Thread 0x000001fbd3757ad0 DEOPT UNPACKING pc=0x000001fbd6e42b43 sp=0x0000000efc3f7018 mode 1
Event: 69.690 Thread 0x000001fbd3757ad0 DEOPT PACKING pc=0x000001fbd8055ea4 sp=0x0000000efc3f7be0
Event: 69.690 Thread 0x000001fbd3757ad0 DEOPT UNPACKING pc=0x000001fbd6e42b43 sp=0x0000000efc3f7140 mode 1
Event: 69.691 Thread 0x000001fbd3757ad0 Uncommon trap: trap_request=0xffffff97 fr.pc=0x000001fbdec73578 relative=0x0000000000000138
Event: 69.691 Thread 0x000001fbd3757ad0 Uncommon trap: reason=unhandled action=none pc=0x000001fbdec73578 method=jdk.internal.loader.BuiltinClassLoader.loadClass(Ljava/lang/String;Z)Ljava/lang/Class; @ 19 c2
Event: 69.691 Thread 0x000001fbd3757ad0 DEOPT PACKING pc=0x000001fbdec73578 sp=0x0000000efc3f7150
Event: 69.691 Thread 0x000001fbd3757ad0 DEOPT UNPACKING pc=0x000001fbd6e423a3 sp=0x0000000efc3f7018 mode 2
Event: 69.691 Thread 0x000001fbd3757ad0 DEOPT PACKING pc=0x000001fbdeb48b54 sp=0x0000000efc3f7b40
Event: 69.691 Thread 0x000001fbd3757ad0 DEOPT UNPACKING pc=0x000001fbd6e42b43 sp=0x0000000efc3f6fb8 mode 1
Event: 69.691 Thread 0x000001fbd3757ad0 DEOPT PACKING pc=0x000001fbd807bcdc sp=0x0000000efc3f7b80
Event: 69.691 Thread 0x000001fbd3757ad0 DEOPT UNPACKING pc=0x000001fbd6e42b43 sp=0x0000000efc3f70d0 mode 1
Event: 69.691 Thread 0x000001fbd3757ad0 DEOPT PACKING pc=0x000001fbd788976c sp=0x0000000efc3f7b90
Event: 69.691 Thread 0x000001fbd3757ad0 DEOPT UNPACKING pc=0x000001fbd6e42b43 sp=0x0000000efc3f7060 mode 1

Classes unloaded (1 events):
Event: 19.175 Thread 0x000001fbecdebb10 Unloading class 0x0000000100678000 'net/bytebuddy/mirror/AccessibleObject'

Classes redefined (0 events):
No events

Internal exceptions (20 events):
Event: 69.592 Thread 0x000001fbd3757ad0 Exception <a 'java/lang/ClassNotFoundException'{0x000000008b4215b8}: com/yuzee/common/lib/handler/UserHandlerCustomizer> (0x000000008b4215b8) 
thrown [s\src\hotspot\share\classfile\systemDictionary.cpp, line 256]
Event: 69.601 Thread 0x000001fbd3757ad0 Exception <a 'java/lang/ClassNotFoundException'{0x000000008b4a5b90}: java/lang/ObjectCustomizer> (0x000000008b4a5b90) 
thrown [s\src\hotspot\share\classfile\systemDictionary.cpp, line 256]
Event: 69.604 Thread 0x000001fbd3757ad0 Exception <a 'java/lang/ClassNotFoundException'{0x000000008b4b24a0}: com/yuzee/app/processor/CareerProcessorCustomizer> (0x000000008b4b24a0) 
thrown [s\src\hotspot\share\classfile\systemDictionary.cpp, line 256]
Event: 69.606 Thread 0x000001fbd3757ad0 Exception <a 'java/lang/ClassNotFoundException'{0x000000008b4ccdf0}: java/lang/ObjectCustomizer> (0x000000008b4ccdf0) 
thrown [s\src\hotspot\share\classfile\systemDictionary.cpp, line 256]
Event: 69.608 Thread 0x000001fbd3757ad0 Exception <a 'java/lang/ClassNotFoundException'{0x000000008b4d9d48}: com/yuzee/app/dao/impl/CareerDaoImplCustomizer> (0x000000008b4d9d48) 
thrown [s\src\hotspot\share\classfile\systemDictionary.cpp, line 256]
Event: 69.610 Thread 0x000001fbd3757ad0 Exception <a 'java/lang/ClassNotFoundException'{0x000000008b4e5e90}: com/yuzee/app/dao/CareerDaoCustomizer> (0x000000008b4e5e90) 
thrown [s\src\hotspot\share\classfile\systemDictionary.cpp, line 256]
Event: 69.626 Thread 0x000001fbd3757ad0 Exception <a 'java/lang/ClassNotFoundException'{0x000000008b272958}: java/lang/ObjectCustomizer> (0x000000008b272958) 
thrown [s\src\hotspot\share\classfile\systemDictionary.cpp, line 256]
Event: 69.628 Thread 0x000001fbd3757ad0 Exception <a 'java/lang/ClassNotFoundException'{0x000000008b27f480}: org/modelmapper/ModelMapperCustomizer> (0x000000008b27f480) 
thrown [s\src\hotspot\share\classfile\systemDictionary.cpp, line 256]
Event: 69.637 Thread 0x000001fbd3757ad0 Exception <a 'java/lang/ClassNotFoundException'{0x000000008b2e6840}: java/lang/ObjectCustomizer> (0x000000008b2e6840) 
thrown [s\src\hotspot\share\classfile\systemDictionary.cpp, line 256]
Event: 69.639 Thread 0x000001fbd3757ad0 Exception <a 'java/lang/ClassNotFoundException'{0x000000008b2f33a0}: com/yuzee/app/controller/v1/CareerControllerCustomizer> (0x000000008b2f33a0) 
thrown [s\src\hotspot\share\classfile\systemDictionary.cpp, line 256]
Event: 69.642 Thread 0x000001fbd3757ad0 Exception <a 'java/lang/ClassNotFoundException'{0x000000008b2fe7e0}: com/yuzee/app/endpoint/CareerInterfaceCustomizer> (0x000000008b2fe7e0) 
thrown [s\src\hotspot\share\classfile\systemDictionary.cpp, line 256]
Event: 69.644 Thread 0x000001fbd3757ad0 Exception <a 'java/lang/ClassNotFoundException'{0x000000008b110018}: java/lang/ObjectCustomizer> (0x000000008b110018) 
thrown [s\src\hotspot\share\classfile\systemDictionary.cpp, line 256]
Event: 69.646 Thread 0x000001fbd3757ad0 Exception <a 'java/lang/ClassNotFoundException'{0x000000008b11cd38}: com/yuzee/app/controller/v1/CareerTestControllerCustomizer> (0x000000008b11cd38) 
thrown [s\src\hotspot\share\classfile\systemDictionary.cpp, line 256]
Event: 69.648 Thread 0x000001fbd3757ad0 Exception <a 'java/lang/ClassNotFoundException'{0x000000008b12e410}: com/yuzee/app/endpoint/CareerTestInterfaceCustomizer> (0x000000008b12e410) 
thrown [s\src\hotspot\share\classfile\systemDictionary.cpp, line 256]
Event: 69.650 Thread 0x000001fbd3757ad0 Exception <a 'java/lang/ClassNotFoundException'{0x000000008b14e168}: java/lang/ObjectCustomizer> (0x000000008b14e168) 
thrown [s\src\hotspot\share\classfile\systemDictionary.cpp, line 256]
Event: 69.653 Thread 0x000001fbd3757ad0 Exception <a 'java/lang/ClassNotFoundException'{0x000000008b15ab98}: com/yuzee/app/processor/CareerTestProcessorCustomizer> (0x000000008b15ab98) 
thrown [s\src\hotspot\share\classfile\systemDictionary.cpp, line 256]
Event: 69.656 Thread 0x000001fbd3757ad0 Exception <a 'java/lang/ClassNotFoundException'{0x000000008b17d5d8}: java/lang/ObjectCustomizer> (0x000000008b17d5d8) 
thrown [s\src\hotspot\share\classfile\systemDictionary.cpp, line 256]
Event: 69.658 Thread 0x000001fbd3757ad0 Exception <a 'java/lang/ClassNotFoundException'{0x000000008b18a6f0}: com/yuzee/app/dao/impl/CareerTestDaoImplCustomizer> (0x000000008b18a6f0) 
thrown [s\src\hotspot\share\classfile\systemDictionary.cpp, line 256]
Event: 69.661 Thread 0x000001fbd3757ad0 Exception <a 'java/lang/ClassNotFoundException'{0x000000008b19ca88}: com/yuzee/app/dao/CareerTestDaoCustomizer> (0x000000008b19ca88) 
thrown [s\src\hotspot\share\classfile\systemDictionary.cpp, line 256]
Event: 69.691 Thread 0x000001fbd3757ad0 Exception <a 'java/lang/ClassNotFoundException'{0x000000008aef6048}: com/yuzee/app/dto/JobIdProjectionCustomizer> (0x000000008aef6048) 
thrown [s\src\hotspot\share\classfile\systemDictionary.cpp, line 256]

VM Operations (20 events):
Event: 64.429 Executing VM operation: HandshakeAllThreads done
Event: 64.886 Executing VM operation: G1CollectForAllocation
Event: 64.895 Executing VM operation: G1CollectForAllocation done
Event: 64.895 Executing VM operation: Cleanup
Event: 64.897 Executing VM operation: Cleanup done
Event: 65.640 Executing VM operation: G1CollectForAllocation
Event: 65.647 Executing VM operation: G1CollectForAllocation done
Event: 66.560 Executing VM operation: G1CollectForAllocation
Event: 66.569 Executing VM operation: G1CollectForAllocation done
Event: 67.572 Executing VM operation: Cleanup
Event: 67.572 Executing VM operation: Cleanup done
Event: 67.599 Executing VM operation: G1CollectForAllocation
Event: 67.608 Executing VM operation: G1CollectForAllocation done
Event: 68.387 Executing VM operation: G1CollectForAllocation
Event: 68.397 Executing VM operation: G1CollectForAllocation done
Event: 68.911 Executing VM operation: G1CollectForAllocation
Event: 68.923 Executing VM operation: G1CollectForAllocation done
Event: 69.497 Executing VM operation: G1CollectForAllocation
Event: 69.506 Executing VM operation: G1CollectForAllocation done
Event: 69.718 Executing VM operation: G1CollectForAllocation

Events (20 events):
Event: 69.625 loading class java/lang/ObjectCustomizer
Event: 69.626 loading class java/lang/ObjectCustomizer done
Event: 69.626 loading class java/lang/ObjectCustomizer
Event: 69.626 loading class java/lang/ObjectCustomizer done
Event: 69.636 loading class java/lang/ObjectCustomizer
Event: 69.636 loading class java/lang/ObjectCustomizer done
Event: 69.637 loading class java/lang/ObjectCustomizer
Event: 69.637 loading class java/lang/ObjectCustomizer done
Event: 69.643 loading class java/lang/ObjectCustomizer
Event: 69.643 loading class java/lang/ObjectCustomizer done
Event: 69.644 loading class java/lang/ObjectCustomizer
Event: 69.644 loading class java/lang/ObjectCustomizer done
Event: 69.650 loading class java/lang/ObjectCustomizer
Event: 69.650 loading class java/lang/ObjectCustomizer done
Event: 69.650 loading class java/lang/ObjectCustomizer
Event: 69.650 loading class java/lang/ObjectCustomizer done
Event: 69.655 loading class java/lang/ObjectCustomizer
Event: 69.655 loading class java/lang/ObjectCustomizer done
Event: 69.656 loading class java/lang/ObjectCustomizer
Event: 69.656 loading class java/lang/ObjectCustomizer done


Dynamic libraries:
0x00007ff755740000 - 0x00007ff75574e000 	C:\Users\BUYPC\Desktop\sts-4.16.0.RELEASE\plugins\org.eclipse.justj.openjdk.hotspot.jre.full.win32.x86_64_17.0.4.v20220903-1038\jre\bin\javaw.exe
0x00007ffacc030000 - 0x00007ffacc228000 	C:\Windows\SYSTEM32\ntdll.dll
0x00007ffaace40000 - 0x00007ffaace57000 	C:\Program Files\Avast Software\Avast\aswhook.dll
0x00007ffacb590000 - 0x00007ffacb64f000 	C:\Windows\System32\KERNEL32.DLL
0x00007ffac9c10000 - 0x00007ffac9ee2000 	C:\Windows\System32\KERNELBASE.dll
0x00007ffac97d0000 - 0x00007ffac98d0000 	C:\Windows\System32\ucrtbase.dll
0x00007ffab5cc0000 - 0x00007ffab5cd8000 	C:\Users\BUYPC\Desktop\sts-4.16.0.RELEASE\plugins\org.eclipse.justj.openjdk.hotspot.jre.full.win32.x86_64_17.0.4.v20220903-1038\jre\bin\jli.dll
0x00007ffacac90000 - 0x00007ffacae2d000 	C:\Windows\System32\USER32.dll
0x00007ffac98d0000 - 0x00007ffac98f2000 	C:\Windows\System32\win32u.dll
0x00007ffaca150000 - 0x00007ffaca17b000 	C:\Windows\System32\GDI32.dll
0x00007ffac9b00000 - 0x00007ffac9c0f000 	C:\Windows\System32\gdi32full.dll
0x00007ffac9730000 - 0x00007ffac97cd000 	C:\Windows\System32\msvcp_win.dll
0x00007ffab4800000 - 0x00007ffab4819000 	C:\Users\BUYPC\Desktop\sts-4.16.0.RELEASE\plugins\org.eclipse.justj.openjdk.hotspot.jre.full.win32.x86_64_17.0.4.v20220903-1038\jre\bin\VCRUNTIME140.dll
0x00007ffab42d0000 - 0x00007ffab456a000 	C:\Windows\WinSxS\amd64_microsoft.windows.common-controls_6595b64144ccf1df_6.0.19041.1110_none_60b5254171f9507e\COMCTL32.dll
0x00007ffaca780000 - 0x00007ffaca81e000 	C:\Windows\System32\msvcrt.dll
0x00007ffaca230000 - 0x00007ffaca262000 	C:\Windows\System32\IMM32.DLL
0x00007ffac0c50000 - 0x00007ffac0c5c000 	C:\Users\BUYPC\Desktop\sts-4.16.0.RELEASE\plugins\org.eclipse.justj.openjdk.hotspot.jre.full.win32.x86_64_17.0.4.v20220903-1038\jre\bin\vcruntime140_1.dll
0x00007ffaaf380000 - 0x00007ffaaf411000 	C:\Users\BUYPC\Desktop\sts-4.16.0.RELEASE\plugins\org.eclipse.justj.openjdk.hotspot.jre.full.win32.x86_64_17.0.4.v20220903-1038\jre\bin\msvcp140.dll
0x00007ffa977c0000 - 0x00007ffa98406000 	C:\Users\BUYPC\Desktop\sts-4.16.0.RELEASE\plugins\org.eclipse.justj.openjdk.hotspot.jre.full.win32.x86_64_17.0.4.v20220903-1038\jre\bin\server\jvm.dll
0x00007ffaca180000 - 0x00007ffaca22e000 	C:\Windows\System32\ADVAPI32.dll
0x00007ffacbf50000 - 0x00007ffacbfec000 	C:\Windows\System32\sechost.dll
0x00007ffacbbb0000 - 0x00007ffacbcd5000 	C:\Windows\System32\RPCRT4.dll
0x00007ffacbcf0000 - 0x00007ffacbcf8000 	C:\Windows\System32\PSAPI.DLL
0x00007ffabcc10000 - 0x00007ffabcc19000 	C:\Windows\SYSTEM32\WSOCK32.dll
0x00007ffaca320000 - 0x00007ffaca38b000 	C:\Windows\System32\WS2_32.dll
0x00007ffab7130000 - 0x00007ffab7157000 	C:\Windows\SYSTEM32\WINMM.dll
0x00007ffac1a40000 - 0x00007ffac1a4a000 	C:\Windows\SYSTEM32\VERSION.dll
0x00007ffac7f40000 - 0x00007ffac7f52000 	C:\Windows\SYSTEM32\kernel.appcore.dll
0x00007ffac4f20000 - 0x00007ffac4f2a000 	C:\Users\BUYPC\Desktop\sts-4.16.0.RELEASE\plugins\org.eclipse.justj.openjdk.hotspot.jre.full.win32.x86_64_17.0.4.v20220903-1038\jre\bin\jimage.dll
0x00007ffac1500000 - 0x00007ffac16e4000 	C:\Windows\SYSTEM32\DBGHELP.DLL
0x00007ffac1470000 - 0x00007ffac149c000 	C:\Windows\SYSTEM32\dbgcore.DLL
0x00007ffac9ef0000 - 0x00007ffac9f72000 	C:\Windows\System32\bcryptPrimitives.dll
0x00007ffab5430000 - 0x00007ffab546b000 	C:\Users\BUYPC\Desktop\sts-4.16.0.RELEASE\plugins\org.eclipse.justj.openjdk.hotspot.jre.full.win32.x86_64_17.0.4.v20220903-1038\jre\bin\jdwp.dll
0x00007ffac32e0000 - 0x00007ffac32ee000 	C:\Users\BUYPC\Desktop\sts-4.16.0.RELEASE\plugins\org.eclipse.justj.openjdk.hotspot.jre.full.win32.x86_64_17.0.4.v20220903-1038\jre\bin\instrument.dll
0x00007ffab58d0000 - 0x00007ffab58f5000 	C:\Users\BUYPC\Desktop\sts-4.16.0.RELEASE\plugins\org.eclipse.justj.openjdk.hotspot.jre.full.win32.x86_64_17.0.4.v20220903-1038\jre\bin\java.dll
0x00007ffab5c20000 - 0x00007ffab5c38000 	C:\Users\BUYPC\Desktop\sts-4.16.0.RELEASE\plugins\org.eclipse.justj.openjdk.hotspot.jre.full.win32.x86_64_17.0.4.v20220903-1038\jre\bin\zip.dll
0x00007ffacae30000 - 0x00007ffacb573000 	C:\Windows\System32\SHELL32.dll
0x00007ffac7790000 - 0x00007ffac7f22000 	C:\Windows\SYSTEM32\windows.storage.dll
0x00007ffaca420000 - 0x00007ffaca774000 	C:\Windows\System32\combase.dll
0x00007ffac8fd0000 - 0x00007ffac9000000 	C:\Windows\SYSTEM32\Wldp.dll
0x00007ffacb650000 - 0x00007ffacb6fd000 	C:\Windows\System32\SHCORE.dll
0x00007ffacbaf0000 - 0x00007ffacbb45000 	C:\Windows\System32\shlwapi.dll
0x00007ffac9670000 - 0x00007ffac968f000 	C:\Windows\SYSTEM32\profapi.dll
0x00007ffac0ba0000 - 0x00007ffac0bac000 	C:\Users\BUYPC\Desktop\sts-4.16.0.RELEASE\plugins\org.eclipse.justj.openjdk.hotspot.jre.full.win32.x86_64_17.0.4.v20220903-1038\jre\bin\dt_socket.dll
0x00007ffac8ac0000 - 0x00007ffac8afb000 	C:\Windows\SYSTEM32\IPHLPAPI.DLL
0x00007ffac8db0000 - 0x00007ffac8e1a000 	C:\Windows\system32\mswsock.dll
0x00007ffac8b10000 - 0x00007ffac8bda000 	C:\Windows\SYSTEM32\DNSAPI.dll
0x00007ffacbce0000 - 0x00007ffacbce8000 	C:\Windows\System32\NSI.dll
0x00007ffabdba0000 - 0x00007ffabdbaa000 	C:\Windows\System32\rasadhlp.dll
0x00007ffabdc10000 - 0x00007ffabdc90000 	C:\Windows\System32\fwpuclnt.dll
0x00007ffac9900000 - 0x00007ffac9927000 	C:\Windows\System32\bcrypt.dll
0x00007ffab5b50000 - 0x00007ffab5b69000 	C:\Users\BUYPC\Desktop\sts-4.16.0.RELEASE\plugins\org.eclipse.justj.openjdk.hotspot.jre.full.win32.x86_64_17.0.4.v20220903-1038\jre\bin\net.dll
0x00007ffabd7a0000 - 0x00007ffabd8ac000 	C:\Windows\SYSTEM32\WINHTTP.dll
0x00007ffab5ab0000 - 0x00007ffab5ac5000 	C:\Users\BUYPC\Desktop\sts-4.16.0.RELEASE\plugins\org.eclipse.justj.openjdk.hotspot.jre.full.win32.x86_64_17.0.4.v20220903-1038\jre\bin\nio.dll
0x00007ffac2540000 - 0x00007ffac2550000 	C:\Users\BUYPC\Desktop\sts-4.16.0.RELEASE\plugins\org.eclipse.justj.openjdk.hotspot.jre.full.win32.x86_64_17.0.4.v20220903-1038\jre\bin\verify.dll
0x00007ffac0620000 - 0x00007ffac0637000 	C:\Windows\SYSTEM32\dhcpcsvc6.DLL
0x00007ffac0730000 - 0x00007ffac074d000 	C:\Windows\SYSTEM32\dhcpcsvc.DLL
0x00007ffac93d0000 - 0x00007ffac93e8000 	C:\Windows\SYSTEM32\CRYPTSP.dll
0x00007ffac86f0000 - 0x00007ffac8724000 	C:\Windows\system32\rsaenh.dll
0x00007ffac9630000 - 0x00007ffac965e000 	C:\Windows\SYSTEM32\USERENV.dll
0x00007ffac8f40000 - 0x00007ffac8f4c000 	C:\Windows\SYSTEM32\CRYPTBASE.dll
0x00007ffac0b60000 - 0x00007ffac0b69000 	C:\Users\BUYPC\Desktop\sts-4.16.0.RELEASE\plugins\org.eclipse.justj.openjdk.hotspot.jre.full.win32.x86_64_17.0.4.v20220903-1038\jre\bin\management.dll
0x00007ffab7090000 - 0x00007ffab709b000 	C:\Users\BUYPC\Desktop\sts-4.16.0.RELEASE\plugins\org.eclipse.justj.openjdk.hotspot.jre.full.win32.x86_64_17.0.4.v20220903-1038\jre\bin\management_ext.dll
0x00007ffab0bf0000 - 0x00007ffab0c07000 	C:\Windows\system32\napinsp.dll
0x00007ffab0bd0000 - 0x00007ffab0beb000 	C:\Windows\system32\pnrpnsp.dll
0x00007ffac3240000 - 0x00007ffac3255000 	C:\Windows\system32\wshbth.dll
0x00007ffac4f00000 - 0x00007ffac4f1d000 	C:\Windows\system32\NLAapi.dll
0x00007ffab0780000 - 0x00007ffab0792000 	C:\Windows\System32\winrnr.dll
0x00007ffac0ca0000 - 0x00007ffac0cae000 	C:\Users\BUYPC\Desktop\sts-4.16.0.RELEASE\plugins\org.eclipse.justj.openjdk.hotspot.jre.full.win32.x86_64_17.0.4.v20220903-1038\jre\bin\sunmscapi.dll
0x00007ffac99a0000 - 0x00007ffac9af6000 	C:\Windows\System32\CRYPT32.dll
0x00007ffac9040000 - 0x00007ffac9067000 	C:\Windows\SYSTEM32\ncrypt.dll
0x00007ffac9000000 - 0x00007ffac903b000 	C:\Windows\SYSTEM32\NTASN1.dll
0x00007ffab5830000 - 0x00007ffab5837000 	C:\Windows\system32\wshunix.dll

dbghelp: loaded successfully - version: 4.0.5 - missing functions: none
symbol engine: initialized successfully - sym options: 0x614 - pdb path: .;C:\Users\BUYPC\Desktop\sts-4.16.0.RELEASE\plugins\org.eclipse.justj.openjdk.hotspot.jre.full.win32.x86_64_17.0.4.v20220903-1038\jre\bin;C:\Windows\SYSTEM32;C:\Program Files\Avast Software\Avast;C:\Windows\WinSxS\amd64_microsoft.windows.common-controls_6595b64144ccf1df_6.0.19041.1110_none_60b5254171f9507e;C:\Users\BUYPC\Desktop\sts-4.16.0.RELEASE\plugins\org.eclipse.justj.openjdk.hotspot.jre.full.win32.x86_64_17.0.4.v20220903-1038\jre\bin\server

VM Arguments:
jvm_args: -XX:+ShowCodeDetailsInExceptionMessages -agentlib:jdwp=transport=dt_socket,suspend=y,address=localhost:64909 -ea -javaagent:C:\Users\BUYPC\Desktop\sts-4.16.0.RELEASE\configuration\org.eclipse.osgi\268\0\.cp\lib\javaagent-shaded.jar -Dfile.encoding=UTF-8 
java_command: org.eclipse.jdt.internal.junit.runner.RemoteTestRunner -version 3 -port 64908 -testLoaderClass org.eclipse.jdt.internal.junit5.runner.JUnit5TestLoader -loaderpluginname org.eclipse.jdt.junit5.runtime -packageNameFile C:\Users\BUYPC\AppData\Local\Temp\packageNames758533605150618105.txt
java_class_path (initial): C:\Users\BUYPC\Desktop\yuzee-backend-institute-api\target\test-classes;C:\Users\BUYPC\Desktop\yuzee-backend-institute-api\target\classes;C:\Users\BUYPC\.m2\repository\org\apache\commons\commons-lang3\3.11\commons-lang3-3.11.jar;C:\Users\BUYPC\.m2\repository\org\projectlombok\lombok\1.18.20\lombok-1.18.20.jar;C:\Users\BUYPC\.m2\repository\junit\junit\4.12\junit-4.12.jar;C:\Users\BUYPC\.m2\repository\org\hamcrest\hamcrest-core\2.2\hamcrest-core-2.2.jar;C:\Users\BUYPC\.m2\repository\org\springframework\boot\spring-boot-starter-web\2.4.5\spring-boot-starter-web-2.4.5.jar;C:\Users\BUYPC\.m2\repository\org\springframework\boot\spring-boot-starter\2.4.5\spring-boot-starter-2.4.5.jar;C:\Users\BUYPC\.m2\repository\org\springframework\boot\spring-boot-starter-logging\2.4.5\spring-boot-starter-logging-2.4.5.jar;C:\Users\BUYPC\.m2\repository\ch\qos\logback\logback-classic\1.2.3\logback-classic-1.2.3.jar;C:\Users\BUYPC\.m2\repository\ch\qos\logback\logback-core\1.2.3\logback-core-1.2.3.jar;C:\Users\BUYPC\.m2\repository\org\apache\logging\log4j\log4j-to-slf4j\2.13.3\log4j-to-slf4j-2.13.3.jar;C:\Users\BUYPC\.m2\repository\org\apache\logging\log4j\log4j-api\2.13.3\log4j-api-2.13.3.jar;C:\Users\BUYPC\.m2\repository\org\slf4j\jul-to-slf4j\1.7.30\jul-to-slf4j-1.7.30.jar;C:\Users\BUYPC\.m2\repository\org\yaml\snakeyaml\1.27\snakeyaml-1.27.jar;C:\Users\BUYPC\.m2\repository\org\springframework\boot\spring-boot-starter-json\2.4.5\spring-boot-starter-json-2.4.5.jar;C:\Users\BUYPC\.m2\repository\com\fasterxml\jackson\datatype\jackson-datatype-jdk8\2.11.4\jackson-datatype-jdk8-2.11.4.jar;C:\Users\BUYPC\.m2\repository\com\fasterxml\jackson\datatype\jackson-datatype-jsr310\2.11.4\jackson-datatype-jsr310-2.11.4.jar;C:\Users\BUYPC\.m2\repository\com\fasterxml\jackson\module\jackson-module-parameter-names\2.11.4\jackson-module-parameter-names-2.11.4.jar;C:\Users\BUYPC\.m2\repository\org\springframework\spring-web\5.3.6\spring-web-5.3.6.jar;C:\Users\BUYPC\.m2\repositor
Launcher Type: SUN_STANDARD

[Global flags]
     intx CICompilerCount                          = 3                                         {product} {ergonomic}
     uint ConcGCThreads                            = 1                                         {product} {ergonomic}
     uint G1ConcRefinementThreads                  = 4                                         {product} {ergonomic}
   size_t G1HeapRegionSize                         = 1048576                                   {product} {ergonomic}
    uintx GCDrainStackTargetSize                   = 64                                        {product} {ergonomic}
   size_t InitialHeapSize                          = 134217728                                 {product} {ergonomic}
   size_t MarkStackSize                            = 4194304                                   {product} {ergonomic}
   size_t MaxHeapSize                              = 2118123520                                {product} {ergonomic}
   size_t MaxNewSize                               = 1270874112                                {product} {ergonomic}
   size_t MinHeapDeltaBytes                        = 1048576                                   {product} {ergonomic}
   size_t MinHeapSize                              = 8388608                                   {product} {ergonomic}
    uintx NonNMethodCodeHeapSize                   = 5832780                                {pd product} {ergonomic}
    uintx NonProfiledCodeHeapSize                  = 122912730                              {pd product} {ergonomic}
    uintx ProfiledCodeHeapSize                     = 122912730                              {pd product} {ergonomic}
    uintx ReservedCodeCacheSize                    = 251658240                              {pd product} {ergonomic}
     bool SegmentedCodeCache                       = true                                      {product} {ergonomic}
     bool ShowCodeDetailsInExceptionMessages       = true                                   {manageable} {command line}
   size_t SoftMaxHeapSize                          = 2118123520                             {manageable} {ergonomic}
     bool UseCompressedClassPointers               = true                           {product lp64_product} {ergonomic}
     bool UseCompressedOops                        = true                           {product lp64_product} {ergonomic}
     bool UseG1GC                                  = true                                      {product} {ergonomic}
     bool UseLargePagesIndividualAllocation        = false                                  {pd product} {ergonomic}

Logging:
Log output configuration:
 #0: stdout all=warning uptime,level,tags
 #1: stderr all=off uptime,level,tags

Environment Variables:
JAVA_HOME=C:\Program Files\Java\jdk-17.0.2
PATH=C:\Users\BUYPC\Desktop\sts-4.16.0.RELEASE\plugins\org.eclipse.justj.openjdk.hotspot.jre.full.win32.x86_64_17.0.4.v20220903-1038\jre\bin;C:/Users/BUYPC/Desktop/sts-4.16.0.RELEASE//plugins/org.eclipse.justj.openjdk.hotspot.jre.full.win32.x86_64_17.0.4.v20220903-1038/jre/bin/server;C:/Users/BUYPC/Desktop/sts-4.16.0.RELEASE//plugins/org.eclipse.justj.openjdk.hotspot.jre.full.win32.x86_64_17.0.4.v20220903-1038/jre/bin;C:\Program Files\Common Files\Oracle\Java\javapath;C:\Program Files\Java\jdk-16.0.2\bin;C:\Windows\system32;C:\Windows;C:\Windows\System32\Wbem;C:\Windows\System32\WindowsPowerShell\v1.0\;C:\Windows\System32\OpenSSH\;C:\Users\BUYPC\Desktop\apache-maven-3.8.4-bin\apache-maven-3.8.4\bin;C:\Program Files\Git\cmd;C:\Program Files\nodejs\;C:\ProgramData\Microsoft\Windows\Start Menu\Programs\MySQL\MySQL Server 8.0;C:\Users\BUYPC\Downloads\sonarqube-8.9.9.56886\sonarqube-8.9.9.56886\bin;;C:\Program Files\Docker\Docker\resources\bin;C:\Program Files\MySQL\MySQL Shell 8.0\bin\;C:\Users\BUYPC\AppData\Local\Microsoft\WindowsApps;C:\Users\BUYPC\AppData\Roaming\npm;C:\Users\BUYPC\AppData\Local\Programs\Microsoft VS Code\bin;C:\Users\BUYPC\Desktop\;C:\Users\BUYPC\Desktop\sts-4.16.0.RELEASE;
USERNAME=BUYPC
OS=Windows_NT
PROCESSOR_IDENTIFIER=Intel64 Family 6 Model 42 Stepping 7, GenuineIntel
TMP=C:\Users\BUYPC\AppData\Local\Temp
TEMP=C:\Users\BUYPC\AppData\Local\Temp



---------------  S Y S T E M  ---------------

OS:
 Windows 10 , 64 bit Build 19041 (10.0.19041.2251)
OS uptime: 0 days 18:17 hours
Hyper-V role detected

CPU: total 4 (initial active 4) (2 cores per cpu, 2 threads per core) family 6 model 42 stepping 7 microcode 0x2f, cx8, cmov, fxsr, ht, mmx, sse, sse2, sse3, ssse3, sse4.1, sse4.2, popcnt, tsc, tscinvbit, avx, aes, clmul, vzeroupper, clflush, hv

Memory: 4k page, system-wide physical 8073M (566M free)
TotalPageFile size 13193M (AvailPageFile size 3620M)
current process WorkingSet (physical memory assigned to process): 598M, peak: 603M
current process commit charge ("private bytes"): 621M, peak: 627M

vm_info: OpenJDK 64-Bit Server VM (17.0.4.1+1) for windows-amd64 JRE (17.0.4.1+1), built on Aug 17 2022 07:42:43 by "temurin" with MS VC++ 16.7 (VS2019)

END.
