#
# A fatal error has been detected by the Java Runtime Environment:
#
#  EXCEPTION_ACCESS_VIOLATION (0xc0000005) at pc=0x00007ff8da2df244, pid=11468, tid=9884
#
# JRE version: OpenJDK Runtime Environment Temurin-17.0.4.1+1 (17.0.4.1+1) (build 17.0.4.1+1)
# Java VM: OpenJDK 64-Bit Server VM Temurin-17.0.4.1+1 (17.0.4.1+1, mixed mode, tiered, compressed oops, compressed class ptrs, g1 gc, windows-amd64)
# Problematic frame:
# V  [jvm.dll+0x21f244]
#
# No core dump will be written. Minidumps are not enabled by default on client versions of Windows
#
# If you would like to submit a bug report, please visit:
#   https://github.com/adoptium/adoptium-support/issues
#

---------------  S U M M A R Y ------------

Command Line: -XX:+ShowCodeDetailsInExceptionMessages -agentlib:jdwp=transport=dt_socket,suspend=y,address=localhost:55842 -ea -javaagent:C:\Users\BUYPC\Desktop\sts-4.16.0.RELEASE\configuration\org.eclipse.osgi\268\0\.cp\lib\javaagent-shaded.jar -Dfile.encoding=UTF-8 org.eclipse.jdt.internal.junit.runner.RemoteTestRunner -version 3 -port 55841 -testLoaderClass org.eclipse.jdt.internal.junit5.runner.JUnit5TestLoader -loaderpluginname org.eclipse.jdt.junit5.runtime -test com.yuzee.app.controller.CourseControllerTest:getUserCourse

Host: Intel(R) Core(TM) i7-2640M CPU @ 2.80GHz, 4 cores, 7G,  Windows 10 , 64 bit Build 19041 (10.0.19041.2251)
Time: Tue Nov 29 05:56:20 2022 Pacific Standard Time elapsed time: 33.815065 seconds (0d 0h 0m 33s)

---------------  T H R E A D  ---------------

Current thread (0x000002179ac16450):  JavaThread "C2 CompilerThread0" daemon [_thread_in_native, id=9884, stack(0x000000ed86d00000,0x000000ed86e00000)]


Current CompileTask:
C2:  33815 8694   !   4       org.springframework.util.ReflectionUtils::doWithMethods (193 bytes)

Stack: [0x000000ed86d00000,0x000000ed86e00000],  sp=0x000000ed86dfb9a0,  free space=1006k
Native frames: (J=compiled Java code, j=interpreted, Vv=VM code, C=native code)
V  [jvm.dll+0x21f244]
V  [jvm.dll+0x69a56c]
V  [jvm.dll+0x219b44]
V  [jvm.dll+0x21799b]
V  [jvm.dll+0x1a3f8d]
V  [jvm.dll+0x227498]
V  [jvm.dll+0x2255e5]
V  [jvm.dll+0x7e7e9b]
V  [jvm.dll+0x7e240a]
V  [jvm.dll+0x6761a5]
C  [ucrtbase.dll+0x21bb2]
C  [KERNEL32.DLL+0x174b4]
C  [ntdll.dll+0x526a1]


siginfo: EXCEPTION_ACCESS_VIOLATION (0xc0000005), reading address 0x0000000000000040


Register to memory mapping:

RIP=0x00007ff8da2df244 jvm.dll
RAX=0x0000000000000040 is an unknown value
RBX=0x000000ed86dfc660 is pointing into the stack for thread: 0x000002179ac16450
RCX=0x00000000000012f1 is an unknown value
RDX=0x000000000000150a is an unknown value
RSP=0x000000ed86dfb9a0 is pointing into the stack for thread: 0x000002179ac16450
RBP=0x000000ed86dfbb60 is pointing into the stack for thread: 0x000002179ac16450
RSI=0x0000000000000227 is an unknown value
RDI=0x00000217a0b7c3e8 points into unknown readable memory: 0x00007ff8daa59238 | 38 92 a5 da f8 7f 00 00
R8 =0x0000000000004000 is an unknown value
R9 =0x0 is NULL
R10=0x00000217a282ba40 points into unknown readable memory: 0xffdcf00400801feb | eb 1f 80 00 04 f0 dc ff
R11=0x00000217a9406050 points into unknown readable memory: 0x0000000000000000 | 00 00 00 00 00 00 00 00
R12=0x0000000000000217 is an unknown value
R13=0x00000217a5195240 points into unknown readable memory: 0x000000c8000048a9 | a9 48 00 00 c8 00 00 00
R14=0x0 is NULL
R15=0x000000000000000e is an unknown value


Registers:
RAX=0x0000000000000040, RBX=0x000000ed86dfc660, RCX=0x00000000000012f1, RDX=0x000000000000150a
RSP=0x000000ed86dfb9a0, RBP=0x000000ed86dfbb60, RSI=0x0000000000000227, RDI=0x00000217a0b7c3e8
R8 =0x0000000000004000, R9 =0x0000000000000000, R10=0x00000217a282ba40, R11=0x00000217a9406050
R12=0x0000000000000217, R13=0x00000217a5195240, R14=0x0000000000000000, R15=0x000000000000000e
RIP=0x00007ff8da2df244, EFLAGS=0x0000000000010246

Top of Stack: (sp=0x000000ed86dfb9a0)
0x000000ed86dfb9a0:   000000ed86dfc660 000000ed86dfbb60
0x000000ed86dfb9b0:   000000ed86dfeba0 0000000000002263
0x000000ed86dfb9c0:   000000ed86dfdbb0 0000000000000000
0x000000ed86dfb9d0:   000000ed86dfecd8 0000000000000020
0x000000ed86dfb9e0:   000000ed86dfc650 00007ff8da75a56c
0x000000ed86dfb9f0:   000000ed000012f1 000000ed86dfbb60
0x000000ed86dfba00:   0000000000000050 000000ed86dfe140
0x000000ed86dfba10:   0000000000000400 000002179ac15ce0
0x000000ed86dfba20:   0000021799fb07a0 0000000000000000
0x000000ed86dfba30:   00000217fe9aec50 0000000000000050
0x000000ed86dfba40:   000000ed86dfecd8 0000000000000020
0x000000ed86dfba50:   000000ed86dfbb60 00007ff8da2d9b44
0x000000ed86dfba60:   000000ed86dfeba0 000000ed86dfe140
0x000000ed86dfba70:   000000ed86dfdbb0 000000ed86dfba90
0x000000ed86dfba80:   0000021700000003 000000ed86dfbdb0
0x000000ed86dfba90:   000000ed86dfecd8 0000000000000004 

Instructions: (pc=0x00007ff8da2df244)
0x00007ff8da2df144:   ff 41 8b c6 48 f7 d8 4d 8d 3c c7 4c 89 bc 24 88
0x00007ff8da2df154:   00 00 00 4c 3b 7c 24 20 0f 83 11 fe ff ff 4c 8b
0x00007ff8da2df164:   74 24 30 4c 8b 64 24 38 48 8b 7c 24 40 48 8b ac
0x00007ff8da2df174:   24 80 00 00 00 48 83 c4 48 41 5f 41 5d 5e 5b c3
0x00007ff8da2df184:   cc cc cc cc cc cc cc cc cc cc cc cc 40 53 56 57
0x00007ff8da2df194:   48 83 ec 30 8b b9 40 02 00 00 48 8b da 2b b9 68
0x00007ff8da2df1a4:   02 00 00 48 8b f1 3b 7a 08 72 0a 8b d7 48 8b cb
0x00007ff8da2df1b4:   e8 c7 56 43 00 48 8b 43 10 48 c7 04 f8 00 00 00
0x00007ff8da2df1c4:   00 48 8b 96 d0 02 00 00 48 85 d2 74 08 48 8b cb
0x00007ff8da2df1d4:   e8 c7 41 e8 ff 48 8b 96 d8 02 00 00 48 85 d2 74
0x00007ff8da2df1e4:   08 48 8b cb e8 b3 41 e8 ff 8b 53 18 33 c0 89 44
0x00007ff8da2df1f4:   24 50 85 d2 0f 84 f8 00 00 00 48 89 6c 24 58 4c
0x00007ff8da2df204:   89 64 24 60 4c 89 6c 24 68 4c 89 74 24 28 4c 89
0x00007ff8da2df214:   7c 24 20 66 0f 1f 84 00 00 00 00 00 8b c8 48 8b
0x00007ff8da2df224:   43 10 4c 8b 2c c8 41 8b 45 1c 85 c0 0f 84 95 00
0x00007ff8da2df234:   00 00 45 33 f6 44 8b e0 0f 1f 40 00 49 8b 45 08
0x00007ff8da2df244:   49 8b 3c 06 48 85 ff 74 6d 40 f6 c7 01 75 67 48
0x00007ff8da2df254:   83 3f fe 74 61 44 8b 7f 28 41 8b f7 c1 ee 05 3b
0x00007ff8da2df264:   73 20 72 0b 8b d6 48 8d 4b 20 e8 2d c6 5f 00 48
0x00007ff8da2df274:   8b 43 28 41 83 e7 1f 48 8d 14 b0 41 0f b6 cf 41
0x00007ff8da2df284:   b8 01 00 00 00 41 d3 e0 8b 0a 8b c1 41 0b c0 89
0x00007ff8da2df294:   02 41 85 c8 75 20 8b 73 18 8d 46 01 89 43 18 3b
0x00007ff8da2df2a4:   73 08 72 0a 8b d6 48 8b cb e8 ce 55 43 00 48 8b
0x00007ff8da2df2b4:   43 10 48 89 3c f0 49 83 c6 08 49 83 ec 01 0f 85
0x00007ff8da2df2c4:   78 ff ff ff 8b 53 18 8b 44 24 50 ff c0 89 44 24
0x00007ff8da2df2d4:   50 3b c2 0f 82 43 ff ff ff 4c 8b 7c 24 20 4c 8b
0x00007ff8da2df2e4:   74 24 28 4c 8b 6c 24 68 4c 8b 64 24 60 48 8b 6c
0x00007ff8da2df2f4:   24 58 48 83 c4 30 5f 5e 5b c3 cc cc 40 53 48 83
0x00007ff8da2df304:   ec 20 48 8b 81 e0 02 00 00 48 8b d9 48 85 c0 75
0x00007ff8da2df314:   27 e8 76 3f 00 00 48 8b d0 48 8b 48 10 48 8b 01
0x00007ff8da2df324:   48 3b c2 74 06 83 78 38 02 74 06 48 83 c1 08 eb
0x00007ff8da2df334:   ec 48 89 83 e0 02 00 00 48 83 c4 20 5b c3 cc cc 


Stack slot to memory mapping:
stack at sp + 0 slots: 0x000000ed86dfc660 is pointing into the stack for thread: 0x000002179ac16450
stack at sp + 1 slots: 0x000000ed86dfbb60 is pointing into the stack for thread: 0x000002179ac16450
stack at sp + 2 slots: 0x000000ed86dfeba0 is pointing into the stack for thread: 0x000002179ac16450
stack at sp + 3 slots: 0x0000000000002263 is an unknown value
stack at sp + 4 slots: 0x000000ed86dfdbb0 is pointing into the stack for thread: 0x000002179ac16450
stack at sp + 5 slots: 0x0 is NULL
stack at sp + 6 slots: 0x000000ed86dfecd8 is pointing into the stack for thread: 0x000002179ac16450
stack at sp + 7 slots: 0x0000000000000020 is an unknown value


---------------  P R O C E S S  ---------------

Threads class SMR info:
_java_thread_list=0x000002179c056eb0, length=28, elements={
0x00000217fe9c2ec0, 0x000002179a02e250, 0x000002179ac01990, 0x0000021799ffc110,
0x0000021799ffeed0, 0x000002179ac13f90, 0x000002179ac14850, 0x000002179ac16450,
0x000002179ac93b90, 0x000002179ac98860, 0x000002179aec35f0, 0x000002179af4f3d0,
0x000002179af68f20, 0x000002179af69ae0, 0x000002179bc38180, 0x000002179c025060,
0x000002179ad08260, 0x000002179ad06a50, 0x000002179ad08730, 0x000002179ad06580,
0x000002179ad06f20, 0x00000217a290cff0, 0x000002179ad08c00, 0x000002179ad07d90,
0x000002179ad090d0, 0x00000217a25ad050, 0x00000217a25aa030, 0x00000217a25ad9f0
}

Java Threads: ( => current thread )
  0x00000217fe9c2ec0 JavaThread "main" [_thread_in_native, id=5580, stack(0x000000ed86000000,0x000000ed86100000)]
  0x000002179a02e250 JavaThread "Reference Handler" daemon [_thread_blocked, id=11756, stack(0x000000ed86700000,0x000000ed86800000)]
  0x000002179ac01990 JavaThread "Finalizer" daemon [_thread_blocked, id=6496, stack(0x000000ed86800000,0x000000ed86900000)]
  0x0000021799ffc110 JavaThread "Signal Dispatcher" daemon [_thread_blocked, id=12404, stack(0x000000ed86900000,0x000000ed86a00000)]
  0x0000021799ffeed0 JavaThread "Attach Listener" daemon [_thread_blocked, id=1716, stack(0x000000ed86a00000,0x000000ed86b00000)]
  0x000002179ac13f90 JavaThread "Service Thread" daemon [_thread_blocked, id=9700, stack(0x000000ed86b00000,0x000000ed86c00000)]
  0x000002179ac14850 JavaThread "Monitor Deflation Thread" daemon [_thread_blocked, id=4148, stack(0x000000ed86c00000,0x000000ed86d00000)]
=>0x000002179ac16450 JavaThread "C2 CompilerThread0" daemon [_thread_in_native, id=9884, stack(0x000000ed86d00000,0x000000ed86e00000)]
  0x000002179ac93b90 JavaThread "C1 CompilerThread0" daemon [_thread_blocked, id=12796, stack(0x000000ed86e00000,0x000000ed86f00000)]
  0x000002179ac98860 JavaThread "Sweeper thread" daemon [_thread_blocked, id=8440, stack(0x000000ed86f00000,0x000000ed87000000)]
  0x000002179aec35f0 JavaThread "Common-Cleaner" daemon [_thread_blocked, id=8220, stack(0x000000ed87000000,0x000000ed87100000)]
  0x000002179af4f3d0 JavaThread "JDWP Transport Listener: dt_socket" daemon [_thread_blocked, id=11392, stack(0x000000ed87200000,0x000000ed87300000)]
  0x000002179af68f20 JavaThread "JDWP Event Helper Thread" daemon [_thread_blocked, id=12228, stack(0x000000ed87300000,0x000000ed87400000)]
  0x000002179af69ae0 JavaThread "JDWP Command Reader" daemon [_thread_in_native, id=11052, stack(0x000000ed87400000,0x000000ed87500000)]
  0x000002179bc38180 JavaThread "Notification Thread" daemon [_thread_blocked, id=7696, stack(0x000000ed87900000,0x000000ed87a00000)]
  0x000002179c025060 JavaThread "ReaderThread" [_thread_in_native, id=10696, stack(0x000000ed87b00000,0x000000ed87c00000)]
  0x000002179ad08260 JavaThread "Catalina-utility-1" [_thread_blocked, id=10800, stack(0x000000ed87c00000,0x000000ed87d00000)]
  0x000002179ad06a50 JavaThread "Catalina-utility-2" [_thread_blocked, id=4396, stack(0x000000ed87d00000,0x000000ed87e00000)]
  0x000002179ad08730 JavaThread "container-0" [_thread_blocked, id=12840, stack(0x000000ed87e00000,0x000000ed87f00000)]
  0x000002179ad06580 JavaThread "Thread-5" daemon [_thread_in_native, id=10272, stack(0x000000ed87f00000,0x000000ed88000000)]
  0x000002179ad06f20 JavaThread "cluster-ClusterId{value='63860f7b19660a57d849c580', description='null'}-srv-notification.18kxt.mongodb.net" daemon [_thread_blocked, id=10728, stack(0x000000ed87800000,0x000000ed87900000)]
  0x00000217a290cff0 JavaThread "C2 CompilerThread1" daemon [_thread_in_native, id=11224, stack(0x000000ed88000000,0x000000ed88100000)]
  0x000002179ad08c00 JavaThread "cluster-ClusterId{value='63860f7b19660a57d849c580', description='null'}-notification-shard-00-02.18kxt.mongodb.net:27017" daemon [_thread_in_native, id=8836, stack(0x000000ed88100000,0x000000ed88200000)]
  0x000002179ad07d90 JavaThread "cluster-rtt-ClusterId{value='63860f7b19660a57d849c580', description='null'}-notification-shard-00-02.18kxt.mongodb.net:27017" daemon [_thread_blocked, id=4140, stack(0x000000ed88200000,0x000000ed88300000)]
  0x000002179ad090d0 JavaThread "cluster-ClusterId{value='63860f7b19660a57d849c580', description='null'}-notification-shard-00-00.18kxt.mongodb.net:27017" daemon [_thread_in_native, id=3708, stack(0x000000ed88300000,0x000000ed88400000)]
  0x00000217a25ad050 JavaThread "cluster-rtt-ClusterId{value='63860f7b19660a57d849c580', description='null'}-notification-shard-00-00.18kxt.mongodb.net:27017" daemon [_thread_blocked, id=11396, stack(0x000000ed88400000,0x000000ed88500000)]
  0x00000217a25aa030 JavaThread "cluster-ClusterId{value='63860f7b19660a57d849c580', description='null'}-notification-shard-00-01.18kxt.mongodb.net:27017" daemon [_thread_in_native, id=12960, stack(0x000000ed88500000,0x000000ed88600000)]
  0x00000217a25ad9f0 JavaThread "cluster-rtt-ClusterId{value='63860f7b19660a57d849c580', description='null'}-notification-shard-00-01.18kxt.mongodb.net:27017" daemon [_thread_blocked, id=5616, stack(0x000000ed88600000,0x000000ed88700000)]

Other Threads:
  0x000002179a0147b0 VMThread "VM Thread" [stack: 0x000000ed86600000,0x000000ed86700000] [id=12540]
  0x000002179c26d9c0 WatcherThread [stack: 0x000000ed87a00000,0x000000ed87b00000] [id=1268]
  0x00000217fea1d4a0 GCTaskThread "GC Thread#0" [stack: 0x000000ed86100000,0x000000ed86200000] [id=6544]
  0x000002179ba01080 GCTaskThread "GC Thread#1" [stack: 0x000000ed87500000,0x000000ed87600000] [id=6260]
  0x000002179ba01330 GCTaskThread "GC Thread#2" [stack: 0x000000ed87600000,0x000000ed87700000] [id=12244]
  0x000002179bb0aab0 GCTaskThread "GC Thread#3" [stack: 0x000000ed87700000,0x000000ed87800000] [id=9460]
  0x00000217fea2f070 ConcurrentGCThread "G1 Main Marker" [stack: 0x000000ed86200000,0x000000ed86300000] [id=7860]
  0x00000217fea2fa80 ConcurrentGCThread "G1 Conc#0" [stack: 0x000000ed86300000,0x000000ed86400000] [id=11436]
  0x00000217fea6d5c0 ConcurrentGCThread "G1 Refine#0" [stack: 0x000000ed86400000,0x000000ed86500000] [id=12964]
  0x00000217fea6dfe0 ConcurrentGCThread "G1 Service" [stack: 0x000000ed86500000,0x000000ed86600000] [id=12740]

Threads with active compile tasks:
C2 CompilerThread0    34157 8694   !   4       org.springframework.util.ReflectionUtils::doWithMethods (193 bytes)
C2 CompilerThread1    34157 8938       4       java.util.regex.Pattern::split (288 bytes)

VM state: not at safepoint (normal execution)

VM Mutex/Monitor currently owned by a thread: None

Heap address: 0x0000000081c00000, size: 2020 MB, Compressed Oops mode: 32-bit

CDS archive(s) not mapped
Compressed class space mapped at: 0x0000000100000000-0x0000000140000000, reserved size: 1073741824
Narrow klass base: 0x0000000000000000, Narrow klass shift: 3, Narrow klass range: 0x140000000

GC Precious Log:
 CPUs: 4 total, 4 available
 Memory: 8073M
 Large Page Support: Disabled
 NUMA Support: Disabled
 Compressed Oops: Enabled (32-bit)
 Heap Region Size: 1M
 Heap Min Capacity: 8M
 Heap Initial Capacity: 128M
 Heap Max Capacity: 2020M
 Pre-touch: Disabled
 Parallel Workers: 4
 Concurrent Workers: 1
 Concurrent Refinement Workers: 4
 Periodic GC: Disabled

Heap:
 garbage-first heap   total 124928K, used 96875K [0x0000000081c00000, 0x0000000100000000)
  region size 1024K, 38 young (38912K), 4 survivors (4096K)
 Metaspace       used 76362K, committed 76864K, reserved 1122304K
  class space    used 9568K, committed 9792K, reserved 1048576K

Heap Regions: E=young(eden), S=young(survivor), O=old, HS=humongous(starts), HC=humongous(continues), CS=collection set, F=free, OA=open archive, CA=closed archive, TAMS=top-at-mark-start (previous, next)
|   0|0x0000000081c00000, 0x0000000081d00000, 0x0000000081d00000|100%|HS|  |TAMS 0x0000000081d00000, 0x0000000081c00000| Complete 
|   1|0x0000000081d00000, 0x0000000081e00000, 0x0000000081e00000|100%| O|  |TAMS 0x0000000081e00000, 0x0000000081d00000| Untracked 
|   2|0x0000000081e00000, 0x0000000081f00000, 0x0000000081f00000|100%| O|  |TAMS 0x0000000081f00000, 0x0000000081e00000| Untracked 
|   3|0x0000000081f00000, 0x0000000082000000, 0x0000000082000000|100%| O|  |TAMS 0x0000000082000000, 0x0000000081f00000| Untracked 
|   4|0x0000000082000000, 0x0000000082100000, 0x0000000082100000|100%| O|  |TAMS 0x0000000082100000, 0x0000000082000000| Untracked 
|   5|0x0000000082100000, 0x0000000082200000, 0x0000000082200000|100%| O|  |TAMS 0x0000000082200000, 0x0000000082100000| Untracked 
|   6|0x0000000082200000, 0x0000000082300000, 0x0000000082300000|100%| O|  |TAMS 0x0000000082300000, 0x0000000082200000| Untracked 
|   7|0x0000000082300000, 0x0000000082400000, 0x0000000082400000|100%| O|  |TAMS 0x0000000082400000, 0x0000000082300000| Untracked 
|   8|0x0000000082400000, 0x0000000082500000, 0x0000000082500000|100%| O|  |TAMS 0x0000000082500000, 0x0000000082400000| Untracked 
|   9|0x0000000082500000, 0x0000000082600000, 0x0000000082600000|100%| O|  |TAMS 0x0000000082600000, 0x0000000082500000| Untracked 
|  10|0x0000000082600000, 0x0000000082700000, 0x0000000082700000|100%| O|  |TAMS 0x0000000082700000, 0x0000000082600000| Untracked 
|  11|0x0000000082700000, 0x0000000082800000, 0x0000000082800000|100%| O|  |TAMS 0x0000000082800000, 0x0000000082700000| Untracked 
|  12|0x0000000082800000, 0x00000000828e8200, 0x0000000082900000| 90%| O|  |TAMS 0x00000000828e8200, 0x0000000082800000| Untracked 
|  13|0x0000000082900000, 0x0000000082a00000, 0x0000000082a00000|100%| O|  |TAMS 0x0000000082a00000, 0x0000000082900000| Untracked 
|  14|0x0000000082a00000, 0x0000000082b00000, 0x0000000082b00000|100%| O|  |TAMS 0x0000000082b00000, 0x0000000082a00000| Untracked 
|  15|0x0000000082b00000, 0x0000000082c00000, 0x0000000082c00000|100%| O|  |TAMS 0x0000000082c00000, 0x0000000082b00000| Untracked 
|  16|0x0000000082c00000, 0x0000000082d00000, 0x0000000082d00000|100%| O|  |TAMS 0x0000000082d00000, 0x0000000082c00000| Untracked 
|  17|0x0000000082d00000, 0x0000000082e00000, 0x0000000082e00000|100%| O|  |TAMS 0x0000000082e00000, 0x0000000082d00000| Untracked 
|  18|0x0000000082e00000, 0x0000000082f00000, 0x0000000082f00000|100%| O|  |TAMS 0x0000000082f00000, 0x0000000082e00000| Untracked 
|  19|0x0000000082f00000, 0x0000000083000000, 0x0000000083000000|100%| O|  |TAMS 0x0000000083000000, 0x0000000082f00000| Untracked 
|  20|0x0000000083000000, 0x0000000083100000, 0x0000000083100000|100%| O|  |TAMS 0x0000000083100000, 0x0000000083000000| Untracked 
|  21|0x0000000083100000, 0x0000000083200000, 0x0000000083200000|100%| O|  |TAMS 0x0000000083200000, 0x0000000083100000| Untracked 
|  22|0x0000000083200000, 0x0000000083300000, 0x0000000083300000|100%| O|  |TAMS 0x0000000083300000, 0x0000000083200000| Untracked 
|  23|0x0000000083300000, 0x0000000083400000, 0x0000000083400000|100%| O|  |TAMS 0x0000000083400000, 0x0000000083300000| Untracked 
|  24|0x0000000083400000, 0x0000000083500000, 0x0000000083500000|100%| O|  |TAMS 0x0000000083500000, 0x0000000083400000| Untracked 
|  25|0x0000000083500000, 0x0000000083600000, 0x0000000083600000|100%| O|  |TAMS 0x0000000083600000, 0x0000000083500000| Untracked 
|  26|0x0000000083600000, 0x0000000083700000, 0x0000000083700000|100%| O|  |TAMS 0x0000000083600000, 0x0000000083600000| Untracked 
|  27|0x0000000083700000, 0x0000000083800000, 0x0000000083800000|100%| O|  |TAMS 0x0000000083700000, 0x0000000083700000| Untracked 
|  28|0x0000000083800000, 0x0000000083900000, 0x0000000083900000|100%| O|  |TAMS 0x0000000083900000, 0x0000000083800000| Untracked 
|  29|0x0000000083900000, 0x0000000083a00000, 0x0000000083a00000|100%| O|  |TAMS 0x0000000083a00000, 0x0000000083900000| Untracked 
|  30|0x0000000083a00000, 0x0000000083b00000, 0x0000000083b00000|100%| O|  |TAMS 0x0000000083b00000, 0x0000000083a00000| Untracked 
|  31|0x0000000083b00000, 0x0000000083c00000, 0x0000000083c00000|100%| O|  |TAMS 0x0000000083c00000, 0x0000000083b00000| Untracked 
|  32|0x0000000083c00000, 0x0000000083d00000, 0x0000000083d00000|100%| O|  |TAMS 0x0000000083d00000, 0x0000000083c00000| Untracked 
|  33|0x0000000083d00000, 0x0000000083e00000, 0x0000000083e00000|100%| O|  |TAMS 0x0000000083e00000, 0x0000000083d00000| Untracked 
|  34|0x0000000083e00000, 0x0000000083f00000, 0x0000000083f00000|100%| O|  |TAMS 0x0000000083f00000, 0x0000000083e00000| Untracked 
|  35|0x0000000083f00000, 0x0000000084000000, 0x0000000084000000|100%| O|  |TAMS 0x0000000084000000, 0x0000000083f00000| Untracked 
|  36|0x0000000084000000, 0x0000000084100000, 0x0000000084100000|100%| O|  |TAMS 0x0000000084100000, 0x0000000084000000| Untracked 
|  37|0x0000000084100000, 0x0000000084200000, 0x0000000084200000|100%| O|  |TAMS 0x0000000084200000, 0x0000000084100000| Untracked 
|  38|0x0000000084200000, 0x0000000084300000, 0x0000000084300000|100%| O|  |TAMS 0x0000000084209800, 0x0000000084200000| Untracked 
|  39|0x0000000084300000, 0x0000000084400000, 0x0000000084400000|100%| O|  |TAMS 0x0000000084300000, 0x0000000084300000| Untracked 
|  40|0x0000000084400000, 0x0000000084500000, 0x0000000084500000|100%| O|  |TAMS 0x0000000084400000, 0x0000000084400000| Untracked 
|  41|0x0000000084500000, 0x0000000084600000, 0x0000000084600000|100%| O|  |TAMS 0x0000000084500000, 0x0000000084500000| Untracked 
|  42|0x0000000084600000, 0x0000000084700000, 0x0000000084700000|100%| O|  |TAMS 0x0000000084600000, 0x0000000084600000| Untracked 
|  43|0x0000000084700000, 0x0000000084800000, 0x0000000084800000|100%| O|  |TAMS 0x0000000084700000, 0x0000000084700000| Untracked 
|  44|0x0000000084800000, 0x0000000084900000, 0x0000000084900000|100%| O|  |TAMS 0x0000000084800000, 0x0000000084800000| Untracked 
|  45|0x0000000084900000, 0x0000000084a00000, 0x0000000084a00000|100%| O|  |TAMS 0x0000000084900000, 0x0000000084900000| Untracked 
|  46|0x0000000084a00000, 0x0000000084b00000, 0x0000000084b00000|100%| O|  |TAMS 0x0000000084a00000, 0x0000000084a00000| Untracked 
|  47|0x0000000084b00000, 0x0000000084c00000, 0x0000000084c00000|100%| O|  |TAMS 0x0000000084b00000, 0x0000000084b00000| Untracked 
|  48|0x0000000084c00000, 0x0000000084d00000, 0x0000000084d00000|100%| O|  |TAMS 0x0000000084c00000, 0x0000000084c00000| Untracked 
|  49|0x0000000084d00000, 0x0000000084e00000, 0x0000000084e00000|100%| O|  |TAMS 0x0000000084d00000, 0x0000000084d00000| Untracked 
|  50|0x0000000084e00000, 0x0000000084f00000, 0x0000000084f00000|100%| O|  |TAMS 0x0000000084e00000, 0x0000000084e00000| Untracked 
|  51|0x0000000084f00000, 0x0000000085000000, 0x0000000085000000|100%| O|  |TAMS 0x0000000084f00000, 0x0000000084f00000| Untracked 
|  52|0x0000000085000000, 0x0000000085100000, 0x0000000085100000|100%| O|  |TAMS 0x0000000085000000, 0x0000000085000000| Untracked 
|  53|0x0000000085100000, 0x0000000085200000, 0x0000000085200000|100%| O|  |TAMS 0x0000000085100000, 0x0000000085100000| Untracked 
|  54|0x0000000085200000, 0x0000000085300000, 0x0000000085300000|100%| O|  |TAMS 0x0000000085200000, 0x0000000085200000| Untracked 
|  55|0x0000000085300000, 0x0000000085400000, 0x0000000085400000|100%| O|  |TAMS 0x0000000085300000, 0x0000000085300000| Untracked 
|  56|0x0000000085400000, 0x0000000085500000, 0x0000000085500000|100%| O|  |TAMS 0x0000000085400000, 0x0000000085400000| Untracked 
|  57|0x0000000085500000, 0x00000000855b2c00, 0x0000000085600000| 69%| O|  |TAMS 0x0000000085500000, 0x0000000085500000| Untracked 
|  58|0x0000000085600000, 0x0000000085600000, 0x0000000085700000|  0%| F|  |TAMS 0x0000000085600000, 0x0000000085600000| Untracked 
|  59|0x0000000085700000, 0x0000000085700000, 0x0000000085800000|  0%| F|  |TAMS 0x0000000085700000, 0x0000000085700000| Untracked 
|  60|0x0000000085800000, 0x0000000085800000, 0x0000000085900000|  0%| F|  |TAMS 0x0000000085800000, 0x0000000085800000| Untracked 
|  61|0x0000000085900000, 0x0000000085900000, 0x0000000085a00000|  0%| F|  |TAMS 0x0000000085900000, 0x0000000085900000| Untracked 
|  62|0x0000000085a00000, 0x0000000085a00000, 0x0000000085b00000|  0%| F|  |TAMS 0x0000000085a00000, 0x0000000085a00000| Untracked 
|  63|0x0000000085b00000, 0x0000000085b00000, 0x0000000085c00000|  0%| F|  |TAMS 0x0000000085b00000, 0x0000000085b00000| Untracked 
|  64|0x0000000085c00000, 0x0000000085c00000, 0x0000000085d00000|  0%| F|  |TAMS 0x0000000085c00000, 0x0000000085c00000| Untracked 
|  65|0x0000000085d00000, 0x0000000085d00000, 0x0000000085e00000|  0%| F|  |TAMS 0x0000000085d00000, 0x0000000085d00000| Untracked 
|  66|0x0000000085e00000, 0x0000000085e00000, 0x0000000085f00000|  0%| F|  |TAMS 0x0000000085e00000, 0x0000000085e00000| Untracked 
|  67|0x0000000085f00000, 0x0000000085f00000, 0x0000000086000000|  0%| F|  |TAMS 0x0000000085f00000, 0x0000000085f00000| Untracked 
|  68|0x0000000086000000, 0x0000000086000000, 0x0000000086100000|  0%| F|  |TAMS 0x0000000086000000, 0x0000000086000000| Untracked 
|  69|0x0000000086100000, 0x0000000086100000, 0x0000000086200000|  0%| F|  |TAMS 0x0000000086100000, 0x0000000086100000| Untracked 
|  70|0x0000000086200000, 0x0000000086200000, 0x0000000086300000|  0%| F|  |TAMS 0x0000000086200000, 0x0000000086200000| Untracked 
|  71|0x0000000086300000, 0x0000000086300000, 0x0000000086400000|  0%| F|  |TAMS 0x0000000086300000, 0x0000000086300000| Untracked 
|  72|0x0000000086400000, 0x0000000086400000, 0x0000000086500000|  0%| F|  |TAMS 0x0000000086400000, 0x0000000086400000| Untracked 
|  73|0x0000000086500000, 0x0000000086500000, 0x0000000086600000|  0%| F|  |TAMS 0x0000000086500000, 0x0000000086500000| Untracked 
|  74|0x0000000086600000, 0x0000000086600000, 0x0000000086700000|  0%| F|  |TAMS 0x0000000086600000, 0x0000000086600000| Untracked 
|  75|0x0000000086700000, 0x0000000086700000, 0x0000000086800000|  0%| F|  |TAMS 0x0000000086700000, 0x0000000086700000| Untracked 
|  76|0x0000000086800000, 0x0000000086800000, 0x0000000086900000|  0%| F|  |TAMS 0x0000000086800000, 0x0000000086800000| Untracked 
|  77|0x0000000086900000, 0x0000000086a00000, 0x0000000086a00000|100%| S|CS|TAMS 0x0000000086900000, 0x0000000086900000| Complete 
|  78|0x0000000086a00000, 0x0000000086b00000, 0x0000000086b00000|100%| S|CS|TAMS 0x0000000086a00000, 0x0000000086a00000| Complete 
|  79|0x0000000086b00000, 0x0000000086c00000, 0x0000000086c00000|100%| S|CS|TAMS 0x0000000086b00000, 0x0000000086b00000| Complete 
|  80|0x0000000086c00000, 0x0000000086d00000, 0x0000000086d00000|100%| S|CS|TAMS 0x0000000086c00000, 0x0000000086c00000| Complete 
|  81|0x0000000086d00000, 0x0000000086d00000, 0x0000000086e00000|  0%| F|  |TAMS 0x0000000086d00000, 0x0000000086d00000| Untracked 
|  82|0x0000000086e00000, 0x0000000086e00000, 0x0000000086f00000|  0%| F|  |TAMS 0x0000000086e00000, 0x0000000086e00000| Untracked 
|  83|0x0000000086f00000, 0x0000000086f00000, 0x0000000087000000|  0%| F|  |TAMS 0x0000000086f00000, 0x0000000086f00000| Untracked 
|  84|0x0000000087000000, 0x0000000087000000, 0x0000000087100000|  0%| F|  |TAMS 0x0000000087000000, 0x0000000087000000| Untracked 
|  85|0x0000000087100000, 0x0000000087100000, 0x0000000087200000|  0%| F|  |TAMS 0x0000000087100000, 0x0000000087100000| Untracked 
|  86|0x0000000087200000, 0x0000000087200000, 0x0000000087300000|  0%| F|  |TAMS 0x0000000087200000, 0x0000000087200000| Untracked 
|  87|0x0000000087300000, 0x0000000087300000, 0x0000000087400000|  0%| F|  |TAMS 0x0000000087300000, 0x0000000087300000| Untracked 
|  88|0x0000000087400000, 0x0000000087480800, 0x0000000087500000| 50%| E|  |TAMS 0x0000000087400000, 0x0000000087400000| Complete 
|  89|0x0000000087500000, 0x0000000087600000, 0x0000000087600000|100%| E|CS|TAMS 0x0000000087500000, 0x0000000087500000| Complete 
|  90|0x0000000087600000, 0x0000000087700000, 0x0000000087700000|100%| E|CS|TAMS 0x0000000087600000, 0x0000000087600000| Complete 
|  91|0x0000000087700000, 0x0000000087800000, 0x0000000087800000|100%| E|CS|TAMS 0x0000000087700000, 0x0000000087700000| Complete 
|  92|0x0000000087800000, 0x0000000087900000, 0x0000000087900000|100%| E|CS|TAMS 0x0000000087800000, 0x0000000087800000| Complete 
|  93|0x0000000087900000, 0x0000000087a00000, 0x0000000087a00000|100%| E|CS|TAMS 0x0000000087900000, 0x0000000087900000| Complete 
|  94|0x0000000087a00000, 0x0000000087b00000, 0x0000000087b00000|100%| E|CS|TAMS 0x0000000087a00000, 0x0000000087a00000| Complete 
|  95|0x0000000087b00000, 0x0000000087c00000, 0x0000000087c00000|100%| E|CS|TAMS 0x0000000087b00000, 0x0000000087b00000| Complete 
|  96|0x0000000087c00000, 0x0000000087d00000, 0x0000000087d00000|100%| E|CS|TAMS 0x0000000087c00000, 0x0000000087c00000| Complete 
|  97|0x0000000087d00000, 0x0000000087e00000, 0x0000000087e00000|100%| E|CS|TAMS 0x0000000087d00000, 0x0000000087d00000| Complete 
|  98|0x0000000087e00000, 0x0000000087f00000, 0x0000000087f00000|100%| E|CS|TAMS 0x0000000087e00000, 0x0000000087e00000| Complete 
|  99|0x0000000087f00000, 0x0000000088000000, 0x0000000088000000|100%| E|CS|TAMS 0x0000000087f00000, 0x0000000087f00000| Complete 
| 100|0x0000000088000000, 0x0000000088100000, 0x0000000088100000|100%| E|CS|TAMS 0x0000000088000000, 0x0000000088000000| Complete 
| 101|0x0000000088100000, 0x0000000088200000, 0x0000000088200000|100%| E|CS|TAMS 0x0000000088100000, 0x0000000088100000| Complete 
| 102|0x0000000088200000, 0x0000000088300000, 0x0000000088300000|100%| E|CS|TAMS 0x0000000088200000, 0x0000000088200000| Complete 
| 103|0x0000000088300000, 0x0000000088400000, 0x0000000088400000|100%| E|CS|TAMS 0x0000000088300000, 0x0000000088300000| Complete 
| 104|0x0000000088400000, 0x0000000088500000, 0x0000000088500000|100%| E|CS|TAMS 0x0000000088400000, 0x0000000088400000| Complete 
| 105|0x0000000088500000, 0x0000000088600000, 0x0000000088600000|100%| E|CS|TAMS 0x0000000088500000, 0x0000000088500000| Complete 
| 106|0x0000000088600000, 0x0000000088700000, 0x0000000088700000|100%| E|CS|TAMS 0x0000000088600000, 0x0000000088600000| Complete 
| 107|0x0000000088700000, 0x0000000088800000, 0x0000000088800000|100%| E|CS|TAMS 0x0000000088700000, 0x0000000088700000| Complete 
| 108|0x0000000088800000, 0x0000000088900000, 0x0000000088900000|100%| E|CS|TAMS 0x0000000088800000, 0x0000000088800000| Complete 
| 109|0x0000000088900000, 0x0000000088a00000, 0x0000000088a00000|100%| E|CS|TAMS 0x0000000088900000, 0x0000000088900000| Complete 
| 110|0x0000000088a00000, 0x0000000088b00000, 0x0000000088b00000|100%| E|CS|TAMS 0x0000000088a00000, 0x0000000088a00000| Complete 
| 111|0x0000000088b00000, 0x0000000088c00000, 0x0000000088c00000|100%| E|CS|TAMS 0x0000000088b00000, 0x0000000088b00000| Complete 
| 112|0x0000000088c00000, 0x0000000088d00000, 0x0000000088d00000|100%| E|CS|TAMS 0x0000000088c00000, 0x0000000088c00000| Complete 
| 113|0x0000000088d00000, 0x0000000088e00000, 0x0000000088e00000|100%| E|CS|TAMS 0x0000000088d00000, 0x0000000088d00000| Complete 
| 114|0x0000000088e00000, 0x0000000088f00000, 0x0000000088f00000|100%| E|CS|TAMS 0x0000000088e00000, 0x0000000088e00000| Complete 
| 115|0x0000000088f00000, 0x0000000089000000, 0x0000000089000000|100%| E|CS|TAMS 0x0000000088f00000, 0x0000000088f00000| Complete 
| 116|0x0000000089000000, 0x0000000089100000, 0x0000000089100000|100%| E|CS|TAMS 0x0000000089000000, 0x0000000089000000| Complete 
| 117|0x0000000089100000, 0x0000000089200000, 0x0000000089200000|100%| E|CS|TAMS 0x0000000089100000, 0x0000000089100000| Complete 
| 118|0x0000000089200000, 0x0000000089300000, 0x0000000089300000|100%| E|CS|TAMS 0x0000000089200000, 0x0000000089200000| Complete 
| 119|0x0000000089300000, 0x0000000089400000, 0x0000000089400000|100%| E|CS|TAMS 0x0000000089300000, 0x0000000089300000| Complete 
| 120|0x0000000089400000, 0x0000000089500000, 0x0000000089500000|100%| E|CS|TAMS 0x0000000089400000, 0x0000000089400000| Complete 
| 127|0x0000000089b00000, 0x0000000089c00000, 0x0000000089c00000|100%| E|CS|TAMS 0x0000000089b00000, 0x0000000089b00000| Complete 

Card table byte_map: [0x00000217ff860000,0x00000217ffc60000] _byte_map_base: 0x00000217ff452000

Marking Bits (Prev, Next): (CMBitMap*) 0x00000217fea1eb00, (CMBitMap*) 0x00000217fea1eac0
 Prev Bits: [0x0000021795d90000, 0x0000021797d20000)
 Next Bits: [0x0000021793e00000, 0x0000021795d90000)

Polling page: 0x00000217fe750000

Metaspace:

Usage:
  Non-class:     65.23 MB used.
      Class:      9.34 MB used.
       Both:     74.57 MB used.

Virtual space:
  Non-class space:       72.00 MB reserved,      65.50 MB ( 91%) committed,  9 nodes.
      Class space:        1.00 GB reserved,       9.56 MB ( <1%) committed,  1 nodes.
             Both:        1.07 GB reserved,      75.06 MB (  7%) committed. 

Chunk freelists:
   Non-Class:  2.23 MB
       Class:  2.45 MB
        Both:  4.69 MB

MaxMetaspaceSize: unlimited
CompressedClassSpaceSize: 1.00 GB
Initial GC threshold: 21.00 MB
Current GC threshold: 94.69 MB
CDS: off
MetaspaceReclaimPolicy: balanced
 - commit_granule_bytes: 65536.
 - commit_granule_words: 8192.
 - virtual_space_node_default_size: 1048576.
 - enlarge_chunks_in_place: 1.
 - new_chunks_are_fully_committed: 0.
 - uncommit_free_chunks: 1.
 - use_allocation_guard: 0.
 - handle_deallocations: 1.


Internal statistics:

num_allocs_failed_limit: 6.
num_arena_births: 776.
num_arena_deaths: 2.
num_vsnodes_births: 10.
num_vsnodes_deaths: 0.
num_space_committed: 1201.
num_space_uncommitted: 0.
num_chunks_returned_to_freelist: 9.
num_chunks_taken_from_freelist: 3262.
num_chunk_merges: 3.
num_chunk_splits: 2136.
num_chunks_enlarged: 1533.
num_purges: 2.
num_inconsistent_stats: 0.

CodeHeap 'non-profiled nmethods': size=120000Kb used=5871Kb max_used=5871Kb free=114128Kb
 bounds [0x000002178c4d0000, 0x000002178ca90000, 0x0000021793a00000]
CodeHeap 'profiled nmethods': size=120000Kb used=15079Kb max_used=15079Kb free=104920Kb
 bounds [0x0000021784fa0000, 0x0000021785e60000, 0x000002178c4d0000]
CodeHeap 'non-nmethods': size=5760Kb used=1342Kb max_used=1411Kb free=4417Kb
 bounds [0x0000021784a00000, 0x0000021784c70000, 0x0000021784fa0000]
 total_blobs=8165 nmethods=7589 adapters=487
 compilation: enabled
              stopped_count=0, restarted_count=0
 full_count=0

Compilation events (20 events):
Event: 32.742 Thread 0x00000217a290cff0 nmethod 8654 0x000002178ca5f890 code [0x000002178ca5faa0, 0x000002178ca61318]
Event: 32.742 Thread 0x00000217a290cff0 8071       4       org.springframework.core.annotation.AnnotationsScanner::scan (18 bytes)
Event: 32.834 Thread 0x00000217a290cff0 nmethod 8071 0x000002178ca61e90 code [0x000002178ca621a0, 0x000002178ca64628]
Event: 32.834 Thread 0x00000217a290cff0 8072       4       org.springframework.core.annotation.AnnotationsScanner::process (43 bytes)
Event: 32.926 Thread 0x00000217a290cff0 nmethod 8072 0x000002178ca66110 code [0x000002178ca66420, 0x000002178ca67d28]
Event: 32.927 Thread 0x00000217a290cff0 8087       4       org.springframework.core.annotation.TypeMappedAnnotations::get (52 bytes)
Event: 32.950 Thread 0x000002179ac93b90 8832       3       java.util.TimSort::reverseRange (32 bytes)
Event: 32.951 Thread 0x000002179ac93b90 nmethod 8832 0x0000021785e1e490 code [0x0000021785e1e660, 0x0000021785e1eb38]
Event: 32.956 Thread 0x00000217a290cff0 nmethod 8087 0x000002178ca69110 code [0x000002178ca69300, 0x000002178ca699f0]
Event: 32.956 Thread 0x00000217a290cff0 8836       4       java.util.Collections$UnmodifiableCollection$1::next (10 bytes)
Event: 32.957 Thread 0x00000217a290cff0 nmethod 8836 0x000002178c6ac010 code [0x000002178c6ac180, 0x000002178c6ac218]
Event: 32.957 Thread 0x00000217a290cff0 8831       4       java.lang.reflect.Method::getTypeParameters (20 bytes)
Event: 32.975 Thread 0x000002179ac93b90 8837       3       java.lang.NoSuchFieldException::<init> (6 bytes)
Event: 32.975 Thread 0x000002179ac93b90 nmethod 8837 0x0000021785e1ed10 code [0x0000021785e1eec0, 0x0000021785e1f0c8]
Event: 32.992 Thread 0x000002179ac93b90 8843       2       org.springframework.kafka.annotation.KafkaListenerAnnotationBeanPostProcessor::postProcessBeforeInitialization (2 bytes)
Event: 32.992 Thread 0x000002179ac93b90 nmethod 8843 0x0000021785e1f210 code [0x0000021785e1f3a0, 0x0000021785e1f4b8]
Event: 32.992 Thread 0x000002179ac93b90 8844       2       org.springframework.scheduling.annotation.ScheduledAnnotationBeanPostProcessor::postProcessBeforeInitialization (2 bytes)
Event: 32.992 Thread 0x000002179ac93b90 nmethod 8844 0x0000021785e1f590 code [0x0000021785e1f720, 0x0000021785e1f838]
Event: 33.007 Thread 0x00000217a290cff0 nmethod 8831 0x000002178ca6a090 code [0x000002178ca6a2e0, 0x000002178ca6b1d0]
Event: 33.007 Thread 0x00000217a290cff0 8839   !   4       org.springframework.core.annotation.AnnotationsScanner::processMethodHierarchy (276 bytes)

GC Heap History (20 events):
Event: 20.197 GC heap before
{Heap before GC invocations=30 (full 0):
 garbage-first heap   total 73728K, used 60750K [0x0000000081c00000, 0x0000000100000000)
  region size 1024K, 25 young (25600K), 2 survivors (2048K)
 Metaspace       used 56213K, committed 56576K, reserved 1105920K
  class space    used 7038K, committed 7232K, reserved 1048576K
}
Event: 20.204 GC heap after
{Heap after GC invocations=31 (full 0):
 garbage-first heap   total 73728K, used 38442K [0x0000000081c00000, 0x0000000100000000)
  region size 1024K, 3 young (3072K), 3 survivors (3072K)
 Metaspace       used 56213K, committed 56576K, reserved 1105920K
  class space    used 7038K, committed 7232K, reserved 1048576K
}
Event: 20.267 GC heap before
{Heap before GC invocations=31 (full 0):
 garbage-first heap   total 73728K, used 39466K [0x0000000081c00000, 0x0000000100000000)
  region size 1024K, 4 young (4096K), 3 survivors (3072K)
 Metaspace       used 56252K, committed 56640K, reserved 1105920K
  class space    used 7040K, committed 7232K, reserved 1048576K
}
Event: 20.277 GC heap after
{Heap after GC invocations=32 (full 0):
 garbage-first heap   total 73728K, used 38274K [0x0000000081c00000, 0x0000000100000000)
  region size 1024K, 1 young (1024K), 1 survivors (1024K)
 Metaspace       used 56252K, committed 56640K, reserved 1105920K
  class space    used 7040K, committed 7232K, reserved 1048576K
}
Event: 21.151 GC heap before
{Heap before GC invocations=32 (full 0):
 garbage-first heap   total 73728K, used 58754K [0x0000000081c00000, 0x0000000100000000)
  region size 1024K, 22 young (22528K), 1 survivors (1024K)
 Metaspace       used 57542K, committed 57984K, reserved 1105920K
  class space    used 7221K, committed 7424K, reserved 1048576K
}
Event: 21.157 GC heap after
{Heap after GC invocations=33 (full 0):
 garbage-first heap   total 124928K, used 39495K [0x0000000081c00000, 0x0000000100000000)
  region size 1024K, 2 young (2048K), 2 survivors (2048K)
 Metaspace       used 57542K, committed 57984K, reserved 1105920K
  class space    used 7221K, committed 7424K, reserved 1048576K
}
Event: 23.485 GC heap before
{Heap before GC invocations=34 (full 0):
 garbage-first heap   total 124928K, used 101959K [0x0000000081c00000, 0x0000000100000000)
  region size 1024K, 63 young (64512K), 2 survivors (2048K)
 Metaspace       used 61035K, committed 61376K, reserved 1105920K
  class space    used 7646K, committed 7808K, reserved 1048576K
}
Event: 23.494 GC heap after
{Heap after GC invocations=35 (full 0):
 garbage-first heap   total 124928K, used 41994K [0x0000000081c00000, 0x0000000100000000)
  region size 1024K, 5 young (5120K), 5 survivors (5120K)
 Metaspace       used 61035K, committed 61376K, reserved 1105920K
  class space    used 7646K, committed 7808K, reserved 1048576K
}
Event: 23.515 GC heap before
{Heap before GC invocations=35 (full 0):
 garbage-first heap   total 124928K, used 43018K [0x0000000081c00000, 0x0000000100000000)
  region size 1024K, 6 young (6144K), 5 survivors (5120K)
 Metaspace       used 61301K, committed 61760K, reserved 1105920K
  class space    used 7675K, committed 7936K, reserved 1048576K
}
Event: 23.522 GC heap after
{Heap after GC invocations=36 (full 0):
 garbage-first heap   total 124928K, used 41882K [0x0000000081c00000, 0x0000000100000000)
  region size 1024K, 1 young (1024K), 1 survivors (1024K)
 Metaspace       used 61301K, committed 61760K, reserved 1105920K
  class space    used 7675K, committed 7936K, reserved 1048576K
}
Event: 25.728 GC heap before
{Heap before GC invocations=36 (full 0):
 garbage-first heap   total 124928K, used 101274K [0x0000000081c00000, 0x0000000100000000)
  region size 1024K, 60 young (61440K), 1 survivors (1024K)
 Metaspace       used 66490K, committed 66880K, reserved 1114112K
  class space    used 8385K, committed 8576K, reserved 1048576K
}
Event: 25.737 GC heap after
{Heap after GC invocations=37 (full 0):
 garbage-first heap   total 124928K, used 44933K [0x0000000081c00000, 0x0000000100000000)
  region size 1024K, 4 young (4096K), 4 survivors (4096K)
 Metaspace       used 66490K, committed 66880K, reserved 1114112K
  class space    used 8385K, committed 8576K, reserved 1048576K
}
Event: 27.342 GC heap before
{Heap before GC invocations=37 (full 0):
 garbage-first heap   total 124928K, used 101253K [0x0000000081c00000, 0x0000000100000000)
  region size 1024K, 60 young (61440K), 4 survivors (4096K)
 Metaspace       used 70532K, committed 70976K, reserved 1114112K
  class space    used 8874K, committed 9088K, reserved 1048576K
}
Event: 27.358 GC heap after
{Heap after GC invocations=38 (full 0):
 garbage-first heap   total 124928K, used 50816K [0x0000000081c00000, 0x0000000100000000)
  region size 1024K, 8 young (8192K), 8 survivors (8192K)
 Metaspace       used 70532K, committed 70976K, reserved 1114112K
  class space    used 8874K, committed 9088K, reserved 1048576K
}
Event: 28.801 GC heap before
{Heap before GC invocations=38 (full 0):
 garbage-first heap   total 124928K, used 100992K [0x0000000081c00000, 0x0000000100000000)
  region size 1024K, 57 young (58368K), 8 survivors (8192K)
 Metaspace       used 72854K, committed 73344K, reserved 1114112K
  class space    used 9177K, committed 9408K, reserved 1048576K
}
Event: 28.819 GC heap after
{Heap after GC invocations=39 (full 0):
 garbage-first heap   total 124928K, used 55002K [0x0000000081c00000, 0x0000000100000000)
  region size 1024K, 4 young (4096K), 4 survivors (4096K)
 Metaspace       used 72854K, committed 73344K, reserved 1114112K
  class space    used 9177K, committed 9408K, reserved 1048576K
}
Event: 30.081 GC heap before
{Heap before GC invocations=39 (full 0):
 garbage-first heap   total 124928K, used 101082K [0x0000000081c00000, 0x0000000100000000)
  region size 1024K, 49 young (50176K), 4 survivors (4096K)
 Metaspace       used 74259K, committed 74752K, reserved 1122304K
  class space    used 9323K, committed 9536K, reserved 1048576K
}
Event: 30.099 GC heap after
{Heap after GC invocations=40 (full 0):
 garbage-first heap   total 124928K, used 58900K [0x0000000081c00000, 0x0000000100000000)
  region size 1024K, 7 young (7168K), 7 survivors (7168K)
 Metaspace       used 74259K, committed 74752K, reserved 1122304K
  class space    used 9323K, committed 9536K, reserved 1048576K
}
Event: 31.140 GC heap before
{Heap before GC invocations=40 (full 0):
 garbage-first heap   total 124928K, used 100884K [0x0000000081c00000, 0x0000000100000000)
  region size 1024K, 48 young (49152K), 7 survivors (7168K)
 Metaspace       used 75244K, committed 75712K, reserved 1122304K
  class space    used 9431K, committed 9664K, reserved 1048576K
}
Event: 31.157 GC heap after
{Heap after GC invocations=41 (full 0):
 garbage-first heap   total 124928K, used 63083K [0x0000000081c00000, 0x0000000100000000)
  region size 1024K, 4 young (4096K), 4 survivors (4096K)
 Metaspace       used 75244K, committed 75712K, reserved 1122304K
  class space    used 9431K, committed 9664K, reserved 1048576K
}

Deoptimization events (20 events):
Event: 33.037 Thread 0x00000217fe9c2ec0 DEOPT PACKING pc=0x0000021785cb37f4 sp=0x000000ed860f9540
Event: 33.037 Thread 0x00000217fe9c2ec0 DEOPT UNPACKING pc=0x0000021784a52b43 sp=0x000000ed860f8aa0 mode 1
Event: 33.039 Thread 0x00000217fe9c2ec0 Uncommon trap: trap_request=0xffffff97 fr.pc=0x000002178c8950f8 relative=0x0000000000000138
Event: 33.039 Thread 0x00000217fe9c2ec0 Uncommon trap: reason=unhandled action=none pc=0x000002178c8950f8 method=jdk.internal.loader.BuiltinClassLoader.loadClass(Ljava/lang/String;Z)Ljava/lang/Class; @ 19 c2
Event: 33.039 Thread 0x00000217fe9c2ec0 DEOPT PACKING pc=0x000002178c8950f8 sp=0x000000ed860f8c50
Event: 33.039 Thread 0x00000217fe9c2ec0 DEOPT UNPACKING pc=0x0000021784a523a3 sp=0x000000ed860f8b18 mode 2
Event: 33.039 Thread 0x00000217fe9c2ec0 DEOPT PACKING pc=0x000002178c7e77d4 sp=0x000000ed860f9640
Event: 33.039 Thread 0x00000217fe9c2ec0 DEOPT UNPACKING pc=0x0000021784a52b43 sp=0x000000ed860f8ab8 mode 1
Event: 33.039 Thread 0x00000217fe9c2ec0 DEOPT PACKING pc=0x0000021785cb37a4 sp=0x000000ed860f9680
Event: 33.039 Thread 0x00000217fe9c2ec0 DEOPT UNPACKING pc=0x0000021784a52b43 sp=0x000000ed860f8be0 mode 1
Event: 33.041 Thread 0x00000217fe9c2ec0 Uncommon trap: trap_request=0xffffff97 fr.pc=0x000002178c8950f8 relative=0x0000000000000138
Event: 33.041 Thread 0x00000217fe9c2ec0 Uncommon trap: reason=unhandled action=none pc=0x000002178c8950f8 method=jdk.internal.loader.BuiltinClassLoader.loadClass(Ljava/lang/String;Z)Ljava/lang/Class; @ 19 c2
Event: 33.041 Thread 0x00000217fe9c2ec0 DEOPT PACKING pc=0x000002178c8950f8 sp=0x000000ed860f8bf0
Event: 33.041 Thread 0x00000217fe9c2ec0 DEOPT UNPACKING pc=0x0000021784a523a3 sp=0x000000ed860f8ab8 mode 2
Event: 33.041 Thread 0x00000217fe9c2ec0 DEOPT PACKING pc=0x000002178c7e77d4 sp=0x000000ed860f95e0
Event: 33.041 Thread 0x00000217fe9c2ec0 DEOPT UNPACKING pc=0x0000021784a52b43 sp=0x000000ed860f8a58 mode 1
Event: 33.041 Thread 0x00000217fe9c2ec0 DEOPT PACKING pc=0x0000021785cb58cc sp=0x000000ed860f9620
Event: 33.041 Thread 0x00000217fe9c2ec0 DEOPT UNPACKING pc=0x0000021784a52b43 sp=0x000000ed860f8b70 mode 1
Event: 33.041 Thread 0x00000217fe9c2ec0 DEOPT PACKING pc=0x00000217853d0f6c sp=0x000000ed860f9630
Event: 33.041 Thread 0x00000217fe9c2ec0 DEOPT UNPACKING pc=0x0000021784a52b43 sp=0x000000ed860f8b00 mode 1

Classes unloaded (1 events):
Event: 21.270 Thread 0x000002179a0147b0 Unloading class 0x000000010066c000 'net/bytebuddy/mirror/AccessibleObject'

Classes redefined (0 events):
No events

Internal exceptions (20 events):
Event: 31.765 Thread 0x00000217fe9c2ec0 Exception <a 'java/lang/ClassNotFoundException'{0x0000000088604710}: org/springframework/beans/factory/BeanNameAwareCustomizer> (0x0000000088604710) 
thrown [s\src\hotspot\share\classfile\systemDictionary.cpp, line 256]
Event: 31.768 Thread 0x00000217fe9c2ec0 Exception <a 'java/lang/ClassNotFoundException'{0x000000008860fc08}: org/springframework/beans/factory/AwareCustomizer> (0x000000008860fc08) 
thrown [s\src\hotspot\share\classfile\systemDictionary.cpp, line 256]
Event: 31.771 Thread 0x00000217fe9c2ec0 Exception <a 'java/lang/ClassNotFoundException'{0x000000008861a550}: org/springframework/context/ApplicationListenerCustomizer> (0x000000008861a550) 
thrown [s\src\hotspot\share\classfile\systemDictionary.cpp, line 256]
Event: 31.772 Thread 0x00000217fe9c2ec0 Exception <a 'java/lang/ClassNotFoundException'{0x000000008861e118}: java/util/EventListenerCustomizer> (0x000000008861e118) 
thrown [s\src\hotspot\share\classfile\systemDictionary.cpp, line 256]
Event: 31.775 Thread 0x00000217fe9c2ec0 Exception <a 'java/lang/ClassNotFoundException'{0x0000000088628a98}: org/springframework/beans/factory/DisposableBeanCustomizer> (0x0000000088628a98) 
thrown [s\src\hotspot\share\classfile\systemDictionary.cpp, line 256]
Event: 31.804 Thread 0x00000217fe9c2ec0 Exception <a 'java/lang/ClassNotFoundException'{0x0000000088518aa0}: java/lang/ObjectCustomizer> (0x0000000088518aa0) 
thrown [s\src\hotspot\share\classfile\systemDictionary.cpp, line 256]
Event: 31.809 Thread 0x00000217fe9c2ec0 Exception <a 'java/lang/ClassNotFoundException'{0x0000000088526ca0}: org/springframework/kafka/support/LoggingProducerListenerCustomizer> (0x0000000088526ca0) 
thrown [s\src\hotspot\share\classfile\systemDictionary.cpp, line 256]
Event: 31.813 Thread 0x00000217fe9c2ec0 Exception <a 'java/lang/ClassNotFoundException'{0x0000000088538838}: org/springframework/kafka/support/ProducerListenerCustomizer> (0x0000000088538838) 
thrown [s\src\hotspot\share\classfile\systemDictionary.cpp, line 256]
Event: 32.927 Thread 0x00000217fe9c2ec0 Exception <a 'java/lang/ClassNotFoundException'{0x00000000883635c0}: java/lang/ObjectCustomizer> (0x00000000883635c0) 
thrown [s\src\hotspot\share\classfile\systemDictionary.cpp, line 256]
Event: 32.932 Thread 0x00000217fe9c2ec0 Exception <a 'java/lang/ClassNotFoundException'{0x0000000088371150}: org/springframework/kafka/core/KafkaTemplateCustomizer> (0x0000000088371150) 
thrown [s\src\hotspot\share\classfile\systemDictionary.cpp, line 256]
Event: 32.950 Thread 0x00000217fe9c2ec0 Exception <a 'java/lang/ClassNotFoundException'{0x00000000883ed7c8}: org/springframework/kafka/core/KafkaOperationsCustomizer> (0x00000000883ed7c8) 
thrown [s\src\hotspot\share\classfile\systemDictionary.cpp, line 256]
Event: 32.954 Thread 0x00000217fe9c2ec0 Exception <a 'java/lang/ClassNotFoundException'{0x0000000088214848}: org/springframework/context/ApplicationContextAwareCustomizer> (0x0000000088214848) 
thrown [s\src\hotspot\share\classfile\systemDictionary.cpp, line 256]
Event: 32.959 Thread 0x00000217fe9c2ec0 Exception <a 'java/lang/ClassNotFoundException'{0x0000000088220468}: org/springframework/beans/factory/AwareCustomizer> (0x0000000088220468) 
thrown [s\src\hotspot\share\classfile\systemDictionary.cpp, line 256]
Event: 32.962 Thread 0x00000217fe9c2ec0 Exception <a 'java/lang/ClassNotFoundException'{0x000000008822ae58}: org/springframework/beans/factory/BeanNameAwareCustomizer> (0x000000008822ae58) 
thrown [s\src\hotspot\share\classfile\systemDictionary.cpp, line 256]
Event: 32.965 Thread 0x00000217fe9c2ec0 Exception <a 'java/lang/ClassNotFoundException'{0x0000000088236350}: org/springframework/beans/factory/AwareCustomizer> (0x0000000088236350) 
thrown [s\src\hotspot\share\classfile\systemDictionary.cpp, line 256]
Event: 32.970 Thread 0x00000217fe9c2ec0 Exception <a 'java/lang/ClassNotFoundException'{0x0000000088240c98}: org/springframework/context/ApplicationListenerCustomizer> (0x0000000088240c98) 
thrown [s\src\hotspot\share\classfile\systemDictionary.cpp, line 256]
Event: 32.971 Thread 0x00000217fe9c2ec0 Exception <a 'java/lang/ClassNotFoundException'{0x0000000088244728}: java/util/EventListenerCustomizer> (0x0000000088244728) 
thrown [s\src\hotspot\share\classfile\systemDictionary.cpp, line 256]
Event: 32.974 Thread 0x00000217fe9c2ec0 Exception <a 'java/lang/ClassNotFoundException'{0x000000008824f0a8}: org/springframework/beans/factory/DisposableBeanCustomizer> (0x000000008824f0a8) 
thrown [s\src\hotspot\share\classfile\systemDictionary.cpp, line 256]
Event: 33.037 Thread 0x00000217fe9c2ec0 Exception <a 'java/lang/ClassNotFoundException'{0x0000000088169558}: java/lang/ObjectCustomizer> (0x0000000088169558) 
thrown [s\src\hotspot\share\classfile\systemDictionary.cpp, line 256]
Event: 33.041 Thread 0x00000217fe9c2ec0 Exception <a 'java/lang/ClassNotFoundException'{0x00000000881767c0}: com/yuzee/app/processor/ConversionProcessorCustomizer> (0x00000000881767c0) 
thrown [s\src\hotspot\share\classfile\systemDictionary.cpp, line 256]

VM Operations (20 events):
Event: 28.402 Executing VM operation: Cleanup
Event: 28.403 Executing VM operation: Cleanup done
Event: 28.801 Executing VM operation: G1CollectForAllocation
Event: 28.819 Executing VM operation: G1CollectForAllocation done
Event: 29.365 Executing VM operation: HandshakeAllThreads
Event: 29.366 Executing VM operation: HandshakeAllThreads done
Event: 29.368 Executing VM operation: HandshakeAllThreads
Event: 29.368 Executing VM operation: HandshakeAllThreads done
Event: 30.081 Executing VM operation: G1CollectForAllocation
Event: 30.099 Executing VM operation: G1CollectForAllocation done
Event: 30.359 Executing VM operation: HandshakeAllThreads
Event: 30.360 Executing VM operation: HandshakeAllThreads done
Event: 30.612 Executing VM operation: HandshakeAllThreads
Event: 30.612 Executing VM operation: HandshakeAllThreads done
Event: 31.140 Executing VM operation: G1CollectForAllocation
Event: 31.157 Executing VM operation: G1CollectForAllocation done
Event: 32.168 Executing VM operation: Cleanup
Event: 32.175 Executing VM operation: Cleanup done
Event: 33.190 Executing VM operation: Cleanup
Event: 33.190 Executing VM operation: Cleanup done

Events (20 events):
Event: 31.772 loading class java/util/EventListenerCustomizer
Event: 31.772 loading class java/util/EventListenerCustomizer done
Event: 31.772 loading class java/util/EventListenerCustomizer
Event: 31.772 loading class java/util/EventListenerCustomizer done
Event: 31.804 loading class java/lang/ObjectCustomizer
Event: 31.804 loading class java/lang/ObjectCustomizer done
Event: 31.804 loading class java/lang/ObjectCustomizer
Event: 31.804 loading class java/lang/ObjectCustomizer done
Event: 32.927 loading class java/lang/ObjectCustomizer
Event: 32.927 loading class java/lang/ObjectCustomizer done
Event: 32.927 loading class java/lang/ObjectCustomizer
Event: 32.927 loading class java/lang/ObjectCustomizer done
Event: 32.971 loading class java/util/EventListenerCustomizer
Event: 32.971 loading class java/util/EventListenerCustomizer done
Event: 32.971 loading class java/util/EventListenerCustomizer
Event: 32.971 loading class java/util/EventListenerCustomizer done
Event: 33.037 loading class java/lang/ObjectCustomizer
Event: 33.037 loading class java/lang/ObjectCustomizer done
Event: 33.037 loading class java/lang/ObjectCustomizer
Event: 33.037 loading class java/lang/ObjectCustomizer done


Dynamic libraries:
0x00007ff63ade0000 - 0x00007ff63adee000 	C:\Users\BUYPC\Desktop\sts-4.16.0.RELEASE\plugins\org.eclipse.justj.openjdk.hotspot.jre.full.win32.x86_64_17.0.4.v20220903-1038\jre\bin\javaw.exe
0x00007ff90df50000 - 0x00007ff90e148000 	C:\Windows\SYSTEM32\ntdll.dll
0x00007ff8edc50000 - 0x00007ff8edc67000 	C:\Program Files\Avast Software\Avast\aswhook.dll
0x00007ff90d160000 - 0x00007ff90d21f000 	C:\Windows\System32\KERNEL32.DLL
0x00007ff90b980000 - 0x00007ff90bc52000 	C:\Windows\System32\KERNELBASE.dll
0x00007ff90b720000 - 0x00007ff90b820000 	C:\Windows\System32\ucrtbase.dll
0x00007ff8e9cc0000 - 0x00007ff8e9cd8000 	C:\Users\BUYPC\Desktop\sts-4.16.0.RELEASE\plugins\org.eclipse.justj.openjdk.hotspot.jre.full.win32.x86_64_17.0.4.v20220903-1038\jre\bin\jli.dll
0x00007ff90ccf0000 - 0x00007ff90ce8d000 	C:\Windows\System32\USER32.dll
0x00007ff90b6f0000 - 0x00007ff90b712000 	C:\Windows\System32\win32u.dll
0x00007ff90cc60000 - 0x00007ff90cc8b000 	C:\Windows\System32\GDI32.dll
0x00007ff90be90000 - 0x00007ff90bf9f000 	C:\Windows\System32\gdi32full.dll
0x00007ff90bcf0000 - 0x00007ff90bd8d000 	C:\Windows\System32\msvcp_win.dll
0x00007ff8f7d90000 - 0x00007ff8f7da9000 	C:\Users\BUYPC\Desktop\sts-4.16.0.RELEASE\plugins\org.eclipse.justj.openjdk.hotspot.jre.full.win32.x86_64_17.0.4.v20220903-1038\jre\bin\VCRUNTIME140.dll
0x00007ff8f80c0000 - 0x00007ff8f835a000 	C:\Windows\WinSxS\amd64_microsoft.windows.common-controls_6595b64144ccf1df_6.0.19041.1110_none_60b5254171f9507e\COMCTL32.dll
0x00007ff90d3c0000 - 0x00007ff90d45e000 	C:\Windows\System32\msvcrt.dll
0x00007ff90cfb0000 - 0x00007ff90cfe2000 	C:\Windows\System32\IMM32.DLL
0x00007ff907980000 - 0x00007ff90798c000 	C:\Users\BUYPC\Desktop\sts-4.16.0.RELEASE\plugins\org.eclipse.justj.openjdk.hotspot.jre.full.win32.x86_64_17.0.4.v20220903-1038\jre\bin\vcruntime140_1.dll
0x00007ff8f3b40000 - 0x00007ff8f3bd1000 	C:\Users\BUYPC\Desktop\sts-4.16.0.RELEASE\plugins\org.eclipse.justj.openjdk.hotspot.jre.full.win32.x86_64_17.0.4.v20220903-1038\jre\bin\msvcp140.dll
0x00007ff8da0c0000 - 0x00007ff8dad06000 	C:\Users\BUYPC\Desktop\sts-4.16.0.RELEASE\plugins\org.eclipse.justj.openjdk.hotspot.jre.full.win32.x86_64_17.0.4.v20220903-1038\jre\bin\server\jvm.dll
0x00007ff90c1b0000 - 0x00007ff90c25e000 	C:\Windows\System32\ADVAPI32.dll
0x00007ff90d050000 - 0x00007ff90d0ec000 	C:\Windows\System32\sechost.dll
0x00007ff90d230000 - 0x00007ff90d355000 	C:\Windows\System32\RPCRT4.dll
0x00007ff90cae0000 - 0x00007ff90cae8000 	C:\Windows\System32\PSAPI.DLL
0x00007ff8fbc90000 - 0x00007ff8fbc99000 	C:\Windows\SYSTEM32\WSOCK32.dll
0x00007ff90d0f0000 - 0x00007ff90d15b000 	C:\Windows\System32\WS2_32.dll
0x00007ff8f5520000 - 0x00007ff8f5547000 	C:\Windows\SYSTEM32\WINMM.dll
0x00007ff902a10000 - 0x00007ff902a1a000 	C:\Windows\SYSTEM32\VERSION.dll
0x00007ff9096b0000 - 0x00007ff9096c2000 	C:\Windows\SYSTEM32\kernel.appcore.dll
0x00007ff907650000 - 0x00007ff90765a000 	C:\Users\BUYPC\Desktop\sts-4.16.0.RELEASE\plugins\org.eclipse.justj.openjdk.hotspot.jre.full.win32.x86_64_17.0.4.v20220903-1038\jre\bin\jimage.dll
0x00007ff902150000 - 0x00007ff902334000 	C:\Windows\SYSTEM32\DBGHELP.DLL
0x00007ff901fc0000 - 0x00007ff901fec000 	C:\Windows\SYSTEM32\dbgcore.DLL
0x00007ff90bc60000 - 0x00007ff90bce2000 	C:\Windows\System32\bcryptPrimitives.dll
0x00007ff8fd7c0000 - 0x00007ff8fd7fb000 	C:\Users\BUYPC\Desktop\sts-4.16.0.RELEASE\plugins\org.eclipse.justj.openjdk.hotspot.jre.full.win32.x86_64_17.0.4.v20220903-1038\jre\bin\jdwp.dll
0x00007ff907970000 - 0x00007ff90797e000 	C:\Users\BUYPC\Desktop\sts-4.16.0.RELEASE\plugins\org.eclipse.justj.openjdk.hotspot.jre.full.win32.x86_64_17.0.4.v20220903-1038\jre\bin\instrument.dll
0x00007ff8e9c90000 - 0x00007ff8e9cb5000 	C:\Users\BUYPC\Desktop\sts-4.16.0.RELEASE\plugins\org.eclipse.justj.openjdk.hotspot.jre.full.win32.x86_64_17.0.4.v20220903-1038\jre\bin\java.dll
0x00007ff8e0e00000 - 0x00007ff8e0e18000 	C:\Users\BUYPC\Desktop\sts-4.16.0.RELEASE\plugins\org.eclipse.justj.openjdk.hotspot.jre.full.win32.x86_64_17.0.4.v20220903-1038\jre\bin\zip.dll
0x00007ff90d610000 - 0x00007ff90dd53000 	C:\Windows\System32\SHELL32.dll
0x00007ff9096d0000 - 0x00007ff909e62000 	C:\Windows\SYSTEM32\windows.storage.dll
0x00007ff90c6d0000 - 0x00007ff90ca24000 	C:\Windows\System32\combase.dll
0x00007ff90aef0000 - 0x00007ff90af20000 	C:\Windows\SYSTEM32\Wldp.dll
0x00007ff90ca30000 - 0x00007ff90cadd000 	C:\Windows\System32\SHCORE.dll
0x00007ff90cc90000 - 0x00007ff90cce5000 	C:\Windows\System32\shlwapi.dll
0x00007ff90b590000 - 0x00007ff90b5af000 	C:\Windows\SYSTEM32\profapi.dll
0x00007ff907700000 - 0x00007ff90770c000 	C:\Users\BUYPC\Desktop\sts-4.16.0.RELEASE\plugins\org.eclipse.justj.openjdk.hotspot.jre.full.win32.x86_64_17.0.4.v20220903-1038\jre\bin\dt_socket.dll
0x00007ff90a9e0000 - 0x00007ff90aa1b000 	C:\Windows\SYSTEM32\IPHLPAPI.DLL
0x00007ff90acd0000 - 0x00007ff90ad3a000 	C:\Windows\system32\mswsock.dll
0x00007ff90aa30000 - 0x00007ff90aafa000 	C:\Windows\SYSTEM32\DNSAPI.dll
0x00007ff90cb80000 - 0x00007ff90cb88000 	C:\Windows\System32\NSI.dll
0x00007ff902570000 - 0x00007ff90257a000 	C:\Windows\System32\rasadhlp.dll
0x00007ff8fd500000 - 0x00007ff8fd580000 	C:\Windows\System32\fwpuclnt.dll
0x00007ff90b650000 - 0x00007ff90b677000 	C:\Windows\System32\bcrypt.dll
0x00007ff8e0de0000 - 0x00007ff8e0df9000 	C:\Users\BUYPC\Desktop\sts-4.16.0.RELEASE\plugins\org.eclipse.justj.openjdk.hotspot.jre.full.win32.x86_64_17.0.4.v20220903-1038\jre\bin\net.dll
0x00007ff8fd580000 - 0x00007ff8fd68c000 	C:\Windows\SYSTEM32\WINHTTP.dll
0x00007ff8e0380000 - 0x00007ff8e0395000 	C:\Users\BUYPC\Desktop\sts-4.16.0.RELEASE\plugins\org.eclipse.justj.openjdk.hotspot.jre.full.win32.x86_64_17.0.4.v20220903-1038\jre\bin\nio.dll
0x00007ff8f76e0000 - 0x00007ff8f76f0000 	C:\Users\BUYPC\Desktop\sts-4.16.0.RELEASE\plugins\org.eclipse.justj.openjdk.hotspot.jre.full.win32.x86_64_17.0.4.v20220903-1038\jre\bin\verify.dll
0x00007ff902390000 - 0x00007ff9023a7000 	C:\Windows\SYSTEM32\dhcpcsvc6.DLL
0x00007ff9028d0000 - 0x00007ff9028ed000 	C:\Windows\SYSTEM32\dhcpcsvc.DLL
0x00007ff90b280000 - 0x00007ff90b298000 	C:\Windows\SYSTEM32\CRYPTSP.dll
0x00007ff90a610000 - 0x00007ff90a644000 	C:\Windows\system32\rsaenh.dll
0x00007ff90b510000 - 0x00007ff90b53e000 	C:\Windows\SYSTEM32\USERENV.dll
0x00007ff90ae60000 - 0x00007ff90ae6c000 	C:\Windows\SYSTEM32\CRYPTBASE.dll
0x00007ff906550000 - 0x00007ff906559000 	C:\Users\BUYPC\Desktop\sts-4.16.0.RELEASE\plugins\org.eclipse.justj.openjdk.hotspot.jre.full.win32.x86_64_17.0.4.v20220903-1038\jre\bin\management.dll
0x00007ff906230000 - 0x00007ff90623b000 	C:\Users\BUYPC\Desktop\sts-4.16.0.RELEASE\plugins\org.eclipse.justj.openjdk.hotspot.jre.full.win32.x86_64_17.0.4.v20220903-1038\jre\bin\management_ext.dll
0x00007ff8f0ab0000 - 0x00007ff8f0ac7000 	C:\Windows\system32\napinsp.dll
0x00007ff8f0a90000 - 0x00007ff8f0aab000 	C:\Windows\system32\pnrpnsp.dll
0x00007ff904e50000 - 0x00007ff904e65000 	C:\Windows\system32\wshbth.dll
0x00007ff906960000 - 0x00007ff90697d000 	C:\Windows\system32\NLAapi.dll
0x00007ff8f09c0000 - 0x00007ff8f09d2000 	C:\Windows\System32\winrnr.dll
0x00007ff907990000 - 0x00007ff90799e000 	C:\Users\BUYPC\Desktop\sts-4.16.0.RELEASE\plugins\org.eclipse.justj.openjdk.hotspot.jre.full.win32.x86_64_17.0.4.v20220903-1038\jre\bin\sunmscapi.dll
0x00007ff90b820000 - 0x00007ff90b976000 	C:\Windows\System32\CRYPT32.dll
0x00007ff90af60000 - 0x00007ff90af87000 	C:\Windows\SYSTEM32\ncrypt.dll
0x00007ff90af20000 - 0x00007ff90af5b000 	C:\Windows\SYSTEM32\NTASN1.dll

dbghelp: loaded successfully - version: 4.0.5 - missing functions: none
symbol engine: initialized successfully - sym options: 0x614 - pdb path: .;C:\Users\BUYPC\Desktop\sts-4.16.0.RELEASE\plugins\org.eclipse.justj.openjdk.hotspot.jre.full.win32.x86_64_17.0.4.v20220903-1038\jre\bin;C:\Windows\SYSTEM32;C:\Program Files\Avast Software\Avast;C:\Windows\WinSxS\amd64_microsoft.windows.common-controls_6595b64144ccf1df_6.0.19041.1110_none_60b5254171f9507e;C:\Users\BUYPC\Desktop\sts-4.16.0.RELEASE\plugins\org.eclipse.justj.openjdk.hotspot.jre.full.win32.x86_64_17.0.4.v20220903-1038\jre\bin\server

VM Arguments:
jvm_args: -XX:+ShowCodeDetailsInExceptionMessages -agentlib:jdwp=transport=dt_socket,suspend=y,address=localhost:55842 -ea -javaagent:C:\Users\BUYPC\Desktop\sts-4.16.0.RELEASE\configuration\org.eclipse.osgi\268\0\.cp\lib\javaagent-shaded.jar -Dfile.encoding=UTF-8 
java_command: org.eclipse.jdt.internal.junit.runner.RemoteTestRunner -version 3 -port 55841 -testLoaderClass org.eclipse.jdt.internal.junit5.runner.JUnit5TestLoader -loaderpluginname org.eclipse.jdt.junit5.runtime -test com.yuzee.app.controller.CourseControllerTest:getUserCourse
java_class_path (initial): C:\Users\BUYPC\Desktop\yuzee-backend-institute-api\target\test-classes;C:\Users\BUYPC\Desktop\yuzee-backend-institute-api\target\classes;C:\Users\BUYPC\.m2\repository\org\apache\commons\commons-lang3\3.11\commons-lang3-3.11.jar;C:\Users\BUYPC\.m2\repository\org\projectlombok\lombok\1.18.20\lombok-1.18.20.jar;C:\Users\BUYPC\.m2\repository\junit\junit\4.12\junit-4.12.jar;C:\Users\BUYPC\.m2\repository\org\hamcrest\hamcrest-core\2.2\hamcrest-core-2.2.jar;C:\Users\BUYPC\.m2\repository\org\springframework\boot\spring-boot-starter-web\2.4.5\spring-boot-starter-web-2.4.5.jar;C:\Users\BUYPC\.m2\repository\org\springframework\boot\spring-boot-starter\2.4.5\spring-boot-starter-2.4.5.jar;C:\Users\BUYPC\.m2\repository\org\springframework\boot\spring-boot-starter-logging\2.4.5\spring-boot-starter-logging-2.4.5.jar;C:\Users\BUYPC\.m2\repository\ch\qos\logback\logback-classic\1.2.3\logback-classic-1.2.3.jar;C:\Users\BUYPC\.m2\repository\ch\qos\logback\logback-core\1.2.3\logback-core-1.2.3.jar;C:\Users\BUYPC\.m2\repository\org\apache\logging\log4j\log4j-to-slf4j\2.13.3\log4j-to-slf4j-2.13.3.jar;C:\Users\BUYPC\.m2\repository\org\apache\logging\log4j\log4j-api\2.13.3\log4j-api-2.13.3.jar;C:\Users\BUYPC\.m2\repository\org\slf4j\jul-to-slf4j\1.7.30\jul-to-slf4j-1.7.30.jar;C:\Users\BUYPC\.m2\repository\org\yaml\snakeyaml\1.27\snakeyaml-1.27.jar;C:\Users\BUYPC\.m2\repository\org\springframework\boot\spring-boot-starter-json\2.4.5\spring-boot-starter-json-2.4.5.jar;C:\Users\BUYPC\.m2\repository\com\fasterxml\jackson\datatype\jackson-datatype-jdk8\2.11.4\jackson-datatype-jdk8-2.11.4.jar;C:\Users\BUYPC\.m2\repository\com\fasterxml\jackson\datatype\jackson-datatype-jsr310\2.11.4\jackson-datatype-jsr310-2.11.4.jar;C:\Users\BUYPC\.m2\repository\com\fasterxml\jackson\module\jackson-module-parameter-names\2.11.4\jackson-module-parameter-names-2.11.4.jar;C:\Users\BUYPC\.m2\repository\org\springframework\spring-web\5.3.6\spring-web-5.3.6.jar;C:\Users\BUYPC\.m2\repositor
Launcher Type: SUN_STANDARD

[Global flags]
     intx CICompilerCount                          = 3                                         {product} {ergonomic}
     uint ConcGCThreads                            = 1                                         {product} {ergonomic}
     uint G1ConcRefinementThreads                  = 4                                         {product} {ergonomic}
   size_t G1HeapRegionSize                         = 1048576                                   {product} {ergonomic}
    uintx GCDrainStackTargetSize                   = 64                                        {product} {ergonomic}
   size_t InitialHeapSize                          = 134217728                                 {product} {ergonomic}
   size_t MarkStackSize                            = 4194304                                   {product} {ergonomic}
   size_t MaxHeapSize                              = 2118123520                                {product} {ergonomic}
   size_t MaxNewSize                               = 1270874112                                {product} {ergonomic}
   size_t MinHeapDeltaBytes                        = 1048576                                   {product} {ergonomic}
   size_t MinHeapSize                              = 8388608                                   {product} {ergonomic}
    uintx NonNMethodCodeHeapSize                   = 5832780                                {pd product} {ergonomic}
    uintx NonProfiledCodeHeapSize                  = 122912730                              {pd product} {ergonomic}
    uintx ProfiledCodeHeapSize                     = 122912730                              {pd product} {ergonomic}
    uintx ReservedCodeCacheSize                    = 251658240                              {pd product} {ergonomic}
     bool SegmentedCodeCache                       = true                                      {product} {ergonomic}
     bool ShowCodeDetailsInExceptionMessages       = true                                   {manageable} {command line}
   size_t SoftMaxHeapSize                          = 2118123520                             {manageable} {ergonomic}
     bool UseCompressedClassPointers               = true                           {product lp64_product} {ergonomic}
     bool UseCompressedOops                        = true                           {product lp64_product} {ergonomic}
     bool UseG1GC                                  = true                                      {product} {ergonomic}
     bool UseLargePagesIndividualAllocation        = false                                  {pd product} {ergonomic}

Logging:
Log output configuration:
 #0: stdout all=warning uptime,level,tags
 #1: stderr all=off uptime,level,tags

Environment Variables:
JAVA_HOME=C:\Program Files\Java\jdk-17.0.2
PATH=C:\Users\BUYPC\Desktop\sts-4.16.0.RELEASE\plugins\org.eclipse.justj.openjdk.hotspot.jre.full.win32.x86_64_17.0.4.v20220903-1038\jre\bin;C:/Users/BUYPC/Desktop/sts-4.16.0.RELEASE//plugins/org.eclipse.justj.openjdk.hotspot.jre.full.win32.x86_64_17.0.4.v20220903-1038/jre/bin/server;C:/Users/BUYPC/Desktop/sts-4.16.0.RELEASE//plugins/org.eclipse.justj.openjdk.hotspot.jre.full.win32.x86_64_17.0.4.v20220903-1038/jre/bin;C:\Program Files\Common Files\Oracle\Java\javapath;C:\Program Files\Java\jdk-16.0.2\bin;C:\Windows\system32;C:\Windows;C:\Windows\System32\Wbem;C:\Windows\System32\WindowsPowerShell\v1.0\;C:\Windows\System32\OpenSSH\;C:\Users\BUYPC\Desktop\apache-maven-3.8.4-bin\apache-maven-3.8.4\bin;C:\Program Files\Git\cmd;C:\Program Files\nodejs\;C:\ProgramData\Microsoft\Windows\Start Menu\Programs\MySQL\MySQL Server 8.0;C:\Users\BUYPC\Downloads\sonarqube-8.9.9.56886\sonarqube-8.9.9.56886\bin;;C:\Program Files\Docker\Docker\resources\bin;C:\Program Files\MySQL\MySQL Shell 8.0\bin\;C:\Users\BUYPC\AppData\Local\Microsoft\WindowsApps;C:\Users\BUYPC\AppData\Roaming\npm;C:\Users\BUYPC\AppData\Local\Programs\Microsoft VS Code\bin;C:\Users\BUYPC\Desktop\;C:\Users\BUYPC\Desktop\sts-4.16.0.RELEASE;
USERNAME=BUYPC
OS=Windows_NT
PROCESSOR_IDENTIFIER=Intel64 Family 6 Model 42 Stepping 7, GenuineIntel
TMP=C:\Users\BUYPC\AppData\Local\Temp
TEMP=C:\Users\BUYPC\AppData\Local\Temp



---------------  S Y S T E M  ---------------

OS:
 Windows 10 , 64 bit Build 19041 (10.0.19041.2251)
OS uptime: 0 days 7:02 hours
Hyper-V role detected

CPU: total 4 (initial active 4) (2 cores per cpu, 2 threads per core) family 6 model 42 stepping 7 microcode 0x2f, cx8, cmov, fxsr, ht, mmx, sse, sse2, sse3, ssse3, sse4.1, sse4.2, popcnt, tsc, tscinvbit, avx, aes, clmul, vzeroupper, clflush, hv

Memory: 4k page, system-wide physical 8073M (323M free)
TotalPageFile size 12937M (AvailPageFile size 2385M)
current process WorkingSet (physical memory assigned to process): 735M, peak: 825M
current process commit charge ("private bytes"): 894M, peak: 913M

vm_info: OpenJDK 64-Bit Server VM (17.0.4.1+1) for windows-amd64 JRE (17.0.4.1+1), built on Aug 17 2022 07:42:43 by "temurin" with MS VC++ 16.7 (VS2019)

END.
