#
# A fatal error has been detected by the Java Runtime Environment:
#
#  EXCEPTION_ACCESS_VIOLATION (0xc0000005) at pc=0x00007ffc39b6ccc1, pid=10956, tid=848
#
# JRE version: Java(TM) SE Runtime Environment (17.0.2+8) (build 17.0.2+8-LTS-86)
# Java VM: Java HotSpot(TM) 64-Bit Server VM (17.0.2+8-LTS-86, mixed mode, emulated-client, sharing, tiered, compressed oops, compressed class ptrs, g1 gc, windows-amd64)
# Problematic frame:
# V  [jvm.dll+0x1accc1]
#
# No core dump will be written. Minidumps are not enabled by default on client versions of Windows
#
# If you would like to submit a bug report, please visit:
#   https://bugreport.java.com/bugreport/crash.jsp
#

---------------  S U M M A R Y ------------

Command Line: -XX:+ShowCodeDetailsInExceptionMessages -agentlib:jdwp=transport=dt_socket,suspend=y,address=localhost:51378 -Dcom.sun.management.jmxremote -Dcom.sun.management.jmxremote.port=51377 -Dcom.sun.management.jmxremote.authenticate=false -Dcom.sun.management.jmxremote.ssl=false -Djava.rmi.server.hostname=localhost -Dspring.jmx.enabled=true -Dspring.application.admin.enabled=true -XX:TieredStopAtLevel=1 -Dspring.boot.project.name=yuzeeapp -javaagent:C:\Users\BUYPC\Desktop\sts-4.16.0.RELEASE\configuration\org.eclipse.osgi\268\0\.cp\lib\javaagent-shaded.jar -Dfile.encoding=UTF-8 com.yuzee.app.YuzeeApplication --spring.output.ansi.enabled=always

Host: Intel(R) Core(TM) i7-2640M CPU @ 2.80GHz, 4 cores, 7G,  Windows 10 , 64 bit Build 19041 (10.0.19041.1889)
Time: Wed Nov  2 08:11:57 2022 Pacific Daylight Time elapsed time: 24.905436 seconds (0d 0h 0m 24s)

---------------  T H R E A D  ---------------

Current thread (0x000001e819ce2560):  GCTaskThread "GC Thread#3" [stack: 0x0000005b93b00000,0x0000005b93c00000] [id=848]

Stack: [0x0000005b93b00000,0x0000005b93c00000],  sp=0x0000005b93bff948,  free space=1022k
Native frames: (J=compiled Java code, j=interpreted, Vv=VM code, C=native code)
V  [jvm.dll+0x1accc1]


siginfo: EXCEPTION_ACCESS_VIOLATION (0xc0000005), reading address 0x0000000000000100


Register to memory mapping:

RIP=0x00007ffc39b6ccc1 jvm.dll
RAX=0x0 is NULL
RBX=0x0000000000000001 is an unknown value
RCX=0x0000000800006638 is pointing into metadata
RDX=
[error occurred during error reporting (printing register info), id 0xc0000005, EXCEPTION_ACCESS_VIOLATION (0xc0000005) at pc=0x00007ffc39c8f346]

Registers:
RAX=0x0000000000000000, RBX=0x0000000000000001, RCX=0x0000000800006638, RDX=0x0000000086ec93d0
RSP=0x0000005b93bff948, RBP=0x0000000000004467, RSI=0x000000008666e0dc, RDI=0x0000000086ec93d0
R8 =0x0000000000000000, R9 =0x0000000800006638, R10=0x0000000086ec93d0, R11=0x0000000000000001
R12=0x000001e8185deeb8, R13=0x0000005b93bffb20, R14=0x000001e81c9e5ce0, R15=0x0000000800006638
RIP=0x00007ffc39b6ccc1, EFLAGS=0x0000000000010246

Top of Stack: (sp=0x0000005b93bff948)
0x0000005b93bff948:   00007ffc39cc272c 0000000000000000
0x0000005b93bff958:   0000000086ec93b8 0000000000000003
0x0000005b93bff968:   0000000000000002 000001e81c9e5e60
0x0000005b93bff978:   00007ffc39cc1010 0000000000000011
0x0000005b93bff988:   000001e805050e40 0000005b00000000
0x0000005b93bff998:   00007ffc3a02a30f 000001e81c9e5e60
0x0000005b93bff9a8:   0000000000000000 0000000000000000
0x0000005b93bff9b8:   0000005b93bffb20 000001e8185deeb8
0x0000005b93bff9c8:   000001e81c9e5ce0 000000008666e0dc
0x0000005b93bff9d8:   0000000000004467 000000008666e0dd
0x0000005b93bff9e8:   00007ffc39cc3840 0000000086f50000
0x0000005b93bff9f8:   0000000000000001 0000000000000018
0x0000005b93bffa08:   0000000000000011 000001e8185deae0
0x0000005b93bffa18:   000001e81c9e5ce0 0000005b92afea00
0x0000005b93bffa28:   0000000000000013 0000005b93bffaa0
0x0000005b93bffa38:   00007ffc39c9703f 00000d3f00004459 

Instructions: (pc=0x00007ffc39b6ccc1)
0x00007ffc39b6cbc1:   74 32 0f 10 83 f0 02 00 00 48 8b 07 48 8d 54 24
0x00007ffc39b6cbd1:   20 48 8b cf 0f 29 44 24 20 ff 50 40 33 c0 48 89
0x00007ffc39b6cbe1:   44 24 20 48 89 44 24 28 0f 10 44 24 20 0f 11 83
0x00007ffc39b6cbf1:   f0 02 00 00 48 8b 5c 24 40 48 83 c4 30 5f c3 48
0x00007ffc39b6cc01:   8b 49 40 48 8b 01 48 ff 60 28 cc cc cc cc cc 80
0x00007ffc39b6cc11:   3d 8c dd 93 00 00 48 8b c1 74 1b 8b 51 08 8b 0d
0x00007ffc39b6cc21:   93 66 8d 00 48 d3 e2 48 8b c8 48 03 15 7e 66 8d
0x00007ffc39b6cc31:   00 e9 19 00 00 00 48 8b 51 08 48 8b c8 e9 0d 00
0x00007ffc39b6cc41:   00 00 cc cc cc cc cc cc cc cc cc cc cc cc cc 4c
0x00007ffc39b6cc51:   8b ca 48 8b d1 45 8b 41 08 45 85 c0 7e 0e 41 f6
0x00007ffc39b6cc61:   c0 01 75 56 41 c1 f8 03 41 8b c0 c3 79 4c 80 3d
0x00007ffc39b6cc71:   2d dd 93 00 00 b8 0c 00 00 00 b9 10 00 00 00 0f
0x00007ffc39b6cc81:   45 c8 8b 05 4b 75 8d 00 ff c8 4c 63 c8 48 63 14
0x00007ffc39b6cc91:   11 41 8b c8 83 e1 3f 48 d3 e2 41 8b c8 48 c1 f9
0x00007ffc39b6cca1:   10 0f b6 c1 49 8d 0c 11 49 f7 d1 48 03 c1 49 c1
0x00007ffc39b6ccb1:   e9 03 48 c1 e8 03 41 23 c1 c3 49 8b 01 49 8b c9
0x00007ffc39b6ccc1:   48 ff a0 00 01 00 00 cc cc cc cc cc cc cc cc 48
0x00007ffc39b6ccd1:   83 ec 38 0f 10 02 48 8b 49 40 48 8d 54 24 20 0f
0x00007ffc39b6cce1:   29 44 24 20 e8 56 f2 ff ff 48 83 c4 38 c3 cc 48
0x00007ffc39b6ccf1:   83 ec 38 0f 10 02 48 8b 01 48 8d 54 24 20 0f 29
0x00007ffc39b6cd01:   44 24 20 ff 50 38 48 83 c4 38 c3 cc cc cc cc 48
0x00007ffc39b6cd11:   89 5c 24 08 55 56 57 41 54 41 55 41 56 41 57 48
0x00007ffc39b6cd21:   8d 6c 24 e0 48 81 ec 20 01 00 00 48 8b 05 85 62
0x00007ffc39b6cd31:   90 00 48 33 c4 48 89 45 10 48 8b 05 cf d4 92 00
0x00007ffc39b6cd41:   45 33 ed 4c 8b b5 80 00 00 00 4c 8b fa 48 8b bd
0x00007ffc39b6cd51:   88 00 00 00 4d 8b c6 49 8b d6 49 8b f1 48 8b 48
0x00007ffc39b6cd61:   40 48 8b 59 40 49 8b cf c7 45 c0 ff ff ff ff 44
0x00007ffc39b6cd71:   89 6d d4 4c 89 6d d8 44 88 6d e0 c7 45 e8 ff ff
0x00007ffc39b6cd81:   ff ff 44 89 6d fc 4c 89 6d 00 44 88 6d 08 e8 7c
0x00007ffc39b6cd91:   fb f3 ff 41 b1 01 4c 8d 45 e8 41 8d 55 04 49 8b
0x00007ffc39b6cda1:   cf e8 f9 12 f2 ff 48 8b 05 1a 14 7a 00 4c 8d 25
0x00007ffc39b6cdb1:   0b 02 69 00 48 89 44 24 30 4c 8d 44 24 70 0f b6 


Stack slot to memory mapping:
stack at sp + 0 slots: 0x00007ffc39cc272c jvm.dll
stack at sp + 1 slots: 0x0 is NULL
stack at sp + 2 slots: 0x0000000086ec93b8 is an oop: java.lang.String 
{0x0000000086ec93b8} - klass: 'java/lang/String'
 - ---- fields (total size 3 words):
 - private 'hash' 'I' @12  0
 - private final 'coder' 'B' @16  0
 - private 'hashIsZero' 'Z' @17  false
 - private final synchronized 'value' '[B' @20  
[error occurred during error reporting (inspecting top of stack), id 0xc0000005, EXCEPTION_ACCESS_VIOLATION (0xc0000005) at pc=0x00007ffc3a01d349]


---------------  P R O C E S S  ---------------

Threads class SMR info:
_java_thread_list=0x000001e81c68cf00, length=28, elements={
0x000001e804fb05c0, 0x000001e818591940, 0x000001e818594fb0, 0x000001e8185a6b10,
0x000001e8185a75d0, 0x000001e8185a9fa0, 0x000001e8185aa860, 0x000001e8185ab1d0,
0x000001e8185db180, 0x000001e81857e1b0, 0x000001e81913c750, 0x000001e8191b0470,
0x000001e8191b2320, 0x000001e8191b3820, 0x000001e819f01c20, 0x000001e819fb2400,
0x000001e819fb28d0, 0x000001e819ffcc30, 0x000001e81a25f3d0, 0x000001e81a295e80,
0x000001e81a296350, 0x000001e81a28c340, 0x000001e81a46a2d0, 0x000001e81a467780,
0x000001e81a466de0, 0x000001e81a4672b0, 0x000001e81a468120, 0x000001e81a4685f0
}

Java Threads: ( => current thread )
  0x000001e804fb05c0 JavaThread "main" [_thread_blocked, id=14484, stack(0x0000005b92400000,0x0000005b92500000)]
  0x000001e818591940 JavaThread "Reference Handler" daemon [_thread_blocked, id=11940, stack(0x0000005b92b00000,0x0000005b92c00000)]
  0x000001e818594fb0 JavaThread "Finalizer" daemon [_thread_blocked, id=11032, stack(0x0000005b92c00000,0x0000005b92d00000)]
  0x000001e8185a6b10 JavaThread "Signal Dispatcher" daemon [_thread_blocked, id=3584, stack(0x0000005b92d00000,0x0000005b92e00000)]
  0x000001e8185a75d0 JavaThread "Attach Listener" daemon [_thread_blocked, id=9456, stack(0x0000005b92e00000,0x0000005b92f00000)]
  0x000001e8185a9fa0 JavaThread "Service Thread" daemon [_thread_blocked, id=8184, stack(0x0000005b92f00000,0x0000005b93000000)]
  0x000001e8185aa860 JavaThread "Monitor Deflation Thread" daemon [_thread_blocked, id=7944, stack(0x0000005b93000000,0x0000005b93100000)]
  0x000001e8185ab1d0 JavaThread "C1 CompilerThread0" daemon [_thread_blocked, id=11928, stack(0x0000005b93100000,0x0000005b93200000)]
  0x000001e8185db180 JavaThread "Sweeper thread" daemon [_thread_blocked, id=744, stack(0x0000005b93200000,0x0000005b93300000)]
  0x000001e81857e1b0 JavaThread "Common-Cleaner" daemon [_thread_blocked, id=6524, stack(0x0000005b93300000,0x0000005b93400000)]
  0x000001e81913c750 JavaThread "C1 CompilerThread1" daemon [_thread_blocked, id=12668, stack(0x0000005b93400000,0x0000005b93500000)]
  0x000001e8191b0470 JavaThread "JDWP Transport Listener: dt_socket" daemon [_thread_blocked, id=2532, stack(0x0000005b93500000,0x0000005b93600000)]
  0x000001e8191b2320 JavaThread "JDWP Event Helper Thread" daemon [_thread_blocked, id=8380, stack(0x0000005b93600000,0x0000005b93700000)]
  0x000001e8191b3820 JavaThread "JDWP Command Reader" daemon [_thread_in_native, id=2544, stack(0x0000005b93700000,0x0000005b93800000)]
  0x000001e819f01c20 JavaThread "Notification Thread" daemon [_thread_blocked, id=3064, stack(0x0000005b93c00000,0x0000005b93d00000)]
  0x000001e819fb2400 JavaThread "RMI TCP Accept-0" daemon [_thread_in_native, id=4964, stack(0x0000005b93d00000,0x0000005b93e00000)]
  0x000001e819fb28d0 JavaThread "RMI TCP Accept-51377" daemon [_thread_in_native, id=9612, stack(0x0000005b93e00000,0x0000005b93f00000)]
  0x000001e819ffcc30 JavaThread "RMI TCP Accept-0" daemon [_thread_in_native, id=5688, stack(0x0000005b93f00000,0x0000005b94000000)]
  0x000001e81a25f3d0 JavaThread "RMI TCP Connection(1)-127.0.0.1" daemon [_thread_in_native, id=8628, stack(0x0000005b94100000,0x0000005b94200000)]
  0x000001e81a295e80 JavaThread "RMI Scheduler(0)" daemon [_thread_blocked, id=14836, stack(0x0000005b94200000,0x0000005b94300000)]
  0x000001e81a296350 JavaThread "RMI TCP Connection(2)-127.0.0.1" daemon [_thread_blocked, id=12368, stack(0x0000005b94300000,0x0000005b94400000)]
  0x000001e81a28c340 JavaThread "JMX server connection timeout 24" daemon [_thread_blocked, id=5224, stack(0x0000005b94400000,0x0000005b94500000)]
  0x000001e81a46a2d0 JavaThread "Thread-0" [_thread_blocked, id=14400, stack(0x0000005b94500000,0x0000005b94600000)]
  0x000001e81a467780 JavaThread "restartedMain" [_thread_blocked, id=11972, stack(0x0000005b94600000,0x0000005b94700000)]
  0x000001e81a466de0 JavaThread "Catalina-utility-1" [_thread_blocked, id=14928, stack(0x0000005b94800000,0x0000005b94900000)]
  0x000001e81a4672b0 JavaThread "Catalina-utility-2" [_thread_blocked, id=4084, stack(0x0000005b94900000,0x0000005b94a00000)]
  0x000001e81a468120 JavaThread "container-0" [_thread_blocked, id=10968, stack(0x0000005b94a00000,0x0000005b94b00000)]
  0x000001e81a4685f0 JavaThread "mysql-cj-abandoned-connection-cleanup" daemon [_thread_blocked, id=10148, stack(0x0000005b94b00000,0x0000005b94c00000)]

Other Threads:
  0x000001e81858b9d0 VMThread "VM Thread" [stack: 0x0000005b92a00000,0x0000005b92b00000] [id=15036]
  0x000001e81a022160 WatcherThread [stack: 0x0000005b94000000,0x0000005b94100000] [id=6684]
  0x000001e804fed4d0 GCTaskThread "GC Thread#0" [stack: 0x0000005b92500000,0x0000005b92600000] [id=13064]
  0x000001e819cd1e50 GCTaskThread "GC Thread#1" [stack: 0x0000005b93900000,0x0000005b93a00000] [id=12916]
  0x000001e819cd2100 GCTaskThread "GC Thread#2" [stack: 0x0000005b93a00000,0x0000005b93b00000] [id=11804]
=>0x000001e819ce2560 GCTaskThread "GC Thread#3" [stack: 0x0000005b93b00000,0x0000005b93c00000] [id=848]
  0x000001e804ffe900 ConcurrentGCThread "G1 Main Marker" [stack: 0x0000005b92600000,0x0000005b92700000] [id=14028]
  0x000001e804fff320 ConcurrentGCThread "G1 Conc#0" [stack: 0x0000005b92700000,0x0000005b92800000] [id=7612]
  0x000001e805055680 ConcurrentGCThread "G1 Refine#0" [stack: 0x0000005b92800000,0x0000005b92900000] [id=6952]
  0x000001e8184500a0 ConcurrentGCThread "G1 Service" [stack: 0x0000005b92900000,0x0000005b92a00000] [id=8564]

Threads with active compile tasks:

VM state: at safepoint (normal execution)

VM Mutex/Monitor currently owned by a thread:  ([mutex/lock_event])
[0x000001e804faa810] Threads_lock - owner thread: 0x000001e81858b9d0
[0x000001e804fac160] Heap_lock - owner thread: 0x000001e81a467780

Heap address: 0x0000000081c00000, size: 2020 MB, Compressed Oops mode: 32-bit

CDS archive(s) mapped at: [0x0000000800000000-0x0000000800bc0000-0x0000000800bc0000), size 12320768, SharedBaseAddress: 0x0000000800000000, ArchiveRelocationMode: 0.
Compressed class space mapped at: 0x0000000800c00000-0x0000000840c00000, reserved size: 1073741824
Narrow klass base: 0x0000000800000000, Narrow klass shift: 0, Narrow klass range: 0x100000000

GC Precious Log:
 CPUs: 4 total, 4 available
 Memory: 8073M
 Large Page Support: Disabled
 NUMA Support: Disabled
 Compressed Oops: Enabled (32-bit)
 Heap Region Size: 1M
 Heap Min Capacity: 8M
 Heap Initial Capacity: 128M
 Heap Max Capacity: 2020M
 Pre-touch: Disabled
 Parallel Workers: 4
 Concurrent Workers: 1
 Concurrent Refinement Workers: 4
 Periodic GC: Disabled

Heap:
 garbage-first heap   total 172032K, used 144551K [0x0000000081c00000, 0x0000000100000000)
  region size 1024K, 91 young (93184K), 5 survivors (5120K)
 Metaspace       used 48184K, committed 48640K, reserved 1097728K
  class space    used 6589K, committed 6784K, reserved 1048576K

Heap Regions: E=young(eden), S=young(survivor), O=old, HS=humongous(starts), HC=humongous(continues), CS=collection set, F=free, OA=open archive, CA=closed archive, TAMS=top-at-mark-start (previous, next)
|   0|0x0000000081c00000, 0x0000000081d00000, 0x0000000081d00000|100%|HS|  |TAMS 0x0000000081d00000, 0x0000000081c00000| Complete 
|   1|0x0000000081d00000, 0x0000000081e00000, 0x0000000081e00000|100%|HS|  |TAMS 0x0000000081e00000, 0x0000000081d00000| Complete 
|   2|0x0000000081e00000, 0x0000000081f00000, 0x0000000081f00000|100%| O|  |TAMS 0x0000000081f00000, 0x0000000081e00000| Untracked 
|   3|0x0000000081f00000, 0x0000000082000000, 0x0000000082000000|100%| O|  |TAMS 0x0000000082000000, 0x0000000081f00000| Untracked 
|   4|0x0000000082000000, 0x0000000082100000, 0x0000000082100000|100%| O|  |TAMS 0x0000000082100000, 0x0000000082000000| Untracked 
|   5|0x0000000082100000, 0x0000000082200000, 0x0000000082200000|100%| O|  |TAMS 0x0000000082200000, 0x0000000082100000| Untracked 
|   6|0x0000000082200000, 0x0000000082300000, 0x0000000082300000|100%| O|  |TAMS 0x0000000082300000, 0x0000000082200000| Untracked 
|   7|0x0000000082300000, 0x0000000082400000, 0x0000000082400000|100%| O|  |TAMS 0x0000000082400000, 0x0000000082300000| Untracked 
|   8|0x0000000082400000, 0x0000000082500000, 0x0000000082500000|100%| O|  |TAMS 0x0000000082500000, 0x0000000082400000| Untracked 
|   9|0x0000000082500000, 0x0000000082600000, 0x0000000082600000|100%| O|  |TAMS 0x0000000082600000, 0x0000000082500000| Untracked 
|  10|0x0000000082600000, 0x0000000082700000, 0x0000000082700000|100%| O|  |TAMS 0x0000000082700000, 0x0000000082600000| Untracked 
|  11|0x0000000082700000, 0x0000000082800000, 0x0000000082800000|100%| O|  |TAMS 0x0000000082800000, 0x0000000082700000| Untracked 
|  12|0x0000000082800000, 0x0000000082900000, 0x0000000082900000|100%| O|  |TAMS 0x0000000082900000, 0x0000000082800000| Untracked 
|  13|0x0000000082900000, 0x0000000082a00000, 0x0000000082a00000|100%| O|  |TAMS 0x0000000082a00000, 0x0000000082900000| Untracked 
|  14|0x0000000082a00000, 0x0000000082b00000, 0x0000000082b00000|100%| O|  |TAMS 0x0000000082b00000, 0x0000000082a00000| Untracked 
|  15|0x0000000082b00000, 0x0000000082c00000, 0x0000000082c00000|100%| O|  |TAMS 0x0000000082b00000, 0x0000000082b00000| Untracked 
|  16|0x0000000082c00000, 0x0000000082d00000, 0x0000000082d00000|100%| O|  |TAMS 0x0000000082d00000, 0x0000000082c00000| Untracked 
|  17|0x0000000082d00000, 0x0000000082e00000, 0x0000000082e00000|100%| O|  |TAMS 0x0000000082e00000, 0x0000000082d00000| Untracked 
|  18|0x0000000082e00000, 0x0000000082f00000, 0x0000000082f00000|100%| O|  |TAMS 0x0000000082f00000, 0x0000000082e00000| Untracked 
|  19|0x0000000082f00000, 0x0000000083000000, 0x0000000083000000|100%| O|  |TAMS 0x0000000083000000, 0x0000000082f00000| Untracked 
|  20|0x0000000083000000, 0x0000000083100000, 0x0000000083100000|100%| O|  |TAMS 0x0000000083100000, 0x0000000083000000| Untracked 
|  21|0x0000000083100000, 0x0000000083200000, 0x0000000083200000|100%| O|  |TAMS 0x0000000083200000, 0x0000000083100000| Untracked 
|  22|0x0000000083200000, 0x0000000083300000, 0x0000000083300000|100%| O|  |TAMS 0x0000000083300000, 0x0000000083200000| Untracked 
|  23|0x0000000083300000, 0x0000000083400000, 0x0000000083400000|100%| O|  |TAMS 0x0000000083400000, 0x0000000083300000| Untracked 
|  24|0x0000000083400000, 0x0000000083500000, 0x0000000083500000|100%| O|  |TAMS 0x0000000083500000, 0x0000000083400000| Untracked 
|  25|0x0000000083500000, 0x0000000083600000, 0x0000000083600000|100%| O|  |TAMS 0x0000000083600000, 0x0000000083500000| Untracked 
|  26|0x0000000083600000, 0x0000000083700000, 0x0000000083700000|100%| O|  |TAMS 0x0000000083700000, 0x0000000083600000| Untracked 
|  27|0x0000000083700000, 0x0000000083800000, 0x0000000083800000|100%| O|  |TAMS 0x0000000083800000, 0x0000000083700000| Untracked 
|  28|0x0000000083800000, 0x0000000083900000, 0x0000000083900000|100%| O|  |TAMS 0x0000000083900000, 0x0000000083800000| Untracked 
|  29|0x0000000083900000, 0x0000000083a00000, 0x0000000083a00000|100%| O|  |TAMS 0x0000000083a00000, 0x0000000083900000| Untracked 
|  30|0x0000000083a00000, 0x0000000083b00000, 0x0000000083b00000|100%| O|  |TAMS 0x0000000083b00000, 0x0000000083a00000| Untracked 
|  31|0x0000000083b00000, 0x0000000083c00000, 0x0000000083c00000|100%| O|  |TAMS 0x0000000083c00000, 0x0000000083b00000| Untracked 
|  32|0x0000000083c00000, 0x0000000083d00000, 0x0000000083d00000|100%| O|  |TAMS 0x0000000083c81a00, 0x0000000083c00000| Untracked 
|  33|0x0000000083d00000, 0x0000000083e00000, 0x0000000083e00000|100%| O|  |TAMS 0x0000000083d00000, 0x0000000083d00000| Untracked 
|  34|0x0000000083e00000, 0x0000000083f00000, 0x0000000083f00000|100%| O|  |TAMS 0x0000000083e00000, 0x0000000083e00000| Untracked 
|  35|0x0000000083f00000, 0x0000000084000000, 0x0000000084000000|100%| O|  |TAMS 0x0000000083f00000, 0x0000000083f00000| Untracked 
|  36|0x0000000084000000, 0x0000000084100000, 0x0000000084100000|100%| O|  |TAMS 0x0000000084000000, 0x0000000084000000| Untracked 
|  37|0x0000000084100000, 0x0000000084200000, 0x0000000084200000|100%| O|  |TAMS 0x0000000084100000, 0x0000000084100000| Untracked 
|  38|0x0000000084200000, 0x0000000084300000, 0x0000000084300000|100%| O|  |TAMS 0x0000000084200000, 0x0000000084200000| Untracked 
|  39|0x0000000084300000, 0x0000000084400000, 0x0000000084400000|100%| O|  |TAMS 0x0000000084300000, 0x0000000084300000| Untracked 
|  40|0x0000000084400000, 0x0000000084500000, 0x0000000084500000|100%| O|  |TAMS 0x0000000084400000, 0x0000000084400000| Untracked 
|  41|0x0000000084500000, 0x0000000084600000, 0x0000000084600000|100%| O|  |TAMS 0x0000000084500000, 0x0000000084500000| Untracked 
|  42|0x0000000084600000, 0x0000000084700000, 0x0000000084700000|100%| O|  |TAMS 0x0000000084600000, 0x0000000084600000| Untracked 
|  43|0x0000000084700000, 0x0000000084800000, 0x0000000084800000|100%| O|  |TAMS 0x0000000084700000, 0x0000000084700000| Untracked 
|  44|0x0000000084800000, 0x0000000084900000, 0x0000000084900000|100%| O|  |TAMS 0x0000000084800000, 0x0000000084800000| Untracked 
|  45|0x0000000084900000, 0x0000000084a00000, 0x0000000084a00000|100%| O|  |TAMS 0x0000000084900000, 0x0000000084900000| Untracked 
|  46|0x0000000084a00000, 0x0000000084b00000, 0x0000000084b00000|100%| O|  |TAMS 0x0000000084a00000, 0x0000000084a00000| Untracked 
|  47|0x0000000084b00000, 0x0000000084c00000, 0x0000000084c00000|100%| O|  |TAMS 0x0000000084b00000, 0x0000000084b00000| Untracked 
|  48|0x0000000084c00000, 0x0000000084d00000, 0x0000000084d00000|100%| O|  |TAMS 0x0000000084c00000, 0x0000000084c00000| Untracked 
|  49|0x0000000084d00000, 0x0000000084e00000, 0x0000000084e00000|100%| O|  |TAMS 0x0000000084d00000, 0x0000000084d00000| Untracked 
|  50|0x0000000084e00000, 0x0000000084f00000, 0x0000000084f00000|100%| O|  |TAMS 0x0000000084e00000, 0x0000000084e00000| Untracked 
|  51|0x0000000084f00000, 0x0000000084fad400, 0x0000000085000000| 67%| O|  |TAMS 0x0000000084f00000, 0x0000000084f00000| Untracked 
|  52|0x0000000085000000, 0x0000000085000000, 0x0000000085100000|  0%| F|  |TAMS 0x0000000085000000, 0x0000000085000000| Untracked 
|  53|0x0000000085100000, 0x0000000085100000, 0x0000000085200000|  0%| F|  |TAMS 0x0000000085100000, 0x0000000085100000| Untracked 
|  54|0x0000000085200000, 0x0000000085200000, 0x0000000085300000|  0%| F|  |TAMS 0x0000000085200000, 0x0000000085200000| Untracked 
|  55|0x0000000085300000, 0x0000000085300000, 0x0000000085400000|  0%| F|  |TAMS 0x0000000085300000, 0x0000000085300000| Untracked 
|  56|0x0000000085400000, 0x0000000085400000, 0x0000000085500000|  0%| F|  |TAMS 0x0000000085400000, 0x0000000085400000| Untracked 
|  57|0x0000000085500000, 0x0000000085500000, 0x0000000085600000|  0%| F|  |TAMS 0x0000000085500000, 0x0000000085500000| Untracked 
|  58|0x0000000085600000, 0x0000000085600000, 0x0000000085700000|  0%| F|  |TAMS 0x0000000085600000, 0x0000000085600000| Untracked 
|  59|0x0000000085700000, 0x0000000085700000, 0x0000000085800000|  0%| F|  |TAMS 0x0000000085700000, 0x0000000085700000| Untracked 
|  60|0x0000000085800000, 0x0000000085800000, 0x0000000085900000|  0%| F|  |TAMS 0x0000000085800000, 0x0000000085800000| Untracked 
|  61|0x0000000085900000, 0x0000000085900000, 0x0000000085a00000|  0%| F|  |TAMS 0x0000000085900000, 0x0000000085900000| Untracked 
|  62|0x0000000085a00000, 0x0000000085a00000, 0x0000000085b00000|  0%| F|  |TAMS 0x0000000085a00000, 0x0000000085a00000| Untracked 
|  63|0x0000000085b00000, 0x0000000085b00000, 0x0000000085c00000|  0%| F|  |TAMS 0x0000000085b00000, 0x0000000085b00000| Untracked 
|  64|0x0000000085c00000, 0x0000000085c00000, 0x0000000085d00000|  0%| F|  |TAMS 0x0000000085c00000, 0x0000000085c00000| Untracked 
|  65|0x0000000085d00000, 0x0000000085d00000, 0x0000000085e00000|  0%| F|  |TAMS 0x0000000085d00000, 0x0000000085d00000| Untracked 
|  66|0x0000000085e00000, 0x0000000085e00000, 0x0000000085f00000|  0%| F|  |TAMS 0x0000000085e00000, 0x0000000085e00000| Untracked 
|  67|0x0000000085f00000, 0x0000000085f00000, 0x0000000086000000|  0%| F|  |TAMS 0x0000000085f00000, 0x0000000085f00000| Untracked 
|  68|0x0000000086000000, 0x0000000086000000, 0x0000000086100000|  0%| F|  |TAMS 0x0000000086000000, 0x0000000086000000| Untracked 
|  69|0x0000000086100000, 0x0000000086100000, 0x0000000086200000|  0%| F|  |TAMS 0x0000000086100000, 0x0000000086100000| Untracked 
|  70|0x0000000086200000, 0x0000000086200000, 0x0000000086300000|  0%| F|  |TAMS 0x0000000086200000, 0x0000000086200000| Untracked 
|  71|0x0000000086300000, 0x0000000086300000, 0x0000000086400000|  0%| F|  |TAMS 0x0000000086300000, 0x0000000086300000| Untracked 
|  72|0x0000000086400000, 0x0000000086400000, 0x0000000086500000|  0%| F|  |TAMS 0x0000000086400000, 0x0000000086400000| Untracked 
|  73|0x0000000086500000, 0x00000000865775c8, 0x0000000086600000| 46%| S|  |TAMS 0x0000000086500000, 0x0000000086500000| Complete 
|  74|0x0000000086600000, 0x0000000086700000, 0x0000000086700000|100%| S|  |TAMS 0x0000000086600000, 0x0000000086600000| Complete 
|  75|0x0000000086700000, 0x0000000086800000, 0x0000000086800000|100%| S|  |TAMS 0x0000000086700000, 0x0000000086700000| Complete 
|  76|0x0000000086800000, 0x000000008687cbc0, 0x0000000086900000| 48%| E|CS|TAMS 0x0000000086800000, 0x0000000086800000| Complete 
|  77|0x0000000086900000, 0x0000000086a00000, 0x0000000086a00000|100%| S|  |TAMS 0x0000000086900000, 0x0000000086900000| Complete 
|  78|0x0000000086a00000, 0x0000000086b00000, 0x0000000086b00000|100%| S|  |TAMS 0x0000000086a00000, 0x0000000086a00000| Complete 
|  79|0x0000000086b00000, 0x0000000086c00000, 0x0000000086c00000|100%| E|CS|TAMS 0x0000000086b00000, 0x0000000086b00000| Complete 
|  80|0x0000000086c00000, 0x0000000086d00000, 0x0000000086d00000|100%| E|CS|TAMS 0x0000000086c00000, 0x0000000086c00000| Complete 
|  81|0x0000000086d00000, 0x0000000086e00000, 0x0000000086e00000|100%| E|CS|TAMS 0x0000000086d00000, 0x0000000086d00000| Complete 
|  82|0x0000000086e00000, 0x0000000086f00000, 0x0000000086f00000|100%| E|CS|TAMS 0x0000000086e00000, 0x0000000086e00000| Complete 
|  83|0x0000000086f00000, 0x0000000087000000, 0x0000000087000000|100%| E|CS|TAMS 0x0000000086f00000, 0x0000000086f00000| Complete 
|  84|0x0000000087000000, 0x0000000087100000, 0x0000000087100000|100%| E|CS|TAMS 0x0000000087000000, 0x0000000087000000| Complete 
|  85|0x0000000087100000, 0x0000000087200000, 0x0000000087200000|100%| E|CS|TAMS 0x0000000087100000, 0x0000000087100000| Complete 
|  86|0x0000000087200000, 0x0000000087300000, 0x0000000087300000|100%| E|CS|TAMS 0x0000000087200000, 0x0000000087200000| Complete 
|  87|0x0000000087300000, 0x0000000087400000, 0x0000000087400000|100%| E|CS|TAMS 0x0000000087300000, 0x0000000087300000| Complete 
|  88|0x0000000087400000, 0x0000000087500000, 0x0000000087500000|100%| E|CS|TAMS 0x0000000087400000, 0x0000000087400000| Complete 
|  89|0x0000000087500000, 0x0000000087600000, 0x0000000087600000|100%| E|CS|TAMS 0x0000000087500000, 0x0000000087500000| Complete 
|  90|0x0000000087600000, 0x0000000087700000, 0x0000000087700000|100%| E|CS|TAMS 0x0000000087600000, 0x0000000087600000| Complete 
|  91|0x0000000087700000, 0x0000000087800000, 0x0000000087800000|100%| E|CS|TAMS 0x0000000087700000, 0x0000000087700000| Complete 
|  92|0x0000000087800000, 0x0000000087900000, 0x0000000087900000|100%| E|CS|TAMS 0x0000000087800000, 0x0000000087800000| Complete 
|  93|0x0000000087900000, 0x0000000087a00000, 0x0000000087a00000|100%| E|CS|TAMS 0x0000000087900000, 0x0000000087900000| Complete 
|  94|0x0000000087a00000, 0x0000000087b00000, 0x0000000087b00000|100%| E|CS|TAMS 0x0000000087a00000, 0x0000000087a00000| Complete 
|  95|0x0000000087b00000, 0x0000000087c00000, 0x0000000087c00000|100%| E|CS|TAMS 0x0000000087b00000, 0x0000000087b00000| Complete 
|  96|0x0000000087c00000, 0x0000000087d00000, 0x0000000087d00000|100%| E|CS|TAMS 0x0000000087c00000, 0x0000000087c00000| Complete 
|  97|0x0000000087d00000, 0x0000000087e00000, 0x0000000087e00000|100%| E|CS|TAMS 0x0000000087d00000, 0x0000000087d00000| Complete 
|  98|0x0000000087e00000, 0x0000000087f00000, 0x0000000087f00000|100%| E|CS|TAMS 0x0000000087e00000, 0x0000000087e00000| Complete 
|  99|0x0000000087f00000, 0x0000000088000000, 0x0000000088000000|100%| E|CS|TAMS 0x0000000087f00000, 0x0000000087f00000| Complete 
| 100|0x0000000088000000, 0x0000000088100000, 0x0000000088100000|100%| E|CS|TAMS 0x0000000088000000, 0x0000000088000000| Complete 
| 101|0x0000000088100000, 0x0000000088200000, 0x0000000088200000|100%| E|CS|TAMS 0x0000000088100000, 0x0000000088100000| Complete 
| 102|0x0000000088200000, 0x0000000088300000, 0x0000000088300000|100%| E|CS|TAMS 0x0000000088200000, 0x0000000088200000| Complete 
| 103|0x0000000088300000, 0x0000000088400000, 0x0000000088400000|100%| E|CS|TAMS 0x0000000088300000, 0x0000000088300000| Complete 
| 104|0x0000000088400000, 0x0000000088500000, 0x0000000088500000|100%| E|CS|TAMS 0x0000000088400000, 0x0000000088400000| Complete 
| 105|0x0000000088500000, 0x0000000088600000, 0x0000000088600000|100%| E|CS|TAMS 0x0000000088500000, 0x0000000088500000| Complete 
| 106|0x0000000088600000, 0x0000000088700000, 0x0000000088700000|100%| E|CS|TAMS 0x0000000088600000, 0x0000000088600000| Complete 
| 107|0x0000000088700000, 0x0000000088800000, 0x0000000088800000|100%| E|CS|TAMS 0x0000000088700000, 0x0000000088700000| Complete 
| 108|0x0000000088800000, 0x0000000088900000, 0x0000000088900000|100%| E|CS|TAMS 0x0000000088800000, 0x0000000088800000| Complete 
| 109|0x0000000088900000, 0x0000000088a00000, 0x0000000088a00000|100%| E|CS|TAMS 0x0000000088900000, 0x0000000088900000| Complete 
| 110|0x0000000088a00000, 0x0000000088b00000, 0x0000000088b00000|100%| E|CS|TAMS 0x0000000088a00000, 0x0000000088a00000| Complete 
| 111|0x0000000088b00000, 0x0000000088c00000, 0x0000000088c00000|100%| E|CS|TAMS 0x0000000088b00000, 0x0000000088b00000| Complete 
| 112|0x0000000088c00000, 0x0000000088d00000, 0x0000000088d00000|100%| E|CS|TAMS 0x0000000088c00000, 0x0000000088c00000| Complete 
| 113|0x0000000088d00000, 0x0000000088e00000, 0x0000000088e00000|100%| E|CS|TAMS 0x0000000088d00000, 0x0000000088d00000| Complete 
| 114|0x0000000088e00000, 0x0000000088f00000, 0x0000000088f00000|100%| E|CS|TAMS 0x0000000088e00000, 0x0000000088e00000| Complete 
| 115|0x0000000088f00000, 0x0000000089000000, 0x0000000089000000|100%| E|CS|TAMS 0x0000000088f00000, 0x0000000088f00000| Complete 
| 116|0x0000000089000000, 0x0000000089100000, 0x0000000089100000|100%| E|CS|TAMS 0x0000000089000000, 0x0000000089000000| Complete 
| 117|0x0000000089100000, 0x0000000089200000, 0x0000000089200000|100%| E|CS|TAMS 0x0000000089100000, 0x0000000089100000| Complete 
| 118|0x0000000089200000, 0x0000000089300000, 0x0000000089300000|100%| E|CS|TAMS 0x0000000089200000, 0x0000000089200000| Complete 
| 119|0x0000000089300000, 0x0000000089400000, 0x0000000089400000|100%| E|CS|TAMS 0x0000000089300000, 0x0000000089300000| Complete 
| 120|0x0000000089400000, 0x0000000089500000, 0x0000000089500000|100%| E|CS|TAMS 0x0000000089400000, 0x0000000089400000| Complete 
| 121|0x0000000089500000, 0x0000000089600000, 0x0000000089600000|100%| E|CS|TAMS 0x0000000089500000, 0x0000000089500000| Complete 
| 122|0x0000000089600000, 0x0000000089700000, 0x0000000089700000|100%| E|CS|TAMS 0x0000000089600000, 0x0000000089600000| Complete 
| 123|0x0000000089700000, 0x0000000089800000, 0x0000000089800000|100%| E|CS|TAMS 0x0000000089700000, 0x0000000089700000| Complete 
| 124|0x0000000089800000, 0x0000000089900000, 0x0000000089900000|100%| E|CS|TAMS 0x0000000089800000, 0x0000000089800000| Complete 
| 125|0x0000000089900000, 0x0000000089a00000, 0x0000000089a00000|100%| E|CS|TAMS 0x0000000089900000, 0x0000000089900000| Complete 
| 126|0x0000000089a00000, 0x0000000089b00000, 0x0000000089b00000|100%| E|CS|TAMS 0x0000000089a00000, 0x0000000089a00000| Complete 
| 127|0x0000000089b00000, 0x0000000089c00000, 0x0000000089c00000|100%| E|CS|TAMS 0x0000000089b00000, 0x0000000089b00000| Complete 
| 128|0x0000000089c00000, 0x0000000089d00000, 0x0000000089d00000|100%| E|CS|TAMS 0x0000000089c00000, 0x0000000089c00000| Complete 
| 129|0x0000000089d00000, 0x0000000089e00000, 0x0000000089e00000|100%| E|CS|TAMS 0x0000000089d00000, 0x0000000089d00000| Complete 
| 130|0x0000000089e00000, 0x0000000089f00000, 0x0000000089f00000|100%| E|CS|TAMS 0x0000000089e00000, 0x0000000089e00000| Complete 
| 131|0x0000000089f00000, 0x000000008a000000, 0x000000008a000000|100%| E|CS|TAMS 0x0000000089f00000, 0x0000000089f00000| Complete 
| 132|0x000000008a000000, 0x000000008a100000, 0x000000008a100000|100%| E|CS|TAMS 0x000000008a000000, 0x000000008a000000| Complete 
| 133|0x000000008a100000, 0x000000008a200000, 0x000000008a200000|100%| E|CS|TAMS 0x000000008a100000, 0x000000008a100000| Complete 
| 134|0x000000008a200000, 0x000000008a300000, 0x000000008a300000|100%| E|CS|TAMS 0x000000008a200000, 0x000000008a200000| Complete 
| 135|0x000000008a300000, 0x000000008a400000, 0x000000008a400000|100%| E|CS|TAMS 0x000000008a300000, 0x000000008a300000| Complete 
| 136|0x000000008a400000, 0x000000008a500000, 0x000000008a500000|100%| E|CS|TAMS 0x000000008a400000, 0x000000008a400000| Complete 
| 137|0x000000008a500000, 0x000000008a600000, 0x000000008a600000|100%| E|CS|TAMS 0x000000008a500000, 0x000000008a500000| Complete 
| 138|0x000000008a600000, 0x000000008a700000, 0x000000008a700000|100%| E|CS|TAMS 0x000000008a600000, 0x000000008a600000| Complete 
| 139|0x000000008a700000, 0x000000008a800000, 0x000000008a800000|100%| E|CS|TAMS 0x000000008a700000, 0x000000008a700000| Complete 
| 140|0x000000008a800000, 0x000000008a900000, 0x000000008a900000|100%| E|CS|TAMS 0x000000008a800000, 0x000000008a800000| Complete 
| 141|0x000000008a900000, 0x000000008aa00000, 0x000000008aa00000|100%| E|CS|TAMS 0x000000008a900000, 0x000000008a900000| Complete 
| 142|0x000000008aa00000, 0x000000008ab00000, 0x000000008ab00000|100%| E|CS|TAMS 0x000000008aa00000, 0x000000008aa00000| Complete 
| 143|0x000000008ab00000, 0x000000008ac00000, 0x000000008ac00000|100%| E|CS|TAMS 0x000000008ab00000, 0x000000008ab00000| Complete 
| 144|0x000000008ac00000, 0x000000008ad00000, 0x000000008ad00000|100%| E|CS|TAMS 0x000000008ac00000, 0x000000008ac00000| Complete 
| 145|0x000000008ad00000, 0x000000008ae00000, 0x000000008ae00000|100%| E|CS|TAMS 0x000000008ad00000, 0x000000008ad00000| Complete 
| 146|0x000000008ae00000, 0x000000008af00000, 0x000000008af00000|100%| E|CS|TAMS 0x000000008ae00000, 0x000000008ae00000| Complete 
| 147|0x000000008af00000, 0x000000008b000000, 0x000000008b000000|100%| E|CS|TAMS 0x000000008af00000, 0x000000008af00000| Complete 
| 148|0x000000008b000000, 0x000000008b100000, 0x000000008b100000|100%| E|CS|TAMS 0x000000008b000000, 0x000000008b000000| Complete 
| 149|0x000000008b100000, 0x000000008b200000, 0x000000008b200000|100%| E|CS|TAMS 0x000000008b100000, 0x000000008b100000| Complete 
| 150|0x000000008b200000, 0x000000008b300000, 0x000000008b300000|100%| E|CS|TAMS 0x000000008b200000, 0x000000008b200000| Complete 
| 151|0x000000008b300000, 0x000000008b400000, 0x000000008b400000|100%| E|CS|TAMS 0x000000008b300000, 0x000000008b300000| Complete 
| 152|0x000000008b400000, 0x000000008b500000, 0x000000008b500000|100%| E|CS|TAMS 0x000000008b400000, 0x000000008b400000| Complete 
| 153|0x000000008b500000, 0x000000008b600000, 0x000000008b600000|100%| E|CS|TAMS 0x000000008b500000, 0x000000008b500000| Complete 
| 154|0x000000008b600000, 0x000000008b700000, 0x000000008b700000|100%| E|CS|TAMS 0x000000008b600000, 0x000000008b600000| Complete 
| 155|0x000000008b700000, 0x000000008b800000, 0x000000008b800000|100%| E|CS|TAMS 0x000000008b700000, 0x000000008b700000| Complete 
| 156|0x000000008b800000, 0x000000008b900000, 0x000000008b900000|100%| E|CS|TAMS 0x000000008b800000, 0x000000008b800000| Complete 
| 157|0x000000008b900000, 0x000000008ba00000, 0x000000008ba00000|100%| E|CS|TAMS 0x000000008b900000, 0x000000008b900000| Complete 
| 158|0x000000008ba00000, 0x000000008bb00000, 0x000000008bb00000|100%| E|CS|TAMS 0x000000008ba00000, 0x000000008ba00000| Complete 
| 159|0x000000008bb00000, 0x000000008bc00000, 0x000000008bc00000|100%| E|CS|TAMS 0x000000008bb00000, 0x000000008bb00000| Complete 
| 160|0x000000008bc00000, 0x000000008bd00000, 0x000000008bd00000|100%| E|CS|TAMS 0x000000008bc00000, 0x000000008bc00000| Complete 
| 161|0x000000008bd00000, 0x000000008be00000, 0x000000008be00000|100%| E|CS|TAMS 0x000000008bd00000, 0x000000008bd00000| Complete 
| 162|0x000000008be00000, 0x000000008bf00000, 0x000000008bf00000|100%| E|CS|TAMS 0x000000008be00000, 0x000000008be00000| Complete 
| 163|0x000000008bf00000, 0x000000008c000000, 0x000000008c000000|100%| E|CS|TAMS 0x000000008bf00000, 0x000000008bf00000| Complete 
| 164|0x000000008c000000, 0x000000008c100000, 0x000000008c100000|100%| E|CS|TAMS 0x000000008c000000, 0x000000008c000000| Complete 
| 165|0x000000008c100000, 0x000000008c200000, 0x000000008c200000|100%| E|CS|TAMS 0x000000008c100000, 0x000000008c100000| Complete 
| 166|0x000000008c200000, 0x000000008c300000, 0x000000008c300000|100%| E|CS|TAMS 0x000000008c200000, 0x000000008c200000| Complete 
| 167|0x000000008c300000, 0x000000008c400000, 0x000000008c400000|100%| E|CS|TAMS 0x000000008c300000, 0x000000008c300000| Complete 

Card table byte_map: [0x000001e811880000,0x000001e811c80000] _byte_map_base: 0x000001e811472000

Marking Bits (Prev, Next): (CMBitMap*) 0x000001e804fedae0, (CMBitMap*) 0x000001e804fedb20
 Prev Bits: [0x000001e812080000, 0x000001e814010000)
 Next Bits: [0x000001e814010000, 0x000001e815fa0000)

Polling page: 0x000001e805060000

Metaspace:

Usage:
  Non-class:     40.62 MB used.
      Class:      6.43 MB used.
       Both:     47.06 MB used.

Virtual space:
  Non-class space:       48.00 MB reserved,      40.88 MB ( 85%) committed,  6 nodes.
      Class space:        1.00 GB reserved,       6.62 MB ( <1%) committed,  1 nodes.
             Both:        1.05 GB reserved,      47.50 MB (  4%) committed. 

Chunk freelists:
   Non-Class:  2.92 MB
       Class:  1.33 MB
        Both:  4.25 MB

MaxMetaspaceSize: unlimited
CompressedClassSpaceSize: 1.00 GB
Initial GC threshold: 21.00 MB
Current GC threshold: 59.62 MB
CDS: on
MetaspaceReclaimPolicy: balanced
 - commit_granule_bytes: 65536.
 - commit_granule_words: 8192.
 - virtual_space_node_default_size: 1048576.
 - enlarge_chunks_in_place: 1.
 - new_chunks_are_fully_committed: 0.
 - uncommit_free_chunks: 1.
 - use_allocation_guard: 0.
 - handle_deallocations: 1.


Internal statistics:

num_allocs_failed_limit: 6.
num_arena_births: 548.
num_arena_deaths: 0.
num_vsnodes_births: 7.
num_vsnodes_deaths: 0.
num_space_committed: 760.
num_space_uncommitted: 0.
num_chunks_returned_to_freelist: 6.
num_chunks_taken_from_freelist: 2295.
num_chunk_merges: 6.
num_chunk_splits: 1568.
num_chunks_enlarged: 1151.
num_purges: 0.
num_inconsistent_stats: 0.

CodeCache: size=49152Kb used=12275Kb max_used=12823Kb free=36876Kb
 bounds [0x000001e80dfc0000, 0x000001e80ec50000, 0x000001e810fc0000]
 total_blobs=6345 nmethods=5835 adapters=435
 compilation: enabled
              stopped_count=0, restarted_count=0
 full_count=0

Compilation events (20 events):
Event: 22.366 Thread 0x000001e8185ab1d0 5826       1       javax.management.openmbean.SimpleType::isValue (21 bytes)
Event: 22.366 Thread 0x000001e8185ab1d0 nmethod 5826 0x000001e80e9d3e10 code [0x000001e80e9d3fc0, 0x000001e80e9d4158]
Event: 22.390 Thread 0x000001e81913c750 5828       1       org.springframework.core.type.classreading.MergedAnnotationReadingVisitor$$Lambda$413/0x0000000800f2ebb8::<init> (15 bytes)
Event: 22.390 Thread 0x000001e8185ab1d0 5827       1       org.springframework.core.type.classreading.MergedAnnotationReadingVisitor::visitEnum (14 bytes)
Event: 22.390 Thread 0x000001e81913c750 nmethod 5828 0x000001e80e9d3a90 code [0x000001e80e9d3c20, 0x000001e80e9d3d78]
Event: 22.390 Thread 0x000001e81913c750 5829       1       org.springframework.core.type.classreading.MergedAnnotationReadingVisitor$$Lambda$413/0x0000000800f2ebb8::accept (16 bytes)
Event: 22.390 Thread 0x000001e81913c750 nmethod 5829 0x000001e80e9d3690 code [0x000001e80e9d3820, 0x000001e80e9d3988]
Event: 22.390 Thread 0x000001e81913c750 5830       1       org.springframework.core.type.classreading.MergedAnnotationReadingVisitor::lambda$visitEnum$0 (13 bytes)
Event: 22.390 Thread 0x000001e81913c750 nmethod 5830 0x000001e80e9d3310 code [0x000001e80e9d34a0, 0x000001e80e9d35a8]
Event: 22.391 Thread 0x000001e8185ab1d0 nmethod 5827 0x000001e80e9d2b10 code [0x000001e80e9d2d00, 0x000001e80e9d2ff8]
Event: 22.405 Thread 0x000001e8185ab1d0 5831       1       org.springframework.asm.ClassReader::readParameterAnnotations (106 bytes)
Event: 22.405 Thread 0x000001e81913c750 5832       1       org.springframework.asm.MethodVisitor::visitAnnotableParameterCount (17 bytes)
Event: 22.406 Thread 0x000001e81913c750 nmethod 5832 0x000001e80e9d2790 code [0x000001e80e9d2920, 0x000001e80e9d2a28]
Event: 22.406 Thread 0x000001e8185ab1d0 nmethod 5831 0x000001e80e9d1e10 code [0x000001e80e9d1fe0, 0x000001e80e9d23b8]
Event: 22.409 Thread 0x000001e8185ab1d0 5833       1       org.springframework.asm.MethodVisitor::visitParameterAnnotation (20 bytes)
Event: 22.410 Thread 0x000001e8185ab1d0 nmethod 5833 0x000001e80e9d1a90 code [0x000001e80e9d1c40, 0x000001e80e9d1d88]
Event: 22.928 Thread 0x000001e81913c750 5834       1       java.lang.StackTraceElement::of (68 bytes)
Event: 22.929 Thread 0x000001e81913c750 nmethod 5834 0x000001e80e9d1390 code [0x000001e80e9d1540, 0x000001e80e9d18b8]
Event: 23.431 Thread 0x000001e81913c750 5835       1       java.io.ObjectOutputStream$BlockDataOutputStream::writeLong (48 bytes)
Event: 23.432 Thread 0x000001e81913c750 nmethod 5835 0x000001e80e9d0f90 code [0x000001e80e9d1140, 0x000001e80e9d12b8]

GC Heap History (20 events):
Event: 16.338 GC heap after
{Heap after GC invocations=20 (full 0):
 garbage-first heap   total 86016K, used 37803K [0x0000000081c00000, 0x0000000100000000)
  region size 1024K, 5 young (5120K), 5 survivors (5120K)
 Metaspace       used 38226K, committed 38656K, reserved 1089536K
  class space    used 5215K, committed 5440K, reserved 1048576K
}
Event: 16.350 GC heap before
{Heap before GC invocations=20 (full 0):
 garbage-first heap   total 86016K, used 38827K [0x0000000081c00000, 0x0000000100000000)
  region size 1024K, 6 young (6144K), 5 survivors (5120K)
 Metaspace       used 38318K, committed 38784K, reserved 1089536K
  class space    used 5223K, committed 5440K, reserved 1048576K
}
Event: 16.356 GC heap after
{Heap after GC invocations=21 (full 0):
 garbage-first heap   total 86016K, used 38421K [0x0000000081c00000, 0x0000000100000000)
  region size 1024K, 1 young (1024K), 1 survivors (1024K)
 Metaspace       used 38318K, committed 38784K, reserved 1089536K
  class space    used 5223K, committed 5440K, reserved 1048576K
}
Event: 16.839 GC heap before
{Heap before GC invocations=21 (full 0):
 garbage-first heap   total 86016K, used 71189K [0x0000000081c00000, 0x0000000100000000)
  region size 1024K, 33 young (33792K), 1 survivors (1024K)
 Metaspace       used 40516K, committed 40960K, reserved 1089536K
  class space    used 5505K, committed 5696K, reserved 1048576K
}
Event: 16.842 GC heap after
{Heap after GC invocations=22 (full 0):
 garbage-first heap   total 86016K, used 39453K [0x0000000081c00000, 0x0000000100000000)
  region size 1024K, 2 young (2048K), 2 survivors (2048K)
 Metaspace       used 40516K, committed 40960K, reserved 1089536K
  class space    used 5505K, committed 5696K, reserved 1048576K
}
Event: 17.309 GC heap before
{Heap before GC invocations=22 (full 0):
 garbage-first heap   total 86016K, used 71197K [0x0000000081c00000, 0x0000000100000000)
  region size 1024K, 33 young (33792K), 2 survivors (2048K)
 Metaspace       used 42619K, committed 43008K, reserved 1089536K
  class space    used 5773K, committed 5952K, reserved 1048576K
}
Event: 17.315 GC heap after
{Heap after GC invocations=23 (full 0):
 garbage-first heap   total 86016K, used 41450K [0x0000000081c00000, 0x0000000100000000)
  region size 1024K, 4 young (4096K), 4 survivors (4096K)
 Metaspace       used 42619K, committed 43008K, reserved 1089536K
  class space    used 5773K, committed 5952K, reserved 1048576K
}
Event: 17.536 GC heap before
{Heap before GC invocations=23 (full 0):
 garbage-first heap   total 86016K, used 70122K [0x0000000081c00000, 0x0000000100000000)
  region size 1024K, 33 young (33792K), 4 survivors (4096K)
 Metaspace       used 43203K, committed 43712K, reserved 1089536K
  class space    used 5840K, committed 6080K, reserved 1048576K
}
Event: 17.545 GC heap after
{Heap after GC invocations=24 (full 0):
 garbage-first heap   total 172032K, used 44199K [0x0000000081c00000, 0x0000000100000000)
  region size 1024K, 5 young (5120K), 5 survivors (5120K)
 Metaspace       used 43203K, committed 43712K, reserved 1089536K
  class space    used 5840K, committed 6080K, reserved 1048576K
}
Event: 19.525 GC heap before
{Heap before GC invocations=24 (full 0):
 garbage-first heap   total 172032K, used 136359K [0x0000000081c00000, 0x0000000100000000)
  region size 1024K, 95 young (97280K), 5 survivors (5120K)
 Metaspace       used 47825K, committed 48256K, reserved 1097728K
  class space    used 6520K, committed 6720K, reserved 1048576K
}
Event: 19.538 GC heap after
{Heap after GC invocations=25 (full 0):
 garbage-first heap   total 172032K, used 47544K [0x0000000081c00000, 0x0000000100000000)
  region size 1024K, 8 young (8192K), 8 survivors (8192K)
 Metaspace       used 47825K, committed 48256K, reserved 1097728K
  class space    used 6520K, committed 6720K, reserved 1048576K
}
Event: 20.104 GC heap before
{Heap before GC invocations=25 (full 0):
 garbage-first heap   total 172032K, used 138680K [0x0000000081c00000, 0x0000000100000000)
  region size 1024K, 97 young (99328K), 8 survivors (8192K)
 Metaspace       used 48113K, committed 48576K, reserved 1097728K
  class space    used 6563K, committed 6784K, reserved 1048576K
}
Event: 20.119 GC heap after
{Heap after GC invocations=26 (full 0):
 garbage-first heap   total 172032K, used 54331K [0x0000000081c00000, 0x0000000100000000)
  region size 1024K, 13 young (13312K), 13 survivors (13312K)
 Metaspace       used 48113K, committed 48576K, reserved 1097728K
  class space    used 6563K, committed 6784K, reserved 1048576K
}
Event: 21.061 GC heap before
{Heap before GC invocations=26 (full 0):
 garbage-first heap   total 172032K, used 139323K [0x0000000081c00000, 0x0000000100000000)
  region size 1024K, 96 young (98304K), 13 survivors (13312K)
 Metaspace       used 48116K, committed 48576K, reserved 1097728K
  class space    used 6564K, committed 6784K, reserved 1048576K
}
Event: 21.073 GC heap after
{Heap after GC invocations=27 (full 0):
 garbage-first heap   total 172032K, used 55477K [0x0000000081c00000, 0x0000000100000000)
  region size 1024K, 3 young (3072K), 3 survivors (3072K)
 Metaspace       used 48116K, committed 48576K, reserved 1097728K
  class space    used 6564K, committed 6784K, reserved 1048576K
}
Event: 22.359 GC heap before
{Heap before GC invocations=27 (full 0):
 garbage-first heap   total 172032K, used 141493K [0x0000000081c00000, 0x0000000100000000)
  region size 1024K, 87 young (89088K), 3 survivors (3072K)
 Metaspace       used 48167K, committed 48576K, reserved 1097728K
  class space    used 6582K, committed 6784K, reserved 1048576K
}
Event: 22.364 GC heap after
{Heap after GC invocations=28 (full 0):
 garbage-first heap   total 172032K, used 56572K [0x0000000081c00000, 0x0000000100000000)
  region size 1024K, 4 young (4096K), 4 survivors (4096K)
 Metaspace       used 48167K, committed 48576K, reserved 1097728K
  class space    used 6582K, committed 6784K, reserved 1048576K
}
Event: 23.011 GC heap before
{Heap before GC invocations=28 (full 0):
 garbage-first heap   total 172032K, used 142588K [0x0000000081c00000, 0x0000000100000000)
  region size 1024K, 88 young (90112K), 4 survivors (4096K)
 Metaspace       used 48171K, committed 48576K, reserved 1097728K
  class space    used 6584K, committed 6784K, reserved 1048576K
}
Event: 23.016 GC heap after
{Heap after GC invocations=29 (full 0):
 garbage-first heap   total 172032K, used 56487K [0x0000000081c00000, 0x0000000100000000)
  region size 1024K, 4 young (4096K), 4 survivors (4096K)
 Metaspace       used 48171K, committed 48576K, reserved 1097728K
  class space    used 6584K, committed 6784K, reserved 1048576K
}
Event: 24.143 GC heap before
{Heap before GC invocations=29 (full 0):
 garbage-first heap   total 172032K, used 144551K [0x0000000081c00000, 0x0000000100000000)
  region size 1024K, 90 young (92160K), 4 survivors (4096K)
 Metaspace       used 48184K, committed 48640K, reserved 1097728K
  class space    used 6589K, committed 6784K, reserved 1048576K
}

Deoptimization events (20 events):
Event: 24.119 Thread 0x000001e81a467780 DEOPT PACKING pc=0x000001e80e7fb13c sp=0x0000005b946fa130
Event: 24.119 Thread 0x000001e81a467780 DEOPT UNPACKING pc=0x000001e80e012b43 sp=0x0000005b946f9700 mode 1
Event: 24.120 Thread 0x000001e81a467780 DEOPT PACKING pc=0x000001e80e43af5c sp=0x0000005b946f96d0
Event: 24.120 Thread 0x000001e81a467780 DEOPT UNPACKING pc=0x000001e80e012b43 sp=0x0000005b946f8b68 mode 1
Event: 24.120 Thread 0x000001e81a467780 DEOPT PACKING pc=0x000001e80e43897c sp=0x0000005b946f97a0
Event: 24.120 Thread 0x000001e81a467780 DEOPT UNPACKING pc=0x000001e80e012b43 sp=0x0000005b946f8c58 mode 1
Event: 24.120 Thread 0x000001e81a467780 DEOPT PACKING pc=0x000001e80e3e9ad4 sp=0x0000005b946fa180
Event: 24.120 Thread 0x000001e81a467780 DEOPT UNPACKING pc=0x000001e80e012b43 sp=0x0000005b946f9670 mode 1
Event: 24.120 Thread 0x000001e81a467780 DEOPT PACKING pc=0x000001e80e43897c sp=0x0000005b946fa2f0
Event: 24.120 Thread 0x000001e81a467780 DEOPT UNPACKING pc=0x000001e80e012b43 sp=0x0000005b946f97a8 mode 1
Event: 24.120 Thread 0x000001e81a467780 DEOPT PACKING pc=0x000001e80e3e9ad4 sp=0x0000005b946facd0
Event: 24.120 Thread 0x000001e81a467780 DEOPT UNPACKING pc=0x000001e80e012b43 sp=0x0000005b946fa1c0 mode 1
Event: 24.120 Thread 0x000001e81a467780 DEOPT PACKING pc=0x000001e80e71b47c sp=0x0000005b946fae30
Event: 24.120 Thread 0x000001e81a467780 DEOPT UNPACKING pc=0x000001e80e012b43 sp=0x0000005b946fa338 mode 1
Event: 24.125 Thread 0x000001e81a467780 DEOPT PACKING pc=0x000001e80e7fda2c sp=0x0000005b946f9e50
Event: 24.125 Thread 0x000001e81a467780 DEOPT UNPACKING pc=0x000001e80e012b43 sp=0x0000005b946f9388 mode 1
Event: 24.125 Thread 0x000001e81a467780 DEOPT PACKING pc=0x000001e80e7fcbdc sp=0x0000005b946f9f40
Event: 24.125 Thread 0x000001e81a467780 DEOPT UNPACKING pc=0x000001e80e012b43 sp=0x0000005b946f94d8 mode 1
Event: 24.125 Thread 0x000001e81a467780 DEOPT PACKING pc=0x000001e80e7fb13c sp=0x0000005b946fa090
Event: 24.125 Thread 0x000001e81a467780 DEOPT UNPACKING pc=0x000001e80e012b43 sp=0x0000005b946f9660 mode 1

Classes unloaded (0 events):
No events

Classes redefined (0 events):
No events

Internal exceptions (20 events):
Event: 18.972 Thread 0x000001e81a467780 Exception <a 'java/lang/ClassNotFoundException'{0x0000000088aee1d0}: org/springframework/context/annotation/ConfigurationClassEnhancer$EnhancedConfigurationCustomizer> (0x0000000088aee1d0) 
thrown [t:\workspace\open\src\hotspot\share\classfile\systemDictionary.cpp, line 256]
Event: 18.974 Thread 0x000001e81a467780 Exception <a 'java/lang/ClassNotFoundException'{0x0000000088af6c90}: org/springframework/beans/factory/BeanFactoryAwareCustomizer> (0x0000000088af6c90) 
thrown [t:\workspace\open\src\hotspot\share\classfile\systemDictionary.cpp, line 256]
Event: 18.975 Thread 0x000001e81a467780 Exception <a 'java/lang/ClassNotFoundException'{0x0000000088900848}: org/springframework/beans/factory/AwareCustomizer> (0x0000000088900848) 
thrown [t:\workspace\open\src\hotspot\share\classfile\systemDictionary.cpp, line 256]
Event: 18.979 Thread 0x000001e81a467780 Exception <a 'java/lang/ClassNotFoundException'{0x0000000088925248}: java/lang/ObjectCustomizer> (0x0000000088925248) 
thrown [t:\workspace\open\src\hotspot\share\classfile\systemDictionary.cpp, line 256]
Event: 18.982 Thread 0x000001e81a467780 Exception <a 'java/lang/ClassNotFoundException'{0x0000000088932ba8}: com/yuzee/app/processor/MasterDataImportProcessorCustomizer> (0x0000000088932ba8) 
thrown [t:\workspace\open\src\hotspot\share\classfile\systemDictionary.cpp, line 256]
Event: 19.004 Thread 0x000001e81a467780 Exception <a 'java/lang/ClassNotFoundException'{0x000000008887f6e8}: java/lang/ObjectCustomizer> (0x000000008887f6e8) 
thrown [t:\workspace\open\src\hotspot\share\classfile\systemDictionary.cpp, line 256]
Event: 19.008 Thread 0x000001e81a467780 Exception <a 'java/lang/ClassNotFoundException'{0x000000008888d8f8}: com/yuzee/app/dao/impl/InstituteDaoImplCustomizer> (0x000000008888d8f8) 
thrown [t:\workspace\open\src\hotspot\share\classfile\systemDictionary.cpp, line 256]
Event: 19.019 Thread 0x000001e81a467780 Exception <a 'java/lang/ClassNotFoundException'{0x0000000088730748}: com/yuzee/app/dao/InstituteDaoCustomizer> (0x0000000088730748) 
thrown [t:\workspace\open\src\hotspot\share\classfile\systemDictionary.cpp, line 256]
Event: 19.037 Thread 0x000001e81a467780 Exception <a 'java/lang/ClassNotFoundException'{0x000000008867aec8}: java/lang/ObjectCustomizer> (0x000000008867aec8) 
thrown [t:\workspace\open\src\hotspot\share\classfile\systemDictionary.cpp, line 256]
Event: 19.039 Thread 0x000001e81a467780 Exception <a 'java/lang/ClassNotFoundException'{0x0000000088687df8}: org/springframework/orm/hibernate5/HibernateExceptionTranslatorCustomizer> (0x0000000088687df8) 
thrown [t:\workspace\open\src\hotspot\share\classfile\systemDictionary.cpp, line 256]
Event: 19.041 Thread 0x000001e81a467780 Exception <a 'java/lang/ClassNotFoundException'{0x0000000088693ec8}: org/springframework/orm/hibernate5/LocalSessionFactoryBeanCustomizer> (0x0000000088693ec8) 
thrown [t:\workspace\open\src\hotspot\share\classfile\systemDictionary.cpp, line 256]
Event: 19.045 Thread 0x000001e81a467780 Exception <a 'java/lang/ClassNotFoundException'{0x00000000886e49c0}: org/springframework/beans/factory/FactoryBeanCustomizer> (0x00000000886e49c0) 
thrown [t:\workspace\open\src\hotspot\share\classfile\systemDictionary.cpp, line 256]
Event: 19.047 Thread 0x000001e81a467780 Exception <a 'java/lang/ClassNotFoundException'{0x00000000886f1f08}: org/springframework/context/ResourceLoaderAwareCustomizer> (0x00000000886f1f08) 
thrown [t:\workspace\open\src\hotspot\share\classfile\systemDictionary.cpp, line 256]
Event: 19.048 Thread 0x000001e81a467780 Exception <a 'java/lang/ClassNotFoundException'{0x00000000886fbe08}: org/springframework/beans/factory/AwareCustomizer> (0x00000000886fbe08) 
thrown [t:\workspace\open\src\hotspot\share\classfile\systemDictionary.cpp, line 256]
Event: 19.049 Thread 0x000001e81a467780 Exception <a 'java/lang/ClassNotFoundException'{0x00000000885053c0}: org/springframework/beans/factory/BeanFactoryAwareCustomizer> (0x00000000885053c0) 
thrown [t:\workspace\open\src\hotspot\share\classfile\systemDictionary.cpp, line 256]
Event: 19.051 Thread 0x000001e81a467780 Exception <a 'java/lang/ClassNotFoundException'{0x000000008850f988}: org/springframework/beans/factory/AwareCustomizer> (0x000000008850f988) 
thrown [t:\workspace\open\src\hotspot\share\classfile\systemDictionary.cpp, line 256]
Event: 19.052 Thread 0x000001e81a467780 Exception <a 'java/lang/ClassNotFoundException'{0x0000000088518e28}: org/springframework/beans/factory/InitializingBeanCustomizer> (0x0000000088518e28) 
thrown [t:\workspace\open\src\hotspot\share\classfile\systemDictionary.cpp, line 256]
Event: 19.055 Thread 0x000001e81a467780 Exception <a 'java/lang/ClassNotFoundException'{0x0000000088522aa8}: org/springframework/beans/factory/DisposableBeanCustomizer> (0x0000000088522aa8) 
thrown [t:\workspace\open\src\hotspot\share\classfile\systemDictionary.cpp, line 256]
Event: 19.058 Thread 0x000001e81a467780 Exception <a 'java/lang/ClassNotFoundException'{0x000000008852cc98}: org/springframework/dao/support/PersistenceExceptionTranslatorCustomizer> (0x000000008852cc98) 
thrown [t:\workspace\open\src\hotspot\share\classfile\systemDictionary.cpp, line 256]
Event: 19.590 Thread 0x000001e819f01c20 Exception <a 'java/lang/NoSuchMethodError'{0x000000008c0778e0}: 'java.lang.Object java.lang.invoke.DirectMethodHandle$Holder.invokeSpecial(java.lang.Object, java.lang.Object, double, java.lang.Object)'> (0x000000008c0778e0) 
thrown [t:\workspace\open\src\hotspot\share\interpreter\linkResolver.cpp, line 766]

VM Operations (20 events):
Event: 18.716 Executing VM operation: HandshakeAllThreads done
Event: 18.717 Executing VM operation: HandshakeAllThreads
Event: 18.717 Executing VM operation: HandshakeAllThreads done
Event: 18.789 Executing VM operation: HandshakeAllThreads
Event: 18.789 Executing VM operation: HandshakeAllThreads done
Event: 18.789 Executing VM operation: HandshakeAllThreads
Event: 18.789 Executing VM operation: HandshakeAllThreads done
Event: 19.525 Executing VM operation: G1CollectForAllocation
Event: 19.538 Executing VM operation: G1CollectForAllocation done
Event: 20.104 Executing VM operation: G1CollectForAllocation
Event: 20.119 Executing VM operation: G1CollectForAllocation done
Event: 21.061 Executing VM operation: G1CollectForAllocation
Event: 21.073 Executing VM operation: G1CollectForAllocation done
Event: 22.077 Executing VM operation: Cleanup
Event: 22.077 Executing VM operation: Cleanup done
Event: 22.359 Executing VM operation: G1CollectForAllocation
Event: 22.364 Executing VM operation: G1CollectForAllocation done
Event: 23.011 Executing VM operation: G1CollectForAllocation
Event: 23.016 Executing VM operation: G1CollectForAllocation done
Event: 24.143 Executing VM operation: G1CollectForAllocation

Events (20 events):
Event: 19.548 loading class sun/management/MemoryUsageCompositeData done
Event: 19.548 loading class javax/management/openmbean/CompositeDataSupport
Event: 19.548 loading class javax/management/openmbean/CompositeDataSupport done
Event: 19.552 loading class com/sun/management/internal/GarbageCollectionNotifInfoCompositeData$1
Event: 19.553 loading class com/sun/management/internal/GarbageCollectionNotifInfoCompositeData$1 done
Event: 19.554 loading class java/util/TreeMap$KeySpliterator
Event: 19.555 loading class java/util/TreeMap$TreeMapSpliterator
Event: 19.555 loading class java/util/TreeMap$TreeMapSpliterator done
Event: 19.555 loading class java/util/TreeMap$KeySpliterator done
Event: 19.572 loading class java/util/concurrent/atomic/AtomicIntegerFieldUpdater
Event: 19.572 loading class java/util/concurrent/atomic/AtomicIntegerFieldUpdater done
Event: 19.572 loading class java/util/concurrent/atomic/AtomicIntegerFieldUpdater$AtomicIntegerFieldUpdaterImpl
Event: 19.572 loading class java/util/concurrent/atomic/AtomicIntegerFieldUpdater$AtomicIntegerFieldUpdaterImpl done
Event: 19.573 loading class java/util/concurrent/atomic/AtomicIntegerFieldUpdater$AtomicIntegerFieldUpdaterImpl$1
Event: 19.573 loading class java/util/concurrent/atomic/AtomicIntegerFieldUpdater$AtomicIntegerFieldUpdaterImpl$1 done
Event: 19.586 loading class java/util/function/DoubleSupplier
Event: 19.586 loading class java/util/function/DoubleSupplier done
Event: 19.588 loading class java/util/function/LongSupplier
Event: 19.589 loading class java/util/function/LongSupplier done
Event: 22.365 Thread 0x000001e81912e370 Thread exited: 0x000001e81912e370


Dynamic libraries:
0x00007ff6d16d0000 - 0x00007ff6d16e0000 	C:\Program Files\Java\jdk-17.0.2\bin\javaw.exe
0x00007ffc70c10000 - 0x00007ffc70e08000 	C:\Windows\SYSTEM32\ntdll.dll
0x00007ffc68760000 - 0x00007ffc68777000 	C:\Program Files\Avast Software\Avast\aswhook.dll
0x00007ffc6ec70000 - 0x00007ffc6ed2d000 	C:\Windows\System32\KERNEL32.DLL
0x00007ffc6e620000 - 0x00007ffc6e8f2000 	C:\Windows\System32\KERNELBASE.dll
0x00007ffc6e420000 - 0x00007ffc6e520000 	C:\Windows\System32\ucrtbase.dll
0x00007ffc66db0000 - 0x00007ffc66dca000 	C:\Program Files\Java\jdk-17.0.2\bin\VCRUNTIME140.dll
0x00007ffc6bae0000 - 0x00007ffc6baf8000 	C:\Program Files\Java\jdk-17.0.2\bin\jli.dll
0x00007ffc6ff00000 - 0x00007ffc6ffae000 	C:\Windows\System32\ADVAPI32.dll
0x00007ffc705c0000 - 0x00007ffc7065e000 	C:\Windows\System32\msvcrt.dll
0x00007ffc70210000 - 0x00007ffc702ac000 	C:\Windows\System32\sechost.dll
0x00007ffc6fd00000 - 0x00007ffc6fe25000 	C:\Windows\System32\RPCRT4.dll
0x00007ffc70370000 - 0x00007ffc7050d000 	C:\Windows\System32\USER32.dll
0x00007ffc6e3f0000 - 0x00007ffc6e412000 	C:\Windows\System32\win32u.dll
0x00007ffc57ea0000 - 0x00007ffc5813a000 	C:\Windows\WinSxS\amd64_microsoft.windows.common-controls_6595b64144ccf1df_6.0.19041.1110_none_60b5254171f9507e\COMCTL32.dll
0x00007ffc700b0000 - 0x00007ffc700db000 	C:\Windows\System32\GDI32.dll
0x00007ffc6ead0000 - 0x00007ffc6ebdf000 	C:\Windows\System32\gdi32full.dll
0x00007ffc6e350000 - 0x00007ffc6e3ed000 	C:\Windows\System32\msvcp_win.dll
0x00007ffc655b0000 - 0x00007ffc655ba000 	C:\Windows\SYSTEM32\VERSION.dll
0x00007ffc70590000 - 0x00007ffc705c0000 	C:\Windows\System32\IMM32.DLL
0x00007ffc6bad0000 - 0x00007ffc6badc000 	C:\Program Files\Java\jdk-17.0.2\bin\vcruntime140_1.dll
0x00007ffc4e6e0000 - 0x00007ffc4e76d000 	C:\Program Files\Java\jdk-17.0.2\bin\msvcp140.dll
0x00007ffc399c0000 - 0x00007ffc3a581000 	C:\Program Files\Java\jdk-17.0.2\bin\server\jvm.dll
0x00007ffc70010000 - 0x00007ffc70018000 	C:\Windows\System32\PSAPI.DLL
0x00007ffc5f9b0000 - 0x00007ffc5f9b9000 	C:\Windows\SYSTEM32\WSOCK32.dll
0x00007ffc59b30000 - 0x00007ffc59b57000 	C:\Windows\SYSTEM32\WINMM.dll
0x00007ffc6fe90000 - 0x00007ffc6fefb000 	C:\Windows\System32\WS2_32.dll
0x00007ffc6c3c0000 - 0x00007ffc6c3d2000 	C:\Windows\SYSTEM32\kernel.appcore.dll
0x00007ffc69840000 - 0x00007ffc6984a000 	C:\Program Files\Java\jdk-17.0.2\bin\jimage.dll
0x00007ffc633a0000 - 0x00007ffc63584000 	C:\Windows\SYSTEM32\DBGHELP.DLL
0x00007ffc63300000 - 0x00007ffc6332c000 	C:\Windows\SYSTEM32\dbgcore.DLL
0x00007ffc6ebe0000 - 0x00007ffc6ec62000 	C:\Windows\System32\bcryptPrimitives.dll
0x00007ffc537f0000 - 0x00007ffc5382b000 	C:\Program Files\Java\jdk-17.0.2\bin\jdwp.dll
0x00007ffc678f0000 - 0x00007ffc678fe000 	C:\Program Files\Java\jdk-17.0.2\bin\instrument.dll
0x00007ffc66d80000 - 0x00007ffc66da5000 	C:\Program Files\Java\jdk-17.0.2\bin\java.dll
0x00007ffc3edb0000 - 0x00007ffc3ee86000 	C:\Program Files\Java\jdk-17.0.2\bin\jsvml.dll
0x00007ffc6f490000 - 0x00007ffc6fbd3000 	C:\Windows\System32\SHELL32.dll
0x00007ffc6c3e0000 - 0x00007ffc6cb71000 	C:\Windows\SYSTEM32\windows.storage.dll
0x00007ffc70810000 - 0x00007ffc70b64000 	C:\Windows\System32\combase.dll
0x00007ffc6dca0000 - 0x00007ffc6dcd0000 	C:\Windows\SYSTEM32\Wldp.dll
0x00007ffc702c0000 - 0x00007ffc7036d000 	C:\Windows\System32\SHCORE.dll
0x00007ffc70b70000 - 0x00007ffc70bc5000 	C:\Windows\System32\shlwapi.dll
0x00007ffc6e260000 - 0x00007ffc6e27f000 	C:\Windows\SYSTEM32\profapi.dll
0x00007ffc65570000 - 0x00007ffc6557c000 	C:\Program Files\Java\jdk-17.0.2\bin\dt_socket.dll
0x00007ffc6d6f0000 - 0x00007ffc6d72b000 	C:\Windows\SYSTEM32\IPHLPAPI.DLL
0x00007ffc6da00000 - 0x00007ffc6da6a000 	C:\Windows\system32\mswsock.dll
0x00007ffc6d740000 - 0x00007ffc6d80a000 	C:\Windows\SYSTEM32\DNSAPI.dll
0x00007ffc702b0000 - 0x00007ffc702b8000 	C:\Windows\System32\NSI.dll
0x00007ffc66780000 - 0x00007ffc6678a000 	C:\Windows\System32\rasadhlp.dll
0x00007ffc60640000 - 0x00007ffc606c0000 	C:\Windows\System32\fwpuclnt.dll
0x00007ffc6e320000 - 0x00007ffc6e347000 	C:\Windows\System32\bcrypt.dll
0x00007ffc65550000 - 0x00007ffc65568000 	C:\Program Files\Java\jdk-17.0.2\bin\zip.dll
0x00007ffc64610000 - 0x00007ffc64629000 	C:\Program Files\Java\jdk-17.0.2\bin\net.dll
0x00007ffc60740000 - 0x00007ffc6084d000 	C:\Windows\SYSTEM32\WINHTTP.dll
0x00007ffc63be0000 - 0x00007ffc63bf6000 	C:\Program Files\Java\jdk-17.0.2\bin\nio.dll
0x00007ffc5e960000 - 0x00007ffc5e969000 	C:\Program Files\Java\jdk-17.0.2\bin\management.dll
0x00007ffc57dd0000 - 0x00007ffc57ddb000 	C:\Program Files\Java\jdk-17.0.2\bin\management_ext.dll
0x00007ffc56780000 - 0x00007ffc56797000 	C:\Windows\system32\napinsp.dll
0x00007ffc565f0000 - 0x00007ffc5660b000 	C:\Windows\system32\pnrpnsp.dll
0x00007ffc68780000 - 0x00007ffc68795000 	C:\Windows\system32\wshbth.dll
0x00007ffc68f40000 - 0x00007ffc68f5d000 	C:\Windows\system32\NLAapi.dll
0x00007ffc565d0000 - 0x00007ffc565e2000 	C:\Windows\System32\winrnr.dll
0x00007ffc6dbf0000 - 0x00007ffc6dc08000 	C:\Windows\SYSTEM32\CRYPTSP.dll
0x00007ffc6d320000 - 0x00007ffc6d354000 	C:\Windows\system32\rsaenh.dll
0x00007ffc6e220000 - 0x00007ffc6e24e000 	C:\Windows\SYSTEM32\USERENV.dll
0x00007ffc6dc10000 - 0x00007ffc6dc1c000 	C:\Windows\SYSTEM32\CRYPTBASE.dll
0x00007ffc669f0000 - 0x00007ffc66a07000 	C:\Windows\SYSTEM32\dhcpcsvc6.DLL
0x00007ffc67260000 - 0x00007ffc6727d000 	C:\Windows\SYSTEM32\dhcpcsvc.DLL
0x00007ffc579a0000 - 0x00007ffc579b0000 	C:\Program Files\Java\jdk-17.0.2\bin\verify.dll

dbghelp: loaded successfully - version: 4.0.5 - missing functions: none
symbol engine: initialized successfully - sym options: 0x614 - pdb path: .;C:\Program Files\Java\jdk-17.0.2\bin;C:\Windows\SYSTEM32;C:\Program Files\Avast Software\Avast;C:\Windows\WinSxS\amd64_microsoft.windows.common-controls_6595b64144ccf1df_6.0.19041.1110_none_60b5254171f9507e;C:\Program Files\Java\jdk-17.0.2\bin\server

VM Arguments:
jvm_args: -XX:+ShowCodeDetailsInExceptionMessages -agentlib:jdwp=transport=dt_socket,suspend=y,address=localhost:51378 -Dcom.sun.management.jmxremote -Dcom.sun.management.jmxremote.port=51377 -Dcom.sun.management.jmxremote.authenticate=false -Dcom.sun.management.jmxremote.ssl=false -Djava.rmi.server.hostname=localhost -Dspring.jmx.enabled=true -Dspring.application.admin.enabled=true -XX:TieredStopAtLevel=1 -Dspring.boot.project.name=yuzeeapp -javaagent:C:\Users\BUYPC\Desktop\sts-4.16.0.RELEASE\configuration\org.eclipse.osgi\268\0\.cp\lib\javaagent-shaded.jar -Dfile.encoding=UTF-8 
java_command: com.yuzee.app.YuzeeApplication --spring.output.ansi.enabled=always
java_class_path (initial): C:\Users\BUYPC\Desktop\yuzee-backend-institute-api\target\classes;C:\Users\BUYPC\.m2\repository\org\apache\commons\commons-lang3\3.11\commons-lang3-3.11.jar;C:\Users\BUYPC\.m2\repository\org\projectlombok\lombok\1.18.20\lombok-1.18.20.jar;C:\Users\BUYPC\.m2\repository\junit\junit\4.12\junit-4.12.jar;C:\Users\BUYPC\.m2\repository\org\hamcrest\hamcrest-core\2.2\hamcrest-core-2.2.jar;C:\Users\BUYPC\.m2\repository\org\springframework\boot\spring-boot-starter-web\2.4.5\spring-boot-starter-web-2.4.5.jar;C:\Users\BUYPC\.m2\repository\org\springframework\boot\spring-boot-starter\2.4.5\spring-boot-starter-2.4.5.jar;C:\Users\BUYPC\.m2\repository\org\springframework\boot\spring-boot-starter-logging\2.4.5\spring-boot-starter-logging-2.4.5.jar;C:\Users\BUYPC\.m2\repository\ch\qos\logback\logback-classic\1.2.3\logback-classic-1.2.3.jar;C:\Users\BUYPC\.m2\repository\ch\qos\logback\logback-core\1.2.3\logback-core-1.2.3.jar;C:\Users\BUYPC\.m2\repository\org\apache\logging\log4j\log4j-to-slf4j\2.13.3\log4j-to-slf4j-2.13.3.jar;C:\Users\BUYPC\.m2\repository\org\apache\logging\log4j\log4j-api\2.13.3\log4j-api-2.13.3.jar;C:\Users\BUYPC\.m2\repository\org\slf4j\jul-to-slf4j\1.7.30\jul-to-slf4j-1.7.30.jar;C:\Users\BUYPC\.m2\repository\org\yaml\snakeyaml\1.27\snakeyaml-1.27.jar;C:\Users\BUYPC\.m2\repository\org\springframework\boot\spring-boot-starter-json\2.4.5\spring-boot-starter-json-2.4.5.jar;C:\Users\BUYPC\.m2\repository\com\fasterxml\jackson\datatype\jackson-datatype-jdk8\2.11.4\jackson-datatype-jdk8-2.11.4.jar;C:\Users\BUYPC\.m2\repository\com\fasterxml\jackson\datatype\jackson-datatype-jsr310\2.11.4\jackson-datatype-jsr310-2.11.4.jar;C:\Users\BUYPC\.m2\repository\com\fasterxml\jackson\module\jackson-module-parameter-names\2.11.4\jackson-module-parameter-names-2.11.4.jar;C:\Users\BUYPC\.m2\repository\org\springframework\spring-web\5.3.6\spring-web-5.3.6.jar;C:\Users\BUYPC\.m2\repository\org\springframework\spring-beans\5.3.6\spring-beans-5.3.6.jar;C:\User
Launcher Type: SUN_STANDARD

[Global flags]
     intx CICompilerCount                          = 3                                         {product} {ergonomic}
     uint ConcGCThreads                            = 1                                         {product} {ergonomic}
     uint G1ConcRefinementThreads                  = 4                                         {product} {ergonomic}
   size_t G1HeapRegionSize                         = 1048576                                   {product} {ergonomic}
    uintx GCDrainStackTargetSize                   = 64                                        {product} {ergonomic}
   size_t InitialHeapSize                          = 134217728                                 {product} {ergonomic}
     bool ManagementServer                         = true                                      {product} {command line}
   size_t MarkStackSize                            = 4194304                                   {product} {ergonomic}
   size_t MaxHeapSize                              = 2118123520                                {product} {ergonomic}
   size_t MaxNewSize                               = 1270874112                                {product} {ergonomic}
   size_t MinHeapDeltaBytes                        = 1048576                                   {product} {ergonomic}
   size_t MinHeapSize                              = 8388608                                   {product} {ergonomic}
    uintx NonProfiledCodeHeapSize                  = 0                                      {pd product} {ergonomic}
     bool ProfileInterpreter                       = false                                  {pd product} {command line}
    uintx ProfiledCodeHeapSize                     = 0                                      {pd product} {ergonomic}
     bool ShowCodeDetailsInExceptionMessages       = true                                   {manageable} {command line}
   size_t SoftMaxHeapSize                          = 2118123520                             {manageable} {ergonomic}
     intx TieredStopAtLevel                        = 1                                         {product} {command line}
     bool UseCompressedClassPointers               = true                           {product lp64_product} {ergonomic}
     bool UseCompressedOops                        = true                           {product lp64_product} {ergonomic}
     bool UseG1GC                                  = true                                      {product} {ergonomic}
     bool UseLargePagesIndividualAllocation        = false                                  {pd product} {ergonomic}

Logging:
Log output configuration:
 #0: stdout all=warning uptime,level,tags
 #1: stderr all=off uptime,level,tags

Environment Variables:
JAVA_HOME=C:\Program Files\Java\jdk-17.0.2
PATH=C:/Users/BUYPC/Desktop/sts-4.16.0.RELEASE//plugins/org.eclipse.justj.openjdk.hotspot.jre.full.win32.x86_64_17.0.4.v20220903-1038/jre/bin/server;C:/Users/BUYPC/Desktop/sts-4.16.0.RELEASE//plugins/org.eclipse.justj.openjdk.hotspot.jre.full.win32.x86_64_17.0.4.v20220903-1038/jre/bin;C:\Program Files\Common Files\Oracle\Java\javapath;C:\Program Files\Java\jdk-16.0.2\bin;C:\Windows\system32;C:\Windows;C:\Windows\System32\Wbem;C:\Windows\System32\WindowsPowerShell\v1.0\;C:\Windows\System32\OpenSSH\;C:\Users\BUYPC\Desktop\apache-maven-3.8.4-bin\apache-maven-3.8.4\bin;C:\Program Files\Git\cmd;C:\Program Files\nodejs\;C:\ProgramData\Microsoft\Windows\Start Menu\Programs\MySQL\MySQL Server 8.0;C:\Users\BUYPC\Downloads\sonarqube-8.9.9.56886\sonarqube-8.9.9.56886\bin;C:\Program Files\MySQL\MySQL Shell 8.0\bin\;C:\Users\BUYPC\AppData\Local\Microsoft\WindowsApps;C:\Users\BUYPC\AppData\Roaming\npm;C:\Users\BUYPC\AppData\Local\Programs\Microsoft VS Code\bin;C:\Users\BUYPC\Desktop\;C:\Users\BUYPC\Desktop\sts-4.16.0.RELEASE;
USERNAME=BUYPC
OS=Windows_NT
PROCESSOR_IDENTIFIER=Intel64 Family 6 Model 42 Stepping 7, GenuineIntel



---------------  S Y S T E M  ---------------

OS:
 Windows 10 , 64 bit Build 19041 (10.0.19041.1889)
OS uptime: 3 days 21:52 hours

CPU: total 4 (initial active 4) (2 cores per cpu, 2 threads per core) family 6 model 42 stepping 7 microcode 0x2f, cx8, cmov, fxsr, ht, mmx, sse, sse2, sse3, ssse3, sse4.1, sse4.2, popcnt, tsc, tscinvbit, avx, aes, clmul, vzeroupper, clflush

Memory: 4k page, system-wide physical 8073M (885M free)
TotalPageFile size 14729M (AvailPageFile size 4911M)
current process WorkingSet (physical memory assigned to process): 327M, peak: 334M
current process commit charge ("private bytes"): 420M, peak: 433M

vm_info: Java HotSpot(TM) 64-Bit Server VM (17.0.2+8-LTS-86) for windows-amd64 JRE (17.0.2+8-LTS-86), built on Dec  7 2021 21:51:03 by "mach5one" with MS VC++ 16.8 / 16.9 (VS2019)

END.
